


materialPath: C:\Program Files (x86)\Steam\steamapps\common\Portal 2\portal2\materials
Loading C:\Program Files (x86)\Steam\steamapps\common\Portal 2\sdk_content\maps\WIP\Chapter 8\mp_coop_a4_speed_tb_catch.vmf
ConVarRef gpu_level doesn't point to an existing ConVar
fixing up env_cubemap materials on brush sides...
0...1...2...3...4...5...6...7...8...9...10**** leaked ****
Entity prop_static (-2900.00 288.00 -3072.00) leaked!

FindPortalSide: Couldn't find a good match for which brush to assign to a portal near (3072.0 5136.0 1544.0)
Leaf 0 contents: CONTENTS_SOLID 
Leaf 1 contents: 
viscontents (node 0 contents ^ node 1 contents): CONTENTS_SOLID 
This means that none of the brushes in leaf 0 or 1 that touches the portal has CONTENTS_SOLID 
Check for a huge brush enclosing the coordinates above that has contents CONTENTS_SOLID 
Candidate brush IDs: 


FindPortalSide: Couldn't find a good match for which brush to assign to a portal near (3072.0 5136.0 -4104.0)
Leaf 0 contents: CONTENTS_SOLID 
Leaf 1 contents: 
viscontents (node 0 contents ^ node 1 contents): CONTENTS_SOLID 
This means that none of the brushes in leaf 0 or 1 that touches the portal has CONTENTS_SOLID 
Check for a huge brush enclosing the coordinates above that has contents CONTENTS_SOLID 
Candidate brush IDs: 


FindPortalSide: Couldn't find a good match for which brush to assign to a portal near (3072.0 5648.0 -1280.0)
Leaf 0 contents: CONTENTS_SOLID 
Leaf 1 contents: 
viscontents (node 0 contents ^ node 1 contents): CONTENTS_SOLID 
This means that none of the brushes in leaf 0 or 1 that touches the portal has CONTENTS_SOLID 
Check for a huge brush enclosing the coordinates above that has contents CONTENTS_SOLID 
Candidate brush IDs: 


FindPortalSide: Couldn't find a good match for which brush to assign to a portal near (4096.0 5632.0 -1280.0)
Leaf 0 contents: 
Leaf 1 contents: CONTENTS_SOLID 
viscontents (node 0 contents ^ node 1 contents): CONTENTS_SOLID 
This means that none of the brushes in leaf 0 or 1 that touches the portal has CONTENTS_SOLID 
Check for a huge brush enclosing the coordinates above that has contents CONTENTS_SOLID 
Candidate brush IDs: 


FindPortalSide: Couldn't find a good match for which brush to assign to a portal near (3584.0 6144.0 -1280.0)
Leaf 0 contents: 
Leaf 1 contents: CONTENTS_SOLID 
viscontents (node 0 contents ^ node 1 contents): CONTENTS_SOLID 
This means that none of the brushes in leaf 0 or 1 that touches the portal has CONTENTS_SOLID 
Check for a huge brush enclosing the coordinates above that has contents CONTENTS_SOLID 
Candidate brush IDs: 


FindPortalSide: Couldn't find a good match for which brush to assign to a portal near (3072.0 4608.0 1544.0)
Leaf 0 contents: CONTENTS_SOLID 
Leaf 1 contents: 
viscontents (node 0 contents ^ node 1 contents): CONTENTS_SOLID 
This means that none of the brushes in leaf 0 or 1 that touches the portal has CONTENTS_SOLID 
Check for a huge brush enclosing the coordinates above that has contents CONTENTS_SOLID 
Candidate brush IDs: 


FindPortalSide: Couldn't find a good match for which brush to assign to a portal near (3072.0 4608.0 -1336.0)
Leaf 0 contents: CONTENTS_SOLID 
Leaf 1 contents: 
viscontents (node 0 contents ^ node 1 contents): CONTENTS_SOLID 
This means that none of the brushes in leaf 0 or 1 that touches the portal has CONTENTS_SOLID 
Check for a huge brush enclosing the coordinates above that has contents CONTENTS_SOLID 
Candidate brush IDs: 


FindPortalSide: Couldn't find a good match for which brush to assign to a portal near (4096.0 4608.0 -1280.0)
Leaf 0 contents: 
Leaf 1 contents: CONTENTS_SOLID 
viscontents (node 0 contents ^ node 1 contents): CONTENTS_SOLID 
This means that none of the brushes in leaf 0 or 1 that touches the portal has CONTENTS_SOLID 
Check for a huge brush enclosing the coordinates above that has contents CONTENTS_SOLID 
Candidate brush IDs: 

*** Suppressing further FindPortalSide errors.... ***
Processing areas...done (0)
Building Faces...done (0)
Chop Details...done (0)
Find Visible Detail Sides...
Merged 562 detail faces...done (0)
Merging details...done (0)
FixTjuncs...
PruneNodes...
WriteBSP...
done (0)
Finding displacement neighbors...
Finding lightmap sample positions...
Displacement Alpha : 0...1...2...3...4...5...6...7...8...9...10
Building Physics collision data...
done (1) (601306 bytes)
Static prop models/prop_cables/cable_long_01.mdl outside the map (-2224.00, -544.00, 42.89)
Static prop models/prop_cables/cable_long_02.mdl outside the map (-2235.20, -542.53, 138.29)
Static prop models/a4_destruction/arm_ext_qrt_rows_4x1.mdl outside the map (-1396.00, 2952.65, 447.30)
Static prop models/a4_destruction/hanging_walkway_128a_cards.mdl outside the map (0.00, 80.00, -176.00)
Static prop models/a4_destruction/hanging_walkway_128a_cards.mdl outside the map (0.00, -48.00, -176.00)
Static prop models/props_bts/light_cage001a.mdl outside the map (-694.00, 1616.01, -848.00)
Static prop models/props_bts/cable_hanging_01.mdl outside the map (-1517.79, 2998.39, 508.97)
Static prop models/props_bts/cable_hanging_01.mdl outside the map (50.21, -50.33, -320.42)
Static prop models/props_bts/cable_hanging_01.mdl outside the map (82.21, -50.33, -840.42)
Static prop models/a4_destruction/arm_ext_halfres_rows_3x1.mdl outside the map (176.00, 64.00, -138.39)
Static prop models/props_bts/hanging_stair_256.mdl outside the map (-576.00, 464.00, -48.00)
Static prop models/props_bts/hanging_walkway_32b.mdl outside the map (-336.00, 464.00, -176.00)
Static prop models/props_bts/hanging_walkway_256a.mdl outside the map (-128.00, 464.00, -176.00)
Static prop models/props_bts/hanging_walkway_corner.mdl outside the map (0.00, 464.00, -176.00)
Static prop models/a4_destruction/hanging_walkway_128a_cards.mdl outside the map (0.00, 336.00, -176.00)
Static prop models/a4_destruction/arm_exterior_tiny_jl.mdl outside the map (283.60, -1027.31, -1326.61)
Static prop models/props_bts/vactube_128_straight.mdl outside the map (54.89, 97.00, -910.28)
Static prop models/props_bts/vactube_90deg_04.mdl outside the map (114.65, -159.00, -661.35)
Static prop models/props_bts/vactube_connector.mdl outside the map (144.53, -159.00, -536.89)
Static prop models/props_bts/vactube_128_straight.mdl outside the map (144.53, -159.00, -536.89)
Static prop models/props_bts/vactube_128_straight.mdl outside the map (174.41, -159.00, -412.42)
Static prop models/props_bts/vactube_90deg_02.mdl outside the map (328.75, -159.00, -317.84)
Static prop models/props_bts/vactube_128_straight.mdl outside the map (54.89, 225.00, -910.28)
Static prop models/props_bts/vactube_90deg_02.mdl outside the map (54.89, 353.00, -910.28)
Static prop models/props_bts/vactube_90deg_01.mdl outside the map (-567.43, 481.00, -760.87)
Static prop models/props_bts/vactube_128_straight.mdl outside the map (-69.58, 481.00, -880.40)
Static prop models/props_bts/vactube_128_straight.mdl outside the map (-194.04, 481.00, -850.52)
Static prop models/props_bts/vactube_128_straight.mdl outside the map (-318.50, 481.00, -820.64)
Static prop models/props_bts/vactube_128_straight.mdl outside the map (-442.97, 481.00, -790.75)
Static prop models/props_bts/silhouette_structure03.mdl outside the map (-1456.87, 922.35, -3072.00)
Static prop models/props_bts/silhouette_structure09.mdl outside the map (-1256.00, 3000.00, -3072.03)
Static prop models/anim_wp/framework/squarebeam_off.mdl outside the map (168.00, 96.00, -288.00)
Static prop models/props_bts/electrical_wire_straight_256_01a.mdl outside the map (-517.00, 408.00, -287.00)
Static prop models/a4_destruction/arm_exterior_tiny_jl.mdl outside the map (283.60, -1027.31, -1070.61)
Static prop models/props_bts/electrical_wire_arc_256_01b.mdl outside the map (-517.00, 408.00, -151.00)
Static prop models/props_bts/electrical_wire_arc_256_01b.mdl outside the map (-517.00, 408.00, -23.00)
Static prop models/props_bts/light_cage001a.mdl outside the map (-191.99, 406.00, -16.00)
Static prop models/props_bts/electrical_wire_straight_256_01a.mdl outside the map (-696.00, 1291.00, -2015.00)
Static prop models/props_bts/light_cage001a.mdl outside the map (-694.00, 1616.01, -1744.00)
Static prop models/props_bts/light_cage001a.mdl outside the map (-255.99, 406.00, -336.00)
Static prop models/props_bts/electrical_wire_arc_256_01b.mdl outside the map (-517.00, 408.00, 105.00)
Static prop models/props_bts/roommover_mainbeam_256.mdl outside the map (-2496.00, 3328.00, 800.00)
Static prop models/props_bts/electrical_wire_straight_256_01a.mdl outside the map (-696.00, 1291.00, -1247.00)
Static prop models/props_bts/electrical_wire_arc_256_01b.mdl outside the map (-696.00, 1291.00, -1879.00)
Static prop models/props_bts/electrical_wire_straight_256_01a.mdl outside the map (-517.00, 408.00, -1055.00)
Static prop models/props_bts/roommover_mainbeam_clamp.mdl outside the map (-1856.00, 416.00, -411.55)
Static prop models/props_bts/roommover_mainbeam_clamp.mdl outside the map (-2496.00, 416.00, -411.55)
Static prop models/props_bts/electrical_wire_arc_256_01b.mdl outside the map (-517.00, 408.00, -1303.00)
Static prop models/props_bts/electrical_conduit_joint_01a.mdl outside the map (-512.00, 404.00, -1086.00)
Static prop models/props_bts/electrical_wire_arc_256_01b.mdl outside the map (168.00, 507.00, -919.00)
Static prop models/props_bts/light_cage001a.mdl outside the map (170.00, 832.01, -656.00)
Static prop models/props_bts/electrical_wire_straight_256_01a.mdl outside the map (-517.00, 408.00, -1407.00)
Static prop models/props_bts/electrical_wire_straight_256_01a.mdl outside the map (-517.00, 408.00, -1311.00)
Static prop models/props_bts/electrical_wire_straight_256_01a.mdl outside the map (-1541.00, 408.00, -287.00)
Static prop models/props_bts/roommover_mainbeam_256.mdl outside the map (-2496.00, 2816.00, -416.00)
Static prop models/props_bts/silhouette_structure08.mdl outside the map (-2185.58, 2989.71, -3072.00)
Static prop models/props_bts/light_cage001a.mdl outside the map (170.00, 320.01, -16.00)
Static prop models/props_bts/light_cage001a.mdl outside the map (170.00, 256.01, -336.00)
Static prop models/props_bts/electrical_conduit_joint_01a.mdl outside the map (-692.00, 1296.00, -2046.00)
Static prop models/props_bts/electrical_conduit_joint_01a.mdl outside the map (-692.00, 1296.00, -1022.00)
Static prop models/props_bts/light_cage001a.mdl outside the map (-694.00, 1616.01, -592.00)
Static prop models/props_bts/electrical_wire_straight_256_01a.mdl outside the map (-696.00, 1291.00, -2367.00)
Static prop models/props_bts/light_cage001a.mdl outside the map (-694.00, 1616.01, -1616.00)
Static prop models/props_bts/electrical_wire_straight_256_01a.mdl outside the map (-696.00, 1291.00, -2271.00)
Static prop models/props_bts/electrical_wire_straight_256_01a.mdl outside the map (-696.00, 1291.00, -1343.00)
Static prop models/props_bts/electrical_wire_straight_256_01a.mdl outside the map (168.00, 507.00, -1407.00)
Static prop models/props_bts/electrical_wire_straight_256_01a.mdl outside the map (168.00, -5.00, -1407.00)
Static prop models/props_bts/light_cage001a.mdl outside the map (170.00, 320.01, -656.00)
Static prop models/props_bts/electrical_wire_straight_256_01a.mdl outside the map (168.00, -5.00, -1311.00)
Static prop models/props_bts/electrical_conduit_joint_01a.mdl outside the map (172.00, 512.00, -1086.00)
Static prop models/props_bts/electrical_wire_arc_256_01b.mdl outside the map (168.00, 507.00, -279.00)
Static prop models/props_bts/electrical_conduit_joint_01a.mdl outside the map (172.00, 512.00, -62.00)
Static prop models/props_bts/electrical_wire_straight_256_01a.mdl outside the map (168.00, 507.00, -383.00)
Static prop models/props_bts/electrical_wire_straight_256_01a.mdl outside the map (168.00, 507.00, -287.00)
Static prop models/anim_wp/framework/squarebeam_off_2x2.mdl outside the map (168.00, 0.00, -320.00)
Static prop models/props_bts/light_cage001a.mdl outside the map (170.00, 832.01, -16.00)
Static prop models/props_bts/light_cage001a.mdl outside the map (170.00, 768.01, -336.00)
Static prop models/anim_wp/framework/squarebeam_off_2x2.mdl outside the map (168.00, 512.00, -192.00)
Static prop models/anim_wp/framework/squarebeam_off_128.mdl outside the map (168.00, 384.00, -384.00)
Static prop models/anim_wp/framework/squarebeam_off_2x2.mdl outside the map (168.00, 768.00, -64.00)
Static prop models/anim_wp/framework/squarebeam_off_2x2.mdl outside the map (168.00, 896.00, -64.00)
Static prop models/anim_wp/framework/squarebeam_off.mdl outside the map (168.00, 288.00, -288.00)
Static prop models/anim_wp/framework/squarebeam_off.mdl outside the map (168.00, 96.00, -480.00)
Static prop models/anim_wp/framework/squarebeam_off.mdl outside the map (168.00, 352.00, -480.00)
Static prop models/anim_wp/framework/squarebeam_off_2x2.mdl outside the map (168.00, 768.00, -192.00)
Static prop models/a4_destruction/arm_exterior_tiny_half.mdl outside the map (176.00, 832.00, -138.39)
Static prop models/props_bts/light_cage001a.mdl outside the map (-2304.01, 400.00, -198.00)
Static prop models/props_bts/electrical_wire_arc_256_01b.mdl outside the map (-696.00, 1291.00, -1111.00)
Static prop models/props_bts/electrical_wire_straight_256_01a.mdl outside the map (-696.00, 1291.00, -991.00)
Static prop models/props_bts/light_cage001a.mdl outside the map (-694.00, 1616.01, -976.00)
Static prop models/props_bts/roommover_mainbeam_256.mdl outside the map (-1856.00, 2304.00, 800.00)
Static prop models/props_bts/roommover_mainbeam_256.mdl outside the map (-2496.00, 2816.00, 800.00)
Static prop models/props_bts/roommover_mainbeam_256.mdl outside the map (-1856.00, 2816.00, 800.00)
Static prop models/props_bts/roommover_mainbeam_256.mdl outside the map (-1856.00, 1792.00, -416.00)
Static prop models/props_bts/roommover_mainbeam_256.mdl outside the map (-2496.00, 1792.00, 800.00)
Static prop models/props_bts/roommover_mainbeam_256.mdl outside the map (-1856.00, 1280.00, -416.00)
Static prop models/props_bts/electrical_wire_arc_256_01b.mdl outside the map (168.00, -5.00, -1175.00)
Static prop models/props_bts/roommover_mainbeam_256.mdl outside the map (-1856.00, 768.00, -416.00)
Static prop models/props_bts/roommover_mainbeam_256.mdl outside the map (-1856.00, 3840.00, -416.00)
Static prop models/props_bts/roommover_mainbeam_256.mdl outside the map (-1856.00, 3328.00, -416.00)
Static prop models/props_bts/electrical_wire_arc_256_01b.mdl outside the map (168.00, -5.00, -1047.00)
Static prop models/props_bts/light_cage001a.mdl outside the map (170.00, 320.01, -1040.00)
Static prop models/props_bts/electrical_wire_arc_256_01b.mdl outside the map (168.00, -5.00, -919.00)
Static prop models/props_bts/electrical_wire_straight_256_01a.mdl outside the map (168.00, 507.00, -1311.00)
Static prop models/props_bts/light_cage001a.mdl outside the map (170.00, 320.01, -912.00)
Static prop models/props_bts/electrical_wire_straight_256_01a.mdl outside the map (168.00, -5.00, -1055.00)
Static prop models/props_bts/light_cage001a.mdl outside the map (170.00, 320.01, -784.00)
Static prop models/a4_destruction/arm_exterior_tiny_jl.mdl outside the map (283.60, -1027.31, -814.61)
Static prop models/a4_destruction/hanging_walkway_128a_cards.mdl outside the map (128.00, -176.00, -176.00)
Static prop models/props_bts/roommover_mainbeam_256.mdl outside the map (-1856.00, 4352.00, 800.00)
Static prop models/props_bts/roommover_mainbeam_256.mdl outside the map (-1856.00, 4352.00, -416.00)
Static prop models/props_bts/roommover_mainbeam_256.mdl outside the map (-2496.00, 4352.00, -416.00)
Static prop models/props_bts/electrical_wire_arc_256_01b.mdl outside the map (-696.00, 1291.00, -1239.00)
Static prop models/props_bts/walkway_destroyed_64a.mdl outside the map (-2688.00, 1152.00, 8.00)
Static prop models/props_bts/roommover_mainbeam_256.mdl outside the map (-2496.00, 4352.00, 800.00)
Static prop models/props_bts/roommover_mainbeam_256.mdl outside the map (-2496.00, 3840.00, 800.00)
Static prop models/props_bts/roommover_mainbeam_256.mdl outside the map (-1856.00, 3840.00, 800.00)
Static prop models/a4_destruction/arm_ext_qrt_rows_4x1.mdl outside the map (-1396.00, 3336.65, 447.30)
Static prop models/props_bts/roommover_mainbeam_256.mdl outside the map (-2496.00, 2304.00, -416.00)
Static prop models/props_bts/roommover_mainbeam_256.mdl outside the map (-2496.00, 1280.00, 800.00)
Static prop models/props_bts/roommover_mainbeam_256.mdl outside the map (-2496.00, 1792.00, -416.00)
Static prop models/props_bts/light_cage001a.mdl outside the map (-1279.99, 406.00, -336.00)
Static prop models/a4_destruction/arm_ext_halfres_rows_2x1.mdl outside the map (-416.00, 800.00, -362.39)
Static prop models/props_bts/light_cage001a.mdl outside the map (-694.00, 1616.01, -720.00)
Static prop models/props_bts/electrical_wire_arc_256_01b.mdl outside the map (-696.00, 1291.00, -855.00)
Static prop models/props_bts/walkway_destroyed_64a.mdl outside the map (-1664.00, 144.00, 336.00)
Static prop models/props_bts/pillar_joint_64x64_01b.mdl outside the map (-864.00, -1120.00, -3040.00)
Static prop models/props_bts/pillar_joint_64x64_01b.mdl outside the map (-2912.00, 2976.00, -3040.00)
Static prop models/anim_wp/framework/squarebeam_off.mdl outside the map (168.00, 288.00, -480.00)
Static prop models/anim_wp/framework/squarebeam_off_2x2.mdl outside the map (-1792.00, 592.00, 320.00)
Static prop models/a4_destruction/arm_exterior_tiny_jl.mdl outside the map (283.60, -1027.31, -1582.61)
Static prop models/props_bts/roommover_mainbeam_256.mdl outside the map (-2496.00, 3328.00, -416.00)
Static prop models/props_bts/roommover_mainbeam_256.mdl outside the map (-2496.00, 3840.00, -416.00)
Static prop models/props_bts/roommover_mainbeam_256.mdl outside the map (-2496.00, 768.00, -416.00)
Static prop models/props_bts/roommover_mainbeam_256.mdl outside the map (-2496.00, 1280.00, -416.00)
Static prop models/props_bts/walkway_destroyed_128a.mdl outside the map (-2688.00, 2048.00, 8.00)
Static prop models/anim_wp/framework/squarebeam_off_2x2.mdl outside the map (168.00, 640.00, -64.00)
Static prop models/props_bts/light_cage001a.mdl outside the map (-703.99, 406.00, 368.00)
Static prop models/props_bts/hanging_walkway_128c.mdl outside the map (-2688.00, 1856.00, 8.00)
Static prop models/anim_wp/framework/squarebeam_off_2x2.mdl outside the map (168.00, 512.00, -64.00)
Static prop models/anim_wp/framework/squarebeam_off_2x2.mdl outside the map (168.00, 512.00, -320.00)
Static prop models/anim_wp/framework/squarebeam_off_128.mdl outside the map (168.00, 128.00, -384.00)
Static prop models/props_bts/electrical_wire_arc_256_01b.mdl outside the map (168.00, -5.00, -279.00)
Static prop models/props_bts/electrical_conduit_joint_01a.mdl outside the map (172.00, 0.00, -62.00)
Static prop models/anim_wp/framework/squarebeam_off.mdl outside the map (168.00, 160.00, -480.00)
Static prop models/anim_wp/framework/squarebeam_off.mdl outside the map (168.00, 224.00, -480.00)
Static prop models/props_bts/electrical_conduit_joint_01a.mdl outside the map (-512.00, 404.00, -62.00)
Static prop models/props_bts/light_cage001a.mdl outside the map (-191.99, 406.00, -912.00)
Static prop models/props_bts/light_cage001a.mdl outside the map (-694.00, 1552.01, -1296.00)
Static prop models/anim_wp/framework/squarebeam_off.mdl outside the map (168.00, 416.00, -480.00)
Static prop models/anim_wp/framework/squarebeam_off.mdl outside the map (168.00, 416.00, -288.00)
Static prop models/anim_wp/framework/squarebeam_off_2x2.mdl outside the map (168.00, 640.00, -192.00)
Static prop models/props_bts/electrical_wire_arc_256_01b.mdl outside the map (168.00, -5.00, -1303.00)
Static prop models/props_bts/electrical_conduit_joint_01a.mdl outside the map (172.00, 0.00, -1086.00)
Static prop models/props_bts/light_cage001a.mdl outside the map (-2048.01, 400.00, -198.00)
Static prop models/props_bts/hanging_walkway_128a.mdl outside the map (-2688.00, 1728.00, 8.00)
Static prop models/props_bts/pillar_joint_64x64_01b.mdl outside the map (-864.00, 928.00, -992.00)
Static prop models/props_bts/roommover_mainbeam_256.mdl outside the map (-2496.00, 2304.00, 800.00)
Static prop models/props_bts/electrical_wire_arc_256_01b.mdl outside the map (-696.00, 1291.00, -2263.00)
Static prop models/anim_wp/framework/squarebeam_off.mdl outside the map (168.00, 160.00, -288.00)
Static prop models/anim_wp/framework/squarebeam_off_2x2.mdl outside the map (168.00, 896.00, -192.00)
Static prop models/anim_wp/framework/squarebeam_off.mdl outside the map (168.00, 864.00, -288.00)
Static prop models/anim_wp/framework/squarebeam_off_128.mdl outside the map (168.00, 768.00, -384.00)
Static prop models/anim_wp/framework/squarebeam_off.mdl outside the map (168.00, 736.00, -288.00)
Static prop models/anim_wp/framework/squarebeam_off.mdl outside the map (168.00, 608.00, -288.00)
Static prop models/anim_wp/framework/squarebeam_off.mdl outside the map (168.00, 800.00, -480.00)
Static prop models/anim_wp/framework/squarebeam_off.mdl outside the map (168.00, 672.00, -288.00)
Static prop models/anim_wp/framework/squarebeam_off.mdl outside the map (168.00, 800.00, -288.00)
Static prop models/anim_wp/framework/squarebeam_off.mdl outside the map (168.00, 864.00, -480.00)
Static prop models/anim_wp/framework/squarebeam_off_128.mdl outside the map (168.00, 640.00, -384.00)
Static prop models/anim_wp/framework/squarebeam_off.mdl outside the map (168.00, 736.00, -480.00)
Static prop models/anim_wp/framework/squarebeam_off.mdl outside the map (168.00, 928.00, -480.00)
Static prop models/anim_wp/framework/squarebeam_off.mdl outside the map (168.00, 928.00, -288.00)
Static prop models/anim_wp/framework/squarebeam_off_128.mdl outside the map (168.00, 896.00, -384.00)
Static prop models/anim_wp/framework/squarebeam_off.mdl outside the map (168.00, 672.00, -480.00)
Static prop models/anim_wp/framework/squarebeam_off.mdl outside the map (168.00, 608.00, -480.00)
Static prop models/a4_destruction/hanging_walkway_128a_cards.mdl outside the map (256.00, -176.00, -176.00)
Static prop models/a4_destruction/arm_exterior_tiny_jl.mdl outside the map (283.60, -1027.31, -558.61)
Static prop models/props_bts/electrical_wire_arc_256_01b.mdl outside the map (168.00, 507.00, -1175.00)
Static prop models/props_bts/pillar_joint_64x64_01b.mdl outside the map (-864.00, 928.00, -3040.00)
Static prop models/anim_wp/framework/squarebeam_off_2x2.mdl outside the map (-1792.00, 592.00, 64.00)
Static prop models/anim_wp/framework/squarebeam_off.mdl outside the map (168.00, 224.00, -288.00)
Static prop models/props_bts/pillar_joint_64x64_01b.mdl outside the map (-2912.00, 928.00, -3040.00)
Static prop models/props_bts/silhouette_structure03.mdl outside the map (-1150.70, 367.81, -1536.00)
Static prop models/anim_wp/framework/squarebeam_off.mdl outside the map (168.00, 352.00, -288.00)
Static prop models/anim_wp/framework/squarebeam_off_128.mdl outside the map (168.00, 256.00, -384.00)
Static prop models/props_bts/light_cage001a.mdl outside the map (-694.00, 1616.01, -1872.00)
Static prop models/a4_destruction/arm_exterior_tiny_jl.mdl outside the map (283.60, -1027.31, -46.61)
Static prop models/props_bts/light_cage001a.mdl outside the map (-703.99, 406.00, 240.00)
Static prop models/props_bts/electrical_wire_straight_256_01a.mdl outside the map (-517.00, 408.00, -383.00)
Static prop models/props_bts/light_cage001a.mdl outside the map (-703.99, 406.00, 112.00)
Static prop models/props_bts/light_cage001a.mdl outside the map (-767.99, 406.00, -336.00)
Static prop models/props_bts/light_cage001a.mdl outside the map (-703.99, 406.00, -16.00)
Static prop models/props_bts/electrical_wire_arc_256_01b.mdl outside the map (-1029.00, 408.00, -151.00)
Static prop models/props_bts/electrical_wire_arc_256_01b.mdl outside the map (-517.00, 408.00, -279.00)
Static prop models/anim_wp/framework/squarebeam_off_2x2.mdl outside the map (168.00, 0.00, -448.00)
Static prop models/props_bts/electrical_wire_straight_256_01a.mdl outside the map (-517.00, 408.00, -31.00)
Static prop models/props_bts/roommover_mainbeam_256.mdl outside the map (-1856.00, 3328.00, 800.00)
Static prop models/anim_wp/framework/squarebeam_off_2x2.mdl outside the map (168.00, 512.00, -448.00)
Static prop models/anim_wp/framework/squarebeam_off_8x8.mdl outside the map (168.00, 704.00, -768.00)
Static prop models/props_bts/silhouette_structure09.mdl outside the map (-1912.00, 2996.00, -1024.03)
Static prop models/props_bts/roommover_mainbeam_256.mdl outside the map (-1856.00, 2816.00, -416.00)
Static prop models/props_bts/roommover_mainbeam_256.mdl outside the map (-1856.00, 2304.00, -416.00)
Static prop models/props_bts/electrical_wire_arc_256_01b.mdl outside the map (-517.00, 408.00, -1047.00)
Static prop models/anim_wp/framework/squarebeam_off_2x2.mdl outside the map (-384.00, 408.00, -64.00)
Static prop models/anim_wp/framework/squarebeam_off_2x2.mdl outside the map (-128.00, 408.00, -64.00)
Static prop models/anim_wp/framework/squarebeam_off_2x2.mdl outside the map (-256.00, 408.00, -64.00)
Static prop models/props_bts/electrical_wire_arc_256_01b.mdl outside the map (-696.00, 1291.00, -983.00)
Static prop models/a4_destruction/arm_exterior_tiny_jl.mdl outside the map (283.60, -1027.31, -302.61)
Static prop models/props_bts/electrical_wire_straight_256_01a.mdl outside the map (168.00, -5.00, -383.00)
Static prop models/props_bts/electrical_wire_straight_256_01a.mdl outside the map (168.00, -5.00, -287.00)
Static prop models/props_bts/electrical_wire_arc_256_01b.mdl outside the map (-696.00, 1291.00, -2007.00)
Static prop models/props_bts/hanging_walkway_128b.mdl outside the map (-2688.00, 1600.00, 8.00)
Static prop models/props_bts/hanging_walkway_256a.mdl outside the map (-2688.00, 1472.00, 8.00)
Static prop models/props_bts/pillar_joint_64x64_01b.mdl outside the map (-864.00, 2976.00, -3040.00)
Static prop models/props_bts/electrical_wire_arc_256_01b.mdl outside the map (-696.00, 1291.00, -2135.00)
Static prop models/props_bts/light_cage001a.mdl outside the map (170.00, 832.01, -912.00)
Static prop models/props_bts/electrical_wire_straight_256_01a.mdl outside the map (-1029.00, 408.00, -287.00)
Static prop models/props_bts/electrical_wire_straight_256_01a.mdl outside the map (-1029.00, 408.00, -383.00)
Static prop models/props_bts/electrical_wire_arc_256_01b.mdl outside the map (-1029.00, 408.00, -279.00)
Static prop models/props_bts/light_cage001a.mdl outside the map (-191.99, 406.00, -784.00)
Static prop models/a4_destruction/hanging_walkway_128a_cards.mdl outside the map (0.00, 208.00, -176.00)
Static prop models/props_bts/silhouette_structure08.mdl outside the map (-2900.00, 1504.00, -3072.00)
Static prop models/props_bts/silhouette_structure09.mdl outside the map (-2900.00, 2304.00, -3072.00)
Static prop models/props_bts/silhouette_structure08.mdl outside the map (-2900.00, 288.00, -3072.00)
Static prop models/a4_destruction/arm_exterior_tiny_jl_4x1.mdl outside the map (-1264.00, 2784.00, 447.30)
Static prop models/props_bts/light_cage001a.mdl outside the map (-694.00, 1552.01, -2320.00)
Static prop models/props_bts/light_cage001a.mdl outside the map (-694.00, 1616.01, -2000.00)
Static prop models/props_bts/silhouette_structure08.mdl outside the map (-2764.95, 1492.21, -1792.00)
Static prop models/props_bts/silhouette_structure10.mdl outside the map (-2816.95, 2692.21, -1820.00)
Static prop models/props_bts/silhouette_structure08.mdl outside the map (-2303.13, 942.59, -3068.00)
Static prop models/props_bts/silhouette_structure03.mdl outside the map (-2916.00, 3680.00, -3064.00)
Static prop models/props_bts/hanging_walkway_128b.mdl outside the map (-2688.00, 1984.00, 8.00)
Static prop models/props_bts/hanging_walkway_128b.mdl outside the map (-2688.00, 1216.00, 8.00)
Static prop models/anim_wp/framework/squarebeam_off_2x2.mdl outside the map (-1792.00, 592.00, -192.00)
Static prop models/anim_wp/framework/squarebeam_off_2x2.mdl outside the map (-1792.00, 592.00, -64.00)
Static prop models/anim_wp/framework/squarebeam_off_2x2.mdl outside the map (-1792.00, 592.00, 192.00)
Static prop models/a4_destruction/hanging_walkway_l_cards.mdl outside the map (0.00, -176.00, -176.00)
Static prop models/props_bts/electrical_wire_straight_256_01a.mdl outside the map (-1541.00, 408.00, -383.00)
Static prop models/props_bts/electrical_wire_straight_256_01a.mdl outside the map (168.00, 507.00, -1055.00)
Static prop models/props_bts/light_cage001a.mdl outside the map (-191.99, 406.00, -1040.00)
Encountered obsolete static prop option to do its fade in screen space @ -736.00 1776.00 -128.00
Encountered obsolete static prop option to do its fade in screen space @ -736.00 1968.00 -128.00
Encountered obsolete static prop option to do its fade in screen space @ -240.00 640.00 640.00
Encountered obsolete static prop option to do its fade in screen space @ 449.00 1040.00 320.00
Encountered obsolete static prop option to do its fade in screen space @ 193.00 1040.00 320.00
Encountered obsolete static prop option to do its fade in screen space @ 65.00 1040.00 320.00
Encountered obsolete static prop option to do its fade in screen space @ 656.00 1280.00 -128.00
Encountered obsolete static prop option to do its fade in screen space @ -2368.00 480.00 256.00
Static prop models/props_bts/light_cage001a.mdl outside the map (-774.00, 768.01, -704.00)
Encountered obsolete static prop option to do its fade in screen space @ -240.00 640.00 256.00
Encountered obsolete static prop option to do its fade in screen space @ -16.00 640.00 256.00
Static prop models/props_bts/light_cage001a.mdl outside the map (-774.00, 768.01, 832.00)
Encountered obsolete static prop option to do its fade in screen space @ -16.00 640.00 384.00
Static prop models/props_bts/light_cage001a.mdl outside the map (-774.00, 768.01, -1216.00)
Static prop models/props_bts/light_cage001a.mdl outside the map (-774.00, 768.01, -1728.00)
Static prop models/props_bts/light_cage001a.mdl outside the map (-774.00, 768.01, -2240.00)
Encountered obsolete static prop option to do its fade in screen space @ 656.00 1024.00 -128.00
Encountered obsolete static prop option to do its fade in screen space @ -16.00 640.00 640.00
Encountered obsolete static prop option to do its fade in screen space @ -2432.00 512.00 64.00
Encountered obsolete static prop option to do its fade in screen space @ -2432.00 512.00 192.00
Encountered obsolete static prop option to do its fade in screen space @ -576.00 1872.00 -192.00
Encountered obsolete static prop option to do its fade in screen space @ -2432.00 480.00 64.00
Encountered obsolete static prop option to do its fade in screen space @ -2432.00 480.00 192.00
Encountered obsolete static prop option to do its fade in screen space @ -16.00 640.00 512.00
Encountered obsolete static prop option to do its fade in screen space @ -192.00 1745.00 448.00
Encountered obsolete static prop option to do its fade in screen space @ -64.00 1745.00 448.00
Static prop models/props_bts/light_cage001a.mdl outside the map (-774.00, 768.01, -192.00)
Static prop models/props_bts/light_cage001a.mdl outside the map (-774.00, 768.01, 320.00)
Encountered obsolete static prop option to do its fade in screen space @ -576.00 1904.00 -192.00
Encountered obsolete static prop option to do its fade in screen space @ -64.00 1040.00 704.00
Encountered obsolete static prop option to do its fade in screen space @ 321.00 1040.00 320.00
Encountered obsolete static prop option to do its fade in screen space @ -192.00 1040.00 704.00
Encountered obsolete static prop option to do its fade in screen space @ -240.00 640.00 512.00
Encountered obsolete static prop option to do its fade in screen space @ -240.00 640.00 384.00
Encountered obsolete static prop option to do its fade in screen space @ -2240.00 320.00 192.00
Encountered obsolete static prop option to do its fade in screen space @ -2240.00 352.00 192.00
Placing detail props : 0...1...2...3...4...5...6...7...8...9...10
Compacting texture/material tables...
Reduced 1852 texinfos to 939
Reduced 108 texdatas to 96 (3931 bytes to 3462)
Writing C:\Program Files (x86)\Steam\steamapps\common\Portal 2\sdk_content\maps\WIP\Chapter 8\mp_coop_a4_speed_tb_catch.bsp

nummapplanes:     (  5220 / 65536 )
nummapbrushes:    (  1646 /  8192 )
nummapbrushsides: ( 11395 / 65536 )
num_map_overlays: (    76 /   512 )
nummodels:        (   115 /  1024 )
num_entities:     (   576 / 16384 )

4 seconds elapsed



24 threads
reading c:\program files (x86)\steam\steamapps\common\portal 2\sdk_content\maps\wip\chapter 8\mp_coop_a4_speed_tb_catch.bsp
reading c:\program files (x86)\steam\steamapps\common\portal 2\sdk_content\maps\wip\chapter 8\mp_coop_a4_speed_tb_catch.prt
LoadPortals: couldn't read c:\program files (x86)\steam\steamapps\common\portal 2\sdk_content\maps\wip\chapter 8\mp_coop_a4_speed_tb_catch.prt



materialPath: C:\Program Files (x86)\Steam\steamapps\common\Portal 2\portal2\materials
Loading C:\Program Files (x86)\Steam\steamapps\common\Portal 2\sdk_content\maps\WIP\Chapter 8\mp_coop_a4_speed_tb_catch.vmf
ConVarRef gpu_level doesn't point to an existing ConVar
fixing up env_cubemap materials on brush sides...
0...1...2...3...4...5...6...7...8...9...100...1...2...3...4...5...6...7...8...9...10Processing areas...done (0)
Building Faces...done (0)
Chop Details...done (0)
Find Visible Detail Sides...
Merged 562 detail faces...done (0)
Merging details...done (0)
FixTjuncs...
PruneNodes...
WriteBSP...
done (0)
writing C:\Program Files (x86)\Steam\steamapps\common\Portal 2\sdk_content\maps\WIP\Chapter 8\mp_coop_a4_speed_tb_catch.prt...Building visibility clusters...
done (0)
Finding displacement neighbors...
Finding lightmap sample positions...
Displacement Alpha : 0...1...2...3...4...5...6...7...8...9...10
Building Physics collision data...
done (1) (601698 bytes)
Static prop models/prop_cables/cable_long_01.mdl outside the map (-2224.00, -544.00, 42.89)
Static prop models/prop_cables/cable_long_02.mdl outside the map (-2235.20, -542.53, 138.29)
Encountered obsolete static prop option to do its fade in screen space @ -736.00 1776.00 -128.00
Encountered obsolete static prop option to do its fade in screen space @ -736.00 1968.00 -128.00
Encountered obsolete static prop option to do its fade in screen space @ -240.00 640.00 640.00
Encountered obsolete static prop option to do its fade in screen space @ 449.00 1040.00 320.00
Encountered obsolete static prop option to do its fade in screen space @ 193.00 1040.00 320.00
Encountered obsolete static prop option to do its fade in screen space @ 65.00 1040.00 320.00
Encountered obsolete static prop option to do its fade in screen space @ 656.00 1280.00 -128.00
Encountered obsolete static prop option to do its fade in screen space @ -2368.00 480.00 256.00
Encountered obsolete static prop option to do its fade in screen space @ -240.00 640.00 256.00
Encountered obsolete static prop option to do its fade in screen space @ -16.00 640.00 256.00
Encountered obsolete static prop option to do its fade in screen space @ -16.00 640.00 384.00
Encountered obsolete static prop option to do its fade in screen space @ 656.00 1024.00 -128.00
Encountered obsolete static prop option to do its fade in screen space @ -16.00 640.00 640.00
Encountered obsolete static prop option to do its fade in screen space @ -2432.00 512.00 64.00
Encountered obsolete static prop option to do its fade in screen space @ -2432.00 512.00 192.00
Encountered obsolete static prop option to do its fade in screen space @ -576.00 1872.00 -192.00
Encountered obsolete static prop option to do its fade in screen space @ -2432.00 480.00 64.00
Encountered obsolete static prop option to do its fade in screen space @ -2432.00 480.00 192.00
Encountered obsolete static prop option to do its fade in screen space @ -16.00 640.00 512.00
Encountered obsolete static prop option to do its fade in screen space @ -192.00 1745.00 448.00
Encountered obsolete static prop option to do its fade in screen space @ -64.00 1745.00 448.00
Encountered obsolete static prop option to do its fade in screen space @ -576.00 1904.00 -192.00
Encountered obsolete static prop option to do its fade in screen space @ -64.00 1040.00 704.00
Encountered obsolete static prop option to do its fade in screen space @ 321.00 1040.00 320.00
Encountered obsolete static prop option to do its fade in screen space @ -192.00 1040.00 704.00
Encountered obsolete static prop option to do its fade in screen space @ -240.00 640.00 512.00
Encountered obsolete static prop option to do its fade in screen space @ -240.00 640.00 384.00
Encountered obsolete static prop option to do its fade in screen space @ -2240.00 320.00 192.00
Encountered obsolete static prop option to do its fade in screen space @ -2240.00 352.00 192.00
Placing detail props : 0...1...2...3...4...5...6...7...8...9...10
Compacting texture/material tables...
Reduced 1855 texinfos to 935
Reduced 108 texdatas to 96 (3931 bytes to 3462)
Writing C:\Program Files (x86)\Steam\steamapps\common\Portal 2\sdk_content\maps\WIP\Chapter 8\mp_coop_a4_speed_tb_catch.bsp

nummapplanes:     (  5228 / 65536 )
nummapbrushes:    (  1647 /  8192 )
nummapbrushsides: ( 11401 / 65536 )
num_map_overlays: (    76 /   512 )
nummodels:        (   115 /  1024 )
num_entities:     (   576 / 16384 )

3 seconds elapsed



24 threads
reading c:\program files (x86)\steam\steamapps\common\portal 2\sdk_content\maps\wip\chapter 8\mp_coop_a4_speed_tb_catch.bsp
reading c:\program files (x86)\steam\steamapps\common\portal 2\sdk_content\maps\wip\chapter 8\mp_coop_a4_speed_tb_catch.prt
 489 portalclusters
1276 numportals



materialPath: C:\Program Files (x86)\Steam\steamapps\common\Portal 2\portal2\materials
Loading C:\Program Files (x86)\Steam\steamapps\common\Portal 2\sdk_content\maps\WIP\Chapter 8\mp_coop_a4_speed_tb_catch.vmf
ConVarRef gpu_level doesn't point to an existing ConVar
fixing up env_cubemap materials on brush sides...
0...1...2...3...4...5...6...7...8...9...100...1...2...3...4...5...6...7...8...9...10Processing areas...done (0)
Building Faces...done (0)
Chop Details...done (0)
Find Visible Detail Sides...
Merged 562 detail faces...done (0)
Merging details...done (0)
FixTjuncs...
PruneNodes...
WriteBSP...
done (0)
writing C:\Program Files (x86)\Steam\steamapps\common\Portal 2\sdk_content\maps\WIP\Chapter 8\mp_coop_a4_speed_tb_catch.prt...Building visibility clusters...
done (0)
Finding displacement neighbors...
Finding lightmap sample positions...
Displacement Alpha : 0...1...2...3...4...5...6...7...8...9...10
Building Physics collision data...
done (1) (601698 bytes)
Static prop models/prop_cables/cable_long_01.mdl outside the map (-2224.00, -544.00, 42.89)
Static prop models/prop_cables/cable_long_02.mdl outside the map (-2235.20, -542.53, 138.29)
Encountered obsolete static prop option to do its fade in screen space @ -736.00 1776.00 -128.00
Encountered obsolete static prop option to do its fade in screen space @ -736.00 1968.00 -128.00
Encountered obsolete static prop option to do its fade in screen space @ -240.00 640.00 640.00
Encountered obsolete static prop option to do its fade in screen space @ 449.00 1040.00 320.00
Encountered obsolete static prop option to do its fade in screen space @ 193.00 1040.00 320.00
Encountered obsolete static prop option to do its fade in screen space @ 65.00 1040.00 320.00
Encountered obsolete static prop option to do its fade in screen space @ 656.00 1280.00 -128.00
Encountered obsolete static prop option to do its fade in screen space @ -2368.00 480.00 256.00
Encountered obsolete static prop option to do its fade in screen space @ -240.00 640.00 256.00
Encountered obsolete static prop option to do its fade in screen space @ -16.00 640.00 256.00
Encountered obsolete static prop option to do its fade in screen space @ -16.00 640.00 384.00
Encountered obsolete static prop option to do its fade in screen space @ 656.00 1024.00 -128.00
Encountered obsolete static prop option to do its fade in screen space @ -16.00 640.00 640.00
Encountered obsolete static prop option to do its fade in screen space @ -2432.00 512.00 64.00
Encountered obsolete static prop option to do its fade in screen space @ -2432.00 512.00 192.00
Encountered obsolete static prop option to do its fade in screen space @ -576.00 1872.00 -192.00
Encountered obsolete static prop option to do its fade in screen space @ -2432.00 480.00 64.00
Encountered obsolete static prop option to do its fade in screen space @ -2432.00 480.00 192.00
Encountered obsolete static prop option to do its fade in screen space @ -16.00 640.00 512.00
Encountered obsolete static prop option to do its fade in screen space @ -192.00 1745.00 448.00
Encountered obsolete static prop option to do its fade in screen space @ -64.00 1745.00 448.00
Encountered obsolete static prop option to do its fade in screen space @ -576.00 1904.00 -192.00
Encountered obsolete static prop option to do its fade in screen space @ -64.00 1040.00 704.00
Encountered obsolete static prop option to do its fade in screen space @ 321.00 1040.00 320.00
Encountered obsolete static prop option to do its fade in screen space @ -192.00 1040.00 704.00
Encountered obsolete static prop option to do its fade in screen space @ -240.00 640.00 512.00
Encountered obsolete static prop option to do its fade in screen space @ -240.00 640.00 384.00
Encountered obsolete static prop option to do its fade in screen space @ -2240.00 320.00 192.00
Encountered obsolete static prop option to do its fade in screen space @ -2240.00 352.00 192.00
Placing detail props : 0...1...2...3...4...5...6...7...8...9...10
Compacting texture/material tables...
Reduced 1855 texinfos to 935
Reduced 108 texdatas to 96 (3931 bytes to 3462)
Writing C:\Program Files (x86)\Steam\steamapps\common\Portal 2\sdk_content\maps\WIP\Chapter 8\mp_coop_a4_speed_tb_catch.bsp

nummapplanes:     (  5228 / 65536 )
nummapbrushes:    (  1647 /  8192 )
nummapbrushsides: ( 11401 / 65536 )
num_map_overlays: (    76 /   512 )
nummodels:        (   115 /  1024 )
num_entities:     (   576 / 16384 )

2 seconds elapsed



24 threads
reading c:\program files (x86)\steam\steamapps\common\portal 2\sdk_content\maps\wip\chapter 8\mp_coop_a4_speed_tb_catch.bsp
reading c:\program files (x86)\steam\steamapps\common\portal 2\sdk_content\maps\wip\chapter 8\mp_coop_a4_speed_tb_catch.prt
 489 portalclusters
1276 numportals
0...1...2...3...4...5...6...7...8...9...10Optimized: 3384 visible clusters (0.00%)
Total clusters visible: 136559
Average clusters visible: 279
Building PAS...
Average clusters audible: 378
visdatasize:59035  compressed from 62592
writing c:\program files (x86)\steam\steamapps\common\portal 2\sdk_content\maps\wip\chapter 8\mp_coop_a4_speed_tb_catch.bsp
0 seconds elapsed



Could not find lights.rad in lights.rad.
Trying VRAD BIN directory instead...
Warning: Couldn't open texlight file C:\Program Files (x86)\Steam\steamapps\common\Portal 2\bin\lights.rad.
Loading c:\program files (x86)\steam\steamapps\common\portal 2\sdk_content\maps\wip\chapter 8\mp_coop_a4_speed_tb_catch.bsp
3584 faces
3775527 square feet [543675904.00 square inches]
0 Displacements
0 Square Feet [0.00 Square Inches]
3584 patches before subdivision
57120 patches after subdivision
82 direct lights
0...1...2...3...4...5...6...7...8...9...100...1...2...3...4...5...6...7...8...9...10transfers 6670045, max 662
transfer lists:  50.9 megs
0...1...2...3...4...5...6...7...8...9...10	Bounce #1 added RGB(25304, 30085, 34764)
0...1...2...3...4...5...6...7...8...9...10	Bounce #2 added RGB(10826, 12685, 14706)
0...1...2...3...4...5...6...7...8...9...10	Bounce #3 added RGB(5419, 6316, 7363)
0...1...2...3...4...5...6...7...8...9...10	Bounce #4 added RGB(2827, 3285, 3843)
0...1...2...3...4...5...6...7...8...9...10	Bounce #5 added RGB(1510, 1750, 2049)
0...1...2...3...4...5...6...7...8...9...10	Bounce #6 added RGB(817, 944, 1104)
0...1...2...3...4...5...6...7...8...9...10	Bounce #7 added RGB(447, 514, 599)
0...1...2...3...4...5...6...7...8...9...10	Bounce #8 added RGB(247, 283, 328)
0...1...2...3...4...5...6...7...8...9...10	Bounce #9 added RGB(138, 157, 181)
0...1...2...3...4...5...6...7...8...9...10	Bounce #10 added RGB(78, 89, 100)
0...1...2...3...4...5...6...7...8...9...10	Bounce #11 added RGB(45, 51, 56)
0...1...2...3...4...5...6...7...8...9...10	Bounce #12 added RGB(27, 29, 32)
0...1...2...3...4...5...6...7...8...9...10	Bounce #13 added RGB(16, 17, 18)
0...1...2...3...4...5...6...7...8...9...10	Bounce #14 added RGB(10, 11, 11)
0...1...2...3...4...5...6...7...8...9...10	Bounce #15 added RGB(6, 7, 6)
0...1...2...3...4...5...6...7...8...9...10	Bounce #16 added RGB(4, 4, 4)
0...1...2...3...4...5...6...7...8...9...10	Bounce #17 added RGB(3, 3, 2)
0...1...2...3...4...5...6...7...8...9...10	Bounce #18 added RGB(2, 2, 2)
0...1...2...3...4...5...6...7...8...9...10	Bounce #19 added RGB(1, 1, 1)
0...1...2...3...4...5...6...7...8...9...10	Bounce #20 added RGB(1, 1, 1)
0...1...2...3...4...5...6...7...8...9...10	Bounce #21 added RGB(1, 1, 0)
Build Patch/Sample Hash Table(s).....Done<0.0112 sec>
0...1...2...3...4...5...6...7...8...9...10FinalLightFace Done
0 of 0 (0% of) surface lights went in leaf ambient cubes.
0...1...2...3...4...5...6...7...8...9...10Writing leaf ambient...done
Ready to Finish

Object names       Objects/Maxobjs  Memory / Maxmem  Fullness 
------------       ---------------  ---------------  -------- 
models                 115/1024         5520/49152    (11.2%) 
brushes               1647/8192        19764/98304    (20.1%) 
brushsides           11413/65536       91304/524288   (17.4%) 
planes                5228/65536      104560/1310720  ( 8.0%) 
vertexes              7692/65536       92304/786432   (11.7%) 
nodes                 2320/65536       74240/2097152  ( 3.5%) 
texinfos               935/12288       67320/884736   ( 7.6%) 
texdata                 96/2048         3072/65536    ( 4.7%) 
dispinfos                0/0               0/0        ( 0.0%) 
disp_verts               0/0               0/0        ( 0.0%) 
disp_tris                0/0               0/0        ( 0.0%) 
disp_multiblend          0/0               0/0        ( 0.0%) 
disp_lmsamples           0/0               0/0        ( 0.0%) 
faces                 3584/65536      200704/3670016  ( 5.5%) 
hdr faces                0/65536           0/3670016  ( 0.0%) 
origfaces             2582/65536      144592/3670016  ( 3.9%) 
facebrushes           1146/0            2292/0        ( 0.0%) 
facebrushlists        3584/0           14336/0        ( 0.0%) 
leaves                2436/65536       77952/2097152  ( 3.7%) 
leaffaces             4857/65536        9714/131072   ( 7.4%) 
leafbrushes           3095/65536        6190/131072   ( 4.7%) 
areas                   14/256           112/2048     ( 5.5%) 
surfedges            27584/512000     110336/2048000  ( 5.4%) 
edges                17047/256000      68188/1024000  ( 6.7%) 
LDR worldlights         82/8192         8200/819200   ( 1.0%) 
HDR worldlights          0/8192            0/819200   ( 0.0%) 
leafwaterdata            0/32768           0/393216   ( 0.0%) 
waterstrips            407/32768        4070/327680   ( 1.2%) 
waterverts               0/65536           0/786432   ( 0.0%) 
waterindices          6771/65536       13542/131072   (10.3%) 
cubemapsamples          10/1024          160/16384    ( 1.0%) 
overlays                76/512         26752/180224   (14.8%) 
LDR lightdata         [variable]     3995276/0        ( 0.0%) 
HDR lightdata         [variable]           0/0        ( 0.0%) 
visdata               [variable]       59035/16777216 ( 0.4%) 
entdata               [variable]      213858/393216   (54.4%) 
LDR ambient table     2436/65536        9744/262144   ( 3.7%) 
HDR ambient table     2436/65536        9744/262144   ( 3.7%) 
LDR leaf ambient      5427/65536      151956/1835008  ( 8.3%) 
HDR leaf ambient      2436/65536       68208/1835008  ( 3.7%) 
occluders                0/0               0/0        ( 0.0%) 
occluder polygons        0/0               0/0        ( 0.0%) 
occluder vert ind        0/0               0/0        ( 0.0%) 
detail props          [variable]           1/12       ( 8.3%) 
static props          [variable]           1/44466    ( 0.0%) 
pakfile               [variable]      828010/0        ( 0.0%) 
physics               [variable]      601698/4194304  (14.3%) 
physics terrain       [variable]           2/1048576  ( 0.0%) 

Level flags = 0

Total triangle count: 10147
Writing c:\program files (x86)\steam\steamapps\common\portal 2\sdk_content\maps\wip\chapter 8\mp_coop_a4_speed_tb_catch.bsp
11 seconds elapsed



materialPath: C:\Program Files (x86)\Steam\steamapps\common\Portal 2\portal2\materials
Loading C:\Program Files (x86)\Steam\steamapps\common\Portal 2\sdk_content\maps\WIP\Chapter 8\mp_coop_a4_speed_tb_catch.vmf
ConVarRef gpu_level doesn't point to an existing ConVar
fixing up env_cubemap materials on brush sides...
0...1...2...3...4...5...6...7...8...9...100...1...2...3...4...5...6...7...8...9...10Processing areas...done (0)
Building Faces...done (0)
Chop Details...done (0)
Find Visible Detail Sides...
Merged 562 detail faces...done (0)
Merging details...done (0)
FixTjuncs...
PruneNodes...
WriteBSP...
done (0)
writing C:\Program Files (x86)\Steam\steamapps\common\Portal 2\sdk_content\maps\WIP\Chapter 8\mp_coop_a4_speed_tb_catch.prt...Building visibility clusters...
done (0)
Finding displacement neighbors...
Finding lightmap sample positions...
Displacement Alpha : 0...1...2...3...4...5...6...7...8...9...10
Building Physics collision data...
done (1) (601698 bytes)
Static prop models/prop_cables/cable_long_01.mdl outside the map (-2224.00, -544.00, 42.89)
Static prop models/prop_cables/cable_long_02.mdl outside the map (-2235.20, -542.53, 138.29)
Encountered obsolete static prop option to do its fade in screen space @ -736.00 1776.00 -128.00
Encountered obsolete static prop option to do its fade in screen space @ -736.00 1968.00 -128.00
Encountered obsolete static prop option to do its fade in screen space @ -240.00 640.00 640.00
Encountered obsolete static prop option to do its fade in screen space @ 449.00 1040.00 320.00
Encountered obsolete static prop option to do its fade in screen space @ 193.00 1040.00 320.00
Encountered obsolete static prop option to do its fade in screen space @ 65.00 1040.00 320.00
Encountered obsolete static prop option to do its fade in screen space @ 656.00 1280.00 -128.00
Encountered obsolete static prop option to do its fade in screen space @ -2368.00 480.00 256.00
Encountered obsolete static prop option to do its fade in screen space @ -240.00 640.00 256.00
Encountered obsolete static prop option to do its fade in screen space @ -16.00 640.00 256.00
Encountered obsolete static prop option to do its fade in screen space @ -16.00 640.00 384.00
Encountered obsolete static prop option to do its fade in screen space @ 656.00 1024.00 -128.00
Encountered obsolete static prop option to do its fade in screen space @ -16.00 640.00 640.00
Encountered obsolete static prop option to do its fade in screen space @ -2432.00 512.00 64.00
Encountered obsolete static prop option to do its fade in screen space @ -2432.00 512.00 192.00
Encountered obsolete static prop option to do its fade in screen space @ -576.00 1872.00 -192.00
Encountered obsolete static prop option to do its fade in screen space @ -2432.00 480.00 64.00
Encountered obsolete static prop option to do its fade in screen space @ -2432.00 480.00 192.00
Encountered obsolete static prop option to do its fade in screen space @ -16.00 640.00 512.00
Encountered obsolete static prop option to do its fade in screen space @ -192.00 1745.00 448.00
Encountered obsolete static prop option to do its fade in screen space @ -64.00 1745.00 448.00
Encountered obsolete static prop option to do its fade in screen space @ -576.00 1904.00 -192.00
Encountered obsolete static prop option to do its fade in screen space @ -64.00 1040.00 704.00
Encountered obsolete static prop option to do its fade in screen space @ 321.00 1040.00 320.00
Encountered obsolete static prop option to do its fade in screen space @ -192.00 1040.00 704.00
Encountered obsolete static prop option to do its fade in screen space @ -240.00 640.00 512.00
Encountered obsolete static prop option to do its fade in screen space @ -240.00 640.00 384.00
Encountered obsolete static prop option to do its fade in screen space @ -2240.00 320.00 192.00
Encountered obsolete static prop option to do its fade in screen space @ -2240.00 352.00 192.00
Placing detail props : 0...1...2...3...4...5...6...7...8...9...10
Compacting texture/material tables...
Reduced 1855 texinfos to 935
Reduced 108 texdatas to 96 (3931 bytes to 3462)
Writing C:\Program Files (x86)\Steam\steamapps\common\Portal 2\sdk_content\maps\WIP\Chapter 8\mp_coop_a4_speed_tb_catch.bsp

nummapplanes:     (  5228 / 65536 )
nummapbrushes:    (  1647 /  8192 )
nummapbrushsides: ( 11401 / 65536 )
num_map_overlays: (    76 /   512 )
nummodels:        (   115 /  1024 )
num_entities:     (   576 / 16384 )

3 seconds elapsed



24 threads
reading c:\program files (x86)\steam\steamapps\common\portal 2\sdk_content\maps\wip\chapter 8\mp_coop_a4_speed_tb_catch.bsp
reading c:\program files (x86)\steam\steamapps\common\portal 2\sdk_content\maps\wip\chapter 8\mp_coop_a4_speed_tb_catch.prt
 489 portalclusters
1276 numportals
0...1...2...3...4...5...6...7...8...9...10Optimized: 3384 visible clusters (0.00%)
Total clusters visible: 136559
Average clusters visible: 279
Building PAS...
Average clusters audible: 378
visdatasize:59035  compressed from 62592
writing c:\program files (x86)\steam\steamapps\common\portal 2\sdk_content\maps\wip\chapter 8\mp_coop_a4_speed_tb_catch.bsp
0 seconds elapsed



Could not find lights.rad in lights.rad.
Trying VRAD BIN directory instead...
Warning: Couldn't open texlight file C:\Program Files (x86)\Steam\steamapps\common\Portal 2\bin\lights.rad.
Loading c:\program files (x86)\steam\steamapps\common\portal 2\sdk_content\maps\wip\chapter 8\mp_coop_a4_speed_tb_catch.bsp
3584 faces
3775527 square feet [543675904.00 square inches]
0 Displacements
0 Square Feet [0.00 Square Inches]
3584 patches before subdivision
57120 patches after subdivision
82 direct lights
0...1...2...3...4...5...6...7...8...9...100...1...2...3...4...5...6...7...8...9...10transfers 6670045, max 662
transfer lists:  50.9 megs
0...1...2...3...4...5...6...7...8...9...10	Bounce #1 added RGB(25304, 30085, 34764)
0...1...2...3...4...5...6...7...8...9...10	Bounce #2 added RGB(10826, 12685, 14706)
0...1...2...3...4...5...6...7...8...9...10	Bounce #3 added RGB(5419, 6316, 7363)
0...1...2...3...4...5...6...7...8...9...10	Bounce #4 added RGB(2827, 3285, 3843)
0...1...2...3...4...5...6...7...8...9...10	Bounce #5 added RGB(1510, 1750, 2049)
0...1...2...3...4...5...6...7...8...9...10	Bounce #6 added RGB(817, 944, 1104)
0...1...2...3...4...5...6...7...8...9...10	Bounce #7 added RGB(447, 514, 599)
0...1...2...3...4...5...6...7...8...9...10	Bounce #8 added RGB(247, 283, 328)
0...1...2...3...4...5...6...7...8...9...10	Bounce #9 added RGB(138, 157, 181)
0...1...2...3...4...5...6...7...8...9...10	Bounce #10 added RGB(78, 89, 100)
0...1...2...3...4...5...6...7...8...9...10	Bounce #11 added RGB(45, 51, 56)
0...1...2...3...4...5...6...7...8...9...10	Bounce #12 added RGB(27, 29, 32)
0...1...2...3...4...5...6...7...8...9...10	Bounce #13 added RGB(16, 17, 18)
0...1...2...3...4...5...6...7...8...9...10	Bounce #14 added RGB(10, 11, 11)
0...1...2...3...4...5...6...7...8...9...10	Bounce #15 added RGB(6, 7, 6)
0...1...2...3...4...5...6...7...8...9...10	Bounce #16 added RGB(4, 4, 4)
0...1...2...3...4...5...6...7...8...9...10	Bounce #17 added RGB(3, 3, 2)
0...1...2...3...4...5...6...7...8...9...10	Bounce #18 added RGB(2, 2, 2)
0...1...2...3...4...5...6...7...8...9...10	Bounce #19 added RGB(1, 1, 1)
0...1...2...3...4...5...6...7...8...9...10	Bounce #20 added RGB(1, 1, 1)
0...1...2...3...4...5...6...7...8...9...10	Bounce #21 added RGB(1, 1, 0)
Build Patch/Sample Hash Table(s).....Done<0.0157 sec>
0...1...2...3...4...5...6...7...8...9...10FinalLightFace Done
0 of 0 (0% of) surface lights went in leaf ambient cubes.
0...1...2...3...4...5...6...7...8...9...10Writing leaf ambient...done
Ready to Finish

Object names       Objects/Maxobjs  Memory / Maxmem  Fullness 
------------       ---------------  ---------------  -------- 
models                 115/1024         5520/49152    (11.2%) 
brushes               1647/8192        19764/98304    (20.1%) 
brushsides           11413/65536       91304/524288   (17.4%) 
planes                5228/65536      104560/1310720  ( 8.0%) 
vertexes              7692/65536       92304/786432   (11.7%) 
nodes                 2320/65536       74240/2097152  ( 3.5%) 
texinfos               935/12288       67320/884736   ( 7.6%) 
texdata                 96/2048         3072/65536    ( 4.7%) 
dispinfos                0/0               0/0        ( 0.0%) 
disp_verts               0/0               0/0        ( 0.0%) 
disp_tris                0/0               0/0        ( 0.0%) 
disp_multiblend          0/0               0/0        ( 0.0%) 
disp_lmsamples           0/0               0/0        ( 0.0%) 
faces                 3584/65536      200704/3670016  ( 5.5%) 
hdr faces                0/65536           0/3670016  ( 0.0%) 
origfaces             2582/65536      144592/3670016  ( 3.9%) 
facebrushes           1146/0            2292/0        ( 0.0%) 
facebrushlists        3584/0           14336/0        ( 0.0%) 
leaves                2436/65536       77952/2097152  ( 3.7%) 
leaffaces             4857/65536        9714/131072   ( 7.4%) 
leafbrushes           3095/65536        6190/131072   ( 4.7%) 
areas                   14/256           112/2048     ( 5.5%) 
surfedges            27584/512000     110336/2048000  ( 5.4%) 
edges                17047/256000      68188/1024000  ( 6.7%) 
LDR worldlights         82/8192         8200/819200   ( 1.0%) 
HDR worldlights          0/8192            0/819200   ( 0.0%) 
leafwaterdata            0/32768           0/393216   ( 0.0%) 
waterstrips            407/32768        4070/327680   ( 1.2%) 
waterverts               0/65536           0/786432   ( 0.0%) 
waterindices          6771/65536       13542/131072   (10.3%) 
cubemapsamples          10/1024          160/16384    ( 1.0%) 
overlays                76/512         26752/180224   (14.8%) 
LDR lightdata         [variable]     3995276/0        ( 0.0%) 
HDR lightdata         [variable]           0/0        ( 0.0%) 
visdata               [variable]       59035/16777216 ( 0.4%) 
entdata               [variable]      213858/393216   (54.4%) 
LDR ambient table     2436/65536        9744/262144   ( 3.7%) 
HDR ambient table     2436/65536        9744/262144   ( 3.7%) 
LDR leaf ambient      5427/65536      151956/1835008  ( 8.3%) 
HDR leaf ambient      2436/65536       68208/1835008  ( 3.7%) 
occluders                0/0               0/0        ( 0.0%) 
occluder polygons        0/0               0/0        ( 0.0%) 
occluder vert ind        0/0               0/0        ( 0.0%) 
detail props          [variable]           1/12       ( 8.3%) 
static props          [variable]           1/44466    ( 0.0%) 
pakfile               [variable]      828010/0        ( 0.0%) 
physics               [variable]      601698/4194304  (14.3%) 
physics terrain       [variable]           2/1048576  ( 0.0%) 

Level flags = 0

Total triangle count: 10147
Writing c:\program files (x86)\steam\steamapps\common\portal 2\sdk_content\maps\wip\chapter 8\mp_coop_a4_speed_tb_catch.bsp
11 seconds elapsed



materialPath: C:\Program Files (x86)\Steam\steamapps\common\Portal 2\portal2\materials
Loading C:\Program Files (x86)\Steam\steamapps\common\Portal 2\sdk_content\maps\WIP\Chapter 8\mp_coop_a4_speed_tb_catch.vmf
ConVarRef gpu_level doesn't point to an existing ConVar
fixing up env_cubemap materials on brush sides...
0...1...2...3...4...5...6...7...8...9...100...1...2...3...4...5...6...7...8...9...10Processing areas...done (0)
Building Faces...done (0)
Chop Details...done (0)
Find Visible Detail Sides...
Merged 562 detail faces...done (0)
Merging details...done (0)
FixTjuncs...
PruneNodes...
WriteBSP...
done (0)
writing C:\Program Files (x86)\Steam\steamapps\common\Portal 2\sdk_content\maps\WIP\Chapter 8\mp_coop_a4_speed_tb_catch.prt...Building visibility clusters...
done (0)
Finding displacement neighbors...
Finding lightmap sample positions...
Displacement Alpha : 0...1...2...3...4...5...6...7...8...9...10
Building Physics collision data...
done (1) (600580 bytes)
Static prop models/prop_cables/cable_long_01.mdl outside the map (-2224.00, -544.00, 42.89)
Static prop models/prop_cables/cable_long_02.mdl outside the map (-2235.20, -542.53, 138.29)
Encountered obsolete static prop option to do its fade in screen space @ -736.00 1776.00 -128.00
Encountered obsolete static prop option to do its fade in screen space @ -736.00 1968.00 -128.00
Encountered obsolete static prop option to do its fade in screen space @ -240.00 640.00 640.00
Encountered obsolete static prop option to do its fade in screen space @ 449.00 1040.00 320.00
Encountered obsolete static prop option to do its fade in screen space @ 193.00 1040.00 320.00
Encountered obsolete static prop option to do its fade in screen space @ 65.00 1040.00 320.00
Encountered obsolete static prop option to do its fade in screen space @ 656.00 1280.00 -128.00
Encountered obsolete static prop option to do its fade in screen space @ -2368.00 480.00 256.00
Encountered obsolete static prop option to do its fade in screen space @ -240.00 640.00 256.00
Encountered obsolete static prop option to do its fade in screen space @ -16.00 640.00 256.00
Encountered obsolete static prop option to do its fade in screen space @ -16.00 640.00 384.00
Encountered obsolete static prop option to do its fade in screen space @ 656.00 1024.00 -128.00
Encountered obsolete static prop option to do its fade in screen space @ -16.00 640.00 640.00
Encountered obsolete static prop option to do its fade in screen space @ -2432.00 512.00 64.00
Encountered obsolete static prop option to do its fade in screen space @ -2432.00 512.00 192.00
Encountered obsolete static prop option to do its fade in screen space @ -576.00 1872.00 -192.00
Encountered obsolete static prop option to do its fade in screen space @ -2432.00 480.00 64.00
Encountered obsolete static prop option to do its fade in screen space @ -2432.00 480.00 192.00
Encountered obsolete static prop option to do its fade in screen space @ -16.00 640.00 512.00
Encountered obsolete static prop option to do its fade in screen space @ -192.00 1745.00 448.00
Encountered obsolete static prop option to do its fade in screen space @ -64.00 1745.00 448.00
Encountered obsolete static prop option to do its fade in screen space @ -576.00 1904.00 -192.00
Encountered obsolete static prop option to do its fade in screen space @ -64.00 1040.00 704.00
Encountered obsolete static prop option to do its fade in screen space @ 321.00 1040.00 320.00
Encountered obsolete static prop option to do its fade in screen space @ -192.00 1040.00 704.00
Encountered obsolete static prop option to do its fade in screen space @ -240.00 640.00 512.00
Encountered obsolete static prop option to do its fade in screen space @ -240.00 640.00 384.00
Encountered obsolete static prop option to do its fade in screen space @ -2240.00 320.00 192.00
Encountered obsolete static prop option to do its fade in screen space @ -2240.00 352.00 192.00
Placing detail props : 0...1...2...3...4...5...6...7...8...9...10
Compacting texture/material tables...
Reduced 1850 texinfos to 930
Reduced 108 texdatas to 96 (3931 bytes to 3462)
Writing C:\Program Files (x86)\Steam\steamapps\common\Portal 2\sdk_content\maps\WIP\Chapter 8\mp_coop_a4_speed_tb_catch.bsp

nummapplanes:     (  5216 / 65536 )
nummapbrushes:    (  1645 /  8192 )
nummapbrushsides: ( 11389 / 65536 )
num_map_overlays: (    76 /   512 )
nummodels:        (   113 /  1024 )
num_entities:     (   574 / 16384 )

2 seconds elapsed



24 threads
reading c:\program files (x86)\steam\steamapps\common\portal 2\sdk_content\maps\wip\chapter 8\mp_coop_a4_speed_tb_catch.bsp
reading c:\program files (x86)\steam\steamapps\common\portal 2\sdk_content\maps\wip\chapter 8\mp_coop_a4_speed_tb_catch.prt
 489 portalclusters
1276 numportals
0...1...2...3...4...5...6...7...8...9...10Optimized: 3384 visible clusters (0.00%)
Total clusters visible: 136559
Average clusters visible: 279
Building PAS...
Average clusters audible: 378
visdatasize:59035  compressed from 62592
writing c:\program files (x86)\steam\steamapps\common\portal 2\sdk_content\maps\wip\chapter 8\mp_coop_a4_speed_tb_catch.bsp
0 seconds elapsed



Could not find lights.rad in lights.rad.
Trying VRAD BIN directory instead...
Warning: Couldn't open texlight file C:\Program Files (x86)\Steam\steamapps\common\Portal 2\bin\lights.rad.
Loading c:\program files (x86)\steam\steamapps\common\portal 2\sdk_content\maps\wip\chapter 8\mp_coop_a4_speed_tb_catch.bsp
3572 faces
2524286 square feet [363497216.00 square inches]
0 Displacements
0 Square Feet [0.00 Square Inches]
3572 patches before subdivision
57108 patches after subdivision
82 direct lights
0...1...2...3...4...5...6...7...8...9...100...1...2...3...4...5...6...7...8...9...10transfers 6669133, max 662
transfer lists:  50.9 megs
0...1...2...3...4...5...6...7...8...9...10	Bounce #1 added RGB(25304, 30084, 34763)
0...1...2...3...4...5...6...7...8...9...10	Bounce #2 added RGB(10826, 12685, 14705)
0...1...2...3...4...5...6...7...8...9...10	Bounce #3 added RGB(5419, 6316, 7363)
0...1...2...3...4...5...6...7...8...9...10	Bounce #4 added RGB(2826, 3285, 3843)
0...1...2...3...4...5...6...7...8...9...10	Bounce #5 added RGB(1510, 1750, 2049)
0...1...2...3...4...5...6...7...8...9...10	Bounce #6 added RGB(817, 944, 1104)
0...1...2...3...4...5...6...7...8...9...10	Bounce #7 added RGB(447, 514, 599)
0...1...2...3...4...5...6...7...8...9...10	Bounce #8 added RGB(247, 283, 328)
0...1...2...3...4...5...6...7...8...9...10	Bounce #9 added RGB(138, 157, 181)
0...1...2...3...4...5...6...7...8...9...10	Bounce #10 added RGB(78, 89, 100)
0...1...2...3...4...5...6...7...8...9...10	Bounce #11 added RGB(45, 51, 56)
0...1...2...3...4...5...6...7...8...9...10	Bounce #12 added RGB(27, 29, 32)
0...1...2...3...4...5...6...7...8...9...10	Bounce #13 added RGB(16, 17, 18)
0...1...2...3...4...5...6...7...8...9...10	Bounce #14 added RGB(10, 11, 11)
0...1...2...3...4...5...6...7...8...9...10	Bounce #15 added RGB(6, 7, 6)
0...1...2...3...4...5...6...7...8...9...10	Bounce #16 added RGB(4, 4, 4)
0...1...2...3...4...5...6...7...8...9...10	Bounce #17 added RGB(3, 3, 2)
0...1...2...3...4...5...6...7...8...9...10	Bounce #18 added RGB(2, 2, 2)
0...1...2...3...4...5...6...7...8...9...10	Bounce #19 added RGB(1, 1, 1)
0...1...2...3...4...5...6...7...8...9...10	Bounce #20 added RGB(1, 1, 1)
0...1...2...3...4...5...6...7...8...9...10	Bounce #21 added RGB(1, 1, 0)
Build Patch/Sample Hash Table(s).....Done<0.0106 sec>
0...1...2...3...4...5...6...7...8...9...10FinalLightFace Done
0 of 0 (0% of) surface lights went in leaf ambient cubes.
0...1...2...3...4...5...6...7...8...9...10Writing leaf ambient...done
Ready to Finish

Object names       Objects/Maxobjs  Memory / Maxmem  Fullness 
------------       ---------------  ---------------  -------- 
models                 113/1024         5424/49152    (11.0%) 
brushes               1645/8192        19740/98304    (20.1%) 
brushsides           11401/65536       91208/524288   (17.4%) 
planes                5216/65536      104320/1310720  ( 8.0%) 
vertexes              7676/65536       92112/786432   (11.7%) 
nodes                 2308/65536       73856/2097152  ( 3.5%) 
texinfos               930/12288       66960/884736   ( 7.6%) 
texdata                 96/2048         3072/65536    ( 4.7%) 
dispinfos                0/0               0/0        ( 0.0%) 
disp_verts               0/0               0/0        ( 0.0%) 
disp_tris                0/0               0/0        ( 0.0%) 
disp_multiblend          0/0               0/0        ( 0.0%) 
disp_lmsamples           0/0               0/0        ( 0.0%) 
faces                 3572/65536      200032/3670016  ( 5.5%) 
hdr faces                0/65536           0/3670016  ( 0.0%) 
origfaces             2570/65536      143920/3670016  ( 3.9%) 
facebrushes           1146/0            2292/0        ( 0.0%) 
facebrushlists        3572/0           14288/0        ( 0.0%) 
leaves                2422/65536       77504/2097152  ( 3.7%) 
leaffaces             4845/65536        9690/131072   ( 7.4%) 
leafbrushes           3093/65536        6186/131072   ( 4.7%) 
areas                   14/256           112/2048     ( 5.5%) 
surfedges            27488/512000     109952/2048000  ( 5.4%) 
edges                16999/256000      67996/1024000  ( 6.6%) 
LDR worldlights         82/8192         8200/819200   ( 1.0%) 
HDR worldlights          0/8192            0/819200   ( 0.0%) 
leafwaterdata            0/32768           0/393216   ( 0.0%) 
waterstrips            407/32768        4070/327680   ( 1.2%) 
waterverts               0/65536           0/786432   ( 0.0%) 
waterindices          6771/65536       13542/131072   (10.3%) 
cubemapsamples          10/1024          160/16384    ( 1.0%) 
overlays                76/512         26752/180224   (14.8%) 
LDR lightdata         [variable]     3995276/0        ( 0.0%) 
HDR lightdata         [variable]           0/0        ( 0.0%) 
visdata               [variable]       59035/16777216 ( 0.4%) 
entdata               [variable]      213471/393216   (54.3%) 
LDR ambient table     2422/65536        9688/262144   ( 3.7%) 
HDR ambient table     2422/65536        9688/262144   ( 3.7%) 
LDR leaf ambient      5332/65536      149296/1835008  ( 8.1%) 
HDR leaf ambient      2422/65536       67816/1835008  ( 3.7%) 
occluders                0/0               0/0        ( 0.0%) 
occluder polygons        0/0               0/0        ( 0.0%) 
occluder vert ind        0/0               0/0        ( 0.0%) 
detail props          [variable]           1/12       ( 8.3%) 
static props          [variable]           1/44466    ( 0.0%) 
pakfile               [variable]      828010/0        ( 0.0%) 
physics               [variable]      600580/4194304  (14.3%) 
physics terrain       [variable]           2/1048576  ( 0.0%) 

Level flags = 0

Total triangle count: 10123
Writing c:\program files (x86)\steam\steamapps\common\portal 2\sdk_content\maps\wip\chapter 8\mp_coop_a4_speed_tb_catch.bsp
10 seconds elapsed



materialPath: C:\Program Files (x86)\Steam\steamapps\common\Portal 2\portal2\materials
Loading C:\Program Files (x86)\Steam\steamapps\common\Portal 2\sdk_content\maps\WIP\Chapter 8\mp_coop_a4_speed_tb_catch.vmf
ConVarRef gpu_level doesn't point to an existing ConVar
fixing up env_cubemap materials on brush sides...
0...1...2...3...4...5...6...7...8...9...100...1...2...3...4...5...6...7...8...9...10Processing areas...done (0)
Building Faces...done (0)
Chop Details...done (0)
Find Visible Detail Sides...
Merged 562 detail faces...done (0)
Merging details...done (0)
FixTjuncs...
PruneNodes...
WriteBSP...
done (0)
writing C:\Program Files (x86)\Steam\steamapps\common\Portal 2\sdk_content\maps\WIP\Chapter 8\mp_coop_a4_speed_tb_catch.prt...Building visibility clusters...
done (0)
Finding displacement neighbors...
Finding lightmap sample positions...
Displacement Alpha : 0...1...2...3...4...5...6...7...8...9...10
Building Physics collision data...
done (1) (600580 bytes)
Static prop models/prop_cables/cable_long_01.mdl outside the map (-2224.00, -544.00, 42.89)
Static prop models/prop_cables/cable_long_02.mdl outside the map (-2235.20, -542.53, 138.29)
Encountered obsolete static prop option to do its fade in screen space @ -736.00 1776.00 -128.00
Encountered obsolete static prop option to do its fade in screen space @ -736.00 1968.00 -128.00
Encountered obsolete static prop option to do its fade in screen space @ -240.00 640.00 640.00
Encountered obsolete static prop option to do its fade in screen space @ 449.00 1040.00 320.00
Encountered obsolete static prop option to do its fade in screen space @ 193.00 1040.00 320.00
Encountered obsolete static prop option to do its fade in screen space @ 65.00 1040.00 320.00
Encountered obsolete static prop option to do its fade in screen space @ 656.00 1280.00 -128.00
Encountered obsolete static prop option to do its fade in screen space @ -2368.00 480.00 256.00
Encountered obsolete static prop option to do its fade in screen space @ -240.00 640.00 256.00
Encountered obsolete static prop option to do its fade in screen space @ -16.00 640.00 256.00
Encountered obsolete static prop option to do its fade in screen space @ -16.00 640.00 384.00
Encountered obsolete static prop option to do its fade in screen space @ 656.00 1024.00 -128.00
Encountered obsolete static prop option to do its fade in screen space @ -16.00 640.00 640.00
Encountered obsolete static prop option to do its fade in screen space @ -2432.00 512.00 64.00
Encountered obsolete static prop option to do its fade in screen space @ -2432.00 512.00 192.00
Encountered obsolete static prop option to do its fade in screen space @ -576.00 1872.00 -192.00
Encountered obsolete static prop option to do its fade in screen space @ -2432.00 480.00 64.00
Encountered obsolete static prop option to do its fade in screen space @ -2432.00 480.00 192.00
Encountered obsolete static prop option to do its fade in screen space @ -16.00 640.00 512.00
Encountered obsolete static prop option to do its fade in screen space @ -192.00 1745.00 448.00
Encountered obsolete static prop option to do its fade in screen space @ -64.00 1745.00 448.00
Encountered obsolete static prop option to do its fade in screen space @ -576.00 1904.00 -192.00
Encountered obsolete static prop option to do its fade in screen space @ -64.00 1040.00 704.00
Encountered obsolete static prop option to do its fade in screen space @ 321.00 1040.00 320.00
Encountered obsolete static prop option to do its fade in screen space @ -192.00 1040.00 704.00
Encountered obsolete static prop option to do its fade in screen space @ -240.00 640.00 512.00
Encountered obsolete static prop option to do its fade in screen space @ -240.00 640.00 384.00
Encountered obsolete static prop option to do its fade in screen space @ -2240.00 320.00 192.00
Encountered obsolete static prop option to do its fade in screen space @ -2240.00 352.00 192.00
Placing detail props : 0...1...2...3...4...5...6...7...8...9...10
Compacting texture/material tables...
Reduced 1850 texinfos to 930
Reduced 108 texdatas to 96 (3931 bytes to 3462)
Writing C:\Program Files (x86)\Steam\steamapps\common\Portal 2\sdk_content\maps\WIP\Chapter 8\mp_coop_a4_speed_tb_catch.bsp

nummapplanes:     (  5216 / 65536 )
nummapbrushes:    (  1645 /  8192 )
nummapbrushsides: ( 11389 / 65536 )
num_map_overlays: (    76 /   512 )
nummodels:        (   113 /  1024 )
num_entities:     (   574 / 16384 )

2 seconds elapsed



24 threads
reading c:\program files (x86)\steam\steamapps\common\portal 2\sdk_content\maps\wip\chapter 8\mp_coop_a4_speed_tb_catch.bsp
reading c:\program files (x86)\steam\steamapps\common\portal 2\sdk_content\maps\wip\chapter 8\mp_coop_a4_speed_tb_catch.prt
 489 portalclusters
1276 numportals
0...1...2...3...4...5...6...7...8...9...10Optimized: 3384 visible clusters (0.00%)
Total clusters visible: 136559
Average clusters visible: 279
Building PAS...
Average clusters audible: 378
visdatasize:59035  compressed from 62592
writing c:\program files (x86)\steam\steamapps\common\portal 2\sdk_content\maps\wip\chapter 8\mp_coop_a4_speed_tb_catch.bsp
0 seconds elapsed



[Reading texlights from 'lights.rad']
[59 texlights parsed from 'lights.rad']

Loading c:\program files (x86)\steam\steamapps\common\portal 2\sdk_content\maps\wip\chapter 8\mp_coop_a4_speed_tb_catch.bsp
3572 faces
2524286 square feet [363497216.00 square inches]
0 Displacements
0 Square Feet [0.00 Square Inches]
3572 patches before subdivision
57166 patches after subdivision
140 direct lights
0...1...2...3...4...5...6...7...8...9...100...1...2...3...4...5...6...7...8...9...10transfers 6678563, max 662
transfer lists:  51.0 megs
0...1...2...3...4...5...6...7...8...9...10	Bounce #1 added RGB(28992, 33735, 38104)
0...1...2...3...4...5...6...7...8...9...10	Bounce #2 added RGB(12724, 14588, 16488)
0...1...2...3...4...5...6...7...8...9...10	Bounce #3 added RGB(6454, 7365, 8364)
0...1...2...3...4...5...6...7...8...9...10	Bounce #4 added RGB(3387, 3860, 4401)
0...1...2...3...4...5...6...7...8...9...10	Bounce #5 added RGB(1818, 2070, 2364)
0...1...2...3...4...5...6...7...8...9...10	Bounce #6 added RGB(987, 1122, 1282)
0...1...2...3...4...5...6...7...8...9...10	Bounce #7 added RGB(542, 615, 701)
0...1...2...3...4...5...6...7...8...9...10	Bounce #8 added RGB(300, 340, 386)
0...1...2...3...4...5...6...7...8...9...10	Bounce #9 added RGB(168, 189, 214)
0...1...2...3...4...5...6...7...8...9...10	Bounce #10 added RGB(95, 107, 119)
0...1...2...3...4...5...6...7...8...9...10	Bounce #11 added RGB(55, 61, 67)
0...1...2...3...4...5...6...7...8...9...10	Bounce #12 added RGB(32, 35, 38)
0...1...2...3...4...5...6...7...8...9...10	Bounce #13 added RGB(19, 21, 22)
0...1...2...3...4...5...6...7...8...9...10	Bounce #14 added RGB(12, 13, 13)
0...1...2...3...4...5...6...7...8...9...10	Bounce #15 added RGB(7, 8, 8)
0...1...2...3...4...5...6...7...8...9...10	Bounce #16 added RGB(5, 5, 5)
0...1...2...3...4...5...6...7...8...9...10	Bounce #17 added RGB(3, 3, 3)
0...1...2...3...4...5...6...7...8...9...10	Bounce #18 added RGB(2, 2, 2)
0...1...2...3...4...5...6...7...8...9...10	Bounce #19 added RGB(2, 2, 1)
0...1...2...3...4...5...6...7...8...9...10	Bounce #20 added RGB(1, 1, 1)
0...1...2...3...4...5...6...7...8...9...10	Bounce #21 added RGB(1, 1, 1)
Build Patch/Sample Hash Table(s).....Done<0.0107 sec>
0...1...2...3...4...5...6...7...8...9...10FinalLightFace Done
58 of 58 (100% of) surface lights went in leaf ambient cubes.
0...1...2...3...4...5...6...7...8...9...10Writing leaf ambient...done
Ready to Finish

Object names       Objects/Maxobjs  Memory / Maxmem  Fullness 
------------       ---------------  ---------------  -------- 
models                 113/1024         5424/49152    (11.0%) 
brushes               1645/8192        19740/98304    (20.1%) 
brushsides           11401/65536       91208/524288   (17.4%) 
planes                5216/65536      104320/1310720  ( 8.0%) 
vertexes              7676/65536       92112/786432   (11.7%) 
nodes                 2308/65536       73856/2097152  ( 3.5%) 
texinfos               930/12288       66960/884736   ( 7.6%) 
texdata                 96/2048         3072/65536    ( 4.7%) 
dispinfos                0/0               0/0        ( 0.0%) 
disp_verts               0/0               0/0        ( 0.0%) 
disp_tris                0/0               0/0        ( 0.0%) 
disp_multiblend          0/0               0/0        ( 0.0%) 
disp_lmsamples           0/0               0/0        ( 0.0%) 
faces                 3572/65536      200032/3670016  ( 5.5%) 
hdr faces                0/65536           0/3670016  ( 0.0%) 
origfaces             2570/65536      143920/3670016  ( 3.9%) 
facebrushes           1146/0            2292/0        ( 0.0%) 
facebrushlists        3572/0           14288/0        ( 0.0%) 
leaves                2422/65536       77504/2097152  ( 3.7%) 
leaffaces             4845/65536        9690/131072   ( 7.4%) 
leafbrushes           3093/65536        6186/131072   ( 4.7%) 
areas                   14/256           112/2048     ( 5.5%) 
surfedges            27488/512000     109952/2048000  ( 5.4%) 
edges                16999/256000      67996/1024000  ( 6.6%) 
LDR worldlights        140/8192        14000/819200   ( 1.7%) 
HDR worldlights          0/8192            0/819200   ( 0.0%) 
leafwaterdata            0/32768           0/393216   ( 0.0%) 
waterstrips            407/32768        4070/327680   ( 1.2%) 
waterverts               0/65536           0/786432   ( 0.0%) 
waterindices          6771/65536       13542/131072   (10.3%) 
cubemapsamples          10/1024          160/16384    ( 1.0%) 
overlays                76/512         26752/180224   (14.8%) 
LDR lightdata         [variable]     3995276/0        ( 0.0%) 
HDR lightdata         [variable]           0/0        ( 0.0%) 
visdata               [variable]       59035/16777216 ( 0.4%) 
entdata               [variable]      213474/393216   (54.3%) 
LDR ambient table     2422/65536        9688/262144   ( 3.7%) 
HDR ambient table     2422/65536        9688/262144   ( 3.7%) 
LDR leaf ambient      5419/65536      151732/1835008  ( 8.3%) 
HDR leaf ambient      2422/65536       67816/1835008  ( 3.7%) 
occluders                0/0               0/0        ( 0.0%) 
occluder polygons        0/0               0/0        ( 0.0%) 
occluder vert ind        0/0               0/0        ( 0.0%) 
detail props          [variable]           1/12       ( 8.3%) 
static props          [variable]           1/44466    ( 0.0%) 
pakfile               [variable]      828010/0        ( 0.0%) 
physics               [variable]      600580/4194304  (14.3%) 
physics terrain       [variable]           2/1048576  ( 0.0%) 

Level flags = 0

Total triangle count: 10123
Writing c:\program files (x86)\steam\steamapps\common\portal 2\sdk_content\maps\wip\chapter 8\mp_coop_a4_speed_tb_catch.bsp
13 seconds elapsed



[Reading texlights from 'lights.rad']
[59 texlights parsed from 'lights.rad']

Loading c:\program files (x86)\steam\steamapps\common\portal 2\sdk_content\maps\wip\chapter 8\mp_coop_a4_speed_tb_catch.bsp
Loaded alpha texture materials\Metal\metalgrate018c.vtf
Loaded alpha texture materials\Metal\metalgrate018.vtf
Loaded alpha texture materials\Tools\toolsinvisible.vtf
3572 faces
2524286 square feet [363497216.00 square inches]
0 Displacements
0 Square Feet [0.00 Square Inches]
3572 patches before subdivision
57166 patches after subdivision
140 direct lights
0..


[Reading texlights from 'lights.rad']
[59 texlights parsed from 'lights.rad']

Loading c:\program files (x86)\steam\steamapps\common\portal 2\sdk_content\maps\wip\chapter 8\mp_coop_a4_speed_tb_catch.bsp
Loaded alpha texture materials\Metal\metalgrate018c.vtf
Loaded alpha texture materials\Metal\metalgrate018.vtf
Loaded alpha texture materials\Tools\toolsinvisible.vtf
3572 faces
2524286 square feet [363497216.00 square inches]
0 Displacements
0 Square Feet [0.00 Square Inches]
3572 patches before subdivision
57166 patches after subdivision
140 direct lights
0...1...2...3...4...5...6...7...8...9...100...1...2...3...4...5...6...7...8...9...10transfers 7366815, max 766
transfer lists:  56.2 megs
0...1...2...3...4...5...6...7...8...9...10	Bounce #1 added RGB(31687, 36605, 41035)
0...1...2...3...4...5...6...7...8...9...10	Bounce #2 added RGB(13374, 15328, 17293)
0...1...2...3...4...5...6...7...8...9...10	Bounce #3 added RGB(6697, 7643, 8676)
0...1...2...3...4...5...6...7...8...9...10	Bounce #4 added RGB(3501, 3990, 4548)
0...1...2...3...4...5...6...7...8...9...10	Bounce #5 added RGB(1875, 2134, 2437)
0...1...2...3...4...5...6...7...8...9...10	Bounce #6 added RGB(1016, 1155, 1318)
0...1...2...3...4...5...6...7...8...9...10	Bounce #7 added RGB(556, 631, 719)
0...1...2...3...4...5...6...7...8...9...10	Bounce #8 added RGB(307, 348, 395)
0...1...2...3...4...5...6...7...8...9...10	Bounce #9 added RGB(171, 194, 218)
0...1...2...3...4...5...6...7...8...9...10	Bounce #10 added RGB(97, 109, 122)
0...1...2...3...4...5...6...7...8...9...10	Bounce #11 added RGB(55, 62, 68)
0...1...2...3...4...5...6...7...8...9...10	Bounce #12 added RGB(32, 36, 39)
0...1...2...3...4...5...6...7...8...9...10	Bounce #13 added RGB(19, 21, 22)
0...1...2...3...4...5...6...7...8...9...10	Bounce #14 added RGB(12, 13, 13)
0...1...2...3...4...5...6...7...8...9...10	Bounce #15 added RGB(7, 8, 8)
0...1...2...3...4...5...6...7...8...9...10	Bounce #16 added RGB(5, 5, 5)
0...1...2...3...4...5...6...7...8...9...10	Bounce #17 added RGB(3, 3, 3)
0...1...2...3...4...5...6...7...8...9...10	Bounce #18 added RGB(2, 2, 2)
0...1...2...3...4...5...6...7...8...9...10	Bounce #19 added RGB(2, 2, 1)
0...1...2...3...4...5...6...7...8...9...10	Bounce #20 added RGB(1, 1, 1)
0...1...2...3...4...5...6...7...8...9...10	Bounce #21 added RGB(1, 1, 1)
Build Patch/Sample Hash Table(s).....Done<0.0117 sec>
0...1...2...3...4...5...6...7...8...9...10FinalLightFace Done
58 of 58 (100% of) surface lights went in leaf ambient cubes.
0...1...2...3...4...5...6...7...8...9...10Writing leaf ambient...done
Computing static prop lighting : 00...1...2...3...4...5...6...7...8...9...10
Ready to Finish

Object names       Objects/Maxobjs  Memory / Maxmem  Fullness 
------------       ---------------  ---------------  -------- 
models                 113/1024         5424/49152    (11.0%) 
brushes               1645/8192        19740/98304    (20.1%) 
brushsides           11401/65536       91208/524288   (17.4%) 
planes                5216/65536      104320/1310720  ( 8.0%) 
vertexes              7676/65536       92112/786432   (11.7%) 
nodes                 2308/65536       73856/2097152  ( 3.5%) 
texinfos               930/12288       66960/884736   ( 7.6%) 
texdata                 96/2048         3072/65536    ( 4.7%) 
dispinfos                0/0               0/0        ( 0.0%) 
disp_verts               0/0               0/0        ( 0.0%) 
disp_tris                0/0               0/0        ( 0.0%) 
disp_multiblend          0/0               0/0        ( 0.0%) 
disp_lmsamples           0/0               0/0        ( 0.0%) 
faces                 3572/65536      200032/3670016  ( 5.5%) 
hdr faces                0/65536           0/3670016  ( 0.0%) 
origfaces             2570/65536      143920/3670016  ( 3.9%) 
facebrushes           1146/0            2292/0        ( 0.0%) 
facebrushlists        3572/0           14288/0        ( 0.0%) 
leaves                2422/65536       77504/2097152  ( 3.7%) 
leaffaces             4845/65536        9690/131072   ( 7.4%) 
leafbrushes           3093/65536        6186/131072   ( 4.7%) 
areas                   14/256           112/2048     ( 5.5%) 
surfedges            27488/512000     109952/2048000  ( 5.4%) 
edges                16999/256000      67996/1024000  ( 6.6%) 
LDR worldlights        140/8192        14000/819200   ( 1.7%) 
HDR worldlights          0/8192            0/819200   ( 0.0%) 
leafwaterdata            0/32768           0/393216   ( 0.0%) 
waterstrips            407/32768        4070/327680   ( 1.2%) 
waterverts               0/65536           0/786432   ( 0.0%) 
waterindices          6771/65536       13542/131072   (10.3%) 
cubemapsamples          10/1024          160/16384    ( 1.0%) 
overlays                76/512         26752/180224   (14.8%) 
LDR lightdata         [variable]     3998728/0        ( 0.0%) 
HDR lightdata         [variable]           0/0        ( 0.0%) 
visdata               [variable]       59035/16777216 ( 0.4%) 
entdata               [variable]      213474/393216   (54.3%) 
LDR ambient table     2422/65536        9688/262144   ( 3.7%) 
HDR ambient table     2422/65536        9688/262144   ( 3.7%) 
LDR leaf ambient      5611/65536      157108/1835008  ( 8.6%) 
HDR leaf ambient      2422/65536       67816/1835008  ( 3.7%) 
occluders                0/0               0/0        ( 0.0%) 
occluder polygons        0/0               0/0        ( 0.0%) 
occluder vert ind        0/0               0/0        ( 0.0%) 
detail props          [variable]           1/12       ( 8.3%) 
static props          [variable]           1/44466    ( 0.0%) 
pakfile               [variable]     3156718/0        ( 0.0%) 
physics               [variable]      600580/4194304  (14.3%) 
physics terrain       [variable]           2/1048576  ( 0.0%) 

Level flags = 1

Total triangle count: 10123
Writing c:\program files (x86)\steam\steamapps\common\portal 2\sdk_content\maps\wip\chapter 8\mp_coop_a4_speed_tb_catch.bsp
1 minute, 28 seconds elapsed



[Reading texlights from 'lights.rad']
[59 texlights parsed from 'lights.rad']

Loading c:\program files (x86)\steam\steamapps\common\portal 2\sdk_content\maps\wip\chapter 8\mp_coop_a4_speed_tb_catch.bsp
Loaded alpha texture materials\Metal\metalgrate018c.vtf
Loaded alpha texture materials\Metal\metalgrate018.vtf
Loaded alpha texture materials\Tools\toolsinvisible.vtf
3572 faces
2524286 square feet [363497216.00 square inches]
0 Displacements
0 Square Feet [0.00 Square Inches]
3572 patches before subdivision
57166 patches after subdivision
140 direct lights
0...1...2...3...4...5...6...7...8...9...100...1...2...3...4...5...6...7...8...9...10transfers 7366815, max 766
transfer lists:  56.2 megs
0...1...2...3...4...5...6...7...8...9...10	Bounce #1 added RGB(30244, 34868, 39228)
0...1...2...3...4...5...6...7...8...9...10	Bounce #2 added RGB(13024, 14920, 16851)
0...1...2...3...4...5...6...7...8...9...10	Bounce #3 added RGB(6550, 7475, 8490)
0...1...2...3...4...5...6...7...8...9...10	Bounce #4 added RGB(3431, 3911, 4459)
0...1...2...3...4...5...6...7...8...9...10	Bounce #5 added RGB(1839, 2094, 2391)
0...1...2...3...4...5...6...7...8...9...10	Bounce #6 added RGB(997, 1134, 1295)
0...1...2...3...4...5...6...7...8...9...10	Bounce #7 added RGB(546, 620, 707)
0...1...2...3...4...5...6...7...8...9...10	Bounce #8 added RGB(302, 342, 388)
0...1...2...3...4...5...6...7...8...9...10	Bounce #9 added RGB(168, 190, 215)
0...1...2...3...4...5...6...7...8...9...10	Bounce #10 added RGB(95, 107, 120)
0...1...2...3...4...5...6...7...8...9...10	Bounce #11 added RGB(55, 61, 67)
0...1...2...3...4...5...6...7...8...9...10	Bounce #12 added RGB(32, 35, 38)
0...1...2...3...4...5...6...7...8...9...10	Bounce #13 added RGB(19, 21, 22)
0...1...2...3...4...5...6...7...8...9...10	Bounce #14 added RGB(12, 13, 13)
0...1...2...3...4...5...6...7...8...9...10	Bounce #15 added RGB(7, 8, 8)
0...1...2...3...4...5...6...7...8...9...10	Bounce #16 added RGB(5, 5, 5)
0...1...2...3...4...5...6...7...8...9...10	Bounce #17 added RGB(3, 3, 3)
0...1...2...3...4...5...6...7...8...9...10	Bounce #18 added RGB(2, 2, 2)
0...1...2...3...4...5...6...7...8...9...10	Bounce #19 added RGB(2, 2, 1)
0...1...2...3...4...5...6...7...8...9...10	Bounce #20 added RGB(1, 1, 1)
0...1...2...3...4...5...6...7...8...9...10	Bounce #21 added RGB(1, 1, 1)
Build Patch/Sample Hash Table(s).....Done<0.0124 sec>
0...1...2...3...4...5...6...7...8...9...10FinalLightFace Done
58 of 58 (100% of) surface lights went in leaf ambient cubes.
0...1...2...3...4...5...6...7...8...9...10Writing leaf ambient...done
Computing static prop lighting : 00...1...2...3...4...5...6...7...8...9...10
Ready to Finish

Object names       Objects/Maxobjs  Memory / Maxmem  Fullness 
------------       ---------------  ---------------  -------- 
models                 113/1024         5424/49152    (11.0%) 
brushes               1645/8192        19740/98304    (20.1%) 
brushsides           11401/65536       91208/524288   (17.4%) 
planes                5216/65536      104320/1310720  ( 8.0%) 
vertexes              7676/65536       92112/786432   (11.7%) 
nodes                 2308/65536       73856/2097152  ( 3.5%) 
texinfos               930/12288       66960/884736   ( 7.6%) 
texdata                 96/2048         3072/65536    ( 4.7%) 
dispinfos                0/0               0/0        ( 0.0%) 
disp_verts               0/0               0/0        ( 0.0%) 
disp_tris                0/0               0/0        ( 0.0%) 
disp_multiblend          0/0               0/0        ( 0.0%) 
disp_lmsamples           0/0               0/0        ( 0.0%) 
faces                 3572/65536      200032/3670016  ( 5.5%) 
hdr faces             3572/65536      200032/3670016  ( 5.5%) 
origfaces             2570/65536      143920/3670016  ( 3.9%) 
facebrushes           1146/0            2292/0        ( 0.0%) 
facebrushlists        3572/0           14288/0        ( 0.0%) 
leaves                2422/65536       77504/2097152  ( 3.7%) 
leaffaces             4845/65536        9690/131072   ( 7.4%) 
leafbrushes           3093/65536        6186/131072   ( 4.7%) 
areas                   14/256           112/2048     ( 5.5%) 
surfedges            27488/512000     109952/2048000  ( 5.4%) 
edges                16999/256000      67996/1024000  ( 6.6%) 
LDR worldlights        140/8192        14000/819200   ( 1.7%) 
HDR worldlights        140/8192        14000/819200   ( 1.7%) 
leafwaterdata            0/32768           0/393216   ( 0.0%) 
waterstrips            407/32768        4070/327680   ( 1.2%) 
waterverts               0/65536           0/786432   ( 0.0%) 
waterindices          6771/65536       13542/131072   (10.3%) 
cubemapsamples          10/1024          160/16384    ( 1.0%) 
overlays                76/512         26752/180224   (14.8%) 
LDR lightdata         [variable]     3998728/0        ( 0.0%) 
HDR lightdata         [variable]     3998728/0        ( 0.0%) 
visdata               [variable]       59035/16777216 ( 0.4%) 
entdata               [variable]      213474/393216   (54.3%) 
LDR ambient table     2422/65536        9688/262144   ( 3.7%) 
HDR ambient table     2422/65536        9688/262144   ( 3.7%) 
LDR leaf ambient      5611/65536      157108/1835008  ( 8.6%) 
HDR leaf ambient      5567/65536      155876/1835008  ( 8.5%) 
occluders                0/0               0/0        ( 0.0%) 
occluder polygons        0/0               0/0        ( 0.0%) 
occluder vert ind        0/0               0/0        ( 0.0%) 
detail props          [variable]           1/12       ( 8.3%) 
static props          [variable]           1/44466    ( 0.0%) 
pakfile               [variable]     5489082/0        ( 0.0%) 
physics               [variable]      600580/4194304  (14.3%) 
physics terrain       [variable]           2/1048576  ( 0.0%) 

Level flags = 3

Total triangle count: 10123
Writing c:\program files (x86)\steam\steamapps\common\portal 2\sdk_content\maps\wip\chapter 8\mp_coop_a4_speed_tb_catch.bsp
1 minute, 29 seconds elapsed
