PRT1
315
709
4 0 146 (-2048 4160 112 ) (-2048 4416 112 ) (-2048 4416 -16 ) (-2048 4160 -16 ) 
4 2 162 (1792 1024 185.959015 ) (1792 1024 639.958984 ) (1528 1024 639.958984 ) (1528 1024 185.959015 ) 
4 2 15 (1792 1164 185.959015 ) (1792 1160 185.959015 ) (1528 1160 185.959015 ) (1528 1164 185.959015 ) 
4 2 16 (1792 1160 185.959015 ) (1792 1024 185.959015 ) (1528 1024 185.959015 ) (1528 1160 185.959015 ) 
4 2 13 (1528 1232 185.959015 ) (1792 1232 185.959015 ) (1792 1164 185.959015 ) (1528 1164 185.959015 ) 
4 2 7 (1528 1232 185.959015 ) (1528 1160 185.959015 ) (1528 1160 189.958603 ) (1528 1232 189.958603 ) 
4 2 9 (1528 1160 185.959015 ) (1528 1024 185.959015 ) (1528 1024 189.958603 ) (1528 1160 189.958603 ) 
4 2 4 (1528 1232 313.959045 ) (1528 1232 281.959045 ) (1528 1192 281.959045 ) (1528 1192 313.959045 ) 
4 2 3 (1528 1072 639.958984 ) (1528 1232 639.958984 ) (1528 1232 313.959045 ) (1528 1072 313.959045 ) 
4 2 5 (1528 1232 281.959045 ) (1528 1232 189.958603 ) (1528 1072 189.958603 ) (1528 1072 281.959045 ) 
4 2 6 (1528 1024 189.958603 ) (1528 1024 639.958984 ) (1528 1072 639.958984 ) (1528 1072 189.958603 ) 
4 3 10 (1336 1072 639.958984 ) (1336 1232 639.958984 ) (1336 1232 313.959045 ) (1336 1072 313.959045 ) 
4 3 4 (1336 1192 313.959045 ) (1336 1232 313.959045 ) (1528 1232 313.959045 ) (1528 1192 313.959045 ) 
4 3 6 (1336 1072 639.958984 ) (1336 1072 313.959045 ) (1528 1072 313.959045 ) (1528 1072 639.958984 ) 
4 4 10 (1336 1232 313.959045 ) (1336 1232 281.959045 ) (1336 1192 281.959045 ) (1336 1192 313.959045 ) 
4 4 5 (1336 1192 281.959045 ) (1336 1232 281.959045 ) (1528 1232 281.959045 ) (1528 1192 281.959045 ) 
4 5 10 (1336 1232 281.959045 ) (1336 1232 189.958603 ) (1336 1072 189.958603 ) (1336 1072 281.959045 ) 
4 5 7 (1468 1232 189.958603 ) (1528 1232 189.958603 ) (1528 1160 189.958603 ) (1468 1160 189.958603 ) 
4 5 8 (1336 1160 189.958603 ) (1336 1232 189.958603 ) (1396 1232 189.958603 ) (1396 1160 189.958603 ) 
4 5 9 (1336 1072 189.958603 ) (1336 1160 189.958603 ) (1528 1160 189.958603 ) (1528 1072 189.958603 ) 
4 5 6 (1336 1072 281.959045 ) (1336 1072 189.958603 ) (1528 1072 189.958603 ) (1528 1072 281.959045 ) 
4 6 166 (1336 1024 281.959045 ) (1336 1024 189.958603 ) (1528 1024 189.958603 ) (1528 1024 281.959045 ) 
4 6 163 (1528 1024 639.958984 ) (1336 1024 639.958984 ) (1336 1024 281.959045 ) (1528 1024 281.959045 ) 
4 6 10 (1336 1024 189.958603 ) (1336 1024 639.958984 ) (1336 1072 639.958984 ) (1336 1072 189.958603 ) 
4 6 9 (1336 1024 189.958603 ) (1336 1072 189.958603 ) (1528 1072 189.958603 ) (1528 1024 189.958603 ) 
4 7 15 (1528 1164 185.959015 ) (1528 1160 185.959015 ) (1468 1160 185.959015 ) (1468 1164 185.959015 ) 
4 7 13 (1468 1232 185.959015 ) (1528 1232 185.959015 ) (1528 1164 185.959015 ) (1468 1164 185.959015 ) 
4 7 9 (1528 1160 185.959015 ) (1528 1160 189.958603 ) (1468 1160 189.958603 ) (1468 1160 185.959015 ) 
4 8 20 (1336 1232 185.959015 ) (1396 1232 185.959015 ) (1396 1160 185.959015 ) (1336 1160 185.959015 ) 
4 8 10 (1336 1232 185.959015 ) (1336 1160 185.959015 ) (1336 1160 189.958603 ) (1336 1232 189.958603 ) 
4 8 9 (1396 1160 189.958603 ) (1336 1160 189.958603 ) (1336 1160 185.959015 ) (1396 1160 185.959015 ) 
4 9 166 (1336 1024 189.958603 ) (1336 1024 185.959015 ) (1528 1024 185.959015 ) (1528 1024 189.958603 ) 
4 9 20 (1396 1024 185.959015 ) (1336 1024 185.959015 ) (1336 1160 185.959015 ) (1396 1160 185.959015 ) 
4 9 16 (1528 1160 185.959015 ) (1528 1024 185.959015 ) (1396 1024 185.959015 ) (1396 1160 185.959015 ) 
4 9 10 (1336 1160 185.959015 ) (1336 1024 185.959015 ) (1336 1024 189.958603 ) (1336 1160 189.958603 ) 
4 10 180 (1336 1024 639.958984 ) (1128 1024 639.958984 ) (1128 1024 185.959015 ) (1336 1024 185.959015 ) 
4 10 20 (1128 1232 185.959015 ) (1336 1232 185.959015 ) (1336 1024 185.959015 ) (1128 1024 185.959015 ) 
4 10 11 (1128 1232 185.959015 ) (1128 1080 185.959015 ) (1128 1080 639.958984 ) (1128 1232 639.958984 ) 
4 11 181 (1093 1024 639.958984 ) (1024 1024 639.958984 ) (1024 1024 185.959015 ) (1093 1024 185.959015 ) 
4 11 47 (1024 1024 185.959015 ) (1024 1024 639.958984 ) (1024 1232 639.958984 ) (1024 1232 185.959015 ) 
5 11 21 (1024 1024 185.959015 ) (1024 1232 185.959015 ) (1128 1232 185.959015 ) (1128 1080 185.959015 ) (1093 1024 185.959015 ) 
4 11 12 (1093 1024 185.959015 ) (1108 1047.997559 185.959015 ) (1107.998779 1047.996216 639.958984 ) (1093.001221 1024 639.958984 ) 
4 12 181 (1100.800049 1024 639.958984 ) (1093 1024 639.958984 ) (1093 1024 185.959015 ) (1100.800049 1024 185.959015 ) 
3 12 22 (1100.800049 1024 185.959015 ) (1093 1024 185.959015 ) (1108 1048 185.959015 ) 
4 13 17 (1468 1232 77.958603 ) (1792 1232 77.958603 ) (1792 1164 77.958603 ) (1468 1164 77.958603 ) 
4 13 15 (1468 1164 77.958603 ) (1792 1164 77.958603 ) (1792 1164 185.959015 ) (1468 1164 185.959015 ) 
4 15 17 (1468 1164 77.958603 ) (1792 1164 77.958603 ) (1792 1160 77.958603 ) (1468 1160 77.958603 ) 
4 15 16 (1468 1160 77.958603 ) (1792 1160 77.958603 ) (1792 1160 185.959015 ) (1468 1160 185.959015 ) 
4 16 171 (1468 1024 185.959015 ) (1396 1024 185.959015 ) (1396 1024 77.958603 ) (1468 1024 77.958603 ) 
4 16 170 (1792 1024 77.958603 ) (1792 1024 185.959015 ) (1468 1024 185.959015 ) (1468 1024 77.958603 ) 
4 16 20 (1396 1024 77.958603 ) (1396 1024 185.959015 ) (1396 1160 185.959015 ) (1396 1160 77.958603 ) 
4 16 18 (1396 1024 77.958603 ) (1396 1160 77.958603 ) (1792 1160 77.958603 ) (1792 1024 77.958603 ) 
4 17 19 (1468 1232 73.958603 ) (1792 1232 73.958603 ) (1792 1160 73.958603 ) (1468 1160 73.958603 ) 
4 17 18 (1468 1160 73.958603 ) (1792 1160 73.958603 ) (1792 1160 77.958603 ) (1468 1160 77.958603 ) 
4 18 176 (1792 1024 73.958603 ) (1792 1024 77.958603 ) (1396 1024 77.958603 ) (1396 1024 73.958603 ) 
4 18 20 (1396 1024 73.958603 ) (1396 1024 77.958603 ) (1396 1160 77.958603 ) (1396 1160 73.958603 ) 
4 18 19 (1396 1024 73.958603 ) (1396 1160 73.958603 ) (1792 1160 73.958603 ) (1792 1024 73.958603 ) 
4 19 179 (1792 1024 -128.041000 ) (1792 1024 73.958603 ) (1396 1024 73.958603 ) (1396 1024 -128.041000 ) 
4 19 23 (1396 1024 -128.041000 ) (1396 1024 59.958599 ) (1396 1232 59.958599 ) (1396 1232 -128.041000 ) 
4 19 20 (1396 1024 59.958599 ) (1396 1024 73.958603 ) (1396 1232 73.958603 ) (1396 1232 59.958599 ) 
4 20 180 (1336 1024 185.959015 ) (1128 1024 185.959015 ) (1128 1024 59.958599 ) (1336 1024 59.958599 ) 
4 20 179 (1396 1024 59.958599 ) (1396 1024 73.958603 ) (1336 1024 73.958603 ) (1336 1024 59.958599 ) 
4 20 176 (1396 1024 73.958603 ) (1396 1024 77.958603 ) (1336 1024 77.958603 ) (1336 1024 73.958603 ) 
4 20 171 (1396 1024 77.958603 ) (1396 1024 185.959015 ) (1336 1024 185.959015 ) (1336 1024 77.958603 ) 
4 20 23 (1128 1232 59.958599 ) (1396 1232 59.958599 ) (1396 1024 59.958599 ) (1128 1024 59.958599 ) 
4 20 21 (1128 1232 59.958599 ) (1128 1080 59.958599 ) (1128 1080 185.959015 ) (1128 1232 185.959015 ) 
4 21 181 (1093 1024 185.959015 ) (1024 1024 185.959015 ) (1024 1024 59.958599 ) (1093 1024 59.958599 ) 
4 21 47 (1024 1024 59.958599 ) (1024 1024 185.959015 ) (1024 1232 185.959015 ) (1024 1232 59.958599 ) 
5 21 23 (1024 1024 59.958599 ) (1024 1232 59.958599 ) (1128 1232 59.958599 ) (1128 1080 59.958599 ) (1093 1024 59.958599 ) 
4 21 22 (1093 1024 59.958599 ) (1108 1047.997559 59.958599 ) (1107.998779 1047.996216 185.959015 ) (1093.001221 1024 185.959015 ) 
4 22 181 (1100.800049 1024 185.959015 ) (1093 1024 185.959015 ) (1093 1024 59.958599 ) (1100.800049 1024 59.958599 ) 
3 22 23 (1100.800049 1024 59.958599 ) (1093 1024 59.958599 ) (1108 1048 59.958599 ) 
4 23 185 (1336 1024 59.958599 ) (1024 1024 59.958599 ) (1024 1024 -128.041000 ) (1336 1024 -128.041000 ) 
4 23 179 (1396 1024 -128.041000 ) (1396 1024 59.958599 ) (1336 1024 59.958599 ) (1336 1024 -128.041000 ) 
4 23 47 (1024 1024 -128.041000 ) (1024 1024 59.958599 ) (1024 1232 59.958599 ) (1024 1232 -128.041000 ) 
4 24 147 (-2048 3776 -16 ) (-2048 3776 112 ) (-2048 4032 112 ) (-2048 4032 -16 ) 
4 25 26 (480 2240 0 ) (608 2240 0 ) (608 2240 256 ) (480 2240 256 ) 
4 26 27 (480 2208 0 ) (896 2208 0 ) (896 2208 256 ) (480 2208 256 ) 
4 27 29 (448 2176 0 ) (896 2176 0 ) (896 2176 256 ) (448 2176 256 ) 
4 27 28 (448 2208 192 ) (448 2208 0 ) (448 2176 0 ) (448 2176 192 ) 
4 28 31 (352 2176 192 ) (352 2176 0 ) (416 2176 0 ) (416 2176 192 ) 
4 28 30 (416 2176 0 ) (448 2176 0 ) (448 2176 192 ) (416 2176 192 ) 
4 29 87 (448 2048 128 ) (448 2048 0 ) (544 2048 0 ) (544 2048 128 ) 
4 29 80 (448 2048 192 ) (448 2048 128 ) (544 2048 128 ) (544 2048 192 ) 
4 29 78 (544 2048 256 ) (448 2048 256 ) (448 2048 192 ) (544 2048 192 ) 
4 29 64 (576 2048 256 ) (544 2048 256 ) (544 2048 0 ) (576 2048 0 ) 
4 29 41 (928 2048 256 ) (576 2048 256 ) (576 2048 0 ) (928 2048 0 ) 
4 29 38 (928 2048 0 ) (896 2048 0 ) (896 2176 0 ) (928 2176 0 ) 
4 29 30 (448 2176 192 ) (448 2176 0 ) (448 2048 0 ) (448 2048 192 ) 
4 30 87 (416 2048 128 ) (416 2048 0 ) (448 2048 0 ) (448 2048 128 ) 
4 30 80 (416 2048 192 ) (416 2048 128 ) (448 2048 128 ) (448 2048 192 ) 
4 30 31 (416 2176 192 ) (416 2176 0 ) (416 2048 0 ) (416 2048 192 ) 
4 31 87 (352 2048 128 ) (352 2048 0 ) (416 2048 0 ) (416 2048 128 ) 
4 31 80 (352 2048 192 ) (352 2048 128 ) (416 2048 128 ) (416 2048 192 ) 
4 31 34 (352 2176 0 ) (352 2048 0 ) (352 2048 128 ) (352 2176 128 ) 
4 32 102 (0 2048 192 ) (0 2048 256 ) (0 2208 256 ) (0 2208 192 ) 
4 32 79 (256 2048 256 ) (0 2048 256 ) (0 2048 192 ) (256 2048 192 ) 
4 32 33 (0 2208 192 ) (256 2208 192 ) (256 2048 192 ) (0 2048 192 ) 
4 33 102 (0 2048 128 ) (0 2048 192 ) (0 2208 192 ) (0 2208 128 ) 
4 33 81 (0 2048 192 ) (0 2048 128 ) (256 2048 128 ) (256 2048 192 ) 
4 33 37 (0 2048 128 ) (0 2208 128 ) (256 2208 128 ) (256 2048 128 ) 
4 34 35 (288 2048 128 ) (288 2176 128 ) (288 2176 0 ) (288 2048 0 ) 
4 35 88 (274 2048 0 ) (288 2048 0 ) (288 2048 128 ) (274 2048 128 ) 
4 35 36 (274 2048 128 ) (274 2208 128 ) (274 2208 0 ) (274 2048 0 ) 
4 36 89 (273 2048 0 ) (274 2048 0 ) (274 2048 128 ) (273 2048 128 ) 
4 36 37 (273 2048 128 ) (273 2208 128 ) (273 2208 0 ) (273 2048 0 ) 
4 37 102 (0 2208 0 ) (0 2048 0 ) (0 2048 128 ) (0 2208 128 ) 
4 37 90 (0 2048 128 ) (0 2048 0 ) (273 2048 0 ) (273 2048 128 ) 
4 38 44 (928 2048 -8 ) (928 2048 0 ) (896 2048 0 ) (896 2048 -8 ) 
4 39 41 (800 2048 256 ) (864 2048 256 ) (864 1984 256 ) (800 1984 256 ) 
4 40 41 (608 2048 256 ) (672 2048 256 ) (672 1984 256 ) (608 1984 256 ) 
4 41 64 (576 1952 256 ) (576 2048 256 ) (576 2048 0 ) (576 1952 0 ) 
4 41 44 (896 2048 0 ) (928 2048 0 ) (928 1952 0 ) (896 1952 0 ) 
4 41 42 (768 1952 0 ) (928 1952 0 ) (928 1952 256 ) (768 1952 256 ) 
4 41 43 (576 1952 0 ) (704 1952 0 ) (704 1952 256 ) (576 1952 256 ) 
4 42 45 (896 1920 0 ) (768 1920 0 ) (768 1952 0 ) (896 1952 0 ) 
4 42 44 (928 1920 0 ) (896 1920 0 ) (896 1952 0 ) (928 1952 0 ) 
4 43 46 (704 1920 0 ) (576 1920 0 ) (576 1952 0 ) (704 1952 0 ) 
4 44 45 (896 1920 -8 ) (896 1920 0 ) (896 1952 0 ) (896 1952 -8 ) 
4 47 186 (1024 1024 -128.041000 ) (1024 1024 639.958984 ) (928 1024 639.958984 ) (928 1024 -128.041000 ) 
4 47 53 (928 1024 127.959007 ) (928 1024 255.959015 ) (928 1056 255.959015 ) (928 1056 127.959007 ) 
4 48 210 (576 1024 1040 ) (576 1024 528 ) (608 1024 528 ) (608 1024 1040 ) 
4 48 200 (608 1024 528 ) (640 1024 528 ) (640 1024 1040 ) (608 1024 1040 ) 
4 48 189 (640 1024 528 ) (768 1024 528 ) (768 1024 1040 ) (640 1024 1040 ) 
4 48 188 (768 1024 528 ) (895 1024 528 ) (895 1024 1040 ) (768 1024 1040 ) 
4 49 50 (608 1280 128 ) (608 1152 128 ) (608 1152 384 ) (608 1280 384 ) 
4 50 65 (576 1152 384 ) (576 1280 384 ) (576 1280 128 ) (576 1152 128 ) 
4 51 60 (576 1056 256 ) (576 1056 128 ) (608 1056 128 ) (608 1056 256 ) 
4 51 56 (608 1056 384 ) (576 1056 384 ) (576 1056 256 ) (608 1056 256 ) 
4 52 191 (704 1024 320 ) (732 1024 320 ) (732 1024 328 ) (704 1024 328 ) 
4 52 190 (732 1024 334 ) (732 1024 336 ) (704 1024 336 ) (704 1024 334 ) 
3 52 54 (704 1038.933350 320 ) (732 1024 320 ) (704 1024 320 ) 
4 53 187 (928 1024 127.959007 ) (928 1024 255.959015 ) (912 1024 255.959015 ) (912 1024 127.959007 ) 
4 53 55 (912 1056 255.959015 ) (912 1056 127.959007 ) (912 1024 127.959007 ) (912 1024 255.959015 ) 
4 54 196 (912 1024 256 ) (912 1024 318 ) (704 1024 318 ) (704 1024 256 ) 
4 54 195 (912 1024 318 ) (912 1024 320 ) (704 1024 320 ) (704 1024 318 ) 
4 54 55 (704 1056 256 ) (912 1056 256 ) (912 1024 256 ) (704 1024 256 ) 
4 55 197 (912 1024 128 ) (912 1024 256 ) (672 1024 256 ) (672 1024 128 ) 
4 56 66 (576 1054 384 ) (576 1056 384 ) (576 1056 256 ) (576 1054 256 ) 
4 56 60 (576 1054 256 ) (576 1056 256 ) (608 1056 256 ) (608 1054 256 ) 
4 56 57 (576 1054 256 ) (608 1054 256 ) (608 1054 384 ) (576 1054 384 ) 
4 57 212 (608 1024 384 ) (576 1024 384 ) (576 1024 256 ) (608 1024 256 ) 
4 57 66 (576 1024 256 ) (576 1024 384 ) (576 1054 384 ) (576 1054 256 ) 
4 57 63 (576 1024 256 ) (576 1054 256 ) (608 1054 256 ) (608 1024 256 ) 
4 58 61 (623 1054 128 ) (640 1054 128 ) (640 1054 256 ) (623 1054 256 ) 
4 58 59 (623 1056 128 ) (623 1054 128 ) (623 1054 256 ) (623 1056 256 ) 
4 59 62 (622 1054 128 ) (623 1054 128 ) (623 1054 256 ) (622 1054 256 ) 
4 59 60 (622 1056 128 ) (622 1054 128 ) (622 1054 256 ) (622 1056 256 ) 
4 60 66 (576 1054 256 ) (576 1056 256 ) (576 1056 128 ) (576 1054 128 ) 
4 60 63 (576 1054 128 ) (622 1054 128 ) (622 1054 256 ) (576 1054 256 ) 
4 61 205 (640 1024 128 ) (640 1024 256 ) (623 1024 256 ) (623 1024 128 ) 
4 61 62 (623 1054 256 ) (623 1054 128 ) (623 1024 128 ) (623 1024 256 ) 
4 62 206 (623 1024 256 ) (622 1024 256 ) (622 1024 128 ) (623 1024 128 ) 
4 62 63 (622 1054 256 ) (622 1054 128 ) (622 1024 128 ) (622 1024 256 ) 
4 63 212 (608 1024 256 ) (576 1024 256 ) (576 1024 128 ) (608 1024 128 ) 
4 63 207 (622 1024 256 ) (608 1024 256 ) (608 1024 128 ) (622 1024 128 ) 
4 63 66 (576 1024 128 ) (576 1024 256 ) (576 1054 256 ) (576 1054 128 ) 
4 64 87 (544 2048 128 ) (544 2048 0 ) (544 2016 0 ) (544 2016 128 ) 
4 64 80 (544 2048 192 ) (544 2048 128 ) (544 2016 128 ) (544 2016 192 ) 
4 64 78 (544 2048 256 ) (544 2048 192 ) (544 2016 192 ) (544 2016 256 ) 
4 65 86 (544 1152 128 ) (544 1152 256 ) (544 1280 256 ) (544 1280 128 ) 
4 65 77 (544 1152 256 ) (544 1152 384 ) (544 1280 384 ) (544 1280 256 ) 
4 66 217 (576 1024 128 ) (576 1024 384 ) (544 1024 384 ) (544 1024 128 ) 
4 66 86 (544 1024 128 ) (544 1024 256 ) (544 1056 256 ) (544 1056 128 ) 
4 66 77 (544 1024 256 ) (544 1024 384 ) (544 1056 384 ) (544 1056 256 ) 
4 67 218 (576 1024 0 ) (576 1024 64 ) (548 1024 64 ) (548 1024 0 ) 
4 67 68 (548 1152 0 ) (548 1024 0 ) (548 1024 64 ) (548 1152 64 ) 
4 68 219 (548 1024 64 ) (544 1024 64 ) (544 1024 0 ) (548 1024 0 ) 
4 68 97 (544 1024 0 ) (544 1024 64 ) (544 1152 64 ) (544 1152 0 ) 
4 69 222 (544 1024 512 ) (544 1024 768 ) (542 1024 768 ) (542 1024 512 ) 
4 69 224 (542 1024 768 ) (0 1024 768 ) (0 1024 480 ) (542 1024 480 ) 
4 69 126 (0 1024 480 ) (0 1024 768 ) (0 1536 768 ) (0 1536 480 ) 
4 69 71 (544 1536 480 ) (544 1024 480 ) (0 1024 480 ) (0 1536 480 ) 
4 70 72 (288 1544 448 ) (544 1544 448 ) (544 1536 448 ) (288 1536 448 ) 
4 70 71 (32 1536 448 ) (544 1536 448 ) (544 1536 480 ) (32 1536 480 ) 
4 71 224 (542 1024 480 ) (0 1024 480 ) (0 1024 448 ) (542 1024 448 ) 
4 71 126 (0 1024 448 ) (0 1024 480 ) (0 1536 480 ) (0 1536 448 ) 
4 71 73 (0 1024 448 ) (0 1536 448 ) (544 1536 448 ) (544 1024 448 ) 
4 72 73 (544 1536 416 ) (544 1536 448 ) (288 1536 448 ) (288 1536 416 ) 
4 73 224 (542 1024 448 ) (0 1024 448 ) (0 1024 384 ) (542 1024 384 ) 
4 73 126 (0 1024 384 ) (0 1024 448 ) (0 1536 448 ) (0 1536 384 ) 
4 73 77 (544 1536 384 ) (544 1024 384 ) (0 1024 384 ) (0 1536 384 ) 
4 74 76 (224 1568 256 ) (416 1568 256 ) (416 1568 384 ) (224 1568 384 ) 
4 75 105 (0 1600 264 ) (0 1600 256 ) (0 1568 256 ) (0 1568 264 ) 
4 75 84 (96 1568 256 ) (0 1568 256 ) (0 1600 256 ) (96 1600 256 ) 
4 76 77 (224 1536 256 ) (416 1536 256 ) (416 1536 384 ) (224 1536 384 ) 
4 77 225 (544 1024 256 ) (544 1024 384 ) (416 1024 384 ) (416 1024 256 ) 
4 77 229 (416 1024 384 ) (0 1024 384 ) (0 1024 256 ) (416 1024 256 ) 
4 77 126 (0 1024 256 ) (0 1024 384 ) (0 1536 384 ) (0 1536 256 ) 
4 77 86 (544 1536 256 ) (544 1024 256 ) (0 1024 256 ) (0 1536 256 ) 
4 78 80 (544 2016 192 ) (448 2016 192 ) (448 2048 192 ) (544 2048 192 ) 
4 79 107 (0 2016 256 ) (0 2048 256 ) (0 2048 192 ) (0 2016 192 ) 
4 79 83 (128 2016 256 ) (0 2016 256 ) (0 2016 192 ) (128 2016 192 ) 
4 79 81 (256 2016 192 ) (0 2016 192 ) (0 2048 192 ) (256 2048 192 ) 
4 80 87 (544 2048 128 ) (544 2016 128 ) (352 2016 128 ) (352 2048 128 ) 
4 81 107 (0 2048 192 ) (0 2048 128 ) (0 2016 128 ) (0 2016 192 ) 
4 81 90 (256 2016 128 ) (0 2016 128 ) (0 2048 128 ) (256 2048 128 ) 
4 81 83 (0 2016 128 ) (128 2016 128 ) (128 2016 192 ) (0 2016 192 ) 
4 82 91 (136 1568 128 ) (128 1568 128 ) (128 1600 128 ) (136 1600 128 ) 
4 82 84 (128 1600 128 ) (128 1568 128 ) (128 1568 256 ) (128 1600 256 ) 
4 83 108 (0 1984 256 ) (0 2016 256 ) (0 2016 128 ) (0 1984 128 ) 
4 83 92 (0 1984 128 ) (0 2016 128 ) (128 2016 128 ) (128 1984 128 ) 
4 83 84 (0 1984 128 ) (128 1984 128 ) (128 1984 256 ) (0 1984 256 ) 
4 84 109 (0 1568 256 ) (0 1984 256 ) (0 1984 128 ) (0 1568 128 ) 
4 84 93 (128 1568 128 ) (0 1568 128 ) (0 1984 128 ) (128 1984 128 ) 
4 84 85 (0 1568 128 ) (96 1568 128 ) (96 1568 192 ) (0 1568 192 ) 
4 85 117 (0 1568 192 ) (0 1568 128 ) (0 1536 128 ) (0 1536 192 ) 
4 85 94 (96 1536 128 ) (0 1536 128 ) (0 1568 128 ) (96 1568 128 ) 
4 85 86 (0 1536 128 ) (96 1536 128 ) (96 1536 192 ) (0 1536 192 ) 
4 86 225 (544 1024 128 ) (544 1024 256 ) (416 1024 256 ) (416 1024 128 ) 
4 86 229 (416 1024 256 ) (0 1024 256 ) (0 1024 128 ) (416 1024 128 ) 
4 86 126 (0 1024 128 ) (0 1024 256 ) (0 1536 256 ) (0 1536 128 ) 
4 86 96 (544 1152 128 ) (544 1024 128 ) (416 1024 128 ) (416 1152 128 ) 
4 86 95 (544 1536 128 ) (544 1152 128 ) (416 1152 128 ) (416 1536 128 ) 
4 86 98 (416 1024 128 ) (0 1024 128 ) (0 1536 128 ) (416 1536 128 ) 
4 88 89 (274 2048 0 ) (274 2016 0 ) (274 2016 128 ) (274 2048 128 ) 
4 89 90 (273 2048 0 ) (273 2016 0 ) (273 2016 128 ) (273 2048 128 ) 
4 90 107 (0 2016 128 ) (0 2048 128 ) (0 2048 0 ) (0 2016 0 ) 
4 90 92 (0 2016 0 ) (128 2016 0 ) (128 2016 128 ) (0 2016 128 ) 
4 91 93 (128 1600 0 ) (128 1568 0 ) (128 1568 128 ) (128 1600 128 ) 
4 92 108 (0 1984 128 ) (0 2016 128 ) (0 2016 0 ) (0 1984 0 ) 
4 92 93 (0 1984 0 ) (128 1984 0 ) (128 1984 128 ) (0 1984 128 ) 
4 93 109 (0 1568 128 ) (0 1984 128 ) (0 1984 0 ) (0 1568 0 ) 
4 93 94 (0 1568 0 ) (96 1568 0 ) (96 1568 128 ) (0 1568 128 ) 
4 94 121 (0 1536 128 ) (0 1568 128 ) (0 1568 0 ) (0 1536 0 ) 
4 94 98 (0 1536 0 ) (96 1536 0 ) (96 1536 128 ) (0 1536 128 ) 
4 95 97 (416 1152 104 ) (416 1152 0 ) (544 1152 0 ) (544 1152 104 ) 
4 95 96 (416 1152 128 ) (416 1152 104 ) (544 1152 104 ) (544 1152 128 ) 
4 95 98 (416 1536 128 ) (416 1536 0 ) (416 1152 0 ) (416 1152 128 ) 
4 96 226 (544 1024 104 ) (544 1024 128 ) (416 1024 128 ) (416 1024 104 ) 
4 96 98 (416 1024 104 ) (416 1024 128 ) (416 1152 128 ) (416 1152 104 ) 
4 96 97 (416 1024 104 ) (416 1152 104 ) (544 1152 104 ) (544 1024 104 ) 
4 97 227 (544 1024 0 ) (544 1024 104 ) (416 1024 104 ) (416 1024 0 ) 
4 97 98 (416 1152 0 ) (416 1024 0 ) (416 1024 104 ) (416 1152 104 ) 
4 98 229 (416 1024 128 ) (0 1024 128 ) (0 1024 0 ) (416 1024 0 ) 
4 98 126 (0 1024 0 ) (0 1024 128 ) (0 1536 128 ) (0 1536 0 ) 
4 99 114 (0 1650.869995 -512 ) (0 1920 -512 ) (0 1920 -1536 ) (0 1650.869995 -1536 ) 
4 99 100 (64 1650.869995 -1536 ) (64 1650.869995 -512 ) (0 1650.869995 -512 ) (0 1650.869995 -1536 ) 
4 100 125 (0 1536 -2560 ) (0 1536 -512 ) (0 1568 -512 ) (0 1568 -2560 ) 
4 100 115 (0 1568 -512 ) (0 1650.869995 -512 ) (0 1650.869995 -2560 ) (0 1568 -2560 ) 
4 100 101 (64 1536 -2560 ) (64 1536 -512 ) (0 1536 -512 ) (0 1536 -2560 ) 
4 101 230 (64 1024 -2560 ) (64 1024 -256 ) (0 1024 -256 ) (0 1024 -2560 ) 
4 101 127 (0 1024 -2560 ) (0 1024 -256 ) (0 1536 -256 ) (0 1536 -2560 ) 
4 102 107 (0 2048 0 ) (0 2048 256 ) (-64 2048 256 ) (-64 2048 0 ) 
4 102 103 (-64 2081 223 ) (-64 2175 223 ) (-64 2175 33 ) (-64 2081 33 ) 
4 104 144 (-1024 1920 256 ) (-1024 1600 256 ) (-1024 1600 1152 ) (-1024 1920 1152 ) 
4 104 110 (-1024 1600 256 ) (-1024 1920 256 ) (-512 1920 256 ) (-512 1600 256 ) 
4 104 106 (-1024 1600 1152 ) (-1024 1600 256 ) (-512 1600 256 ) (-512 1600 1152 ) 
4 105 109 (0 1568 256 ) (-32 1568 256 ) (-32 1600 256 ) (0 1600 256 ) 
4 106 144 (-1024 1600 256 ) (-1024 1568 256 ) (-1024 1568 1152 ) (-1024 1600 1152 ) 
4 106 120 (-1024 1568 1152 ) (-1024 1568 256 ) (-512 1568 256 ) (-512 1568 1152 ) 
4 106 112 (-512 1568 256 ) (-1024 1568 256 ) (-1024 1600 256 ) (-512 1600 256 ) 
4 107 108 (-64 2016 256 ) (-64 2016 0 ) (0 2016 0 ) (0 2016 256 ) 
4 108 109 (-64 1984 256 ) (-64 1984 0 ) (0 1984 0 ) (0 1984 256 ) 
4 109 121 (-32 1568 0 ) (0 1568 0 ) (0 1568 128 ) (-32 1568 128 ) 
4 109 117 (0 1568 128 ) (0 1568 192 ) (-32 1568 192 ) (-32 1568 128 ) 
4 109 111 (-64 1600 0 ) (-64 1568 0 ) (-64 1568 256 ) (-64 1600 256 ) 
4 110 144 (-1024 1920 0 ) (-1024 1600 0 ) (-1024 1600 256 ) (-1024 1920 256 ) 
4 110 113 (-1024 1600 0 ) (-1024 1920 0 ) (-512 1920 0 ) (-512 1600 0 ) 
4 110 112 (-1024 1600 0 ) (-512 1600 0 ) (-512 1600 256 ) (-1024 1600 256 ) 
4 112 144 (-1024 1600 0 ) (-1024 1568 0 ) (-1024 1568 256 ) (-1024 1600 256 ) 
4 112 123 (-1024 1568 128 ) (-1024 1568 0 ) (-512 1568 0 ) (-512 1568 128 ) 
4 112 120 (-1024 1568 256 ) (-1024 1568 128 ) (-512 1568 128 ) (-512 1568 256 ) 
4 112 113 (-512 1568 0 ) (-1024 1568 0 ) (-1024 1600 0 ) (-512 1600 0 ) 
4 113 144 (-1024 1568 -512 ) (-1024 1568 0 ) (-1024 1920 0 ) (-1024 1920 -512 ) 
4 113 124 (-1024 1568 0 ) (-1024 1568 -512 ) (-512 1568 -512 ) (-512 1568 0 ) 
4 113 116 (-512 1568 -512 ) (-1024 1568 -512 ) (-1024 1920 -512 ) (-512 1920 -512 ) 
4 114 115 (-256 1650.869995 -512 ) (-256 1650.869995 -1536 ) (0 1650.869995 -1536 ) (0 1650.869995 -512 ) 
4 114 116 (-256 1650.869995 -1536 ) (-256 1650.869995 -512 ) (-256 1920 -512 ) (-256 1920 -1536 ) 
4 115 125 (-256 1568 -2560 ) (0 1568 -2560 ) (0 1568 -512 ) (-256 1568 -512 ) 
4 115 116 (-256 1650.869995 -2560 ) (-256 1568 -2560 ) (-256 1568 -512 ) (-256 1650.869995 -512 ) 
4 116 144 (-1024 1568 -2560 ) (-1024 1568 -512 ) (-1024 1920 -512 ) (-1024 1920 -2560 ) 
4 116 125 (-1024 1568 -512 ) (-1024 1568 -2560 ) (-256 1568 -2560 ) (-256 1568 -512 ) 
4 117 126 (0 1536 128 ) (0 1536 192 ) (-32 1536 192 ) (-32 1536 128 ) 
4 117 121 (0 1536 128 ) (-32 1536 128 ) (-32 1568 128 ) (0 1568 128 ) 
4 118 126 (-352 1536 768 ) (-352 1536 640 ) (-224 1536 640 ) (-224 1536 768 ) 
4 118 119 (-352 1568 768 ) (-352 1568 640 ) (-352 1536 640 ) (-352 1536 768 ) 
4 119 126 (-480 1536 768 ) (-480 1536 512 ) (-352 1536 512 ) (-352 1536 768 ) 
4 120 144 (-1024 1536 128 ) (-1024 1536 1152 ) (-1024 1568 1152 ) (-1024 1568 128 ) 
4 120 135 (-1024 1536 256 ) (-1024 1536 128 ) (-640 1536 128 ) (-640 1536 256 ) 
4 120 133 (-1024 1536 384 ) (-1024 1536 256 ) (-640 1536 256 ) (-640 1536 384 ) 
4 120 132 (-1024 1536 512 ) (-1024 1536 384 ) (-640 1536 384 ) (-640 1536 512 ) 
4 120 130 (-1024 1536 1152 ) (-1024 1536 512 ) (-512 1536 512 ) (-512 1536 1152 ) 
4 120 123 (-512 1536 128 ) (-1024 1536 128 ) (-1024 1568 128 ) (-512 1568 128 ) 
4 121 126 (0 1536 0 ) (0 1536 128 ) (-32 1536 128 ) (-32 1536 0 ) 
4 122 126 (-352 1536 128 ) (-480 1536 128 ) (-480 1536 0 ) (-352 1536 0 ) 
4 123 144 (-1024 1536 0 ) (-1024 1536 128 ) (-1024 1568 128 ) (-1024 1568 0 ) 
4 123 139 (-640 1536 128 ) (-1024 1536 128 ) (-1024 1536 0 ) (-640 1536 0 ) 
4 123 124 (-512 1536 0 ) (-1024 1536 0 ) (-1024 1568 0 ) (-512 1568 0 ) 
4 124 144 (-1024 1536 -512 ) (-1024 1536 0 ) (-1024 1568 0 ) (-1024 1568 -512 ) 
4 124 142 (-640 1536 0 ) (-1024 1536 0 ) (-1024 1536 -512 ) (-640 1536 -512 ) 
4 124 141 (-640 1536 -256 ) (-640 1536 -512 ) (-512 1536 -512 ) (-512 1536 -256 ) 
4 124 125 (-512 1536 -512 ) (-1024 1536 -512 ) (-1024 1568 -512 ) (-512 1568 -512 ) 
4 125 144 (-1024 1536 -2560 ) (-1024 1536 -512 ) (-1024 1568 -512 ) (-1024 1568 -2560 ) 
4 125 142 (-640 1536 -512 ) (-1024 1536 -512 ) (-1024 1536 -2560 ) (-640 1536 -2560 ) 
4 125 141 (-512 1536 -512 ) (-640 1536 -512 ) (-640 1536 -2560 ) (-512 1536 -2560 ) 
4 125 129 (-480 1536 -512 ) (-512 1536 -512 ) (-512 1536 -2560 ) (-480 1536 -2560 ) 
4 125 127 (0 1536 -2560 ) (0 1536 -512 ) (-480 1536 -512 ) (-480 1536 -2560 ) 
4 126 244 (-480 1024 256 ) (-480 1024 0 ) (-128 1024 0 ) (-128 1024 256 ) 
4 126 243 (-128 1024 0 ) (-64 1024 0 ) (-64 1024 256 ) (-128 1024 256 ) 
4 126 241 (-64 1024 768 ) (-480 1024 768 ) (-480 1024 256 ) (-64 1024 256 ) 
4 126 237 (0 1024 0 ) (0 1024 768 ) (-64 1024 768 ) (-64 1024 0 ) 
4 126 128 (-480 1280 0 ) (-480 1024 0 ) (-480 1024 384 ) (-480 1280 384 ) 
4 127 247 (-64 1024 -256 ) (-128 1024 -256 ) (-128 1024 -2560 ) (-64 1024 -2560 ) 
4 127 248 (-128 1024 -256 ) (-480 1024 -256 ) (-480 1024 -2560 ) (-128 1024 -2560 ) 
4 127 240 (0 1024 -2560 ) (0 1024 -256 ) (-64 1024 -256 ) (-64 1024 -2560 ) 
4 127 129 (-480 1536 -256 ) (-480 1536 -2560 ) (-480 1024 -2560 ) (-480 1024 -256 ) 
4 128 253 (-480 1024 0 ) (-480 1024 256 ) (-512 1024 256 ) (-512 1024 0 ) 
4 128 251 (-480 1024 256 ) (-480 1024 384 ) (-512 1024 384 ) (-512 1024 256 ) 
4 128 140 (-512 1280 0 ) (-512 1024 0 ) (-512 1024 128 ) (-512 1280 128 ) 
4 128 138 (-512 1024 128 ) (-512 1024 256 ) (-512 1280 256 ) (-512 1280 128 ) 
4 128 134 (-512 1024 256 ) (-512 1024 384 ) (-512 1280 384 ) (-512 1280 256 ) 
4 129 255 (-480 1024 -2560 ) (-480 1024 -256 ) (-512 1024 -256 ) (-512 1024 -2560 ) 
4 129 141 (-512 1536 -256 ) (-512 1536 -2560 ) (-512 1024 -2560 ) (-512 1024 -256 ) 
4 130 144 (-1024 1536 1152 ) (-1024 1536 512 ) (-1024 1344 512 ) (-1024 1344 1152 ) 
4 130 132 (-1024 1344 512 ) (-1024 1536 512 ) (-640 1536 512 ) (-640 1344 512 ) 
4 130 131 (-1024 1344 512 ) (-512 1344 512 ) (-512 1344 1152 ) (-1024 1344 1152 ) 
4 131 258 (-512 1024 512 ) (-512 1024 1152 ) (-1024 1024 1152 ) (-1024 1024 512 ) 
4 131 257 (-512 1024 1152 ) (-512 1024 1280 ) (-1024 1024 1280 ) (-1024 1024 1152 ) 
4 131 144 (-1024 1024 512 ) (-1024 1024 1152 ) (-1024 1344 1152 ) (-1024 1344 512 ) 
4 131 143 (-1024 1024 1152 ) (-1024 1024 1280 ) (-1024 1344 1280 ) (-1024 1344 1152 ) 
4 131 132 (-1024 1024 512 ) (-1024 1344 512 ) (-640 1344 512 ) (-640 1024 512 ) 
4 132 259 (-640 1024 512 ) (-1024 1024 512 ) (-1024 1024 384 ) (-640 1024 384 ) 
4 132 144 (-1024 1024 384 ) (-1024 1024 512 ) (-1024 1536 512 ) (-1024 1536 384 ) 
4 132 133 (-1024 1536 384 ) (-640 1536 384 ) (-640 1280 384 ) (-1024 1280 384 ) 
4 132 134 (-640 1280 384 ) (-640 1024 384 ) (-1024 1024 384 ) (-1024 1280 384 ) 
4 133 144 (-1024 1280 384 ) (-1024 1536 384 ) (-1024 1536 256 ) (-1024 1280 256 ) 
4 133 137 (-640 1344 256 ) (-640 1280 256 ) (-1024 1280 256 ) (-1024 1344 256 ) 
4 133 135 (-1024 1536 256 ) (-640 1536 256 ) (-640 1472 256 ) (-1024 1472 256 ) 
4 133 136 (-640 1472 256 ) (-640 1344 256 ) (-1024 1344 256 ) (-1024 1472 256 ) 
4 133 134 (-1024 1280 256 ) (-640 1280 256 ) (-640 1280 384 ) (-1024 1280 384 ) 
4 134 267 (-640 1024 384 ) (-1024 1024 384 ) (-1024 1024 256 ) (-640 1024 256 ) 
4 134 261 (-512 1024 256 ) (-512 1024 384 ) (-640 1024 384 ) (-640 1024 256 ) 
4 134 144 (-1024 1024 256 ) (-1024 1024 384 ) (-1024 1280 384 ) (-1024 1280 256 ) 
4 134 138 (-512 1280 256 ) (-512 1024 256 ) (-1024 1024 256 ) (-1024 1280 256 ) 
4 135 144 (-1024 1472 256 ) (-1024 1536 256 ) (-1024 1536 128 ) (-1024 1472 128 ) 
4 135 139 (-1024 1472 128 ) (-1024 1536 128 ) (-640 1536 128 ) (-640 1472 128 ) 
4 135 136 (-1024 1472 128 ) (-640 1472 128 ) (-640 1472 256 ) (-1024 1472 256 ) 
4 136 144 (-1024 1344 256 ) (-1024 1472 256 ) (-1024 1472 128 ) (-1024 1344 128 ) 
4 136 139 (-1024 1344 128 ) (-1024 1472 128 ) (-640 1472 128 ) (-640 1344 128 ) 
4 136 137 (-1024 1344 128 ) (-640 1344 128 ) (-640 1344 256 ) (-1024 1344 256 ) 
4 137 144 (-1024 1280 256 ) (-1024 1344 256 ) (-1024 1344 128 ) (-1024 1280 128 ) 
4 137 139 (-1024 1280 128 ) (-1024 1344 128 ) (-640 1344 128 ) (-640 1280 128 ) 
4 137 138 (-1024 1280 128 ) (-640 1280 128 ) (-640 1280 256 ) (-1024 1280 256 ) 
4 138 267 (-640 1024 256 ) (-1024 1024 256 ) (-1024 1024 128 ) (-640 1024 128 ) 
4 138 263 (-512 1024 128 ) (-512 1024 256 ) (-640 1024 256 ) (-640 1024 128 ) 
4 138 144 (-1024 1024 128 ) (-1024 1024 256 ) (-1024 1280 256 ) (-1024 1280 128 ) 
4 138 140 (-1024 1024 128 ) (-1024 1280 128 ) (-512 1280 128 ) (-512 1024 128 ) 
4 139 144 (-1024 1280 128 ) (-1024 1536 128 ) (-1024 1536 0 ) (-1024 1280 0 ) 
4 139 142 (-1024 1536 0 ) (-640 1536 0 ) (-640 1280 0 ) (-1024 1280 0 ) 
4 139 140 (-1024 1280 0 ) (-640 1280 0 ) (-640 1280 128 ) (-1024 1280 128 ) 
4 140 267 (-640 1024 128 ) (-1024 1024 128 ) (-1024 1024 0 ) (-640 1024 0 ) 
4 140 263 (-512 1024 0 ) (-512 1024 128 ) (-640 1024 128 ) (-640 1024 0 ) 
4 140 144 (-1024 1024 0 ) (-1024 1024 128 ) (-1024 1280 128 ) (-1024 1280 0 ) 
4 140 142 (-640 1024 0 ) (-1024 1024 0 ) (-1024 1280 0 ) (-640 1280 0 ) 
4 141 266 (-512 1024 -2560 ) (-512 1024 -256 ) (-640 1024 -256 ) (-640 1024 -2560 ) 
4 141 142 (-640 1536 -256 ) (-640 1536 -2560 ) (-640 1024 -2560 ) (-640 1024 -256 ) 
4 142 267 (-640 1024 -2560 ) (-640 1024 0 ) (-1024 1024 0 ) (-1024 1024 -2560 ) 
4 142 144 (-1024 1024 -2560 ) (-1024 1024 0 ) (-1024 1536 0 ) (-1024 1536 -2560 ) 
4 143 268 (-1024 1024 1152 ) (-1024 1024 1280 ) (-2048 1024 1280 ) (-2048 1024 1152 ) 
4 143 148 (-2048 1024 1152 ) (-2048 1024 1280 ) (-2048 1344 1280 ) (-2048 1344 1152 ) 
4 143 145 (-1920 1024 1152 ) (-2048 1024 1152 ) (-2048 1344 1152 ) (-1920 1344 1152 ) 
4 143 144 (-1024 1024 1152 ) (-1920 1024 1152 ) (-1920 1344 1152 ) (-1024 1344 1152 ) 
4 144 271 (-1824 1024 512 ) (-1824 1024 0 ) (-1792 1024 0 ) (-1792 1024 512 ) 
4 144 270 (-1792 1024 1152 ) (-1824 1024 1152 ) (-1824 1024 512 ) (-1792 1024 512 ) 
4 144 272 (-1824 1024 0 ) (-1824 1024 -2560 ) (-1792 1024 -2560 ) (-1792 1024 0 ) 
4 144 269 (-1024 1024 -2560 ) (-1024 1024 1152 ) (-1792 1024 1152 ) (-1792 1024 -2560 ) 
4 144 274 (-1824 1024 1152 ) (-1920 1024 1152 ) (-1920 1024 -2560 ) (-1824 1024 -2560 ) 
4 144 145 (-1920 1920 1152 ) (-1920 1920 -864 ) (-1920 1024 -864 ) (-1920 1024 1152 ) 
4 145 275 (-1920 1024 1152 ) (-2048 1024 1152 ) (-2048 1024 -864 ) (-1920 1024 -864 ) 
4 145 149 (-2048 1024 -864 ) (-2048 1024 1152 ) (-2048 1920 1152 ) (-2048 1920 -864 ) 
4 148 284 (-2688 1024 1280 ) (-3072 1024 1280 ) (-3072 1024 1152 ) (-2688 1024 1152 ) 
4 148 281 (-2048 1024 1152 ) (-2048 1024 1280 ) (-2688 1024 1280 ) (-2688 1024 1152 ) 
4 148 150 (-3072 1024 1152 ) (-3072 1024 1280 ) (-3072 1344 1280 ) (-3072 1344 1152 ) 
4 148 149 (-3072 1024 1152 ) (-3072 1344 1152 ) (-2048 1344 1152 ) (-2048 1024 1152 ) 
4 149 285 (-2688 1024 1152 ) (-3072 1024 1152 ) (-3072 1024 -864 ) (-2688 1024 -864 ) 
4 149 283 (-2176 1024 1152 ) (-2688 1024 1152 ) (-2688 1024 -864 ) (-2176 1024 -864 ) 
4 149 282 (-2048 1024 -864 ) (-2048 1024 1152 ) (-2176 1024 1152 ) (-2176 1024 -864 ) 
4 149 151 (-3072 1024 -864 ) (-3072 1024 1152 ) (-3072 1920 1152 ) (-3072 1920 -864 ) 
4 150 288 (-3072 1024 1152 ) (-3072 1024 1280 ) (-4096 1024 1280 ) (-4096 1024 1152 ) 
4 150 156 (-4096 1024 1152 ) (-4096 1024 1280 ) (-4096 1344 1280 ) (-4096 1344 1152 ) 
4 150 151 (-4096 1024 1152 ) (-4096 1344 1152 ) (-3072 1344 1152 ) (-3072 1024 1152 ) 
4 151 289 (-3072 1024 -864 ) (-3072 1024 1152 ) (-4096 1024 1152 ) (-4096 1024 -864 ) 
4 151 157 (-4096 1024 -864 ) (-4096 1024 1152 ) (-4096 1920 1152 ) (-4096 1920 -864 ) 
4 152 154 (-4608 3072 -1984 ) (-4608 3072 2048 ) (-5120 3072 2048 ) (-5120 3072 -1984 ) 
4 152 153 (-5120 3392 -1984 ) (-5120 3072 -1984 ) (-5120 3072 2048 ) (-5120 3392 2048 ) 
4 153 159 (-5120 3072 -1984 ) (-5120 3072 2048 ) (-5728 3072 2048 ) (-5728 3072 -1984 ) 
4 154 159 (-5120 3072 2048 ) (-5120 3072 -1984 ) (-5120 2304 -1984 ) (-5120 2304 2048 ) 
4 154 155 (-4608 2304 -864 ) (-4608 2304 2048 ) (-5120 2304 2048 ) (-5120 2304 -864 ) 
4 155 160 (-5120 2048 -864 ) (-5120 2048 2048 ) (-5120 2304 2048 ) (-5120 2304 -864 ) 
4 155 158 (-4608 2048 -864 ) (-4608 2048 2048 ) (-5120 2048 2048 ) (-5120 2048 -864 ) 
4 156 296 (-4096 1024 1152 ) (-4096 1024 1280 ) (-4608 1024 1280 ) (-4608 1024 1152 ) 
4 156 158 (-4608 1344 1152 ) (-4608 1024 1152 ) (-4608 1024 1280 ) (-4608 1344 1280 ) 
4 156 157 (-4096 1024 1152 ) (-4608 1024 1152 ) (-4608 1344 1152 ) (-4096 1344 1152 ) 
4 157 298 (-4096 1024 -864 ) (-4096 1024 1152 ) (-4608 1024 1152 ) (-4608 1024 -864 ) 
4 157 158 (-4608 1024 -864 ) (-4608 1024 1152 ) (-4608 1920 1152 ) (-4608 1920 -864 ) 
4 158 300 (-4608 1024 -864 ) (-4608 1024 2048 ) (-5120 1024 2048 ) (-5120 1024 -864 ) 
4 158 161 (-5120 1024 -864 ) (-5120 1024 2048 ) (-5120 2048 2048 ) (-5120 2048 -864 ) 
4 159 160 (-5728 2304 2048 ) (-5728 2304 -864 ) (-5120 2304 -864 ) (-5120 2304 2048 ) 
4 160 161 (-5120 2048 -864 ) (-5120 2048 2048 ) (-5728 2048 2048 ) (-5728 2048 -864 ) 
4 161 302 (-5120 1024 -864 ) (-5120 1024 2048 ) (-5728 1024 2048 ) (-5728 1024 -864 ) 
4 162 173 (1792 688 185.959015 ) (1528 688 185.959015 ) (1528 756 185.959015 ) (1792 756 185.959015 ) 
4 162 170 (1528 756 185.959015 ) (1528 1024 185.959015 ) (1792 1024 185.959015 ) (1792 756 185.959015 ) 
4 162 167 (1528 760 185.959015 ) (1528 688 185.959015 ) (1528 688 281.959045 ) (1528 760 281.959045 ) 
4 162 166 (1528 1024 185.959015 ) (1528 760 185.959015 ) (1528 760 281.959045 ) (1528 1024 281.959045 ) 
4 162 165 (1528 688 281.959045 ) (1528 688 313.959045 ) (1528 728 313.959045 ) (1528 728 281.959045 ) 
4 162 164 (1528 688 313.959045 ) (1528 688 639.958984 ) (1528 848 639.958984 ) (1528 848 313.959045 ) 
4 162 163 (1528 848 639.958984 ) (1528 1024 639.958984 ) (1528 1024 281.959045 ) (1528 848 281.959045 ) 
4 163 180 (1336 848 639.958984 ) (1336 1024 639.958984 ) (1336 1024 281.959045 ) (1336 848 281.959045 ) 
4 163 166 (1336 848 281.959045 ) (1336 1024 281.959045 ) (1528 1024 281.959045 ) (1528 848 281.959045 ) 
4 163 164 (1336 848 639.958984 ) (1336 848 313.959045 ) (1528 848 313.959045 ) (1528 848 639.958984 ) 
4 164 180 (1336 688 313.959045 ) (1336 688 639.958984 ) (1336 848 639.958984 ) (1336 848 313.959045 ) 
4 164 165 (1336 688 313.959045 ) (1336 728 313.959045 ) (1528 728 313.959045 ) (1528 688 313.959045 ) 
4 165 180 (1336 688 281.959045 ) (1336 688 313.959045 ) (1336 728 313.959045 ) (1336 728 281.959045 ) 
4 165 168 (1396 728 281.959045 ) (1468 728 281.959045 ) (1468 688 281.959045 ) (1396 688 281.959045 ) 
4 165 169 (1336 688 281.959045 ) (1336 728 281.959045 ) (1396 728 281.959045 ) (1396 688 281.959045 ) 
4 165 167 (1468 728 281.959045 ) (1528 728 281.959045 ) (1528 688 281.959045 ) (1468 688 281.959045 ) 
4 166 180 (1336 760 281.959045 ) (1336 1024 281.959045 ) (1336 1024 185.959015 ) (1336 760 185.959015 ) 
4 166 171 (1336 760 185.959015 ) (1336 1024 185.959015 ) (1468 1024 185.959015 ) (1468 760 185.959015 ) 
4 166 170 (1468 1024 185.959015 ) (1528 1024 185.959015 ) (1528 760 185.959015 ) (1468 760 185.959015 ) 
4 166 168 (1468 760 189.958603 ) (1468 760 281.959045 ) (1396 760 281.959045 ) (1396 760 189.958603 ) 
4 166 169 (1336 760 185.959015 ) (1396 760 185.959015 ) (1396 760 281.959045 ) (1336 760 281.959045 ) 
4 166 167 (1468 760 185.959015 ) (1528 760 185.959015 ) (1528 760 281.959045 ) (1468 760 281.959045 ) 
4 167 173 (1528 688 185.959015 ) (1468 688 185.959015 ) (1468 756 185.959015 ) (1528 756 185.959015 ) 
4 167 170 (1468 756 185.959015 ) (1468 760 185.959015 ) (1528 760 185.959015 ) (1528 756 185.959015 ) 
4 167 168 (1468 760 281.959045 ) (1468 760 189.958603 ) (1468 688 189.958603 ) (1468 688 281.959045 ) 
4 168 169 (1396 760 281.959045 ) (1396 760 189.958603 ) (1396 688 189.958603 ) (1396 688 281.959045 ) 
4 169 180 (1336 688 185.959015 ) (1336 688 281.959045 ) (1336 760 281.959045 ) (1336 760 185.959015 ) 
4 169 175 (1396 688 185.959015 ) (1336 688 185.959015 ) (1336 756 185.959015 ) (1396 756 185.959015 ) 
4 169 172 (1336 756 185.959015 ) (1336 760 185.959015 ) (1396 760 185.959015 ) (1396 756 185.959015 ) 
4 170 177 (1792 760 77.958603 ) (1792 756 77.958603 ) (1468 756 77.958603 ) (1468 760 77.958603 ) 
4 170 176 (1468 1024 77.958603 ) (1792 1024 77.958603 ) (1792 760 77.958603 ) (1468 760 77.958603 ) 
4 170 173 (1468 756 77.958603 ) (1792 756 77.958603 ) (1792 756 185.959015 ) (1468 756 185.959015 ) 
4 170 171 (1468 1024 77.958603 ) (1468 760 77.958603 ) (1468 760 185.959015 ) (1468 1024 185.959015 ) 
4 171 180 (1336 760 185.959015 ) (1336 1024 185.959015 ) (1336 1024 77.958603 ) (1336 760 77.958603 ) 
4 171 176 (1336 760 77.958603 ) (1336 1024 77.958603 ) (1468 1024 77.958603 ) (1468 760 77.958603 ) 
4 171 172 (1336 760 77.958603 ) (1396 760 77.958603 ) (1396 760 185.959015 ) (1336 760 185.959015 ) 
4 172 180 (1336 756 185.959015 ) (1336 760 185.959015 ) (1336 760 77.958603 ) (1336 756 77.958603 ) 
4 172 178 (1336 756 77.958603 ) (1336 760 77.958603 ) (1396 760 77.958603 ) (1396 756 77.958603 ) 
4 172 175 (1336 756 77.958603 ) (1396 756 77.958603 ) (1396 756 185.959015 ) (1336 756 185.959015 ) 
4 173 177 (1792 688 77.958603 ) (1468 688 77.958603 ) (1468 756 77.958603 ) (1792 756 77.958603 ) 
4 175 180 (1336 688 77.958603 ) (1336 688 185.959015 ) (1336 756 185.959015 ) (1336 756 77.958603 ) 
4 175 178 (1396 688 77.958603 ) (1336 688 77.958603 ) (1336 756 77.958603 ) (1396 756 77.958603 ) 
4 176 180 (1336 760 77.958603 ) (1336 1024 77.958603 ) (1336 1024 73.958603 ) (1336 760 73.958603 ) 
4 176 179 (1336 760 73.958603 ) (1336 1024 73.958603 ) (1792 1024 73.958603 ) (1792 760 73.958603 ) 
4 176 178 (1336 760 73.958603 ) (1396 760 73.958603 ) (1396 760 77.958603 ) (1336 760 77.958603 ) 
4 176 177 (1468 760 73.958603 ) (1792 760 73.958603 ) (1792 760 77.958603 ) (1468 760 77.958603 ) 
4 177 179 (1468 760 73.958603 ) (1792 760 73.958603 ) (1792 688 73.958603 ) (1468 688 73.958603 ) 
4 178 180 (1336 688 73.958603 ) (1336 688 77.958603 ) (1336 760 77.958603 ) (1336 760 73.958603 ) 
4 178 179 (1336 688 73.958603 ) (1336 760 73.958603 ) (1396 760 73.958603 ) (1396 688 73.958603 ) 
4 179 185 (1336 688 -128.041000 ) (1336 688 59.958599 ) (1336 1024 59.958599 ) (1336 1024 -128.041000 ) 
4 179 180 (1336 688 59.958599 ) (1336 688 73.958603 ) (1336 1024 73.958603 ) (1336 1024 59.958599 ) 
4 180 185 (1336 1024 59.958599 ) (1336 688 59.958599 ) (1128 688 59.958599 ) (1128 1024 59.958599 ) 
4 180 183 (1128 840 59.958599 ) (1128 688 59.958599 ) (1128 688 639.958984 ) (1128 840 639.958984 ) 
4 180 182 (1128 1008 59.958599 ) (1128 912 59.958599 ) (1128 912 639.958984 ) (1128 1008 639.958984 ) 
4 181 186 (1024 1024 639.958984 ) (1024 1024 59.958599 ) (1024 1008 59.958599 ) (1024 1008 639.958984 ) 
4 181 185 (1024 1008 59.958599 ) (1024 1024 59.958599 ) (1100.800049 1024 59.958599 ) (1096 1008 59.958599 ) 
4 181 182 (1024 1008 59.958599 ) (1096 1008 59.958599 ) (1096 1008 639.958984 ) (1024 1008 639.958984 ) 
4 182 186 (1024 1008 59.958599 ) (1024 912 59.958599 ) (1024 912 639.958984 ) (1024 1008 639.958984 ) 
4 182 185 (1024 912 59.958599 ) (1024 1008 59.958599 ) (1128 1008 59.958599 ) (1128 912 59.958599 ) 
4 182 184 (1083 912 59.958599 ) (1096 912 59.958599 ) (1096 912 639.958984 ) (1083 912 639.958984 ) 
4 182 183 (1024 912 59.958599 ) (1083 912 59.958599 ) (1083 912 639.958984 ) (1024 912 639.958984 ) 
4 183 186 (1024 912 59.958599 ) (1024 688 59.958599 ) (1024 688 639.958984 ) (1024 912 639.958984 ) 
5 183 185 (1128 688 59.958599 ) (1024 688 59.958599 ) (1024 912 59.958599 ) (1083 912 59.958599 ) (1128 840 59.958599 ) 
4 183 184 (1107.998047 872.006714 59.958599 ) (1083.001953 912 59.958599 ) (1083.001953 912 639.958984 ) (1107.998047 872.006653 639.958984 ) 
3 184 185 (1083 912 59.958599 ) (1096 912 59.958599 ) (1108 872 59.958599 ) 
4 185 186 (1024 1024 59.958599 ) (1024 1024 -128.041000 ) (1024 688 -128.041000 ) (1024 688 59.958599 ) 
4 186 187 (928 1024 255.959015 ) (928 1024 127.959007 ) (928 864 127.959007 ) (928 864 255.959015 ) 
4 187 198 (912 896 127.959007 ) (912 864 127.959007 ) (912 864 255.959015 ) (912 896 255.959015 ) 
4 187 197 (912 1024 255.959015 ) (912 1024 127.959007 ) (912 896 127.959007 ) (912 896 255.959015 ) 
4 188 192 (895 896 528 ) (895 896 1040 ) (768 896 1040 ) (768 896 528 ) 
4 188 189 (768 896 528 ) (768 896 1040 ) (768 1024 1040 ) (768 1024 528 ) 
4 189 200 (640 1024 1040 ) (640 1024 528 ) (640 896 528 ) (640 896 1040 ) 
4 189 192 (640 896 1040 ) (640 896 528 ) (768 896 528 ) (768 896 1040 ) 
4 190 193 (704 896 334 ) (732 896 334 ) (732 896 336 ) (704 896 336 ) 
4 191 195 (704 1024 320 ) (768 1024 320 ) (768 896 320 ) (704 896 320 ) 
4 191 193 (704 896 320 ) (732 896 320 ) (732 896 328 ) (704 896 328 ) 
4 192 201 (640 864 528 ) (640 576 528 ) (640 576 1040 ) (640 864 1040 ) 
4 192 200 (640 896 1040 ) (640 896 528 ) (640 864 528 ) (640 864 1040 ) 
3 193 195 (704 896 320 ) (732 896 320 ) (704 881.066711 320 ) 
4 194 276 (640 0 896 ) (640 0 320 ) (752 0 320 ) (752 0 896 ) 
4 194 202 (640 0 320 ) (640 0 896 ) (640 480 896 ) (640 480 320 ) 
4 194 199 (640 0 320 ) (640 480 320 ) (752 480 320 ) (752 0 320 ) 
4 195 196 (912 864 318 ) (704 864 318 ) (704 1024 318 ) (912 1024 318 ) 
4 196 198 (912 864 256 ) (704 864 256 ) (704 896 256 ) (912 896 256 ) 
4 196 197 (704 896 256 ) (704 1024 256 ) (912 1024 256 ) (912 896 256 ) 
4 197 205 (640 896 256 ) (640 1024 256 ) (640 1024 128 ) (640 896 128 ) 
4 197 198 (672 896 128 ) (912 896 128 ) (912 896 256 ) (672 896 256 ) 
4 199 276 (752 0 320 ) (640 0 320 ) (640 0 48 ) (752 0 48 ) 
4 199 209 (640 0 48 ) (640 0 128 ) (640 480 128 ) (640 480 48 ) 
4 199 208 (640 0 128 ) (640 0 256 ) (640 480 256 ) (640 480 128 ) 
4 199 204 (640 0 256 ) (640 0 288 ) (640 480 288 ) (640 480 256 ) 
4 199 202 (640 0 288 ) (640 0 320 ) (640 480 320 ) (640 480 288 ) 
4 200 210 (608 1024 1040 ) (608 1024 528 ) (608 864 528 ) (608 864 1040 ) 
4 200 201 (640 864 528 ) (640 864 1040 ) (608 864 1040 ) (608 864 528 ) 
4 201 210 (608 576 528 ) (608 576 1040 ) (608 864 1040 ) (608 864 528 ) 
4 202 276 (640 0 288 ) (640 0 896 ) (608 0 896 ) (608 0 288 ) 
4 202 214 (608 480 288 ) (608 0 288 ) (608 0 384 ) (608 480 384 ) 
4 202 211 (608 0 384 ) (608 0 896 ) (608 480 896 ) (608 480 384 ) 
4 202 204 (608 0 288 ) (608 480 288 ) (640 480 288 ) (640 0 288 ) 
4 203 212 (608 1024 288 ) (608 1024 256 ) (608 992 256 ) (608 992 288 ) 
4 203 207 (608 992 256 ) (608 1024 256 ) (616 1024 256 ) (616 992 256 ) 
4 204 276 (640 0 256 ) (640 0 288 ) (608 0 288 ) (608 0 256 ) 
4 204 214 (608 480 256 ) (608 0 256 ) (608 0 288 ) (608 480 288 ) 
4 204 208 (608 0 256 ) (608 480 256 ) (640 480 256 ) (640 0 256 ) 
4 205 206 (623 1024 128 ) (623 864 128 ) (623 864 256 ) (623 1024 256 ) 
4 206 207 (622 1024 128 ) (622 864 128 ) (622 864 256 ) (622 1024 256 ) 
4 207 213 (608 866 128 ) (608 864 128 ) (608 864 256 ) (608 866 256 ) 
4 207 212 (608 1024 256 ) (608 1024 128 ) (608 866 128 ) (608 866 256 ) 
4 208 276 (640 0 128 ) (640 0 256 ) (608 0 256 ) (608 0 128 ) 
4 208 214 (608 480 128 ) (608 0 128 ) (608 0 256 ) (608 480 256 ) 
4 208 209 (608 0 128 ) (608 480 128 ) (640 480 128 ) (640 0 128 ) 
4 209 276 (640 0 48 ) (640 0 128 ) (608 0 128 ) (608 0 48 ) 
4 209 215 (608 0 48 ) (608 0 128 ) (608 480 128 ) (608 480 48 ) 
4 210 220 (576 704 576 ) (576 704 768 ) (576 768 768 ) (576 768 576 ) 
4 210 216 (576 1024 768 ) (576 1024 576 ) (576 768 576 ) (576 768 768 ) 
4 211 276 (608 0 384 ) (608 0 896 ) (576 0 896 ) (576 0 384 ) 
4 211 221 (576 480 384 ) (576 0 384 ) (576 0 896 ) (576 480 896 ) 
4 211 214 (576 0 384 ) (576 480 384 ) (608 480 384 ) (608 0 384 ) 
4 212 217 (576 1024 384 ) (576 1024 128 ) (576 866 128 ) (576 866 384 ) 
4 212 213 (576 866 128 ) (608 866 128 ) (608 866 384 ) (576 866 384 ) 
4 213 217 (576 866 128 ) (576 864 128 ) (576 864 384 ) (576 866 384 ) 
4 214 276 (608 0 128 ) (608 0 384 ) (576 0 384 ) (576 0 128 ) 
4 214 221 (576 480 128 ) (576 0 128 ) (576 0 384 ) (576 480 384 ) 
4 214 215 (576 0 128 ) (576 480 128 ) (608 480 128 ) (608 0 128 ) 
4 215 276 (608 0 48 ) (608 0 128 ) (576 0 128 ) (576 0 48 ) 
4 215 221 (576 480 48 ) (576 0 48 ) (576 0 128 ) (576 480 128 ) 
4 216 222 (544 896 768 ) (544 1024 768 ) (544 1024 576 ) (544 896 576 ) 
4 216 223 (544 768 576 ) (544 768 768 ) (544 896 768 ) (544 896 576 ) 
4 216 220 (544 768 768 ) (544 768 576 ) (576 768 576 ) (576 768 768 ) 
4 217 225 (544 864 384 ) (544 1024 384 ) (544 1024 128 ) (544 864 128 ) 
4 218 219 (548 1024 0 ) (548 768 0 ) (548 768 64 ) (548 1024 64 ) 
4 219 227 (544 768 0 ) (544 768 64 ) (544 1024 64 ) (544 1024 0 ) 
4 220 223 (544 704 768 ) (544 768 768 ) (544 768 576 ) (544 704 576 ) 
4 221 276 (576 0 48 ) (576 0 896 ) (544 0 896 ) (544 0 48 ) 
4 221 234 (544 0 48 ) (544 0 896 ) (544 480 896 ) (544 480 48 ) 
4 222 223 (542 896 768 ) (542 896 512 ) (544 896 512 ) (544 896 768 ) 
4 222 224 (542 896 512 ) (542 896 768 ) (542 1024 768 ) (542 1024 512 ) 
4 223 225 (542 768 384 ) (542 896 384 ) (544 896 384 ) (544 768 384 ) 
4 223 228 (544 512 384 ) (542 512 384 ) (542 768 384 ) (544 768 384 ) 
4 223 224 (542 896 384 ) (542 512 384 ) (542 512 768 ) (542 896 768 ) 
4 224 237 (0 1024 768 ) (0 1024 384 ) (0 512 384 ) (0 512 768 ) 
4 224 232 (0 512 416 ) (0 512 384 ) (128 512 384 ) (128 512 416 ) 
4 224 231 (416 512 768 ) (160 512 768 ) (160 512 512 ) (416 512 512 ) 
4 224 225 (416 768 384 ) (416 1024 384 ) (542 1024 384 ) (542 768 384 ) 
4 224 228 (542 512 384 ) (416 512 384 ) (416 768 384 ) (542 768 384 ) 
4 224 229 (416 512 384 ) (0 512 384 ) (0 1024 384 ) (416 1024 384 ) 
4 225 229 (416 768 128 ) (416 768 384 ) (416 1024 384 ) (416 1024 128 ) 
4 225 228 (416 768 384 ) (416 768 128 ) (544 768 128 ) (544 768 384 ) 
4 225 226 (544 768 128 ) (416 768 128 ) (416 1024 128 ) (544 1024 128 ) 
4 226 227 (544 768 104 ) (416 768 104 ) (416 1024 104 ) (544 1024 104 ) 
4 226 229 (416 768 104 ) (416 768 128 ) (416 1024 128 ) (416 1024 104 ) 
4 226 228 (416 768 128 ) (416 768 104 ) (544 768 104 ) (544 768 128 ) 
4 227 228 (416 768 104 ) (416 768 0 ) (544 768 0 ) (544 768 104 ) 
4 227 229 (416 1024 0 ) (416 768 0 ) (416 768 104 ) (416 1024 104 ) 
4 228 229 (416 768 0 ) (416 512 0 ) (416 512 384 ) (416 768 384 ) 
4 229 237 (0 1024 384 ) (0 1024 0 ) (0 512 0 ) (0 512 384 ) 
4 229 232 (128 512 384 ) (0 512 384 ) (0 512 0 ) (128 512 0 ) 
4 230 240 (0 1024 -256 ) (0 1024 -2560 ) (0 512 -2560 ) (0 512 -256 ) 
4 231 234 (416 480 768 ) (160 480 768 ) (160 480 512 ) (416 480 512 ) 
4 232 239 (0 512 224 ) (0 512 0 ) (0 488 0 ) (0 488 224 ) 
4 232 238 (0 488 416 ) (0 512 416 ) (0 512 224 ) (0 488 224 ) 
4 232 233 (128 488 224 ) (128 488 416 ) (0 488 416 ) (0 488 224 ) 
4 233 238 (0 480 224 ) (0 480 416 ) (0 488 416 ) (0 488 224 ) 
4 233 235 (0 480 416 ) (0 480 224 ) (128 480 224 ) (128 480 416 ) 
4 234 276 (544 0 48 ) (544 0 896 ) (160 0 896 ) (160 0 48 ) 
4 235 238 (0 384 224 ) (0 384 416 ) (0 480 416 ) (0 480 224 ) 
4 236 249 (-480 384 768 ) (-480 192 768 ) (-480 192 1152 ) (-480 384 1152 ) 
4 236 242 (-480 192 768 ) (-480 384 768 ) (-128 384 768 ) (-128 192 768 ) 
4 237 243 (-64 1024 256 ) (-64 1024 0 ) (-64 512 0 ) (-64 512 256 ) 
4 237 241 (-64 512 768 ) (-64 1024 768 ) (-64 1024 256 ) (-64 512 256 ) 
4 237 239 (-64 512 224 ) (-64 512 0 ) (0 512 0 ) (0 512 224 ) 
4 237 238 (-64 512 416 ) (-64 512 224 ) (0 512 224 ) (0 512 416 ) 
4 238 243 (-64 512 256 ) (-64 512 224 ) (-64 488 224 ) (-64 488 256 ) 
4 238 239 (-64 488 224 ) (-64 512 224 ) (0 512 224 ) (0 488 224 ) 
4 239 243 (-64 512 224 ) (-64 512 0 ) (-64 488 0 ) (-64 488 224 ) 
4 240 247 (-64 1024 -256 ) (-64 1024 -2560 ) (-64 512 -2560 ) (-64 512 -256 ) 
4 241 251 (-480 1024 384 ) (-480 1024 256 ) (-480 768 256 ) (-480 768 384 ) 
4 241 244 (-480 512 256 ) (-480 1024 256 ) (-128 1024 256 ) (-128 512 256 ) 
4 241 243 (-128 1024 256 ) (-64 1024 256 ) (-64 512 256 ) (-128 512 256 ) 
4 242 252 (-480 384 256 ) (-480 192 256 ) (-480 192 384 ) (-480 384 384 ) 
4 242 250 (-480 192 384 ) (-480 192 768 ) (-480 384 768 ) (-480 384 384 ) 
4 242 245 (-480 192 256 ) (-480 384 256 ) (-128 384 256 ) (-128 192 256 ) 
4 243 244 (-128 1024 0 ) (-128 488 0 ) (-128 488 256 ) (-128 1024 256 ) 
4 244 253 (-480 1024 256 ) (-480 1024 0 ) (-480 488 0 ) (-480 488 256 ) 
4 245 254 (-480 384 0 ) (-480 192 0 ) (-480 192 256 ) (-480 384 256 ) 
4 245 246 (-128 192 0 ) (-480 192 0 ) (-480 384 0 ) (-128 384 0 ) 
4 246 256 (-480 384 -256 ) (-480 192 -256 ) (-480 192 0 ) (-480 384 0 ) 
4 246 248 (-480 192 -256 ) (-480 384 -256 ) (-128 384 -256 ) (-128 192 -256 ) 
4 247 248 (-128 1024 -2560 ) (-128 512 -2560 ) (-128 512 -256 ) (-128 1024 -256 ) 
4 248 255 (-480 1024 -256 ) (-480 1024 -2560 ) (-480 384 -2560 ) (-480 384 -256 ) 
4 248 256 (-480 384 -2560 ) (-480 192 -2560 ) (-480 192 -256 ) (-480 384 -256 ) 
4 249 258 (-512 192 1152 ) (-512 384 1152 ) (-512 384 768 ) (-512 192 768 ) 
4 249 250 (-512 192 768 ) (-512 384 768 ) (-480 384 768 ) (-480 192 768 ) 
4 250 260 (-512 384 512 ) (-512 384 384 ) (-512 192 384 ) (-512 192 512 ) 
4 250 258 (-512 192 768 ) (-512 384 768 ) (-512 384 512 ) (-512 192 512 ) 
4 250 252 (-512 192 384 ) (-512 384 384 ) (-480 384 384 ) (-480 192 384 ) 
4 251 261 (-512 768 384 ) (-512 1024 384 ) (-512 1024 256 ) (-512 768 256 ) 
4 251 253 (-512 768 256 ) (-512 1024 256 ) (-480 1024 256 ) (-480 768 256 ) 
4 252 262 (-512 192 384 ) (-512 384 384 ) (-512 384 256 ) (-512 192 256 ) 
4 252 254 (-512 192 256 ) (-512 384 256 ) (-480 384 256 ) (-480 192 256 ) 
4 253 263 (-512 488 256 ) (-512 1024 256 ) (-512 1024 0 ) (-512 488 0 ) 
4 254 264 (-512 192 0 ) (-512 192 256 ) (-512 384 256 ) (-512 384 0 ) 
4 254 256 (-480 192 0 ) (-512 192 0 ) (-512 384 0 ) (-480 384 0 ) 
4 255 266 (-512 1024 -256 ) (-512 1024 -2560 ) (-512 384 -2560 ) (-512 384 -256 ) 
4 255 256 (-512 384 -2560 ) (-480 384 -2560 ) (-480 384 -256 ) (-512 384 -256 ) 
4 256 266 (-512 192 -2560 ) (-512 192 -256 ) (-512 384 -256 ) (-512 384 -2560 ) 
4 256 265 (-512 192 -256 ) (-512 192 0 ) (-512 384 0 ) (-512 384 -256 ) 
4 257 268 (-1024 1024 1280 ) (-1024 1024 1152 ) (-1024 512 1152 ) (-1024 512 1280 ) 
4 257 258 (-1024 1024 1152 ) (-512 1024 1152 ) (-512 512 1152 ) (-1024 512 1152 ) 
4 258 269 (-1024 192 1152 ) (-1024 1024 1152 ) (-1024 1024 512 ) (-1024 192 512 ) 
4 258 260 (-1024 192 512 ) (-1024 384 512 ) (-512 384 512 ) (-512 192 512 ) 
4 258 259 (-1024 384 512 ) (-1024 1024 512 ) (-640 1024 512 ) (-640 384 512 ) 
4 259 269 (-1024 384 512 ) (-1024 1024 512 ) (-1024 1024 384 ) (-1024 384 384 ) 
4 259 267 (-1024 1024 384 ) (-640 1024 384 ) (-640 384 384 ) (-1024 384 384 ) 
4 259 260 (-1024 384 384 ) (-640 384 384 ) (-640 384 512 ) (-1024 384 512 ) 
4 260 269 (-1024 192 512 ) (-1024 384 512 ) (-1024 384 384 ) (-1024 192 384 ) 
4 260 267 (-640 192 384 ) (-1024 192 384 ) (-1024 384 384 ) (-640 384 384 ) 
4 260 262 (-512 384 384 ) (-512 192 384 ) (-640 192 384 ) (-640 384 384 ) 
4 261 267 (-640 768 384 ) (-640 1024 384 ) (-640 1024 256 ) (-640 768 256 ) 
4 261 263 (-640 768 256 ) (-640 1024 256 ) (-512 1024 256 ) (-512 768 256 ) 
4 262 267 (-640 192 384 ) (-640 384 384 ) (-640 384 256 ) (-640 192 256 ) 
4 262 264 (-640 192 256 ) (-640 384 256 ) (-512 384 256 ) (-512 192 256 ) 
4 263 267 (-640 488 256 ) (-640 1024 256 ) (-640 1024 0 ) (-640 488 0 ) 
4 264 267 (-640 192 256 ) (-640 384 256 ) (-640 384 0 ) (-640 192 0 ) 
4 264 265 (-640 192 0 ) (-640 384 0 ) (-512 384 0 ) (-512 192 0 ) 
4 265 267 (-640 192 0 ) (-640 384 0 ) (-640 384 -256 ) (-640 192 -256 ) 
4 265 266 (-640 192 -256 ) (-640 384 -256 ) (-512 384 -256 ) (-512 192 -256 ) 
4 266 267 (-640 192 -256 ) (-640 1024 -256 ) (-640 1024 -2560 ) (-640 192 -2560 ) 
4 267 269 (-1024 192 384 ) (-1024 1024 384 ) (-1024 1024 -2560 ) (-1024 192 -2560 ) 
4 268 281 (-2048 1024 1280 ) (-2048 1024 1152 ) (-2048 512 1152 ) (-2048 512 1280 ) 
4 268 275 (-2048 512 1152 ) (-2048 1024 1152 ) (-1920 1024 1152 ) (-1920 512 1152 ) 
4 268 270 (-1824 1024 1152 ) (-1792 1024 1152 ) (-1792 512 1152 ) (-1824 512 1152 ) 
4 268 269 (-1792 1024 1152 ) (-1024 1024 1152 ) (-1024 512 1152 ) (-1792 512 1152 ) 
4 268 274 (-1920 1024 1152 ) (-1824 1024 1152 ) (-1824 512 1152 ) (-1920 512 1152 ) 
4 269 271 (-1792 512 0 ) (-1792 512 512 ) (-1792 1024 512 ) (-1792 1024 0 ) 
4 269 270 (-1792 512 512 ) (-1792 512 1152 ) (-1792 1024 1152 ) (-1792 1024 512 ) 
4 269 272 (-1792 1024 -2560 ) (-1792 512 -2560 ) (-1792 512 0 ) (-1792 1024 0 ) 
4 269 273 (-1792 512 -2560 ) (-1792 192 -2560 ) (-1792 192 1152 ) (-1792 512 1152 ) 
4 270 274 (-1824 512 512 ) (-1824 512 1152 ) (-1824 1024 1152 ) (-1824 1024 512 ) 
4 270 273 (-1824 512 1152 ) (-1824 512 512 ) (-1792 512 512 ) (-1792 512 1152 ) 
4 270 271 (-1792 512 512 ) (-1824 512 512 ) (-1824 1024 512 ) (-1792 1024 512 ) 
4 271 272 (-1792 512 0 ) (-1824 512 0 ) (-1824 1024 0 ) (-1792 1024 0 ) 
4 271 274 (-1824 512 0 ) (-1824 512 512 ) (-1824 1024 512 ) (-1824 1024 0 ) 
4 271 273 (-1824 512 512 ) (-1824 512 0 ) (-1792 512 0 ) (-1792 512 512 ) 
4 272 273 (-1824 512 0 ) (-1824 512 -2560 ) (-1792 512 -2560 ) (-1792 512 0 ) 
4 272 274 (-1824 1024 -2560 ) (-1824 512 -2560 ) (-1824 512 0 ) (-1824 1024 0 ) 
4 273 274 (-1824 512 -2560 ) (-1824 192 -2560 ) (-1824 192 1152 ) (-1824 512 1152 ) 
4 274 275 (-1920 192 -864 ) (-1920 192 1152 ) (-1920 1024 1152 ) (-1920 1024 -864 ) 
4 275 282 (-2048 1024 1152 ) (-2048 1024 -864 ) (-2048 192 -864 ) (-2048 192 1152 ) 
4 277 279 (352 -3072 0 ) (352 -3072 512 ) (0 -3072 512 ) (0 -3072 0 ) 
4 277 278 (0 -3072 0 ) (0 -3072 512 ) (0 -2560 512 ) (0 -2560 0 ) 
4 278 280 (0 -3072 0 ) (0 -3072 512 ) (-352 -3072 512 ) (-352 -3072 0 ) 
4 279 280 (0 -3072 512 ) (0 -3072 0 ) (0 -3840 0 ) (0 -3840 512 ) 
4 281 284 (-2688 1024 1280 ) (-2688 1024 1152 ) (-2688 512 1152 ) (-2688 512 1280 ) 
4 281 283 (-2688 512 1152 ) (-2688 1024 1152 ) (-2176 1024 1152 ) (-2176 512 1152 ) 
4 281 282 (-2176 1024 1152 ) (-2048 1024 1152 ) (-2048 512 1152 ) (-2176 512 1152 ) 
4 282 283 (-2176 1024 -864 ) (-2176 448 -864 ) (-2176 448 1152 ) (-2176 1024 1152 ) 
4 283 285 (-2688 448 1152 ) (-2688 1024 1152 ) (-2688 1024 -864 ) (-2688 448 -864 ) 
4 284 288 (-3072 1024 1280 ) (-3072 1024 1152 ) (-3072 512 1152 ) (-3072 512 1280 ) 
4 284 285 (-3072 512 1152 ) (-3072 1024 1152 ) (-2688 1024 1152 ) (-2688 512 1152 ) 
4 285 289 (-3072 1024 1152 ) (-3072 1024 -864 ) (-3072 192 -864 ) (-3072 192 1152 ) 
4 285 286 (-3072 192 1152 ) (-3072 192 -864 ) (-2688 192 -864 ) (-2688 192 1152 ) 
4 286 290 (-3072 128 -864 ) (-3072 128 2048 ) (-3072 192 2048 ) (-3072 192 -864 ) 
4 286 287 (-2688 128 -864 ) (-2688 128 2048 ) (-3072 128 2048 ) (-3072 128 -864 ) 
4 287 292 (-2688 0 -1984 ) (-2688 0 2048 ) (-3072 0 2048 ) (-3072 0 -1984 ) 
4 287 291 (-3072 0 -1984 ) (-3072 0 2048 ) (-3072 128 2048 ) (-3072 128 -1984 ) 
4 288 296 (-4096 1024 1280 ) (-4096 1024 1152 ) (-4096 512 1152 ) (-4096 512 1280 ) 
4 288 289 (-4096 512 1152 ) (-4096 1024 1152 ) (-3072 1024 1152 ) (-3072 512 1152 ) 
4 289 298 (-4096 1024 1152 ) (-4096 1024 -864 ) (-4096 192 -864 ) (-4096 192 1152 ) 
4 289 290 (-3072 192 -864 ) (-3072 192 1152 ) (-4096 192 1152 ) (-4096 192 -864 ) 
4 290 298 (-4096 128 -864 ) (-4096 128 1152 ) (-4096 192 1152 ) (-4096 192 -864 ) 
4 290 297 (-4096 128 1152 ) (-4096 128 2048 ) (-4096 192 2048 ) (-4096 192 1152 ) 
4 290 291 (-4096 128 2048 ) (-4096 128 -864 ) (-3072 128 -864 ) (-3072 128 2048 ) 
4 291 299 (-4096 0 -1984 ) (-4096 0 1152 ) (-4096 128 1152 ) (-4096 128 -1984 ) 
4 291 297 (-4096 0 1152 ) (-4096 0 2048 ) (-4096 128 2048 ) (-4096 128 1152 ) 
4 291 293 (-3072 0 -1984 ) (-3072 0 2048 ) (-4096 0 2048 ) (-4096 0 -1984 ) 
4 292 294 (-2688 -1024 -1984 ) (-2688 -1024 2048 ) (-3072 -1024 2048 ) (-3072 -1024 -1984 ) 
4 292 293 (-3072 -1024 -1984 ) (-3072 -1024 2048 ) (-3072 0 2048 ) (-3072 0 -1984 ) 
4 293 304 (-4096 -1024 -1984 ) (-4096 -1024 2048 ) (-4096 0 2048 ) (-4096 0 -1984 ) 
4 293 295 (-4096 -1024 2048 ) (-4096 -1024 -1984 ) (-3072 -1024 -1984 ) (-3072 -1024 2048 ) 
4 294 295 (-3072 -1024 2048 ) (-3072 -1024 -1984 ) (-3072 -1888 -1984 ) (-3072 -1888 2048 ) 
4 295 305 (-4096 -1888 -1984 ) (-4096 -1888 2048 ) (-4096 -1024 2048 ) (-4096 -1024 -1984 ) 
4 296 300 (-4608 1024 1280 ) (-4608 1024 1152 ) (-4608 512 1152 ) (-4608 512 1280 ) 
4 296 298 (-4608 512 1152 ) (-4608 1024 1152 ) (-4096 1024 1152 ) (-4096 512 1152 ) 
4 297 304 (-4096 0 1152 ) (-4096 0 2048 ) (-4608 0 2048 ) (-4608 0 1152 ) 
4 297 301 (-4608 0 1152 ) (-4608 0 2048 ) (-4608 128 2048 ) (-4608 128 1152 ) 
4 297 300 (-4608 128 2048 ) (-4608 192 2048 ) (-4608 192 1152 ) (-4608 128 1152 ) 
4 297 299 (-4096 0 1152 ) (-4608 0 1152 ) (-4608 128 1152 ) (-4096 128 1152 ) 
4 297 298 (-4608 128 1152 ) (-4608 192 1152 ) (-4096 192 1152 ) (-4096 128 1152 ) 
4 298 300 (-4608 128 -864 ) (-4608 128 1152 ) (-4608 1024 1152 ) (-4608 1024 -864 ) 
4 298 299 (-4096 128 1152 ) (-4608 128 1152 ) (-4608 128 -864 ) (-4096 128 -864 ) 
4 299 304 (-4096 0 -1984 ) (-4096 0 1152 ) (-4608 0 1152 ) (-4608 0 -1984 ) 
4 299 301 (-4608 0 -1984 ) (-4608 0 1152 ) (-4608 128 1152 ) (-4608 128 -1984 ) 
4 300 302 (-5120 1024 2048 ) (-5120 1024 -864 ) (-5120 128 -864 ) (-5120 128 2048 ) 
4 300 301 (-5120 128 2048 ) (-5120 128 -864 ) (-4608 128 -864 ) (-4608 128 2048 ) 
4 301 304 (-4608 0 -1984 ) (-4608 0 2048 ) (-5120 0 2048 ) (-5120 0 -1984 ) 
4 301 303 (-5120 0 -1984 ) (-5120 0 2048 ) (-5120 128 2048 ) (-5120 128 -1984 ) 
4 302 303 (-5728 128 2048 ) (-5728 128 -864 ) (-5120 128 -864 ) (-5120 128 2048 ) 
4 303 306 (-5120 0 -1984 ) (-5120 0 2048 ) (-5728 0 2048 ) (-5728 0 -1984 ) 
4 304 306 (-5120 0 2048 ) (-5120 0 -1984 ) (-5120 -1024 -1984 ) (-5120 -1024 2048 ) 
4 304 305 (-4096 -1024 -1984 ) (-4096 -1024 2048 ) (-5120 -1024 2048 ) (-5120 -1024 -1984 ) 
4 305 307 (-5120 -1888 -1984 ) (-5120 -1888 2048 ) (-5120 -1024 2048 ) (-5120 -1024 -1984 ) 
4 306 307 (-5120 -1024 -1984 ) (-5120 -1024 2048 ) (-5728 -1024 2048 ) (-5728 -1024 -1984 ) 
4 308 312 (-2948 -3072 64 ) (-3072 -3072 64 ) (-3072 -3072 -64 ) (-2948 -3072 -64 ) 
4 308 309 (-3072 -2980 -64 ) (-3072 -3072 -64 ) (-3072 -3072 64 ) (-3072 -2980 64 ) 
4 309 313 (-3072 -3072 -64 ) (-3072 -3072 64 ) (-3076 -3072 64 ) (-3076 -3072 -64 ) 
4 311 314 (-3204 -3072 64 ) (-3332 -3072 64 ) (-3332 -3072 -64 ) (-3204 -3072 -64 ) 
4 312 313 (-3072 -3108 64 ) (-3072 -3072 64 ) (-3072 -3072 -64 ) (-3072 -3108 -64 ) 
