


materialPath: C:\Program Files (x86)\Steam\steamapps\common\Portal 2\portal2\materials
Loading C:\Program Files (x86)\Steam\steamapps\common\Portal 2\sdk_content\maps\WIP\Chapter 8\mp_coop_a4_tb_trust_drop.vmf
ConVarRef gpu_level doesn't point to an existing ConVar
fixing up env_cubemap materials on brush sides...
0...1...2...3...4...5...6...7...8...9...10**** leaked ****
Entity prop_static (732.51 516.00 3644.00) leaked!

FindPortalSide: Couldn't find a good match for which brush to assign to a portal near (3584.0 9216.0 0.0)
Leaf 0 contents: 
Leaf 1 contents: CONTENTS_SOLID 
viscontents (node 0 contents ^ node 1 contents): CONTENTS_SOLID 
This means that none of the brushes in leaf 0 or 1 that touches the portal has CONTENTS_SOLID 
Check for a huge brush enclosing the coordinates above that has contents CONTENTS_SOLID 
Candidate brush IDs: 


FindPortalSide: Couldn't find a good match for which brush to assign to a portal near (4096.0 8704.0 0.0)
Leaf 0 contents: 
Leaf 1 contents: CONTENTS_SOLID 
viscontents (node 0 contents ^ node 1 contents): CONTENTS_SOLID 
This means that none of the brushes in leaf 0 or 1 that touches the portal has CONTENTS_SOLID 
Check for a huge brush enclosing the coordinates above that has contents CONTENTS_SOLID 
Candidate brush IDs: 


FindPortalSide: Couldn't find a good match for which brush to assign to a portal near (4096.0 7680.0 0.0)
Leaf 0 contents: 
Leaf 1 contents: CONTENTS_SOLID 
viscontents (node 0 contents ^ node 1 contents): CONTENTS_SOLID 
This means that none of the brushes in leaf 0 or 1 that touches the portal has CONTENTS_SOLID 
Check for a huge brush enclosing the coordinates above that has contents CONTENTS_SOLID 
Candidate brush IDs: 


FindPortalSide: Couldn't find a good match for which brush to assign to a portal near (2560.0 9216.0 0.0)
Leaf 0 contents: 
Leaf 1 contents: CONTENTS_SOLID 
viscontents (node 0 contents ^ node 1 contents): CONTENTS_SOLID 
This means that none of the brushes in leaf 0 or 1 that touches the portal has CONTENTS_SOLID 
Check for a huge brush enclosing the coordinates above that has contents CONTENTS_SOLID 
Candidate brush IDs: 


FindPortalSide: Couldn't find a good match for which brush to assign to a portal near (1536.0 9216.0 0.0)
Leaf 0 contents: 
Leaf 1 contents: CONTENTS_SOLID 
viscontents (node 0 contents ^ node 1 contents): CONTENTS_SOLID 
This means that none of the brushes in leaf 0 or 1 that touches the portal has CONTENTS_SOLID 
Check for a huge brush enclosing the coordinates above that has contents CONTENTS_SOLID 
Candidate brush IDs: 


FindPortalSide: Couldn't find a good match for which brush to assign to a portal near (0.0 8704.0 0.0)
Leaf 0 contents: CONTENTS_SOLID 
Leaf 1 contents: 
viscontents (node 0 contents ^ node 1 contents): CONTENTS_SOLID 
This means that none of the brushes in leaf 0 or 1 that touches the portal has CONTENTS_SOLID 
Check for a huge brush enclosing the coordinates above that has contents CONTENTS_SOLID 
Candidate brush IDs: 


FindPortalSide: Couldn't find a good match for which brush to assign to a portal near (512.0 8192.0 -72.0)
Leaf 0 contents: CONTENTS_SOLID 
Leaf 1 contents: 
viscontents (node 0 contents ^ node 1 contents): CONTENTS_SOLID 
This means that none of the brushes in leaf 0 or 1 that touches the portal has CONTENTS_SOLID 
Check for a huge brush enclosing the coordinates above that has contents CONTENTS_SOLID 
Candidate brush IDs: 


FindPortalSide: Couldn't find a good match for which brush to assign to a portal near (216.0 8192.0 -72.0)
Leaf 0 contents: CONTENTS_SOLID 
Leaf 1 contents: 
viscontents (node 0 contents ^ node 1 contents): CONTENTS_SOLID 
This means that none of the brushes in leaf 0 or 1 that touches the portal has CONTENTS_SOLID 
Check for a huge brush enclosing the coordinates above that has contents CONTENTS_SOLID 
Candidate brush IDs: 

*** Suppressing further FindPortalSide errors.... ***
Processing areas...done (0)
Building Faces...done (0)
Chop Details...done (0)
Find Visible Detail Sides...
Merged 520 detail faces...done (0)
Merging details...done (0)
FixTjuncs...
PruneNodes...
WriteBSP...
done (0)
Finding displacement neighbors...
Finding lightmap sample positions...
Displacement Alpha : 0...1...2...3...4...5...6...7...8...9...10
Building Physics collision data...
done (1) (538696 bytes)
Encountered obsolete static prop option to do its fade in screen space @ -320.00 1232.00 992.00
Encountered obsolete static prop option to do its fade in screen space @ -832.00 400.00 608.00
Encountered obsolete static prop option to do its fade in screen space @ -272.00 384.00 992.00
Encountered obsolete static prop option to do its fade in screen space @ 384.00 1264.00 1056.00
Encountered obsolete static prop option to do its fade in screen space @ -320.00 1264.00 96.00
Encountered obsolete static prop option to do its fade in screen space @ -768.00 400.00 1088.00
Encountered obsolete static prop option to do its fade in screen space @ -832.00 448.00 1072.00
Encountered obsolete static prop option to do its fade in screen space @ -320.00 1232.00 352.00
Encountered obsolete static prop option to do its fade in screen space @ -832.00 432.00 992.00
Encountered obsolete static prop option to do its fade in screen space @ -320.00 1264.00 224.00
Encountered obsolete static prop option to do its fade in screen space @ -272.00 384.00 1120.00
Encountered obsolete static prop option to do its fade in screen space @ -832.00 400.00 864.00
Encountered obsolete static prop option to do its fade in screen space @ -832.00 400.00 736.00
Encountered obsolete static prop option to do its fade in screen space @ -320.00 1264.00 864.00
Encountered obsolete static prop option to do its fade in screen space @ -320.00 1232.00 864.00
Encountered obsolete static prop option to do its fade in screen space @ -320.00 1264.00 608.00
Encountered obsolete static prop option to do its fade in screen space @ -320.00 1232.00 480.00
Encountered obsolete static prop option to do its fade in screen space @ -320.00 1264.00 352.00
Encountered obsolete static prop option to do its fade in screen space @ 320.00 1264.00 800.00
Encountered obsolete static prop option to do its fade in screen space @ -384.00 400.00 1088.00
Encountered obsolete static prop option to do its fade in screen space @ -512.00 400.00 1088.00
Encountered obsolete static prop option to do its fade in screen space @ -832.00 400.00 992.00
Encountered obsolete static prop option to do its fade in screen space @ 192.00 1264.00 864.00
Encountered obsolete static prop option to do its fade in screen space @ 192.00 1264.00 992.00
Encountered obsolete static prop option to do its fade in screen space @ 192.00 1232.00 992.00
Encountered obsolete static prop option to do its fade in screen space @ 192.00 1232.00 864.00
Encountered obsolete static prop option to do its fade in screen space @ 256.00 1232.00 1056.00
Encountered obsolete static prop option to do its fade in screen space @ -368.00 448.00 224.00
Encountered obsolete static prop option to do its fade in screen space @ -320.00 1264.00 992.00
Encountered obsolete static prop option to do its fade in screen space @ -528.00 448.00 224.00
Encountered obsolete static prop option to do its fade in screen space @ -320.00 1264.00 480.00
Encountered obsolete static prop option to do its fade in screen space @ -320.00 1264.00 736.00
Encountered obsolete static prop option to do its fade in screen space @ -640.00 400.00 1088.00
Encountered obsolete static prop option to do its fade in screen space @ 256.00 1264.00 1056.00
Encountered obsolete static prop option to do its fade in screen space @ 320.00 1392.00 992.00
Encountered obsolete static prop option to do its fade in screen space @ 320.00 1424.00 992.00
Encountered obsolete static prop option to do its fade in screen space @ 592.00 448.00 1120.00
Encountered obsolete static prop option to do its fade in screen space @ 560.00 448.00 1120.00
Placing detail props : 0...1...2...3...4...5...6...7...8...9...10
Compacting texture/material tables...
Reduced 2150 texinfos to 1185
Reduced 99 texdatas to 89 (3820 bytes to 3393)
Writing C:\Program Files (x86)\Steam\steamapps\common\Portal 2\sdk_content\maps\WIP\Chapter 8\mp_coop_a4_tb_trust_drop.bsp

nummapplanes:     (  5120 / 65536 )
nummapbrushes:    (  1440 /  8192 )
nummapbrushsides: ( 10493 / 65536 )
num_map_overlays: (    14 /   512 )
nummodels:        (   120 /  1024 )
num_entities:     (   533 / 16384 )

4 seconds elapsed



24 threads
reading c:\program files (x86)\steam\steamapps\common\portal 2\sdk_content\maps\wip\chapter 8\mp_coop_a4_tb_trust_drop.bsp
reading c:\program files (x86)\steam\steamapps\common\portal 2\sdk_content\maps\wip\chapter 8\mp_coop_a4_tb_trust_drop.prt
LoadPortals: couldn't read c:\program files (x86)\steam\steamapps\common\portal 2\sdk_content\maps\wip\chapter 8\mp_coop_a4_tb_trust_drop.prt



materialPath: C:\Program Files (x86)\Steam\steamapps\common\Portal 2\portal2\materials
Loading C:\Program Files (x86)\Steam\steamapps\common\Portal 2\sdk_content\maps\WIP\Chapter 8\mp_coop_a4_tb_trust_drop.vmf
ConVarRef gpu_level doesn't point to an existing ConVar
fixing up env_cubemap materials on brush sides...
0...1...2...3...4...5...6...7...8...9...100...1...2...3...4...5...6...7...8...9...10Processing areas...done (0)
Building Faces...done (0)
Chop Details...done (0)
Find Visible Detail Sides...
Merged 520 detail faces...done (0)
Merging details...done (0)
FixTjuncs...
PruneNodes...
WriteBSP...
done (0)
writing C:\Program Files (x86)\Steam\steamapps\common\Portal 2\sdk_content\maps\WIP\Chapter 8\mp_coop_a4_tb_trust_drop.prt...Building visibility clusters...
done (0)
Finding displacement neighbors...
Finding lightmap sample positions...
Displacement Alpha : 0...1...2...3...4...5...6...7...8...9...10
Building Physics collision data...
done (1) (538272 bytes)
Encountered obsolete static prop option to do its fade in screen space @ -320.00 1232.00 992.00
Encountered obsolete static prop option to do its fade in screen space @ -832.00 400.00 608.00
Encountered obsolete static prop option to do its fade in screen space @ -272.00 384.00 992.00
Encountered obsolete static prop option to do its fade in screen space @ 384.00 1264.00 1056.00
Encountered obsolete static prop option to do its fade in screen space @ -320.00 1264.00 96.00
Encountered obsolete static prop option to do its fade in screen space @ -768.00 400.00 1088.00
Encountered obsolete static prop option to do its fade in screen space @ -832.00 448.00 1072.00
Encountered obsolete static prop option to do its fade in screen space @ -320.00 1232.00 352.00
Encountered obsolete static prop option to do its fade in screen space @ -832.00 432.00 992.00
Encountered obsolete static prop option to do its fade in screen space @ -320.00 1264.00 224.00
Encountered obsolete static prop option to do its fade in screen space @ -272.00 384.00 1120.00
Encountered obsolete static prop option to do its fade in screen space @ -832.00 400.00 864.00
Encountered obsolete static prop option to do its fade in screen space @ -832.00 400.00 736.00
Encountered obsolete static prop option to do its fade in screen space @ -320.00 1264.00 864.00
Encountered obsolete static prop option to do its fade in screen space @ -320.00 1232.00 864.00
Encountered obsolete static prop option to do its fade in screen space @ -320.00 1264.00 608.00
Encountered obsolete static prop option to do its fade in screen space @ -320.00 1232.00 480.00
Encountered obsolete static prop option to do its fade in screen space @ -320.00 1264.00 352.00
Encountered obsolete static prop option to do its fade in screen space @ 320.00 1264.00 800.00
Encountered obsolete static prop option to do its fade in screen space @ -384.00 400.00 1088.00
Encountered obsolete static prop option to do its fade in screen space @ -512.00 400.00 1088.00
Encountered obsolete static prop option to do its fade in screen space @ -832.00 400.00 992.00
Encountered obsolete static prop option to do its fade in screen space @ 192.00 1264.00 864.00
Encountered obsolete static prop option to do its fade in screen space @ 192.00 1264.00 992.00
Encountered obsolete static prop option to do its fade in screen space @ 192.00 1232.00 992.00
Encountered obsolete static prop option to do its fade in screen space @ 192.00 1232.00 864.00
Encountered obsolete static prop option to do its fade in screen space @ 256.00 1232.00 1056.00
Encountered obsolete static prop option to do its fade in screen space @ -368.00 448.00 224.00
Encountered obsolete static prop option to do its fade in screen space @ -320.00 1264.00 992.00
Encountered obsolete static prop option to do its fade in screen space @ -528.00 448.00 224.00
Encountered obsolete static prop option to do its fade in screen space @ -320.00 1264.00 480.00
Encountered obsolete static prop option to do its fade in screen space @ -320.00 1264.00 736.00
Encountered obsolete static prop option to do its fade in screen space @ -640.00 400.00 1088.00
Encountered obsolete static prop option to do its fade in screen space @ 256.00 1264.00 1056.00
Encountered obsolete static prop option to do its fade in screen space @ 320.00 1392.00 992.00
Encountered obsolete static prop option to do its fade in screen space @ 320.00 1424.00 992.00
Encountered obsolete static prop option to do its fade in screen space @ 592.00 448.00 1120.00
Encountered obsolete static prop option to do its fade in screen space @ 560.00 448.00 1120.00
Placing detail props : 0...1...2...3...4...5...6...7...8...9...10
Compacting texture/material tables...
Reduced 2150 texinfos to 1185
Reduced 99 texdatas to 89 (3820 bytes to 3393)
Writing C:\Program Files (x86)\Steam\steamapps\common\Portal 2\sdk_content\maps\WIP\Chapter 8\mp_coop_a4_tb_trust_drop.bsp

nummapplanes:     (  5120 / 65536 )
nummapbrushes:    (  1440 /  8192 )
nummapbrushsides: ( 10493 / 65536 )
num_map_overlays: (    14 /   512 )
nummodels:        (   120 /  1024 )
num_entities:     (   533 / 16384 )

3 seconds elapsed



24 threads
reading c:\program files (x86)\steam\steamapps\common\portal 2\sdk_content\maps\wip\chapter 8\mp_coop_a4_tb_trust_drop.bsp
reading c:\program files (x86)\steam\steamapps\common\portal 2\sdk_content\maps\wip\chapter 8\mp_coop_a4_tb_trust_drop.prt
 850 portalclusters
2642 numportals
0...1...2...3...4...5...6...7...8...9...10Optimized: 18224 visible clusters (0.00%)
Total clusters visible: 569580
Average clusters visible: 670
Building PAS...
Average clusters audible: 821
visdatasize:184115  compressed from 190400
writing c:\program files (x86)\steam\steamapps\common\portal 2\sdk_content\maps\wip\chapter 8\mp_coop_a4_tb_trust_drop.bsp
0 seconds elapsed



Could not find lights.rad in lights.rad.
Trying VRAD BIN directory instead...
Warning: Couldn't open texlight file C:\Program Files (x86)\Steam\steamapps\common\Portal 2\bin\lights.rad.
Loading c:\program files (x86)\steam\steamapps\common\portal 2\sdk_content\maps\wip\chapter 8\mp_coop_a4_tb_trust_drop.bsp
3221 faces
4313904 square feet [621202176.00 square inches]
0 Displacements
0 Square Feet [0.00 Square Inches]
3221 patches before subdivision
59723 patches after subdivision
66 direct lights
0...1...2...3...4...5...6...7...8...9...100...1...2...3...4...5...6...7...8...9...10transfers 6624329, max 819
transfer lists:  50.5 megs
0...1...2...3...4...5...6...7...8...9...10	Bounce #1 added RGB(16564, 19837, 21198)
0...1...2...3...4...5...6...7...8...9...10	Bounce #2 added RGB(8977, 10531, 10921)
0...1...2...3...4...5...6...7...8...9...10	Bounce #3 added RGB(4500, 5300, 5467)
0...1...2...3...4...5...6...7...8...9...10	Bounce #4 added RGB(2417, 2830, 2892)
0...1...2...3...4...5...6...7...8...9...10	Bounce #5 added RGB(1280, 1495, 1522)
0...1...2...3...4...5...6...7...8...9...10	Bounce #6 added RGB(689, 803, 813)
0...1...2...3...4...5...6...7...8...9...10	Bounce #7 added RGB(372, 432, 436)
0...1...2...3...4...5...6...7...8...9...10	Bounce #8 added RGB(202, 234, 236)
0...1...2...3...4...5...6...7...8...9...10	Bounce #9 added RGB(110, 127, 128)
0...1...2...3...4...5...6...7...8...9...10	Bounce #10 added RGB(60, 69, 70)
0...1...2...3...4...5...6...7...8...9...10	Bounce #11 added RGB(33, 38, 38)
0...1...2...3...4...5...6...7...8...9...10	Bounce #12 added RGB(18, 21, 21)
0...1...2...3...4...5...6...7...8...9...10	Bounce #13 added RGB(10, 12, 11)
0...1...2...3...4...5...6...7...8...9...10	Bounce #14 added RGB(6, 6, 6)
0...1...2...3...4...5...6...7...8...9...10	Bounce #15 added RGB(3, 4, 3)
0...1...2...3...4...5...6...7...8...9...10	Bounce #16 added RGB(2, 2, 2)
0...1...2...3...4...5...6...7...8...9...10	Bounce #17 added RGB(1, 1, 1)
0...1...2...3...4...5...6...7...8...9...10	Bounce #18 added RGB(1, 1, 1)
Build Patch/Sample Hash Table(s).....Done<0.0183 sec>
0...1...2...3...4...5...6...7...8...9...10FinalLightFace Done
0 of 0 (0% of) surface lights went in leaf ambient cubes.
0...1...2...3...4...5...6...7...8...9...10Writing leaf ambient...done
Ready to Finish

Object names       Objects/Maxobjs  Memory / Maxmem  Fullness 
------------       ---------------  ---------------  -------- 
models                 120/1024         5760/49152    (11.7%) 
brushes               1440/8192        17280/98304    (17.6%) 
brushsides           10517/65536       84136/524288   (16.0%) 
planes                5120/65536      102400/1310720  ( 7.8%) 
vertexes              7457/65536       89484/786432   (11.4%) 
nodes                 2674/65536       85568/2097152  ( 4.1%) 
texinfos              1185/12288       85320/884736   ( 9.6%) 
texdata                 89/2048         2848/65536    ( 4.3%) 
dispinfos                0/0               0/0        ( 0.0%) 
disp_verts               0/0               0/0        ( 0.0%) 
disp_tris                0/0               0/0        ( 0.0%) 
disp_multiblend          0/0               0/0        ( 0.0%) 
disp_lmsamples           0/0               0/0        ( 0.0%) 
faces                 3221/65536      180376/3670016  ( 4.9%) 
hdr faces                0/65536           0/3670016  ( 0.0%) 
origfaces             2345/65536      131320/3670016  ( 3.6%) 
facebrushes            424/0             848/0        ( 0.0%) 
facebrushlists        3221/0           12884/0        ( 0.0%) 
leaves                2795/65536       89440/2097152  ( 4.3%) 
leaffaces             4574/65536        9148/131072   ( 7.0%) 
leafbrushes           3265/65536        6530/131072   ( 5.0%) 
areas                   13/256           104/2048     ( 5.1%) 
surfedges            24135/512000      96540/2048000  ( 4.7%) 
edges                15100/256000      60400/1024000  ( 5.9%) 
LDR worldlights         66/8192         6600/819200   ( 0.8%) 
HDR worldlights          0/8192            0/819200   ( 0.0%) 
leafwaterdata            0/32768           0/393216   ( 0.0%) 
waterstrips            333/32768        3330/327680   ( 1.0%) 
waterverts               0/65536           0/786432   ( 0.0%) 
waterindices          5934/65536       11868/131072   ( 9.1%) 
cubemapsamples          13/1024          208/16384    ( 1.3%) 
overlays                14/512          4928/180224   ( 2.7%) 
LDR lightdata         [variable]     2807932/0        ( 0.0%) 
HDR lightdata         [variable]           0/0        ( 0.0%) 
visdata               [variable]      184115/16777216 ( 1.1%) 
entdata               [variable]      186276/393216   (47.4%) 
LDR ambient table     2795/65536       11180/262144   ( 4.3%) 
HDR ambient table     2795/65536       11180/262144   ( 4.3%) 
LDR leaf ambient     10316/65536      288848/1835008  (15.7%) 
HDR leaf ambient      2795/65536       78260/1835008  ( 4.3%) 
occluders                0/0               0/0        ( 0.0%) 
occluder polygons        0/0               0/0        ( 0.0%) 
occluder vert ind        0/0               0/0        ( 0.0%) 
detail props          [variable]           1/12       ( 8.3%) 
static props          [variable]           1/51598    ( 0.0%) 
pakfile               [variable]     1052377/0        ( 0.0%) 
physics               [variable]      538272/4194304  (12.8%) 
physics terrain       [variable]           2/1048576  ( 0.0%) 

Level flags = 0

Total triangle count: 8337
Writing c:\program files (x86)\steam\steamapps\common\portal 2\sdk_content\maps\wip\chapter 8\mp_coop_a4_tb_trust_drop.bsp
14 seconds elapsed



materialPath: C:\Program Files (x86)\Steam\steamapps\common\Portal 2\portal2\materials
Loading C:\Program Files (x86)\Steam\steamapps\common\Portal 2\sdk_content\maps\WIP\Chapter 8\mp_coop_a4_tb_trust_drop.vmf
ConVarRef gpu_level doesn't point to an existing ConVar
fixing up env_cubemap materials on brush sides...
0...1...2...3...4...5...6...7...8...9...100...1...2...3...4...5...6...7...8...9...10Processing areas...done (0)
Building Faces...done (0)
Chop Details...done (0)
Find Visible Detail Sides...
Merged 520 detail faces...done (0)
Merging details...done (0)
FixTjuncs...
PruneNodes...
WriteBSP...
done (0)
writing C:\Program Files (x86)\Steam\steamapps\common\Portal 2\sdk_content\maps\WIP\Chapter 8\mp_coop_a4_tb_trust_drop.prt...Building visibility clusters...
done (0)
Finding displacement neighbors...
Finding lightmap sample positions...
Displacement Alpha : 0...1...2...3...4...5...6...7...8...9...10
Building Physics collision data...
done (1) (538272 bytes)
Encountered obsolete static prop option to do its fade in screen space @ -320.00 1232.00 992.00
Encountered obsolete static prop option to do its fade in screen space @ -832.00 400.00 608.00
Encountered obsolete static prop option to do its fade in screen space @ -272.00 384.00 992.00
Encountered obsolete static prop option to do its fade in screen space @ 384.00 1264.00 1056.00
Encountered obsolete static prop option to do its fade in screen space @ -320.00 1264.00 96.00
Encountered obsolete static prop option to do its fade in screen space @ -768.00 400.00 1088.00
Encountered obsolete static prop option to do its fade in screen space @ -832.00 448.00 1072.00
Encountered obsolete static prop option to do its fade in screen space @ -320.00 1232.00 352.00
Encountered obsolete static prop option to do its fade in screen space @ -832.00 432.00 992.00
Encountered obsolete static prop option to do its fade in screen space @ -320.00 1264.00 224.00
Encountered obsolete static prop option to do its fade in screen space @ -272.00 384.00 1120.00
Encountered obsolete static prop option to do its fade in screen space @ -832.00 400.00 864.00
Encountered obsolete static prop option to do its fade in screen space @ -832.00 400.00 736.00
Encountered obsolete static prop option to do its fade in screen space @ -320.00 1264.00 864.00
Encountered obsolete static prop option to do its fade in screen space @ -320.00 1232.00 864.00
Encountered obsolete static prop option to do its fade in screen space @ -320.00 1264.00 608.00
Encountered obsolete static prop option to do its fade in screen space @ -320.00 1232.00 480.00
Encountered obsolete static prop option to do its fade in screen space @ -320.00 1264.00 352.00
Encountered obsolete static prop option to do its fade in screen space @ 320.00 1264.00 800.00
Encountered obsolete static prop option to do its fade in screen space @ -384.00 400.00 1088.00
Encountered obsolete static prop option to do its fade in screen space @ -512.00 400.00 1088.00
Encountered obsolete static prop option to do its fade in screen space @ -832.00 400.00 992.00
Encountered obsolete static prop option to do its fade in screen space @ 192.00 1264.00 864.00
Encountered obsolete static prop option to do its fade in screen space @ 192.00 1264.00 992.00
Encountered obsolete static prop option to do its fade in screen space @ 192.00 1232.00 992.00
Encountered obsolete static prop option to do its fade in screen space @ 192.00 1232.00 864.00
Encountered obsolete static prop option to do its fade in screen space @ 256.00 1232.00 1056.00
Encountered obsolete static prop option to do its fade in screen space @ -368.00 448.00 224.00
Encountered obsolete static prop option to do its fade in screen space @ -320.00 1264.00 992.00
Encountered obsolete static prop option to do its fade in screen space @ -528.00 448.00 224.00
Encountered obsolete static prop option to do its fade in screen space @ -320.00 1264.00 480.00
Encountered obsolete static prop option to do its fade in screen space @ -320.00 1264.00 736.00
Encountered obsolete static prop option to do its fade in screen space @ -640.00 400.00 1088.00
Encountered obsolete static prop option to do its fade in screen space @ 256.00 1264.00 1056.00
Encountered obsolete static prop option to do its fade in screen space @ 320.00 1392.00 992.00
Encountered obsolete static prop option to do its fade in screen space @ 320.00 1424.00 992.00
Encountered obsolete static prop option to do its fade in screen space @ 592.00 448.00 1120.00
Encountered obsolete static prop option to do its fade in screen space @ 560.00 448.00 1120.00
Placing detail props : 0...1...2...3...4...5...6...7...8...9...10
Compacting texture/material tables...
Reduced 2150 texinfos to 1185
Reduced 99 texdatas to 89 (3820 bytes to 3393)
Writing C:\Program Files (x86)\Steam\steamapps\common\Portal 2\sdk_content\maps\WIP\Chapter 8\mp_coop_a4_tb_trust_drop.bsp

nummapplanes:     (  5120 / 65536 )
nummapbrushes:    (  1440 /  8192 )
nummapbrushsides: ( 10493 / 65536 )
num_map_overlays: (    14 /   512 )
nummodels:        (   120 /  1024 )
num_entities:     (   533 / 16384 )

3 seconds elapsed



24 threads
reading c:\program files (x86)\steam\steamapps\common\portal 2\sdk_content\maps\wip\chapter 8\mp_coop_a4_tb_trust_drop.bsp
reading c:\program files (x86)\steam\steamapps\common\portal 2\sdk_content\maps\wip\chapter 8\mp_coop_a4_tb_trust_drop.prt
 850 portalclusters
2642 numportals
0...1...2...3...4...5...6...7...8...9...10Optimized: 18224 visible clusters (0.00%)
Total clusters visible: 569580
Average clusters visible: 670
Building PAS...
Average clusters audible: 821
visdatasize:184115  compressed from 190400
writing c:\program files (x86)\steam\steamapps\common\portal 2\sdk_content\maps\wip\chapter 8\mp_coop_a4_tb_trust_drop.bsp
0 seconds elapsed



Could not find lights.rad in lights.rad.
Trying VRAD BIN directory instead...
Warning: Couldn't open texlight file C:\Program Files (x86)\Steam\steamapps\common\Portal 2\bin\lights.rad.
Loading c:\program files (x86)\steam\steamapps\common\portal 2\sdk_content\maps\wip\chapter 8\mp_coop_a4_tb_trust_drop.bsp
3221 faces
4313904 square feet [621202176.00 square inches]
0 Displacements
0 Square Feet [0.00 Square Inches]
3221 patches before subdivision
59723 patches after subdivision
66 direct lights
0...1...2...3...4...5...6...7...8...9...100...1...2...3...4...5...6...7...8...9...10transfers 6624329, max 819
transfer lists:  50.5 megs
0...1...2...3...4...5...6...7...8...9...10	Bounce #1 added RGB(16564, 19837, 21198)
0...1...2...3...4...5...6...7...8...9...10	Bounce #2 added RGB(8977, 10531, 10921)
0...1...2...3...4...5...6...7...8...9...10	Bounce #3 added RGB(4500, 5300, 5467)
0...1...2...3...4...5...6...7...8...9...10	Bounce #4 added RGB(2417, 2830, 2892)
0...1...2...3...4...5...6...7...8...9...10	Bounce #5 added RGB(1280, 1495, 1522)
0...1...2...3...4...5...6...7...8...9...10	Bounce #6 added RGB(689, 803, 813)
0...1...2...3...4...5...6...7...8...9...10	Bounce #7 added RGB(372, 432, 436)
0...1...2...3...4...5...6...7...8...9...10	Bounce #8 added RGB(202, 234, 236)
0...1...2...3...4...5...6...7...8...9...10	Bounce #9 added RGB(110, 127, 128)
0...1...2...3...4...5...6...7...8...9...10	Bounce #10 added RGB(60, 69, 70)
0...1...2...3...4...5...6...7...8...9...10	Bounce #11 added RGB(33, 38, 38)
0...1...2...3...4...5...6...7...8...9...10	Bounce #12 added RGB(18, 21, 21)
0...1...2...3...4...5...6...7...8...9...10	Bounce #13 added RGB(10, 12, 11)
0...1...2...3...4...5...6...7...8...9...10	Bounce #14 added RGB(6, 6, 6)
0...1...2...3...4...5...6...7...8...9...10	Bounce #15 added RGB(3, 4, 3)
0...1...2...3...4...5...6...7...8...9...10	Bounce #16 added RGB(2, 2, 2)
0...1...2...3...4...5...6...7...8...9...10	Bounce #17 added RGB(1, 1, 1)
0...1...2...3...4...5...6...7...8...9...10	Bounce #18 added RGB(1, 1, 1)
Build Patch/Sample Hash Table(s).....Done<0.0167 sec>
0...1...2...3...4...5...6...7...8...9...10FinalLightFace Done
0 of 0 (0% of) surface lights went in leaf ambient cubes.
0...1...2...3...4...5...6...7...8...9...10Writing leaf ambient...done
Ready to Finish

Object names       Objects/Maxobjs  Memory / Maxmem  Fullness 
------------       ---------------  ---------------  -------- 
models                 120/1024         5760/49152    (11.7%) 
brushes               1440/8192        17280/98304    (17.6%) 
brushsides           10517/65536       84136/524288   (16.0%) 
planes                5120/65536      102400/1310720  ( 7.8%) 
vertexes              7457/65536       89484/786432   (11.4%) 
nodes                 2674/65536       85568/2097152  ( 4.1%) 
texinfos              1185/12288       85320/884736   ( 9.6%) 
texdata                 89/2048         2848/65536    ( 4.3%) 
dispinfos                0/0               0/0        ( 0.0%) 
disp_verts               0/0               0/0        ( 0.0%) 
disp_tris                0/0               0/0        ( 0.0%) 
disp_multiblend          0/0               0/0        ( 0.0%) 
disp_lmsamples           0/0               0/0        ( 0.0%) 
faces                 3221/65536      180376/3670016  ( 4.9%) 
hdr faces                0/65536           0/3670016  ( 0.0%) 
origfaces             2345/65536      131320/3670016  ( 3.6%) 
facebrushes            424/0             848/0        ( 0.0%) 
facebrushlists        3221/0           12884/0        ( 0.0%) 
leaves                2795/65536       89440/2097152  ( 4.3%) 
leaffaces             4574/65536        9148/131072   ( 7.0%) 
leafbrushes           3265/65536        6530/131072   ( 5.0%) 
areas                   13/256           104/2048     ( 5.1%) 
surfedges            24135/512000      96540/2048000  ( 4.7%) 
edges                15100/256000      60400/1024000  ( 5.9%) 
LDR worldlights         66/8192         6600/819200   ( 0.8%) 
HDR worldlights          0/8192            0/819200   ( 0.0%) 
leafwaterdata            0/32768           0/393216   ( 0.0%) 
waterstrips            333/32768        3330/327680   ( 1.0%) 
waterverts               0/65536           0/786432   ( 0.0%) 
waterindices          5934/65536       11868/131072   ( 9.1%) 
cubemapsamples          13/1024          208/16384    ( 1.3%) 
overlays                14/512          4928/180224   ( 2.7%) 
LDR lightdata         [variable]     2807932/0        ( 0.0%) 
HDR lightdata         [variable]           0/0        ( 0.0%) 
visdata               [variable]      184115/16777216 ( 1.1%) 
entdata               [variable]      186276/393216   (47.4%) 
LDR ambient table     2795/65536       11180/262144   ( 4.3%) 
HDR ambient table     2795/65536       11180/262144   ( 4.3%) 
LDR leaf ambient     10316/65536      288848/1835008  (15.7%) 
HDR leaf ambient      2795/65536       78260/1835008  ( 4.3%) 
occluders                0/0               0/0        ( 0.0%) 
occluder polygons        0/0               0/0        ( 0.0%) 
occluder vert ind        0/0               0/0        ( 0.0%) 
detail props          [variable]           1/12       ( 8.3%) 
static props          [variable]           1/51598    ( 0.0%) 
pakfile               [variable]     1052377/0        ( 0.0%) 
physics               [variable]      538272/4194304  (12.8%) 
physics terrain       [variable]           2/1048576  ( 0.0%) 

Level flags = 0

Total triangle count: 8337
Writing c:\program files (x86)\steam\steamapps\common\portal 2\sdk_content\maps\wip\chapter 8\mp_coop_a4_tb_trust_drop.bsp
13 seconds elapsed



materialPath: C:\Program Files (x86)\Steam\steamapps\common\Portal 2\portal2\materials
Loading C:\Program Files (x86)\Steam\steamapps\common\Portal 2\sdk_content\maps\WIP\Chapter 8\mp_coop_a4_tb_trust_drop.vmf
ConVarRef gpu_level doesn't point to an existing ConVar
fixing up env_cubemap materials on brush sides...
0...1...2...3...4...5...6...7...8...9...100...1...2...3...4...5...6...7...8...9...10Processing areas...done (0)
Building Faces...done (0)
Chop Details...done (0)
Find Visible Detail Sides...
Merged 520 detail faces...done (0)
Merging details...done (0)
FixTjuncs...
PruneNodes...
WriteBSP...
done (0)
writing C:\Program Files (x86)\Steam\steamapps\common\Portal 2\sdk_content\maps\WIP\Chapter 8\mp_coop_a4_tb_trust_drop.prt...Building visibility clusters...
done (0)
Finding displacement neighbors...
Finding lightmap sample positions...
Displacement Alpha : 0...1...2...3...4...5...6...7...8...9...10
Building Physics collision data...
done (1) (538272 bytes)
Encountered obsolete static prop option to do its fade in screen space @ -320.00 1232.00 992.00
Encountered obsolete static prop option to do its fade in screen space @ -832.00 400.00 608.00
Encountered obsolete static prop option to do its fade in screen space @ -272.00 384.00 992.00
Encountered obsolete static prop option to do its fade in screen space @ 384.00 1264.00 1056.00
Encountered obsolete static prop option to do its fade in screen space @ -320.00 1264.00 96.00
Encountered obsolete static prop option to do its fade in screen space @ -768.00 400.00 1088.00
Encountered obsolete static prop option to do its fade in screen space @ -832.00 448.00 1072.00
Encountered obsolete static prop option to do its fade in screen space @ -320.00 1232.00 352.00
Encountered obsolete static prop option to do its fade in screen space @ -832.00 432.00 992.00
Encountered obsolete static prop option to do its fade in screen space @ -320.00 1264.00 224.00
Encountered obsolete static prop option to do its fade in screen space @ -272.00 384.00 1120.00
Encountered obsolete static prop option to do its fade in screen space @ -832.00 400.00 864.00
Encountered obsolete static prop option to do its fade in screen space @ -832.00 400.00 736.00
Encountered obsolete static prop option to do its fade in screen space @ -320.00 1264.00 864.00
Encountered obsolete static prop option to do its fade in screen space @ -320.00 1232.00 864.00
Encountered obsolete static prop option to do its fade in screen space @ -320.00 1264.00 608.00
Encountered obsolete static prop option to do its fade in screen space @ -320.00 1232.00 480.00
Encountered obsolete static prop option to do its fade in screen space @ -320.00 1264.00 352.00
Encountered obsolete static prop option to do its fade in screen space @ 320.00 1264.00 800.00
Encountered obsolete static prop option to do its fade in screen space @ -384.00 400.00 1088.00
Encountered obsolete static prop option to do its fade in screen space @ -512.00 400.00 1088.00
Encountered obsolete static prop option to do its fade in screen space @ -832.00 400.00 992.00
Encountered obsolete static prop option to do its fade in screen space @ 192.00 1264.00 864.00
Encountered obsolete static prop option to do its fade in screen space @ 192.00 1264.00 992.00
Encountered obsolete static prop option to do its fade in screen space @ 192.00 1232.00 992.00
Encountered obsolete static prop option to do its fade in screen space @ 192.00 1232.00 864.00
Encountered obsolete static prop option to do its fade in screen space @ 256.00 1232.00 1056.00
Encountered obsolete static prop option to do its fade in screen space @ -368.00 448.00 224.00
Encountered obsolete static prop option to do its fade in screen space @ -320.00 1264.00 992.00
Encountered obsolete static prop option to do its fade in screen space @ -528.00 448.00 224.00
Encountered obsolete static prop option to do its fade in screen space @ -320.00 1264.00 480.00
Encountered obsolete static prop option to do its fade in screen space @ -320.00 1264.00 736.00
Encountered obsolete static prop option to do its fade in screen space @ -640.00 400.00 1088.00
Encountered obsolete static prop option to do its fade in screen space @ 256.00 1264.00 1056.00
Encountered obsolete static prop option to do its fade in screen space @ 320.00 1392.00 992.00
Encountered obsolete static prop option to do its fade in screen space @ 320.00 1424.00 992.00
Encountered obsolete static prop option to do its fade in screen space @ 592.00 448.00 1120.00
Encountered obsolete static prop option to do its fade in screen space @ 560.00 448.00 1120.00
Placing detail props : 0...1...2...3...4...5...6...7...8...9...10
Compacting texture/material tables...
Reduced 2150 texinfos to 1185
Reduced 99 texdatas to 89 (3820 bytes to 3393)
Writing C:\Program Files (x86)\Steam\steamapps\common\Portal 2\sdk_content\maps\WIP\Chapter 8\mp_coop_a4_tb_trust_drop.bsp

nummapplanes:     (  5120 / 65536 )
nummapbrushes:    (  1440 /  8192 )
nummapbrushsides: ( 10493 / 65536 )
num_map_overlays: (    14 /   512 )
nummodels:        (   120 /  1024 )
num_entities:     (   533 / 16384 )

3 seconds elapsed



24 threads
reading c:\program files (x86)\steam\steamapps\common\portal 2\sdk_content\maps\wip\chapter 8\mp_coop_a4_tb_trust_drop.bsp
reading c:\program files (x86)\steam\steamapps\common\portal 2\sdk_content\maps\wip\chapter 8\mp_coop_a4_tb_trust_drop.prt
 850 portalclusters
2642 numportals
0...1...2...3...4...5...6...7...8...9...10Optimized: 18224 visible clusters (0.00%)
Total clusters visible: 569580
Average clusters visible: 670
Building PAS...
Average clusters audible: 821
visdatasize:184115  compressed from 190400
writing c:\program files (x86)\steam\steamapps\common\portal 2\sdk_content\maps\wip\chapter 8\mp_coop_a4_tb_trust_drop.bsp
0 seconds elapsed



[Reading texlights from 'lights.rad']
[59 texlights parsed from 'lights.rad']

Loading c:\program files (x86)\steam\steamapps\common\portal 2\sdk_content\maps\wip\chapter 8\mp_coop_a4_tb_trust_drop.bsp
3221 faces
4313904 square feet [621202176.00 square inches]
0 Displacements
0 Square Feet [0.00 Square Inches]
3221 patches before subdivision
59809 patches after subdivision
150 direct lights
0...1...2...3...4...5...6...7...8...9...100...1...2...3...4...5...6...7...8...9...10transfers 6636970, max 819
transfer lists:  50.6 megs
0...1...2...3...4...5...6...7...8...9...10	Bounce #1 added RGB(21738, 26368, 28157)
0...1...2...3...4...5...6...7...8...9...10	Bounce #2 added RGB(11723, 13983, 14595)
0...1...2...3...4...5...6...7...8...9...10	Bounce #3 added RGB(5998, 7223, 7525)
0...1...2...3...4...5...6...7...8...9...10	Bounce #4 added RGB(3222, 3871, 4009)
0...1...2...3...4...5...6...7...8...9...10	Bounce #5 added RGB(1714, 2065, 2135)
0...1...2...3...4...5...6...7...8...9...10	Bounce #6 added RGB(923, 1113, 1149)
0...1...2...3...4...5...6...7...8...9...10	Bounce #7 added RGB(498, 602, 620)
0...1...2...3...4...5...6...7...8...9...10	Bounce #8 added RGB(270, 327, 337)
0...1...2...3...4...5...6...7...8...9...10	Bounce #9 added RGB(147, 178, 183)
0...1...2...3...4...5...6...7...8...9...10	Bounce #10 added RGB(80, 97, 100)
0...1...2...3...4...5...6...7...8...9...10	Bounce #11 added RGB(44, 54, 55)
0...1...2...3...4...5...6...7...8...9...10	Bounce #12 added RGB(24, 29, 30)
0...1...2...3...4...5...6...7...8...9...10	Bounce #13 added RGB(13, 16, 17)
0...1...2...3...4...5...6...7...8...9...10	Bounce #14 added RGB(7, 9, 9)
0...1...2...3...4...5...6...7...8...9...10	Bounce #15 added RGB(4, 5, 5)
0...1...2...3...4...5...6...7...8...9...10	Bounce #16 added RGB(2, 3, 3)
0...1...2...3...4...5...6...7...8...9...10	Bounce #17 added RGB(1, 2, 2)
0...1...2...3...4...5...6...7...8...9...10	Bounce #18 added RGB(1, 1, 1)
Build Patch/Sample Hash Table(s).....Done<0.0174 sec>
0...1...2...3...4...5...6...7...8...9...10FinalLightFace Done
84 of 84 (100% of) surface lights went in leaf ambient cubes.
0...1...2...3...4...5...6...7...8...9...10Writing leaf ambient...done
Ready to Finish

Object names       Objects/Maxobjs  Memory / Maxmem  Fullness 
------------       ---------------  ---------------  -------- 
models                 120/1024         5760/49152    (11.7%) 
brushes               1440/8192        17280/98304    (17.6%) 
brushsides           10517/65536       84136/524288   (16.0%) 
planes                5120/65536      102400/1310720  ( 7.8%) 
vertexes              7457/65536       89484/786432   (11.4%) 
nodes                 2674/65536       85568/2097152  ( 4.1%) 
texinfos              1185/12288       85320/884736   ( 9.6%) 
texdata                 89/2048         2848/65536    ( 4.3%) 
dispinfos                0/0               0/0        ( 0.0%) 
disp_verts               0/0               0/0        ( 0.0%) 
disp_tris                0/0               0/0        ( 0.0%) 
disp_multiblend          0/0               0/0        ( 0.0%) 
disp_lmsamples           0/0               0/0        ( 0.0%) 
faces                 3221/65536      180376/3670016  ( 4.9%) 
hdr faces                0/65536           0/3670016  ( 0.0%) 
origfaces             2345/65536      131320/3670016  ( 3.6%) 
facebrushes            424/0             848/0        ( 0.0%) 
facebrushlists        3221/0           12884/0        ( 0.0%) 
leaves                2795/65536       89440/2097152  ( 4.3%) 
leaffaces             4574/65536        9148/131072   ( 7.0%) 
leafbrushes           3265/65536        6530/131072   ( 5.0%) 
areas                   13/256           104/2048     ( 5.1%) 
surfedges            24135/512000      96540/2048000  ( 4.7%) 
edges                15100/256000      60400/1024000  ( 5.9%) 
LDR worldlights        150/8192        15000/819200   ( 1.8%) 
HDR worldlights          0/8192            0/819200   ( 0.0%) 
leafwaterdata            0/32768           0/393216   ( 0.0%) 
waterstrips            333/32768        3330/327680   ( 1.0%) 
waterverts               0/65536           0/786432   ( 0.0%) 
waterindices          5934/65536       11868/131072   ( 9.1%) 
cubemapsamples          13/1024          208/16384    ( 1.3%) 
overlays                14/512          4928/180224   ( 2.7%) 
LDR lightdata         [variable]     2807932/0        ( 0.0%) 
HDR lightdata         [variable]           0/0        ( 0.0%) 
visdata               [variable]      184115/16777216 ( 1.1%) 
entdata               [variable]      186279/393216   (47.4%) 
LDR ambient table     2795/65536       11180/262144   ( 4.3%) 
HDR ambient table     2795/65536       11180/262144   ( 4.3%) 
LDR leaf ambient     10493/65536      293804/1835008  (16.0%) 
HDR leaf ambient      2795/65536       78260/1835008  ( 4.3%) 
occluders                0/0               0/0        ( 0.0%) 
occluder polygons        0/0               0/0        ( 0.0%) 
occluder vert ind        0/0               0/0        ( 0.0%) 
detail props          [variable]           1/12       ( 8.3%) 
static props          [variable]           1/51598    ( 0.0%) 
pakfile               [variable]     1052377/0        ( 0.0%) 
physics               [variable]      538272/4194304  (12.8%) 
physics terrain       [variable]           2/1048576  ( 0.0%) 

Level flags = 0

Total triangle count: 8337
Writing c:\program files (x86)\steam\steamapps\common\portal 2\sdk_content\maps\wip\chapter 8\mp_coop_a4_tb_trust_drop.bsp
19 seconds elapsed



[Reading texlights from 'lights.rad']
[59 texlights parsed from 'lights.rad']

Loading c:\program files (x86)\steam\steamapps\common\portal 2\sdk_content\maps\wip\chapter 8\mp_coop_a4_tb_trust_drop.bsp
Loaded alpha texture materials\Tools\toolsinvisible.vtf
Loaded alpha texture materials\Metal\metalgrate018.vtf
3221 faces
4313904 square feet [621202176.00 square inches]
0 Displacements
0 Square Feet [0.00 Square Inches]
3221 patches before subdivision
59809 patches after subdivision
150 direct lights
0...1...2...3...4...5...6...7...8...9...100...1...2...3...4...5...6...7...8...9...10transfers 6929976, max 825
transfer lists:  52.9 megs
0...1...2...3...4...5...6...7...8...9...10	Bounce #1 added RGB(22633, 26976, 28442)
0...1...2...3...4...5...6...7...8...9...10	Bounce #2 added RGB(11646, 13851, 14416)
0...1...2...3...4...5...6...7...8...9...10	Bounce #3 added RGB(5905, 7104, 7389)
0...1...2...3...4...5...6...7...8...9...10	Bounce #4 added RGB(3161, 3797, 3926)
0...1...2...3...4...5...6...7...8...9...10	Bounce #5 added RGB(1678, 2021, 2086)
0...1...2...3...4...5...6...7...8...9...10	Bounce #6 added RGB(902, 1088, 1120)
0...1...2...3...4...5...6...7...8...9...10	Bounce #7 added RGB(486, 587, 604)
0...1...2...3...4...5...6...7...8...9...10	Bounce #8 added RGB(263, 318, 327)
0...1...2...3...4...5...6...7...8...9...10	Bounce #9 added RGB(143, 173, 178)
0...1...2...3...4...5...6...7...8...9...10	Bounce #10 added RGB(78, 95, 97)
0...1...2...3...4...5...6...7...8...9...10	Bounce #11 added RGB(43, 52, 53)
0...1...2...3...4...5...6...7...8...9...10	Bounce #12 added RGB(24, 29, 29)
0...1...2...3...4...5...6...7...8...9...10	Bounce #13 added RGB(13, 16, 16)
0...1...2...3...4...5...6...7...8...9...10	Bounce #14 added RGB(7, 9, 9)
0...1...2...3...4...5...6...7...8...9...10	Bounce #15 added RGB(4, 5, 5)
0...1...2...3...4...5...6...7...8...9...10	Bounce #16 added RGB(2, 3, 3)
0...1...2...3...4...5...6...7...8...9...10	Bounce #17 added RGB(1, 2, 2)
0...1...2...3...4...5...6...7...8...9...10	Bounce #18 added RGB(1, 1, 1)
Build Patch/Sample Hash Table(s).....Done<0.0192 sec>
0...1...2...3...4...5...6...7...8...9...10FinalLightFace Done
84 of 84 (100% of) surface lights went in leaf ambient cubes.
0...1...2...3...4...5...6...7...8...9...10Writing leaf ambient...done
Computing static prop lighting : 00...1...2...3...4...5...6...7...8...9...10
Ready to Finish

Object names       Objects/Maxobjs  Memory / Maxmem  Fullness 
------------       ---------------  ---------------  -------- 
models                 120/1024         5760/49152    (11.7%) 
brushes               1440/8192        17280/98304    (17.6%) 
brushsides           10517/65536       84136/524288   (16.0%) 
planes                5120/65536      102400/1310720  ( 7.8%) 
vertexes              7457/65536       89484/786432   (11.4%) 
nodes                 2674/65536       85568/2097152  ( 4.1%) 
texinfos              1185/12288       85320/884736   ( 9.6%) 
texdata                 89/2048         2848/65536    ( 4.3%) 
dispinfos                0/0               0/0        ( 0.0%) 
disp_verts               0/0               0/0        ( 0.0%) 
disp_tris                0/0               0/0        ( 0.0%) 
disp_multiblend          0/0               0/0        ( 0.0%) 
disp_lmsamples           0/0               0/0        ( 0.0%) 
faces                 3221/65536      180376/3670016  ( 4.9%) 
hdr faces                0/65536           0/3670016  ( 0.0%) 
origfaces             2345/65536      131320/3670016  ( 3.6%) 
facebrushes            424/0             848/0        ( 0.0%) 
facebrushlists        3221/0           12884/0        ( 0.0%) 
leaves                2795/65536       89440/2097152  ( 4.3%) 
leaffaces             4574/65536        9148/131072   ( 7.0%) 
leafbrushes           3265/65536        6530/131072   ( 5.0%) 
areas                   13/256           104/2048     ( 5.1%) 
surfedges            24135/512000      96540/2048000  ( 4.7%) 
edges                15100/256000      60400/1024000  ( 5.9%) 
LDR worldlights        150/8192        15000/819200   ( 1.8%) 
HDR worldlights          0/8192            0/819200   ( 0.0%) 
leafwaterdata            0/32768           0/393216   ( 0.0%) 
waterstrips            333/32768        3330/327680   ( 1.0%) 
waterverts               0/65536           0/786432   ( 0.0%) 
waterindices          5934/65536       11868/131072   ( 9.1%) 
cubemapsamples          13/1024          208/16384    ( 1.3%) 
overlays                14/512          4928/180224   ( 2.7%) 
LDR lightdata         [variable]     2807932/0        ( 0.0%) 
HDR lightdata         [variable]           0/0        ( 0.0%) 
visdata               [variable]      184115/16777216 ( 1.1%) 
entdata               [variable]      186279/393216   (47.4%) 
LDR ambient table     2795/65536       11180/262144   ( 4.3%) 
HDR ambient table     2795/65536       11180/262144   ( 4.3%) 
LDR leaf ambient     10718/65536      300104/1835008  (16.4%) 
HDR leaf ambient      2795/65536       78260/1835008  ( 4.3%) 
occluders                0/0               0/0        ( 0.0%) 
occluder polygons        0/0               0/0        ( 0.0%) 
occluder vert ind        0/0               0/0        ( 0.0%) 
detail props          [variable]           1/12       ( 8.3%) 
static props          [variable]           1/51598    ( 0.0%) 
pakfile               [variable]     3207421/0        ( 0.0%) 
physics               [variable]      538272/4194304  (12.8%) 
physics terrain       [variable]           2/1048576  ( 0.0%) 

Level flags = 1

Total triangle count: 8337
Writing c:\program files (x86)\steam\steamapps\common\portal 2\sdk_content\maps\wip\chapter 8\mp_coop_a4_tb_trust_drop.bsp
1 minute, 18 seconds elapsed



[Reading texlights from 'lights.rad']
[59 texlights parsed from 'lights.rad']

Loading c:\program files (x86)\steam\steamapps\common\portal 2\sdk_content\maps\wip\chapter 8\mp_coop_a4_tb_trust_drop.bsp
Loaded alpha texture materials\Tools\toolsinvisible.vtf
Loaded alpha texture materials\Metal\metalgrate018.vtf
3221 faces
4313904 square feet [621202176.00 square inches]
0 Displacements
0 Square Feet [0.00 Square Inches]
3221 patches before subdivision
59809 patches after subdivision
150 direct lights
0...1...2...3...4...5...6...7...8...9...100...1...2...3...4...5...6...7...8...9...10transfers 6929976, max 825
transfer lists:  52.9 megs
0...1...2...3...4...5...6...7...8...9...10	Bounce #1 added RGB(28154, 33989, 36392)
0...1...2...3...4...5...6...7...8...9...10	Bounce #2 added RGB(14431, 17390, 18385)
0...1...2...3...4...5...6...7...8...9...10	Bounce #3 added RGB(7281, 8853, 9336)
0...1...2...3...4...5...6...7...8...9...10	Bounce #4 added RGB(3856, 4680, 4903)
0...1...2...3...4...5...6...7...8...9...10	Bounce #5 added RGB(2029, 2466, 2577)
0...1...2...3...4...5...6...7...8...9...10	Bounce #6 added RGB(1081, 1314, 1369)
0...1...2...3...4...5...6...7...8...9...10	Bounce #7 added RGB(577, 702, 730)
0...1...2...3...4...5...6...7...8...9...10	Bounce #8 added RGB(310, 377, 392)
0...1...2...3...4...5...6...7...8...9...10	Bounce #9 added RGB(167, 204, 211)
0...1...2...3...4...5...6...7...8...9...10	Bounce #10 added RGB(90, 110, 114)
0...1...2...3...4...5...6...7...8...9...10	Bounce #11 added RGB(49, 60, 62)
0...1...2...3...4...5...6...7...8...9...10	Bounce #12 added RGB(27, 33, 34)
0...1...2...3...4...5...6...7...8...9...10	Bounce #13 added RGB(15, 18, 18)
0...1...2...3...4...5...6...7...8...9...10	Bounce #14 added RGB(8, 10, 10)
0...1...2...3...4...5...6...7...8...9...10	Bounce #15 added RGB(4, 5, 6)
0...1...2...3...4...5...6...7...8...9...10	Bounce #16 added RGB(2, 3, 3)
0...1...2...3...4...5...6...7...8...9...10	Bounce #17 added RGB(1, 2, 2)
0...1...2...3...4...5...6...7...8...9...10	Bounce #18 added RGB(1, 1, 1)
Build Patch/Sample Hash Table(s).....Done<0.0202 sec>
0...1...2...3...4...5...6...7...8...9...10FinalLightFace Done
84 of 84 (100% of) surface lights went in leaf ambient cubes.
0...1...2...3...4...5...6...7...8...9...10Writing leaf ambient...done
Computing static prop lighting : 00...1...2...3...4...5...6...7...8...9...10
Ready to Finish

Object names       Objects/Maxobjs  Memory / Maxmem  Fullness 
------------       ---------------  ---------------  -------- 
models                 120/1024         5760/49152    (11.7%) 
brushes               1440/8192        17280/98304    (17.6%) 
brushsides           10517/65536       84136/524288   (16.0%) 
planes                5120/65536      102400/1310720  ( 7.8%) 
vertexes              7457/65536       89484/786432   (11.4%) 
nodes                 2674/65536       85568/2097152  ( 4.1%) 
texinfos              1185/12288       85320/884736   ( 9.6%) 
texdata                 89/2048         2848/65536    ( 4.3%) 
dispinfos                0/0               0/0        ( 0.0%) 
disp_verts               0/0               0/0        ( 0.0%) 
disp_tris                0/0               0/0        ( 0.0%) 
disp_multiblend          0/0               0/0        ( 0.0%) 
disp_lmsamples           0/0               0/0        ( 0.0%) 
faces                 3221/65536      180376/3670016  ( 4.9%) 
hdr faces             3221/65536      180376/3670016  ( 4.9%) 
origfaces             2345/65536      131320/3670016  ( 3.6%) 
facebrushes            424/0             848/0        ( 0.0%) 
facebrushlists        3221/0           12884/0        ( 0.0%) 
leaves                2795/65536       89440/2097152  ( 4.3%) 
leaffaces             4574/65536        9148/131072   ( 7.0%) 
leafbrushes           3265/65536        6530/131072   ( 5.0%) 
areas                   13/256           104/2048     ( 5.1%) 
surfedges            24135/512000      96540/2048000  ( 4.7%) 
edges                15100/256000      60400/1024000  ( 5.9%) 
LDR worldlights        150/8192        15000/819200   ( 1.8%) 
HDR worldlights        150/8192        15000/819200   ( 1.8%) 
leafwaterdata            0/32768           0/393216   ( 0.0%) 
waterstrips            333/32768        3330/327680   ( 1.0%) 
waterverts               0/65536           0/786432   ( 0.0%) 
waterindices          5934/65536       11868/131072   ( 9.1%) 
cubemapsamples          13/1024          208/16384    ( 1.3%) 
overlays                14/512          4928/180224   ( 2.7%) 
LDR lightdata         [variable]     2807932/0        ( 0.0%) 
HDR lightdata         [variable]     2807932/0        ( 0.0%) 
visdata               [variable]      184115/16777216 ( 1.1%) 
entdata               [variable]      186279/393216   (47.4%) 
LDR ambient table     2795/65536       11180/262144   ( 4.3%) 
HDR ambient table     2795/65536       11180/262144   ( 4.3%) 
LDR leaf ambient     10718/65536      300104/1835008  (16.4%) 
HDR leaf ambient     11732/65536      328496/1835008  (17.9%) 
occluders                0/0               0/0        ( 0.0%) 
occluder polygons        0/0               0/0        ( 0.0%) 
occluder vert ind        0/0               0/0        ( 0.0%) 
detail props          [variable]           1/12       ( 8.3%) 
static props          [variable]           1/51598    ( 0.0%) 
pakfile               [variable]     5367009/0        ( 0.0%) 
physics               [variable]      538272/4194304  (12.8%) 
physics terrain       [variable]           2/1048576  ( 0.0%) 

Level flags = 3

Total triangle count: 8337
Writing c:\program files (x86)\steam\steamapps\common\portal 2\sdk_content\maps\wip\chapter 8\mp_coop_a4_tb_trust_drop.bsp
1 minute, 17 seconds elapsed



materialPath: C:\Program Files (x86)\Steam\steamapps\common\Portal 2\portal2\materials
Loading C:\Program Files (x86)\Steam\steamapps\common\Portal 2\sdk_content\maps\WIP\Chapter 8\mp_coop_a4_tb_trust_drop.vmf
ConVarRef gpu_level doesn't point to an existing ConVar
fixing up env_cubemap materials on brush sides...
0...1...2...3...4...5...6...7...8...9...100...1...2...3...4...5...6...7...8...9...10Processing areas...done (0)
Building Faces...done (0)
Chop Details...done (0)
Find Visible Detail Sides...
Merged 520 detail faces...done (0)
Merging details...done (0)
FixTjuncs...
PruneNodes...
WriteBSP...
done (0)
writing C:\Program Files (x86)\Steam\steamapps\common\Portal 2\sdk_content\maps\WIP\Chapter 8\mp_coop_a4_tb_trust_drop.prt...Building visibility clusters...
done (0)
Finding displacement neighbors...
Finding lightmap sample positions...
Displacement Alpha : 0...1...2...3...4...5...6...7...8...9...10
Building Physics collision data...
done (1) (535138 bytes)
Encountered obsolete static prop option to do its fade in screen space @ -320.00 1232.00 992.00
Encountered obsolete static prop option to do its fade in screen space @ -832.00 400.00 608.00
Encountered obsolete static prop option to do its fade in screen space @ -272.00 384.00 992.00
Encountered obsolete static prop option to do its fade in screen space @ 384.00 1264.00 1056.00
Encountered obsolete static prop option to do its fade in screen space @ -320.00 1264.00 96.00
Encountered obsolete static prop option to do its fade in screen space @ -768.00 400.00 1088.00
Encountered obsolete static prop option to do its fade in screen space @ -832.00 448.00 1072.00
Encountered obsolete static prop option to do its fade in screen space @ -320.00 1232.00 352.00
Encountered obsolete static prop option to do its fade in screen space @ -832.00 432.00 992.00
Encountered obsolete static prop option to do its fade in screen space @ -320.00 1264.00 224.00
Encountered obsolete static prop option to do its fade in screen space @ -272.00 384.00 1120.00
Encountered obsolete static prop option to do its fade in screen space @ -832.00 400.00 864.00
Encountered obsolete static prop option to do its fade in screen space @ -832.00 400.00 736.00
Encountered obsolete static prop option to do its fade in screen space @ -320.00 1264.00 864.00
Encountered obsolete static prop option to do its fade in screen space @ -320.00 1232.00 864.00
Encountered obsolete static prop option to do its fade in screen space @ -320.00 1264.00 608.00
Encountered obsolete static prop option to do its fade in screen space @ -320.00 1232.00 480.00
Encountered obsolete static prop option to do its fade in screen space @ -320.00 1264.00 352.00
Encountered obsolete static prop option to do its fade in screen space @ 320.00 1264.00 800.00
Encountered obsolete static prop option to do its fade in screen space @ -384.00 400.00 1088.00
Encountered obsolete static prop option to do its fade in screen space @ -512.00 400.00 1088.00
Encountered obsolete static prop option to do its fade in screen space @ -832.00 400.00 992.00
Encountered obsolete static prop option to do its fade in screen space @ 192.00 1264.00 864.00
Encountered obsolete static prop option to do its fade in screen space @ 192.00 1264.00 992.00
Encountered obsolete static prop option to do its fade in screen space @ 192.00 1232.00 992.00
Encountered obsolete static prop option to do its fade in screen space @ 192.00 1232.00 864.00
Encountered obsolete static prop option to do its fade in screen space @ 256.00 1232.00 1056.00
Encountered obsolete static prop option to do its fade in screen space @ -368.00 448.00 224.00
Encountered obsolete static prop option to do its fade in screen space @ -320.00 1264.00 992.00
Encountered obsolete static prop option to do its fade in screen space @ -528.00 448.00 224.00
Encountered obsolete static prop option to do its fade in screen space @ -320.00 1264.00 480.00
Encountered obsolete static prop option to do its fade in screen space @ -320.00 1264.00 736.00
Encountered obsolete static prop option to do its fade in screen space @ -640.00 400.00 1088.00
Encountered obsolete static prop option to do its fade in screen space @ 256.00 1264.00 1056.00
Encountered obsolete static prop option to do its fade in screen space @ 320.00 1392.00 992.00
Encountered obsolete static prop option to do its fade in screen space @ 320.00 1424.00 992.00
Encountered obsolete static prop option to do its fade in screen space @ 592.00 448.00 1120.00
Encountered obsolete static prop option to do its fade in screen space @ 560.00 448.00 1120.00
Placing detail props : 0...1...2...3...4...5...6...7...8...9...10
Compacting texture/material tables...
Reduced 2127 texinfos to 1169
Reduced 98 texdatas to 88 (3804 bytes to 3377)
Writing C:\Program Files (x86)\Steam\steamapps\common\Portal 2\sdk_content\maps\WIP\Chapter 8\mp_coop_a4_tb_trust_drop.bsp

nummapplanes:     (  5106 / 65536 )
nummapbrushes:    (  1431 /  8192 )
nummapbrushsides: ( 10439 / 65536 )
num_map_overlays: (    14 /   512 )
nummodels:        (   118 /  1024 )
num_entities:     (   529 / 16384 )

5 seconds elapsed



24 threads
reading c:\program files (x86)\steam\steamapps\common\portal 2\sdk_content\maps\wip\chapter 8\mp_coop_a4_tb_trust_drop.bsp
reading c:\program files (x86)\steam\steamapps\common\portal 2\sdk_content\maps\wip\chapter 8\mp_coop_a4_tb_trust_drop.prt
 841 portalclusters
2616 numportals
0...1...2...3...4...5...6...7...8...9...100...1...2...3...4...5...6...7...8...9...10Optimized: 1432 visible clusters (0.00%)
Total clusters visible: 374959
Average clusters visible: 445
Building PAS...
Average clusters audible: 784
visdatasize:176330  compressed from 188384
writing c:\program files (x86)\steam\steamapps\common\portal 2\sdk_content\maps\wip\chapter 8\mp_coop_a4_tb_trust_drop.bsp
1 minute, 10 seconds elapsed



[Reading texlights from 'lights.rad']
[59 texlights parsed from 'lights.rad']

Loading c:\program files (x86)\steam\steamapps\common\portal 2\sdk_content\maps\wip\chapter 8\mp_coop_a4_tb_trust_drop.bsp
3196 faces
4313267 square feet [621110528.00 square inches]
0 Displacements
0 Square Feet [0.00 Square Inches]
3196 patches before subdivision
59682 patches after subdivision
150 direct lights
0...1...2...3...4...5...6...7...8...9...100...1...2...3...4...5...6...7...8...9...10transfers 6619006, max 819
transfer lists:  50.5 megs
0...1...2...3...4...5...6...7...8...9...10	Bounce #1 added RGB(21308, 25848, 27603)
0...1...2...3...4...5...6...7...8...9...10	Bounce #2 added RGB(11573, 13803, 14408)
0...1...2...3...4...5...6...7...8...9...10	Bounce #3 added RGB(5927, 7136, 7434)
0...1...2...3...4...5...6...7...8...9...10	Bounce #4 added RGB(3186, 3827, 3963)
0...1...2...3...4...5...6...7...8...9...10	Bounce #5 added RGB(1696, 2043, 2111)
0...1...2...3...4...5...6...7...8...9...10	Bounce #6 added RGB(914, 1102, 1137)
0...1...2...3...4...5...6...7...8...9...10	Bounce #7 added RGB(493, 596, 614)
0...1...2...3...4...5...6...7...8...9...10	Bounce #8 added RGB(268, 324, 333)
0...1...2...3...4...5...6...7...8...9...10	Bounce #9 added RGB(146, 177, 182)
0...1...2...3...4...5...6...7...8...9...10	Bounce #10 added RGB(80, 97, 99)
0...1...2...3...4...5...6...7...8...9...10	Bounce #11 added RGB(44, 53, 55)
0...1...2...3...4...5...6...7...8...9...10	Bounce #12 added RGB(24, 29, 30)
0...1...2...3...4...5...6...7...8...9...10	Bounce #13 added RGB(13, 16, 17)
0...1...2...3...4...5...6...7...8...9...10	Bounce #14 added RGB(7, 9, 9)
0...1...2...3...4...5...6...7...8...9...10	Bounce #15 added RGB(4, 5, 5)
0...1...2...3...4...5...6...7...8...9...10	Bounce #16 added RGB(2, 3, 3)
0...1...2...3...4...5...6...7...8...9...10	Bounce #17 added RGB(1, 2, 2)
0...1...2...3...4...5...6...7...8...9...10	Bounce #18 added RGB(1, 1, 1)
Build Patch/Sample Hash Table(s).....Done<0.0194 sec>
0...1...2...3...4...5...6...7...8...9...10FinalLightFace Done
84 of 84 (100% of) surface lights went in leaf ambient cubes.
0...1...2...3...4...5...6...7...8...9...10Writing leaf ambient...done
Ready to Finish

Object names       Objects/Maxobjs  Memory / Maxmem  Fullness 
------------       ---------------  ---------------  -------- 
models                 118/1024         5664/49152    (11.5%) 
brushes               1431/8192        17172/98304    (17.5%) 
brushsides           10463/65536       83704/524288   (16.0%) 
planes                5106/65536      102120/1310720  ( 7.8%) 
vertexes              7411/65536       88932/786432   (11.3%) 
nodes                 2648/65536       84736/2097152  ( 4.0%) 
texinfos              1169/12288       84168/884736   ( 9.5%) 
texdata                 88/2048         2816/65536    ( 4.3%) 
dispinfos                0/0               0/0        ( 0.0%) 
disp_verts               0/0               0/0        ( 0.0%) 
disp_tris                0/0               0/0        ( 0.0%) 
disp_multiblend          0/0               0/0        ( 0.0%) 
disp_lmsamples           0/0               0/0        ( 0.0%) 
faces                 3196/65536      178976/3670016  ( 4.9%) 
hdr faces                0/65536           0/3670016  ( 0.0%) 
origfaces             2321/65536      129976/3670016  ( 3.5%) 
facebrushes            424/0             848/0        ( 0.0%) 
facebrushlists        3196/0           12784/0        ( 0.0%) 
leaves                2767/65536       88544/2097152  ( 4.2%) 
leaffaces             4546/65536        9092/131072   ( 6.9%) 
leafbrushes           3246/65536        6492/131072   ( 5.0%) 
areas                   13/256           104/2048     ( 5.1%) 
surfedges            23925/512000      95700/2048000  ( 4.7%) 
edges                14959/256000      59836/1024000  ( 5.8%) 
LDR worldlights        150/8192        15000/819200   ( 1.8%) 
HDR worldlights          0/8192            0/819200   ( 0.0%) 
leafwaterdata            0/32768           0/393216   ( 0.0%) 
waterstrips            325/32768        3250/327680   ( 1.0%) 
waterverts               0/65536           0/786432   ( 0.0%) 
waterindices          5784/65536       11568/131072   ( 8.8%) 
cubemapsamples          13/1024          208/16384    ( 1.3%) 
overlays                14/512          4928/180224   ( 2.7%) 
LDR lightdata         [variable]     2801352/0        ( 0.0%) 
HDR lightdata         [variable]           0/0        ( 0.0%) 
visdata               [variable]      176330/16777216 ( 1.1%) 
entdata               [variable]      184867/393216   (47.0%) 
LDR ambient table     2767/65536       11068/262144   ( 4.2%) 
HDR ambient table     2767/65536       11068/262144   ( 4.2%) 
LDR leaf ambient     10397/65536      291116/1835008  (15.9%) 
HDR leaf ambient      2767/65536       77476/1835008  ( 4.2%) 
occluders                0/0               0/0        ( 0.0%) 
occluder polygons        0/0               0/0        ( 0.0%) 
occluder vert ind        0/0               0/0        ( 0.0%) 
detail props          [variable]           1/12       ( 8.3%) 
static props          [variable]           1/51598    ( 0.0%) 
pakfile               [variable]     1052377/0        ( 0.0%) 
physics               [variable]      535138/4194304  (12.8%) 
physics terrain       [variable]           2/1048576  ( 0.0%) 

Level flags = 0

Total triangle count: 8273
Writing c:\program files (x86)\steam\steamapps\common\portal 2\sdk_content\maps\wip\chapter 8\mp_coop_a4_tb_trust_drop.bsp
22 seconds elapsed



[Reading texlights from 'lights.rad']
[59 texlights parsed from 'lights.rad']

Loading c:\program files (x86)\steam\steamapps\common\portal 2\sdk_content\maps\wip\chapter 8\mp_coop_a4_tb_trust_drop.bsp
3196 faces
4313267 square feet [621110528.00 square inches]
0 Displacements
0 Square Feet [0.00 Square Inches]
3196 patches before subdivision
59682 patches after subdivision
150 direct lights
0...1...2...3...4...5...6...7...8...9...100...1...2...3...4...5...6...7...8...9...10transfers 6619006, max 819
transfer lists:  50.5 megs
0...1...2...3...4...5...6...7...8...9...10	Bounce #1 added RGB(26807, 32835, 35533)
0...1...2...3...4...5...6...7...8...9...10	Bounce #2 added RGB(14366, 17353, 18396)
0...1...2...3...4...5...6...7...8...9...10	Bounce #3 added RGB(7316, 8901, 9402)
0...1...2...3...4...5...6...7...8...9...10	Bounce #4 added RGB(3891, 4723, 4957)
0...1...2...3...4...5...6...7...8...9...10	Bounce #5 added RGB(2053, 2497, 2614)
0...1...2...3...4...5...6...7...8...9...10	Bounce #6 added RGB(1097, 1334, 1393)
0...1...2...3...4...5...6...7...8...9...10	Bounce #7 added RGB(587, 715, 745)
0...1...2...3...4...5...6...7...8...9...10	Bounce #8 added RGB(316, 385, 401)
0...1...2...3...4...5...6...7...8...9...10	Bounce #9 added RGB(171, 208, 216)
0...1...2...3...4...5...6...7...8...9...10	Bounce #10 added RGB(93, 113, 117)
0...1...2...3...4...5...6...7...8...9...10	Bounce #11 added RGB(50, 61, 64)
0...1...2...3...4...5...6...7...8...9...10	Bounce #12 added RGB(27, 34, 35)
0...1...2...3...4...5...6...7...8...9...10	Bounce #13 added RGB(15, 18, 19)
0...1...2...3...4...5...6...7...8...9...10	Bounce #14 added RGB(8, 10, 10)
0...1...2...3...4...5...6...7...8...9...10	Bounce #15 added RGB(5, 6, 6)
0...1...2...3...4...5...6...7...8...9...10	Bounce #16 added RGB(3, 3, 3)
0...1...2...3...4...5...6...7...8...9...10	Bounce #17 added RGB(1, 2, 2)
0...1...2...3...4...5...6...7...8...9...10	Bounce #18 added RGB(1, 1, 1)
Build Patch/Sample Hash Table(s).....Done<0.0198 sec>
0...1...2...3...4...5...6...7...8...9...10FinalLightFace Done
84 of 84 (100% of) surface lights went in leaf ambient cubes.
0...1...2...3...4...5...6...7...8...9...10Writing leaf ambient...done
Ready to Finish

Object names       Objects/Maxobjs  Memory / Maxmem  Fullness 
------------       ---------------  ---------------  -------- 
models                 118/1024         5664/49152    (11.5%) 
brushes               1431/8192        17172/98304    (17.5%) 
brushsides           10463/65536       83704/524288   (16.0%) 
planes                5106/65536      102120/1310720  ( 7.8%) 
vertexes              7411/65536       88932/786432   (11.3%) 
nodes                 2648/65536       84736/2097152  ( 4.0%) 
texinfos              1169/12288       84168/884736   ( 9.5%) 
texdata                 88/2048         2816/65536    ( 4.3%) 
dispinfos                0/0               0/0        ( 0.0%) 
disp_verts               0/0               0/0        ( 0.0%) 
disp_tris                0/0               0/0        ( 0.0%) 
disp_multiblend          0/0               0/0        ( 0.0%) 
disp_lmsamples           0/0               0/0        ( 0.0%) 
faces                 3196/65536      178976/3670016  ( 4.9%) 
hdr faces             3196/65536      178976/3670016  ( 4.9%) 
origfaces             2321/65536      129976/3670016  ( 3.5%) 
facebrushes            424/0             848/0        ( 0.0%) 
facebrushlists        3196/0           12784/0        ( 0.0%) 
leaves                2767/65536       88544/2097152  ( 4.2%) 
leaffaces             4546/65536        9092/131072   ( 6.9%) 
leafbrushes           3246/65536        6492/131072   ( 5.0%) 
areas                   13/256           104/2048     ( 5.1%) 
surfedges            23925/512000      95700/2048000  ( 4.7%) 
edges                14959/256000      59836/1024000  ( 5.8%) 
LDR worldlights        150/8192        15000/819200   ( 1.8%) 
HDR worldlights        150/8192        15000/819200   ( 1.8%) 
leafwaterdata            0/32768           0/393216   ( 0.0%) 
waterstrips            325/32768        3250/327680   ( 1.0%) 
waterverts               0/65536           0/786432   ( 0.0%) 
waterindices          5784/65536       11568/131072   ( 8.8%) 
cubemapsamples          13/1024          208/16384    ( 1.3%) 
overlays                14/512          4928/180224   ( 2.7%) 
LDR lightdata         [variable]     2801352/0        ( 0.0%) 
HDR lightdata         [variable]     2801352/0        ( 0.0%) 
visdata               [variable]      176330/16777216 ( 1.1%) 
entdata               [variable]      184867/393216   (47.0%) 
LDR ambient table     2767/65536       11068/262144   ( 4.2%) 
HDR ambient table     2767/65536       11068/262144   ( 4.2%) 
LDR leaf ambient     10397/65536      291116/1835008  (15.9%) 
HDR leaf ambient     11416/65536      319648/1835008  (17.4%) 
occluders                0/0               0/0        ( 0.0%) 
occluder polygons        0/0               0/0        ( 0.0%) 
occluder vert ind        0/0               0/0        ( 0.0%) 
detail props          [variable]           1/12       ( 8.3%) 
static props          [variable]           1/51598    ( 0.0%) 
pakfile               [variable]     1052377/0        ( 0.0%) 
physics               [variable]      535138/4194304  (12.8%) 
physics terrain       [variable]           2/1048576  ( 0.0%) 

Level flags = 0

Total triangle count: 8273
Writing c:\program files (x86)\steam\steamapps\common\portal 2\sdk_content\maps\wip\chapter 8\mp_coop_a4_tb_trust_drop.bsp
22 seconds elapsed



materialPath: C:\Program Files (x86)\Steam\steamapps\common\Portal 2\portal2\materials
Loading c:\program files (x86)\steam\steamapps\common\portal 2\sdk_content\maps\wip\chapter 8\mp_coop_a4_tb_trust_drop.vmf
ConVarRef gpu_level doesn't point to an existing ConVar
fixing up env_cubemap materials on brush sides...
0...1...2...3...4...5...6...7...8...9...100...1...2...3...4...5...6...7...8...9...10Processing areas...done (0)
Building Faces...done (0)
Chop Details...done (0)
Find Visible Detail Sides...
Merged 520 detail faces...done (0)
Merging details...done (0)
FixTjuncs...
PruneNodes...
WriteBSP...
done (0)
writing c:\program files (x86)\steam\steamapps\common\portal 2\sdk_content\maps\wip\chapter 8\mp_coop_a4_tb_trust_drop.prt...Building visibility clusters...
done (0)
Finding displacement neighbors...
Finding lightmap sample positions...
Displacement Alpha : 0...1...2...3...4...5...6...7...8...9...10
Building Physics collision data...
done (1) (535138 bytes)
Encountered obsolete static prop option to do its fade in screen space @ -320.00 1232.00 992.00
Encountered obsolete static prop option to do its fade in screen space @ -832.00 400.00 608.00
Encountered obsolete static prop option to do its fade in screen space @ -272.00 384.00 992.00
Encountered obsolete static prop option to do its fade in screen space @ 384.00 1264.00 1056.00
Encountered obsolete static prop option to do its fade in screen space @ -320.00 1264.00 96.00
Encountered obsolete static prop option to do its fade in screen space @ -768.00 400.00 1088.00
Encountered obsolete static prop option to do its fade in screen space @ -832.00 448.00 1072.00
Encountered obsolete static prop option to do its fade in screen space @ -320.00 1232.00 352.00
Encountered obsolete static prop option to do its fade in screen space @ -832.00 432.00 992.00
Encountered obsolete static prop option to do its fade in screen space @ -320.00 1264.00 224.00
Encountered obsolete static prop option to do its fade in screen space @ -272.00 384.00 1120.00
Encountered obsolete static prop option to do its fade in screen space @ -832.00 400.00 864.00
Encountered obsolete static prop option to do its fade in screen space @ -832.00 400.00 736.00
Encountered obsolete static prop option to do its fade in screen space @ -320.00 1264.00 864.00
Encountered obsolete static prop option to do its fade in screen space @ -320.00 1232.00 864.00
Encountered obsolete static prop option to do its fade in screen space @ -320.00 1264.00 608.00
Encountered obsolete static prop option to do its fade in screen space @ -320.00 1232.00 480.00
Encountered obsolete static prop option to do its fade in screen space @ -320.00 1264.00 352.00
Encountered obsolete static prop option to do its fade in screen space @ 320.00 1264.00 800.00
Encountered obsolete static prop option to do its fade in screen space @ -384.00 400.00 1088.00
Encountered obsolete static prop option to do its fade in screen space @ -512.00 400.00 1088.00
Encountered obsolete static prop option to do its fade in screen space @ -832.00 400.00 992.00
Encountered obsolete static prop option to do its fade in screen space @ 192.00 1264.00 864.00
Encountered obsolete static prop option to do its fade in screen space @ 192.00 1264.00 992.00
Encountered obsolete static prop option to do its fade in screen space @ 192.00 1232.00 992.00
Encountered obsolete static prop option to do its fade in screen space @ 192.00 1232.00 864.00
Encountered obsolete static prop option to do its fade in screen space @ 256.00 1232.00 1056.00
Encountered obsolete static prop option to do its fade in screen space @ -368.00 448.00 224.00
Encountered obsolete static prop option to do its fade in screen space @ -320.00 1264.00 992.00
Encountered obsolete static prop option to do its fade in screen space @ -528.00 448.00 224.00
Encountered obsolete static prop option to do its fade in screen space @ -320.00 1264.00 480.00
Encountered obsolete static prop option to do its fade in screen space @ -320.00 1264.00 736.00
Encountered obsolete static prop option to do its fade in screen space @ -640.00 400.00 1088.00
Encountered obsolete static prop option to do its fade in screen space @ 256.00 1264.00 1056.00
Encountered obsolete static prop option to do its fade in screen space @ 320.00 1392.00 992.00
Encountered obsolete static prop option to do its fade in screen space @ 320.00 1424.00 992.00
Encountered obsolete static prop option to do its fade in screen space @ 592.00 448.00 1120.00
Encountered obsolete static prop option to do its fade in screen space @ 560.00 448.00 1120.00
Placing detail props : 0...1...2...3...4...5...6...7...8...9...10
Compacting texture/material tables...
Reduced 2127 texinfos to 1169
Reduced 98 texdatas to 88 (3804 bytes to 3377)
Writing c:\program files (x86)\steam\steamapps\common\portal 2\sdk_content\maps\wip\chapter 8\mp_coop_a4_tb_trust_drop.bsp

nummapplanes:     (  5106 / 65536 )
nummapbrushes:    (  1431 /  8192 )
nummapbrushsides: ( 10439 / 65536 )
num_map_overlays: (    14 /   512 )
nummodels:        (   118 /  1024 )
num_entities:     (   529 / 16384 )

4 seconds elapsed



24 threads
reading c:\program files (x86)\steam\steamapps\common\portal 2\sdk_content\maps\wip\chapter 8\mp_coop_a4_tb_trust_drop.bsp
reading c:\program files (x86)\steam\steamapps\common\portal 2\sdk_content\maps\wip\chapter 8\mp_coop_a4_tb_trust_drop.prt
 841 portalclusters
2616 numportals
0...1...2...3...4...5...6...7...8...9...100...1...2...3...4...5...6...7...8...9...10Optimized: 1432 visible clusters (0.00%)
Total clusters visible: 374959
Average clusters visible: 445
Building PAS...
Average clusters audible: 784
visdatasize:176330  compressed from 188384
writing c:\program files (x86)\steam\steamapps\common\portal 2\sdk_content\maps\wip\chapter 8\mp_coop_a4_tb_trust_drop.bsp
1 minute, 8 seconds elapsed



[Reading texlights from 'lights.rad']
[59 texlights parsed from 'lights.rad']

Loading c:\program files (x86)\steam\steamapps\common\portal 2\sdk_content\maps\wip\chapter 8\mp_coop_a4_tb_trust_drop.bsp
Loaded alpha texture materials\Tools\toolsinvisible.vtf
Loaded alpha texture materials\Metal\metalgrate018.vtf
3196 faces
4313267 square feet [621110528.00 square inches]
0 Displacements
0 Square Feet [0.00 Square Inches]
3196 patches before subdivision
59682 patches after subdivision
150 direct lights
0...1...2...3...4...5...6...7...8...9...100...1...2...3...4...5...6...7...8...9...10transfers 6911020, max 825
transfer lists:  52.7 megs
0...1...2...3...4...5...6...7...8...9...10	Bounce #1 added RGB(22549, 26891, 28365)
0...1...2...3...4...5...6...7...8...9...10	Bounce #2 added RGB(11608, 13813, 14382)
0...1...2...3...4...5...6...7...8...9...10	Bounce #3 added RGB(5888, 7086, 7373)
0...1...2...3...4...5...6...7...8...9...10	Bounce #4 added RGB(3154, 3789, 3918)
0...1...2...3...4...5...6...7...8...9...10	Bounce #5 added RGB(1674, 2017, 2082)
0...1...2...3...4...5...6...7...8...9...10	Bounce #6 added RGB(901, 1086, 1118)
0...1...2...3...4...5...6...7...8...9...10	Bounce #7 added RGB(485, 586, 603)
0...1...2...3...4...5...6...7...8...9...10	Bounce #8 added RGB(263, 318, 327)
0...1...2...3...4...5...6...7...8...9...10	Bounce #9 added RGB(143, 173, 178)
0...1...2...3...4...5...6...7...8...9...10	Bounce #10 added RGB(78, 95, 97)
0...1...2...3...4...5...6...7...8...9...10	Bounce #11 added RGB(43, 52, 53)
0...1...2...3...4...5...6...7...8...9...10	Bounce #12 added RGB(24, 29, 29)
0...1...2...3...4...5...6...7...8...9...10	Bounce #13 added RGB(13, 16, 16)
0...1...2...3...4...5...6...7...8...9...10	Bounce #14 added RGB(7, 9, 9)
0...1...2...3...4...5...6...7...8...9...10	Bounce #15 added RGB(4, 5, 5)
0...1...2...3...4...5...6...7...8...9...10	Bounce #16 added RGB(2, 3, 3)
0...1...2...3...4...5...6...7...8...9...10	Bounce #17 added RGB(1, 2, 2)
0...1...2...3...4...5...6...7...8...9...10	Bounce #18 added RGB(1, 1, 1)
Build Patch/Sample Hash Table(s).....Done<0.0184 sec>
0...1...2...3...4...5...6...7...8...9...10FinalLightFace Done
84 of 84 (100% of) surface lights went in leaf ambient cubes.
0...1...2...3...4...5...6...7...8...9...10Writing leaf ambient...done
Computing static prop lighting : 00...1...2...3...4...5...6...7...8...9...10
Ready to Finish

Object names       Objects/Maxobjs  Memory / Maxmem  Fullness 
------------       ---------------  ---------------  -------- 
models                 118/1024         5664/49152    (11.5%) 
brushes               1431/8192        17172/98304    (17.5%) 
brushsides           10463/65536       83704/524288   (16.0%) 
planes                5106/65536      102120/1310720  ( 7.8%) 
vertexes              7411/65536       88932/786432   (11.3%) 
nodes                 2648/65536       84736/2097152  ( 4.0%) 
texinfos              1169/12288       84168/884736   ( 9.5%) 
texdata                 88/2048         2816/65536    ( 4.3%) 
dispinfos                0/0               0/0        ( 0.0%) 
disp_verts               0/0               0/0        ( 0.0%) 
disp_tris                0/0               0/0        ( 0.0%) 
disp_multiblend          0/0               0/0        ( 0.0%) 
disp_lmsamples           0/0               0/0        ( 0.0%) 
faces                 3196/65536      178976/3670016  ( 4.9%) 
hdr faces                0/65536           0/3670016  ( 0.0%) 
origfaces             2321/65536      129976/3670016  ( 3.5%) 
facebrushes            424/0             848/0        ( 0.0%) 
facebrushlists        3196/0           12784/0        ( 0.0%) 
leaves                2767/65536       88544/2097152  ( 4.2%) 
leaffaces             4546/65536        9092/131072   ( 6.9%) 
leafbrushes           3246/65536        6492/131072   ( 5.0%) 
areas                   13/256           104/2048     ( 5.1%) 
surfedges            23925/512000      95700/2048000  ( 4.7%) 
edges                14959/256000      59836/1024000  ( 5.8%) 
LDR worldlights        150/8192        15000/819200   ( 1.8%) 
HDR worldlights          0/8192            0/819200   ( 0.0%) 
leafwaterdata            0/32768           0/393216   ( 0.0%) 
waterstrips            325/32768        3250/327680   ( 1.0%) 
waterverts               0/65536           0/786432   ( 0.0%) 
waterindices          5784/65536       11568/131072   ( 8.8%) 
cubemapsamples          13/1024          208/16384    ( 1.3%) 
overlays                14/512          4928/180224   ( 2.7%) 
LDR lightdata         [variable]     2801352/0        ( 0.0%) 
HDR lightdata         [variable]           0/0        ( 0.0%) 
visdata               [variable]      176330/16777216 ( 1.1%) 
entdata               [variable]      184867/393216   (47.0%) 
LDR ambient table     2767/65536       11068/262144   ( 4.2%) 
HDR ambient table     2767/65536       11068/262144   ( 4.2%) 
LDR leaf ambient     10686/65536      299208/1835008  (16.3%) 
HDR leaf ambient      2767/65536       77476/1835008  ( 4.2%) 
occluders                0/0               0/0        ( 0.0%) 
occluder polygons        0/0               0/0        ( 0.0%) 
occluder vert ind        0/0               0/0        ( 0.0%) 
detail props          [variable]           1/12       ( 8.3%) 
static props          [variable]           1/51598    ( 0.0%) 
pakfile               [variable]     3207421/0        ( 0.0%) 
physics               [variable]      535138/4194304  (12.8%) 
physics terrain       [variable]           2/1048576  ( 0.0%) 

Level flags = 1

Total triangle count: 8273
Writing c:\program files (x86)\steam\steamapps\common\portal 2\sdk_content\maps\wip\chapter 8\mp_coop_a4_tb_trust_drop.bsp
57 seconds elapsed



[Reading texlights from 'lights.rad']
[59 texlights parsed from 'lights.rad']

Loading c:\program files (x86)\steam\steamapps\common\portal 2\sdk_content\maps\wip\chapter 8\mp_coop_a4_tb_trust_drop.bsp
Loaded alpha texture materials\Tools\toolsinvisible.vtf
Loaded alpha texture materials\Metal\metalgrate018.vtf
3196 faces
4313267 square feet [621110528.00 square inches]
0 Displacements
0 Square Feet [0.00 Square Inches]
3196 patches before subdivision
59682 patches after subdivision
150 direct lights
0...1...2...3...4...5...6...7...8...9...100...1...2...3...4...5...6...7...8...9...10transfers 6911020, max 825
transfer lists:  52.7 megs
0...1...2...3...4...5...6...7...8...9...10	Bounce #1 added RGB(28067, 33900, 36311)
0...1...2...3...4...5...6...7...8...9...10	Bounce #2 added RGB(14392, 17350, 18349)
0...1...2...3...4...5...6...7...8...9...10	Bounce #3 added RGB(7263, 8835, 9319)
0...1...2...3...4...5...6...7...8...9...10	Bounce #4 added RGB(3848, 4671, 4895)
0...1...2...3...4...5...6...7...8...9...10	Bounce #5 added RGB(2025, 2462, 2573)
0...1...2...3...4...5...6...7...8...9...10	Bounce #6 added RGB(1079, 1312, 1367)
0...1...2...3...4...5...6...7...8...9...10	Bounce #7 added RGB(576, 701, 729)
0...1...2...3...4...5...6...7...8...9...10	Bounce #8 added RGB(309, 377, 391)
0...1...2...3...4...5...6...7...8...9...10	Bounce #9 added RGB(167, 203, 211)
0...1...2...3...4...5...6...7...8...9...10	Bounce #10 added RGB(90, 110, 114)
0...1...2...3...4...5...6...7...8...9...10	Bounce #11 added RGB(49, 60, 62)
0...1...2...3...4...5...6...7...8...9...10	Bounce #12 added RGB(27, 33, 34)
0...1...2...3...4...5...6...7...8...9...10	Bounce #13 added RGB(15, 18, 18)
0...1...2...3...4...5...6...7...8...9...10	Bounce #14 added RGB(8, 10, 10)
0...1...2...3...4...5...6...7...8...9...10	Bounce #15 added RGB(4, 5, 6)
0...1...2...3...4...5...6...7...8...9...10	Bounce #16 added RGB(2, 3, 3)
0...1...2...3...4...5...6...7...8...9...10	Bounce #17 added RGB(1, 2, 2)
0...1...2...3...4...5...6...7...8...9...10	Bounce #18 added RGB(1, 1, 1)
Build Patch/Sample Hash Table(s).....Done<0.0192 sec>
0...1...2...3...4...5...6...7...8...9...10FinalLightFace Done
84 of 84 (100% of) surface lights went in leaf ambient cubes.
0...1...2...3...4...5...6...7...8...9...10Writing leaf ambient...done
Computing static prop lighting : 00...1...2...3...4...5...6...7...8...9...10
Ready to Finish

Object names       Objects/Maxobjs  Memory / Maxmem  Fullness 
------------       ---------------  ---------------  -------- 
models                 118/1024         5664/49152    (11.5%) 
brushes               1431/8192        17172/98304    (17.5%) 
brushsides           10463/65536       83704/524288   (16.0%) 
planes                5106/65536      102120/1310720  ( 7.8%) 
vertexes              7411/65536       88932/786432   (11.3%) 
nodes                 2648/65536       84736/2097152  ( 4.0%) 
texinfos              1169/12288       84168/884736   ( 9.5%) 
texdata                 88/2048         2816/65536    ( 4.3%) 
dispinfos                0/0               0/0        ( 0.0%) 
disp_verts               0/0               0/0        ( 0.0%) 
disp_tris                0/0               0/0        ( 0.0%) 
disp_multiblend          0/0               0/0        ( 0.0%) 
disp_lmsamples           0/0               0/0        ( 0.0%) 
faces                 3196/65536      178976/3670016  ( 4.9%) 
hdr faces             3196/65536      178976/3670016  ( 4.9%) 
origfaces             2321/65536      129976/3670016  ( 3.5%) 
facebrushes            424/0             848/0        ( 0.0%) 
facebrushlists        3196/0           12784/0        ( 0.0%) 
leaves                2767/65536       88544/2097152  ( 4.2%) 
leaffaces             4546/65536        9092/131072   ( 6.9%) 
leafbrushes           3246/65536        6492/131072   ( 5.0%) 
areas                   13/256           104/2048     ( 5.1%) 
surfedges            23925/512000      95700/2048000  ( 4.7%) 
edges                14959/256000      59836/1024000  ( 5.8%) 
LDR worldlights        150/8192        15000/819200   ( 1.8%) 
HDR worldlights        150/8192        15000/819200   ( 1.8%) 
leafwaterdata            0/32768           0/393216   ( 0.0%) 
waterstrips            325/32768        3250/327680   ( 1.0%) 
waterverts               0/65536           0/786432   ( 0.0%) 
waterindices          5784/65536       11568/131072   ( 8.8%) 
cubemapsamples          13/1024          208/16384    ( 1.3%) 
overlays                14/512          4928/180224   ( 2.7%) 
LDR lightdata         [variable]     2801352/0        ( 0.0%) 
HDR lightdata         [variable]     2801352/0        ( 0.0%) 
visdata               [variable]      176330/16777216 ( 1.1%) 
entdata               [variable]      184867/393216   (47.0%) 
LDR ambient table     2767/65536       11068/262144   ( 4.2%) 
HDR ambient table     2767/65536       11068/262144   ( 4.2%) 
LDR leaf ambient     10686/65536      299208/1835008  (16.3%) 
HDR leaf ambient     11717/65536      328076/1835008  (17.9%) 
occluders                0/0               0/0        ( 0.0%) 
occluder polygons        0/0               0/0        ( 0.0%) 
occluder vert ind        0/0               0/0        ( 0.0%) 
detail props          [variable]           1/12       ( 8.3%) 
static props          [variable]           1/51598    ( 0.0%) 
pakfile               [variable]     5367009/0        ( 0.0%) 
physics               [variable]      535138/4194304  (12.8%) 
physics terrain       [variable]           2/1048576  ( 0.0%) 

Level flags = 3

Total triangle count: 8273
Writing c:\program files (x86)\steam\steamapps\common\portal 2\sdk_content\maps\wip\chapter 8\mp_coop_a4_tb_trust_drop.bsp
59 seconds elapsed
