PRT1
346
861
4 3 5 (3632 -1024 655.270996 ) (3632 -1024 1167.270020 ) (3072 -1024 1167.270020 ) (3072 -1024 655.270996 ) 
4 3 4 (3072 -1024 655.270996 ) (3072 -1024 1167.270020 ) (3072 -32 1167.270020 ) (3072 -32 655.270996 ) 
4 4 6 (3072 -1024 655.270996 ) (3072 -1024 1167.270020 ) (2928 -1024 1167.270020 ) (2928 -1024 655.270996 ) 
4 5 6 (3072 -1024 1167.270020 ) (3072 -1024 655.270996 ) (3072 -1312 655.270996 ) (3072 -1312 1167.270020 ) 
4 9 26 (32 1024 640 ) (64 1024 640 ) (64 1024 863 ) (32 1024 863 ) 
4 9 23 (64 1024 863 ) (64 1024 896 ) (32 1024 896 ) (32 1024 863 ) 
4 10 93 (0 960 1664 ) (0 960 1376 ) (0 768 1376 ) (0 768 1664 ) 
4 10 12 (0 768 1664 ) (0 768 1376 ) (288 768 1376 ) (288 768 1664 ) 
4 10 11 (288 768 1376 ) (592 768 1376 ) (592 768 1664 ) (288 768 1664 ) 
4 11 17 (592 736 1664 ) (288 736 1664 ) (288 736 1376 ) (592 736 1376 ) 
4 11 12 (288 736 1376 ) (288 736 1664 ) (288 768 1664 ) (288 768 1376 ) 
4 12 93 (0 768 1664 ) (0 768 1376 ) (0 736 1376 ) (0 736 1664 ) 
4 12 18 (288 736 1664 ) (0 736 1664 ) (0 736 1376 ) (288 736 1376 ) 
4 13 14 (129 768 1154 ) (384 768 1154 ) (384 736 1154 ) (129 736 1154 ) 
4 14 31 (384 736 1152 ) (128 736 1152 ) (128 768 1152 ) (384 768 1152 ) 
4 14 16 (128 736 1152 ) (128 736 1154 ) (128 768 1154 ) (128 768 1152 ) 
4 15 16 (0 768 1344 ) (128 768 1344 ) (128 736 1344 ) (0 736 1344 ) 
4 16 31 (128 736 1152 ) (0 736 1152 ) (0 768 1152 ) (128 768 1152 ) 
4 16 21 (0 736 1152 ) (128 736 1152 ) (128 736 1344 ) (0 736 1344 ) 
4 17 175 (592 0 1664 ) (288 0 1664 ) (288 0 1376 ) (592 0 1376 ) 
4 17 18 (288 320 1664 ) (288 736 1664 ) (288 736 1376 ) (288 320 1376 ) 
4 17 19 (288 0 1376 ) (288 0 1664 ) (288 320 1664 ) (288 320 1376 ) 
4 18 93 (0 320 1664 ) (0 736 1664 ) (0 736 1376 ) (0 320 1376 ) 
4 18 19 (288 320 1376 ) (288 320 1664 ) (0 320 1664 ) (0 320 1376 ) 
4 19 256 (256 0 1664 ) (0 0 1664 ) (0 0 1360 ) (256 0 1360 ) 
4 19 179 (256 0 1376 ) (256 0 1360 ) (288 0 1360 ) (288 0 1376 ) 
4 19 178 (288 0 1664 ) (256 0 1664 ) (256 0 1376 ) (288 0 1376 ) 
4 19 94 (0 0 1360 ) (0 0 1376 ) (0 320 1376 ) (0 320 1360 ) 
4 19 93 (0 0 1376 ) (0 0 1664 ) (0 320 1664 ) (0 320 1376 ) 
4 19 20 (256 0 1360 ) (0 0 1360 ) (0 256 1360 ) (256 256 1360 ) 
4 20 258 (256 0 1360 ) (0 0 1360 ) (0 0 1344 ) (256 0 1344 ) 
4 20 97 (0 0 1344 ) (0 0 1360 ) (0 128 1360 ) (0 128 1344 ) 
4 20 96 (0 128 1360 ) (0 256 1360 ) (0 256 1344 ) (0 128 1344 ) 
4 20 22 (256 0 1344 ) (0 0 1344 ) (0 256 1344 ) (256 256 1344 ) 
4 21 106 (0 704 1152 ) (0 416 1152 ) (0 416 1280 ) (0 704 1280 ) 
4 21 99 (0 416 1344 ) (0 704 1344 ) (0 704 1280 ) (0 416 1280 ) 
4 21 57 (128 416 1152 ) (0 416 1152 ) (0 576 1152 ) (128 576 1152 ) 
4 21 56 (0 576 1152 ) (0 640 1152 ) (128 640 1152 ) (128 576 1152 ) 
4 21 37 (0 640 1152 ) (0 672 1152 ) (128 672 1152 ) (128 640 1152 ) 
4 21 32 (0 672 1152 ) (0 736 1152 ) (128 736 1152 ) (128 672 1152 ) 
4 21 22 (0 416 1152 ) (128 416 1152 ) (128 416 1344 ) (0 416 1344 ) 
4 22 259 (256 0 1344 ) (0 0 1344 ) (0 0 1152 ) (256 0 1152 ) 
4 22 106 (0 0 1152 ) (0 0 1280 ) (0 416 1280 ) (0 416 1152 ) 
4 22 99 (0 0 1280 ) (0 0 1344 ) (0 416 1344 ) (0 416 1280 ) 
4 22 61 (256 0 1152 ) (0 0 1152 ) (0 32 1152 ) (256 32 1152 ) 
4 22 60 (0 32 1152 ) (0 64 1152 ) (256 64 1152 ) (256 32 1152 ) 
4 22 57 (0 64 1152 ) (0 416 1152 ) (256 416 1152 ) (256 64 1152 ) 
4 23 27 (32 896 863 ) (64 896 863 ) (64 896 896 ) (32 896 896 ) 
4 23 26 (64 896 863 ) (32 896 863 ) (32 1024 863 ) (64 1024 863 ) 
4 23 24 (32 1024 863 ) (32 896 863 ) (32 896 896 ) (32 1024 896 ) 
4 24 117 (0 1024 896 ) (0 1024 863 ) (0 896 863 ) (0 896 896 ) 
4 24 27 (0 896 896 ) (0 896 863 ) (32 896 863 ) (32 896 896 ) 
4 24 26 (32 896 863 ) (0 896 863 ) (0 1024 863 ) (32 1024 863 ) 
4 25 26 (64 897 863 ) (64 991 863 ) (64 991 673 ) (64 897 673 ) 
4 26 131 (0 1024 768 ) (0 1024 640 ) (0 896 640 ) (0 896 768 ) 
4 26 117 (0 1024 863 ) (0 1024 768 ) (0 896 768 ) (0 896 863 ) 
4 26 27 (0 896 640 ) (64 896 640 ) (64 896 863 ) (0 896 863 ) 
4 27 135 (0 832 640 ) (0 784 640 ) (0 784 768 ) (0 832 768 ) 
4 27 131 (0 896 768 ) (0 896 640 ) (0 832 640 ) (0 832 768 ) 
4 27 123 (0 800 768 ) (0 784 768 ) (0 784 896 ) (0 800 896 ) 
4 27 121 (0 832 768 ) (0 800 768 ) (0 800 896 ) (0 832 896 ) 
4 27 117 (0 896 896 ) (0 896 768 ) (0 832 768 ) (0 832 896 ) 
4 27 29 (0 784 640 ) (64 784 640 ) (64 784 896 ) (0 784 896 ) 
4 28 31 (128 768 640 ) (256 768 640 ) (256 768 704 ) (128 768 704 ) 
4 29 135 (0 784 768 ) (0 784 640 ) (0 768 640 ) (0 768 768 ) 
4 29 123 (0 784 896 ) (0 784 768 ) (0 768 768 ) (0 768 896 ) 
4 29 31 (0 768 640 ) (64 768 640 ) (64 768 896 ) (0 768 896 ) 
4 30 31 (384 768 1152 ) (384 768 640 ) (384 736 640 ) (384 736 1152 ) 
4 31 135 (0 768 768 ) (0 768 640 ) (0 736 640 ) (0 736 768 ) 
4 31 125 (0 768 896 ) (0 768 768 ) (0 736 768 ) (0 736 896 ) 
4 31 32 (0 736 640 ) (384 736 640 ) (384 736 1152 ) (0 736 1152 ) 
4 32 144 (0 704 640 ) (0 672 640 ) (0 672 768 ) (0 704 768 ) 
4 32 135 (0 736 768 ) (0 736 640 ) (0 704 640 ) (0 704 768 ) 
4 32 126 (0 704 768 ) (0 672 768 ) (0 672 896 ) (0 704 896 ) 
4 32 125 (0 736 896 ) (0 736 768 ) (0 704 768 ) (0 704 896 ) 
4 32 110 (0 672 1152 ) (0 704 1152 ) (0 704 896 ) (0 672 896 ) 
4 32 35 (128 672 640 ) (256 672 640 ) (256 672 1152 ) (128 672 1152 ) 
4 32 34 (256 672 640 ) (384 672 640 ) (384 672 1152 ) (256 672 1152 ) 
4 32 37 (0 672 640 ) (128 672 640 ) (128 672 1152 ) (0 672 1152 ) 
4 33 34 (512 672 1152 ) (512 672 640 ) (512 640 640 ) (512 640 1152 ) 
4 34 50 (256 640 640 ) (512 640 640 ) (512 640 1152 ) (256 640 1152 ) 
4 34 36 (256 640 648 ) (256 640 1152 ) (256 671.660034 1152 ) (256 671.660034 648 ) 
4 34 35 (256 672 1152 ) (256 672 640 ) (256 671.660034 640 ) (256 671.660034 1152 ) 
4 35 36 (128 671.660034 1152 ) (128 671.660034 648 ) (256 671.660034 648 ) (256 671.660034 1152 ) 
4 35 37 (128 672 1152 ) (128 672 640 ) (128 671.660034 640 ) (128 671.660034 1152 ) 
4 36 54 (256 640 648 ) (256 640 1152 ) (128 640 1152 ) (128 640 648 ) 
4 36 37 (128 640 648 ) (128 640 1152 ) (128 671.660034 1152 ) (128 671.660034 648 ) 
4 37 144 (0 672 768 ) (0 672 640 ) (0 640 640 ) (0 640 768 ) 
4 37 126 (0 672 896 ) (0 672 768 ) (0 640 768 ) (0 640 896 ) 
4 37 110 (0 640 1152 ) (0 672 1152 ) (0 672 896 ) (0 640 896 ) 
4 37 56 (0 640 640 ) (128 640 640 ) (128 640 1152 ) (0 640 1152 ) 
4 38 72 (784 32 640 ) (784 64 640 ) (896 64 640 ) (896 32 640 ) 
4 38 68 (784 64 640 ) (784 512 640 ) (896 512 640 ) (896 64 640 ) 
4 38 44 (784 512 640 ) (784 32 640 ) (784 32 768 ) (784 512 768 ) 
4 38 39 (896 32 640 ) (896 32 768 ) (832 32 768 ) (832 32 640 ) 
4 39 40 (896 16 640 ) (896 16 768 ) (832 16 768 ) (832 16 640 ) 
4 40 189 (896 0 768 ) (832 0 768 ) (832 0 640 ) (896 0 640 ) 
4 41 62 (768 576 640 ) (768 608 640 ) (776 608 640 ) (776 576 640 ) 
4 41 48 (768 608 640 ) (768 576 640 ) (768 576 1120 ) (768 608 1120 ) 
4 41 45 (768 576 1120 ) (768 576 1152 ) (768 608 1152 ) (768 608 1120 ) 
4 42 48 (768 480 1024 ) (768 480 896 ) (768 352 896 ) (768 352 1024 ) 
4 42 43 (768 352 1024 ) (768 352 896 ) (784 352 896 ) (784 352 1024 ) 
4 43 48 (768 352 1120 ) (768 352 896 ) (768 224 896 ) (768 224 1120 ) 
4 43 45 (768 224 1152 ) (768 352 1152 ) (768 352 1120 ) (768 224 1120 ) 
4 44 72 (768 32 640 ) (768 64 640 ) (784 64 640 ) (784 32 640 ) 
4 44 68 (768 64 640 ) (768 512 640 ) (784 512 640 ) (784 64 640 ) 
4 44 48 (768 512 640 ) (768 32 640 ) (768 32 768 ) (768 512 768 ) 
4 45 48 (640 608 1120 ) (768 608 1120 ) (768 32 1120 ) (640 32 1120 ) 
4 45 47 (640 608 1152 ) (640 608 1120 ) (640 32 1120 ) (640 32 1152 ) 
4 45 46 (640 32 1152 ) (640 32 1120 ) (768 32 1120 ) (768 32 1152 ) 
4 47 58 (576 32 1152 ) (576 64 1152 ) (576 64 1120 ) (576 32 1120 ) 
4 47 57 (576 64 1152 ) (576 576 1152 ) (576 576 1120 ) (576 64 1120 ) 
4 47 51 (576 576 1152 ) (576 608 1152 ) (576 608 1120 ) (576 576 1120 ) 
4 47 48 (576 32 1120 ) (576 608 1120 ) (640 608 1120 ) (640 32 1120 ) 
4 48 72 (576 32 640 ) (576 64 640 ) (768 64 640 ) (768 32 640 ) 
4 48 69 (576 384 640 ) (576 512 640 ) (704 512 640 ) (704 384 640 ) 
4 48 70 (576 64 640 ) (576 384 640 ) (704 384 640 ) (704 64 640 ) 
4 48 68 (704 512 640 ) (768 512 640 ) (768 64 640 ) (704 64 640 ) 
4 48 66 (576 512 640 ) (576 576 640 ) (768 576 640 ) (768 512 640 ) 
4 48 63 (576 576 640 ) (576 608 640 ) (768 608 640 ) (768 576 640 ) 
4 48 58 (576 64 640 ) (576 32 640 ) (576 32 1120 ) (576 64 1120 ) 
4 48 57 (576 576 640 ) (576 64 640 ) (576 64 1120 ) (576 576 1120 ) 
4 48 51 (576 608 640 ) (576 576 640 ) (576 576 1120 ) (576 608 1120 ) 
4 48 49 (576 32 1024 ) (576 32 640 ) (704 32 640 ) (704 32 1024 ) 
4 49 190 (576 0 768 ) (576 0 640 ) (704 0 640 ) (704 0 768 ) 
4 49 182 (576 0 1024 ) (576 0 768 ) (704 0 768 ) (704 0 1024 ) 
4 49 83 (704 0 640 ) (576 0 640 ) (576 32 640 ) (704 32 640 ) 
4 50 54 (256 640 1152 ) (256 640 648 ) (256 608 648 ) (256 608 1152 ) 
4 50 53 (256 608 1152 ) (256 608 640 ) (512 608 640 ) (512 608 1152 ) 
4 51 63 (576 608 640 ) (576 576 640 ) (564 576 640 ) (564 608 640 ) 
4 51 57 (564 576 640 ) (576 576 640 ) (576 576 1152 ) (564 576 1152 ) 
4 51 52 (564 608 1152 ) (564 608 640 ) (564 576 640 ) (564 576 1152 ) 
4 52 64 (564 576 640 ) (532 576 640 ) (532 608 640 ) (564 608 640 ) 
4 52 57 (532 576 640 ) (564 576 640 ) (564 576 1152 ) (532 576 1152 ) 
4 52 53 (532 608 1152 ) (532 608 640 ) (532 576 640 ) (532 576 1152 ) 
4 53 65 (532 576 640 ) (256 576 640 ) (256 608 640 ) (532 608 640 ) 
4 53 57 (256 576 640 ) (532 576 640 ) (532 576 1152 ) (256 576 1152 ) 
4 53 54 (256 607.660034 648 ) (256 607.660034 1152 ) (256 608 1152 ) (256 608 648 ) 
4 53 55 (256 607.660034 640 ) (256 576 640 ) (256 576 1152 ) (256 607.660034 1152 ) 
4 54 55 (128 607.660034 1152 ) (128 607.660034 648 ) (256 607.660034 648 ) (256 607.660034 1152 ) 
4 54 56 (128 640 1152 ) (128 640 648 ) (128 607.660034 648 ) (128 607.660034 1152 ) 
4 55 65 (256 607.660034 640 ) (256 576 640 ) (224 576 640 ) (224 607.660034 640 ) 
4 55 57 (128 576 640 ) (256 576 640 ) (256 576 1152 ) (128 576 1152 ) 
4 55 56 (128 607.660034 640 ) (128 576 640 ) (128 576 1152 ) (128 607.660034 1152 ) 
4 56 144 (0 640 768 ) (0 640 640 ) (0 576 640 ) (0 576 768 ) 
4 56 126 (0 640 896 ) (0 640 768 ) (0 576 768 ) (0 576 896 ) 
4 56 110 (0 576 1152 ) (0 640 1152 ) (0 640 896 ) (0 576 896 ) 
4 56 57 (0 576 640 ) (128 576 640 ) (128 576 1152 ) (0 576 1152 ) 
4 57 157 (0 192 640 ) (0 64 640 ) (0 64 768 ) (0 192 768 ) 
4 57 149 (0 384 640 ) (0 192 640 ) (0 192 768 ) (0 384 768 ) 
4 57 145 (0 448 640 ) (0 384 640 ) (0 384 768 ) (0 448 768 ) 
4 57 144 (0 576 768 ) (0 576 640 ) (0 448 640 ) (0 448 768 ) 
4 57 130 (0 192 768 ) (0 64 768 ) (0 64 896 ) (0 192 896 ) 
4 57 129 (0 416 768 ) (0 192 768 ) (0 192 896 ) (0 416 896 ) 
4 57 127 (0 448 768 ) (0 416 768 ) (0 416 896 ) (0 448 896 ) 
4 57 126 (0 576 896 ) (0 576 768 ) (0 448 768 ) (0 448 896 ) 
4 57 114 (0 64 1152 ) (0 192 1152 ) (0 192 896 ) (0 64 896 ) 
4 57 113 (0 192 1152 ) (0 448 1152 ) (0 448 896 ) (0 192 896 ) 
4 57 110 (0 448 1152 ) (0 576 1152 ) (0 576 896 ) (0 448 896 ) 
4 57 75 (0 256 640 ) (0 384 640 ) (192 384 640 ) (192 256 640 ) 
4 57 71 (576 512 640 ) (576 64 640 ) (224 64 640 ) (224 512 640 ) 
4 57 66 (224 576 640 ) (576 576 640 ) (576 512 640 ) (224 512 640 ) 
4 57 59 (528 64 640 ) (560 64 640 ) (560 64 1152 ) (528 64 1152 ) 
4 57 58 (560 64 640 ) (576 64 640 ) (576 64 1152 ) (560 64 1152 ) 
4 57 60 (0 64 640 ) (528 64 640 ) (528 64 1152 ) (0 64 1152 ) 
4 58 72 (560 64 640 ) (576 64 640 ) (576 32 640 ) (560 32 640 ) 
4 58 59 (560 64 1152 ) (560 64 640 ) (560 32 640 ) (560 32 1152 ) 
4 59 73 (528 64 640 ) (560 64 640 ) (560 32 640 ) (528 32 640 ) 
4 59 60 (528 64 1152 ) (528 64 640 ) (528 32 640 ) (528 32 1152 ) 
4 60 157 (0 64 768 ) (0 64 640 ) (0 32 640 ) (0 32 768 ) 
4 60 130 (0 64 896 ) (0 64 768 ) (0 32 768 ) (0 32 896 ) 
4 60 114 (0 32 1152 ) (0 64 1152 ) (0 64 896 ) (0 32 896 ) 
4 60 74 (224 64 640 ) (528 64 640 ) (528 32 640 ) (224 32 640 ) 
4 60 61 (0 32 640 ) (512 32 640 ) (512 32 1152 ) (0 32 1152 ) 
4 61 273 (0 0 896 ) (0 0 640 ) (64 0 640 ) (64 0 896 ) 
4 61 272 (64 0 640 ) (256 0 640 ) (256 0 896 ) (64 0 896 ) 
4 61 268 (0 0 1024 ) (0 0 896 ) (64 0 896 ) (64 0 1024 ) 
4 61 265 (64 0 896 ) (256 0 896 ) (256 0 1024 ) (64 0 1024 ) 
4 61 259 (256 0 1152 ) (0 0 1152 ) (0 0 1024 ) (256 0 1024 ) 
4 61 191 (256 0 768 ) (256 0 640 ) (512 0 640 ) (512 0 768 ) 
4 61 183 (256 0 1024 ) (256 0 768 ) (512 0 768 ) (512 0 1024 ) 
4 61 180 (288 0 1152 ) (256 0 1152 ) (256 0 1024 ) (288 0 1024 ) 
4 61 176 (512 0 1152 ) (288 0 1152 ) (288 0 1024 ) (512 0 1024 ) 
4 61 157 (0 0 640 ) (0 0 768 ) (0 32 768 ) (0 32 640 ) 
4 61 130 (0 0 768 ) (0 0 896 ) (0 32 896 ) (0 32 768 ) 
4 61 114 (0 0 896 ) (0 0 1152 ) (0 32 1152 ) (0 32 896 ) 
4 62 63 (768 608 640 ) (768 608 512 ) (768 576 512 ) (768 576 640 ) 
4 63 67 (564 576 480 ) (768 576 480 ) (768 576 512 ) (564 576 512 ) 
4 63 66 (768 576 512 ) (768 576 640 ) (564 576 640 ) (564 576 512 ) 
4 63 64 (564 608 640 ) (564 608 480 ) (564 576 480 ) (564 576 640 ) 
4 64 67 (532 576 480 ) (564 576 480 ) (564 576 512 ) (532 576 512 ) 
4 64 66 (564 576 512 ) (564 576 640 ) (532 576 640 ) (532 576 512 ) 
4 64 65 (532 608 640 ) (532 608 480 ) (532 576 480 ) (532 576 640 ) 
4 65 67 (224 576 512 ) (224 576 480 ) (532 576 480 ) (532 576 512 ) 
4 65 66 (224 576 640 ) (224 576 512 ) (532 576 512 ) (532 576 640 ) 
4 66 69 (576 512 512 ) (704 512 512 ) (704 512 640 ) (576 512 640 ) 
4 66 68 (704 512 512 ) (768 512 512 ) (768 512 640 ) (704 512 640 ) 
4 66 71 (224 512 640 ) (224 512 512 ) (576 512 512 ) (576 512 640 ) 
4 66 67 (768 512 512 ) (224 512 512 ) (224 576 512 ) (768 576 512 ) 
4 67 69 (704 512 482 ) (704 512 512 ) (576 512 512 ) (576 512 482 ) 
4 67 68 (704 512 480 ) (768 512 480 ) (768 512 512 ) (704 512 512 ) 
4 67 71 (224 512 512 ) (224 512 480 ) (576 512 480 ) (576 512 512 ) 
4 68 72 (704 64 480 ) (896 64 480 ) (896 64 640 ) (704 64 640 ) 
4 68 69 (704 512 640 ) (704 512 482 ) (704 384 482 ) (704 384 640 ) 
4 68 70 (704 384 480 ) (704 64 480 ) (704 64 640 ) (704 384 640 ) 
4 69 70 (576 384 640 ) (576 384 482 ) (704 384 482 ) (704 384 640 ) 
4 69 71 (576 512 640 ) (576 512 482 ) (576 384 482 ) (576 384 640 ) 
4 70 72 (576 64 480 ) (704 64 480 ) (704 64 640 ) (576 64 640 ) 
4 70 71 (576 384 480 ) (576 64 480 ) (576 64 640 ) (576 384 640 ) 
4 71 76 (224 480 480 ) (224 160 480 ) (224 160 608 ) (224 480 608 ) 
4 71 73 (528 64 480 ) (560 64 480 ) (560 64 640 ) (528 64 640 ) 
4 71 72 (560 64 480 ) (576 64 480 ) (576 64 640 ) (560 64 640 ) 
4 71 74 (224 64 640 ) (224 64 480 ) (528 64 480 ) (528 64 640 ) 
4 72 83 (576 32 480 ) (704 32 480 ) (704 32 640 ) (576 32 640 ) 
4 72 73 (560 64 640 ) (560 64 480 ) (560 32 480 ) (560 32 640 ) 
4 73 74 (528 64 640 ) (528 64 480 ) (528 32 480 ) (528 32 640 ) 
4 75 159 (0 256 640 ) (0 384 640 ) (0 384 608 ) (0 256 608 ) 
4 75 79 (128 256 608 ) (0 256 608 ) (0 384 608 ) (128 384 608 ) 
4 75 78 (192 256 608 ) (128 256 608 ) (128 384 608 ) (192 384 608 ) 
4 76 77 (212 480 608 ) (212 480 480 ) (212 160 480 ) (212 160 608 ) 
4 77 78 (208 160 608 ) (208 480 608 ) (208 480 480 ) (208 160 480 ) 
4 78 81 (128 480 512 ) (128 480 480 ) (128 160 480 ) (128 160 512 ) 
4 78 79 (128 160 608 ) (128 480 608 ) (128 480 512 ) (128 160 512 ) 
4 79 163 (0 480 512 ) (0 160 512 ) (0 160 576 ) (0 480 576 ) 
4 79 161 (0 160 576 ) (0 160 608 ) (0 480 608 ) (0 480 576 ) 
4 79 82 (128 160 576 ) (128 160 608 ) (0 160 608 ) (0 160 576 ) 
4 79 81 (128 160 512 ) (0 160 512 ) (0 480 512 ) (128 480 512 ) 
4 80 160 (0 488 480 ) (0 480 480 ) (0 480 512 ) (0 488 512 ) 
4 80 81 (0 480 480 ) (128 480 480 ) (128 480 512 ) (0 480 512 ) 
4 81 163 (0 480 480 ) (0 160 480 ) (0 160 512 ) (0 480 512 ) 
4 82 162 (0 152 608 ) (0 160 608 ) (0 160 576 ) (0 152 576 ) 
4 83 193 (704 0 640 ) (576 0 640 ) (576 0 480 ) (704 0 480 ) 
4 84 111 (-736 1024 1152 ) (-736 1024 896 ) (-672 1024 896 ) (-672 1024 1152 ) 
4 84 89 (-736 1056 896 ) (-672 1056 896 ) (-672 1024 896 ) (-736 1024 896 ) 
4 85 112 (-928 1024 1152 ) (-928 1024 896 ) (-864 1024 896 ) (-864 1024 1152 ) 
4 85 89 (-928 1056 896 ) (-864 1056 896 ) (-864 1024 896 ) (-928 1024 896 ) 
4 86 90 (-768 1120 640 ) (-640 1120 640 ) (-640 1088 640 ) (-768 1088 640 ) 
4 86 89 (-768 1088 640 ) (-640 1088 640 ) (-640 1088 896 ) (-768 1088 896 ) 
4 87 92 (-992 1120 640 ) (-960 1120 640 ) (-960 1088 640 ) (-992 1088 640 ) 
4 87 91 (-960 1120 640 ) (-832 1120 640 ) (-832 1088 640 ) (-960 1088 640 ) 
4 87 89 (-992 1088 640 ) (-832 1088 640 ) (-832 1088 896 ) (-992 1088 896 ) 
4 88 131 (-192 1024 768 ) (-256 1024 768 ) (-256 1024 640 ) (-192 1024 640 ) 
4 89 143 (-992 1024 768 ) (-992 1024 640 ) (-960 1024 640 ) (-960 1024 768 ) 
4 89 142 (-960 1024 640 ) (-672 1024 640 ) (-672 1024 768 ) (-960 1024 768 ) 
4 89 141 (-672 1024 640 ) (-608 1024 640 ) (-608 1024 768 ) (-672 1024 768 ) 
4 89 120 (-960 1024 896 ) (-992 1024 896 ) (-992 1024 768 ) (-960 1024 768 ) 
4 89 119 (-608 1024 896 ) (-960 1024 896 ) (-960 1024 768 ) (-608 1024 768 ) 
4 89 92 (-960 1024 640 ) (-992 1024 640 ) (-992 1088 640 ) (-960 1088 640 ) 
4 91 92 (-960 1120 640 ) (-960 1120 632 ) (-960 1088 632 ) (-960 1088 640 ) 
4 92 158 (-960 1024 632 ) (-960 1024 640 ) (-992 1024 640 ) (-992 1024 632 ) 
4 93 299 (0 0 1376 ) (0 0 1664 ) (-432 0 1664 ) (-432 0 1376 ) 
4 93 94 (0 320 1376 ) (0 0 1376 ) (-432 0 1376 ) (-432 320 1376 ) 
4 94 299 (0 0 1360 ) (0 0 1376 ) (-432 0 1376 ) (-432 0 1360 ) 
4 94 97 (0 0 1360 ) (-192 0 1360 ) (-192 128 1360 ) (0 128 1360 ) 
4 94 96 (-256 256 1360 ) (0 256 1360 ) (0 128 1360 ) (-256 128 1360 ) 
4 95 102 (-512 672 1344 ) (-512 704 1344 ) (-32 704 1344 ) (-32 672 1344 ) 
4 95 99 (-32 704 1344 ) (0 704 1344 ) (0 672 1344 ) (-32 672 1344 ) 
4 96 102 (-32 128 1344 ) (-256 128 1344 ) (-256 256 1344 ) (-32 256 1344 ) 
4 96 99 (0 256 1344 ) (0 128 1344 ) (-32 128 1344 ) (-32 256 1344 ) 
4 96 97 (-192 128 1344 ) (0 128 1344 ) (0 128 1360 ) (-192 128 1360 ) 
4 97 301 (0 0 1344 ) (0 0 1360 ) (-64 0 1360 ) (-64 0 1344 ) 
4 97 102 (-32 0 1344 ) (-192 0 1344 ) (-192 128 1344 ) (-32 128 1344 ) 
4 97 99 (0 128 1344 ) (0 0 1344 ) (-32 0 1344 ) (-32 128 1344 ) 
4 98 302 (-512 0 1352 ) (-512 0 1344 ) (-480 0 1344 ) (-480 0 1352 ) 
4 98 102 (-512 0 1344 ) (-512 192 1344 ) (-480 192 1344 ) (-480 0 1344 ) 
4 99 303 (0 0 1280 ) (0 0 1344 ) (-32 0 1344 ) (-32 0 1280 ) 
4 99 106 (0 0 1280 ) (-32 0 1280 ) (-32 704 1280 ) (0 704 1280 ) 
4 99 102 (-32 704 1280 ) (-32 0 1280 ) (-32 0 1344 ) (-32 704 1344 ) 
4 100 107 (-32 768 1280 ) (-32 736 1280 ) (-288 736 1280 ) (-288 768 1280 ) 
4 100 104 (-32 784 1280 ) (-32 768 1280 ) (-128 768 1280 ) (-128 784 1280 ) 
4 100 103 (-128 848 1280 ) (-32 848 1280 ) (-32 784 1280 ) (-128 784 1280 ) 
4 100 105 (-288 848 1280 ) (-128 848 1280 ) (-128 768 1280 ) (-288 768 1280 ) 
4 100 101 (-288 736 1280 ) (-32 736 1280 ) (-32 736 1296 ) (-288 736 1296 ) 
4 101 107 (-288 736 1280 ) (-32 736 1280 ) (-32 720 1280 ) (-288 720 1280 ) 
4 102 309 (-160 0 1344 ) (-512 0 1344 ) (-512 0 1280 ) (-160 0 1280 ) 
4 102 303 (-32 0 1344 ) (-64 0 1344 ) (-64 0 1280 ) (-32 0 1280 ) 
4 102 306 (-64 0 1344 ) (-160 0 1344 ) (-160 0 1280 ) (-64 0 1280 ) 
4 102 108 (-288 0 1280 ) (-512 0 1280 ) (-512 704 1280 ) (-288 704 1280 ) 
4 102 107 (-32 0 1280 ) (-288 0 1280 ) (-288 704 1280 ) (-32 704 1280 ) 
4 103 104 (-128 784 1280 ) (-128 784 1168 ) (-32 784 1168 ) (-32 784 1280 ) 
4 103 105 (-128 848 1280 ) (-128 848 1152 ) (-128 784 1152 ) (-128 784 1280 ) 
4 104 107 (-32 768 1280 ) (-128 768 1280 ) (-128 768 1168 ) (-32 768 1168 ) 
4 104 105 (-128 768 1168 ) (-128 768 1280 ) (-128 784 1280 ) (-128 784 1168 ) 
4 105 107 (-288 768 1280 ) (-288 768 1152 ) (-128 768 1152 ) (-128 768 1280 ) 
4 106 303 (0 0 1152 ) (0 0 1280 ) (-32 0 1280 ) (-32 0 1152 ) 
4 106 114 (0 192 1152 ) (0 0 1152 ) (-32 0 1152 ) (-32 192 1152 ) 
4 106 113 (0 448 1152 ) (0 192 1152 ) (-32 192 1152 ) (-32 448 1152 ) 
4 106 110 (0 704 1152 ) (0 448 1152 ) (-32 448 1152 ) (-32 704 1152 ) 
4 106 107 (-32 704 1152 ) (-32 0 1152 ) (-32 0 1280 ) (-32 704 1280 ) 
4 107 309 (-160 0 1280 ) (-288 0 1280 ) (-288 0 1152 ) (-160 0 1152 ) 
4 107 303 (-32 0 1280 ) (-64 0 1280 ) (-64 0 1152 ) (-32 0 1152 ) 
4 107 306 (-64 0 1280 ) (-160 0 1280 ) (-160 0 1152 ) (-64 0 1152 ) 
4 107 114 (-32 0 1152 ) (-288 0 1152 ) (-288 192 1152 ) (-32 192 1152 ) 
4 107 113 (-288 192 1152 ) (-288 448 1152 ) (-32 448 1152 ) (-32 192 1152 ) 
4 107 110 (-288 448 1152 ) (-288 704 1152 ) (-32 704 1152 ) (-32 448 1152 ) 
4 107 108 (-288 704 1152 ) (-288 0 1152 ) (-288 0 1280 ) (-288 704 1280 ) 
4 108 309 (-288 0 1280 ) (-512 0 1280 ) (-512 0 1152 ) (-288 0 1152 ) 
4 108 114 (-288 0 1152 ) (-512 0 1152 ) (-512 192 1152 ) (-288 192 1152 ) 
4 108 113 (-512 192 1152 ) (-512 448 1152 ) (-288 448 1152 ) (-288 192 1152 ) 
4 108 110 (-512 448 1152 ) (-512 704 1152 ) (-288 704 1152 ) (-288 448 1152 ) 
4 109 113 (-784 368 1152 ) (-688 368 1152 ) (-688 272 1152 ) (-784 272 1152 ) 
4 110 126 (0 704 896 ) (0 448 896 ) (-512 448 896 ) (-512 704 896 ) 
4 110 113 (-512 448 896 ) (0 448 896 ) (0 448 1152 ) (-512 448 1152 ) 
4 111 119 (-736 1024 896 ) (-672 1024 896 ) (-672 992 896 ) (-736 992 896 ) 
4 112 119 (-928 1024 896 ) (-864 1024 896 ) (-864 992 896 ) (-928 992 896 ) 
4 113 129 (-832 192 896 ) (-832 416 896 ) (0 416 896 ) (0 192 896 ) 
4 113 127 (-832 416 896 ) (-832 448 896 ) (0 448 896 ) (0 416 896 ) 
4 113 116 (-832 448 1152 ) (-832 448 896 ) (-832 416 896 ) (-832 416 1152 ) 
4 113 115 (-832 192 1152 ) (-832 192 1120 ) (-576 192 1120 ) (-576 192 1152 ) 
4 113 114 (-512 192 896 ) (0 192 896 ) (0 192 1152 ) (-512 192 1152 ) 
4 114 309 (-160 0 1152 ) (-512 0 1152 ) (-512 0 896 ) (-160 0 896 ) 
4 114 303 (0 0 896 ) (0 0 1152 ) (-64 0 1152 ) (-64 0 896 ) 
4 114 306 (-64 0 1152 ) (-160 0 1152 ) (-160 0 896 ) (-64 0 896 ) 
4 114 130 (0 0 896 ) (-512 0 896 ) (-512 192 896 ) (0 192 896 ) 
4 116 128 (-840 448 896 ) (-832 448 896 ) (-832 416 896 ) (-840 416 896 ) 
4 117 131 (-256 1024 768 ) (0 1024 768 ) (0 832 768 ) (-256 832 768 ) 
4 117 121 (-128 832 768 ) (0 832 768 ) (0 832 896 ) (-128 832 896 ) 
4 118 140 (-512 1024 768 ) (-384 1024 768 ) (-384 832 768 ) (-512 832 768 ) 
4 118 138 (-384 1024 768 ) (-352 1024 768 ) (-352 832 768 ) (-384 832 768 ) 
4 118 119 (-512 1024 768 ) (-512 832 768 ) (-512 832 832 ) (-512 1024 832 ) 
4 119 142 (-960 1024 768 ) (-672 1024 768 ) (-672 832 768 ) (-960 832 768 ) 
4 119 141 (-672 1024 768 ) (-544 1024 768 ) (-544 832 768 ) (-672 832 768 ) 
4 119 140 (-544 1024 768 ) (-512 1024 768 ) (-512 832 768 ) (-544 832 768 ) 
4 119 122 (-960 832 768 ) (-544 832 768 ) (-544 832 896 ) (-960 832 896 ) 
4 119 120 (-960 1024 768 ) (-960 864 768 ) (-960 864 896 ) (-960 1024 896 ) 
4 120 143 (-992 1024 768 ) (-960 1024 768 ) (-960 864 768 ) (-992 864 768 ) 
4 121 135 (-128 832 768 ) (0 832 768 ) (0 800 768 ) (-128 800 768 ) 
4 121 123 (-128 800 768 ) (0 800 768 ) (0 800 896 ) (-128 800 896 ) 
4 122 142 (-960 832 768 ) (-672 832 768 ) (-672 800 768 ) (-960 800 768 ) 
4 122 141 (-672 832 768 ) (-544 832 768 ) (-544 800 768 ) (-672 800 768 ) 
4 122 124 (-672 800 768 ) (-544 800 768 ) (-544 800 896 ) (-672 800 896 ) 
4 123 135 (-128 800 768 ) (0 800 768 ) (0 768 768 ) (-128 768 768 ) 
4 123 125 (-128 768 768 ) (0 768 768 ) (0 768 896 ) (-128 768 896 ) 
4 124 141 (-672 800 768 ) (-544 800 768 ) (-544 768 768 ) (-672 768 768 ) 
4 125 136 (-192 768 768 ) (-128 768 768 ) (-128 704 768 ) (-192 704 768 ) 
4 125 135 (-128 768 768 ) (0 768 768 ) (0 704 768 ) (-128 704 768 ) 
4 125 126 (-192 704 768 ) (0 704 768 ) (0 704 896 ) (-192 704 896 ) 
4 126 144 (-512 704 768 ) (0 704 768 ) (0 448 768 ) (-512 448 768 ) 
4 126 127 (-512 448 768 ) (0 448 768 ) (0 448 896 ) (-512 448 896 ) 
4 127 148 (-672 448 768 ) (-288 448 768 ) (-288 416 768 ) (-672 416 768 ) 
4 127 146 (-288 448 768 ) (-160 448 768 ) (-160 416 768 ) (-288 416 768 ) 
4 127 145 (-160 448 768 ) (0 448 768 ) (0 416 768 ) (-160 416 768 ) 
4 127 129 (-832 416 768 ) (0 416 768 ) (0 416 896 ) (-832 416 896 ) 
4 127 128 (-832 448 896 ) (-832 448 768 ) (-832 416 768 ) (-832 416 896 ) 
4 129 156 (-832 288 768 ) (-832 352 768 ) (-704 352 768 ) (-704 288 768 ) 
4 129 155 (-288 192 768 ) (-672 192 768 ) (-672 384 768 ) (-288 384 768 ) 
4 129 153 (-288 224 768 ) (-288 384 768 ) (-256 384 768 ) (-256 224 768 ) 
4 129 154 (-256 192 768 ) (-288 192 768 ) (-288 224 768 ) (-256 224 768 ) 
4 129 152 (-192 192 768 ) (-256 192 768 ) (-256 384 768 ) (-192 384 768 ) 
4 129 150 (-192 224 768 ) (-192 384 768 ) (-160 384 768 ) (-160 224 768 ) 
4 129 151 (-160 192 768 ) (-192 192 768 ) (-192 224 768 ) (-160 224 768 ) 
4 129 149 (0 384 768 ) (0 192 768 ) (-160 192 768 ) (-160 384 768 ) 
4 129 148 (-672 416 768 ) (-288 416 768 ) (-288 384 768 ) (-672 384 768 ) 
4 129 147 (-288 416 768 ) (-160 416 768 ) (-160 384 768 ) (-288 384 768 ) 
4 129 145 (-160 416 768 ) (0 416 768 ) (0 384 768 ) (-160 384 768 ) 
4 129 130 (-512 192 768 ) (0 192 768 ) (0 192 896 ) (-512 192 896 ) 
4 130 309 (-160 0 896 ) (-512 0 896 ) (-512 0 768 ) (-160 0 768 ) 
4 130 303 (0 0 768 ) (0 0 896 ) (-64 0 896 ) (-64 0 768 ) 
4 130 306 (-64 0 896 ) (-160 0 896 ) (-160 0 768 ) (-64 0 768 ) 
4 130 157 (0 0 768 ) (-512 0 768 ) (-512 192 768 ) (0 192 768 ) 
4 131 135 (-128 832 640 ) (0 832 640 ) (0 832 768 ) (-128 832 768 ) 
4 131 132 (-273 1024 640 ) (-273 832 640 ) (-273 832 768 ) (-273 1024 768 ) 
4 132 133 (-274 1024 640 ) (-274 832 640 ) (-274 832 768 ) (-274 1024 768 ) 
4 133 134 (-288 992 640 ) (-288 864 640 ) (-288 864 768 ) (-288 992 768 ) 
4 134 138 (-352 992 640 ) (-352 864 640 ) (-352 864 768 ) (-352 992 768 ) 
4 135 144 (-128 704 640 ) (0 704 640 ) (0 704 768 ) (-128 704 768 ) 
4 135 136 (-128 768 640 ) (-128 704 640 ) (-128 704 768 ) (-128 768 768 ) 
4 136 144 (-192 704 640 ) (-128 704 640 ) (-128 704 768 ) (-192 704 768 ) 
4 137 144 (-352 704 640 ) (-320 704 640 ) (-320 704 768 ) (-352 704 768 ) 
4 137 139 (-352 712 640 ) (-352 704 640 ) (-352 704 768 ) (-352 712 768 ) 
4 138 140 (-384 1024 640 ) (-384 832 640 ) (-384 832 768 ) (-384 1024 768 ) 
4 139 144 (-384 704 640 ) (-352 704 640 ) (-352 704 768 ) (-384 704 768 ) 
4 140 141 (-544 1024 640 ) (-544 832 640 ) (-544 832 768 ) (-544 1024 768 ) 
4 141 142 (-672 1024 640 ) (-672 800 640 ) (-672 800 768 ) (-672 1024 768 ) 
4 142 143 (-960 1024 640 ) (-960 864 640 ) (-960 864 768 ) (-960 1024 768 ) 
4 143 158 (-992 1024 640 ) (-960 1024 640 ) (-960 864 640 ) (-992 864 640 ) 
4 144 148 (-512 448 640 ) (-288 448 640 ) (-288 448 768 ) (-512 448 768 ) 
4 144 146 (-288 448 640 ) (-160 448 640 ) (-160 448 768 ) (-288 448 768 ) 
4 144 145 (-160 448 640 ) (0 448 640 ) (0 448 768 ) (-160 448 768 ) 
4 145 149 (-160 384 640 ) (0 384 640 ) (0 384 768 ) (-160 384 768 ) 
4 145 147 (-160 384 656 ) (-160 384 768 ) (-160 416 768 ) (-160 416 656 ) 
4 145 146 (-160 448 768 ) (-160 448 640 ) (-160 416 640 ) (-160 416 768 ) 
4 146 148 (-288 448 768 ) (-288 448 640 ) (-288 416 640 ) (-288 416 768 ) 
4 146 147 (-288 416 768 ) (-288 416 656 ) (-160 416 656 ) (-160 416 768 ) 
4 147 153 (-256 384 768 ) (-288 384 768 ) (-288 384 656 ) (-256 384 656 ) 
4 147 152 (-192 384 768 ) (-256 384 768 ) (-256 384 656 ) (-192 384 656 ) 
4 147 150 (-160 384 656 ) (-160 384 768 ) (-192 384 768 ) (-192 384 656 ) 
4 147 148 (-288 384 656 ) (-288 384 768 ) (-288 416 768 ) (-288 416 656 ) 
4 148 155 (-672 384 640 ) (-288 384 640 ) (-288 384 768 ) (-672 384 768 ) 
4 149 159 (0 384 640 ) (0 256 640 ) (-128 256 640 ) (-128 384 640 ) 
4 149 157 (-160 192 640 ) (0 192 640 ) (0 192 768 ) (-160 192 768 ) 
4 149 150 (-160 384 768 ) (-160 384 656 ) (-160 224 656 ) (-160 224 768 ) 
4 149 151 (-160 224 640 ) (-160 192 640 ) (-160 192 768 ) (-160 224 768 ) 
4 150 152 (-192 384 768 ) (-192 384 656 ) (-192 224 656 ) (-192 224 768 ) 
4 150 151 (-192 224 768 ) (-192 224 656 ) (-160 224 656 ) (-160 224 768 ) 
4 151 157 (-192 192 640 ) (-160 192 640 ) (-160 192 768 ) (-192 192 768 ) 
4 151 152 (-192 224 640 ) (-192 192 640 ) (-192 192 768 ) (-192 224 768 ) 
4 152 157 (-256 192 640 ) (-192 192 640 ) (-192 192 768 ) (-256 192 768 ) 
4 152 153 (-256 384 768 ) (-256 384 656 ) (-256 224 656 ) (-256 224 768 ) 
4 152 154 (-256 224 640 ) (-256 192 640 ) (-256 192 768 ) (-256 224 768 ) 
4 153 155 (-288 384 768 ) (-288 384 656 ) (-288 224 656 ) (-288 224 768 ) 
4 153 154 (-288 224 768 ) (-288 224 656 ) (-256 224 656 ) (-256 224 768 ) 
4 154 157 (-288 192 640 ) (-256 192 640 ) (-256 192 768 ) (-288 192 768 ) 
4 154 155 (-288 224 640 ) (-288 192 640 ) (-288 192 768 ) (-288 224 768 ) 
4 155 157 (-512 192 640 ) (-288 192 640 ) (-288 192 768 ) (-512 192 768 ) 
4 157 309 (-160 0 768 ) (-512 0 768 ) (-512 0 640 ) (-160 0 640 ) 
4 157 303 (0 0 640 ) (0 0 768 ) (-64 0 768 ) (-64 0 640 ) 
4 157 306 (-64 0 768 ) (-160 0 768 ) (-160 0 640 ) (-64 0 640 ) 
4 159 161 (-128 256 608 ) (-128 384 608 ) (0 384 608 ) (0 256 608 ) 
4 160 163 (-128 480 512 ) (-128 480 480 ) (0 480 480 ) (0 480 512 ) 
4 161 163 (-128 160 576 ) (-128 480 576 ) (0 480 576 ) (0 160 576 ) 
4 161 162 (-128 160 608 ) (-128 160 576 ) (0 160 576 ) (0 160 608 ) 
4 163 164 (-128 480 512 ) (-128 480 480 ) (-128 224 480 ) (-128 224 512 ) 
4 165 276 (1296 -1024 1407.220093 ) (1032 -1024 1407.220093 ) (1032 -1024 1011.219971 ) (1296 -1024 1011.219971 ) 
4 165 173 (1296 -528 1011.219971 ) (1296 -1024 1011.219971 ) (1032 -1024 1011.219971 ) (1032 -528 1011.219971 ) 
4 165 170 (1032 -1024 1081.219971 ) (1032 -1024 1407.220093 ) (1032 -912 1407.220093 ) (1032 -912 1081.219971 ) 
4 165 171 (1032 -912 1011.219971 ) (1032 -1024 1011.219971 ) (1032 -1024 1049.219971 ) (1032 -912 1049.219971 ) 
4 165 169 (1032 -688 1011.219971 ) (1032 -912 1011.219971 ) (1032 -912 1407.220093 ) (1032 -688 1407.220093 ) 
4 165 167 (1032 -568 1081.219971 ) (1032 -528 1081.219971 ) (1032 -528 1049.219971 ) (1032 -568 1049.219971 ) 
4 165 166 (1032 -688 1081.219971 ) (1032 -688 1407.220093 ) (1032 -528 1407.220093 ) (1032 -528 1081.219971 ) 
4 165 168 (1032 -528 1011.219971 ) (1032 -688 1011.219971 ) (1032 -688 1049.219971 ) (1032 -528 1049.219971 ) 
4 166 204 (1024 -688 1407.220093 ) (1024 -528 1407.220093 ) (1024 -528 1081.219971 ) (1024 -688 1081.219971 ) 
4 166 169 (1032 -688 1081.219971 ) (1032 -688 1407.220093 ) (1024 -688 1407.220093 ) (1024 -688 1081.219971 ) 
4 166 167 (1024 -568 1081.219971 ) (1024 -528 1081.219971 ) (1032 -528 1081.219971 ) (1032 -568 1081.219971 ) 
4 167 205 (1024 -528 1081.219971 ) (1024 -528 1049.219971 ) (1024 -568 1049.219971 ) (1024 -568 1081.219971 ) 
4 167 168 (1024 -568 1049.219971 ) (1024 -528 1049.219971 ) (1032 -528 1049.219971 ) (1032 -568 1049.219971 ) 
4 168 206 (1024 -528 1049.219971 ) (1024 -528 1011.219971 ) (1024 -600 1011.219971 ) (1024 -600 1049.219971 ) 
4 168 209 (1024 -600 1011.219971 ) (1024 -688 1011.219971 ) (1024 -688 1049.219971 ) (1024 -600 1049.219971 ) 
4 168 173 (1024 -688 1011.219971 ) (1024 -528 1011.219971 ) (1032 -528 1011.219971 ) (1032 -688 1011.219971 ) 
4 168 169 (1024 -688 1011.219971 ) (1032 -688 1011.219971 ) (1032 -688 1049.219971 ) (1024 -688 1049.219971 ) 
4 169 210 (1024 -912 1407.220093 ) (1024 -688 1407.220093 ) (1024 -688 1011.219971 ) (1024 -912 1011.219971 ) 
4 169 173 (1024 -912 1011.219971 ) (1024 -688 1011.219971 ) (1032 -688 1011.219971 ) (1032 -912 1011.219971 ) 
4 169 170 (1032 -912 1081.219971 ) (1032 -912 1407.220093 ) (1024 -912 1407.220093 ) (1024 -912 1081.219971 ) 
4 169 171 (1024 -912 1011.219971 ) (1032 -912 1011.219971 ) (1032 -912 1049.219971 ) (1024 -912 1049.219971 ) 
4 170 277 (1032 -1024 1407.220093 ) (1024 -1024 1407.220093 ) (1024 -1024 1081.219971 ) (1032 -1024 1081.219971 ) 
4 170 211 (1024 -1024 1081.219971 ) (1024 -1024 1407.220093 ) (1024 -912 1407.220093 ) (1024 -912 1081.219971 ) 
4 171 278 (1024 -1024 1049.219971 ) (1024 -1024 1011.219971 ) (1032 -1024 1011.219971 ) (1032 -1024 1049.219971 ) 
4 171 212 (1024 -1024 1011.219971 ) (1024 -1024 1049.219971 ) (1024 -912 1049.219971 ) (1024 -912 1011.219971 ) 
4 171 173 (1024 -1024 1011.219971 ) (1024 -912 1011.219971 ) (1032 -912 1011.219971 ) (1032 -1024 1011.219971 ) 
4 173 278 (1032 -1024 1011.219971 ) (1024 -1024 1011.219971 ) (1024 -1024 915.222046 ) (1032 -1024 915.222046 ) 
4 173 276 (1296 -1024 1011.219971 ) (1032 -1024 1011.219971 ) (1032 -1024 915.222046 ) (1296 -1024 915.222046 ) 
4 173 222 (1024 -1024 915.222046 ) (1024 -1024 953.222046 ) (1024 -1004 953.222046 ) (1024 -1004 915.222046 ) 
4 173 219 (1024 -1004 953.222046 ) (1024 -596 953.222046 ) (1024 -596 915.222046 ) (1024 -1004 915.222046 ) 
4 173 216 (1024 -596 953.222046 ) (1024 -528 953.222046 ) (1024 -528 915.222046 ) (1024 -596 915.222046 ) 
4 173 214 (1024 -1024 953.222046 ) (1024 -1024 957.221985 ) (1024 -1000 957.221985 ) (1024 -1000 953.222046 ) 
4 173 213 (1024 -1000 957.221985 ) (1024 -688 957.221985 ) (1024 -688 953.222046 ) (1024 -1000 953.222046 ) 
4 173 212 (1024 -1024 957.221985 ) (1024 -1024 1011.219971 ) (1024 -912 1011.219971 ) (1024 -912 957.221985 ) 
4 173 210 (1024 -912 1011.219971 ) (1024 -688 1011.219971 ) (1024 -688 957.221985 ) (1024 -912 957.221985 ) 
4 173 206 (1024 -600 1011.219971 ) (1024 -528 1011.219971 ) (1024 -528 953.222046 ) (1024 -600 953.222046 ) 
4 173 209 (1024 -688 1011.219971 ) (1024 -600 1011.219971 ) (1024 -600 953.222046 ) (1024 -688 953.222046 ) 
4 173 174 (1296 -1024 915.222046 ) (1024 -1024 915.222046 ) (1024 -528 915.222046 ) (1296 -528 915.222046 ) 
4 174 278 (1032 -1024 915.222046 ) (1024 -1024 915.222046 ) (1024 -1024 639.222046 ) (1032 -1024 639.222046 ) 
4 174 276 (1296 -1024 639.222046 ) (1296 -1024 915.222046 ) (1032 -1024 915.222046 ) (1032 -1024 639.222046 ) 
4 174 225 (1024 -1024 639.222046 ) (1024 -1024 845.221985 ) (1024 -528 845.221985 ) (1024 -528 639.222046 ) 
4 174 222 (1024 -1024 845.221985 ) (1024 -1024 915.222046 ) (1024 -1004 915.222046 ) (1024 -1004 845.221985 ) 
4 174 219 (1024 -1004 915.222046 ) (1024 -596 915.222046 ) (1024 -596 845.221985 ) (1024 -1004 845.221985 ) 
4 174 216 (1024 -596 915.222046 ) (1024 -528 915.222046 ) (1024 -528 845.221985 ) (1024 -596 845.221985 ) 
4 175 197 (592 -288 1664 ) (288 -288 1664 ) (288 -288 1376 ) (592 -288 1376 ) 
4 175 178 (288 -288 1376 ) (288 -288 1664 ) (288 0 1664 ) (288 0 1376 ) 
4 176 183 (288 -96 1024 ) (288 0 1024 ) (512 0 1024 ) (512 -96 1024 ) 
4 176 180 (288 0 1024 ) (288 -96 1024 ) (288 -96 1152 ) (288 0 1152 ) 
4 177 187 (704 -288 1024 ) (672 -288 1024 ) (672 -160 1024 ) (704 -160 1024 ) 
4 178 257 (256 -96 1376 ) (256 -288 1376 ) (256 -288 1664 ) (256 -96 1664 ) 
4 178 256 (256 0 1664 ) (256 0 1376 ) (256 -96 1376 ) (256 -96 1664 ) 
4 178 199 (256 -288 1664 ) (256 -288 1376 ) (288 -288 1376 ) (288 -288 1664 ) 
4 178 179 (288 0 1376 ) (288 -96 1376 ) (256 -96 1376 ) (256 0 1376 ) 
4 179 256 (256 0 1376 ) (256 0 1360 ) (256 -96 1360 ) (256 -96 1376 ) 
4 180 259 (256 0 1152 ) (256 0 1024 ) (256 -96 1024 ) (256 -96 1152 ) 
4 180 183 (256 -96 1024 ) (256 0 1024 ) (288 0 1024 ) (288 -96 1024 ) 
4 181 188 (1024 -32 768 ) (1024 -96 768 ) (896 -96 768 ) (896 -32 768 ) 
4 181 189 (896 -96 768 ) (832 -96 768 ) (832 -32 768 ) (896 -32 768 ) 
4 181 184 (832 -96 768 ) (1024 -96 768 ) (1024 -96 832 ) (832 -96 832 ) 
4 182 190 (576 0 768 ) (704 0 768 ) (704 -96 768 ) (576 -96 768 ) 
4 182 185 (576 -96 768 ) (704 -96 768 ) (704 -96 1024 ) (576 -96 1024 ) 
4 183 272 (256 0 896 ) (256 0 768 ) (256 -96 768 ) (256 -96 896 ) 
4 183 265 (256 0 1024 ) (256 0 896 ) (256 -96 896 ) (256 -96 1024 ) 
4 183 191 (256 -96 768 ) (256 0 768 ) (512 0 768 ) (512 -96 768 ) 
4 183 186 (256 -96 768 ) (320 -96 768 ) (320 -96 1024 ) (256 -96 1024 ) 
4 184 188 (896 -96 768 ) (1024 -96 768 ) (1024 -224 768 ) (896 -224 768 ) 
4 184 189 (832 -96 768 ) (896 -96 768 ) (896 -224 768 ) (832 -224 768 ) 
4 185 190 (576 -96 768 ) (704 -96 768 ) (704 -128 768 ) (576 -128 768 ) 
4 185 187 (576 -160 768 ) (704 -160 768 ) (704 -160 1024 ) (576 -160 1024 ) 
4 186 272 (256 -96 768 ) (256 -160 768 ) (256 -160 896 ) (256 -96 896 ) 
4 186 265 (256 -160 896 ) (256 -160 1024 ) (256 -96 1024 ) (256 -96 896 ) 
4 186 192 (256 -160 768 ) (256 -96 768 ) (320 -96 768 ) (320 -160 768 ) 
4 186 187 (256 -160 768 ) (320 -160 768 ) (320 -160 1024 ) (256 -160 1024 ) 
4 187 272 (256 -160 768 ) (256 -288 768 ) (256 -288 896 ) (256 -160 896 ) 
4 187 265 (256 -288 896 ) (256 -288 1024 ) (256 -160 1024 ) (256 -160 896 ) 
4 187 201 (256 -288 1022 ) (256 -288 896 ) (704 -288 896 ) (704 -288 1022 ) 
4 187 200 (256 -288 1024 ) (256 -288 1022 ) (704 -288 1022 ) (704 -288 1024 ) 
4 188 189 (896 -32 640 ) (896 -224 640 ) (896 -224 768 ) (896 -32 768 ) 
4 190 194 (704 -96 640 ) (704 -128 640 ) (576 -128 640 ) (576 -96 640 ) 
4 190 193 (576 0 640 ) (704 0 640 ) (704 -96 640 ) (576 -96 640 ) 
4 191 272 (256 0 768 ) (256 0 640 ) (256 -96 640 ) (256 -96 768 ) 
4 191 192 (256 -96 640 ) (320 -96 640 ) (320 -96 768 ) (256 -96 768 ) 
4 192 272 (256 -96 640 ) (256 -160 640 ) (256 -160 768 ) (256 -96 768 ) 
4 192 196 (256 -160 640 ) (256 -128 640 ) (320 -128 640 ) (320 -160 640 ) 
4 192 195 (256 -128 640 ) (256 -96 640 ) (320 -96 640 ) (320 -128 640 ) 
4 193 194 (576 -96 480 ) (704 -96 480 ) (704 -96 640 ) (576 -96 640 ) 
4 195 274 (256 -128 632 ) (256 -128 640 ) (256 -96 640 ) (256 -96 632 ) 
4 195 196 (320 -128 632 ) (320 -128 640 ) (256 -128 640 ) (256 -128 632 ) 
4 196 274 (256 -160 632 ) (256 -160 640 ) (256 -128 640 ) (256 -128 632 ) 
4 197 244 (416 -448 1664 ) (288 -448 1664 ) (288 -448 1376 ) (416 -448 1376 ) 
4 197 242 (416 -448 1407.220093 ) (416 -448 1376 ) (432 -448 1376 ) (432 -448 1407.220093 ) 
4 197 239 (432 -448 1376 ) (592 -448 1376 ) (592 -448 1407.220093 ) (432 -448 1407.220093 ) 
4 197 202 (592 -448 1664 ) (416 -448 1664 ) (416 -448 1407.220093 ) (592 -448 1407.220093 ) 
4 197 199 (288 -288 1664 ) (288 -288 1376 ) (288 -448 1376 ) (288 -448 1664 ) 
4 198 200 (704 -448 1024 ) (320 -448 1024 ) (320 -416 1024 ) (704 -416 1024 ) 
4 199 257 (256 -448 1376 ) (256 -448 1664 ) (256 -288 1664 ) (256 -288 1376 ) 
4 199 244 (256 -448 1664 ) (256 -448 1376 ) (288 -448 1376 ) (288 -448 1664 ) 
4 200 265 (256 -448 1022 ) (256 -448 1024 ) (256 -288 1024 ) (256 -288 1022 ) 
4 200 201 (256 -288 1022 ) (704 -288 1022 ) (704 -448 1022 ) (256 -448 1022 ) 
4 201 265 (256 -448 896 ) (256 -448 1022 ) (256 -288 1022 ) (256 -288 896 ) 
4 201 253 (256 -448 992 ) (256 -448 960 ) (288 -448 960 ) (288 -448 992 ) 
4 202 244 (416 -448 1664 ) (416 -448 1407.220093 ) (416 -512 1407.220093 ) (416 -512 1664 ) 
4 202 242 (416 -512 1407.220093 ) (416 -448 1407.220093 ) (432 -448 1407.220093 ) (432 -512 1407.220093 ) 
4 202 239 (432 -448 1407.220093 ) (592 -448 1407.220093 ) (592 -512 1407.220093 ) (432 -512 1407.220093 ) 
4 202 203 (592 -512 1599.220093 ) (592 -512 1664 ) (416 -512 1664 ) (416 -512 1599.220093 ) 
4 203 280 (592 -1024 1664 ) (416 -1024 1664 ) (416 -1024 1599.220093 ) (592 -1024 1599.220093 ) 
4 203 244 (416 -1024 1599.220093 ) (416 -1024 1664 ) (416 -512 1664 ) (416 -512 1599.220093 ) 
4 204 229 (840 -688 1407.220093 ) (840 -528 1407.220093 ) (840 -528 1081.219971 ) (840 -688 1081.219971 ) 
4 204 210 (840 -688 1407.220093 ) (840 -688 1081.219971 ) (1024 -688 1081.219971 ) (1024 -688 1407.220093 ) 
4 204 205 (840 -568 1081.219971 ) (840 -528 1081.219971 ) (1024 -528 1081.219971 ) (1024 -568 1081.219971 ) 
4 205 229 (840 -528 1081.219971 ) (840 -528 1049.219971 ) (840 -568 1049.219971 ) (840 -568 1081.219971 ) 
4 205 207 (900 -528 1049.219971 ) (972 -528 1049.219971 ) (972 -568 1049.219971 ) (900 -568 1049.219971 ) 
4 205 206 (972 -528 1049.219971 ) (1024 -528 1049.219971 ) (1024 -568 1049.219971 ) (972 -568 1049.219971 ) 
4 205 208 (840 -568 1049.219971 ) (840 -528 1049.219971 ) (900 -528 1049.219971 ) (900 -568 1049.219971 ) 
4 206 219 (1024 -596 953.222046 ) (1024 -600 953.222046 ) (972 -600 953.222046 ) (972 -596 953.222046 ) 
4 206 216 (972 -528 953.222046 ) (1024 -528 953.222046 ) (1024 -596 953.222046 ) (972 -596 953.222046 ) 
4 206 207 (972 -600 957.221985 ) (972 -600 1049.219971 ) (972 -528 1049.219971 ) (972 -528 957.221985 ) 
4 206 209 (972 -600 953.222046 ) (1024 -600 953.222046 ) (1024 -600 1049.219971 ) (972 -600 1049.219971 ) 
4 207 209 (972 -600 957.221985 ) (972 -600 1049.219971 ) (900 -600 1049.219971 ) (900 -600 957.221985 ) 
4 207 208 (900 -600 957.221985 ) (900 -600 1049.219971 ) (900 -528 1049.219971 ) (900 -528 957.221985 ) 
4 208 229 (840 -528 1049.219971 ) (840 -528 953.222046 ) (840 -600 953.222046 ) (840 -600 1049.219971 ) 
4 208 221 (840 -600 953.222046 ) (840 -596 953.222046 ) (900 -596 953.222046 ) (900 -600 953.222046 ) 
4 208 218 (840 -596 953.222046 ) (840 -528 953.222046 ) (900 -528 953.222046 ) (900 -596 953.222046 ) 
4 208 209 (840 -600 953.222046 ) (900 -600 953.222046 ) (900 -600 1049.219971 ) (840 -600 1049.219971 ) 
4 209 229 (840 -600 953.222046 ) (840 -688 953.222046 ) (840 -688 1049.219971 ) (840 -600 1049.219971 ) 
4 209 220 (900 -600 953.222046 ) (972 -600 953.222046 ) (972 -688 953.222046 ) (900 -688 953.222046 ) 
4 209 221 (840 -688 953.222046 ) (840 -600 953.222046 ) (900 -600 953.222046 ) (900 -688 953.222046 ) 
4 209 219 (972 -600 953.222046 ) (1024 -600 953.222046 ) (1024 -688 953.222046 ) (972 -688 953.222046 ) 
4 209 213 (840 -688 957.221985 ) (840 -688 953.222046 ) (1024 -688 953.222046 ) (1024 -688 957.221985 ) 
4 209 210 (840 -688 1049.219971 ) (840 -688 957.221985 ) (1024 -688 957.221985 ) (1024 -688 1049.219971 ) 
4 210 229 (840 -912 1407.220093 ) (840 -688 1407.220093 ) (840 -688 957.221985 ) (840 -912 957.221985 ) 
4 210 213 (840 -912 957.221985 ) (840 -688 957.221985 ) (1024 -688 957.221985 ) (1024 -912 957.221985 ) 
4 210 211 (840 -912 1407.220093 ) (840 -912 1081.219971 ) (1024 -912 1081.219971 ) (1024 -912 1407.220093 ) 
4 210 212 (840 -912 1049.219971 ) (840 -912 957.221985 ) (1024 -912 957.221985 ) (1024 -912 1049.219971 ) 
4 211 285 (1024 -1024 1081.219971 ) (1024 -1024 1360 ) (840 -1024 1360 ) (840 -1024 1081.219971 ) 
4 211 283 (1024 -1024 1360 ) (1024 -1024 1407.220093 ) (840 -1024 1407.220093 ) (840 -1024 1360 ) 
4 211 229 (840 -1024 1407.220093 ) (840 -912 1407.220093 ) (840 -912 1081.219971 ) (840 -1024 1081.219971 ) 
4 212 289 (972 -1024 1049.219971 ) (900 -1024 1049.219971 ) (900 -1024 957.221985 ) (972 -1024 957.221985 ) 
4 212 290 (900 -1024 1049.219971 ) (840 -1024 1049.219971 ) (840 -1024 957.221985 ) (900 -1024 957.221985 ) 
4 212 288 (1024 -1024 957.221985 ) (1024 -1024 1049.219971 ) (972 -1024 1049.219971 ) (972 -1024 957.221985 ) 
4 212 229 (840 -912 1049.219971 ) (840 -912 957.221985 ) (840 -1024 957.221985 ) (840 -1024 1049.219971 ) 
4 212 215 (840 -1024 957.221985 ) (840 -1000 957.221985 ) (900 -1000 957.221985 ) (900 -1024 957.221985 ) 
4 212 214 (972 -1000 957.221985 ) (1024 -1000 957.221985 ) (1024 -1024 957.221985 ) (972 -1024 957.221985 ) 
4 212 213 (840 -1000 957.221985 ) (840 -912 957.221985 ) (1024 -912 957.221985 ) (1024 -1000 957.221985 ) 
4 213 229 (840 -688 957.221985 ) (840 -688 953.222046 ) (840 -1000 953.222046 ) (840 -1000 957.221985 ) 
4 213 220 (900 -688 953.222046 ) (972 -688 953.222046 ) (972 -1000 953.222046 ) (900 -1000 953.222046 ) 
4 213 221 (840 -1000 953.222046 ) (840 -688 953.222046 ) (900 -688 953.222046 ) (900 -1000 953.222046 ) 
4 213 219 (972 -688 953.222046 ) (1024 -688 953.222046 ) (1024 -1000 953.222046 ) (972 -1000 953.222046 ) 
4 213 215 (840 -1000 953.222046 ) (900 -1000 953.222046 ) (900 -1000 957.221985 ) (840 -1000 957.221985 ) 
4 213 214 (972 -1000 953.222046 ) (1024 -1000 953.222046 ) (1024 -1000 957.221985 ) (972 -1000 957.221985 ) 
4 214 288 (1024 -1024 953.222046 ) (1024 -1024 957.221985 ) (972 -1024 957.221985 ) (972 -1024 953.222046 ) 
4 214 222 (1024 -1004 953.222046 ) (1024 -1024 953.222046 ) (972 -1024 953.222046 ) (972 -1004 953.222046 ) 
4 214 219 (972 -1000 953.222046 ) (1024 -1000 953.222046 ) (1024 -1004 953.222046 ) (972 -1004 953.222046 ) 
4 215 290 (900 -1024 957.221985 ) (840 -1024 957.221985 ) (840 -1024 953.222046 ) (900 -1024 953.222046 ) 
4 215 229 (840 -1000 953.222046 ) (840 -1024 953.222046 ) (840 -1024 957.221985 ) (840 -1000 957.221985 ) 
4 215 224 (840 -1024 953.222046 ) (840 -1004 953.222046 ) (900 -1004 953.222046 ) (900 -1024 953.222046 ) 
4 215 221 (840 -1004 953.222046 ) (840 -1000 953.222046 ) (900 -1000 953.222046 ) (900 -1004 953.222046 ) 
4 216 225 (972 -528 845.221985 ) (1024 -528 845.221985 ) (1024 -596 845.221985 ) (972 -596 845.221985 ) 
4 216 219 (972 -596 845.221985 ) (1024 -596 845.221985 ) (1024 -596 953.222046 ) (972 -596 953.222046 ) 
4 218 229 (840 -528 845.221985 ) (840 -596 845.221985 ) (840 -596 953.222046 ) (840 -528 953.222046 ) 
4 218 228 (840 -596 845.221985 ) (840 -528 845.221985 ) (900 -528 845.221985 ) (900 -596 845.221985 ) 
4 218 221 (840 -596 845.221985 ) (900 -596 845.221985 ) (900 -596 953.222046 ) (840 -596 953.222046 ) 
4 219 225 (972 -596 845.221985 ) (1024 -596 845.221985 ) (1024 -1004 845.221985 ) (972 -1004 845.221985 ) 
4 219 222 (972 -1004 845.221985 ) (1024 -1004 845.221985 ) (1024 -1004 953.222046 ) (972 -1004 953.222046 ) 
4 219 220 (972 -600 845.221985 ) (972 -1000 845.221985 ) (972 -1000 953.222046 ) (972 -600 953.222046 ) 
4 220 226 (972 -600 845.221985 ) (972 -1000 845.221985 ) (900 -1000 845.221985 ) (900 -600 845.221985 ) 
4 220 221 (900 -600 845.221985 ) (900 -1000 845.221985 ) (900 -1000 953.222046 ) (900 -600 953.222046 ) 
4 221 229 (840 -596 845.221985 ) (840 -1004 845.221985 ) (840 -1004 953.222046 ) (840 -596 953.222046 ) 
4 221 228 (840 -1004 845.221985 ) (840 -596 845.221985 ) (900 -596 845.221985 ) (900 -1004 845.221985 ) 
4 221 224 (840 -1004 845.221985 ) (900 -1004 845.221985 ) (900 -1004 953.222046 ) (840 -1004 953.222046 ) 
4 222 291 (1024 -1024 845.221985 ) (1024 -1024 953.222046 ) (972 -1024 953.222046 ) (972 -1024 845.221985 ) 
4 222 225 (1024 -1024 845.221985 ) (972 -1024 845.221985 ) (972 -1004 845.221985 ) (1024 -1004 845.221985 ) 
4 223 292 (968 -1024 953.222046 ) (904 -1024 953.222046 ) (904 -1024 845.221985 ) (968 -1024 845.221985 ) 
4 224 293 (900 -1024 953.222046 ) (840 -1024 953.222046 ) (840 -1024 845.221985 ) (900 -1024 845.221985 ) 
4 224 229 (840 -1004 845.221985 ) (840 -1024 845.221985 ) (840 -1024 953.222046 ) (840 -1004 953.222046 ) 
4 224 228 (900 -1024 845.221985 ) (840 -1024 845.221985 ) (840 -1004 845.221985 ) (900 -1004 845.221985 ) 
4 225 294 (1024 -1024 639.222046 ) (1024 -1024 845.221985 ) (972 -1024 845.221985 ) (972 -1024 639.222046 ) 
4 225 226 (972 -600 841.221985 ) (972 -1000 841.221985 ) (972 -1000 845.221985 ) (972 -600 845.221985 ) 
4 225 227 (972 -528 841.221985 ) (972 -528 639.222046 ) (972 -1024 639.222046 ) (972 -1024 841.221985 ) 
4 226 228 (900 -600 841.221985 ) (900 -1000 841.221985 ) (900 -1000 845.221985 ) (900 -600 845.221985 ) 
4 226 227 (900 -1000 841.221985 ) (900 -600 841.221985 ) (972 -600 841.221985 ) (972 -1000 841.221985 ) 
4 227 295 (900 -1024 841.221985 ) (900 -1024 639.222046 ) (972 -1024 639.222046 ) (972 -1024 841.221985 ) 
4 227 228 (900 -528 841.221985 ) (900 -528 639.222046 ) (900 -1024 639.222046 ) (900 -1024 841.221985 ) 
4 228 296 (900 -1024 845.221985 ) (840 -1024 845.221985 ) (840 -1024 639.222046 ) (900 -1024 639.222046 ) 
4 228 229 (840 -528 639.222046 ) (840 -1024 639.222046 ) (840 -1024 845.221985 ) (840 -528 845.221985 ) 
4 229 296 (840 -1024 639.222046 ) (840 -1024 845.221985 ) (632 -1024 845.221985 ) (632 -1024 639.222046 ) 
4 229 293 (840 -1024 845.221985 ) (840 -1024 953.222046 ) (632 -1024 953.222046 ) (632 -1024 845.221985 ) 
4 229 290 (840 -1024 953.222046 ) (840 -1024 1049.219971 ) (632 -1024 1049.219971 ) (632 -1024 953.222046 ) 
4 229 287 (840 -1024 1049.219971 ) (840 -1024 1360 ) (632 -1024 1360 ) (632 -1024 1049.219971 ) 
4 229 283 (840 -1024 1360 ) (840 -1024 1407.220093 ) (632 -1024 1407.220093 ) (632 -1024 1360 ) 
4 229 238 (632 -528 639.222046 ) (632 -1024 639.222046 ) (632 -1024 827.222046 ) (632 -528 827.222046 ) 
4 229 235 (632 -1024 827.222046 ) (632 -1024 1407.220093 ) (632 -920 1407.220093 ) (632 -920 827.222046 ) 
4 229 230 (632 -680 1407.220093 ) (632 -528 1407.220093 ) (632 -528 827.222046 ) (632 -680 827.222046 ) 
4 229 232 (632 -848 1407.220093 ) (632 -752 1407.220093 ) (632 -752 827.222046 ) (632 -848 827.222046 ) 
4 230 238 (608 -528 827.222046 ) (632 -528 827.222046 ) (632 -680 827.222046 ) (608 -718.400085 827.222046 ) 
4 230 233 (608 -528 1360 ) (608 -528 827.222046 ) (608 -718.400085 827.222046 ) (608 -718.400085 1360 ) 
4 230 231 (608 -718.401184 1407.220093 ) (608 -718.401184 827.222046 ) (612 -712.002197 827.222046 ) (612 -712.002197 1407.220093 ) 
3 231 238 (608 -725.333313 827.222046 ) (608 -718.400085 827.222046 ) (612 -712 827.222046 ) 
4 231 233 (608 -718.400085 827.222046 ) (608 -725.333313 827.222046 ) (608 -725.333313 1360 ) (608 -718.400085 1360 ) 
4 232 238 (632 -752 827.222046 ) (632 -848 827.222046 ) (608 -848 827.222046 ) (608 -752 827.222046 ) 
4 232 234 (608 -752 827.222046 ) (608 -848 827.222046 ) (608 -848 1360 ) (608 -752 1360 ) 
4 233 241 (592 -528 992 ) (592 -528 827.222046 ) (592 -752 827.222046 ) (592 -752 992 ) 
4 233 240 (592 -528 1360 ) (592 -528 992 ) (592 -752 992 ) (592 -752 1360 ) 
5 233 238 (592 -752 827.222046 ) (592 -528 827.222046 ) (608 -528 827.222046 ) (608 -725.333374 827.222046 ) (600 -752 827.222046 ) 
4 233 234 (592 -752 1360 ) (592 -752 827.222046 ) (600 -752 827.222046 ) (600 -752 1360 ) 
4 234 241 (592 -752 992 ) (592 -752 827.222046 ) (592 -848 827.222046 ) (592 -848 992 ) 
4 234 240 (592 -752 1360 ) (592 -752 992 ) (592 -848 992 ) (592 -848 1360 ) 
4 234 238 (592 -848 827.222046 ) (592 -752 827.222046 ) (608 -752 827.222046 ) (608 -848 827.222046 ) 
4 234 237 (592 -848 1360 ) (592 -848 827.222046 ) (600 -848 827.222046 ) (600 -848 1360 ) 
4 235 296 (608 -1024 845.221985 ) (608 -1024 827.222046 ) (632 -1024 827.222046 ) (632 -1024 845.221985 ) 
4 235 293 (608 -1024 953.222046 ) (608 -1024 845.221985 ) (632 -1024 845.221985 ) (632 -1024 953.222046 ) 
4 235 290 (608 -1024 1049.219971 ) (608 -1024 953.222046 ) (632 -1024 953.222046 ) (632 -1024 1049.219971 ) 
4 235 287 (608 -1024 1360 ) (608 -1024 1049.219971 ) (632 -1024 1049.219971 ) (632 -1024 1360 ) 
4 235 283 (632 -1024 1407.220093 ) (608 -1024 1407.220093 ) (608 -1024 1360 ) (632 -1024 1360 ) 
4 235 238 (632 -920 827.222046 ) (632 -1024 827.222046 ) (608 -1024 827.222046 ) (608 -881.599915 827.222046 ) 
4 235 237 (608 -881.599915 827.222046 ) (608 -1024 827.222046 ) (608 -1024 1360 ) (608 -881.599915 1360 ) 
4 235 236 (612.001160 -888.003784 827.222046 ) (608 -881.601563 827.222046 ) (608 -881.601563 1407.220093 ) (612.001160 -888.003784 1407.220093 ) 
3 236 238 (612 -888 827.222046 ) (608 -881.599915 827.222046 ) (608 -874.666687 827.222046 ) 
4 236 237 (608 -874.666687 827.222046 ) (608 -881.599915 827.222046 ) (608 -881.599915 1360 ) (608 -874.666687 1360 ) 
4 237 296 (592 -1024 845.221985 ) (592 -1024 827.222046 ) (608 -1024 827.222046 ) (608 -1024 845.221985 ) 
4 237 293 (592 -1024 953.222046 ) (592 -1024 845.221985 ) (608 -1024 845.221985 ) (608 -1024 953.222046 ) 
4 237 290 (592 -1024 1049.219971 ) (592 -1024 953.222046 ) (608 -1024 953.222046 ) (608 -1024 1049.219971 ) 
4 237 287 (592 -1024 1360 ) (592 -1024 1049.219971 ) (608 -1024 1049.219971 ) (608 -1024 1360 ) 
4 237 241 (592 -1024 827.222046 ) (592 -1024 992 ) (592 -848 992 ) (592 -848 827.222046 ) 
4 237 240 (592 -1024 992 ) (592 -1024 1360 ) (592 -848 1360 ) (592 -848 992 ) 
5 237 238 (592 -1024 827.222046 ) (592 -848 827.222046 ) (600 -848 827.222046 ) (608 -874.666626 827.222046 ) (608 -1024 827.222046 ) 
4 238 296 (592 -1024 827.222046 ) (592 -1024 639.222046 ) (632 -1024 639.222046 ) (632 -1024 827.222046 ) 
4 238 241 (592 -528 639.222046 ) (592 -1024 639.222046 ) (592 -1024 827.222046 ) (592 -528 827.222046 ) 
4 239 242 (432 -512 1407.220093 ) (432 -448 1407.220093 ) (432 -448 1376 ) (432 -512 1376 ) 
4 240 290 (432 -1024 1049.219971 ) (432 -1024 992 ) (592 -1024 992 ) (592 -1024 1049.219971 ) 
4 240 287 (432 -1024 1360 ) (432 -1024 1049.219971 ) (592 -1024 1049.219971 ) (592 -1024 1360 ) 
4 240 243 (432 -704 1023.219971 ) (432 -704 992 ) (432 -896 992 ) (432 -896 1023.219971 ) 
4 240 241 (432 -1024 992 ) (432 -528 992 ) (592 -528 992 ) (592 -1024 992 ) 
4 241 296 (432 -1024 845.221985 ) (432 -1024 639.222046 ) (592 -1024 639.222046 ) (592 -1024 845.221985 ) 
4 241 293 (432 -1024 953.222046 ) (432 -1024 845.221985 ) (592 -1024 845.221985 ) (592 -1024 953.222046 ) 
4 241 290 (432 -1024 992 ) (432 -1024 953.222046 ) (592 -1024 953.222046 ) (592 -1024 992 ) 
4 241 243 (432 -896 992 ) (432 -704 992 ) (432 -704 895.222046 ) (432 -896 895.222046 ) 
4 242 244 (416 -448 1407.220093 ) (416 -448 1376 ) (416 -512 1376 ) (416 -512 1407.220093 ) 
4 243 248 (416 -896 896 ) (416 -896 1023.219971 ) (416 -704 1023.219971 ) (416 -704 896 ) 
4 244 298 (416 -1024 1376 ) (416 -1024 1407.220093 ) (256 -1024 1407.220093 ) (256 -1024 1376 ) 
4 244 282 (416 -1024 1407.220093 ) (416 -1024 1664 ) (256 -1024 1664 ) (256 -1024 1407.220093 ) 
4 244 264 (256 -1024 1376 ) (256 -1024 1664 ) (256 -448 1664 ) (256 -448 1376 ) 
4 245 246 (320 -736 1088 ) (384 -736 1088 ) (384 -864 1088 ) (320 -864 1088 ) 
4 246 247 (416 -896 1086 ) (320 -896 1086 ) (320 -704 1086 ) (416 -704 1086 ) 
4 247 248 (416 -704 1024 ) (416 -896 1024 ) (320 -896 1024 ) (320 -704 1024 ) 
4 248 249 (320 -736 896 ) (320 -864 896 ) (320 -864 1024 ) (320 -736 1024 ) 
4 249 250 (312 -736 896 ) (312 -864 896 ) (312 -864 1024 ) (312 -736 1024 ) 
4 250 251 (296 -736 896 ) (296 -864 896 ) (296 -864 1024 ) (296 -736 1024 ) 
4 251 255 (288 -736 896 ) (288 -864 896 ) (288 -864 960 ) (288 -736 960 ) 
4 251 254 (288 -864 960 ) (288 -864 992 ) (288 -736 992 ) (288 -736 960 ) 
4 251 252 (288 -864 992 ) (288 -864 1024 ) (288 -736 1024 ) (288 -736 992 ) 
4 252 270 (256 -864 1024 ) (256 -736 1024 ) (256 -736 992 ) (256 -864 992 ) 
4 252 254 (288 -864 992 ) (256 -864 992 ) (256 -736 992 ) (288 -736 992 ) 
4 253 265 (256 -448 992 ) (256 -448 960 ) (256 -456 960 ) (256 -456 992 ) 
4 254 270 (256 -736 960 ) (256 -864 960 ) (256 -864 992 ) (256 -736 992 ) 
4 254 255 (288 -864 960 ) (256 -864 960 ) (256 -736 960 ) (288 -736 960 ) 
4 255 270 (256 -736 896 ) (256 -864 896 ) (256 -864 960 ) (256 -736 960 ) 
4 256 299 (0 0 1664 ) (0 0 1360 ) (0 -96 1360 ) (0 -96 1664 ) 
4 256 258 (0 -64 1360 ) (0 0 1360 ) (256 0 1360 ) (256 -64 1360 ) 
4 256 257 (256 -96 1376 ) (256 -96 1664 ) (0 -96 1664 ) (0 -96 1376 ) 
4 257 300 (0 -448 1376 ) (0 -448 1664 ) (0 -96 1664 ) (0 -96 1376 ) 
4 257 264 (256 -448 1376 ) (256 -448 1664 ) (0 -448 1664 ) (0 -448 1376 ) 
4 258 301 (0 0 1360 ) (0 0 1344 ) (0 -64 1344 ) (0 -64 1360 ) 
4 258 259 (0 -64 1344 ) (0 0 1344 ) (256 0 1344 ) (256 -64 1344 ) 
4 259 303 (0 0 1344 ) (0 0 1024 ) (0 -192 1024 ) (0 -192 1344 ) 
4 259 268 (0 -192 1024 ) (0 0 1024 ) (64 0 1024 ) (64 -192 1024 ) 
4 259 265 (64 0 1024 ) (256 0 1024 ) (256 -192 1024 ) (64 -192 1024 ) 
4 259 260 (0 -192 1024 ) (256 -192 1024 ) (256 -192 1280 ) (0 -192 1280 ) 
4 260 304 (0 -192 1024 ) (0 -320 1024 ) (0 -320 1280 ) (0 -192 1280 ) 
4 260 268 (0 -320 1024 ) (0 -192 1024 ) (64 -192 1024 ) (64 -320 1024 ) 
4 260 265 (64 -192 1024 ) (256 -192 1024 ) (256 -320 1024 ) (64 -320 1024 ) 
4 260 262 (0 -320 1024 ) (256 -320 1024 ) (256 -320 1280 ) (0 -320 1280 ) 
4 261 262 (256 -384 1280 ) (0 -384 1280 ) (0 -320 1280 ) (256 -320 1280 ) 
4 262 305 (0 -320 1024 ) (0 -384 1024 ) (0 -384 1280 ) (0 -320 1280 ) 
4 262 268 (0 -384 1024 ) (0 -320 1024 ) (64 -320 1024 ) (64 -384 1024 ) 
4 262 265 (64 -320 1024 ) (256 -320 1024 ) (256 -384 1024 ) (64 -384 1024 ) 
4 262 263 (0 -384 1024 ) (256 -384 1024 ) (256 -384 1216 ) (0 -384 1216 ) 
4 263 305 (0 -384 1024 ) (0 -448 1024 ) (0 -448 1216 ) (0 -384 1216 ) 
4 263 268 (0 -448 1024 ) (0 -384 1024 ) (64 -384 1024 ) (64 -448 1024 ) 
4 263 265 (64 -384 1024 ) (256 -384 1024 ) (256 -448 1024 ) (64 -448 1024 ) 
4 264 342 (0 -1024 1376 ) (0 -1024 1664 ) (0 -832 1664 ) (0 -832 1376 ) 
4 264 324 (0 -832 1664 ) (0 -516 1664 ) (0 -516 1376 ) (0 -832 1376 ) 
4 264 313 (0 -516 1664 ) (0 -512 1664 ) (0 -512 1376 ) (0 -516 1376 ) 
4 264 300 (0 -512 1664 ) (0 -448 1664 ) (0 -448 1376 ) (0 -512 1376 ) 
4 264 298 (256 -1024 1376 ) (256 -1024 1407.220093 ) (0 -1024 1407.220093 ) (0 -1024 1376 ) 
4 264 282 (256 -1024 1407.220093 ) (256 -1024 1664 ) (0 -1024 1664 ) (0 -1024 1407.220093 ) 
4 265 272 (64 0 896 ) (256 0 896 ) (256 -288 896 ) (64 -288 896 ) 
4 265 268 (64 0 896 ) (64 -448 896 ) (64 -448 1024 ) (64 0 1024 ) 
4 265 266 (64 -462 1024 ) (64 -462 896 ) (256 -462 896 ) (256 -462 1024 ) 
4 266 267 (64 -463 1024 ) (64 -463 896 ) (256 -463 896 ) (256 -463 1024 ) 
4 267 269 (96 -480 896 ) (224 -480 896 ) (224 -480 1024 ) (96 -480 1024 ) 
4 268 305 (0 -448 1024 ) (0 -320 1024 ) (0 -320 896 ) (0 -448 896 ) 
4 268 304 (0 -320 1024 ) (0 -192 1024 ) (0 -192 896 ) (0 -320 896 ) 
4 268 303 (0 -192 1024 ) (0 0 1024 ) (0 0 896 ) (0 -192 896 ) 
4 268 273 (0 0 896 ) (64 0 896 ) (64 -448 896 ) (0 -448 896 ) 
4 269 271 (96 -736 896 ) (98 -736 896 ) (98 -736 1024 ) (96 -736 1024 ) 
4 269 270 (98 -736 896 ) (224 -736 896 ) (224 -736 1024 ) (98 -736 1024 ) 
4 270 271 (98 -736 1024 ) (98 -736 896 ) (98 -864 896 ) (98 -864 1024 ) 
4 272 274 (256 -96 640 ) (256 -288 640 ) (64 -288 640 ) (64 -96 640 ) 
4 272 273 (64 0 640 ) (64 -288 640 ) (64 -288 896 ) (64 0 896 ) 
4 273 305 (0 -448 896 ) (0 -320 896 ) (0 -320 640 ) (0 -448 640 ) 
4 273 304 (0 -320 896 ) (0 -192 896 ) (0 -192 640 ) (0 -320 640 ) 
4 273 303 (0 -192 896 ) (0 0 896 ) (0 0 640 ) (0 -192 640 ) 
4 273 275 (0 -448 640 ) (0 -288 640 ) (64 -288 640 ) (64 -448 640 ) 
4 273 274 (0 -288 640 ) (0 -96 640 ) (64 -96 640 ) (64 -288 640 ) 
4 274 307 (0 -288 632 ) (0 -288 640 ) (0 -96 640 ) (0 -96 632 ) 
4 274 275 (64 -288 640 ) (0 -288 640 ) (0 -288 632 ) (64 -288 632 ) 
4 275 307 (0 -448 640 ) (0 -288 640 ) (0 -288 632 ) (0 -448 632 ) 
4 276 279 (1032 -1032 639.222046 ) (1296 -1032 639.222046 ) (1296 -1032 1407.220093 ) (1032 -1032 1407.220093 ) 
4 276 277 (1032 -1032 1081.219971 ) (1032 -1032 1407.220093 ) (1032 -1024 1407.220093 ) (1032 -1024 1081.219971 ) 
4 276 278 (1032 -1024 639.222046 ) (1032 -1032 639.222046 ) (1032 -1032 1049.219971 ) (1032 -1024 1049.219971 ) 
4 277 285 (1024 -1024 1360 ) (1024 -1024 1081.219971 ) (1024 -1032 1081.219971 ) (1024 -1032 1360 ) 
4 277 283 (1024 -1024 1407.220093 ) (1024 -1024 1360 ) (1024 -1032 1360 ) (1024 -1032 1407.220093 ) 
4 277 279 (1032 -1032 1081.219971 ) (1032 -1032 1407.220093 ) (1024 -1032 1407.220093 ) (1024 -1032 1081.219971 ) 
4 278 294 (1024 -1024 845.221985 ) (1024 -1024 639.222046 ) (1024 -1032 639.222046 ) (1024 -1032 845.221985 ) 
4 278 291 (1024 -1024 953.222046 ) (1024 -1024 845.221985 ) (1024 -1032 845.221985 ) (1024 -1032 953.222046 ) 
4 278 288 (1024 -1024 1049.219971 ) (1024 -1024 953.222046 ) (1024 -1032 953.222046 ) (1024 -1032 1049.219971 ) 
4 278 279 (1024 -1032 639.222046 ) (1032 -1032 639.222046 ) (1032 -1032 1049.219971 ) (1024 -1032 1049.219971 ) 
4 279 294 (1024 -1032 639.222046 ) (1024 -1072 639.222046 ) (1024 -1072 845.221985 ) (1024 -1032 845.221985 ) 
4 279 291 (1024 -1072 845.221985 ) (1024 -1072 953.222046 ) (1024 -1032 953.222046 ) (1024 -1032 845.221985 ) 
4 279 288 (1024 -1072 953.222046 ) (1024 -1072 1049.219971 ) (1024 -1032 1049.219971 ) (1024 -1032 953.222046 ) 
4 279 286 (1024 -1072 1049.219971 ) (1024 -1072 1360 ) (1024 -1032 1360 ) (1024 -1032 1049.219971 ) 
4 279 283 (1024 -1072 1360 ) (1024 -1072 1407.220093 ) (1024 -1032 1407.220093 ) (1024 -1032 1360 ) 
4 280 281 (416 -1088 1664 ) (416 -1088 1599.220093 ) (592 -1088 1599.220093 ) (592 -1088 1664 ) 
4 280 282 (416 -1088 1599.220093 ) (416 -1088 1664 ) (416 -1024 1664 ) (416 -1024 1599.220093 ) 
4 281 344 (592 -2048 1664 ) (416 -2048 1664 ) (416 -2048 1407.220093 ) (592 -2048 1407.220093 ) 
4 281 297 (432 -2048 1407.220093 ) (416 -2048 1407.220093 ) (416 -1088 1407.220093 ) (432 -1088 1407.220093 ) 
4 281 284 (592 -2048 1407.220093 ) (432 -2048 1407.220093 ) (432 -1088 1407.220093 ) (592 -1088 1407.220093 ) 
4 281 282 (416 -1088 1407.220093 ) (416 -2048 1407.220093 ) (416 -2048 1664 ) (416 -1088 1664 ) 
4 282 344 (416 -2048 1664 ) (0 -2048 1664 ) (0 -2048 1407.220093 ) (416 -2048 1407.220093 ) 
4 282 343 (0 -2048 1407.220093 ) (0 -2048 1664 ) (0 -1024 1664 ) (0 -1024 1407.220093 ) 
4 282 298 (416 -2048 1407.220093 ) (0 -2048 1407.220093 ) (0 -1024 1407.220093 ) (416 -1024 1407.220093 ) 
4 283 285 (840 -1024 1360 ) (1024 -1024 1360 ) (1024 -1032 1360 ) (840 -1032 1360 ) 
4 283 286 (1024 -1032 1360 ) (1024 -1072 1360 ) (840 -1072 1360 ) (840 -1032 1360 ) 
4 283 287 (608 -1024 1360 ) (840 -1024 1360 ) (840 -1072 1360 ) (608 -1072 1360 ) 
4 284 344 (592 -2048 1407.220093 ) (432 -2048 1407.220093 ) (432 -2048 1376 ) (592 -2048 1376 ) 
4 284 297 (432 -2048 1376 ) (432 -2048 1407.220093 ) (432 -1088 1407.220093 ) (432 -1088 1376 ) 
4 285 286 (840 -1032 1360 ) (840 -1032 1081.219971 ) (1024 -1032 1081.219971 ) (1024 -1032 1360 ) 
4 285 287 (840 -1032 1081.219971 ) (840 -1032 1360 ) (840 -1024 1360 ) (840 -1024 1081.219971 ) 
4 286 289 (972 -1072 1049.219971 ) (900 -1072 1049.219971 ) (900 -1032 1049.219971 ) (972 -1032 1049.219971 ) 
4 286 290 (900 -1072 1049.219971 ) (840 -1072 1049.219971 ) (840 -1032 1049.219971 ) (900 -1032 1049.219971 ) 
4 286 288 (1024 -1072 1049.219971 ) (972 -1072 1049.219971 ) (972 -1032 1049.219971 ) (1024 -1032 1049.219971 ) 
4 286 287 (840 -1032 1049.219971 ) (840 -1072 1049.219971 ) (840 -1072 1360 ) (840 -1032 1360 ) 
4 287 290 (840 -1072 1049.219971 ) (432 -1072 1049.219971 ) (432 -1024 1049.219971 ) (840 -1024 1049.219971 ) 
4 288 291 (972 -1024 953.222046 ) (1024 -1024 953.222046 ) (1024 -1072 953.222046 ) (972 -1072 953.222046 ) 
4 288 289 (972 -1072 957.221985 ) (972 -1072 1049.219971 ) (972 -1024 1049.219971 ) (972 -1024 957.221985 ) 
4 289 290 (900 -1072 957.221985 ) (900 -1072 1049.219971 ) (900 -1024 1049.219971 ) (900 -1024 957.221985 ) 
4 290 293 (432 -1072 953.222046 ) (432 -1024 953.222046 ) (900 -1024 953.222046 ) (900 -1072 953.222046 ) 
4 291 294 (1024 -1072 845.221985 ) (972 -1072 845.221985 ) (972 -1024 845.221985 ) (1024 -1024 845.221985 ) 
4 293 296 (900 -1072 845.221985 ) (432 -1072 845.221985 ) (432 -1024 845.221985 ) (900 -1024 845.221985 ) 
4 294 295 (972 -1024 639.222046 ) (972 -1072 639.222046 ) (972 -1072 841.221985 ) (972 -1024 841.221985 ) 
4 295 296 (900 -1024 639.222046 ) (900 -1072 639.222046 ) (900 -1072 841.221985 ) (900 -1024 841.221985 ) 
4 297 344 (432 -2048 1407.220093 ) (416 -2048 1407.220093 ) (416 -2048 1376 ) (432 -2048 1376 ) 
4 297 298 (416 -2048 1376 ) (416 -2048 1407.220093 ) (416 -1088 1407.220093 ) (416 -1088 1376 ) 
4 298 344 (416 -2048 1407.220093 ) (0 -2048 1407.220093 ) (0 -2048 1376 ) (416 -2048 1376 ) 
4 298 343 (0 -2048 1376 ) (0 -2048 1407.220093 ) (0 -1024 1407.220093 ) (0 -1024 1376 ) 
4 299 301 (-64 0 1360 ) (0 0 1360 ) (0 -64 1360 ) (-64 -64 1360 ) 
4 299 300 (0 -96 1376 ) (0 -96 1664 ) (-432 -96 1664 ) (-432 -96 1376 ) 
4 300 322 (-416 -512 1664 ) (-432 -512 1664 ) (-432 -512 1376 ) (-416 -512 1376 ) 
4 300 318 (-288 -512 1664 ) (-416 -512 1664 ) (-416 -512 1376 ) (-288 -512 1376 ) 
4 300 314 (-64 -512 1664 ) (-288 -512 1664 ) (-288 -512 1376 ) (-64 -512 1376 ) 
4 300 313 (0 -512 1376 ) (0 -512 1664 ) (-64 -512 1664 ) (-64 -512 1376 ) 
4 301 303 (-64 -64 1344 ) (-64 0 1344 ) (0 0 1344 ) (0 -64 1344 ) 
4 302 310 (-512 -320 1344 ) (-512 -128 1344 ) (-480 -128 1344 ) (-480 -320 1344 ) 
4 302 309 (-512 -128 1344 ) (-512 0 1344 ) (-480 0 1344 ) (-480 -128 1344 ) 
4 303 307 (-64 -192 640 ) (-64 -96 640 ) (0 -96 640 ) (0 -192 640 ) 
4 303 304 (-64 -192 1280 ) (-64 -192 640 ) (0 -192 640 ) (0 -192 1280 ) 
4 303 306 (-64 0 640 ) (-64 -192 640 ) (-64 -192 1344 ) (-64 0 1344 ) 
4 304 307 (-64 -320 640 ) (-64 -192 640 ) (0 -192 640 ) (0 -320 640 ) 
4 304 305 (-64 -320 1280 ) (-64 -320 640 ) (0 -320 640 ) (0 -320 1280 ) 
4 304 306 (-64 -192 640 ) (-64 -320 640 ) (-64 -320 1280 ) (-64 -192 1280 ) 
4 305 307 (-64 -448 640 ) (-64 -320 640 ) (0 -320 640 ) (0 -448 640 ) 
4 305 306 (-64 -320 640 ) (-64 -448 640 ) (-64 -448 1280 ) (-64 -320 1280 ) 
4 306 310 (-160 -512 640 ) (-160 -512 1344 ) (-160 -128 1344 ) (-160 -128 640 ) 
4 306 309 (-160 -128 1344 ) (-160 0 1344 ) (-160 0 640 ) (-160 -128 640 ) 
4 306 308 (-64 -512 640 ) (-160 -512 640 ) (-160 -448 640 ) (-64 -448 640 ) 
4 306 307 (-160 -448 640 ) (-160 -96 640 ) (-64 -96 640 ) (-64 -448 640 ) 
4 307 310 (-160 -448 640 ) (-160 -128 640 ) (-160 -128 632 ) (-160 -448 632 ) 
4 307 308 (-160 -448 632 ) (-64 -448 632 ) (-64 -448 640 ) (-160 -448 640 ) 
4 308 310 (-160 -512 632 ) (-160 -512 640 ) (-160 -448 640 ) (-160 -448 632 ) 
4 309 310 (-160 -128 640 ) (-160 -128 1344 ) (-512 -128 1344 ) (-512 -128 640 ) 
4 310 323 (-448 -512 864 ) (-448 -512 736 ) (-416 -512 736 ) (-416 -512 864 ) 
4 310 321 (-416 -512 864 ) (-416 -512 768 ) (-384 -512 768 ) (-384 -512 864 ) 
4 310 320 (-352 -512 736 ) (-352 -512 800 ) (-384 -512 800 ) (-384 -512 736 ) 
4 310 319 (-416 -512 1152 ) (-416 -512 960 ) (-352 -512 960 ) (-352 -512 1152 ) 
4 310 317 (-224 -512 832 ) (-288 -512 832 ) (-288 -512 768 ) (-224 -512 768 ) 
4 310 316 (-160 -512 704 ) (-160 -512 832 ) (-224 -512 832 ) (-224 -512 704 ) 
4 310 315 (-160 -512 960 ) (-160 -512 1216 ) (-288 -512 1216 ) (-288 -512 960 ) 
4 310 312 (-512 -128 768 ) (-512 -128 640 ) (-512 -320 640 ) (-512 -320 768 ) 
4 310 311 (-512 -192 768 ) (-512 -320 768 ) (-512 -320 896 ) (-512 -192 896 ) 
4 311 312 (-512 -320 768 ) (-528 -320 768 ) (-528 -192 768 ) (-512 -192 768 ) 
4 313 324 (0 -516 1376 ) (0 -516 1664 ) (-64 -516 1664 ) (-64 -516 1376 ) 
4 313 314 (-64 -512 1664 ) (-64 -512 1376 ) (-64 -516 1376 ) (-64 -516 1664 ) 
4 314 325 (-64 -516 1376 ) (-64 -516 1664 ) (-288 -516 1664 ) (-288 -516 1376 ) 
4 314 318 (-288 -512 1664 ) (-288 -512 1376 ) (-288 -516 1376 ) (-288 -516 1664 ) 
4 315 333 (-288 -516 1216 ) (-288 -516 960 ) (-160 -516 960 ) (-160 -516 1216 ) 
4 316 339 (-160 -516 832 ) (-224 -516 832 ) (-224 -516 704 ) (-160 -516 704 ) 
4 316 317 (-224 -516 768 ) (-224 -516 832 ) (-224 -512 832 ) (-224 -512 768 ) 
4 317 339 (-224 -516 832 ) (-288 -516 832 ) (-288 -516 768 ) (-224 -516 768 ) 
4 318 325 (-288 -516 1376 ) (-288 -516 1664 ) (-416 -516 1664 ) (-416 -516 1376 ) 
4 318 322 (-416 -512 1664 ) (-416 -512 1376 ) (-416 -516 1376 ) (-416 -516 1664 ) 
4 319 335 (-352 -516 1152 ) (-416 -516 1152 ) (-416 -516 960 ) (-352 -516 960 ) 
4 320 341 (-352 -516 736 ) (-352 -516 800 ) (-384 -516 800 ) (-384 -516 736 ) 
4 320 321 (-384 -516 768 ) (-384 -516 800 ) (-384 -512 800 ) (-384 -512 768 ) 
4 321 341 (-384 -516 768 ) (-384 -516 864 ) (-416 -516 864 ) (-416 -516 768 ) 
4 321 323 (-416 -512 864 ) (-416 -512 768 ) (-416 -516 768 ) (-416 -516 864 ) 
4 322 325 (-416 -516 1376 ) (-416 -516 1664 ) (-432 -516 1664 ) (-432 -516 1376 ) 
4 323 341 (-416 -516 736 ) (-416 -516 864 ) (-448 -516 864 ) (-448 -516 736 ) 
4 324 342 (0 -832 1376 ) (0 -832 1664 ) (-64 -832 1664 ) (-64 -832 1376 ) 
4 324 325 (-64 -516 1664 ) (-64 -516 1376 ) (-64 -832 1376 ) (-64 -832 1664 ) 
4 325 342 (-64 -832 1376 ) (-64 -832 1664 ) (-432 -832 1664 ) (-432 -832 1376 ) 
3 326 332 (-156 -516 1216 ) (-144 -516 1216 ) (-144 -528 1216 ) 
4 326 331 (-144 -516 1216 ) (-64 -516 1216 ) (-64 -640 1216 ) (-144 -640 1216 ) 
4 326 336 (-64 -640 1216 ) (-64 -832 1216 ) (-160 -832 1216 ) (-160 -640 1216 ) 
3 326 328 (-160 -528 1232 ) (-160 -516 1232 ) (-160 -516 1220 ) 
4 326 327 (-160 -640 1232 ) (-160 -640 1344 ) (-160 -516 1344 ) (-160 -516 1232 ) 
4 326 329 (-160 -640 1216 ) (-160 -832 1216 ) (-160 -832 1344 ) (-160 -640 1344 ) 
4 327 328 (-288 -528 1232 ) (-288 -516 1232 ) (-160 -516 1232 ) (-160 -528 1232 ) 
4 327 329 (-288 -640 1344 ) (-288 -640 1232 ) (-160 -640 1232 ) (-160 -640 1344 ) 
4 327 330 (-288 -640 1232 ) (-288 -640 1344 ) (-288 -516 1344 ) (-288 -516 1232 ) 
3 328 330 (-288 -528 1232 ) (-288 -516 1232 ) (-288 -516 1220 ) 
4 329 336 (-160 -640 1216 ) (-160 -832 1216 ) (-288 -832 1216 ) (-288 -640 1216 ) 
4 329 330 (-288 -640 1216 ) (-288 -832 1216 ) (-288 -832 1344 ) (-288 -640 1344 ) 
3 330 334 (-304 -516 1216 ) (-292 -516 1216 ) (-304 -528 1216 ) 
4 330 335 (-512 -516 1216 ) (-304 -516 1216 ) (-304 -640 1216 ) (-512 -640 1216 ) 
4 330 336 (-288 -640 1216 ) (-288 -832 1216 ) (-512 -832 1216 ) (-512 -640 1216 ) 
4 331 337 (-144 -516 960 ) (-64 -516 960 ) (-64 -640 960 ) (-144 -640 960 ) 
4 331 332 (-144 -516 960 ) (-144 -528 960 ) (-144 -528 1216 ) (-144 -516 1216 ) 
4 331 336 (-144 -640 960 ) (-64 -640 960 ) (-64 -640 1216 ) (-144 -640 1216 ) 
3 332 337 (-156 -516 960 ) (-144 -516 960 ) (-144 -528 960 ) 
3 334 341 (-304 -516 960 ) (-292 -516 960 ) (-304 -528 960 ) 
4 334 335 (-304 -516 960 ) (-304 -528 960 ) (-304 -528 1216 ) (-304 -516 1216 ) 
4 335 341 (-512 -640 960 ) (-512 -516 960 ) (-304 -516 960 ) (-304 -640 960 ) 
4 335 336 (-512 -640 1216 ) (-512 -640 960 ) (-304 -640 960 ) (-304 -640 1216 ) 
4 336 340 (-288 -640 960 ) (-160 -640 960 ) (-160 -832 960 ) (-288 -832 960 ) 
4 336 337 (-160 -640 960 ) (-64 -640 960 ) (-64 -832 960 ) (-160 -832 960 ) 
4 336 341 (-512 -832 960 ) (-512 -640 960 ) (-288 -640 960 ) (-288 -832 960 ) 
3 337 338 (-160 -516 956 ) (-160 -516 944 ) (-160 -528 944 ) 
4 337 339 (-160 -516 944 ) (-160 -516 640 ) (-160 -640 640 ) (-160 -640 944 ) 
4 337 340 (-160 -832 640 ) (-160 -832 960 ) (-160 -640 960 ) (-160 -640 640 ) 
4 338 339 (-288 -528 944 ) (-288 -516 944 ) (-160 -516 944 ) (-160 -528 944 ) 
3 338 341 (-288 -516 956 ) (-288 -516 944 ) (-288 -528 944 ) 
4 339 340 (-288 -640 944 ) (-288 -640 640 ) (-160 -640 640 ) (-160 -640 944 ) 
4 339 341 (-288 -516 944 ) (-288 -516 640 ) (-288 -640 640 ) (-288 -640 944 ) 
4 340 341 (-288 -832 640 ) (-288 -832 960 ) (-288 -640 960 ) (-288 -640 640 ) 
4 342 343 (0 -1024 1376 ) (0 -1024 1664 ) (-432 -1024 1664 ) (-432 -1024 1376 ) 
4 343 345 (0 -2048 1376 ) (0 -2048 1664 ) (-432 -2048 1664 ) (-432 -2048 1376 ) 
4 344 345 (0 -2048 1664 ) (0 -2048 1376 ) (0 -2656 1376 ) (0 -2656 1664 ) 
