PRT1
208
540
4 1 57 (3072 784 -22 ) (3072 784 -224 ) (3072 464 -224 ) (3072 464 -22 ) 
4 1 55 (3072 536 -22 ) (3072 464 -22 ) (3072 464 -18 ) (3072 536 -18 ) 
4 1 54 (3072 784 -18 ) (3072 784 -22 ) (3072 536 -22 ) (3072 536 -18 ) 
4 1 51 (3072 532 -18 ) (3072 464 -18 ) (3072 464 90 ) (3072 532 90 ) 
4 1 49 (3072 536 -18 ) (3072 532 -18 ) (3072 532 90 ) (3072 536 90 ) 
4 1 48 (3072 784 90 ) (3072 784 -18 ) (3072 536 -18 ) (3072 536 90 ) 
4 1 40 (3072 464 544 ) (3072 784 544 ) (3072 784 90 ) (3072 464 90 ) 
4 1 35 (3072 1008 -22 ) (3072 1008 -224 ) (3072 784 -224 ) (3072 784 -22 ) 
4 1 33 (3072 1008 -18 ) (3072 1008 -22 ) (3072 936 -22 ) (3072 936 -18 ) 
4 1 34 (3072 936 -22 ) (3072 784 -22 ) (3072 784 -18 ) (3072 936 -18 ) 
4 1 31 (3072 940 -18 ) (3072 936 -18 ) (3072 936 90 ) (3072 940 90 ) 
4 1 32 (3072 936 -18 ) (3072 784 -18 ) (3072 784 90 ) (3072 936 90 ) 
4 1 29 (3072 1008 90 ) (3072 1008 -18 ) (3072 940 -18 ) (3072 940 90 ) 
4 1 18 (3072 784 544 ) (3072 1008 544 ) (3072 1008 90 ) (3072 784 90 ) 
4 3 5 (5120 -2252 64 ) (5120 -2220 64 ) (5120 -2220 -64 ) (5120 -2252 -64 ) 
4 4 6 (5120 -2460 64 ) (5120 -2332 64 ) (5120 -2332 -64 ) (5120 -2460 -64 ) 
4 7 9 (1536 1168 192 ) (1536 1168 640 ) (1024 1168 640 ) (1024 1168 192 ) 
4 8 13 (1856 1056 288 ) (1856 1056 416 ) (1600 1056 416 ) (1600 1056 288 ) 
4 8 10 (1856 1056 416 ) (1856 1056 480 ) (1600 1056 480 ) (1600 1056 416 ) 
4 9 15 (1024 1056 288 ) (1024 1056 192 ) (1248 1056 192 ) (1248 1056 288 ) 
4 9 14 (1024 1056 416 ) (1024 1056 288 ) (1536 1056 288 ) (1536 1056 416 ) 
4 9 11 (1024 1056 640 ) (1024 1056 416 ) (1536 1056 416 ) (1536 1056 640 ) 
4 10 13 (1600 1056 416 ) (1856 1056 416 ) (1856 1040 416 ) (1600 1040 416 ) 
4 11 14 (1024 1040 416 ) (1024 1056 416 ) (1536 1056 416 ) (1536 1040 416 ) 
4 11 12 (1024 1040 416 ) (1536 1040 416 ) (1536 1040 640 ) (1024 1040 640 ) 
4 12 159 (1024 1024 640 ) (1024 1024 416 ) (1248 1024 416 ) (1248 1024 640 ) 
4 12 156 (1248 1024 416 ) (1280 1024 416 ) (1280 1024 640 ) (1248 1024 640 ) 
4 12 145 (1280 1024 416 ) (1312 1024 416 ) (1312 1024 544 ) (1280 1024 544 ) 
4 12 88 (1312 1024 416 ) (1536 1024 416 ) (1536 1024 544 ) (1312 1024 544 ) 
4 12 86 (1472 1024 576 ) (1280 1024 576 ) (1280 1024 544 ) (1472 1024 544 ) 
4 12 85 (1536 1024 576 ) (1536 1024 640 ) (1280 1024 640 ) (1280 1024 576 ) 
4 12 14 (1536 1024 416 ) (1024 1024 416 ) (1024 1040 416 ) (1536 1040 416 ) 
4 13 88 (1600 1024 288 ) (1856 1024 288 ) (1856 1024 416 ) (1600 1024 416 ) 
4 14 159 (1024 1024 416 ) (1024 1024 288 ) (1248 1024 288 ) (1248 1024 416 ) 
4 14 156 (1248 1024 288 ) (1280 1024 288 ) (1280 1024 416 ) (1248 1024 416 ) 
4 14 145 (1280 1024 288 ) (1312 1024 288 ) (1312 1024 416 ) (1280 1024 416 ) 
4 14 88 (1312 1024 288 ) (1536 1024 288 ) (1536 1024 416 ) (1312 1024 416 ) 
4 14 15 (1024 1024 288 ) (1024 1056 288 ) (1248 1056 288 ) (1248 1024 288 ) 
4 15 159 (1024 1024 288 ) (1024 1024 192 ) (1248 1024 192 ) (1248 1024 288 ) 
4 16 150 (1344 1024 0 ) (1312 1024 0 ) (1312 1024 -256 ) (1344 1024 -256 ) 
4 16 17 (1312 1024 -256 ) (1312 1024 0 ) (1312 1032 0 ) (1312 1032 -256 ) 
4 17 150 (1312 1024 -512 ) (1312 1024 0 ) (1280 1024 0 ) (1280 1024 -512 ) 
4 18 40 (2920 784 90 ) (3072 784 90 ) (3072 784 544 ) (2920 784 544 ) 
4 18 31 (2920 936 90 ) (2920 940 90 ) (3072 940 90 ) (3072 936 90 ) 
4 18 32 (3072 784 90 ) (2920 784 90 ) (2920 936 90 ) (3072 936 90 ) 
4 18 29 (2920 940 90 ) (2920 1008 90 ) (3072 1008 90 ) (3072 940 90 ) 
4 18 23 (2920 1008 94 ) (2920 1008 90 ) (2920 936 90 ) (2920 936 94 ) 
4 18 25 (2920 936 90 ) (2920 784 90 ) (2920 784 94 ) (2920 936 94 ) 
4 18 20 (2920 1008 218 ) (2920 1008 186 ) (2920 968 186 ) (2920 968 218 ) 
4 18 19 (2920 1008 544 ) (2920 1008 218 ) (2920 848 218 ) (2920 848 544 ) 
4 18 21 (2920 1008 186 ) (2920 1008 94 ) (2920 848 94 ) (2920 848 186 ) 
4 18 22 (2920 848 94 ) (2920 784 94 ) (2920 784 544 ) (2920 848 544 ) 
4 19 26 (2728 1008 544 ) (2728 1008 218 ) (2728 848 218 ) (2728 848 544 ) 
4 19 20 (2728 968 218 ) (2728 1008 218 ) (2920 1008 218 ) (2920 968 218 ) 
4 19 22 (2728 848 544 ) (2728 848 218 ) (2920 848 218 ) (2920 848 544 ) 
4 20 26 (2728 1008 218 ) (2728 1008 186 ) (2728 968 186 ) (2728 968 218 ) 
4 20 21 (2728 968 186 ) (2728 1008 186 ) (2920 1008 186 ) (2920 968 186 ) 
4 21 26 (2728 1008 186 ) (2728 1008 94 ) (2728 848 94 ) (2728 848 186 ) 
4 21 23 (2860 1008 94 ) (2920 1008 94 ) (2920 936 94 ) (2860 936 94 ) 
4 21 24 (2728 936 94 ) (2728 1008 94 ) (2788 1008 94 ) (2788 936 94 ) 
4 21 25 (2728 848 94 ) (2728 936 94 ) (2920 936 94 ) (2920 848 94 ) 
4 21 22 (2728 848 186 ) (2728 848 94 ) (2920 848 94 ) (2920 848 186 ) 
4 22 44 (2920 784 94 ) (2920 784 186 ) (2728 784 186 ) (2728 784 94 ) 
4 22 41 (2920 784 186 ) (2920 784 544 ) (2728 784 544 ) (2728 784 186 ) 
4 22 26 (2728 848 94 ) (2728 784 94 ) (2728 784 544 ) (2728 848 544 ) 
4 22 25 (2728 784 94 ) (2728 848 94 ) (2920 848 94 ) (2920 784 94 ) 
4 23 31 (2920 940 90 ) (2920 936 90 ) (2860 936 90 ) (2860 940 90 ) 
4 23 29 (2860 1008 90 ) (2920 1008 90 ) (2920 940 90 ) (2860 940 90 ) 
4 23 25 (2920 936 90 ) (2920 936 94 ) (2860 936 94 ) (2860 936 90 ) 
4 24 36 (2728 936 90 ) (2728 1008 90 ) (2788 1008 90 ) (2788 936 90 ) 
4 24 26 (2728 1008 94 ) (2728 1008 90 ) (2728 936 90 ) (2728 936 94 ) 
4 24 25 (2788 936 94 ) (2728 936 94 ) (2728 936 90 ) (2788 936 90 ) 
4 25 44 (2728 784 90 ) (2920 784 90 ) (2920 784 94 ) (2728 784 94 ) 
4 25 36 (2788 784 90 ) (2728 784 90 ) (2728 936 90 ) (2788 936 90 ) 
4 25 32 (2920 784 90 ) (2788 784 90 ) (2788 936 90 ) (2920 936 90 ) 
4 25 26 (2728 936 90 ) (2728 784 90 ) (2728 784 94 ) (2728 936 94 ) 
4 26 58 (2520 784 90 ) (2728 784 90 ) (2728 784 544 ) (2520 784 544 ) 
4 26 36 (2728 784 90 ) (2520 784 90 ) (2520 1008 90 ) (2728 1008 90 ) 
4 26 27 (2520 1008 544 ) (2520 1008 90 ) (2520 856 90 ) (2520 856 544 ) 
4 27 63 (2320 784 90 ) (2320 784 160 ) (2320 832 160 ) (2320 832 90 ) 
4 27 59 (2320 784 544 ) (2320 784 90 ) (2475 784 90 ) (2475 784 544 ) 
5 27 37 (2475 784 90 ) (2320 784 90 ) (2320 1008 90 ) (2520 1008 90 ) (2520 856 90 ) 
4 27 28 (2475 784 544 ) (2475 784 90 ) (2500 824 90 ) (2500 824 544 ) 
4 28 59 (2475 784 90 ) (2488 784 90 ) (2488 784 544 ) (2475 784 544 ) 
3 28 38 (2488 784 90 ) (2475 784 90 ) (2500 824 90 ) 
4 29 33 (2860 1008 -18 ) (3072 1008 -18 ) (3072 940 -18 ) (2860 940 -18 ) 
4 29 31 (2860 940 -18 ) (3072 940 -18 ) (3072 940 90 ) (2860 940 90 ) 
4 31 33 (2860 940 -18 ) (3072 940 -18 ) (3072 936 -18 ) (2860 936 -18 ) 
4 31 32 (2860 936 -18 ) (3072 936 -18 ) (3072 936 90 ) (2860 936 90 ) 
4 32 48 (3072 784 -18 ) (3072 784 90 ) (2788 784 90 ) (2788 784 -18 ) 
4 32 36 (2788 784 -18 ) (2788 784 90 ) (2788 936 90 ) (2788 936 -18 ) 
4 32 34 (3072 784 -18 ) (2788 784 -18 ) (2788 936 -18 ) (3072 936 -18 ) 
4 33 35 (2860 1008 -22 ) (3072 1008 -22 ) (3072 936 -22 ) (2860 936 -22 ) 
4 33 34 (2860 936 -22 ) (3072 936 -22 ) (3072 936 -18 ) (2860 936 -18 ) 
4 34 54 (3072 784 -22 ) (3072 784 -18 ) (2788 784 -18 ) (2788 784 -22 ) 
4 34 36 (2788 784 -22 ) (2788 784 -18 ) (2788 936 -18 ) (2788 936 -22 ) 
4 34 35 (3072 784 -22 ) (2788 784 -22 ) (2788 936 -22 ) (3072 936 -22 ) 
4 35 57 (3072 784 -224 ) (3072 784 -22 ) (2788 784 -22 ) (2788 784 -224 ) 
4 35 39 (2788 784 -224 ) (2788 784 -36 ) (2788 1008 -36 ) (2788 1008 -224 ) 
4 35 36 (2788 784 -36 ) (2788 784 -22 ) (2788 1008 -22 ) (2788 1008 -36 ) 
4 36 58 (2520 784 -36 ) (2728 784 -36 ) (2728 784 90 ) (2520 784 90 ) 
4 36 57 (2728 784 -36 ) (2788 784 -36 ) (2788 784 -22 ) (2728 784 -22 ) 
4 36 54 (2788 784 -22 ) (2788 784 -18 ) (2728 784 -18 ) (2728 784 -22 ) 
4 36 48 (2788 784 -18 ) (2788 784 90 ) (2728 784 90 ) (2728 784 -18 ) 
4 36 39 (2520 1008 -36 ) (2788 1008 -36 ) (2788 784 -36 ) (2520 784 -36 ) 
4 36 37 (2520 1008 -36 ) (2520 856 -36 ) (2520 856 90 ) (2520 1008 90 ) 
4 37 63 (2320 784 32 ) (2320 784 90 ) (2320 832 90 ) (2320 832 32 ) 
4 37 59 (2320 784 90 ) (2320 784 -36 ) (2475 784 -36 ) (2475 784 90 ) 
5 37 39 (2320 1008 -36 ) (2520 1008 -36 ) (2520 856 -36 ) (2475 784 -36 ) (2320 784 -36 ) 
4 37 38 (2475 784 -36 ) (2500 824 -36 ) (2500 824 90 ) (2475 784 90 ) 
4 38 59 (2475 784 -36 ) (2488 784 -36 ) (2488 784 90 ) (2475 784 90 ) 
3 38 39 (2488 784 -36 ) (2475 784 -36 ) (2500 824 -36 ) 
4 39 59 (2320 784 -36 ) (2320 784 -224 ) (2520 784 -224 ) (2520 784 -36 ) 
4 39 58 (2520 784 -224 ) (2728 784 -224 ) (2728 784 -36 ) (2520 784 -36 ) 
4 39 57 (2728 784 -224 ) (2788 784 -224 ) (2788 784 -36 ) (2728 784 -36 ) 
4 40 51 (3072 464 90 ) (2920 464 90 ) (2920 532 90 ) (3072 532 90 ) 
4 40 49 (2920 532 90 ) (2920 536 90 ) (3072 536 90 ) (3072 532 90 ) 
4 40 48 (2920 536 90 ) (2920 784 90 ) (3072 784 90 ) (3072 536 90 ) 
4 40 45 (2920 536 90 ) (2920 464 90 ) (2920 464 186 ) (2920 536 186 ) 
4 40 44 (2920 784 186 ) (2920 784 90 ) (2920 536 90 ) (2920 536 186 ) 
4 40 43 (2920 504 186 ) (2920 464 186 ) (2920 464 218 ) (2920 504 218 ) 
4 40 42 (2920 464 218 ) (2920 464 544 ) (2920 624 544 ) (2920 624 218 ) 
4 40 41 (2920 784 544 ) (2920 784 186 ) (2920 624 186 ) (2920 624 544 ) 
4 41 58 (2728 784 544 ) (2728 784 186 ) (2728 624 186 ) (2728 624 544 ) 
4 41 44 (2728 624 186 ) (2728 784 186 ) (2920 784 186 ) (2920 624 186 ) 
4 41 42 (2728 624 544 ) (2728 624 218 ) (2920 624 218 ) (2920 624 544 ) 
4 42 58 (2728 464 218 ) (2728 464 544 ) (2728 624 544 ) (2728 624 218 ) 
4 42 43 (2728 464 218 ) (2728 504 218 ) (2920 504 218 ) (2920 464 218 ) 
4 43 58 (2728 504 186 ) (2728 464 186 ) (2728 464 218 ) (2728 504 218 ) 
4 43 46 (2788 504 186 ) (2860 504 186 ) (2860 464 186 ) (2788 464 186 ) 
4 43 47 (2728 464 186 ) (2728 504 186 ) (2788 504 186 ) (2788 464 186 ) 
4 43 45 (2860 504 186 ) (2920 504 186 ) (2920 464 186 ) (2860 464 186 ) 
4 44 58 (2728 784 186 ) (2728 784 90 ) (2728 536 90 ) (2728 536 186 ) 
4 44 48 (2728 536 90 ) (2728 784 90 ) (2920 784 90 ) (2920 536 90 ) 
4 44 46 (2860 536 94 ) (2860 536 186 ) (2788 536 186 ) (2788 536 94 ) 
4 44 47 (2728 536 90 ) (2788 536 90 ) (2788 536 186 ) (2728 536 186 ) 
4 44 45 (2860 536 90 ) (2920 536 90 ) (2920 536 186 ) (2860 536 186 ) 
4 45 51 (2920 464 90 ) (2860 464 90 ) (2860 532 90 ) (2920 532 90 ) 
4 45 49 (2860 532 90 ) (2860 536 90 ) (2920 536 90 ) (2920 532 90 ) 
4 45 46 (2860 536 186 ) (2860 536 94 ) (2860 464 94 ) (2860 464 186 ) 
4 46 47 (2788 536 186 ) (2788 536 94 ) (2788 464 94 ) (2788 464 186 ) 
4 47 58 (2728 536 90 ) (2728 464 90 ) (2728 464 186 ) (2728 536 186 ) 
4 47 53 (2788 464 90 ) (2728 464 90 ) (2728 532 90 ) (2788 532 90 ) 
4 47 50 (2728 532 90 ) (2728 536 90 ) (2788 536 90 ) (2788 532 90 ) 
4 48 58 (2728 784 90 ) (2728 784 -18 ) (2728 536 -18 ) (2728 536 90 ) 
4 48 54 (2728 536 -18 ) (2728 784 -18 ) (3072 784 -18 ) (3072 536 -18 ) 
4 48 50 (2728 536 -18 ) (2788 536 -18 ) (2788 536 90 ) (2728 536 90 ) 
4 48 49 (2860 536 -18 ) (3072 536 -18 ) (3072 536 90 ) (2860 536 90 ) 
4 49 55 (2860 536 -18 ) (3072 536 -18 ) (3072 532 -18 ) (2860 532 -18 ) 
4 49 51 (2860 532 -18 ) (3072 532 -18 ) (3072 532 90 ) (2860 532 90 ) 
4 50 58 (2728 536 -18 ) (2728 532 -18 ) (2728 532 90 ) (2728 536 90 ) 
4 50 56 (2728 532 -18 ) (2728 536 -18 ) (2788 536 -18 ) (2788 532 -18 ) 
4 50 53 (2728 532 -18 ) (2788 532 -18 ) (2788 532 90 ) (2728 532 90 ) 
4 51 55 (3072 464 -18 ) (2860 464 -18 ) (2860 532 -18 ) (3072 532 -18 ) 
4 53 58 (2728 532 -18 ) (2728 464 -18 ) (2728 464 90 ) (2728 532 90 ) 
4 53 56 (2788 464 -18 ) (2728 464 -18 ) (2728 532 -18 ) (2788 532 -18 ) 
4 54 58 (2728 784 -18 ) (2728 784 -22 ) (2728 536 -22 ) (2728 536 -18 ) 
4 54 57 (2728 536 -22 ) (2728 784 -22 ) (3072 784 -22 ) (3072 536 -22 ) 
4 54 56 (2728 536 -22 ) (2788 536 -22 ) (2788 536 -18 ) (2728 536 -18 ) 
4 54 55 (2860 536 -22 ) (3072 536 -22 ) (3072 536 -18 ) (2860 536 -18 ) 
4 55 57 (3072 464 -22 ) (2860 464 -22 ) (2860 536 -22 ) (3072 536 -22 ) 
4 56 58 (2728 536 -22 ) (2728 464 -22 ) (2728 464 -18 ) (2728 536 -18 ) 
4 56 57 (2788 464 -22 ) (2728 464 -22 ) (2728 536 -22 ) (2788 536 -22 ) 
4 57 58 (2728 784 -22 ) (2728 784 -224 ) (2728 464 -224 ) (2728 464 -22 ) 
4 58 60 (2520 464 -36 ) (2520 464 544 ) (2520 616 544 ) (2520 616 -36 ) 
4 58 62 (2520 688 -224 ) (2520 464 -224 ) (2520 464 -36 ) (2520 688 -36 ) 
4 58 59 (2520 784 544 ) (2520 784 -224 ) (2520 688 -224 ) (2520 688 544 ) 
4 59 63 (2320 784 160 ) (2320 784 32 ) (2320 688 32 ) (2320 688 160 ) 
4 59 61 (2475 688 -36 ) (2488 688 -36 ) (2488 688 544 ) (2475 688 544 ) 
4 59 60 (2320 688 544 ) (2320 688 -36 ) (2475 688 -36 ) (2475 688 544 ) 
4 59 62 (2320 688 -36 ) (2320 688 -224 ) (2520 688 -224 ) (2520 688 -36 ) 
4 60 63 (2320 688 160 ) (2320 688 32 ) (2320 640 32 ) (2320 640 160 ) 
4 60 61 (2500 648 -36 ) (2475 688 -36 ) (2475 688 544 ) (2500 648 544 ) 
5 60 62 (2320 688 -36 ) (2475 688 -36 ) (2520 616 -36 ) (2520 464 -36 ) (2320 464 -36 ) 
3 61 62 (2475 688 -36 ) (2488 688 -36 ) (2500 648 -36 ) 
4 63 67 (2304 832 160 ) (2304 832 32 ) (2304 640 32 ) (2304 640 160 ) 
4 64 65 (2208 800 224 ) (2272 800 224 ) (2272 672 224 ) (2208 672 224 ) 
4 65 66 (2304 640 222 ) (2208 640 222 ) (2208 832 222 ) (2304 832 222 ) 
4 66 67 (2304 640 160 ) (2208 640 160 ) (2208 832 160 ) (2304 832 160 ) 
4 67 68 (2176 672 160 ) (2176 800 160 ) (2176 800 32 ) (2176 672 32 ) 
4 68 71 (2144 800 32 ) (2144 672 32 ) (2144 672 160 ) (2144 800 160 ) 
4 69 74 (2144 448 -384 ) (2144 320 -384 ) (2144 320 -128 ) (2144 448 -128 ) 
4 70 78 (2112 832 160 ) (2112 864 160 ) (2112 864 128 ) (2112 832 128 ) 
4 70 73 (2116 832 160 ) (2112 832 160 ) (2112 832 128 ) (2116 832 128 ) 
4 71 72 (2127 832 160 ) (2127 832 32 ) (2127 640 32 ) (2127 640 160 ) 
4 72 73 (2126 832 160 ) (2126 832 32 ) (2126 640 32 ) (2126 640 160 ) 
4 73 79 (2112 640 160 ) (2112 642 160 ) (2112 642 32 ) (2112 640 32 ) 
4 73 78 (2112 642 160 ) (2112 832 160 ) (2112 832 32 ) (2112 642 32 ) 
4 74 80 (2112 320 -384 ) (2112 320 -128 ) (2112 448 -128 ) (2112 448 -384 ) 
4 75 77 (2080 640 288 ) (2080 642 288 ) (2112 642 288 ) (2112 640 288 ) 
4 75 76 (2080 642 288 ) (2080 1024 288 ) (2112 1024 288 ) (2112 642 288 ) 
4 76 81 (2080 642 288 ) (2080 1024 288 ) (2080 1024 286 ) (2080 642 286 ) 
4 76 78 (2080 642 286 ) (2080 1024 286 ) (2112 1024 286 ) (2112 642 286 ) 
4 76 77 (2080 642 286 ) (2112 642 286 ) (2112 642 288 ) (2080 642 288 ) 
4 77 81 (2080 640 288 ) (2080 642 288 ) (2080 642 286 ) (2080 640 286 ) 
4 77 79 (2112 632 286 ) (2080 632 286 ) (2080 642 286 ) (2112 642 286 ) 
4 78 81 (2080 1024 286 ) (2080 1024 32 ) (2080 642 32 ) (2080 642 286 ) 
4 78 79 (2080 642 32 ) (2112 642 32 ) (2112 642 286 ) (2080 642 286 ) 
4 79 81 (2080 642 32 ) (2080 640 32 ) (2080 640 286 ) (2080 642 286 ) 
4 80 82 (2080 320 -128 ) (2080 448 -128 ) (2080 448 -384 ) (2080 320 -384 ) 
4 81 88 (2048 1024 288 ) (2048 1024 32 ) (2048 640 32 ) (2048 640 288 ) 
4 82 84 (2072 320 -128 ) (2072 448 -128 ) (2072 448 -384 ) (2072 320 -384 ) 
4 83 152 (2048 608 -384 ) (2048 512 -384 ) (2048 512 -128 ) (2048 608 -128 ) 
4 83 151 (2048 832 -384 ) (2048 608 -384 ) (2048 608 -128 ) (2048 832 -128 ) 
4 83 147 (2048 1024 -128 ) (2048 1024 -384 ) (2048 832 -384 ) (2048 832 -128 ) 
4 84 155 (2048 416 -384 ) (2048 320 -384 ) (2048 320 -128 ) (2048 416 -128 ) 
4 84 152 (2048 448 -384 ) (2048 416 -384 ) (2048 416 -128 ) (2048 448 -128 ) 
4 85 157 (1280 896 576 ) (1280 864 576 ) (1280 864 640 ) (1280 896 640 ) 
4 85 156 (1280 1024 640 ) (1280 1024 576 ) (1280 896 576 ) (1280 896 640 ) 
4 85 87 (1280 896 576 ) (1280 960 576 ) (1440 960 576 ) (1440 896 576 ) 
4 85 86 (1280 960 576 ) (1280 1024 576 ) (1472 1024 576 ) (1472 960 576 ) 
4 86 156 (1280 1024 576 ) (1280 1024 544 ) (1280 960 544 ) (1280 960 576 ) 
4 86 145 (1280 960 544 ) (1280 1024 544 ) (1312 1024 544 ) (1312 960 544 ) 
4 86 88 (1312 1024 544 ) (1472 1024 544 ) (1472 960 544 ) (1312 960 544 ) 
4 86 87 (1280 960 544 ) (1440 960 544 ) (1440 960 576 ) (1280 960 576 ) 
4 87 156 (1280 960 544 ) (1280 896 544 ) (1280 896 576 ) (1280 960 576 ) 
4 87 145 (1280 896 544 ) (1280 960 544 ) (1312 960 544 ) (1312 896 544 ) 
4 87 88 (1312 960 544 ) (1440 960 544 ) (1440 896 544 ) (1312 896 544 ) 
4 88 164 (2048 256 160 ) (2048 256 544 ) (1536 256 544 ) (1536 256 160 ) 
4 88 145 (1312 256 32 ) (1312 256 544 ) (1312 1024 544 ) (1312 1024 32 ) 
4 88 144 (1536 384 32 ) (1536 386 32 ) (1792 386 32 ) (1792 384 32 ) 
4 88 139 (1609.004761 456.990906 32 ) (1638.692871 386 32 ) (1538 386 32 ) (1538 486.685089 32 ) 
4 88 136 (1538 512 32 ) (1586 512 32 ) (1609.004761 456.990906 32 ) (1538 486.685089 32 ) 
4 88 132 (1741.995850 512 32 ) (1790 512 32 ) (1790 386 32 ) (1689.308716 386 32 ) 
4 88 128 (1702.622681 417.839966 32 ) (1689.308716 386 32 ) (1638.692871 386 32 ) (1609.004761 456.990906 32 ) 
3 88 125 (1718.996460 456.997498 32 ) (1702.622681 417.839966 32 ) (1663.991577 433.995453 32 ) 
5 88 124 (1586 512 32 ) (1741.995850 512 32 ) (1718.996460 456.997498 32 ) (1663.991577 433.995453 32 ) (1609.004761 456.990906 32 ) 
4 88 143 (1536 386 32 ) (1536 512 32 ) (1538 512 32 ) (1538 386 32 ) 
4 88 123 (1790 512 32 ) (1792 512 32 ) (1792 386 32 ) (1790 386 32 ) 
4 88 119 (1538 768 32 ) (1538 512 32 ) (1536 512 32 ) (1536 768 32 ) 
4 88 114 (1790 766 32 ) (1790 537.304321 32 ) (1719.001099 566.997437 32 ) (1635.781860 766 32 ) 
4 88 111 (1790 537.304321 32 ) (1790 512 32 ) (1742 512 32 ) (1719.001099 566.997437 32 ) 
5 88 106 (1538 537.308716 32 ) (1538 766 32 ) (1635.781860 766 32 ) (1664 698.521790 32 ) (1609 567.001160 32 ) 
4 88 103 (1586 512 32 ) (1538 512 32 ) (1538 537.308716 32 ) (1609 567.001160 32 ) 
4 88 98 (1625.373535 606.154114 32 ) (1664 698.521790 32 ) (1702.625977 606.155457 32 ) (1663.997437 590 32 ) 
3 88 95 (1702.625977 606.155457 32 ) (1719.001099 566.997437 32 ) (1663.997437 590 32 ) 
3 88 92 (1609 567.001221 32 ) (1625.373535 606.154114 32 ) (1663.997437 590 32 ) 
5 88 91 (1742 512 32 ) (1586 512 32 ) (1609 567.001221 32 ) (1663.997437 590 32 ) (1719.001099 566.997437 32 ) 
4 88 90 (1790 768 32 ) (1790 766 32 ) (1538 766 32 ) (1538 768 32 ) 
4 88 89 (1792 768 32 ) (1792 512 32 ) (1790 512 32 ) (1790 768 32 ) 
4 89 152 (1792 608 0 ) (1792 512 0 ) (1790 512 0 ) (1790 608 0 ) 
4 89 151 (1792 768 0 ) (1792 608 0 ) (1790 608 0 ) (1790 768 0 ) 
4 89 123 (1792 512 32 ) (1790 512 32 ) (1790 512 0 ) (1792 512 0 ) 
4 89 117 (1790 537.304321 27 ) (1790 537.304321 29 ) (1790 640 29 ) (1790 640 27 ) 
4 89 115 (1790 640 29 ) (1790 766 29 ) (1790 766 27 ) (1790 640 27 ) 
4 89 114 (1790 537.304321 29 ) (1790 537.304321 32 ) (1790 766 32 ) (1790 766 29 ) 
4 89 118 (1790 766 0 ) (1790 537.304321 0 ) (1790 537.304321 27 ) (1790 766 27 ) 
4 89 112 (1790 512 27 ) (1790 512 29 ) (1790 537.304321 29 ) (1790 537.304321 27 ) 
4 89 111 (1790 512 29 ) (1790 512 32 ) (1790 537.304321 32 ) (1790 537.304321 29 ) 
4 89 113 (1790 537.304321 0 ) (1790 512 0 ) (1790 512 27 ) (1790 537.304321 27 ) 
4 89 90 (1790 768 0 ) (1790 766 0 ) (1790 766 32 ) (1790 768 32 ) 
4 90 151 (1790 768 0 ) (1790 766 0 ) (1538 766 0 ) (1538 768 0 ) 
4 90 119 (1538 768 0 ) (1538 766 0 ) (1538 766 32 ) (1538 768 32 ) 
4 90 115 (1790 766 27 ) (1790 766 29 ) (1635.781860 766 29 ) (1635.781860 766 27 ) 
4 90 114 (1790 766 29 ) (1790 766 32 ) (1635.781860 766 32 ) (1635.781860 766 29 ) 
4 90 118 (1635.781860 766 0 ) (1790 766 0 ) (1790 766 27 ) (1635.781860 766 27 ) 
4 90 107 (1538 766 29 ) (1538 766 27 ) (1635.781860 766 27 ) (1635.781860 766 29 ) 
4 90 106 (1538 766 32 ) (1538 766 29 ) (1635.781860 766 29 ) (1635.781860 766 32 ) 
4 90 110 (1538 766 27 ) (1538 766 0 ) (1635.781860 766 0 ) (1635.781860 766 27 ) 
5 91 153 (1742 512 0 ) (1586 512 0 ) (1609 567.001221 0 ) (1663.997437 590 0 ) (1719.001099 566.997437 0 ) 
4 91 124 (1742 512 32 ) (1586 512 32 ) (1586 512 0 ) (1742 512 0 ) 
4 91 112 (1742 512 29 ) (1742 512 27 ) (1719 566.997559 27 ) (1719 566.997559 29 ) 
4 91 111 (1742 512 32 ) (1742 512 29 ) (1719 566.997559 29 ) (1719 566.997559 32 ) 
4 91 113 (1742 512 27 ) (1742 512 0 ) (1719 566.997559 0 ) (1719 566.997559 27 ) 
4 91 104 (1586 512 27 ) (1586 512 29 ) (1609 567 29 ) (1609 567 27 ) 
4 91 103 (1586 512 29 ) (1586 512 32 ) (1609 567 32 ) (1609 567 29 ) 
4 91 105 (1609 567 0 ) (1586 512 0 ) (1586 512 27 ) (1609 567 27 ) 
4 91 96 (1719 566.998230 29 ) (1719 566.998230 27 ) (1663.998169 590.001282 27 ) (1663.998169 590.001282 29 ) 
4 91 95 (1719 566.998230 32 ) (1719 566.998230 29 ) (1663.998169 590.001282 29 ) (1663.998169 590.001282 32 ) 
4 91 97 (1719 566.998230 27 ) (1719 566.998230 0 ) (1663.998169 590.001282 0 ) (1663.998169 590.001282 27 ) 
4 91 93 (1663.998047 590 29 ) (1663.998047 590 27 ) (1609.002197 567.001526 27 ) (1609.002197 567.001526 29 ) 
4 91 92 (1663.998047 590 32 ) (1663.998047 590 29 ) (1609.002197 567.001526 29 ) (1609.002197 567.001526 32 ) 
4 91 94 (1663.998047 590 27 ) (1663.998047 590 0 ) (1609.002197 567.001526 0 ) (1609.002197 567.001526 27 ) 
4 92 106 (1609 567 29 ) (1609 567 32 ) (1625.373047 606.154358 32 ) (1625.373047 606.154358 29 ) 
4 92 98 (1625.375000 606.154297 29 ) (1625.375000 606.154297 32 ) (1663.998169 590.001282 32 ) (1663.998169 590.001282 29 ) 
3 92 93 (1664 590 29 ) (1609 566.998718 29 ) (1625.375000 606.154297 29 ) 
4 93 109 (1609 567 27 ) (1609 567 29 ) (1625.373047 606.154358 29 ) (1625.373047 606.154358 27 ) 
4 93 101 (1625.375000 606.154297 27 ) (1625.375000 606.154297 29 ) (1663.998169 590.001282 29 ) (1663.998169 590.001282 27 ) 
3 93 94 (1664 590 27 ) (1609 566.998718 27 ) (1625.375000 606.154297 27 ) 
3 94 153 (1609 567.001221 0 ) (1625.373535 606.154114 0 ) (1663.997437 590 0 ) 
4 94 110 (1625.373047 606.154358 0 ) (1609 567 0 ) (1609 567 27 ) (1625.373047 606.154358 27 ) 
4 94 102 (1663.998169 590.001282 0 ) (1625.375000 606.154297 0 ) (1625.375000 606.154297 27 ) (1663.998169 590.001282 27 ) 
4 95 114 (1702.625610 606.155273 29 ) (1702.625610 606.155273 32 ) (1719 566.997559 32 ) (1719 566.997559 29 ) 
4 95 98 (1702.625610 606.154724 32 ) (1702.625610 606.154724 29 ) (1663.998047 590 29 ) (1663.998047 590 32 ) 
3 95 96 (1719 566.998047 29 ) (1664 590 29 ) (1702.626587 606.153687 29 ) 
4 96 116 (1702.625610 606.155273 27 ) (1702.625610 606.155273 29 ) (1719 566.997559 29 ) (1719 566.997559 27 ) 
4 96 100 (1702.625610 606.154724 29 ) (1702.625610 606.154724 27 ) (1663.998047 590 27 ) (1663.998047 590 29 ) 
3 96 97 (1719 566.998047 27 ) (1664 590 27 ) (1702.626587 606.153687 27 ) 
3 97 153 (1702.625977 606.155457 0 ) (1719.001099 566.997437 0 ) (1663.997437 590 0 ) 
4 97 118 (1719 566.997559 0 ) (1702.625610 606.155273 0 ) (1702.625610 606.155273 27 ) (1719 566.997559 27 ) 
4 97 102 (1702.625610 606.154724 27 ) (1702.625610 606.154724 0 ) (1663.998047 590 0 ) (1663.998047 590 27 ) 
4 98 114 (1664 698.521240 29 ) (1664 698.521240 32 ) (1702.625610 606.155273 32 ) (1702.625610 606.155273 29 ) 
4 98 106 (1664 698.525391 32 ) (1664 698.525391 29 ) (1625.373047 606.154358 29 ) (1625.373047 606.154358 32 ) 
4 98 101 (1664 590 29 ) (1625.373535 606.154297 29 ) (1639.527222 640 29 ) (1664 640 29 ) 
4 98 100 (1702.625000 606.154297 29 ) (1664 590 29 ) (1664 640 29 ) (1688.471802 640 29 ) 
3 98 99 (1639.527222 640 29 ) (1664 698.521729 29 ) (1688.471802 640 29 ) 
4 99 115 (1664 698.521240 27 ) (1664 698.521240 29 ) (1688.472290 640 29 ) (1688.472290 640 27 ) 
4 99 107 (1664 698.525391 29 ) (1664 698.525391 27 ) (1639.526733 640 27 ) (1639.526733 640 29 ) 
4 99 101 (1639.527222 640 27 ) (1664 640 27 ) (1664 640 29 ) (1639.527222 640 29 ) 
4 99 100 (1664 640 27 ) (1688.472778 640 27 ) (1688.472656 640 29 ) (1664 640 29 ) 
3 99 102 (1639.527222 640 27 ) (1664 698.521729 27 ) (1688.471802 640 27 ) 
4 100 116 (1688.472290 640 29 ) (1702.625610 606.155273 29 ) (1702.625610 606.155273 27 ) (1688.472290 640 27 ) 
4 100 102 (1702.625000 606.154297 27 ) (1664 590 27 ) (1664 640 27 ) (1688.471802 640 27 ) 
4 100 101 (1664 640 29 ) (1664 640 27 ) (1664 590.002014 27 ) (1664 590.007813 29 ) 
4 101 109 (1639.526733 640 27 ) (1625.373047 606.154358 27 ) (1625.373047 606.154358 29 ) (1639.526733 640 29 ) 
4 101 102 (1664 590 27 ) (1625.373535 606.154297 27 ) (1639.527222 640 27 ) (1664 640 27 ) 
5 102 153 (1625.373535 606.154114 0 ) (1626.145508 608 0 ) (1701.854614 608 0 ) (1702.625977 606.155457 0 ) (1663.997437 590 0 ) 
3 102 151 (1626.145508 608 0 ) (1664 698.521790 0 ) (1701.854614 608 0 ) 
4 102 118 (1702.625610 606.155273 0 ) (1664 698.521240 0 ) (1664 698.521240 27 ) (1702.625610 606.155273 27 ) 
4 102 110 (1664 698.525391 27 ) (1664 698.525391 0 ) (1625.373047 606.154358 0 ) (1625.373047 606.154358 27 ) 
4 103 136 (1586 512 32 ) (1538 512 32 ) (1538 512 29 ) (1586 512 29 ) 
4 103 119 (1538 512 29 ) (1538 512 32 ) (1538 537.308716 32 ) (1538 537.308716 29 ) 
4 103 106 (1609.003906 567.001953 32 ) (1609.003906 567.001953 29 ) (1538 537.308350 29 ) (1538 537.308350 32 ) 
4 103 104 (1538 537.306641 29 ) (1609 566.998047 29 ) (1586 512 29 ) (1538 512 29 ) 
4 104 137 (1538 512 29 ) (1538 512 27 ) (1586 512 27 ) (1586 512 29 ) 
4 104 119 (1538 512 27 ) (1538 512 29 ) (1538 537.308716 29 ) (1538 537.308716 27 ) 
4 104 108 (1609.003906 567.001953 29 ) (1609.003906 567.001953 27 ) (1538 537.308350 27 ) (1538 537.308350 29 ) 
4 104 105 (1538 537.306641 27 ) (1609 566.998047 27 ) (1586 512 27 ) (1538 512 27 ) 
4 105 154 (1568 512 0 ) (1538 512 0 ) (1538 537.308716 0 ) (1568 549.854736 0 ) 
4 105 153 (1586 512 0 ) (1568 512 0 ) (1568 549.854736 0 ) (1609 567.001160 0 ) 
4 105 138 (1538 512 27 ) (1538 512 0 ) (1586 512 0 ) (1586 512 27 ) 
4 105 119 (1538 537.308716 0 ) (1538 512 0 ) (1538 512 27 ) (1538 537.308716 27 ) 
4 105 110 (1609.003906 567.001953 27 ) (1609.003906 567.001953 0 ) (1538 537.308350 0 ) (1538 537.308350 27 ) 
4 106 119 (1538 537.308716 29 ) (1538 537.308716 32 ) (1538 766 32 ) (1538 766 29 ) 
4 106 114 (1635.781250 766 29 ) (1635.781250 766 32 ) (1664 698.521240 32 ) (1664 698.521240 29 ) 
3 106 109 (1538 640 29 ) (1639.527222 640 29 ) (1609 567 29 ) 
4 106 108 (1609 566.998047 29 ) (1538 537.305786 29 ) (1538 640 29 ) (1609 567 29 ) 
5 106 107 (1538 640 29 ) (1538 766 29 ) (1635.783203 766 29 ) (1664 698.523438 29 ) (1639.527222 640 29 ) 
4 107 119 (1538 640 29 ) (1538 766 29 ) (1538 766 27 ) (1538 640 27 ) 
4 107 115 (1635.781250 766 27 ) (1635.781250 766 29 ) (1664 698.521240 29 ) (1664 698.521240 27 ) 
4 107 109 (1538 640 27 ) (1639.531250 640 27 ) (1639.527222 640 29 ) (1538 640 29 ) 
5 107 110 (1538 640 27 ) (1538 766 27 ) (1635.783203 766 27 ) (1664 698.523438 27 ) (1639.527222 640 27 ) 
4 108 119 (1538 537.308716 27 ) (1538 537.308716 29 ) (1538 640 29 ) (1538 640 27 ) 
4 108 110 (1609 566.998047 27 ) (1538 537.305786 27 ) (1538 640 27 ) (1609 567 27 ) 
4 108 109 (1608.996094 567 27 ) (1538 639.997986 27 ) (1538 639.997986 29 ) (1608.998657 567 29 ) 
3 109 110 (1538 640 27 ) (1639.527222 640 27 ) (1609 567 27 ) 
4 110 154 (1538 537.308716 0 ) (1538 608 0 ) (1568 608 0 ) (1568 549.854736 0 ) 
4 110 153 (1568 608 0 ) (1626.145508 608 0 ) (1609 567.001160 0 ) (1568 549.854736 0 ) 
5 110 151 (1538 608 0 ) (1538 766 0 ) (1635.781860 766 0 ) (1664 698.521790 0 ) (1626.145508 608 0 ) 
4 110 119 (1538 766 0 ) (1538 537.308716 0 ) (1538 537.308716 27 ) (1538 766 27 ) 
4 110 118 (1664 698.521240 0 ) (1635.781250 766 0 ) (1635.781250 766 27 ) (1664 698.521240 27 ) 
4 111 132 (1790 512 32 ) (1742 512 32 ) (1742 512 29 ) (1790 512 29 ) 
4 111 114 (1790 537.304626 32 ) (1790 537.304626 29 ) (1719.001953 566.997070 29 ) (1719.001953 566.997070 32 ) 
4 111 112 (1741.998047 512 29 ) (1719 566.996094 29 ) (1790 537.302551 29 ) (1790 512 29 ) 
4 112 133 (1742 512 29 ) (1742 512 27 ) (1790 512 27 ) (1790 512 29 ) 
4 112 117 (1790 537.304626 29 ) (1790 537.304626 27 ) (1719.001953 566.997070 27 ) (1719.001953 566.997070 29 ) 
4 112 113 (1741.998047 512 27 ) (1719 566.996094 27 ) (1790 537.302551 27 ) (1790 512 27 ) 
4 113 153 (1760 512 0 ) (1742 512 0 ) (1719.001099 566.997437 0 ) (1760 549.850891 0 ) 
4 113 152 (1790 537.304321 0 ) (1790 512 0 ) (1760 512 0 ) (1760 549.850891 0 ) 
4 113 135 (1742 512 27 ) (1742 512 0 ) (1790 512 0 ) (1790 512 27 ) 
4 113 118 (1790 537.304626 27 ) (1790 537.304626 0 ) (1719.001953 566.997070 0 ) (1719.001953 566.997070 27 ) 
4 114 117 (1790 537.300781 29 ) (1719.003906 566.994141 29 ) (1719.001587 567 29 ) (1790 639.997925 29 ) 
4 114 116 (1719.001587 567 29 ) (1688.474243 640 29 ) (1790 640 29 ) (1790 639.997925 29 ) 
4 114 115 (1688.474243 640 29 ) (1635.783325 766 29 ) (1790 766 29 ) (1790 640 29 ) 
4 115 116 (1688.472778 640 27 ) (1790 640 27 ) (1790 640 29 ) (1688.468750 640 29 ) 
4 115 118 (1688.474243 640 27 ) (1635.783325 766 27 ) (1790 766 27 ) (1790 640 27 ) 
4 116 118 (1719.001587 567 27 ) (1688.474243 640 27 ) (1790 640 27 ) (1790 639.997925 27 ) 
4 116 117 (1719 567 27 ) (1790 640 27 ) (1790 640 29 ) (1719 567 29 ) 
4 117 118 (1790 537.300781 27 ) (1719.003906 566.994141 27 ) (1719.001587 567 27 ) (1790 639.997925 27 ) 
4 118 153 (1760 549.850891 0 ) (1719.001099 566.997437 0 ) (1701.854614 608 0 ) (1760 608 0 ) 
4 118 152 (1790 608 0 ) (1790 537.304321 0 ) (1760 549.850891 0 ) (1760 608 0 ) 
4 118 151 (1790 766 0 ) (1790 608 0 ) (1701.854614 608 0 ) (1635.781860 766 0 ) 
4 119 154 (1538 608 0 ) (1538 512 0 ) (1536 512 0 ) (1536 608 0 ) 
4 119 151 (1538 768 0 ) (1538 608 0 ) (1536 608 0 ) (1536 768 0 ) 
4 119 143 (1538 512 32 ) (1536 512 32 ) (1536 512 0 ) (1538 512 0 ) 
4 120 151 (1312 768 0 ) (1312 832 0 ) (1344 832 0 ) (1344 768 0 ) 
4 120 150 (1312 832 0 ) (1312 1024 0 ) (1344 1024 0 ) (1344 832 0 ) 
4 120 146 (1312 1024 0 ) (1312 768 0 ) (1312 768 8 ) (1312 1024 8 ) 
4 121 155 (2048 256 0 ) (2016 256 0 ) (2016 416 0 ) (2048 416 0 ) 
4 121 152 (2016 416 0 ) (2016 512 0 ) (2048 512 0 ) (2048 416 0 ) 
4 121 122 (2016 384 0 ) (2016 256 0 ) (2016 256 8 ) (2016 384 8 ) 
4 122 155 (2016 256 0 ) (1984 256 0 ) (1984 384 0 ) (2016 384 0 ) 
4 123 155 (1792 416 0 ) (1792 386 0 ) (1790 386 0 ) (1790 416 0 ) 
4 123 152 (1790 512 0 ) (1792 512 0 ) (1792 416 0 ) (1790 416 0 ) 
4 123 144 (1790 386 0 ) (1792 386 0 ) (1792 386 32 ) (1790 386 32 ) 
4 123 133 (1790 512 29 ) (1790 512 27 ) (1790 386 27 ) (1790 386 29 ) 
4 123 132 (1790 512 32 ) (1790 512 29 ) (1790 386 29 ) (1790 386 32 ) 
4 123 135 (1790 512 27 ) (1790 512 0 ) (1790 386 0 ) (1790 386 27 ) 
5 124 153 (1586 512 0 ) (1742.022583 512 0 ) (1719.028931 457.011047 0 ) (1664.029541 434.011322 0 ) (1608.988647 457.029419 0 ) 
4 124 137 (1586 512 29 ) (1586 512 27 ) (1609.001587 456.997253 27 ) (1609.002563 456.994843 29 ) 
4 124 136 (1586 512 32 ) (1586 512 29 ) (1609.002563 456.994843 29 ) (1609.004150 456.991241 32 ) 
4 124 138 (1586 512 27 ) (1586 512 0 ) (1608.988037 457.029724 0 ) (1609.001587 456.997253 27 ) 
4 124 133 (1741.998657 512 27 ) (1741.996948 512 29 ) (1718.997803 456.998077 29 ) (1719 456.998932 27 ) 
4 124 132 (1741.996948 512 29 ) (1741.994507 512 32 ) (1718.994751 456.996826 32 ) (1718.997803 456.998077 29 ) 
4 124 135 (1719.027222 457.010345 0 ) (1742.021240 512 0 ) (1741.998657 512 27 ) (1719 456.998932 27 ) 
4 124 130 (1609.001587 456.994690 29 ) (1609 456.997101 27 ) (1663.997192 433.997772 27 ) (1663.994873 433.996796 29 ) 
4 124 128 (1663.991333 433.995300 32 ) (1609.003174 456.991089 32 ) (1609.001587 456.994690 29 ) (1663.994873 433.996796 29 ) 
4 124 131 (1609 456.997101 27 ) (1608.987061 457.029572 0 ) (1664.029175 434.011200 0 ) (1663.997192 433.997772 27 ) 
4 124 126 (1663.992920 433.997345 29 ) (1663.995361 433.998322 27 ) (1719.003296 457.001343 27 ) (1719.001343 457 29 ) 
4 124 125 (1663.989380 433.995850 32 ) (1663.992920 433.997345 29 ) (1719.001343 457 29 ) (1718.998291 457 32 ) 
4 124 127 (1663.995361 433.998322 27 ) (1664.027344 434.011719 0 ) (1719.030640 457.012787 0 ) (1719.003296 457.001343 27 ) 
4 125 132 (1718.997803 456.998077 29 ) (1718.994751 456.996826 32 ) (1702.621460 417.840393 32 ) (1702.624634 417.842041 29 ) 
4 125 128 (1702.624390 417.842102 29 ) (1702.621216 417.840454 32 ) (1663.991333 433.995300 32 ) (1663.994873 433.996796 29 ) 
3 125 126 (1702.625000 417.839844 29 ) (1663.992188 433.996094 29 ) (1719 457 29 ) 
4 126 134 (1719 456.998932 27 ) (1718.997803 456.998077 29 ) (1702.624634 417.842041 29 ) (1702.626831 417.843140 27 ) 
4 126 129 (1702.626587 417.843201 27 ) (1702.624390 417.842102 29 ) (1663.994873 433.996796 29 ) (1663.997192 433.997772 27 ) 
3 126 127 (1702.625000 417.843750 27 ) (1664 433.998047 27 ) (1719.001099 456.998505 27 ) 
3 127 153 (1719.028931 457.011047 0 ) (1702.656738 417.857391 0 ) (1664.029541 434.011322 0 ) 
4 127 135 (1702.655518 417.857971 0 ) (1719.027222 457.010345 0 ) (1719 456.998932 27 ) (1702.626831 417.843140 27 ) 
4 127 131 (1702.655273 417.857971 0 ) (1702.626587 417.843201 27 ) (1663.997192 433.997772 27 ) (1664.029175 434.011200 0 ) 
4 128 144 (1689.311157 386 29 ) (1689.308716 386 32 ) (1638.692871 386 32 ) (1638.692871 386 29 ) 
4 128 139 (1638.692505 386 29 ) (1638.692505 386 32 ) (1609.004150 456.991241 32 ) (1609.002563 456.994843 29 ) 
4 128 132 (1689.307373 386 32 ) (1689.309814 386 29 ) (1702.624634 417.842041 29 ) (1702.621460 417.840393 32 ) 
4 128 130 (1609 457 29 ) (1664 433.998810 29 ) (1664 386 29 ) (1638.692505 386 29 ) 
4 128 129 (1664 433.998810 29 ) (1702.625000 417.845703 29 ) (1689.308716 386 29 ) (1664 386 29 ) 
4 129 144 (1689.312866 386 27 ) (1689.311157 386 29 ) (1664 386 29 ) (1664 386 27 ) 
4 129 134 (1689.309814 386 29 ) (1689.311523 386 27 ) (1702.626831 417.843140 27 ) (1702.624634 417.842041 29 ) 
4 129 131 (1664 433.998810 27 ) (1702.625000 417.845703 27 ) (1689.308716 386 27 ) (1664 386 27 ) 
4 129 130 (1664 433.996094 27 ) (1664 386 27 ) (1664 386 29 ) (1664 434 29 ) 
4 130 144 (1664 386 29 ) (1638.692871 386 29 ) (1638.692871 386 27 ) (1664 386 27 ) 
4 130 140 (1638.692505 386 27 ) (1638.692505 386 29 ) (1609.002563 456.994843 29 ) (1609.001587 456.997253 27 ) 
4 130 131 (1609 457 27 ) (1664 433.998810 27 ) (1664 386 27 ) (1638.692505 386 27 ) 
4 131 155 (1701.880005 416 0 ) (1689.335449 386 0 ) (1638.692871 386 0 ) (1626.146973 416 0 ) 
4 131 153 (1702.656738 417.857391 0 ) (1701.880005 416 0 ) (1626.146973 416 0 ) (1608.988647 457.029419 0 ) 
4 131 144 (1638.692871 386 0 ) (1689.335449 386 0 ) (1689.312866 386 27 ) (1638.692871 386 27 ) 
4 131 142 (1608.988037 457.029724 0 ) (1638.692505 386 0 ) (1638.692505 386 27 ) (1609.001587 456.997253 27 ) 
4 131 135 (1689.311523 386 27 ) (1689.334106 386 0 ) (1702.655518 417.857971 0 ) (1702.626831 417.843140 27 ) 
4 132 144 (1790 386 29 ) (1790 386 32 ) (1689.308716 386 32 ) (1689.311157 386 29 ) 
3 132 134 (1689.307983 386 29 ) (1718.997681 457.002258 29 ) (1790 386 29 ) 
4 132 133 (1718.997681 457.002258 29 ) (1741.995117 512 29 ) (1790 512 29 ) (1790 386 29 ) 
4 133 135 (1719 457 27 ) (1741.998901 512 27 ) (1790 512 27 ) (1790 386 27 ) 
4 133 134 (1719.003906 456.996094 27 ) (1790 386 27 ) (1790 386 29 ) (1719 457 29 ) 
4 134 144 (1790 386 27 ) (1790 386 29 ) (1689.311157 386 29 ) (1689.312866 386 27 ) 
3 134 135 (1689.311890 386 27 ) (1719 457 27 ) (1790 386 27 ) 
4 135 155 (1790 416 0 ) (1790 386 0 ) (1689.335449 386 0 ) (1701.880005 416 0 ) 
4 135 153 (1742.022583 512 0 ) (1760 512 0 ) (1760 416 0 ) (1701.880005 416 0 ) 
4 135 152 (1760 512 0 ) (1790 512 0 ) (1790 416 0 ) (1760 416 0 ) 
4 135 144 (1689.335449 386 0 ) (1790 386 0 ) (1790 386 27 ) (1689.312866 386 27 ) 
4 136 139 (1538 486.684814 32 ) (1538 486.687775 29 ) (1609.002319 456.994598 29 ) (1609.003906 456.990997 32 ) 
4 136 143 (1538 512 32 ) (1538 512 29 ) (1538 486.688080 29 ) (1538 486.685089 32 ) 
4 136 137 (1609 456.998047 29 ) (1538 486.690247 29 ) (1538 512 29 ) (1585.998779 512 29 ) 
4 137 141 (1538 486.687775 29 ) (1538 486.689758 27 ) (1609.001343 456.997009 27 ) (1609.002319 456.994598 29 ) 
4 137 138 (1609 456.998047 27 ) (1538 486.690247 27 ) (1538 512 27 ) (1585.998779 512 27 ) 
4 137 143 (1538 512 29 ) (1538 512 27 ) (1538 486.690063 27 ) (1538 486.688080 29 ) 
4 138 154 (1538 512 0 ) (1568 512 0 ) (1568 474.170868 0 ) (1538 486.716858 0 ) 
4 138 153 (1568 512 0 ) (1586 512 0 ) (1608.988647 457.029419 0 ) (1568 474.170868 0 ) 
4 138 142 (1538 486.689758 27 ) (1538 486.716553 0 ) (1608.987793 457.029480 0 ) (1609.001343 456.997009 27 ) 
4 138 143 (1538 512 27 ) (1538 512 0 ) (1538 486.716858 0 ) (1538 486.690063 27 ) 
4 139 144 (1638.692871 386 29 ) (1638.692871 386 32 ) (1538 386 32 ) (1538 386 29 ) 
3 139 141 (1538 386 29 ) (1538 486.689453 29 ) (1608.998657 456.998596 29 ) 
4 139 140 (1538 386 29 ) (1608.998657 456.998596 29 ) (1609 456.998047 29 ) (1638.691162 386 29 ) 
4 139 143 (1538 386 29 ) (1538 386 32 ) (1538 486.685089 32 ) (1538 486.688080 29 ) 
4 140 144 (1638.692871 386 27 ) (1638.692871 386 29 ) (1538 386 29 ) (1538 386 27 ) 
4 140 142 (1538 386 27 ) (1608.998657 456.998596 27 ) (1609 456.998047 27 ) (1638.691162 386 27 ) 
4 140 141 (1608.996094 456.996094 27 ) (1538 386 27 ) (1538 386 29 ) (1608.996094 456.996094 29 ) 
4 141 143 (1538 386 27 ) (1538 386 29 ) (1538 486.688080 29 ) (1538 486.690063 27 ) 
3 141 142 (1538 386 27 ) (1538 486.689453 27 ) (1608.998657 456.998596 27 ) 
4 142 155 (1626.146973 416 0 ) (1638.692871 386 0 ) (1538 386 0 ) (1538 416 0 ) 
4 142 154 (1568 416 0 ) (1538 416 0 ) (1538 486.716858 0 ) (1568 474.170868 0 ) 
4 142 153 (1608.988647 457.029419 0 ) (1626.146973 416 0 ) (1568 416 0 ) (1568 474.170868 0 ) 
4 142 144 (1538 386 0 ) (1638.692871 386 0 ) (1638.692871 386 27 ) (1538 386 27 ) 
4 142 143 (1538 486.716858 0 ) (1538 386 0 ) (1538 386 27 ) (1538 486.690063 27 ) 
4 143 155 (1536 386 0 ) (1536 416 0 ) (1538 416 0 ) (1538 386 0 ) 
4 143 154 (1536 416 0 ) (1536 512 0 ) (1538 512 0 ) (1538 416 0 ) 
4 143 144 (1536 386 32 ) (1536 386 0 ) (1538 386 0 ) (1538 386 32 ) 
4 144 155 (1536 384 0 ) (1536 386 0 ) (1792 386 0 ) (1792 384 0 ) 
4 145 156 (1280 1024 544 ) (1280 1024 288 ) (1280 896 288 ) (1280 896 544 ) 
4 146 155 (1312 256 0 ) (1280 256 0 ) (1280 416 0 ) (1312 416 0 ) 
4 146 154 (1280 416 0 ) (1280 608 0 ) (1312 608 0 ) (1312 416 0 ) 
4 146 151 (1280 608 0 ) (1280 832 0 ) (1312 832 0 ) (1312 608 0 ) 
4 146 150 (1280 832 0 ) (1280 1024 0 ) (1312 1024 0 ) (1312 832 0 ) 
4 147 151 (2048 832 0 ) (1728 832 0 ) (1728 832 -512 ) (2048 832 -512 ) 
4 147 149 (1728 832 -512 ) (1728 832 -2 ) (1728 960 -2 ) (1728 960 -512 ) 
4 147 148 (1728 960 0 ) (1728 1024 0 ) (1728 1024 -512 ) (1728 960 -512 ) 
4 148 150 (1600 960 -512 ) (1600 960 0 ) (1600 1024 0 ) (1600 1024 -512 ) 
4 148 149 (1600 960 -2 ) (1600 960 -512 ) (1728 960 -512 ) (1728 960 -2 ) 
4 149 151 (1600 832 -2 ) (1600 832 -512 ) (1728 832 -512 ) (1728 832 -2 ) 
4 149 150 (1600 832 -512 ) (1600 832 -2 ) (1600 960 -2 ) (1600 960 -512 ) 
4 150 151 (1600 832 0 ) (1280 832 0 ) (1280 832 -512 ) (1600 832 -512 ) 
4 151 158 (1280 608 -512 ) (1280 608 -256 ) (1280 640 -256 ) (1280 640 -512 ) 
4 151 154 (1568 608 0 ) (1280 608 0 ) (1280 608 -512 ) (1568 608 -512 ) 
4 151 153 (1760 608 0 ) (1568 608 0 ) (1568 608 -512 ) (1760 608 -512 ) 
4 151 152 (2048 608 -512 ) (2048 608 0 ) (1760 608 0 ) (1760 608 -512 ) 
4 152 155 (2048 416 0 ) (1760 416 0 ) (1760 416 -512 ) (2048 416 -512 ) 
4 152 153 (1760 608 0 ) (1760 608 -512 ) (1760 416 -512 ) (1760 416 0 ) 
4 153 155 (1760 416 0 ) (1568 416 0 ) (1568 416 -512 ) (1760 416 -512 ) 
4 153 154 (1568 608 0 ) (1568 608 -512 ) (1568 416 -512 ) (1568 416 0 ) 
4 154 158 (1280 448 -256 ) (1280 608 -256 ) (1280 608 -512 ) (1280 448 -512 ) 
4 154 155 (1568 416 0 ) (1280 416 0 ) (1280 416 -512 ) (1568 416 -512 ) 
4 155 167 (2048 256 -512 ) (2048 256 -384 ) (2016 256 -384 ) (2016 256 -512 ) 
4 155 166 (2016 256 0 ) (1984 256 0 ) (1984 256 -256 ) (2016 256 -256 ) 
4 155 165 (2048 256 -384 ) (2048 256 0 ) (2016 256 0 ) (2016 256 -384 ) 
4 156 159 (1248 896 288 ) (1248 896 640 ) (1248 1024 640 ) (1248 1024 288 ) 
4 156 157 (1248 896 640 ) (1248 896 544 ) (1280 896 544 ) (1280 896 640 ) 
4 157 159 (1248 864 640 ) (1248 896 640 ) (1248 896 544 ) (1248 864 544 ) 
4 158 161 (1248 448 -256 ) (1248 640 -256 ) (1248 640 -512 ) (1248 448 -512 ) 
4 160 161 (1183 640 -289 ) (1089 640 -289 ) (1089 640 -479 ) (1183 640 -479 ) 
4 161 189 (1024 576 -256 ) (1024 640 -256 ) (1024 640 -512 ) (1024 576 -512 ) 
4 161 162 (1024 448 -256 ) (1024 448 -512 ) (1216 448 -512 ) (1216 448 -256 ) 
4 162 168 (1024 256 -384 ) (1024 256 -512 ) (1216 256 -512 ) (1216 256 -384 ) 
4 163 164 (2048 224 544 ) (1536 224 544 ) (1536 256 544 ) (2048 256 544 ) 
4 164 174 (2048 224 160 ) (2048 224 288 ) (1536 224 288 ) (1536 224 160 ) 
4 164 172 (2048 224 288 ) (2048 224 544 ) (1536 224 544 ) (1536 224 288 ) 
4 165 167 (2016 248 -384 ) (2016 256 -384 ) (2048 256 -384 ) (2048 248 -384 ) 
4 165 166 (2016 248 -256 ) (2016 248 0 ) (2016 256 0 ) (2016 256 -256 ) 
4 168 169 (1024 239 -512 ) (1216 239 -512 ) (1216 239 -384 ) (1024 239 -384 ) 
4 169 170 (1024 238 -512 ) (1216 238 -512 ) (1216 238 -384 ) (1024 238 -384 ) 
4 170 176 (1184 224 -384 ) (1056 224 -384 ) (1056 224 -512 ) (1184 224 -512 ) 
4 171 173 (1616 48 608 ) (1616 144 608 ) (1712 144 608 ) (1712 48 608 ) 
4 172 174 (1536 192 288 ) (1536 224 288 ) (2048 224 288 ) (2048 192 288 ) 
4 172 173 (1536 192 544 ) (1536 192 288 ) (2048 192 288 ) (2048 192 544 ) 
4 173 184 (1536 32 288 ) (1792 32 288 ) (1792 32 608 ) (1536 32 608 ) 
4 173 182 (1792 32 288 ) (2048 32 288 ) (2048 32 608 ) (1792 32 608 ) 
4 173 175 (1792 192 288 ) (2048 192 288 ) (2048 128 288 ) (1792 128 288 ) 
4 174 175 (1792 192 160 ) (2048 192 160 ) (2048 192 288 ) (1792 192 288 ) 
4 175 177 (2048 160 160 ) (2048 128 160 ) (1792 128 160 ) (1792 160 160 ) 
4 176 179 (1184 160 -384 ) (1056 160 -384 ) (1056 160 -512 ) (1184 160 -512 ) 
4 178 179 (1056 160 -320 ) (1184 160 -320 ) (1184 96 -320 ) (1056 96 -320 ) 
4 179 180 (1216 64 -512 ) (1216 64 -320 ) (1024 64 -320 ) (1024 64 -512 ) 
4 180 186 (1024 32 -256 ) (1024 32 -512 ) (1216 32 -512 ) (1216 32 -256 ) 
4 181 182 (1792 0 608 ) (1792 32 608 ) (2048 32 608 ) (2048 0 608 ) 
4 182 184 (1792 32 608 ) (1792 32 288 ) (1792 0 288 ) (1792 0 608 ) 
4 182 183 (1792 0 288 ) (1792 32 288 ) (2048 32 288 ) (2048 0 288 ) 
4 183 185 (1792 32 288 ) (1792 32 280 ) (1792 0 280 ) (1792 0 288 ) 
4 184 185 (1536 0 288 ) (1536 32 288 ) (1792 32 288 ) (1792 0 288 ) 
4 186 193 (1248 0 -256 ) (1184 0 -256 ) (1184 0 -512 ) (1248 0 -512 ) 
4 186 194 (1184 0 -256 ) (1024 0 -256 ) (1024 0 -512 ) (1184 0 -512 ) 
4 186 192 (1280 0 -256 ) (1248 0 -256 ) (1248 0 -512 ) (1280 0 -512 ) 
4 190 197 (1024 -96 0 ) (1024 -96 -256 ) (1024 -160 -256 ) (1024 -160 0 ) 
4 190 194 (1024 -160 -256 ) (1024 -96 -256 ) (1056 -96 -256 ) (1056 -160 -256 ) 
4 191 198 (1024 -288 0 ) (1024 -288 -256 ) (1024 -352 -256 ) (1024 -352 0 ) 
4 191 194 (1024 -352 -256 ) (1024 -288 -256 ) (1056 -288 -256 ) (1056 -352 -256 ) 
4 192 193 (1248 0 -512 ) (1248 -96 -512 ) (1248 -96 -256 ) (1248 0 -256 ) 
4 193 194 (1184 0 -512 ) (1184 -384 -512 ) (1184 -384 -256 ) (1184 0 -256 ) 
4 194 199 (1024 -416 -256 ) (1024 -32 -256 ) (1024 -32 -512 ) (1024 -416 -512 ) 
4 194 195 (1024 -416 -512 ) (1024 -384 -512 ) (1184 -384 -512 ) (1184 -416 -512 ) 
4 195 204 (1024 -416 -520 ) (1024 -416 -512 ) (1024 -384 -512 ) (1024 -384 -520 ) 
4 196 206 (1712 -2048 -240 ) (1712 -2048 272 ) (1024 -2048 272 ) (1024 -2048 -240 ) 
4 196 205 (1024 -2048 -240 ) (1024 -2048 272 ) (1024 -1248 272 ) (1024 -1248 -240 ) 
4 197 199 (1024 -96 -256 ) (1024 -160 -256 ) (992 -160 -256 ) (992 -96 -256 ) 
4 198 199 (1024 -288 -256 ) (1024 -352 -256 ) (992 -352 -256 ) (992 -288 -256 ) 
4 199 204 (960 -416 -512 ) (960 -384 -512 ) (1024 -384 -512 ) (1024 -416 -512 ) 
4 199 201 (960 -256 -512 ) (960 -416 -512 ) (960 -416 -256 ) (960 -256 -256 ) 
4 199 200 (960 -64 -512 ) (960 -192 -512 ) (960 -192 -256 ) (960 -64 -256 ) 
4 200 202 (928 -192 -512 ) (928 -64 -512 ) (960 -64 -512 ) (960 -192 -512 ) 
4 201 204 (928 -416 -512 ) (928 -384 -512 ) (960 -384 -512 ) (960 -416 -512 ) 
4 201 203 (928 -384 -512 ) (928 -256 -512 ) (960 -256 -512 ) (960 -384 -512 ) 
4 203 204 (928 -384 -512 ) (928 -384 -520 ) (960 -384 -520 ) (960 -384 -512 ) 
4 205 207 (1024 -2048 -240 ) (1024 -2048 272 ) (1008 -2048 272 ) (1008 -2048 -240 ) 
4 206 207 (1024 -2048 272 ) (1024 -2048 -240 ) (1024 -2528 -240 ) (1024 -2528 272 ) 
