PRT1
212
488
4 1 5 (6144 680 64 ) (6144 936 64 ) (6144 936 -64 ) (6144 680 -64 ) 
4 2 6 (6144 256 64 ) (6144 512 64 ) (6144 512 -64 ) (6144 256 -64 ) 
4 7 32 (1840 1024 799.442078 ) (1576 1024 799.442078 ) (1576 1024 403.441986 ) (1840 1024 403.441986 ) 
4 7 14 (1840 1152 403.441986 ) (1840 1024 403.441986 ) (1576 1024 403.441986 ) (1576 1152 403.441986 ) 
4 7 12 (1576 1168 403.441986 ) (1840 1168 403.441986 ) (1840 1152 403.441986 ) (1576 1152 403.441986 ) 
4 7 9 (1576 1024 473.441986 ) (1576 1024 799.442078 ) (1576 1128 799.442078 ) (1576 1128 473.441986 ) 
4 7 10 (1576 1128 403.441986 ) (1576 1024 403.441986 ) (1576 1024 441.441986 ) (1576 1128 441.441986 ) 
4 7 8 (1576 1168 403.441986 ) (1576 1128 403.441986 ) (1576 1128 799.442078 ) (1576 1168 799.442078 ) 
4 8 16 (1444 1168 403.441986 ) (1516 1168 403.441986 ) (1516 1128 403.441986 ) (1444 1128 403.441986 ) 
4 8 17 (1384 1168 403.441986 ) (1444 1168 403.441986 ) (1444 1128 403.441986 ) (1384 1128 403.441986 ) 
4 8 14 (1576 1152 403.441986 ) (1576 1128 403.441986 ) (1516 1128 403.441986 ) (1516 1152 403.441986 ) 
4 8 12 (1516 1168 403.441986 ) (1576 1168 403.441986 ) (1576 1152 403.441986 ) (1516 1152 403.441986 ) 
4 8 9 (1384 1128 799.442078 ) (1384 1128 473.441986 ) (1576 1128 473.441986 ) (1576 1128 799.442078 ) 
4 8 10 (1384 1128 441.441986 ) (1384 1128 403.441986 ) (1576 1128 403.441986 ) (1576 1128 441.441986 ) 
4 8 11 (1384 1168 403.441986 ) (1384 1128 403.441986 ) (1384 1128 799.442078 ) (1384 1168 799.442078 ) 
4 9 33 (1576 1024 799.442078 ) (1384 1024 799.442078 ) (1384 1024 473.441986 ) (1576 1024 473.441986 ) 
4 9 11 (1384 1024 473.441986 ) (1384 1024 799.442078 ) (1384 1128 799.442078 ) (1384 1128 473.441986 ) 
4 10 36 (1384 1024 441.441986 ) (1384 1024 403.441986 ) (1576 1024 403.441986 ) (1576 1024 441.441986 ) 
4 10 16 (1444 1128 403.441986 ) (1516 1128 403.441986 ) (1516 1096 403.441986 ) (1444 1096 403.441986 ) 
4 10 17 (1384 1096 403.441986 ) (1384 1128 403.441986 ) (1444 1128 403.441986 ) (1444 1096 403.441986 ) 
4 10 18 (1516 1024 403.441986 ) (1384 1024 403.441986 ) (1384 1096 403.441986 ) (1516 1096 403.441986 ) 
4 10 14 (1576 1128 403.441986 ) (1576 1024 403.441986 ) (1516 1024 403.441986 ) (1516 1128 403.441986 ) 
4 10 11 (1384 1128 403.441986 ) (1384 1024 403.441986 ) (1384 1024 441.441986 ) (1384 1128 441.441986 ) 
4 11 51 (1176 1024 799.442078 ) (1024 1024 799.442078 ) (1024 1024 403.441986 ) (1176 1024 403.441986 ) 
4 11 50 (1384 1024 799.442078 ) (1176 1024 799.442078 ) (1176 1024 403.441986 ) (1384 1024 403.441986 ) 
4 11 28 (1024 1024 403.441986 ) (1024 1024 799.442078 ) (1024 1056 799.442078 ) (1024 1056 403.441986 ) 
4 11 26 (1024 1056 799.442078 ) (1024 1168 799.442078 ) (1024 1168 403.441986 ) (1024 1056 403.441986 ) 
4 11 17 (1024 1096 403.441986 ) (1024 1168 403.441986 ) (1384 1168 403.441986 ) (1384 1096 403.441986 ) 
4 11 18 (1024 1024 403.441986 ) (1024 1096 403.441986 ) (1384 1096 403.441986 ) (1384 1024 403.441986 ) 
4 12 16 (1516 1152 403.441986 ) (1516 1168 403.441986 ) (1516 1168 349.442017 ) (1516 1152 349.442017 ) 
4 12 15 (1516 1152 307.441986 ) (1516 1168 307.441986 ) (1840 1168 307.441986 ) (1840 1152 307.441986 ) 
4 12 14 (1516 1152 403.441986 ) (1516 1152 307.441986 ) (1840 1152 307.441986 ) (1840 1152 403.441986 ) 
4 13 31 (1984 1024 403.441986 ) (1888 1024 403.441986 ) (1888 1024 307.441986 ) (1984 1024 307.441986 ) 
4 14 40 (1516 1024 345.441986 ) (1516 1024 307.441986 ) (1840 1024 307.441986 ) (1840 1024 345.441986 ) 
4 14 36 (1576 1024 403.441986 ) (1516 1024 403.441986 ) (1516 1024 345.441986 ) (1576 1024 345.441986 ) 
4 14 32 (1840 1024 403.441986 ) (1576 1024 403.441986 ) (1576 1024 345.441986 ) (1840 1024 345.441986 ) 
4 14 22 (1516 1024 307.441986 ) (1516 1024 345.441986 ) (1516 1096 345.441986 ) (1516 1096 307.441986 ) 
4 14 16 (1516 1096 403.441986 ) (1516 1152 403.441986 ) (1516 1152 349.442017 ) (1516 1096 349.442017 ) 
4 14 18 (1516 1024 345.441986 ) (1516 1024 403.441986 ) (1516 1096 403.441986 ) (1516 1096 345.441986 ) 
4 14 15 (1516 1024 307.441986 ) (1516 1152 307.441986 ) (1840 1152 307.441986 ) (1840 1024 307.441986 ) 
4 15 49 (1516 1024 233.442001 ) (1516 1024 31.441502 ) (1840 1024 31.441502 ) (1840 1024 233.442001 ) 
4 15 46 (1516 1024 237.442001 ) (1516 1024 233.442001 ) (1840 1024 233.442001 ) (1840 1024 237.442001 ) 
4 15 40 (1840 1024 307.441986 ) (1516 1024 307.441986 ) (1516 1024 237.442001 ) (1840 1024 237.442001 ) 
4 15 23 (1516 1168 233.442001 ) (1516 1168 31.441502 ) (1516 1096 31.441502 ) (1516 1096 233.442001 ) 
4 15 25 (1516 1024 31.441502 ) (1516 1024 237.442001 ) (1516 1096 237.442001 ) (1516 1096 31.441502 ) 
4 15 22 (1516 1024 237.442001 ) (1516 1024 307.441986 ) (1516 1096 307.441986 ) (1516 1096 237.442001 ) 
4 16 17 (1444 1096 349.442017 ) (1444 1096 403.441986 ) (1444 1168 403.441986 ) (1444 1168 349.442017 ) 
4 16 18 (1516 1096 349.442017 ) (1516 1096 403.441986 ) (1444 1096 403.441986 ) (1444 1096 349.442017 ) 
4 17 26 (1024 1096 403.441986 ) (1024 1168 403.441986 ) (1024 1168 345.441986 ) (1024 1096 345.441986 ) 
4 17 21 (1444 1100 345.441986 ) (1444 1096 345.441986 ) (1024 1096 345.441986 ) (1024 1100 345.441986 ) 
4 17 20 (1024 1168 345.441986 ) (1444 1168 345.441986 ) (1444 1100 345.441986 ) (1024 1100 345.441986 ) 
4 17 18 (1024 1096 345.441986 ) (1444 1096 345.441986 ) (1444 1096 403.441986 ) (1024 1096 403.441986 ) 
4 18 51 (1176 1024 403.441986 ) (1024 1024 403.441986 ) (1024 1024 345.441986 ) (1176 1024 345.441986 ) 
4 18 50 (1384 1024 403.441986 ) (1176 1024 403.441986 ) (1176 1024 345.441986 ) (1384 1024 345.441986 ) 
4 18 36 (1516 1024 345.441986 ) (1516 1024 403.441986 ) (1384 1024 403.441986 ) (1384 1024 345.441986 ) 
4 18 28 (1024 1024 345.441986 ) (1024 1024 403.441986 ) (1024 1056 403.441986 ) (1024 1056 345.441986 ) 
4 18 26 (1024 1056 403.441986 ) (1024 1096 403.441986 ) (1024 1096 345.441986 ) (1024 1056 345.441986 ) 
4 18 22 (1516 1096 345.441986 ) (1516 1024 345.441986 ) (1024 1024 345.441986 ) (1024 1096 345.441986 ) 
4 20 26 (1024 1100 345.441986 ) (1024 1168 345.441986 ) (1024 1168 237.442001 ) (1024 1100 237.442001 ) 
4 20 24 (1024 1100 237.442001 ) (1024 1168 237.442001 ) (1444 1168 237.442001 ) (1444 1100 237.442001 ) 
4 20 21 (1024 1100 237.442001 ) (1444 1100 237.442001 ) (1444 1100 345.441986 ) (1024 1100 345.441986 ) 
4 21 26 (1024 1096 345.441986 ) (1024 1100 345.441986 ) (1024 1100 237.442001 ) (1024 1096 237.442001 ) 
4 21 24 (1024 1096 237.442001 ) (1024 1100 237.442001 ) (1444 1100 237.442001 ) (1444 1096 237.442001 ) 
4 21 22 (1024 1096 237.442001 ) (1444 1096 237.442001 ) (1444 1096 345.441986 ) (1024 1096 345.441986 ) 
4 22 51 (1176 1024 345.441986 ) (1024 1024 345.441986 ) (1024 1024 237.442001 ) (1176 1024 237.442001 ) 
4 22 50 (1384 1024 345.441986 ) (1176 1024 345.441986 ) (1176 1024 237.442001 ) (1384 1024 237.442001 ) 
4 22 40 (1516 1024 237.442001 ) (1516 1024 345.441986 ) (1384 1024 345.441986 ) (1384 1024 237.442001 ) 
4 22 28 (1024 1024 237.442001 ) (1024 1024 345.441986 ) (1024 1056 345.441986 ) (1024 1056 237.442001 ) 
4 22 26 (1024 1056 345.441986 ) (1024 1096 345.441986 ) (1024 1096 237.442001 ) (1024 1056 237.442001 ) 
4 22 25 (1024 1024 237.442001 ) (1024 1096 237.442001 ) (1516 1096 237.442001 ) (1516 1024 237.442001 ) 
4 23 24 (1444 1168 31.441502 ) (1444 1096 31.441502 ) (1444 1096 233.442001 ) (1444 1168 233.442001 ) 
4 23 25 (1444 1096 31.441502 ) (1516 1096 31.441502 ) (1516 1096 233.442001 ) (1444 1096 233.442001 ) 
4 24 26 (1024 1096 237.442001 ) (1024 1168 237.442001 ) (1024 1168 31.441502 ) (1024 1096 31.441502 ) 
4 24 25 (1024 1096 31.441502 ) (1444 1096 31.441502 ) (1444 1096 237.442001 ) (1024 1096 237.442001 ) 
4 25 56 (1024 1024 219.442001 ) (1024 1024 31.441502 ) (1384 1024 31.441502 ) (1384 1024 219.442001 ) 
4 25 51 (1176 1024 237.442001 ) (1024 1024 237.442001 ) (1024 1024 219.442001 ) (1176 1024 219.442001 ) 
4 25 50 (1384 1024 237.442001 ) (1176 1024 237.442001 ) (1176 1024 219.442001 ) (1384 1024 219.442001 ) 
4 25 49 (1516 1024 31.441502 ) (1516 1024 233.442001 ) (1384 1024 233.442001 ) (1384 1024 31.441502 ) 
4 25 46 (1516 1024 233.442001 ) (1516 1024 237.442001 ) (1384 1024 237.442001 ) (1384 1024 233.442001 ) 
4 25 28 (1024 1024 31.441502 ) (1024 1024 237.442001 ) (1024 1056 237.442001 ) (1024 1056 31.441502 ) 
4 25 26 (1024 1056 237.442001 ) (1024 1096 237.442001 ) (1024 1096 31.441502 ) (1024 1056 31.441502 ) 
4 26 28 (1024 1056 31.441502 ) (1024 1056 799.442078 ) (976 1056 799.442078 ) (976 1056 31.441502 ) 
4 27 29 (768 1056 480 ) (768 1056 736 ) (768 1184 736 ) (768 1184 480 ) 
4 28 58 (1024 1024 31.441502 ) (1024 1024 416 ) (976 1024 416 ) (976 1024 31.441502 ) 
4 28 57 (1024 1024 416 ) (1024 1024 799.442078 ) (976 1024 799.442078 ) (976 1024 416 ) 
4 29 83 (512 1024 544 ) (512 1024 288 ) (544 1024 288 ) (544 1024 544 ) 
4 29 81 (544 1024 800 ) (512 1024 800 ) (512 1024 544 ) (544 1024 544 ) 
4 29 78 (768 1024 288 ) (768 1024 800 ) (544 1024 800 ) (544 1024 288 ) 
4 29 30 (512 1248 800 ) (512 1248 288 ) (512 1024 288 ) (512 1024 800 ) 
4 30 134 (0 1024 -4721 ) (0 1024 800 ) (0 1248 800 ) (0 1248 -4721 ) 
4 30 92 (64 1024 287 ) (0 1024 287 ) (0 1024 -4721 ) (64 1024 -4721 ) 
4 30 91 (512 1024 -4721 ) (512 1024 287 ) (64 1024 287 ) (64 1024 -4721 ) 
4 30 86 (384 1024 288 ) (384 1024 287 ) (504 1024 287 ) (504 1024 288 ) 
4 30 85 (504 1024 800 ) (384 1024 800 ) (384 1024 288 ) (504 1024 288 ) 
4 30 84 (512 1024 287 ) (512 1024 800 ) (504 1024 800 ) (504 1024 287 ) 
4 30 90 (384 1024 800 ) (0 1024 800 ) (0 1024 287 ) (384 1024 287 ) 
4 32 43 (1840 624 345.441986 ) (1576 624 345.441986 ) (1576 692 345.441986 ) (1840 692 345.441986 ) 
4 32 41 (1576 692 345.441986 ) (1576 696 345.441986 ) (1840 696 345.441986 ) (1840 692 345.441986 ) 
4 32 40 (1576 696 345.441986 ) (1576 1024 345.441986 ) (1840 1024 345.441986 ) (1840 696 345.441986 ) 
4 32 37 (1576 696 345.441986 ) (1576 624 345.441986 ) (1576 624 441.441986 ) (1576 696 441.441986 ) 
4 32 36 (1576 1024 345.441986 ) (1576 696 345.441986 ) (1576 696 441.441986 ) (1576 1024 441.441986 ) 
4 32 35 (1576 624 441.441986 ) (1576 624 473.441986 ) (1576 664 473.441986 ) (1576 664 441.441986 ) 
4 32 34 (1576 784 473.441986 ) (1576 1008 473.441986 ) (1576 1008 441.441986 ) (1576 784 441.441986 ) 
4 32 33 (1576 624 473.441986 ) (1576 624 799.442078 ) (1576 1024 799.442078 ) (1576 1024 473.441986 ) 
4 33 50 (1384 624 473.441986 ) (1384 624 799.442078 ) (1384 1024 799.442078 ) (1384 1024 473.441986 ) 
4 33 35 (1384 624 473.441986 ) (1384 664 473.441986 ) (1576 664 473.441986 ) (1576 624 473.441986 ) 
4 33 34 (1384 784 473.441986 ) (1384 1008 473.441986 ) (1576 1008 473.441986 ) (1576 784 473.441986 ) 
4 34 50 (1384 784 473.441986 ) (1384 1008 473.441986 ) (1384 1008 441.441986 ) (1384 784 441.441986 ) 
4 34 36 (1384 784 441.441986 ) (1384 1008 441.441986 ) (1576 1008 441.441986 ) (1576 784 441.441986 ) 
4 35 50 (1384 624 441.441986 ) (1384 624 473.441986 ) (1384 664 473.441986 ) (1384 664 441.441986 ) 
4 35 38 (1444 664 441.441986 ) (1516 664 441.441986 ) (1516 624 441.441986 ) (1444 624 441.441986 ) 
4 35 39 (1384 624 441.441986 ) (1384 664 441.441986 ) (1444 664 441.441986 ) (1444 624 441.441986 ) 
4 35 37 (1516 664 441.441986 ) (1576 664 441.441986 ) (1576 624 441.441986 ) (1516 624 441.441986 ) 
4 36 50 (1384 696 441.441986 ) (1384 1024 441.441986 ) (1384 1024 345.441986 ) (1384 696 345.441986 ) 
4 36 40 (1384 696 345.441986 ) (1384 1024 345.441986 ) (1576 1024 345.441986 ) (1576 696 345.441986 ) 
4 36 38 (1516 696 349.442017 ) (1516 696 441.441986 ) (1444 696 441.441986 ) (1444 696 349.442017 ) 
4 36 39 (1384 696 345.441986 ) (1444 696 345.441986 ) (1444 696 441.441986 ) (1384 696 441.441986 ) 
4 36 37 (1516 696 345.441986 ) (1576 696 345.441986 ) (1576 696 441.441986 ) (1516 696 441.441986 ) 
4 37 43 (1576 624 345.441986 ) (1516 624 345.441986 ) (1516 692 345.441986 ) (1576 692 345.441986 ) 
4 37 41 (1516 692 345.441986 ) (1516 696 345.441986 ) (1576 696 345.441986 ) (1576 692 345.441986 ) 
4 37 38 (1516 696 441.441986 ) (1516 696 349.442017 ) (1516 624 349.442017 ) (1516 624 441.441986 ) 
4 38 39 (1444 696 441.441986 ) (1444 696 349.442017 ) (1444 624 349.442017 ) (1444 624 441.441986 ) 
4 39 50 (1384 624 345.441986 ) (1384 624 441.441986 ) (1384 696 441.441986 ) (1384 696 345.441986 ) 
4 39 45 (1444 624 345.441986 ) (1384 624 345.441986 ) (1384 692 345.441986 ) (1444 692 345.441986 ) 
4 39 42 (1384 692 345.441986 ) (1384 696 345.441986 ) (1444 696 345.441986 ) (1444 692 345.441986 ) 
4 40 50 (1384 696 345.441986 ) (1384 1024 345.441986 ) (1384 1024 237.442001 ) (1384 696 237.442001 ) 
4 40 46 (1384 696 237.442001 ) (1384 1024 237.442001 ) (1840 1024 237.442001 ) (1840 696 237.442001 ) 
4 40 42 (1384 696 237.442001 ) (1444 696 237.442001 ) (1444 696 345.441986 ) (1384 696 345.441986 ) 
4 40 41 (1516 696 237.442001 ) (1840 696 237.442001 ) (1840 696 345.441986 ) (1516 696 345.441986 ) 
4 41 47 (1516 696 237.442001 ) (1840 696 237.442001 ) (1840 692 237.442001 ) (1516 692 237.442001 ) 
4 41 43 (1516 692 237.442001 ) (1840 692 237.442001 ) (1840 692 345.441986 ) (1516 692 345.441986 ) 
4 42 50 (1384 692 345.441986 ) (1384 696 345.441986 ) (1384 696 237.442001 ) (1384 692 237.442001 ) 
4 42 48 (1384 692 237.442001 ) (1384 696 237.442001 ) (1444 696 237.442001 ) (1444 692 237.442001 ) 
4 42 45 (1384 692 237.442001 ) (1444 692 237.442001 ) (1444 692 345.441986 ) (1384 692 345.441986 ) 
4 43 47 (1840 624 237.442001 ) (1516 624 237.442001 ) (1516 692 237.442001 ) (1840 692 237.442001 ) 
4 45 50 (1384 624 237.442001 ) (1384 624 345.441986 ) (1384 692 345.441986 ) (1384 692 237.442001 ) 
4 45 48 (1444 624 237.442001 ) (1384 624 237.442001 ) (1384 692 237.442001 ) (1444 692 237.442001 ) 
4 46 50 (1384 696 237.442001 ) (1384 1024 237.442001 ) (1384 1024 233.442001 ) (1384 696 233.442001 ) 
4 46 49 (1384 696 233.442001 ) (1384 1024 233.442001 ) (1840 1024 233.442001 ) (1840 696 233.442001 ) 
4 46 48 (1384 696 233.442001 ) (1444 696 233.442001 ) (1444 696 237.442001 ) (1384 696 237.442001 ) 
4 46 47 (1516 696 233.442001 ) (1840 696 233.442001 ) (1840 696 237.442001 ) (1516 696 237.442001 ) 
4 47 49 (1840 624 233.442001 ) (1516 624 233.442001 ) (1516 696 233.442001 ) (1840 696 233.442001 ) 
4 48 50 (1384 624 233.442001 ) (1384 624 237.442001 ) (1384 696 237.442001 ) (1384 696 233.442001 ) 
4 48 49 (1444 624 233.442001 ) (1384 624 233.442001 ) (1384 696 233.442001 ) (1444 696 233.442001 ) 
4 49 56 (1384 624 31.441502 ) (1384 624 219.442001 ) (1384 1024 219.442001 ) (1384 1024 31.441502 ) 
4 49 50 (1384 624 219.442001 ) (1384 624 233.442001 ) (1384 1024 233.442001 ) (1384 1024 219.442001 ) 
4 50 56 (1176 1024 219.442001 ) (1384 1024 219.442001 ) (1384 624 219.442001 ) (1176 624 219.442001 ) 
4 50 54 (1176 776 219.442001 ) (1176 624 219.442001 ) (1176 624 799.442078 ) (1176 776 799.442078 ) 
4 50 51 (1176 1024 219.442001 ) (1176 1016 219.442001 ) (1176 1016 799.442078 ) (1176 1024 799.442078 ) 
4 50 53 (1176 944 219.442001 ) (1176 848 219.442001 ) (1176 848 799.442078 ) (1176 944 799.442078 ) 
4 51 71 (1024 992 219.442001 ) (1024 944 219.442001 ) (1024 944 288 ) (1024 992 288 ) 
4 51 61 (1024 944 288 ) (1024 944 480 ) (1024 992 480 ) (1024 992 288 ) 
4 51 60 (1024 944 480 ) (1024 944 799.442078 ) (1024 992 799.442078 ) (1024 992 480 ) 
4 51 58 (1024 1024 416 ) (1024 1024 219.442001 ) (1024 992 219.442001 ) (1024 992 416 ) 
4 51 57 (1024 1024 799.442078 ) (1024 1024 416 ) (1024 992 416 ) (1024 992 799.442078 ) 
5 51 56 (1024 1024 219.442001 ) (1176 1024 219.442001 ) (1176 1016 219.442001 ) (1131 944 219.442001 ) (1024 944 219.442001 ) 
4 51 52 (1131 944 799.442078 ) (1131 944 219.442001 ) (1156 984 219.442001 ) (1156 984 799.442078 ) 
4 51 53 (1024 944 219.442001 ) (1131 944 219.442001 ) (1131 944 799.442078 ) (1024 944 799.442078 ) 
3 52 56 (1144 944 219.442001 ) (1131 944 219.442001 ) (1156 984 219.442001 ) 
4 52 53 (1131 944 219.442001 ) (1144 944 219.442001 ) (1144 944 799.442078 ) (1131 944 799.442078 ) 
4 53 71 (1024 944 219.442001 ) (1024 848 219.442001 ) (1024 848 288 ) (1024 944 288 ) 
4 53 61 (1024 848 288 ) (1024 848 480 ) (1024 944 480 ) (1024 944 288 ) 
4 53 60 (1024 848 480 ) (1024 848 799.442078 ) (1024 944 799.442078 ) (1024 944 480 ) 
4 53 56 (1176 944 219.442001 ) (1176 848 219.442001 ) (1024 848 219.442001 ) (1024 944 219.442001 ) 
4 53 55 (1131 848 219.442001 ) (1144 848 219.442001 ) (1144 848 799.442078 ) (1131 848 799.442078 ) 
4 53 54 (1024 848 219.442001 ) (1131 848 219.442001 ) (1131 848 799.442078 ) (1024 848 799.442078 ) 
4 54 76 (1024 800 219.442001 ) (1024 624 219.442001 ) (1024 624 799.442078 ) (1024 800 799.442078 ) 
4 54 71 (1024 848 219.442001 ) (1024 800 219.442001 ) (1024 800 288 ) (1024 848 288 ) 
4 54 61 (1024 800 288 ) (1024 800 480 ) (1024 848 480 ) (1024 848 288 ) 
4 54 60 (1024 800 480 ) (1024 800 799.442078 ) (1024 848 799.442078 ) (1024 848 480 ) 
5 54 56 (1176 776 219.442001 ) (1176 624 219.442001 ) (1024 624 219.442001 ) (1024 848 219.442001 ) (1131 848 219.442001 ) 
4 54 55 (1156.001831 807.993896 219.442001 ) (1130.998047 848 219.442001 ) (1130.998047 848 799.442078 ) (1156.001831 807.993896 799.442078 ) 
3 55 56 (1156 808 219.442001 ) (1131 848 219.442001 ) (1144 848 219.442001 ) 
4 56 76 (1024 800 31.441502 ) (1024 624 31.441502 ) (1024 624 219.442001 ) (1024 800 219.442001 ) 
4 56 71 (1024 992 31.441502 ) (1024 800 31.441502 ) (1024 800 219.442001 ) (1024 992 219.442001 ) 
4 56 58 (1024 1024 219.442001 ) (1024 1024 31.441502 ) (1024 992 31.441502 ) (1024 992 219.442001 ) 
4 57 61 (976 992 416 ) (1024 992 416 ) (1024 992 480 ) (976 992 480 ) 
4 57 60 (1024 992 480 ) (1024 992 799.442078 ) (976 992 799.442078 ) (976 992 480 ) 
4 57 58 (1024 992 416 ) (976 992 416 ) (976 1024 416 ) (1024 1024 416 ) 
4 58 71 (1024 992 31.441502 ) (1024 992 288 ) (976 992 288 ) (976 992 31.441502 ) 
4 58 61 (1024 992 288 ) (1024 992 416 ) (976 992 416 ) (976 992 288 ) 
4 59 78 (768 992 384 ) (768 992 416 ) (768 1024 416 ) (768 1024 384 ) 
4 59 75 (768 992 416 ) (768 992 384 ) (776 992 384 ) (776 992 416 ) 
4 60 76 (1024 800 480 ) (1024 800 799.442078 ) (976 800 799.442078 ) (976 800 480 ) 
4 60 61 (1024 800 480 ) (976 800 480 ) (976 992 480 ) (1024 992 480 ) 
4 61 76 (1024 800 288 ) (1024 800 480 ) (976 800 480 ) (976 800 288 ) 
4 61 71 (1024 800 288 ) (976 800 288 ) (976 992 288 ) (1024 992 288 ) 
4 61 62 (976 992 288 ) (976 800 288 ) (976 800 415.441986 ) (976 992 415.441986 ) 
4 62 72 (976 800 288 ) (960 800 288 ) (960 992 288 ) (976 992 288 ) 
4 62 63 (960 992 288 ) (960 800 288 ) (960 800 415.441986 ) (960 992 415.441986 ) 
4 63 67 (928 832 288 ) (928 800 288 ) (928 800 480 ) (928 832 480 ) 
4 63 66 (928 960 288 ) (928 832 288 ) (928 832 478 ) (928 960 478 ) 
4 63 65 (928 832 478 ) (928 832 480 ) (928 960 480 ) (928 960 478 ) 
4 63 64 (928 992 480 ) (928 992 288 ) (928 960 288 ) (928 960 480 ) 
4 64 66 (864 960 478 ) (864 960 288 ) (928 960 288 ) (928 960 478 ) 
4 64 65 (864 960 480 ) (864 960 478 ) (928 960 478 ) (928 960 480 ) 
4 65 67 (864 832 480 ) (864 832 478 ) (928 832 478 ) (928 832 480 ) 
4 65 66 (928 832 478 ) (864 832 478 ) (864 960 478 ) (928 960 478 ) 
4 66 68 (864 960 288 ) (864 832 288 ) (864 832 416 ) (864 960 416 ) 
4 66 67 (864 832 478 ) (864 832 288 ) (928 832 288 ) (928 832 478 ) 
4 68 69 (856 960 288 ) (856 832 288 ) (856 832 416 ) (856 960 416 ) 
4 69 70 (840 960 288 ) (840 832 288 ) (840 832 416 ) (840 960 416 ) 
4 70 73 (800 960 288 ) (800 832 288 ) (800 832 416 ) (800 960 416 ) 
4 71 76 (1024 800 31.441502 ) (1024 800 288 ) (976 800 288 ) (976 800 31.441502 ) 
4 71 72 (976 800 287.441986 ) (976 800 288 ) (976 992 288 ) (976 992 287.441986 ) 
4 73 74 (783 992 288 ) (783 800 288 ) (783 800 416 ) (783 992 416 ) 
4 74 75 (782 992 288 ) (782 800 288 ) (782 800 416 ) (782 992 416 ) 
4 75 78 (768 800 288 ) (768 800 416 ) (768 992 416 ) (768 992 288 ) 
4 77 80 (768 320 800 ) (768 704 800 ) (768 704 224 ) (768 320 224 ) 
4 78 83 (544 736 288 ) (544 736 544 ) (544 1024 544 ) (544 1024 288 ) 
4 78 81 (544 736 544 ) (544 736 800 ) (544 1024 800 ) (544 1024 544 ) 
4 78 79 (736 768 288 ) (736 1024 288 ) (768 1024 288 ) (768 768 288 ) 
4 80 82 (544 352 800 ) (544 672 800 ) (544 672 544 ) (544 352 544 ) 
4 81 84 (512 1024 800 ) (512 1024 544 ) (512 736 544 ) (512 736 800 ) 
4 81 83 (512 736 544 ) (512 1024 544 ) (544 1024 544 ) (544 736 544 ) 
4 82 84 (512 672 544 ) (512 352 544 ) (512 352 800 ) (512 672 800 ) 
4 83 84 (512 1024 544 ) (512 1024 288 ) (512 736 288 ) (512 736 544 ) 
4 84 120 (512 0 287 ) (512 0 800 ) (504 0 800 ) (504 0 287 ) 
4 84 91 (504 1024 287 ) (512 1024 287 ) (512 0 287 ) (504 0 287 ) 
4 84 88 (504 832 287 ) (504 746 287 ) (504 746 288 ) (504 832 288 ) 
4 84 87 (504 858 287 ) (504 832 287 ) (504 832 288 ) (504 858 288 ) 
4 84 89 (504 746 287 ) (504 0 287 ) (504 0 288 ) (504 746 288 ) 
4 84 86 (504 1024 287 ) (504 858 287 ) (504 858 288 ) (504 1024 288 ) 
4 84 85 (504 0 288 ) (504 0 800 ) (504 1024 800 ) (504 1024 288 ) 
4 85 120 (504 0 800 ) (384 0 800 ) (384 0 288 ) (504 0 288 ) 
4 85 88 (384 746 288 ) (384 832 288 ) (504 832 288 ) (504 746 288 ) 
4 85 87 (384 832 288 ) (384 858 288 ) (504 858 288 ) (504 832 288 ) 
4 85 89 (384 0 288 ) (384 746 288 ) (504 746 288 ) (504 0 288 ) 
4 85 86 (384 858 288 ) (384 1024 288 ) (504 1024 288 ) (504 858 288 ) 
4 85 90 (384 0 288 ) (384 0 800 ) (384 1024 800 ) (384 1024 288 ) 
4 86 91 (384 1024 287 ) (504 1024 287 ) (504 858 287 ) (384 858 287 ) 
4 86 87 (504 858 287 ) (504 858 288 ) (384 858 288 ) (384 858 287 ) 
4 86 90 (384 1024 287 ) (384 858 287 ) (384 858 288 ) (384 1024 288 ) 
4 87 91 (504 858 287 ) (504 832 287 ) (384 832 287 ) (384 858 287 ) 
4 87 90 (384 858 287 ) (384 832 287 ) (384 832 288 ) (384 858 288 ) 
4 87 88 (504 832 287 ) (504 832 288 ) (384 832 288 ) (384 832 287 ) 
4 88 91 (504 832 287 ) (504 746 287 ) (384 746 287 ) (384 832 287 ) 
4 88 89 (504 746 287 ) (504 746 288 ) (384 746 288 ) (384 746 287 ) 
4 88 90 (384 832 287 ) (384 746 287 ) (384 746 288 ) (384 832 288 ) 
4 89 120 (384 0 288 ) (384 0 287 ) (504 0 287 ) (504 0 288 ) 
4 89 91 (504 746 287 ) (504 0 287 ) (384 0 287 ) (384 746 287 ) 
4 89 90 (384 746 287 ) (384 0 287 ) (384 0 288 ) (384 746 288 ) 
4 90 139 (0 128 800 ) (0 160 800 ) (0 160 287 ) (0 128 287 ) 
4 90 138 (0 160 800 ) (0 1024 800 ) (0 1024 287 ) (0 160 287 ) 
4 90 141 (0 0 287 ) (0 0 800 ) (0 128 800 ) (0 128 287 ) 
4 90 121 (64 0 800 ) (0 0 800 ) (0 0 287 ) (64 0 287 ) 
4 90 120 (384 0 800 ) (64 0 800 ) (64 0 287 ) (384 0 287 ) 
4 90 93 (0 128 287 ) (0 160 287 ) (64 160 287 ) (64 128 287 ) 
4 90 92 (0 160 287 ) (0 1024 287 ) (64 1024 287 ) (64 160 287 ) 
4 90 96 (0 0 287 ) (0 128 287 ) (64 128 287 ) (64 0 287 ) 
4 90 91 (64 1024 287 ) (384 1024 287 ) (384 0 287 ) (64 0 287 ) 
4 91 120 (512 0 -4721 ) (512 0 287 ) (64 0 287 ) (64 0 -4721 ) 
4 91 95 (64 160 -4721 ) (64 128 -4721 ) (64 128 -158 ) (64 160 -158 ) 
4 91 94 (64 128 -152 ) (64 128 -144 ) (64 160 -144 ) (64 160 -152 ) 
4 91 93 (64 128 -144 ) (64 128 287 ) (64 160 287 ) (64 160 -144 ) 
4 91 92 (64 1024 -4721 ) (64 160 -4721 ) (64 160 287 ) (64 1024 287 ) 
4 91 96 (64 128 -4721 ) (64 0 -4721 ) (64 0 287 ) (64 128 287 ) 
4 92 143 (0 1024 -158 ) (0 1024 -4721 ) (0 160 -4721 ) (0 160 -158 ) 
4 92 138 (0 160 287 ) (0 1024 287 ) (0 1024 -158 ) (0 160 -158 ) 
4 92 95 (0 160 -4721 ) (64 160 -4721 ) (64 160 -158 ) (0 160 -158 ) 
4 92 94 (64 160 -152 ) (64 160 -144 ) (0 160 -144 ) (0 160 -152 ) 
4 92 93 (64 160 -144 ) (64 160 287 ) (0 160 287 ) (0 160 -144 ) 
4 93 139 (0 128 287 ) (0 160 287 ) (0 160 -144 ) (0 128 -144 ) 
4 93 96 (64 128 -144 ) (64 128 287 ) (0 128 287 ) (0 128 -144 ) 
4 93 94 (64 128 -144 ) (0 128 -144 ) (0 160 -144 ) (64 160 -144 ) 
4 94 140 (0 160 -144 ) (0 160 -152 ) (0 128 -152 ) (0 128 -144 ) 
4 94 96 (64 128 -152 ) (64 128 -144 ) (0 128 -144 ) (0 128 -152 ) 
4 95 143 (0 160 -158 ) (0 160 -4721 ) (0 128 -4721 ) (0 128 -158 ) 
4 95 96 (0 128 -4721 ) (64 128 -4721 ) (64 128 -158 ) (0 128 -158 ) 
4 96 143 (0 0 -4721 ) (0 0 -158 ) (0 128 -158 ) (0 128 -4721 ) 
4 96 141 (0 0 -158 ) (0 0 287 ) (0 128 287 ) (0 128 -158 ) 
4 96 123 (0 0 -158 ) (0 0 -4721 ) (64 0 -4721 ) (64 0 -158 ) 
4 96 122 (0 0 -144 ) (0 0 -152 ) (64 0 -152 ) (64 0 -144 ) 
4 96 121 (64 0 287 ) (0 0 287 ) (0 0 -144 ) (64 0 -144 ) 
4 97 101 (1024 -352 448 ) (1024 -416 448 ) (1024 -416 768 ) (1024 -352 768 ) 
4 97 98 (1024 0 768 ) (1024 0 448 ) (1024 -352 448 ) (1024 -352 768 ) 
4 98 101 (1024 -352 448 ) (1024 -352 768 ) (800 -352 768 ) (800 -352 448 ) 
4 98 99 (720 0 768 ) (720 0 448 ) (720 -352 448 ) (720 -352 768 ) 
4 99 104 (544 -32 544 ) (544 -288 544 ) (544 -288 736 ) (544 -32 736 ) 
4 100 112 (544 -96 160 ) (544 -352 160 ) (544 -352 224 ) (544 -96 224 ) 
4 100 110 (544 -352 224 ) (544 -352 288 ) (544 -96 288 ) (544 -96 224 ) 
4 100 108 (544 -352 288 ) (544 -352 352 ) (544 -96 352 ) (544 -96 288 ) 
4 102 106 (544 -384 544 ) (544 -384 512 ) (544 -576 512 ) (544 -576 544 ) 
4 102 105 (544 -384 672 ) (544 -384 544 ) (544 -576 544 ) (544 -576 672 ) 
4 103 119 (544 -416 32 ) (544 -416 -32 ) (544 -544 -32 ) (544 -544 32 ) 
4 103 117 (544 -416 96 ) (544 -416 32 ) (544 -544 32 ) (544 -544 96 ) 
4 103 115 (544 -416 160 ) (544 -416 96 ) (544 -544 96 ) (544 -544 160 ) 
4 103 113 (544 -544 224 ) (544 -416 224 ) (544 -416 160 ) (544 -544 160 ) 
4 104 120 (512 -32 736 ) (512 -32 544 ) (512 -288 544 ) (512 -288 736 ) 
4 105 120 (512 -384 672 ) (512 -384 544 ) (512 -576 544 ) (512 -576 672 ) 
4 105 106 (512 -576 544 ) (512 -384 544 ) (544 -384 544 ) (544 -576 544 ) 
4 106 120 (512 -576 544 ) (512 -384 544 ) (512 -384 512 ) (512 -576 512 ) 
4 107 127 (512 -928 416 ) (512 -896 416 ) (512 -896 352 ) (512 -928 352 ) 
4 107 109 (512 -928 352 ) (512 -896 352 ) (520 -896 352 ) (520 -928 352 ) 
4 108 110 (544 -96 288 ) (544 -352 288 ) (528 -352 288 ) (528 -96 288 ) 
4 109 128 (512 -960 352 ) (512 -928 352 ) (512 -928 288 ) (512 -960 288 ) 
4 109 127 (512 -928 352 ) (512 -896 352 ) (512 -896 288 ) (512 -928 288 ) 
4 109 111 (512 -960 288 ) (512 -896 288 ) (520 -896 288 ) (520 -960 288 ) 
4 110 120 (512 -352 288 ) (512 -96 288 ) (512 -96 224 ) (512 -352 224 ) 
4 110 112 (512 -352 224 ) (512 -96 224 ) (544 -96 224 ) (544 -352 224 ) 
4 111 128 (512 -960 288 ) (512 -928 288 ) (512 -928 224 ) (512 -960 224 ) 
4 111 127 (512 -928 288 ) (512 -896 288 ) (512 -896 224 ) (512 -928 224 ) 
4 111 114 (512 -960 224 ) (512 -896 224 ) (520 -896 224 ) (520 -960 224 ) 
4 112 120 (512 -352 224 ) (512 -96 224 ) (512 -96 160 ) (512 -352 160 ) 
4 113 120 (512 -544 224 ) (512 -416 224 ) (512 -416 160 ) (512 -544 160 ) 
4 113 115 (512 -544 160 ) (512 -416 160 ) (544 -416 160 ) (544 -544 160 ) 
4 114 128 (512 -960 224 ) (512 -928 224 ) (512 -928 160 ) (512 -960 160 ) 
4 114 127 (512 -928 224 ) (512 -896 224 ) (512 -896 160 ) (512 -928 160 ) 
4 114 116 (512 -960 160 ) (512 -896 160 ) (520 -896 160 ) (520 -960 160 ) 
4 115 120 (512 -544 160 ) (512 -416 160 ) (512 -416 96 ) (512 -544 96 ) 
4 115 117 (512 -544 96 ) (512 -416 96 ) (544 -416 96 ) (544 -544 96 ) 
4 116 128 (512 -960 160 ) (512 -928 160 ) (512 -928 96 ) (512 -960 96 ) 
4 116 127 (512 -928 160 ) (512 -896 160 ) (512 -896 96 ) (512 -928 96 ) 
4 116 118 (512 -928 96 ) (512 -896 96 ) (520 -896 96 ) (520 -928 96 ) 
4 117 120 (512 -544 96 ) (512 -416 96 ) (512 -416 32 ) (512 -544 32 ) 
4 117 119 (512 -544 32 ) (512 -416 32 ) (544 -416 32 ) (544 -544 32 ) 
4 118 127 (512 -928 96 ) (512 -896 96 ) (512 -896 32 ) (512 -928 32 ) 
4 119 120 (512 -544 32 ) (512 -416 32 ) (512 -416 -32 ) (512 -544 -32 ) 
4 120 126 (512 -608 -4721 ) (512 -608 800 ) (64 -608 800 ) (64 -608 -4721 ) 
4 120 123 (64 0 -4721 ) (64 -32 -4721 ) (64 -32 -158 ) (64 0 -158 ) 
4 120 122 (64 -32 -152 ) (64 -32 -144 ) (64 0 -144 ) (64 0 -152 ) 
4 120 121 (64 -32 -144 ) (64 -32 800 ) (64 0 800 ) (64 0 -144 ) 
4 120 124 (64 -32 -4721 ) (64 -608 -4721 ) (64 -608 800 ) (64 -32 800 ) 
4 121 149 (0 -32 800 ) (0 0 800 ) (0 0 -144 ) (0 -32 -144 ) 
4 121 124 (64 -32 -144 ) (64 -32 800 ) (0 -32 800 ) (0 -32 -144 ) 
4 121 122 (64 -32 -144 ) (0 -32 -144 ) (0 0 -144 ) (64 0 -144 ) 
4 122 154 (0 0 -144 ) (0 0 -152 ) (0 -32 -152 ) (0 -32 -144 ) 
4 122 124 (64 -32 -152 ) (64 -32 -144 ) (0 -32 -144 ) (0 -32 -152 ) 
4 123 157 (0 0 -158 ) (0 0 -4721 ) (0 -32 -4721 ) (0 -32 -158 ) 
4 123 124 (0 -32 -4721 ) (64 -32 -4721 ) (64 -32 -158 ) (0 -32 -158 ) 
4 124 157 (0 -608 -4721 ) (0 -608 -158 ) (0 -32 -158 ) (0 -32 -4721 ) 
4 124 155 (0 -608 -158 ) (0 -608 -152 ) (0 -32 -152 ) (0 -32 -158 ) 
4 124 149 (0 -608 -144 ) (0 -608 800 ) (0 -32 800 ) (0 -32 -144 ) 
4 124 154 (0 -608 -152 ) (0 -608 -144 ) (0 -32 -144 ) (0 -32 -152 ) 
4 124 126 (64 -608 800 ) (0 -608 800 ) (0 -608 -4721 ) (64 -608 -4721 ) 
4 125 126 (448 -736 800 ) (256 -736 800 ) (256 -608 800 ) (448 -608 800 ) 
4 126 157 (0 -736 -4721 ) (0 -736 -158 ) (0 -608 -158 ) (0 -608 -4721 ) 
4 126 155 (0 -736 -158 ) (0 -736 -152 ) (0 -608 -152 ) (0 -608 -158 ) 
4 126 149 (0 -736 -144 ) (0 -736 800 ) (0 -608 800 ) (0 -608 -144 ) 
4 126 154 (0 -736 -152 ) (0 -736 -144 ) (0 -608 -144 ) (0 -608 -152 ) 
4 126 132 (0 -736 800 ) (0 -736 -4721 ) (128 -736 -4721 ) (128 -736 800 ) 
4 126 129 (128 -736 -4721 ) (512 -736 -4721 ) (512 -736 -104 ) (128 -736 -104 ) 
4 126 127 (512 -736 -104 ) (512 -736 800 ) (128 -736 800 ) (128 -736 -104 ) 
4 127 132 (128 -736 800 ) (128 -736 -104 ) (128 -928 -104 ) (128 -928 800 ) 
4 127 129 (128 -928 -104 ) (128 -736 -104 ) (512 -736 -104 ) (512 -928 -104 ) 
4 127 128 (512 -928 -96 ) (512 -928 800 ) (128 -928 800 ) (128 -928 -96 ) 
4 128 175 (512 -1024 -96 ) (512 -1024 800 ) (128 -1024 800 ) (128 -1024 -96 ) 
4 128 133 (128 -1024 -96 ) (128 -1024 800 ) (128 -928 800 ) (128 -928 -96 ) 
4 129 132 (128 -736 -104 ) (128 -736 -4721 ) (128 -928 -4721 ) (128 -928 -104 ) 
4 130 179 (512 -1024 -848 ) (512 -1024 -352 ) (128 -1024 -352 ) (128 -1024 -848 ) 
4 130 178 (512 -1024 -352 ) (512 -1024 -104 ) (128 -1024 -104 ) (128 -1024 -352 ) 
4 131 148 (0 -848 1240 ) (0 -752 1240 ) (0 -752 800 ) (0 -848 800 ) 
4 131 132 (0 -848 800 ) (0 -752 800 ) (48 -752 800 ) (48 -848 800 ) 
4 132 157 (0 -928 -4721 ) (0 -928 -158 ) (0 -736 -158 ) (0 -736 -4721 ) 
4 132 155 (0 -928 -158 ) (0 -928 -152 ) (0 -736 -152 ) (0 -736 -158 ) 
4 132 149 (0 -928 -144 ) (0 -928 800 ) (0 -736 800 ) (0 -736 -144 ) 
4 132 154 (0 -928 -152 ) (0 -928 -144 ) (0 -736 -144 ) (0 -736 -152 ) 
4 132 133 (128 -928 -96 ) (128 -928 800 ) (0 -928 800 ) (0 -928 -96 ) 
4 133 175 (128 -1024 -96 ) (128 -1024 800 ) (0 -1024 800 ) (0 -1024 -96 ) 
4 133 158 (0 -1024 -96 ) (0 -1024 800 ) (0 -928 800 ) (0 -928 -96 ) 
4 134 143 (0 1024 -4721 ) (0 1024 -158 ) (-512 1024 -158 ) (-512 1024 -4721 ) 
4 134 138 (0 1024 -158 ) (0 1024 800 ) (-64 1024 800 ) (-64 1024 -158 ) 
4 134 142 (-64 1024 800 ) (-512 1024 800 ) (-512 1024 -158 ) (-64 1024 -158 ) 
4 134 135 (-512 1024 160 ) (-512 1024 288 ) (-512 1120 288 ) (-512 1120 160 ) 
4 135 144 (-512 1024 160 ) (-512 1024 288 ) (-543 1024 288 ) (-543 1024 160 ) 
4 135 136 (-543 1024 162 ) (-543 1024 286 ) (-543 1120 286 ) (-543 1120 162 ) 
4 136 145 (-544 1024 286 ) (-544 1024 162 ) (-543 1024 162 ) (-543 1024 286 ) 
4 136 137 (-544 1024 162 ) (-544 1024 286 ) (-544 1119 286 ) (-544 1119 162 ) 
4 137 147 (-544 1024 162 ) (-544 1024 286 ) (-645 1024 286 ) (-645 1024 162 ) 
4 138 143 (-64 160 -158 ) (-64 1024 -158 ) (0 1024 -158 ) (0 160 -158 ) 
4 138 140 (-64 160 -144 ) (-64 160 -152 ) (0 160 -152 ) (0 160 -144 ) 
4 138 139 (-64 160 800 ) (-64 160 -144 ) (0 160 -144 ) (0 160 800 ) 
4 138 142 (-64 1024 -158 ) (-64 160 -158 ) (-64 160 800 ) (-64 1024 800 ) 
4 139 141 (-64 128 800 ) (-64 128 -144 ) (0 128 -144 ) (0 128 800 ) 
4 139 142 (-64 128 -144 ) (-64 128 800 ) (-64 160 800 ) (-64 160 -144 ) 
4 139 140 (0 128 -144 ) (-64 128 -144 ) (-64 160 -144 ) (0 160 -144 ) 
4 140 141 (-64 128 -144 ) (-64 128 -152 ) (0 128 -152 ) (0 128 -144 ) 
4 140 142 (-64 128 -152 ) (-64 128 -144 ) (-64 160 -144 ) (-64 160 -152 ) 
4 141 149 (0 0 -144 ) (0 0 800 ) (-64 0 800 ) (-64 0 -144 ) 
4 141 154 (0 0 -152 ) (0 0 -144 ) (-64 0 -144 ) (-64 0 -152 ) 
4 141 143 (0 0 -158 ) (-64 0 -158 ) (-64 128 -158 ) (0 128 -158 ) 
4 141 142 (-64 128 -158 ) (-64 0 -158 ) (-64 0 800 ) (-64 128 800 ) 
4 142 156 (-512 0 -152 ) (-512 0 -158 ) (-64 0 -158 ) (-64 0 -152 ) 
4 142 150 (-504 0 800 ) (-512 0 800 ) (-512 0 -144 ) (-504 0 -144 ) 
4 142 149 (-64 0 800 ) (-504 0 800 ) (-504 0 -144 ) (-64 0 -144 ) 
4 142 154 (-512 0 -144 ) (-512 0 -152 ) (-64 0 -152 ) (-64 0 -144 ) 
4 142 146 (-512 481 800 ) (-512 736 800 ) (-512 736 544 ) (-512 481 544 ) 
4 142 144 (-512 1024 288 ) (-512 1024 160 ) (-512 864 160 ) (-512 864 288 ) 
4 142 143 (-64 0 -158 ) (-512 0 -158 ) (-512 1024 -158 ) (-64 1024 -158 ) 
4 143 157 (0 0 -4721 ) (0 0 -158 ) (-512 0 -158 ) (-512 0 -4721 ) 
4 144 145 (-543 864 162 ) (-543 864 286 ) (-543 1024 286 ) (-543 1024 162 ) 
4 145 147 (-544 1024 286 ) (-544 1024 162 ) (-544 865 162 ) (-544 865 286 ) 
4 148 149 (-48 -848 800 ) (-48 -752 800 ) (0 -752 800 ) (0 -848 800 ) 
4 149 158 (0 -928 -96 ) (0 -928 800 ) (-504 -928 800 ) (-504 -928 -96 ) 
4 149 151 (-504 -544 672 ) (-504 -544 800 ) (-504 -416 800 ) (-504 -416 672 ) 
4 149 152 (-504 -416 -144 ) (-504 -544 -144 ) (-504 -544 544 ) (-504 -416 544 ) 
4 149 150 (-504 0 -144 ) (-504 -416 -144 ) (-504 -416 800 ) (-504 0 800 ) 
4 149 153 (-504 -544 -144 ) (-504 -928 -144 ) (-504 -928 800 ) (-504 -544 800 ) 
4 149 154 (0 -928 -144 ) (-504 -928 -144 ) (-504 0 -144 ) (0 0 -144 ) 
4 150 151 (-504 -416 672 ) (-504 -416 800 ) (-512 -416 800 ) (-512 -416 672 ) 
4 150 152 (-512 -416 -144 ) (-504 -416 -144 ) (-504 -416 544 ) (-512 -416 544 ) 
4 150 154 (-512 -416 -144 ) (-512 0 -144 ) (-504 0 -144 ) (-504 -416 -144 ) 
4 151 153 (-504 -544 672 ) (-504 -544 800 ) (-512 -544 800 ) (-512 -544 672 ) 
4 152 154 (-512 -544 -144 ) (-512 -416 -144 ) (-504 -416 -144 ) (-504 -544 -144 ) 
4 152 153 (-512 -544 -144 ) (-504 -544 -144 ) (-504 -544 544 ) (-512 -544 544 ) 
4 153 162 (-512 -800 416 ) (-512 -800 288 ) (-512 -864 288 ) (-512 -864 416 ) 
4 153 161 (-512 -736 416 ) (-512 -736 224 ) (-512 -800 224 ) (-512 -800 416 ) 
4 153 160 (-512 -544 416 ) (-512 -544 160 ) (-512 -736 160 ) (-512 -736 416 ) 
4 153 158 (-504 -928 800 ) (-512 -928 800 ) (-512 -928 -96 ) (-504 -928 -96 ) 
4 153 154 (-504 -928 -144 ) (-512 -928 -144 ) (-512 -544 -144 ) (-504 -544 -144 ) 
4 154 155 (0 -928 -152 ) (-64 -928 -152 ) (-64 -32 -152 ) (0 -32 -152 ) 
4 154 156 (-64 -928 -152 ) (-512 -928 -152 ) (-512 0 -152 ) (-64 0 -152 ) 
4 155 157 (0 -928 -158 ) (-64 -928 -158 ) (-64 -32 -158 ) (0 -32 -158 ) 
4 155 156 (-64 -32 -158 ) (-64 -928 -158 ) (-64 -928 -152 ) (-64 -32 -152 ) 
4 156 157 (-64 -928 -158 ) (-512 -928 -158 ) (-512 0 -158 ) (-64 0 -158 ) 
4 158 197 (0 -1024 -96 ) (0 -1024 800 ) (-512 -1024 800 ) (-512 -1024 -96 ) 
4 159 163 (-544 -416 544 ) (-544 -544 544 ) (-544 -544 672 ) (-544 -416 672 ) 
4 160 163 (-544 -736 160 ) (-544 -736 416 ) (-544 -544 416 ) (-544 -544 160 ) 
4 160 161 (-512 -736 224 ) (-512 -736 416 ) (-544 -736 416 ) (-544 -736 224 ) 
4 161 163 (-544 -800 224 ) (-544 -800 416 ) (-544 -736 416 ) (-544 -736 224 ) 
4 161 162 (-512 -800 288 ) (-512 -800 416 ) (-544 -800 416 ) (-544 -800 288 ) 
4 162 163 (-544 -864 288 ) (-544 -864 416 ) (-544 -800 416 ) (-544 -800 288 ) 
4 163 201 (-544 -1024 -96 ) (-544 -1024 672 ) (-992 -1024 672 ) (-992 -1024 -96 ) 
4 164 169 (960 -1488 159.789001 ) (960 -1520 159.789001 ) (896 -1520 159.789001 ) (896 -1488 159.789001 ) 
4 164 168 (896 -1456 159.789001 ) (960 -1456 159.789001 ) (960 -1488 159.789001 ) (896 -1488 159.789001 ) 
4 165 169 (768 -1488 159.789001 ) (768 -1520 159.789001 ) (704 -1520 159.789001 ) (704 -1488 159.789001 ) 
4 165 168 (704 -1456 159.789001 ) (768 -1456 159.789001 ) (768 -1488 159.789001 ) (704 -1488 159.789001 ) 
4 166 167 (576 -1264 -96.210709 ) (704 -1264 -96.210709 ) (704 -1264 159.789001 ) (576 -1264 159.789001 ) 
4 167 168 (576 -1328 -96.210709 ) (992 -1328 -96.210709 ) (992 -1328 159.789001 ) (576 -1328 159.789001 ) 
4 168 189 (544 -1328 32 ) (544 -1328 -96 ) (544 -1488 -96 ) (544 -1488 32 ) 
4 168 188 (544 -1328 96 ) (544 -1328 32 ) (544 -1488 32 ) (544 -1488 96 ) 
4 168 172 (992 -1328 -96.210709 ) (1024 -1328 -96.210709 ) (1024 -1488 -96.210709 ) (992 -1488 -96.210709 ) 
4 168 169 (640 -1488 -96.210709 ) (1024 -1488 -96.210709 ) (1024 -1488 159.789001 ) (640 -1488 159.789001 ) 
4 169 172 (992 -1488 -96.210709 ) (1024 -1488 -96.210709 ) (1024 -1552 -96.210709 ) (992 -1552 -96.210709 ) 
4 169 171 (672 -1552 -96.210709 ) (800 -1552 -96.210709 ) (800 -1552 159.789001 ) (672 -1552 159.789001 ) 
4 169 170 (864 -1552 -96.210709 ) (1024 -1552 -96.210709 ) (1024 -1552 159.789001 ) (864 -1552 159.789001 ) 
4 170 173 (864 -1552 -96.210709 ) (992 -1552 -96.210709 ) (992 -1584 -96.210709 ) (864 -1584 -96.210709 ) 
4 170 172 (992 -1552 -96.210709 ) (1024 -1552 -96.210709 ) (1024 -1584 -96.210709 ) (992 -1584 -96.210709 ) 
4 171 174 (672 -1552 -96.210709 ) (800 -1552 -96.210709 ) (800 -1584 -96.210709 ) (672 -1584 -96.210709 ) 
4 172 173 (992 -1584 -104.210663 ) (992 -1584 -96.210709 ) (992 -1552 -96.210709 ) (992 -1552 -104.210663 ) 
4 175 199 (0 -1216 -96 ) (0 -1248 -96 ) (0 -1248 800 ) (0 -1216 800 ) 
4 175 198 (0 -1184 -96 ) (0 -1216 -96 ) (0 -1216 800 ) (0 -1184 800 ) 
4 175 197 (0 -1024 800 ) (0 -1024 -96 ) (0 -1184 -96 ) (0 -1184 800 ) 
4 175 181 (0 -1248 160 ) (0 -1248 -96 ) (64 -1248 -96 ) (64 -1248 160 ) 
4 175 180 (384 -1248 416 ) (384 -1248 544 ) (128 -1248 544 ) (128 -1248 416 ) 
4 175 177 (64 -1248 -96 ) (0 -1248 -96 ) (0 -1216 -96 ) (64 -1216 -96 ) 
4 175 176 (384 -1184 -96 ) (256 -1184 -96 ) (256 -1056 -96 ) (384 -1056 -96 ) 
4 176 178 (384 -1184 -104 ) (256 -1184 -104 ) (256 -1056 -104 ) (384 -1056 -104 ) 
4 177 199 (0 -1216 -104 ) (0 -1248 -104 ) (0 -1248 -96 ) (0 -1216 -96 ) 
4 178 179 (128 -1183 -352 ) (128 -1024 -352 ) (512 -1024 -352 ) (512 -1183 -352 ) 
4 181 202 (0 -1280 -96 ) (0 -1280 160 ) (0 -1248 160 ) (0 -1248 -96 ) 
4 181 182 (64 -1280 160 ) (0 -1280 160 ) (0 -1280 -96 ) (64 -1280 -96 ) 
4 182 204 (0 -1312 -96 ) (0 -1312 160 ) (0 -1280 160 ) (0 -1280 -96 ) 
4 182 194 (0 -1312 32 ) (0 -1312 -96 ) (64 -1312 -96 ) (64 -1312 32 ) 
4 182 191 (64 -1312 160 ) (0 -1312 160 ) (0 -1312 32 ) (64 -1312 32 ) 
3 183 188 (352 -1330.285645 96 ) (376 -1344 96 ) (352 -1344 96 ) 
4 183 184 (376 -1344 110 ) (376 -1344 112 ) (352 -1344 112 ) (352 -1344 110 ) 
4 183 185 (352 -1344 96 ) (376 -1344 96 ) (376 -1344 104 ) (352 -1344 104 ) 
4 184 186 (376 -1472 112 ) (352 -1472 112 ) (352 -1472 110 ) (376 -1472 110 ) 
4 185 188 (352 -1344 96 ) (416 -1344 96 ) (416 -1472 96 ) (352 -1472 96 ) 
4 185 186 (352 -1472 96 ) (376 -1472 96 ) (376 -1472 104 ) (352 -1472 104 ) 
3 186 188 (352 -1485.714233 96 ) (352 -1472 96 ) (376 -1472 96 ) 
4 186 187 (352 -1485.714233 118.861046 ) (352 -1472 112.003906 ) (352 -1472 96 ) (352 -1485.714233 96 ) 
4 188 189 (544 -1504 32 ) (352 -1504 32 ) (352 -1312 32 ) (544 -1312 32 ) 
4 189 190 (352 -1344 -96 ) (352 -1472 -96 ) (352 -1472 32 ) (352 -1344 32 ) 
4 190 192 (288 -1344 -96 ) (288 -1472 -96 ) (288 -1472 32 ) (288 -1344 32 ) 
4 191 204 (0 -1504 32 ) (0 -1504 160 ) (0 -1312 160 ) (0 -1312 32 ) 
4 191 194 (0 -1312 32 ) (256 -1312 32 ) (256 -1504 32 ) (0 -1504 32 ) 
4 192 193 (274 -1312 -96 ) (274 -1504 -96 ) (274 -1504 32 ) (274 -1312 32 ) 
4 193 194 (273 -1312 -96 ) (273 -1504 -96 ) (273 -1504 32 ) (273 -1312 32 ) 
4 194 204 (0 -1504 -96 ) (0 -1504 32 ) (0 -1312 32 ) (0 -1312 -96 ) 
4 195 196 (752 -3072 336 ) (48 -3072 336 ) (48 -3072 -176 ) (752 -3072 -176 ) 
4 197 198 (-512 -1184 800 ) (-512 -1184 -96 ) (0 -1184 -96 ) (0 -1184 800 ) 
4 198 200 (-512 -1216 800 ) (-512 -1216 -96 ) (-64 -1216 -96 ) (-64 -1216 800 ) 
4 198 199 (-64 -1216 -96 ) (0 -1216 -96 ) (0 -1216 800 ) (-64 -1216 800 ) 
4 199 202 (0 -1248 -96 ) (0 -1248 160 ) (-64 -1248 160 ) (-64 -1248 -96 ) 
4 199 200 (-64 -1248 -96 ) (-64 -1248 800 ) (-64 -1216 800 ) (-64 -1216 -96 ) 
4 200 203 (-128 -1248 288 ) (-384 -1248 288 ) (-384 -1248 -96 ) (-128 -1248 -96 ) 
4 202 205 (-32 -1280 160 ) (-64 -1280 160 ) (-64 -1280 -96 ) (-32 -1280 -96 ) 
4 202 204 (0 -1280 -96 ) (0 -1280 160 ) (-32 -1280 160 ) (-32 -1280 -96 ) 
4 203 211 (-128 -1280 288 ) (-384 -1280 288 ) (-384 -1280 -96 ) (-128 -1280 -96 ) 
4 204 205 (-32 -1280 -96 ) (-32 -1504 -96 ) (-32 -1504 160 ) (-32 -1280 160 ) 
4 205 207 (-64 -1312 -96 ) (-64 -1504 -96 ) (-64 -1504 160 ) (-64 -1312 160 ) 
4 205 206 (-64 -1504 160 ) (-64 -1504 -96 ) (-32 -1504 -96 ) (-32 -1504 160 ) 
4 206 208 (-64 -1504 -96 ) (-64 -1512 -96 ) (-64 -1512 160 ) (-64 -1504 160 ) 
4 207 210 (-96 -1439 127 ) (-96 -1345 127 ) (-96 -1345 -63 ) (-96 -1439 -63 ) 
4 207 209 (-96 -1504 -96 ) (-96 -1376 -96 ) (-64 -1376 -96 ) (-64 -1504 -96 ) 
4 207 208 (-96 -1504 -96 ) (-64 -1504 -96 ) (-64 -1504 160 ) (-96 -1504 160 ) 
