


materialPath: C:\Program Files (x86)\Steam\steamapps\common\Portal 2\portal2\materials
Loading C:\Program Files (x86)\Steam\steamapps\common\Portal 2\sdk_content\maps\WIP\Chapter 9\mp_coop_a4_finale3.vmf
fixing up env_cubemap materials on brush sides...
0...1...2...3...4...5...6...7...8...9...100...1...2...3...4...5...6...7...8...9...10Processing areas...Wrote C:\Program Files (x86)\Steam\steamapps\common\Portal 2\sdk_content\maps\WIP\Chapter 9\mp_coop_a4_finale3.lin
Areaportal leak ! File: C:\Program Files (x86)\Steam\steamapps\common\Portal 2\sdk_content\maps\WIP\Chapter 9\mp_coop_a4_finale3.lin 
Brush 8914: areaportal brush doesn't touch two areas

Brush 9089: areaportal brush doesn't touch two areas

Brush 9068: areaportal brush doesn't touch two areas

Brush 9068: areaportal brush doesn't touch two areas

Brush 9068: areaportal brush doesn't touch two areas

Brush 9075: areaportal brush doesn't touch two areas

Brush 8858: areaportal brush doesn't touch two areas

Brush 8858: areaportal brush doesn't touch two areas

Brush 8858: areaportal brush doesn't touch two areas

Brush 9075: areaportal brush doesn't touch two areas
done (0)
Building Faces...done (0)
Chop Details...done (0)
Find Visible Detail Sides...
Merged 460 detail faces...done (0)
Merging details...done (0)
FixTjuncs...
PruneNodes...
WriteBSP...
done (0)
writing C:\Program Files (x86)\Steam\steamapps\common\Portal 2\sdk_content\maps\WIP\Chapter 9\mp_coop_a4_finale3.prt...Building visibility clusters...
done (0)
Finding displacement neighbors...
Finding lightmap sample positions...
Displacement Alpha : 0...1...2...3...4...5...6...7...8...9...10
Building Physics collision data...
done (1) (586305 bytes)
Can't create hull for mesh 0/0 of model a4_destruction/fin3_wheatley_top.mdl
Can't create hull for mesh 0/0 of model a4_destruction/fin3_wheatley_top.mdl
Placing detail props : 0...1...2...3...4...5...6...7...8...9...10
Compacting texture/material tables...
Reduced 2334 texinfos to 1364
Reduced 104 texdatas to 97 (3785 bytes to 3619)
Writing C:\Program Files (x86)\Steam\steamapps\common\Portal 2\sdk_content\maps\WIP\Chapter 9\mp_coop_a4_finale3.bsp

nummapplanes:     (  4452 / 65536 )
nummapbrushes:    (  1580 /  8192 )
nummapbrushsides: ( 10202 / 65536 )
num_map_overlays: (    10 /   512 )
nummodels:        (   150 /  1024 )
num_entities:     (   663 / 16384 )

6 seconds elapsed



24 threads
reading c:\program files (x86)\steam\steamapps\common\portal 2\sdk_content\maps\wip\chapter 9\mp_coop_a4_finale3.bsp
reading c:\program files (x86)\steam\steamapps\common\portal 2\sdk_content\maps\wip\chapter 9\mp_coop_a4_finale3.prt
1058 portalclusters
3605 numportals
0...1...2...3...4...5...6...7...8...9...10Optimized: 80089 visible clusters (0.00%)
Total clusters visible: 688007
Average clusters visible: 650
Building PAS...
Average clusters audible: 939
visdatasize:259443  compressed from 287776
writing c:\program files (x86)\steam\steamapps\common\portal 2\sdk_content\maps\wip\chapter 9\mp_coop_a4_finale3.bsp
0 seconds elapsed



Could not find lights.rad in lights.rad.
Trying VRAD BIN directory instead...
Warning: Couldn't open texlight file C:\Program Files (x86)\Steam\steamapps\common\Portal 2\bin\lights.rad.
Loading c:\program files (x86)\steam\steamapps\common\portal 2\sdk_content\maps\wip\chapter 9\mp_coop_a4_finale3.bsp



materialPath: C:\Program Files (x86)\Steam\steamapps\common\Portal 2\portal2\materials
Loading C:\Program Files (x86)\Steam\steamapps\common\Portal 2\sdk_content\maps\WIP\Chapter 9\mp_coop_a4_finale3.vmf
fixing up env_cubemap materials on brush sides...
0...1...2...3...4...5...6...7...8...9...100...1...2...3...4...5...6...7...8...9...10Processing areas...done (0)
Building Faces...done (0)
Chop Details...done (0)
Find Visible Detail Sides...
Merged 460 detail faces...done (0)
Merging details...done (0)
FixTjuncs...
PruneNodes...
WriteBSP...
done (0)
writing C:\Program Files (x86)\Steam\steamapps\common\Portal 2\sdk_content\maps\WIP\Chapter 9\mp_coop_a4_finale3.prt...Building visibility clusters...
done (0)
Finding displacement neighbors...
Finding lightmap sample positions...
Displacement Alpha : 0...1...2...3...4...5...6...7...8...9...10
Building Physics collision data...
done (1) (586305 bytes)
Can't create hull for mesh 0/0 of model a4_destruction/fin3_wheatley_top.mdl
Can't create hull for mesh 0/0 of model a4_destruction/fin3_wheatley_top.mdl
Placing detail props : 0...1...2...3...4...5...6...7...8...9...10
Compacting texture/material tables...
Reduced 2324 texinfos to 1364
Reduced 104 texdatas to 97 (3785 bytes to 3619)
Writing C:\Program Files (x86)\Steam\steamapps\common\Portal 2\sdk_content\maps\WIP\Chapter 9\mp_coop_a4_finale3.bsp

nummapplanes:     (  4406 / 65536 )
nummapbrushes:    (  1573 /  8192 )
nummapbrushsides: ( 10126 / 65536 )
num_map_overlays: (    10 /   512 )
nummodels:        (   150 /  1024 )
num_entities:     (   656 / 16384 )

6 seconds elapsed



24 threads
reading c:\program files (x86)\steam\steamapps\common\portal 2\sdk_content\maps\wip\chapter 9\mp_coop_a4_finale3.bsp
reading c:\program files (x86)\steam\steamapps\common\portal 2\sdk_content\maps\wip\chapter 9\mp_coop_a4_finale3.prt
1031 portalclusters
3502 numportals
0...1...2...3...4...5...6...7...8...9...10Optimized: 72420 visible clusters (0.00%)
Total clusters visible: 649503
Average clusters visible: 629
Building PAS...
Average clusters audible: 913
visdatasize:240908  compressed from 280432
writing c:\program files (x86)\steam\steamapps\common\portal 2\sdk_content\maps\wip\chapter 9\mp_coop_a4_finale3.bsp
0 seconds elapsed



Could not find lights.rad in lights.rad.
Trying VRAD BIN directory instead...
Warning: Couldn't open texlight file C:\Program Files (x86)\Steam\steamapps\common\Portal 2\bin\lights.rad.
Loading c:\program files (x86)\steam\steamapps\common\portal 2\sdk_content\maps\wip\chapter 9\mp_coop_a4_finale3.bsp
4937 faces
7112268 square feet [1024166656.00 square inches]
0 Displacements
0 Square Feet [0.00 Square Inches]
4937 patches before subdivision
zero area child patch
zero area child patch
108999 patches after subdivision
97 direct lights
0...1...2...3...4...5...6...7...8...9...100...1...2...3...4...5...6...7...8...9...10transfers 10602719, max 489
transfer lists:  80.9 megs
0...1...2...3...4...5...6...7...8...9...10	Bounce #1 added RGB(23100, 18671, 18535)
0...1...2...3...4...5...6...7...8...9...10	Bounce #2 added RGB(4663, 3387, 3188)
0...1...2...3...4...5...6...7...8...9...10	Bounce #3 added RGB(1138, 806, 745)
0...1...2...3...4...5...6...7...8...9...10	Bounce #4 added RGB(312, 228, 207)
0...1...2...3...4...5...6...7...8...9...10	Bounce #5 added RGB(94, 74, 65)
0...1...2...3...4...5...6...7...8...9...10	Bounce #6 added RGB(31, 26, 22)
0...1...2...3...4...5...6...7...8...9...10	Bounce #7 added RGB(11, 9, 8)
0...1...2...3...4...5...6...7...8...9...10	Bounce #8 added RGB(4, 4, 3)
0...1...2...3...4...5...6...7...8...9...10	Bounce #9 added RGB(1, 1, 1)
0...1...2...3...4...5...6...7...8...9...10	Bounce #10 added RGB(1, 1, 0)
Build Patch/Sample Hash Table(s).....Done<0.6699 sec>
0...1...2...3...4...5...6...7...8...9...10FinalLightFace Done
0 of 0 (0% of) surface lights went in leaf ambient cubes.
0...1...2...3...4...5...6...7...8...9...10Writing leaf ambient...done
Ready to Finish

Object names       Objects/Maxobjs  Memory / Maxmem  Fullness 
------------       ---------------  ---------------  -------- 
models                 150/1024         7200/49152    (14.6%) 
brushes               1573/8192        18876/98304    (19.2%) 
brushsides           10126/65536       81008/524288   (15.5%) 
planes                4406/65536       88120/1310720  ( 6.7%) 
vertexes              9564/65536      114768/786432   (14.6%) 
nodes                 3339/65536      106848/2097152  ( 5.1%) 
texinfos              1364/12288       98208/884736   (11.1%) 
texdata                 97/2048         3104/65536    ( 4.7%) 
dispinfos                0/0               0/0        ( 0.0%) 
disp_verts               0/0               0/0        ( 0.0%) 
disp_tris                0/0               0/0        ( 0.0%) 
disp_multiblend          0/0               0/0        ( 0.0%) 
disp_lmsamples           0/0               0/0        ( 0.0%) 
faces                 4937/65536      276472/3670016  ( 7.5%) 
hdr faces                0/65536           0/3670016  ( 0.0%) 
origfaces             2842/65536      159152/3670016  ( 4.3%) 
facebrushes           1233/0            2466/0        ( 0.0%) 
facebrushlists        4937/0           19748/0        ( 0.0%) 
leaves                3490/65536      111680/2097152  ( 5.3%) 
leaffaces             6425/65536       12850/131072   ( 9.8%) 
leafbrushes           3391/65536        6782/131072   ( 5.2%) 
areas                   31/256           248/2048     (12.1%) 
surfedges            33962/512000     135848/2048000  ( 6.6%) 
edges                20235/256000      80940/1024000  ( 7.9%) 
LDR worldlights         97/8192         9700/819200   ( 1.2%) 
HDR worldlights          0/8192            0/819200   ( 0.0%) 
leafwaterdata            0/32768           0/393216   ( 0.0%) 
waterstrips            375/32768        3750/327680   ( 1.1%) 
waterverts               0/65536           0/786432   ( 0.0%) 
waterindices          6168/65536       12336/131072   ( 9.4%) 
cubemapsamples          18/1024          288/16384    ( 1.8%) 
overlays                10/512          3520/180224   ( 2.0%) 
LDR lightdata         [variable]     6684648/0        ( 0.0%) 
HDR lightdata         [variable]           0/0        ( 0.0%) 
visdata               [variable]      240908/16777216 ( 1.4%) 
entdata               [variable]      216825/393216   (55.1%) 
LDR ambient table     3490/65536       13960/262144   ( 5.3%) 
HDR ambient table     3490/65536       13960/262144   ( 5.3%) 
LDR leaf ambient      7385/65536      206780/1835008  (11.3%) 
HDR leaf ambient      3490/65536       97720/1835008  ( 5.3%) 
occluders                0/0               0/0        ( 0.0%) 
occluder polygons        0/0               0/0        ( 0.0%) 
occluder vert ind        0/0               0/0        ( 0.0%) 
detail props          [variable]           1/12       ( 8.3%) 
static props          [variable]           1/97178    ( 0.0%) 
pakfile               [variable]     1423288/0        ( 0.0%) 
physics               [variable]      586305/4194304  (14.0%) 
physics terrain       [variable]           2/1048576  ( 0.0%) 

Level flags = 0

Total triangle count: 12680
Writing c:\program files (x86)\steam\steamapps\common\portal 2\sdk_content\maps\wip\chapter 9\mp_coop_a4_finale3.bsp
23 seconds elapsed



materialPath: C:\Program Files (x86)\Steam\steamapps\common\Portal 2\portal2\materials
Loading C:\Program Files (x86)\Steam\steamapps\common\Portal 2\sdk_content\maps\WIP\Chapter 9\mp_coop_a4_finale3.vmf
fixing up env_cubemap materials on brush sides...
0...1...2...3...4...5...6...7...8...9...100...1...2...3...4...5...6...7...8...9...10Processing areas...done (0)
Building Faces...done (0)
Chop Details...done (0)
Find Visible Detail Sides...
Merged 460 detail faces...done (0)
Merging details...done (0)
FixTjuncs...
PruneNodes...
WriteBSP...
done (0)
writing C:\Program Files (x86)\Steam\steamapps\common\Portal 2\sdk_content\maps\WIP\Chapter 9\mp_coop_a4_finale3.prt...Building visibility clusters...
done (0)
Finding displacement neighbors...
Finding lightmap sample positions...
Displacement Alpha : 0...1...2...3...4...5...6...7...8...9...10
Building Physics collision data...
done (1) (585750 bytes)
Can't create hull for mesh 0/0 of model a4_destruction/fin3_wheatley_top.mdl
Can't create hull for mesh 0/0 of model a4_destruction/fin3_wheatley_top.mdl
Placing detail props : 0...1...2...3...4...5...6...7...8...9...10
Compacting texture/material tables...
Reduced 2322 texinfos to 1362
Reduced 104 texdatas to 97 (3785 bytes to 3619)
Writing C:\Program Files (x86)\Steam\steamapps\common\Portal 2\sdk_content\maps\WIP\Chapter 9\mp_coop_a4_finale3.bsp

nummapplanes:     (  4406 / 65536 )
nummapbrushes:    (  1572 /  8192 )
nummapbrushsides: ( 10120 / 65536 )
num_map_overlays: (    10 /   512 )
nummodels:        (   149 /  1024 )
num_entities:     (   655 / 16384 )

6 seconds elapsed



24 threads
reading c:\program files (x86)\steam\steamapps\common\portal 2\sdk_content\maps\wip\chapter 9\mp_coop_a4_finale3.bsp
reading c:\program files (x86)\steam\steamapps\common\portal 2\sdk_content\maps\wip\chapter 9\mp_coop_a4_finale3.prt
1031 portalclusters
3502 numportals
0...1...2...3...4...5...6...7...8...9...10Optimized: 72420 visible clusters (0.00%)
Total clusters visible: 649503
Average clusters visible: 629
Building PAS...
Average clusters audible: 913
visdatasize:240908  compressed from 280432
writing c:\program files (x86)\steam\steamapps\common\portal 2\sdk_content\maps\wip\chapter 9\mp_coop_a4_finale3.bsp
0 seconds elapsed



Could not find lights.rad in lights.rad.
Trying VRAD BIN directory instead...
Warning: Couldn't open texlight file C:\Program Files (x86)\Steam\steamapps\common\Portal 2\bin\lights.rad.
Loading c:\program files (x86)\steam\steamapps\common\portal 2\sdk_content\maps\wip\chapter 9\mp_coop_a4_finale3.bsp
4931 faces
7111642 square feet [1024076544.00 square inches]
0 Displacements
0 Square Feet [0.00 Square Inches]
4931 patches before subdivision
zero area child patch
zero area child patch
108993 patches after subdivision
97 direct lights
0...1...2...3...4...5...6...7...8...9...100...1...2...3...4...5...6...7...8...9...10transfers 10602289, max 489
transfer lists:  80.9 megs
0...1...2...3...4...5...6...7...8...9...10	Bounce #1 added RGB(23093, 18661, 18526)
0...1...2...3...4...5...6...7...8...9...10	Bounce #2 added RGB(4661, 3385, 3186)
0...1...2...3...4...5...6...7...8...9...10	Bounce #3 added RGB(1138, 806, 744)
0...1...2...3...4...5...6...7...8...9...10	Bounce #4 added RGB(312, 228, 207)
0...1...2...3...4...5...6...7...8...9...10	Bounce #5 added RGB(94, 74, 65)
0...1...2...3...4...5...6...7...8...9...10	Bounce #6 added RGB(31, 26, 22)
0...1...2...3...4...5...6...7...8...9...10	Bounce #7 added RGB(11, 9, 8)
0...1...2...3...4...5...6...7...8...9...10	Bounce #8 added RGB(4, 4, 3)
0...1...2...3...4...5...6...7...8...9...10	Bounce #9 added RGB(1, 1, 1)
0...1...2...3...4...5...6...7...8...9...10	Bounce #10 added RGB(1, 1, 0)
Build Patch/Sample Hash Table(s).....Done<0.6830 sec>
0...1...2...3...4...5...6...7...8...9...10FinalLightFace Done
0 of 0 (0% of) surface lights went in leaf ambient cubes.
0...1...2...3...4...5...6...7...8...9...10Writing leaf ambient...done
Ready to Finish

Object names       Objects/Maxobjs  Memory / Maxmem  Fullness 
------------       ---------------  ---------------  -------- 
models                 149/1024         7152/49152    (14.6%) 
brushes               1572/8192        18864/98304    (19.2%) 
brushsides           10120/65536       80960/524288   (15.4%) 
planes                4406/65536       88120/1310720  ( 6.7%) 
vertexes              9556/65536      114672/786432   (14.6%) 
nodes                 3333/65536      106656/2097152  ( 5.1%) 
texinfos              1362/12288       98064/884736   (11.1%) 
texdata                 97/2048         3104/65536    ( 4.7%) 
dispinfos                0/0               0/0        ( 0.0%) 
disp_verts               0/0               0/0        ( 0.0%) 
disp_tris                0/0               0/0        ( 0.0%) 
disp_multiblend          0/0               0/0        ( 0.0%) 
disp_lmsamples           0/0               0/0        ( 0.0%) 
faces                 4931/65536      276136/3670016  ( 7.5%) 
hdr faces                0/65536           0/3670016  ( 0.0%) 
origfaces             2836/65536      158816/3670016  ( 4.3%) 
facebrushes           1233/0            2466/0        ( 0.0%) 
facebrushlists        4931/0           19724/0        ( 0.0%) 
leaves                3483/65536      111456/2097152  ( 5.3%) 
leaffaces             6419/65536       12838/131072   ( 9.8%) 
leafbrushes           3390/65536        6780/131072   ( 5.2%) 
areas                   31/256           248/2048     (12.1%) 
surfedges            33914/512000     135656/2048000  ( 6.6%) 
edges                20211/256000      80844/1024000  ( 7.9%) 
LDR worldlights         97/8192         9700/819200   ( 1.2%) 
HDR worldlights          0/8192            0/819200   ( 0.0%) 
leafwaterdata            0/32768           0/393216   ( 0.0%) 
waterstrips            375/32768        3750/327680   ( 1.1%) 
waterverts               0/65536           0/786432   ( 0.0%) 
waterindices          6168/65536       12336/131072   ( 9.4%) 
cubemapsamples          18/1024          288/16384    ( 1.8%) 
overlays                10/512          3520/180224   ( 2.0%) 
LDR lightdata         [variable]     6684648/0        ( 0.0%) 
HDR lightdata         [variable]           0/0        ( 0.0%) 
visdata               [variable]      240908/16777216 ( 1.4%) 
entdata               [variable]      216678/393216   (55.1%) 
LDR ambient table     3483/65536       13932/262144   ( 5.3%) 
HDR ambient table     3483/65536       13932/262144   ( 5.3%) 
LDR leaf ambient      7379/65536      206612/1835008  (11.3%) 
HDR leaf ambient      3483/65536       97524/1835008  ( 5.3%) 
occluders                0/0               0/0        ( 0.0%) 
occluder polygons        0/0               0/0        ( 0.0%) 
occluder vert ind        0/0               0/0        ( 0.0%) 
detail props          [variable]           1/12       ( 8.3%) 
static props          [variable]           1/97178    ( 0.0%) 
pakfile               [variable]     1423288/0        ( 0.0%) 
physics               [variable]      585750/4194304  (14.0%) 
physics terrain       [variable]           2/1048576  ( 0.0%) 

Level flags = 0

Total triangle count: 12668
Writing c:\program files (x86)\steam\steamapps\common\portal 2\sdk_content\maps\wip\chapter 9\mp_coop_a4_finale3.bsp
24 seconds elapsed



materialPath: C:\Program Files (x86)\Steam\steamapps\common\Portal 2\portal2\materials
Loading C:\Program Files (x86)\Steam\steamapps\common\Portal 2\sdk_content\maps\WIP\Chapter 9\mp_coop_a4_finale3.vmf
fixing up env_cubemap materials on brush sides...
0...1...2...3...4...5...6...7...8...9...100...1...2...3...4...5...6...7...8...9...10Processing areas...done (0)
Building Faces...done (0)
Chop Details...done (0)
Find Visible Detail Sides...
Merged 460 detail faces...done (0)
Merging details...done (0)
FixTjuncs...
PruneNodes...
WriteBSP...
done (0)
writing C:\Program Files (x86)\Steam\steamapps\common\Portal 2\sdk_content\maps\WIP\Chapter 9\mp_coop_a4_finale3.prt...Building visibility clusters...
done (0)
Finding displacement neighbors...
Finding lightmap sample positions...
Displacement Alpha : 0...1...2...3...4...5...6...7...8...9...10
Building Physics collision data...
done (1) (585195 bytes)
Can't create hull for mesh 0/0 of model a4_destruction/fin3_wheatley_top.mdl
Can't create hull for mesh 0/0 of model a4_destruction/fin3_wheatley_top.mdl
Placing detail props : 0...1...2...3...4...5...6...7...8...9...10
Compacting texture/material tables...
Reduced 2319 texinfos to 1359
Reduced 104 texdatas to 97 (3785 bytes to 3619)
Writing C:\Program Files (x86)\Steam\steamapps\common\Portal 2\sdk_content\maps\WIP\Chapter 9\mp_coop_a4_finale3.bsp

nummapplanes:     (  4406 / 65536 )
nummapbrushes:    (  1571 /  8192 )
nummapbrushsides: ( 10114 / 65536 )
num_map_overlays: (    10 /   512 )
nummodels:        (   148 /  1024 )
num_entities:     (   654 / 16384 )

6 seconds elapsed



24 threads
reading c:\program files (x86)\steam\steamapps\common\portal 2\sdk_content\maps\wip\chapter 9\mp_coop_a4_finale3.bsp
reading c:\program files (x86)\steam\steamapps\common\portal 2\sdk_content\maps\wip\chapter 9\mp_coop_a4_finale3.prt
1031 portalclusters
3502 numportals
0...1...2...3...4...5...6...7...8...9...10Optimized: 72420 visible clusters (0.00%)
Total clusters visible: 649503
Average clusters visible: 629
Building PAS...
Average clusters audible: 913
visdatasize:240908  compressed from 280432
writing c:\program files (x86)\steam\steamapps\common\portal 2\sdk_content\maps\wip\chapter 9\mp_coop_a4_finale3.bsp
0 seconds elapsed



Could not find lights.rad in lights.rad.
Trying VRAD BIN directory instead...
Warning: Couldn't open texlight file C:\Program Files (x86)\Steam\steamapps\common\Portal 2\bin\lights.rad.
Loading c:\program files (x86)\steam\steamapps\common\portal 2\sdk_content\maps\wip\chapter 9\mp_coop_a4_finale3.bsp
4925 faces
7110789 square feet [1023953664.00 square inches]
0 Displacements
0 Square Feet [0.00 Square Inches]
4925 patches before subdivision
zero area child patch
zero area child patch
108987 patches after subdivision
97 direct lights
0...1...2...3...4...5...6...7...8...9...100...1...2...3...4...5...6...7...8...9...10transfers 10601812, max 489
transfer lists:  80.9 megs
0...1...2...3...4...5...6...7...8...9...10	Bounce #1 added RGB(23088, 18661, 18525)
0...1...2...3...4...5...6...7...8...9...10	Bounce #2 added RGB(4660, 3385, 3186)
0...1...2...3...4...5...6...7...8...9...10	Bounce #3 added RGB(1138, 806, 744)
0...1...2...3...4...5...6...7...8...9...10	Bounce #4 added RGB(312, 228, 207)
0...1...2...3...4...5...6...7...8...9...10	Bounce #5 added RGB(94, 74, 65)
0...1...2...3...4...5...6...7...8...9...10	Bounce #6 added RGB(31, 26, 22)
0...1...2...3...4...5...6...7...8...9...10	Bounce #7 added RGB(11, 9, 8)
0...1...2...3...4...5...6...7...8...9...10	Bounce #8 added RGB(4, 4, 3)
0...1...2...3...4...5...6...7...8...9...10	Bounce #9 added RGB(1, 1, 1)
0...1...2...3...4...5...6...7...8...9...10	Bounce #10 added RGB(1, 1, 0)
Build Patch/Sample Hash Table(s).....Done<0.6797 sec>
0...1...2...3...4...5...6...7...8...9...10FinalLightFace Done
0 of 0 (0% of) surface lights went in leaf ambient cubes.
0...1...2...3...4...5...6...7...8...9...10Writing leaf ambient...done
Ready to Finish

Object names       Objects/Maxobjs  Memory / Maxmem  Fullness 
------------       ---------------  ---------------  -------- 
models                 148/1024         7104/49152    (14.5%) 
brushes               1571/8192        18852/98304    (19.2%) 
brushsides           10114/65536       80912/524288   (15.4%) 
planes                4406/65536       88120/1310720  ( 6.7%) 
vertexes              9548/65536      114576/786432   (14.6%) 
nodes                 3327/65536      106464/2097152  ( 5.1%) 
texinfos              1359/12288       97848/884736   (11.1%) 
texdata                 97/2048         3104/65536    ( 4.7%) 
dispinfos                0/0               0/0        ( 0.0%) 
disp_verts               0/0               0/0        ( 0.0%) 
disp_tris                0/0               0/0        ( 0.0%) 
disp_multiblend          0/0               0/0        ( 0.0%) 
disp_lmsamples           0/0               0/0        ( 0.0%) 
faces                 4925/65536      275800/3670016  ( 7.5%) 
hdr faces                0/65536           0/3670016  ( 0.0%) 
origfaces             2830/65536      158480/3670016  ( 4.3%) 
facebrushes           1233/0            2466/0        ( 0.0%) 
facebrushlists        4925/0           19700/0        ( 0.0%) 
leaves                3476/65536      111232/2097152  ( 5.3%) 
leaffaces             6413/65536       12826/131072   ( 9.8%) 
leafbrushes           3389/65536        6778/131072   ( 5.2%) 
areas                   31/256           248/2048     (12.1%) 
surfedges            33866/512000     135464/2048000  ( 6.6%) 
edges                20187/256000      80748/1024000  ( 7.9%) 
LDR worldlights         97/8192         9700/819200   ( 1.2%) 
HDR worldlights          0/8192            0/819200   ( 0.0%) 
leafwaterdata            0/32768           0/393216   ( 0.0%) 
waterstrips            375/32768        3750/327680   ( 1.1%) 
waterverts               0/65536           0/786432   ( 0.0%) 
waterindices          6168/65536       12336/131072   ( 9.4%) 
cubemapsamples          18/1024          288/16384    ( 1.8%) 
overlays                10/512          3520/180224   ( 2.0%) 
LDR lightdata         [variable]     6684648/0        ( 0.0%) 
HDR lightdata         [variable]           0/0        ( 0.0%) 
visdata               [variable]      240908/16777216 ( 1.4%) 
entdata               [variable]      216362/393216   (55.0%) 
LDR ambient table     3476/65536       13904/262144   ( 5.3%) 
HDR ambient table     3476/65536       13904/262144   ( 5.3%) 
LDR leaf ambient      7373/65536      206444/1835008  (11.3%) 
HDR leaf ambient      3476/65536       97328/1835008  ( 5.3%) 
occluders                0/0               0/0        ( 0.0%) 
occluder polygons        0/0               0/0        ( 0.0%) 
occluder vert ind        0/0               0/0        ( 0.0%) 
detail props          [variable]           1/12       ( 8.3%) 
static props          [variable]           1/97178    ( 0.0%) 
pakfile               [variable]     1423288/0        ( 0.0%) 
physics               [variable]      585195/4194304  (14.0%) 
physics terrain       [variable]           2/1048576  ( 0.0%) 

Level flags = 0

Total triangle count: 12656
Writing c:\program files (x86)\steam\steamapps\common\portal 2\sdk_content\maps\wip\chapter 9\mp_coop_a4_finale3.bsp
23 seconds elapsed



materialPath: C:\Program Files (x86)\Steam\steamapps\common\Portal 2\portal2\materials
Loading C:\Program Files (x86)\Steam\steamapps\common\Portal 2\sdk_content\maps\WIP\Chapter 9\mp_coop_a4_finale3.vmf
fixing up env_cubemap materials on brush sides...
0...1...2...3...4...5...6...7...8...9...100...1...2...3...4...5...6...7...8...9...10Processing areas...done (0)
Building Faces...done (0)
Chop Details...done (0)
Find Visible Detail Sides...
Merged 460 detail faces...done (0)
Merging details...done (0)
FixTjuncs...
PruneNodes...
WriteBSP...
done (0)
writing C:\Program Files (x86)\Steam\steamapps\common\Portal 2\sdk_content\maps\WIP\Chapter 9\mp_coop_a4_finale3.prt...Building visibility clusters...
done (0)
Finding displacement neighbors...
Finding lightmap sample positions...
Displacement Alpha : 0...1...2...3...4...5...6...7...8...9...10
Building Physics collision data...
done (1) (585195 bytes)
Can't create hull for mesh 0/0 of model a4_destruction/fin3_wheatley_top.mdl
Can't create hull for mesh 0/0 of model a4_destruction/fin3_wheatley_top.mdl
Placing detail props : 0...1...2...3...4...5...6...7...8...9...10
Compacting texture/material tables...
Reduced 2319 texinfos to 1359
Reduced 104 texdatas to 97 (3785 bytes to 3619)
Writing C:\Program Files (x86)\Steam\steamapps\common\Portal 2\sdk_content\maps\WIP\Chapter 9\mp_coop_a4_finale3.bsp

nummapplanes:     (  4406 / 65536 )
nummapbrushes:    (  1571 /  8192 )
nummapbrushsides: ( 10114 / 65536 )
num_map_overlays: (    10 /   512 )
nummodels:        (   148 /  1024 )
num_entities:     (   655 / 16384 )

6 seconds elapsed



24 threads
reading c:\program files (x86)\steam\steamapps\common\portal 2\sdk_content\maps\wip\chapter 9\mp_coop_a4_finale3.bsp
reading c:\program files (x86)\steam\steamapps\common\portal 2\sdk_content\maps\wip\chapter 9\mp_coop_a4_finale3.prt
1031 portalclusters
3502 numportals
0...1...2...3...4...5...6...7...8...9...10Optimized: 72420 visible clusters (0.00%)
Total clusters visible: 649503
Average clusters visible: 629
Building PAS...
Average clusters audible: 913
visdatasize:240908  compressed from 280432
writing c:\program files (x86)\steam\steamapps\common\portal 2\sdk_content\maps\wip\chapter 9\mp_coop_a4_finale3.bsp
0 seconds elapsed



[Reading texlights from 'lights.rad']
[59 texlights parsed from 'lights.rad']

Loading c:\program files (x86)\steam\steamapps\common\portal 2\sdk_content\maps\wip\chapter 9\mp_coop_a4_finale3.bsp
4925 faces
7110789 square feet [1023953664.00 square inches]
0 Displacements
0 Square Feet [0.00 Square Inches]
4925 patches before subdivision
zero area child patch
zero area child patch
109351 patches after subdivision
305 direct lights
0...1...2...3...4...5...6...7...8...9...100...1...2...3...4...5...6...7...8...9...10transfers 10609393, max 489
transfer lists:  80.9 megs
0...1...2...3...4...5...6...7...8...9...10	Bounce #1 added RGB(25135, 20559, 19797)
0...1...2...3...4...5...6...7...8...9...10	Bounce #2 added RGB(5318, 4001, 3554)
0...1...2...3...4...5...6...7...8...9...10	Bounce #3 added RGB(1399, 1054, 876)
0...1...2...3...4...5...6...7...8...9...10	Bounce #4 added RGB(425, 337, 258)
0...1...2...3...4...5...6...7...8...9...10	Bounce #5 added RGB(146, 124, 86)
0...1...2...3...4...5...6...7...8...9...10	Bounce #6 added RGB(55, 49, 30)
0...1...2...3...4...5...6...7...8...9...10	Bounce #7 added RGB(22, 21, 11)
0...1...2...3...4...5...6...7...8...9...10	Bounce #8 added RGB(9, 9, 4)
0...1...2...3...4...5...6...7...8...9...10	Bounce #9 added RGB(4, 4, 2)
0...1...2...3...4...5...6...7...8...9...10	Bounce #10 added RGB(2, 2, 1)
0...1...2...3...4...5...6...7...8...9...10	Bounce #11 added RGB(1, 1, 0)
Build Patch/Sample Hash Table(s).....Done<0.6711 sec>
0...1...2...3...4...5...6...7...8...9...10FinalLightFace Done
208 of 208 (100% of) surface lights went in leaf ambient cubes.
0...1...2...3...4...5...6...7...8...9...10Writing leaf ambient...done
Ready to Finish

Object names       Objects/Maxobjs  Memory / Maxmem  Fullness 
------------       ---------------  ---------------  -------- 
models                 148/1024         7104/49152    (14.5%) 
brushes               1571/8192        18852/98304    (19.2%) 
brushsides           10114/65536       80912/524288   (15.4%) 
planes                4406/65536       88120/1310720  ( 6.7%) 
vertexes              9548/65536      114576/786432   (14.6%) 
nodes                 3327/65536      106464/2097152  ( 5.1%) 
texinfos              1359/12288       97848/884736   (11.1%) 
texdata                 97/2048         3104/65536    ( 4.7%) 
dispinfos                0/0               0/0        ( 0.0%) 
disp_verts               0/0               0/0        ( 0.0%) 
disp_tris                0/0               0/0        ( 0.0%) 
disp_multiblend          0/0               0/0        ( 0.0%) 
disp_lmsamples           0/0               0/0        ( 0.0%) 
faces                 4925/65536      275800/3670016  ( 7.5%) 
hdr faces                0/65536           0/3670016  ( 0.0%) 
origfaces             2830/65536      158480/3670016  ( 4.3%) 
facebrushes           1233/0            2466/0        ( 0.0%) 
facebrushlists        4925/0           19700/0        ( 0.0%) 
leaves                3476/65536      111232/2097152  ( 5.3%) 
leaffaces             6413/65536       12826/131072   ( 9.8%) 
leafbrushes           3389/65536        6778/131072   ( 5.2%) 
areas                   31/256           248/2048     (12.1%) 
surfedges            33866/512000     135464/2048000  ( 6.6%) 
edges                20187/256000      80748/1024000  ( 7.9%) 
LDR worldlights        305/8192        30500/819200   ( 3.7%) 
HDR worldlights          0/8192            0/819200   ( 0.0%) 
leafwaterdata            0/32768           0/393216   ( 0.0%) 
waterstrips            375/32768        3750/327680   ( 1.1%) 
waterverts               0/65536           0/786432   ( 0.0%) 
waterindices          6168/65536       12336/131072   ( 9.4%) 
cubemapsamples          18/1024          288/16384    ( 1.8%) 
overlays                10/512          3520/180224   ( 2.0%) 
LDR lightdata         [variable]     6684648/0        ( 0.0%) 
HDR lightdata         [variable]           0/0        ( 0.0%) 
visdata               [variable]      240908/16777216 ( 1.4%) 
entdata               [variable]      216537/393216   (55.1%) 
LDR ambient table     3476/65536       13904/262144   ( 5.3%) 
HDR ambient table     3476/65536       13904/262144   ( 5.3%) 
LDR leaf ambient      7846/65536      219688/1835008  (12.0%) 
HDR leaf ambient      3476/65536       97328/1835008  ( 5.3%) 
occluders                0/0               0/0        ( 0.0%) 
occluder polygons        0/0               0/0        ( 0.0%) 
occluder vert ind        0/0               0/0        ( 0.0%) 
detail props          [variable]           1/12       ( 8.3%) 
static props          [variable]           1/97178    ( 0.0%) 
pakfile               [variable]     1423288/0        ( 0.0%) 
physics               [variable]      585195/4194304  (14.0%) 
physics terrain       [variable]           2/1048576  ( 0.0%) 

Level flags = 0

Total triangle count: 12656
Writing c:\program files (x86)\steam\steamapps\common\portal 2\sdk_content\maps\wip\chapter 9\mp_coop_a4_finale3.bsp
39 seconds elapsed



[Reading texlights from 'lights.rad']
[59 texlights parsed from 'lights.rad']

Loading c:\program files (x86)\steam\steamapps\common\portal 2\sdk_content\maps\wip\chapter 9\mp_coop_a4_finale3.bsp
Loaded alpha texture materials\Tools\toolsinvisible.vtf
Loaded alpha texture materials\Metal\metalgrate018.vtf
4925 faces
7110789 square feet [1023953664.00 square inches]
0 Displacements
0 Square Feet [0.00 Square Inches]
4925 patches before subdivision
zero area child patch
zero area child patch
109351 patches after subdivision
305 direct lights
0...1...2...3...4...5...6...7...8...9...100...1...2...3...4...5...6...7...8...9...10transfers 11300783, max 530
transfer lists:  86.2 megs
0...1...2...3...4...5...6...7...8...9...10	Bounce #1 added RGB(26262, 21711, 20695)
0...1...2...3...4...5...6...7...8...9...10	Bounce #2 added RGB(5507, 4163, 3628)
0...1...2...3...4...5...6...7...8...9...10	Bounce #3 added RGB(1403, 1041, 839)
0...1...2...3...4...5...6...7...8...9...10	Bounce #4 added RGB(409, 313, 229)
0...1...2...3...4...5...6...7...8...9...10	Bounce #5 added RGB(135, 110, 70)
0...1...2...3...4...5...6...7...8...9...10	Bounce #6 added RGB(49, 43, 24)
0...1...2...3...4...5...6...7...8...9...10	Bounce #7 added RGB(20, 18, 8)
0...1...2...3...4...5...6...7...8...9...10	Bounce #8 added RGB(8, 8, 3)
0...1...2...3...4...5...6...7...8...9...10	Bounce #9 added RGB(4, 4, 1)
0...1...2...3...4...5...6...7...8...9...10	Bounce #10 added RGB(2, 2, 0)
0...1...2...3...4...5...6...7...8...9...10	Bounce #11 added RGB(1, 1, 0)
Build Patch/Sample Hash Table(s).....Done<0.3975 sec>
0...1...2...3...4...5...6...7...8...9...10FinalLightFace Done
208 of 208 (100% of) surface lights went in leaf ambient cubes.
0...1...2...3...4...5...6...7...8...9...10Writing leaf ambient...done
Computing static prop lighting : 00...1...2...3...4...5...6...7...8...9...10
Ready to Finish

Object names       Objects/Maxobjs  Memory / Maxmem  Fullness 
------------       ---------------  ---------------  -------- 
models                 148/1024         7104/49152    (14.5%) 
brushes               1571/8192        18852/98304    (19.2%) 
brushsides           10114/65536       80912/524288   (15.4%) 
planes                4406/65536       88120/1310720  ( 6.7%) 
vertexes              9548/65536      114576/786432   (14.6%) 
nodes                 3327/65536      106464/2097152  ( 5.1%) 
texinfos              1359/12288       97848/884736   (11.1%) 
texdata                 97/2048         3104/65536    ( 4.7%) 
dispinfos                0/0               0/0        ( 0.0%) 
disp_verts               0/0               0/0        ( 0.0%) 
disp_tris                0/0               0/0        ( 0.0%) 
disp_multiblend          0/0               0/0        ( 0.0%) 
disp_lmsamples           0/0               0/0        ( 0.0%) 
faces                 4925/65536      275800/3670016  ( 7.5%) 
hdr faces                0/65536           0/3670016  ( 0.0%) 
origfaces             2830/65536      158480/3670016  ( 4.3%) 
facebrushes           1233/0            2466/0        ( 0.0%) 
facebrushlists        4925/0           19700/0        ( 0.0%) 
leaves                3476/65536      111232/2097152  ( 5.3%) 
leaffaces             6413/65536       12826/131072   ( 9.8%) 
leafbrushes           3389/65536        6778/131072   ( 5.2%) 
areas                   31/256           248/2048     (12.1%) 
surfedges            33866/512000     135464/2048000  ( 6.6%) 
edges                20187/256000      80748/1024000  ( 7.9%) 
LDR worldlights        305/8192        30500/819200   ( 3.7%) 
HDR worldlights          0/8192            0/819200   ( 0.0%) 
leafwaterdata            0/32768           0/393216   ( 0.0%) 
waterstrips            375/32768        3750/327680   ( 1.1%) 
waterverts               0/65536           0/786432   ( 0.0%) 
waterindices          6168/65536       12336/131072   ( 9.4%) 
cubemapsamples          18/1024          288/16384    ( 1.8%) 
overlays                10/512          3520/180224   ( 2.0%) 
LDR lightdata         [variable]     6721660/0        ( 0.0%) 
HDR lightdata         [variable]           0/0        ( 0.0%) 
visdata               [variable]      240908/16777216 ( 1.4%) 
entdata               [variable]      216537/393216   (55.1%) 
LDR ambient table     3476/65536       13904/262144   ( 5.3%) 
HDR ambient table     3476/65536       13904/262144   ( 5.3%) 
LDR leaf ambient      7902/65536      221256/1835008  (12.1%) 
HDR leaf ambient      3476/65536       97328/1835008  ( 5.3%) 
occluders                0/0               0/0        ( 0.0%) 
occluder polygons        0/0               0/0        ( 0.0%) 
occluder vert ind        0/0               0/0        ( 0.0%) 
detail props          [variable]           1/12       ( 8.3%) 
static props          [variable]           1/97178    ( 0.0%) 
pakfile               [variable]    11840892/0        ( 0.0%) 
physics               [variable]      585195/4194304  (14.0%) 
physics terrain       [variable]           2/1048576  ( 0.0%) 

Level flags = 1

Total triangle count: 12656
Writing c:\program files (x86)\steam\steamapps\common\portal 2\sdk_content\maps\wip\chapter 9\mp_coop_a4_finale3.bsp
4 minutes, 36 seconds elapsed



[Reading texlights from 'lights.rad']
[59 texlights parsed from 'lights.rad']

Loading c:\program files (x86)\steam\steamapps\common\portal 2\sdk_content\maps\wip\chapter 9\mp_coop_a4_finale3.bsp
Loaded alpha texture materials\Tools\toolsinvisible.vtf
Loaded alpha texture materials\Metal\metalgrate018.vtf
4925 faces
7110789 square feet [1023953664.00 square inches]
0 Displacements
0 Square Feet [0.00 Square Inches]
4925 patches before subdivision
zero area child patch
zero area child patch
109351 patches after subdivision
305 direct lights
0...1...2...3...4...5...6...7...8...9...100...1...2...3...4...5...6...7...8...9...10transfers 11300783, max 530
transfer lists:  86.2 megs
0...1...2...3...4...5...6...7...8...9...10	Bounce #1 added RGB(26262, 21711, 20695)
0...1...2...3...4...5...6...7...8...9...10	Bounce #2 added RGB(5507, 4163, 3628)
0...1...2...3...4...5...6...7...8...9...10	Bounce #3 added RGB(1403, 1041, 839)
0...1...2...3...4...5...6...7...8...9...10	Bounce #4 added RGB(409, 313, 229)
0...1...2...3...4...5...6...7...8...9...10	Bounce #5 added RGB(135, 110, 70)
0...1...2...3...4...5...6...7...8...9...10	Bounce #6 added RGB(49, 43, 24)
0...1...2...3...4...5...6...7...8...9...10	Bounce #7 added RGB(20, 18, 8)
0...1...2...3...4...5...6...7...8...9...10	Bounce #8 added RGB(8, 8, 3)
0...1...2...3...4...5...6...7...8...9...10	Bounce #9 added RGB(4, 4, 1)
0...1...2...3...4...5...6...7...8...9...10	Bounce #10 added RGB(2, 2, 0)
0...1...2...3...4...5...6...7...8...9...10	Bounce #11 added RGB(1, 1, 0)
Build Patch/Sample Hash Table(s).....Done<0.7017 sec>
0...1...2...3...4...5...6...7...8...9...10FinalLightFace Done
208 of 208 (100% of) surface lights went in leaf ambient cubes.
0...1...2...3...4...5...6...7...8...9...10Writing leaf ambient...done
Computing static prop lighting : 00...1...2...3...4...5...6...7...8...9...10
Ready to Finish

Object names       Objects/Maxobjs  Memory / Maxmem  Fullness 
------------       ---------------  ---------------  -------- 
models                 148/1024         7104/49152    (14.5%) 
brushes               1571/8192        18852/98304    (19.2%) 
brushsides           10114/65536       80912/524288   (15.4%) 
planes                4406/65536       88120/1310720  ( 6.7%) 
vertexes              9548/65536      114576/786432   (14.6%) 
nodes                 3327/65536      106464/2097152  ( 5.1%) 
texinfos              1359/12288       97848/884736   (11.1%) 
texdata                 97/2048         3104/65536    ( 4.7%) 
dispinfos                0/0               0/0        ( 0.0%) 
disp_verts               0/0               0/0        ( 0.0%) 
disp_tris                0/0               0/0        ( 0.0%) 
disp_multiblend          0/0               0/0        ( 0.0%) 
disp_lmsamples           0/0               0/0        ( 0.0%) 
faces                 4925/65536      275800/3670016  ( 7.5%) 
hdr faces             4925/65536      275800/3670016  ( 7.5%) 
origfaces             2830/65536      158480/3670016  ( 4.3%) 
facebrushes           1233/0            2466/0        ( 0.0%) 
facebrushlists        4925/0           19700/0        ( 0.0%) 
leaves                3476/65536      111232/2097152  ( 5.3%) 
leaffaces             6413/65536       12826/131072   ( 9.8%) 
leafbrushes           3389/65536        6778/131072   ( 5.2%) 
areas                   31/256           248/2048     (12.1%) 
surfedges            33866/512000     135464/2048000  ( 6.6%) 
edges                20187/256000      80748/1024000  ( 7.9%) 
LDR worldlights        305/8192        30500/819200   ( 3.7%) 
HDR worldlights        305/8192        30500/819200   ( 3.7%) 
leafwaterdata            0/32768           0/393216   ( 0.0%) 
waterstrips            375/32768        3750/327680   ( 1.1%) 
waterverts               0/65536           0/786432   ( 0.0%) 
waterindices          6168/65536       12336/131072   ( 9.4%) 
cubemapsamples          18/1024          288/16384    ( 1.8%) 
overlays                10/512          3520/180224   ( 2.0%) 
LDR lightdata         [variable]     6721660/0        ( 0.0%) 
HDR lightdata         [variable]     6721660/0        ( 0.0%) 
visdata               [variable]      240908/16777216 ( 1.4%) 
entdata               [variable]      216537/393216   (55.1%) 
LDR ambient table     3476/65536       13904/262144   ( 5.3%) 
HDR ambient table     3476/65536       13904/262144   ( 5.3%) 
LDR leaf ambient      7902/65536      221256/1835008  (12.1%) 
HDR leaf ambient      7902/65536      221256/1835008  (12.1%) 
occluders                0/0               0/0        ( 0.0%) 
occluder polygons        0/0               0/0        ( 0.0%) 
occluder vert ind        0/0               0/0        ( 0.0%) 
detail props          [variable]           1/12       ( 8.3%) 
static props          [variable]           1/97178    ( 0.0%) 
pakfile               [variable]    22266488/0        ( 0.0%) 
physics               [variable]      585195/4194304  (14.0%) 
physics terrain       [variable]           2/1048576  ( 0.0%) 

Level flags = 3

Total triangle count: 12656
Writing c:\program files (x86)\steam\steamapps\common\portal 2\sdk_content\maps\wip\chapter 9\mp_coop_a4_finale3.bsp
15 minutes, 25 seconds elapsed
