PRT1
328
830
4 1 25 (1904 400 314 ) (1904 400 768 ) (1640 400 768 ) (1640 400 314 ) 
4 1 12 (1640 552 314 ) (1640 556 314 ) (1904 556 314 ) (1904 552 314 ) 
4 1 14 (1904 400 314 ) (1640 400 314 ) (1640 552 314 ) (1904 552 314 ) 
4 1 9 (1640 556 314 ) (1640 624 314 ) (1904 624 314 ) (1904 556 314 ) 
4 1 6 (1640 624 318 ) (1640 624 314 ) (1640 552 314 ) (1640 552 318 ) 
4 1 8 (1640 552 314 ) (1640 400 314 ) (1640 400 318 ) (1640 552 318 ) 
4 1 3 (1640 624 442 ) (1640 624 410 ) (1640 584 410 ) (1640 584 442 ) 
4 1 2 (1640 624 768 ) (1640 624 442 ) (1640 464 442 ) (1640 464 768 ) 
4 1 4 (1640 624 410 ) (1640 624 318 ) (1640 464 318 ) (1640 464 410 ) 
4 1 5 (1640 464 318 ) (1640 400 318 ) (1640 400 768 ) (1640 464 768 ) 
4 2 15 (1448 624 768 ) (1448 624 442 ) (1448 464 442 ) (1448 464 768 ) 
4 2 3 (1448 584 442 ) (1448 624 442 ) (1640 624 442 ) (1640 584 442 ) 
4 2 5 (1448 464 768 ) (1448 464 442 ) (1640 464 442 ) (1640 464 768 ) 
4 3 15 (1448 624 442 ) (1448 624 410 ) (1448 584 410 ) (1448 584 442 ) 
4 3 4 (1448 584 410 ) (1448 624 410 ) (1640 624 410 ) (1640 584 410 ) 
4 4 15 (1448 624 410 ) (1448 624 318 ) (1448 464 318 ) (1448 464 410 ) 
4 4 6 (1580 624 318 ) (1640 624 318 ) (1640 552 318 ) (1580 552 318 ) 
4 4 7 (1448 552 318 ) (1448 624 318 ) (1508 624 318 ) (1508 552 318 ) 
4 4 8 (1448 464 318 ) (1448 552 318 ) (1640 552 318 ) (1640 464 318 ) 
4 4 5 (1448 464 410 ) (1448 464 318 ) (1640 464 318 ) (1640 464 410 ) 
4 5 26 (1640 400 768 ) (1448 400 768 ) (1448 400 318 ) (1640 400 318 ) 
4 5 15 (1448 464 318 ) (1448 400 318 ) (1448 400 768 ) (1448 464 768 ) 
4 5 8 (1448 400 318 ) (1448 464 318 ) (1640 464 318 ) (1640 400 318 ) 
4 6 12 (1640 556 314 ) (1640 552 314 ) (1580 552 314 ) (1580 556 314 ) 
4 6 9 (1580 624 314 ) (1640 624 314 ) (1640 556 314 ) (1580 556 314 ) 
4 6 8 (1580 552 314 ) (1640 552 314 ) (1640 552 318 ) (1580 552 318 ) 
4 7 15 (1448 624 318 ) (1448 624 314 ) (1448 552 314 ) (1448 552 318 ) 
4 7 13 (1448 552 314 ) (1448 556 314 ) (1508 556 314 ) (1508 552 314 ) 
4 7 11 (1448 556 314 ) (1448 624 314 ) (1508 624 314 ) (1508 556 314 ) 
4 7 8 (1448 552 314 ) (1508 552 314 ) (1508 552 318 ) (1448 552 318 ) 
4 8 30 (1448 400 318 ) (1448 400 314 ) (1640 400 314 ) (1640 400 318 ) 
4 8 15 (1448 552 314 ) (1448 400 314 ) (1448 400 318 ) (1448 552 318 ) 
4 8 14 (1640 400 314 ) (1448 400 314 ) (1448 552 314 ) (1640 552 314 ) 
4 9 18 (1580 624 206 ) (1904 624 206 ) (1904 556 206 ) (1580 556 206 ) 
4 9 12 (1904 556 314 ) (1580 556 314 ) (1580 556 206 ) (1904 556 206 ) 
4 11 21 (1448 556 206 ) (1448 624 206 ) (1508 624 206 ) (1508 556 206 ) 
4 11 15 (1448 624 314 ) (1448 624 206 ) (1448 556 206 ) (1448 556 314 ) 
4 11 13 (1508 556 314 ) (1448 556 314 ) (1448 556 206 ) (1508 556 206 ) 
4 12 18 (1580 556 206 ) (1904 556 206 ) (1904 552 206 ) (1580 552 206 ) 
4 12 14 (1904 552 314 ) (1580 552 314 ) (1580 552 206 ) (1904 552 206 ) 
4 13 21 (1448 552 206 ) (1448 556 206 ) (1508 556 206 ) (1508 552 206 ) 
4 13 15 (1448 556 206 ) (1448 552 206 ) (1448 552 314 ) (1448 556 314 ) 
4 13 14 (1508 552 314 ) (1448 552 314 ) (1448 552 206 ) (1508 552 206 ) 
4 14 33 (1448 400 206 ) (1904 400 206 ) (1904 400 314 ) (1448 400 314 ) 
4 14 21 (1508 400 206 ) (1448 400 206 ) (1448 552 206 ) (1508 552 206 ) 
4 14 20 (1904 400 206 ) (1508 400 206 ) (1508 552 206 ) (1904 552 206 ) 
4 14 15 (1448 552 206 ) (1448 400 206 ) (1448 400 314 ) (1448 552 314 ) 
4 15 43 (1240 400 206 ) (1448 400 206 ) (1448 400 768 ) (1240 400 768 ) 
4 15 21 (1448 400 206 ) (1240 400 206 ) (1240 624 206 ) (1448 624 206 ) 
4 15 16 (1240 624 768 ) (1240 624 206 ) (1240 472 206 ) (1240 472 768 ) 
4 16 48 (1040 400 256 ) (1040 400 384 ) (1040 448 384 ) (1040 448 256 ) 
4 16 44 (1040 400 768 ) (1040 400 206 ) (1195 400 206 ) (1195 400 768 ) 
5 16 22 (1195 400 206 ) (1040 400 206 ) (1040 624 206 ) (1240 624 206 ) (1240 472 206 ) 
4 16 17 (1195 400 768 ) (1195 400 206 ) (1220 440 206 ) (1220 440 768 ) 
4 17 44 (1195 400 206 ) (1208 400 206 ) (1208 400 768 ) (1195 400 768 ) 
3 17 23 (1208 400 206 ) (1195 400 206 ) (1220 440 206 ) 
4 18 24 (1580 624 188 ) (1904 624 188 ) (1904 552 188 ) (1580 552 188 ) 
4 18 19 (1580 624 188 ) (1580 552 188 ) (1580 552 202 ) (1580 624 202 ) 
4 18 20 (1580 552 188 ) (1904 552 188 ) (1904 552 206 ) (1580 552 206 ) 
4 19 24 (1508 552 188 ) (1508 624 188 ) (1580 624 188 ) (1580 552 188 ) 
4 19 21 (1508 624 188 ) (1508 552 188 ) (1508 552 202 ) (1508 624 202 ) 
4 19 20 (1508 552 202 ) (1508 552 188 ) (1580 552 188 ) (1580 552 202 ) 
4 20 39 (1508 400 188 ) (1904 400 188 ) (1904 400 206 ) (1508 400 206 ) 
4 20 24 (1904 400 188 ) (1508 400 188 ) (1508 552 188 ) (1904 552 188 ) 
4 20 21 (1508 552 188 ) (1508 400 188 ) (1508 400 206 ) (1508 552 206 ) 
4 21 43 (1240 400 188 ) (1448 400 188 ) (1448 400 206 ) (1240 400 206 ) 
4 21 39 (1448 400 188 ) (1508 400 188 ) (1508 400 206 ) (1448 400 206 ) 
4 21 24 (1508 400 188 ) (1240 400 188 ) (1240 624 188 ) (1508 624 188 ) 
4 21 22 (1240 624 188 ) (1240 472 188 ) (1240 472 206 ) (1240 624 206 ) 
4 22 44 (1040 400 206 ) (1040 400 188 ) (1195 400 188 ) (1195 400 206 ) 
5 22 24 (1195 400 188 ) (1040 400 188 ) (1040 624 188 ) (1240 624 188 ) (1240 472 188 ) 
4 22 23 (1195 400 188 ) (1220 440 188 ) (1220 440 206 ) (1195 400 206 ) 
4 23 44 (1195 400 188 ) (1208 400 188 ) (1208 400 206 ) (1195 400 206 ) 
3 23 24 (1208 400 188 ) (1195 400 188 ) (1220 440 188 ) 
4 24 47 (1040 400 188 ) (1040 400 0 ) (1904 400 0 ) (1904 400 188 ) 
4 25 36 (1904 80 314 ) (1640 80 314 ) (1640 148 314 ) (1904 148 314 ) 
4 25 34 (1640 148 314 ) (1640 152 314 ) (1904 152 314 ) (1904 148 314 ) 
4 25 33 (1640 152 314 ) (1640 400 314 ) (1904 400 314 ) (1904 152 314 ) 
4 25 31 (1640 152 314 ) (1640 80 314 ) (1640 80 318 ) (1640 152 318 ) 
4 25 30 (1640 400 318 ) (1640 400 314 ) (1640 152 314 ) (1640 152 318 ) 
4 25 28 (1640 80 410 ) (1640 80 442 ) (1640 120 442 ) (1640 120 410 ) 
4 25 27 (1640 80 442 ) (1640 80 768 ) (1640 240 768 ) (1640 240 442 ) 
4 25 29 (1640 240 318 ) (1640 80 318 ) (1640 80 410 ) (1640 240 410 ) 
4 25 26 (1640 400 768 ) (1640 400 318 ) (1640 240 318 ) (1640 240 768 ) 
4 26 43 (1448 400 768 ) (1448 400 318 ) (1448 240 318 ) (1448 240 768 ) 
4 26 30 (1448 240 318 ) (1448 400 318 ) (1640 400 318 ) (1640 240 318 ) 
4 26 27 (1448 240 768 ) (1448 240 442 ) (1640 240 442 ) (1640 240 768 ) 
4 26 29 (1448 240 410 ) (1448 240 318 ) (1640 240 318 ) (1640 240 410 ) 
4 27 43 (1448 80 442 ) (1448 80 768 ) (1448 240 768 ) (1448 240 442 ) 
4 27 28 (1448 80 442 ) (1448 120 442 ) (1640 120 442 ) (1640 80 442 ) 
4 28 43 (1448 80 410 ) (1448 80 442 ) (1448 120 442 ) (1448 120 410 ) 
4 28 29 (1448 80 410 ) (1448 120 410 ) (1640 120 410 ) (1640 80 410 ) 
4 29 43 (1448 240 318 ) (1448 80 318 ) (1448 80 410 ) (1448 240 410 ) 
4 29 32 (1448 80 318 ) (1448 152 318 ) (1508 152 318 ) (1508 80 318 ) 
4 29 31 (1580 152 318 ) (1640 152 318 ) (1640 80 318 ) (1580 80 318 ) 
4 29 30 (1448 152 318 ) (1448 240 318 ) (1640 240 318 ) (1640 152 318 ) 
4 30 43 (1448 400 318 ) (1448 400 314 ) (1448 152 314 ) (1448 152 318 ) 
4 30 33 (1448 152 314 ) (1448 400 314 ) (1640 400 314 ) (1640 152 314 ) 
4 30 32 (1448 152 314 ) (1508 152 314 ) (1508 152 318 ) (1448 152 318 ) 
4 30 31 (1580 152 314 ) (1640 152 314 ) (1640 152 318 ) (1580 152 318 ) 
4 31 36 (1640 80 314 ) (1580 80 314 ) (1580 148 314 ) (1640 148 314 ) 
4 31 34 (1580 148 314 ) (1580 152 314 ) (1640 152 314 ) (1640 148 314 ) 
4 32 43 (1448 152 314 ) (1448 80 314 ) (1448 80 318 ) (1448 152 318 ) 
4 32 38 (1508 80 314 ) (1448 80 314 ) (1448 148 314 ) (1508 148 314 ) 
4 32 35 (1448 148 314 ) (1448 152 314 ) (1508 152 314 ) (1508 148 314 ) 
4 33 43 (1448 400 314 ) (1448 400 206 ) (1448 152 206 ) (1448 152 314 ) 
4 33 39 (1448 152 206 ) (1448 400 206 ) (1904 400 206 ) (1904 152 206 ) 
4 33 35 (1448 152 206 ) (1508 152 206 ) (1508 152 314 ) (1448 152 314 ) 
4 33 34 (1580 152 206 ) (1904 152 206 ) (1904 152 314 ) (1580 152 314 ) 
4 34 40 (1580 152 206 ) (1904 152 206 ) (1904 148 206 ) (1580 148 206 ) 
4 34 36 (1580 148 206 ) (1904 148 206 ) (1904 148 314 ) (1580 148 314 ) 
4 35 43 (1448 152 206 ) (1448 148 206 ) (1448 148 314 ) (1448 152 314 ) 
4 35 42 (1448 148 206 ) (1448 152 206 ) (1508 152 206 ) (1508 148 206 ) 
4 35 38 (1448 148 206 ) (1508 148 206 ) (1508 148 314 ) (1448 148 314 ) 
4 36 40 (1904 80 206 ) (1580 80 206 ) (1580 148 206 ) (1904 148 206 ) 
4 38 43 (1448 148 206 ) (1448 80 206 ) (1448 80 314 ) (1448 148 314 ) 
4 38 42 (1508 80 206 ) (1448 80 206 ) (1448 148 206 ) (1508 148 206 ) 
4 39 47 (1448 152 188 ) (1448 400 188 ) (1904 400 188 ) (1904 152 188 ) 
4 39 43 (1448 400 206 ) (1448 400 188 ) (1448 152 188 ) (1448 152 206 ) 
4 39 41 (1508 152 202 ) (1508 152 188 ) (1580 152 188 ) (1580 152 202 ) 
4 39 42 (1508 152 206 ) (1448 152 206 ) (1448 152 188 ) (1508 152 188 ) 
4 39 40 (1904 152 206 ) (1580 152 206 ) (1580 152 188 ) (1904 152 188 ) 
4 40 47 (1904 80 188 ) (1580 80 188 ) (1580 152 188 ) (1904 152 188 ) 
4 40 41 (1580 152 202 ) (1580 152 188 ) (1580 80 188 ) (1580 80 202 ) 
4 41 47 (1580 80 188 ) (1508 80 188 ) (1508 152 188 ) (1580 152 188 ) 
4 41 42 (1508 152 202 ) (1508 152 188 ) (1508 80 188 ) (1508 80 202 ) 
4 42 47 (1508 80 188 ) (1448 80 188 ) (1448 152 188 ) (1508 152 188 ) 
4 42 43 (1448 152 188 ) (1448 80 188 ) (1448 80 206 ) (1448 152 206 ) 
4 43 47 (1448 80 188 ) (1240 80 188 ) (1240 400 188 ) (1448 400 188 ) 
4 43 45 (1240 232 188 ) (1240 80 188 ) (1240 80 768 ) (1240 232 768 ) 
4 43 44 (1240 400 768 ) (1240 400 188 ) (1240 304 188 ) (1240 304 768 ) 
4 44 48 (1040 400 384 ) (1040 400 256 ) (1040 304 256 ) (1040 304 384 ) 
4 44 47 (1040 304 188 ) (1040 400 188 ) (1240 400 188 ) (1240 304 188 ) 
4 44 46 (1195 304 188 ) (1208 304 188 ) (1208 304 768 ) (1195 304 768 ) 
4 44 45 (1040 304 768 ) (1040 304 188 ) (1195 304 188 ) (1195 304 768 ) 
4 45 48 (1040 304 384 ) (1040 304 256 ) (1040 256 256 ) (1040 256 384 ) 
5 45 47 (1240 80 188 ) (1040 80 188 ) (1040 304 188 ) (1195 304 188 ) (1240 232 188 ) 
4 45 46 (1220.001709 263.994110 188 ) (1194.998047 304 188 ) (1194.998047 304 768 ) (1220.001709 263.994110 768 ) 
3 46 47 (1195 304 188 ) (1208 304 188 ) (1220 264 188 ) 
4 48 76 (1024 288 256 ) (1024 256 256 ) (1024 256 384 ) (1024 288 384 ) 
4 48 73 (1024 416 256 ) (1024 288 256 ) (1024 288 384 ) (1024 416 384 ) 
4 48 72 (1024 448 384 ) (1024 448 256 ) (1024 416 256 ) (1024 416 384 ) 
4 49 50 (1056 -704 512 ) (1056 -704 640 ) (1056 -448 640 ) (1056 -448 512 ) 
4 50 187 (1024 -832 256 ) (1024 -832 768 ) (1024 -704 768 ) (1024 -704 256 ) 
4 50 184 (1024 -704 768 ) (1024 -576 768 ) (1024 -576 256 ) (1024 -704 256 ) 
4 50 182 (1024 -576 768 ) (1024 -448 768 ) (1024 -448 256 ) (1024 -576 256 ) 
4 51 100 (32 1024 256 ) (0 1024 256 ) (0 1024 128 ) (32 1024 128 ) 
4 51 52 (0 1024 128 ) (0 1024 256 ) (0 1032 256 ) (0 1032 128 ) 
4 52 127 (0 1024 128 ) (0 1024 256 ) (-32 1024 256 ) (-32 1024 128 ) 
4 53 58 (768 576 768 ) (768 256 768 ) (640 256 768 ) (640 576 768 ) 
4 54 151 (0 0 800 ) (0 0 768 ) (256 0 768 ) (256 0 800 ) 
4 54 60 (0 0 768 ) (0 320 768 ) (256 320 768 ) (256 0 768 ) 
4 55 70 (768 192 640 ) (768 640 640 ) (832 640 640 ) (832 192 640 ) 
4 55 61 (768 640 640 ) (768 192 640 ) (768 192 766 ) (768 640 766 ) 
4 55 58 (768 192 766 ) (768 192 768 ) (768 640 768 ) (768 640 766 ) 
4 56 66 (768 832 640 ) (768 768 640 ) (576 768 640 ) (576 832 640 ) 
4 56 65 (768 960 640 ) (768 832 640 ) (576 832 640 ) (576 960 640 ) 
4 57 121 (0 1024 768 ) (0 1024 640 ) (0 768 640 ) (0 768 768 ) 
4 57 68 (0 768 640 ) (0 960 640 ) (512 960 640 ) (512 768 640 ) 
4 57 64 (0 960 640 ) (0 1024 640 ) (512 1024 640 ) (512 960 640 ) 
4 57 62 (480 768 640 ) (512 768 640 ) (512 768 766 ) (480 768 766 ) 
4 57 63 (0 768 640 ) (480 768 640 ) (480 768 766 ) (0 768 766 ) 
4 57 59 (512 768 766 ) (512 768 768 ) (480 768 768 ) (480 768 766 ) 
4 57 60 (480 768 768 ) (0 768 768 ) (0 768 766 ) (480 768 766 ) 
4 58 61 (768 640 766 ) (768 192 766 ) (512 192 766 ) (512 640 766 ) 
4 58 59 (512 640 766 ) (512 192 766 ) (512 192 768 ) (512 640 768 ) 
4 59 62 (480 768 766 ) (512 768 766 ) (512 192 766 ) (480 192 766 ) 
4 59 60 (480 768 768 ) (480 768 766 ) (480 192 766 ) (480 192 768 ) 
4 60 152 (480 0 768 ) (0 0 768 ) (0 0 766 ) (480 0 766 ) 
4 60 126 (0 0 766 ) (0 0 768 ) (0 192 768 ) (0 192 766 ) 
4 60 125 (0 192 768 ) (0 512 768 ) (0 512 766 ) (0 192 766 ) 
4 60 121 (0 512 768 ) (0 768 768 ) (0 768 766 ) (0 512 766 ) 
4 60 63 (0 0 766 ) (0 768 766 ) (480 768 766 ) (480 0 766 ) 
4 61 70 (512 192 640 ) (512 640 640 ) (768 640 640 ) (768 192 640 ) 
4 61 62 (512 192 766 ) (512 640 766 ) (512 640 640 ) (512 192 640 ) 
4 62 70 (480 192 640 ) (480 640 640 ) (512 640 640 ) (512 192 640 ) 
4 62 69 (480 640 640 ) (480 768 640 ) (512 768 640 ) (512 640 640 ) 
4 62 63 (480 192 766 ) (480 768 766 ) (480 768 640 ) (480 192 640 ) 
4 63 152 (0 0 766 ) (0 0 640 ) (480 0 640 ) (480 0 766 ) 
4 63 126 (0 192 640 ) (0 0 640 ) (0 0 766 ) (0 192 766 ) 
4 63 125 (0 512 640 ) (0 192 640 ) (0 192 766 ) (0 512 766 ) 
4 63 121 (0 768 640 ) (0 512 640 ) (0 512 766 ) (0 768 766 ) 
4 63 71 (416 0 640 ) (0 0 640 ) (0 192 640 ) (416 192 640 ) 
4 63 70 (0 192 640 ) (0 640 640 ) (480 640 640 ) (480 192 640 ) 
4 63 69 (0 640 640 ) (0 768 640 ) (480 768 640 ) (480 640 640 ) 
4 64 121 (0 1024 640 ) (0 1024 512 ) (0 960 512 ) (0 960 640 ) 
4 64 90 (368 1024 512 ) (512 1024 512 ) (512 992 512 ) (368 992 512 ) 
4 64 92 (0 960 512 ) (0 1024 512 ) (368 1024 512 ) (368 960 512 ) 
4 64 68 (0 960 512 ) (512 960 512 ) (512 960 640 ) (0 960 640 ) 
4 65 66 (576 832 512 ) (768 832 512 ) (768 832 640 ) (576 832 640 ) 
4 66 67 (528 832 640 ) (528 832 512 ) (528 768 512 ) (528 768 640 ) 
4 67 68 (512 832 512 ) (512 768 512 ) (512 768 640 ) (512 832 640 ) 
4 68 121 (0 960 512 ) (0 768 512 ) (0 768 640 ) (0 960 640 ) 
4 68 92 (0 768 512 ) (0 960 512 ) (368 960 512 ) (368 768 512 ) 
4 68 69 (0 768 512 ) (512 768 512 ) (512 768 640 ) (0 768 640 ) 
4 69 121 (0 768 512 ) (0 640 512 ) (0 640 640 ) (0 768 640 ) 
4 69 92 (0 640 512 ) (0 768 512 ) (368 768 512 ) (368 640 512 ) 
4 69 70 (0 640 512 ) (512 640 512 ) (512 640 640 ) (0 640 640 ) 
4 70 125 (0 512 512 ) (0 192 512 ) (0 192 640 ) (0 512 640 ) 
4 70 121 (0 640 512 ) (0 512 512 ) (0 512 640 ) (0 640 640 ) 
4 70 93 (416 640 512 ) (512 640 512 ) (512 192 512 ) (416 192 512 ) 
4 70 96 (0 192 512 ) (0 640 512 ) (416 640 512 ) (416 192 512 ) 
4 70 87 (512 640 512 ) (624 640 512 ) (624 192 512 ) (512 192 512 ) 
4 70 86 (624 640 512 ) (832 640 512 ) (832 192 512 ) (624 192 512 ) 
4 70 71 (0 192 512 ) (416 192 512 ) (416 192 640 ) (0 192 640 ) 
4 71 153 (416 0 640 ) (0 0 640 ) (0 0 512 ) (416 0 512 ) 
4 71 126 (0 192 512 ) (0 0 512 ) (0 0 640 ) (0 192 640 ) 
4 71 96 (416 0 512 ) (0 0 512 ) (0 192 512 ) (416 192 512 ) 
4 72 75 (928 416 446 ) (928 416 256 ) (992 416 256 ) (992 416 446 ) 
4 72 74 (928 416 448 ) (928 416 446 ) (992 416 446 ) (992 416 448 ) 
4 72 73 (992 416 256 ) (1024 416 256 ) (1024 416 448 ) (992 416 448 ) 
4 73 76 (992 288 256 ) (1024 288 256 ) (1024 288 448 ) (992 288 448 ) 
4 73 75 (992 416 446 ) (992 416 256 ) (992 288 256 ) (992 288 446 ) 
4 73 74 (992 416 448 ) (992 416 446 ) (992 288 446 ) (992 288 448 ) 
4 74 76 (928 288 448 ) (928 288 446 ) (992 288 446 ) (992 288 448 ) 
4 74 75 (928 416 446 ) (992 416 446 ) (992 288 446 ) (928 288 446 ) 
4 75 77 (928 416 256 ) (928 288 256 ) (928 288 384 ) (928 416 384 ) 
4 75 76 (928 288 446 ) (928 288 256 ) (992 288 256 ) (992 288 446 ) 
4 77 78 (920 416 256 ) (920 288 256 ) (920 288 384 ) (920 416 384 ) 
4 78 79 (904 416 256 ) (904 288 256 ) (904 288 384 ) (904 416 384 ) 
4 79 82 (864 416 256 ) (864 288 256 ) (864 288 384 ) (864 416 384 ) 
4 80 86 (832 416 448 ) (832 416 416 ) (832 384 416 ) (832 384 448 ) 
4 81 86 (832 320 448 ) (832 320 416 ) (832 288 416 ) (832 288 448 ) 
4 82 83 (847 448 384 ) (847 448 256 ) (847 256 256 ) (847 256 384 ) 
4 83 84 (846 448 384 ) (846 448 256 ) (846 256 256 ) (846 256 384 ) 
4 84 86 (832 448 256 ) (832 256 256 ) (832 256 384 ) (832 448 384 ) 
4 85 99 (520 768 256 ) (512 768 256 ) (512 832 256 ) (520 832 256 ) 
4 85 91 (512 832 256 ) (512 768 256 ) (512 768 320 ) (512 832 320 ) 
4 86 88 (624 640 448 ) (624 640 256 ) (624 192 256 ) (624 192 448 ) 
4 86 87 (624 640 512 ) (624 640 448 ) (624 192 448 ) (624 192 512 ) 
4 87 93 (512 192 512 ) (512 640 512 ) (512 640 448 ) (512 192 448 ) 
4 87 88 (512 192 448 ) (512 640 448 ) (624 640 448 ) (624 192 448 ) 
4 88 99 (512 448 256 ) (512 640 256 ) (520 640 256 ) (520 448 256 ) 
4 88 94 (512 640 256 ) (512 192 256 ) (512 192 448 ) (512 640 448 ) 
4 89 95 (512 64 256 ) (512 0 256 ) (512 0 448 ) (512 64 448 ) 
4 90 100 (368 1024 256 ) (512 1024 256 ) (512 992 256 ) (368 992 256 ) 
4 90 91 (368 992 496 ) (368 992 256 ) (512 992 256 ) (512 992 512 ) 
4 90 92 (368 1024 256 ) (368 992 256 ) (368 992 512 ) (368 1024 512 ) 
4 91 100 (512 992 256 ) (512 640 256 ) (368 640 256 ) (368 992 256 ) 
4 91 94 (416 640 256 ) (512 640 256 ) (512 640 448 ) (416 640 448 ) 
4 91 93 (512 640 448 ) (512 640 512 ) (416 640 501.333313 ) (416 640 448 ) 
4 91 96 (368 640 256 ) (416 640 256 ) (416 640 501.333313 ) (368 640 496 ) 
4 91 92 (368 992 256 ) (368 640 256 ) (368 640 496 ) (368 992 496 ) 
4 92 127 (0 1024 512 ) (0 1024 256 ) (0 640 256 ) (0 640 512 ) 
4 92 100 (0 640 256 ) (0 1024 256 ) (368 1024 256 ) (368 640 256 ) 
4 92 96 (0 640 256 ) (368 640 256 ) (368 640 512 ) (0 640 512 ) 
4 93 94 (416 192 448 ) (416 640 448 ) (512 640 448 ) (512 192 448 ) 
4 93 96 (416 640 512 ) (416 640 448 ) (416 192 448 ) (416 192 512 ) 
4 94 101 (512 320 256 ) (512 192 256 ) (416 192 256 ) (416 320 256 ) 
4 94 100 (416 640 256 ) (512 640 256 ) (512 320 256 ) (416 320 256 ) 
4 94 96 (416 640 448 ) (416 640 256 ) (416 192 256 ) (416 192 448 ) 
4 95 96 (416 64 256 ) (416 0 256 ) (416 0 448 ) (416 64 448 ) 
4 96 153 (416 0 512 ) (0 0 512 ) (0 0 256 ) (416 0 256 ) 
4 96 140 (0 160 256 ) (0 0 256 ) (0 0 384 ) (0 160 384 ) 
4 96 139 (0 192 256 ) (0 160 256 ) (0 160 384 ) (0 192 384 ) 
4 96 138 (0 0 384 ) (0 0 512 ) (0 192 512 ) (0 192 384 ) 
4 96 130 (0 320 256 ) (0 192 256 ) (0 192 512 ) (0 320 512 ) 
4 96 127 (0 640 256 ) (0 320 256 ) (0 320 512 ) (0 640 512 ) 
4 96 107 (0 0 256 ) (0 192 256 ) (416 192 256 ) (416 0 256 ) 
4 96 106 (0 192 256 ) (0 320 256 ) (256 320 256 ) (256 192 256 ) 
4 96 103 (256 320 256 ) (324 320 256 ) (324 192 256 ) (256 192 256 ) 
4 96 102 (324 320 256 ) (384 320 256 ) (384 192 256 ) (324 192 256 ) 
4 96 101 (384 320 256 ) (416 320 256 ) (416 192 256 ) (384 192 256 ) 
4 96 100 (0 320 256 ) (0 640 256 ) (416 640 256 ) (416 320 256 ) 
4 97 98 (544 448 64 ) (544 448 208 ) (544 1024 208 ) (544 1024 64 ) 
4 98 99 (520 1024 64 ) (520 448 64 ) (520 448 208 ) (520 1024 208 ) 
4 99 100 (512 448 256 ) (512 1024 256 ) (512 1024 64 ) (512 448 64 ) 
4 100 127 (0 1024 256 ) (0 1024 -128 ) (0 320 -128 ) (0 320 256 ) 
4 100 106 (256 320 256 ) (0 320 256 ) (0 320 -128 ) (256 320 -128 ) 
4 100 103 (324 320 256 ) (256 320 256 ) (256 320 -128 ) (324 320 -128 ) 
4 100 102 (384 320 256 ) (324 320 256 ) (324 320 -128 ) (384 320 -128 ) 
4 100 101 (512 320 256 ) (384 320 256 ) (384 320 -128 ) (512 320 -128 ) 
4 101 112 (512 192 -192 ) (512 192 224 ) (384 192 224 ) (384 192 -192 ) 
4 101 107 (416 192 256 ) (384 192 256 ) (384 192 224 ) (416 192 224 ) 
4 101 102 (384 320 256 ) (384 320 -192 ) (384 192 -192 ) (384 192 256 ) 
4 102 112 (384 192 -192 ) (384 192 224 ) (324 192 224 ) (324 192 -192 ) 
4 102 107 (384 192 224 ) (384 192 256 ) (324 192 256 ) (324 192 224 ) 
4 102 104 (324 320 -144 ) (324 320 -192 ) (324 192 -192 ) (324 192 -144 ) 
4 102 103 (324 320 256 ) (324 320 -144 ) (324 192 -144 ) (324 192 256 ) 
4 102 105 (324 320 -192 ) (324 320 -256 ) (324 192 -256 ) (324 192 -192 ) 
4 103 112 (256 192 224 ) (256 192 -144 ) (324 192 -144 ) (324 192 224 ) 
4 103 107 (324 192 256 ) (256 192 256 ) (256 192 224 ) (324 192 224 ) 
4 103 106 (256 320 256 ) (256 320 -128 ) (256 192 -128 ) (256 192 256 ) 
4 103 104 (256 192 -144 ) (256 320 -144 ) (324 320 -144 ) (324 192 -144 ) 
4 104 112 (256 192 -144 ) (256 192 -192 ) (324 192 -192 ) (324 192 -144 ) 
4 104 105 (256 192 -192 ) (256 320 -192 ) (324 320 -192 ) (324 192 -192 ) 
4 106 130 (0 192 -128 ) (0 192 256 ) (0 320 256 ) (0 320 -128 ) 
4 106 120 (256 192 -128 ) (256 192 224 ) (0 192 224 ) (0 192 -128 ) 
4 106 107 (256 192 224 ) (256 192 256 ) (0 192 256 ) (0 192 224 ) 
4 107 164 (416 0 256 ) (0 0 256 ) (0 0 224 ) (416 0 224 ) 
4 107 149 (0 0 224 ) (0 0 256 ) (0 192 256 ) (0 192 224 ) 
4 107 120 (0 0 224 ) (0 192 224 ) (256 192 224 ) (256 0 224 ) 
4 107 115 (416 160 224 ) (416 0 224 ) (256 0 224 ) (256 160 224 ) 
4 107 112 (256 192 224 ) (416 192 224 ) (416 160 224 ) (256 160 224 ) 
4 108 113 (608 136 224 ) (608 160 224 ) (608 160 -64 ) (608 136 -64 ) 
4 108 110 (608 136 224 ) (608 136 -64 ) (616 136 -64 ) (616 136 224 ) 
4 108 109 (624 136 -48 ) (624 136 224 ) (616 136 224 ) (616 136 -48 ) 
4 109 169 (624 0 -48 ) (624 0 128 ) (616 0 128 ) (616 0 -48 ) 
4 109 165 (624 0 128 ) (624 0 224 ) (616 0 224 ) (616 0 128 ) 
4 109 111 (616 128 -48 ) (616 0 -48 ) (616 0 224 ) (616 128 224 ) 
4 109 110 (616 136 224 ) (616 136 -48 ) (616 128 -48 ) (616 128 224 ) 
4 110 113 (608 128 224 ) (608 136 224 ) (608 136 -64 ) (608 128 -64 ) 
4 110 111 (608 128 224 ) (608 128 -64 ) (616 128 -64 ) (616 128 224 ) 
4 111 171 (616 0 -64 ) (616 0 128 ) (608 0 128 ) (608 0 -64 ) 
4 111 165 (616 0 128 ) (616 0 224 ) (608 0 224 ) (608 0 128 ) 
4 111 114 (608 0 -64 ) (608 0 184 ) (608 128 184 ) (608 128 -64 ) 
4 112 120 (256 160 224 ) (256 192 224 ) (256 192 -128 ) (256 160 -128 ) 
4 112 119 (256 160 -176 ) (256 160 -192 ) (448 160 -192 ) (448 160 -176 ) 
4 112 116 (256 160 -64 ) (256 160 -176 ) (448 160 -176 ) (448 160 -64 ) 
4 112 113 (480 160 -64 ) (512 160 -64 ) (512 160 224 ) (480 160 224 ) 
4 112 115 (256 160 224 ) (256 160 -64 ) (480 160 -64 ) (480 160 224 ) 
4 113 114 (480 128 184 ) (480 128 -64 ) (608 128 -64 ) (608 128 184 ) 
4 113 115 (480 160 224 ) (480 160 -64 ) (480 128 -64 ) (480 128 224 ) 
4 114 171 (608 0 -64 ) (608 0 128 ) (480 0 128 ) (480 0 -64 ) 
4 114 165 (608 0 128 ) (608 0 184 ) (480 0 184 ) (480 0 128 ) 
4 114 117 (608 128 -64 ) (608 0 -64 ) (480 0 -64 ) (480 128 -64 ) 
4 114 115 (480 128 -64 ) (480 0 -64 ) (480 0 184 ) (480 128 184 ) 
4 115 171 (256 0 128 ) (256 0 -64 ) (480 0 -64 ) (480 0 128 ) 
4 115 165 (480 0 224 ) (256 0 224 ) (256 0 128 ) (480 0 128 ) 
4 115 120 (256 0 224 ) (256 160 224 ) (256 160 -64 ) (256 0 -64 ) 
4 115 118 (256 0 -64 ) (256 128 -64 ) (448 128 -64 ) (448 0 -64 ) 
4 115 116 (256 128 -64 ) (256 160 -64 ) (448 160 -64 ) (448 128 -64 ) 
4 116 120 (256 160 -64 ) (256 160 -128 ) (256 128 -128 ) (256 128 -64 ) 
4 116 119 (256 128 -176 ) (256 160 -176 ) (448 160 -176 ) (448 128 -176 ) 
4 116 118 (256 128 -176 ) (448 128 -176 ) (448 128 -64 ) (256 128 -64 ) 
4 118 172 (448 0 -64 ) (256 0 -64 ) (256 0 -176 ) (448 0 -176 ) 
4 118 120 (256 0 -128 ) (256 0 -64 ) (256 128 -64 ) (256 128 -128 ) 
4 118 119 (256 0 -176 ) (256 128 -176 ) (448 128 -176 ) (448 0 -176 ) 
4 119 172 (448 0 -176 ) (256 0 -176 ) (256 0 -192 ) (448 0 -192 ) 
4 120 174 (256 0 -128 ) (256 0 128 ) (0 0 128 ) (0 0 -128 ) 
4 120 165 (256 0 128 ) (256 0 224 ) (0 0 224 ) (0 0 128 ) 
4 120 149 (0 0 -128 ) (0 0 224 ) (0 192 224 ) (0 192 -128 ) 
4 121 127 (-448 1024 512 ) (0 1024 512 ) (0 512 512 ) (-448 512 512 ) 
4 121 125 (-448 512 512 ) (0 512 512 ) (0 512 768 ) (-448 512 768 ) 
4 121 123 (-448 512 576 ) (-448 512 768 ) (-448 576 768 ) (-448 576 576 ) 
4 121 122 (-448 1024 512 ) (-448 576 512 ) (-448 576 768 ) (-448 1024 768 ) 
4 122 128 (-512 1024 512 ) (-448 1024 512 ) (-448 576 512 ) (-512 576 512 ) 
4 122 123 (-512 576 768 ) (-512 576 576 ) (-448 576 576 ) (-448 576 768 ) 
4 123 125 (-448 512 576 ) (-448 512 768 ) (-512 512 768 ) (-512 512 576 ) 
4 123 124 (-512 512 576 ) (-512 512 704 ) (-512 576 704 ) (-512 576 576 ) 
4 125 132 (-416 192 512 ) (-512 192 512 ) (-512 224 512 ) (-416 224 512 ) 
4 125 131 (-512 224 512 ) (-512 320 512 ) (-416 320 512 ) (-416 224 512 ) 
4 125 130 (0 320 512 ) (0 192 512 ) (-416 192 512 ) (-416 320 512 ) 
4 125 129 (-448 320 512 ) (-512 320 512 ) (-512 512 512 ) (-448 512 512 ) 
4 125 127 (0 512 512 ) (0 320 512 ) (-448 320 512 ) (-448 512 512 ) 
4 125 126 (-384 192 512 ) (0 192 512 ) (0 192 768 ) (-384 192 768 ) 
4 126 224 (0 0 512 ) (0 0 768 ) (-384 0 768 ) (-384 0 512 ) 
4 126 138 (0 192 512 ) (0 0 512 ) (-384 0 512 ) (-384 192 512 ) 
4 127 131 (-416 320 512 ) (-448 320 512 ) (-448 320 -128 ) (-416 320 -128 ) 
4 127 130 (0 320 -128 ) (0 320 512 ) (-416 320 512 ) (-416 320 -128 ) 
4 127 129 (-448 320 -128 ) (-448 320 512 ) (-448 512 512 ) (-448 512 -128 ) 
4 127 128 (-448 576 512 ) (-448 1024 512 ) (-448 1024 -128 ) (-448 576 -128 ) 
4 128 135 (-512 832 447 ) (-512 864 447 ) (-512 864 384 ) (-512 832 384 ) 
4 128 134 (-512 832 512 ) (-512 864 512 ) (-512 864 447 ) (-512 832 447 ) 
4 129 131 (-512 320 512 ) (-512 320 -128 ) (-448 320 -128 ) (-448 320 512 ) 
4 130 149 (-384 192 -128 ) (0 192 -128 ) (0 192 256 ) (-384 192 256 ) 
4 130 139 (-416 192 384 ) (-416 192 256 ) (0 192 256 ) (0 192 384 ) 
4 130 138 (0 192 512 ) (-416 192 512 ) (-416 192 384 ) (0 192 384 ) 
4 130 132 (-416 192 256 ) (-416 192 512 ) (-416 224 512 ) (-416 224 256 ) 
4 130 133 (-416 224 -128 ) (-416 192 -128 ) (-416 192 128 ) (-416 224 128 ) 
4 130 131 (-416 320 512 ) (-416 320 -128 ) (-416 224 -128 ) (-416 224 512 ) 
4 131 132 (-512 224 512 ) (-512 224 256 ) (-416 224 256 ) (-416 224 512 ) 
4 131 133 (-512 224 128 ) (-512 224 -128 ) (-416 224 -128 ) (-416 224 128 ) 
4 132 139 (-512 192 384 ) (-512 192 256 ) (-416 192 256 ) (-416 192 384 ) 
4 132 138 (-416 192 512 ) (-512 192 512 ) (-512 192 384 ) (-416 192 384 ) 
4 134 135 (-512 864 447 ) (-512 832 447 ) (-520 832 447 ) (-520 864 447 ) 
4 136 138 (-703 192 384 ) (-609 192 384 ) (-609 192 447 ) (-703 192 447 ) 
4 136 137 (-609 192 384 ) (-703 192 384 ) (-703 194 384 ) (-609 194 384 ) 
4 137 139 (-703 192 257 ) (-609 192 257 ) (-609 192 384 ) (-703 192 384 ) 
4 138 225 (0 0 384 ) (0 0 512 ) (-768 0 512 ) (-768 0 384 ) 
4 138 140 (0 160 384 ) (0 0 384 ) (-768 0 384 ) (-768 160 384 ) 
4 138 139 (-768 192 384 ) (0 192 384 ) (0 160 384 ) (-768 160 384 ) 
4 139 149 (-384 192 256 ) (0 192 256 ) (0 160 256 ) (-384 160 256 ) 
4 139 140 (0 160 384 ) (-768 160 384 ) (-768 160 256 ) (0 160 256 ) 
4 140 228 (0 0 256 ) (0 0 384 ) (-785 0 384 ) (-785 0 256 ) 
4 140 150 (-416 0 256 ) (-480 0 256 ) (-480 64 256 ) (-416 64 256 ) 
4 140 149 (0 160 256 ) (0 0 256 ) (-384 0 256 ) (-384 160 256 ) 
4 140 141 (-785 160 384 ) (-785 160 256 ) (-785 0 256 ) (-785 0 384 ) 
4 141 229 (-785 0 384 ) (-786 0 384 ) (-786 0 256 ) (-785 0 256 ) 
4 141 142 (-786 160 384 ) (-786 160 256 ) (-786 0 256 ) (-786 0 384 ) 
4 142 230 (-786 0 384 ) (-800 0 384 ) (-800 0 256 ) (-786 0 256 ) 
4 142 143 (-800 128 256 ) (-800 0 256 ) (-800 0 384 ) (-800 128 384 ) 
4 143 146 (-864 128 256 ) (-864 0 256 ) (-864 0 384 ) (-864 128 384 ) 
4 144 147 (-960 128 256 ) (-928 128 256 ) (-928 128 448 ) (-960 128 448 ) 
4 144 146 (-928 128 256 ) (-864 128 256 ) (-864 128 448 ) (-928 128 448 ) 
4 144 145 (-960 160 256 ) (-960 128 256 ) (-960 128 448 ) (-960 160 448 ) 
4 145 272 (-1024 128 512 ) (-1024 160 512 ) (-1024 160 256 ) (-1024 128 256 ) 
4 145 148 (-1024 128 256 ) (-960 128 256 ) (-960 128 512 ) (-1024 128 512 ) 
4 146 231 (-928 0 384 ) (-928 0 256 ) (-864 0 256 ) (-864 0 384 ) 
4 146 226 (-928 0 448 ) (-928 0 384 ) (-864 0 384 ) (-864 0 448 ) 
4 146 147 (-928 128 448 ) (-928 128 256 ) (-928 0 256 ) (-928 0 448 ) 
4 147 231 (-960 0 384 ) (-960 0 256 ) (-928 0 256 ) (-928 0 384 ) 
4 147 226 (-960 0 448 ) (-960 0 384 ) (-928 0 384 ) (-928 0 448 ) 
4 147 148 (-960 128 448 ) (-960 128 256 ) (-960 0 256 ) (-960 0 448 ) 
4 148 272 (-1024 0 256 ) (-1024 0 512 ) (-1024 128 512 ) (-1024 128 256 ) 
4 148 231 (-1024 0 384 ) (-1024 0 256 ) (-960 0 256 ) (-960 0 384 ) 
4 148 227 (-960 0 512 ) (-1024 0 512 ) (-1024 0 384 ) (-960 0 384 ) 
4 149 235 (0 0 -128 ) (0 0 256 ) (-384 0 256 ) (-384 0 -128 ) 
4 151 156 (0 -192 768 ) (0 -128 768 ) (256 -128 768 ) (256 -192 768 ) 
4 151 154 (0 -128 768 ) (0 -64 768 ) (256 -64 768 ) (256 -128 768 ) 
4 151 152 (0 -64 768 ) (0 0 768 ) (256 0 768 ) (256 -64 768 ) 
4 152 224 (0 0 768 ) (0 0 640 ) (0 -64 640 ) (0 -64 768 ) 
4 152 154 (480 -64 768 ) (0 -64 768 ) (0 -64 640 ) (480 -64 640 ) 
4 152 153 (416 -64 640 ) (0 -64 640 ) (0 0 640 ) (416 0 640 ) 
4 153 232 (0 -32 256 ) (0 -64 256 ) (0 -64 512 ) (0 -32 512 ) 
4 153 228 (0 0 384 ) (0 0 256 ) (0 -32 256 ) (0 -32 384 ) 
4 153 225 (0 0 512 ) (0 0 384 ) (0 -32 384 ) (0 -32 512 ) 
4 153 224 (0 0 640 ) (0 0 512 ) (0 -64 512 ) (0 -64 640 ) 
4 153 164 (0 -64 256 ) (0 0 256 ) (416 0 256 ) (416 -64 256 ) 
4 153 154 (0 -64 256 ) (416 -64 256 ) (416 -64 640 ) (0 -64 640 ) 
4 154 239 (0 -64 256 ) (0 -128 256 ) (0 -128 320 ) (0 -64 320 ) 
4 154 237 (0 -128 320 ) (0 -128 448 ) (0 -64 448 ) (0 -64 320 ) 
4 154 236 (0 -128 448 ) (0 -128 768 ) (0 -64 768 ) (0 -64 448 ) 
4 154 168 (0 -128 256 ) (0 -64 256 ) (512 -64 256 ) (512 -128 256 ) 
4 154 156 (0 -128 256 ) (512 -128 256 ) (512 -128 768 ) (0 -128 768 ) 
4 155 167 (544 -128 256 ) (656 -128 256 ) (656 -320 256 ) (544 -320 256 ) 
4 155 159 (544 -320 256 ) (608 -320 256 ) (608 -320 320 ) (544 -320 320 ) 
4 155 158 (608 -320 256 ) (656 -320 256 ) (656 -320 320 ) (608 -320 320 ) 
4 156 239 (0 -128 256 ) (0 -320 256 ) (0 -320 320 ) (0 -128 320 ) 
4 156 237 (0 -320 320 ) (0 -320 448 ) (0 -128 448 ) (0 -128 320 ) 
4 156 236 (0 -320 448 ) (0 -320 768 ) (0 -128 768 ) (0 -128 448 ) 
4 156 168 (0 -320 256 ) (0 -128 256 ) (512 -128 256 ) (512 -320 256 ) 
4 156 163 (0 -320 256 ) (128 -320 256 ) (128 -320 752 ) (0 -320 752 ) 
4 156 162 (128 -320 256 ) (256 -320 256 ) (256 -320 768 ) (128 -320 768 ) 
4 156 161 (256 -320 256 ) (384 -320 256 ) (384 -320 760 ) (256 -320 760 ) 
4 156 160 (384 -320 256 ) (512 -320 256 ) (512 -320 768 ) (384 -320 768 ) 
4 157 191 (608 -448 448 ) (608 -448 352 ) (672 -448 352 ) (672 -448 448 ) 
4 157 183 (672 -448 352 ) (736 -448 352 ) (736 -448 448 ) (672 -448 448 ) 
4 158 167 (608 -384 256 ) (608 -320 256 ) (656 -320 256 ) (656 -384 256 ) 
4 158 159 (608 -320 320 ) (608 -320 256 ) (608 -384 256 ) (608 -384 320 ) 
4 159 167 (544 -384 256 ) (544 -320 256 ) (608 -320 256 ) (608 -384 256 ) 
4 160 191 (384 -448 768 ) (384 -448 256 ) (512 -448 256 ) (512 -448 768 ) 
4 160 168 (512 -448 256 ) (384 -448 256 ) (384 -320 256 ) (512 -320 256 ) 
4 160 161 (384 -320 760 ) (384 -320 256 ) (384 -448 256 ) (384 -448 760 ) 
4 161 191 (256 -448 760 ) (256 -448 256 ) (384 -448 256 ) (384 -448 760 ) 
4 161 168 (384 -448 256 ) (256 -448 256 ) (256 -320 256 ) (384 -320 256 ) 
4 161 162 (256 -320 760 ) (256 -320 256 ) (256 -448 256 ) (256 -448 760 ) 
4 162 192 (128 -448 752 ) (128 -448 256 ) (256 -448 256 ) (256 -448 752 ) 
4 162 168 (256 -448 256 ) (128 -448 256 ) (128 -320 256 ) (256 -320 256 ) 
4 162 163 (128 -320 752 ) (128 -320 256 ) (128 -448 256 ) (128 -448 752 ) 
4 163 239 (0 -320 256 ) (0 -448 256 ) (0 -448 320 ) (0 -320 320 ) 
4 163 237 (0 -448 320 ) (0 -448 448 ) (0 -320 448 ) (0 -320 320 ) 
4 163 236 (0 -448 448 ) (0 -448 752 ) (0 -320 752 ) (0 -320 448 ) 
4 163 198 (0 -448 752 ) (0 -448 256 ) (32 -448 256 ) (32 -448 752 ) 
4 163 193 (32 -448 256 ) (128 -448 256 ) (128 -448 752 ) (32 -448 752 ) 
4 163 168 (128 -448 256 ) (0 -448 256 ) (0 -320 256 ) (128 -320 256 ) 
4 164 235 (0 0 256 ) (0 0 224 ) (0 -64 224 ) (0 -64 256 ) 
4 164 168 (416 -64 256 ) (0 -64 256 ) (0 -64 224 ) (416 -64 224 ) 
4 164 166 (416 -64 224 ) (0 -64 224 ) (0 -32 224 ) (416 -32 224 ) 
4 164 165 (0 -32 224 ) (0 0 224 ) (416 0 224 ) (416 -32 224 ) 
4 165 235 (0 0 224 ) (0 0 128 ) (0 -32 128 ) (0 -32 224 ) 
4 165 174 (0 -32 128 ) (0 0 128 ) (256 0 128 ) (256 -32 128 ) 
4 165 171 (256 0 128 ) (616 0 128 ) (616 -32 128 ) (256 -32 128 ) 
4 165 170 (624 -8 128 ) (624 -32 128 ) (616 -32 128 ) (616 -8 128 ) 
4 165 169 (616 0 128 ) (624 0 128 ) (624 -8 128 ) (616 -8 128 ) 
4 165 166 (0 -32 128 ) (512 -32 128 ) (512 -32 224 ) (0 -32 224 ) 
4 166 235 (0 -32 128 ) (0 -64 128 ) (0 -64 224 ) (0 -32 224 ) 
4 166 174 (0 -64 128 ) (0 -32 128 ) (256 -32 128 ) (256 -64 128 ) 
4 166 173 (256 -32 128 ) (512 -32 128 ) (512 -64 128 ) (256 -64 128 ) 
4 166 168 (0 -64 128 ) (512 -64 128 ) (512 -64 224 ) (0 -64 224 ) 
4 167 168 (512 -128 128 ) (512 -384 128 ) (512 -384 256 ) (512 -128 256 ) 
4 168 240 (0 -64 128 ) (0 -448 128 ) (0 -448 256 ) (0 -64 256 ) 
4 168 198 (32 -448 256 ) (0 -448 256 ) (0 -448 128 ) (32 -448 128 ) 
4 168 193 (128 -448 256 ) (32 -448 256 ) (32 -448 128 ) (128 -448 128 ) 
4 168 192 (256 -448 256 ) (128 -448 256 ) (128 -448 128 ) (256 -448 128 ) 
4 168 191 (512 -448 256 ) (256 -448 256 ) (256 -448 128 ) (512 -448 128 ) 
4 168 181 (512 -448 128 ) (0 -448 128 ) (0 -192 128 ) (512 -192 128 ) 
4 168 180 (0 -192 128 ) (0 -64 128 ) (256 -64 128 ) (256 -192 128 ) 
4 168 177 (256 -64 128 ) (324 -64 128 ) (324 -192 128 ) (256 -192 128 ) 
4 168 176 (324 -64 128 ) (384 -64 128 ) (384 -192 128 ) (324 -192 128 ) 
4 168 175 (384 -64 128 ) (512 -64 128 ) (512 -192 128 ) (384 -192 128 ) 
4 169 171 (616 -8 -48 ) (616 -8 128 ) (616 0 128 ) (616 0 -48 ) 
4 169 170 (616 -8 128 ) (616 -8 -48 ) (624 -8 -48 ) (624 -8 128 ) 
4 170 171 (616 -32 -64 ) (616 -32 128 ) (616 -8 128 ) (616 -8 -64 ) 
4 171 174 (256 -32 -64 ) (256 -32 128 ) (256 0 128 ) (256 0 -64 ) 
4 171 173 (256 -32 128 ) (256 -32 -64 ) (512 -32 -64 ) (512 -32 128 ) 
4 171 172 (448 -32 -64 ) (256 -32 -64 ) (256 0 -64 ) (448 0 -64 ) 
4 172 174 (256 -32 -128 ) (256 -32 -64 ) (256 0 -64 ) (256 0 -128 ) 
4 172 173 (256 -32 -64 ) (256 -32 -192 ) (448 -32 -192 ) (448 -32 -64 ) 
4 173 178 (256 -64 -144 ) (256 -64 -192 ) (324 -64 -192 ) (324 -64 -144 ) 
4 173 177 (324 -64 128 ) (256 -64 128 ) (256 -64 -144 ) (324 -64 -144 ) 
4 173 176 (384 -64 128 ) (324 -64 128 ) (324 -64 -192 ) (384 -64 -192 ) 
4 173 175 (512 -64 128 ) (384 -64 128 ) (384 -64 -192 ) (512 -64 -192 ) 
4 173 174 (256 -64 -128 ) (256 -64 128 ) (256 -32 128 ) (256 -32 -128 ) 
4 174 235 (0 0 128 ) (0 0 -128 ) (0 -64 -128 ) (0 -64 128 ) 
4 174 180 (256 -64 128 ) (0 -64 128 ) (0 -64 -128 ) (256 -64 -128 ) 
4 175 181 (512 -192 -128 ) (512 -192 128 ) (384 -192 128 ) (384 -192 -128 ) 
4 175 176 (384 -64 128 ) (384 -64 -192 ) (384 -192 -192 ) (384 -192 128 ) 
4 176 181 (384 -192 128 ) (324 -192 128 ) (324 -192 -128 ) (384 -192 -128 ) 
4 176 178 (324 -64 -144 ) (324 -64 -192 ) (324 -192 -192 ) (324 -192 -144 ) 
4 176 177 (324 -64 128 ) (324 -64 -144 ) (324 -192 -144 ) (324 -192 128 ) 
4 176 179 (324 -64 -192 ) (324 -64 -256 ) (324 -192 -256 ) (324 -192 -192 ) 
4 177 181 (324 -192 128 ) (256 -192 128 ) (256 -192 -128 ) (324 -192 -128 ) 
4 177 180 (256 -64 128 ) (256 -64 -128 ) (256 -192 -128 ) (256 -192 128 ) 
4 177 178 (256 -192 -144 ) (256 -64 -144 ) (324 -64 -144 ) (324 -192 -144 ) 
4 178 179 (256 -192 -192 ) (256 -64 -192 ) (324 -64 -192 ) (324 -192 -192 ) 
4 180 240 (0 -192 -128 ) (0 -192 128 ) (0 -64 128 ) (0 -64 -128 ) 
4 180 181 (256 -192 128 ) (0 -192 128 ) (0 -192 -128 ) (256 -192 -128 ) 
4 181 240 (0 -448 -128 ) (0 -448 128 ) (0 -192 128 ) (0 -192 -128 ) 
4 181 198 (32 -448 128 ) (0 -448 128 ) (0 -448 -128 ) (32 -448 -128 ) 
4 181 193 (128 -448 128 ) (32 -448 128 ) (32 -448 -128 ) (128 -448 -128 ) 
4 181 192 (256 -448 128 ) (128 -448 128 ) (128 -448 -128 ) (256 -448 -128 ) 
4 181 191 (512 -448 -128 ) (512 -448 128 ) (256 -448 128 ) (256 -448 -128 ) 
4 182 185 (800 -576 256 ) (928 -576 256 ) (928 -576 760 ) (800 -576 760 ) 
4 182 184 (928 -576 256 ) (1024 -576 256 ) (1024 -576 768 ) (928 -576 768 ) 
4 182 183 (800 -448 768 ) (800 -448 256 ) (800 -576 256 ) (800 -576 768 ) 
4 183 191 (672 -448 768 ) (672 -448 256 ) (672 -576 256 ) (672 -576 768 ) 
4 183 186 (672 -576 752 ) (672 -576 256 ) (800 -576 256 ) (800 -576 752 ) 
4 184 187 (928 -704 256 ) (1024 -704 256 ) (1024 -704 768 ) (928 -704 768 ) 
4 184 185 (928 -576 760 ) (928 -576 256 ) (928 -704 256 ) (928 -704 760 ) 
4 185 188 (800 -704 256 ) (928 -704 256 ) (928 -704 752 ) (800 -704 752 ) 
4 185 186 (800 -576 752 ) (800 -576 256 ) (800 -704 256 ) (800 -704 752 ) 
4 186 194 (672 -576 752 ) (672 -576 256 ) (672 -704 256 ) (672 -704 752 ) 
4 186 190 (768 -704 256 ) (704 -704 256 ) (704 -672 256 ) (768 -672 256 ) 
4 186 189 (672 -704 752 ) (672 -704 256 ) (800 -704 256 ) (800 -704 752 ) 
4 187 188 (928 -704 752 ) (928 -704 256 ) (928 -832 256 ) (928 -832 752 ) 
4 188 206 (800 -832 640 ) (800 -832 384 ) (928 -832 384 ) (928 -832 640 ) 
4 188 189 (800 -704 752 ) (800 -704 256 ) (800 -832 256 ) (800 -832 752 ) 
4 189 206 (672 -832 640 ) (672 -832 384 ) (800 -832 384 ) (800 -832 640 ) 
4 189 194 (672 -832 256 ) (672 -832 760 ) (672 -704 760 ) (672 -704 256 ) 
4 189 190 (704 -736 256 ) (704 -704 256 ) (768 -704 256 ) (768 -736 256 ) 
4 191 195 (384 -480 -128 ) (384 -576 -128 ) (256 -576 -128 ) (256 -480 -128 ) 
4 191 194 (256 -576 -128 ) (672 -576 -128 ) (672 -576 768 ) (256 -576 768 ) 
4 191 192 (256 -448 752 ) (256 -448 -128 ) (256 -576 -128 ) (256 -576 752 ) 
4 192 196 (128 -448 -128 ) (192 -448 -128 ) (192 -576 -128 ) (128 -576 -128 ) 
4 192 194 (128 -576 -128 ) (256 -576 -128 ) (256 -576 752 ) (128 -576 752 ) 
4 192 193 (128 -448 752 ) (128 -448 -128 ) (128 -576 -128 ) (128 -576 752 ) 
4 193 198 (32 -448 784 ) (32 -448 -128 ) (32 -576 -128 ) (32 -576 784 ) 
4 193 194 (32 -576 768 ) (32 -576 -128 ) (128 -576 -128 ) (128 -576 768 ) 
4 194 212 (32 -832 640 ) (32 -832 -128 ) (512 -832 -128 ) (512 -832 640 ) 
4 194 211 (32 -832 752 ) (32 -832 640 ) (256 -832 640 ) (256 -832 752 ) 
4 194 209 (512 -832 768 ) (256 -832 768 ) (256 -832 640 ) (512 -832 640 ) 
4 194 207 (672 -832 512 ) (672 -832 640 ) (544 -832 640 ) (544 -832 512 ) 
4 194 201 (32 -576 -128 ) (32 -832 -128 ) (32 -832 768 ) (32 -576 768 ) 
4 194 196 (128 -576 -128 ) (192 -576 -128 ) (192 -640 -128 ) (128 -640 -128 ) 
4 194 195 (256 -576 -128 ) (384 -576 -128 ) (384 -608 -128 ) (256 -608 -128 ) 
4 196 197 (128 -640 -140 ) (128 -640 -256 ) (192 -640 -256 ) (192 -640 -140 ) 
4 198 245 (0 -448 0 ) (0 -448 -128 ) (0 -576 -128 ) (0 -576 0 ) 
4 198 244 (0 -448 128 ) (0 -448 0 ) (0 -576 0 ) (0 -576 128 ) 
4 198 243 (0 -448 768 ) (0 -448 128 ) (0 -576 128 ) (0 -576 768 ) 
4 198 201 (0 -576 768 ) (0 -576 -128 ) (32 -576 -128 ) (32 -576 768 ) 
4 198 199 (0 -480 -128 ) (0 -448 -128 ) (32 -448 -128 ) (32 -480 -128 ) 
4 198 200 (32 -576 -128 ) (0 -576 -128 ) (0 -544 -128 ) (32 -544 -128 ) 
4 199 247 (0 -448 -128 ) (0 -448 -130 ) (0 -480 -130 ) (0 -480 -128 ) 
4 199 205 (0 -448 -130 ) (32 -448 -130 ) (32 -480 -130 ) (0 -480 -130 ) 
4 200 247 (0 -544 -130 ) (0 -576 -130 ) (0 -576 -128 ) (0 -544 -128 ) 
4 200 205 (32 -544 -130 ) (32 -576 -130 ) (0 -576 -130 ) (0 -544 -130 ) 
4 200 202 (0 -576 -128 ) (0 -576 -129 ) (32 -576 -129 ) (32 -576 -128 ) 
4 201 256 (0 -832 -128 ) (0 -832 768 ) (0 -768 768 ) (0 -768 -128 ) 
4 201 246 (0 -768 768 ) (0 -576 768 ) (0 -576 -128 ) (0 -768 -128 ) 
4 201 212 (0 -832 640 ) (0 -832 -128 ) (32 -832 -128 ) (32 -832 640 ) 
4 201 211 (0 -832 752 ) (0 -832 640 ) (32 -832 640 ) (32 -832 752 ) 
4 201 204 (32 -704 -128 ) (32 -832 -128 ) (0 -832 -128 ) (0 -704 -128 ) 
4 201 203 (32 -640 -128 ) (32 -672 -128 ) (0 -672 -128 ) (0 -640 -128 ) 
4 201 202 (0 -576 -128 ) (32 -576 -128 ) (32 -608 -128 ) (0 -608 -128 ) 
4 202 247 (0 -608 -128 ) (0 -576 -128 ) (0 -576 -129 ) (0 -608 -129 ) 
4 203 247 (0 -672 -128 ) (0 -640 -128 ) (0 -640 -130 ) (0 -672 -130 ) 
4 203 205 (32 -640 -130 ) (32 -672 -130 ) (0 -672 -130 ) (0 -640 -130 ) 
4 204 257 (0 -832 -130 ) (0 -832 -128 ) (0 -768 -128 ) (0 -768 -130 ) 
4 204 254 (0 -768 -128 ) (0 -736 -128 ) (0 -736 -130 ) (0 -768 -130 ) 
4 204 223 (0 -832 -128 ) (0 -832 -130 ) (32 -832 -130 ) (32 -832 -128 ) 
4 204 205 (32 -704 -130 ) (32 -832 -130 ) (0 -832 -130 ) (0 -704 -130 ) 
4 205 257 (0 -832 -140 ) (0 -832 -130 ) (0 -768 -130 ) (0 -768 -140 ) 
4 205 253 (0 -736 -130 ) (0 -704 -130 ) (0 -704 -140 ) (0 -736 -140 ) 
4 205 254 (0 -768 -130 ) (0 -736 -130 ) (0 -736 -140 ) (0 -768 -140 ) 
4 205 247 (0 -704 -130 ) (0 -448 -130 ) (0 -448 -140 ) (0 -704 -140 ) 
4 205 223 (0 -832 -130 ) (0 -832 -140 ) (32 -832 -140 ) (32 -832 -130 ) 
4 206 207 (672 -832 640 ) (672 -832 512 ) (672 -864 512 ) (672 -864 640 ) 
4 208 215 (512 -960 256 ) (512 -1024 256 ) (512 -1024 320 ) (512 -960 320 ) 
4 209 212 (256 -832 640 ) (512 -832 640 ) (512 -960 640 ) (256 -960 640 ) 
4 209 211 (256 -832 640 ) (256 -960 640 ) (256 -960 752 ) (256 -832 752 ) 
4 209 210 (256 -960 768 ) (256 -960 640 ) (502 -960 640 ) (502 -960 768 ) 
4 210 288 (384 -1024 768 ) (256 -1024 768 ) (256 -1024 640 ) (384 -1024 640 ) 
4 210 284 (500 -1024 768 ) (384 -1024 768 ) (384 -1024 640 ) (500 -1024 640 ) 
4 210 213 (500 -1024 640 ) (256 -1024 640 ) (256 -960 640 ) (502 -960 640 ) 
4 210 211 (256 -960 640 ) (256 -1024 640 ) (256 -1024 752 ) (256 -960 752 ) 
4 211 289 (0 -1024 752 ) (0 -1024 640 ) (256 -1024 640 ) (256 -1024 752 ) 
4 211 262 (0 -1024 640 ) (0 -1024 752 ) (0 -960 752 ) (0 -960 640 ) 
4 211 258 (0 -960 752 ) (0 -832 752 ) (0 -832 640 ) (0 -960 640 ) 
4 211 213 (256 -960 640 ) (256 -1024 640 ) (0 -1024 640 ) (0 -960 640 ) 
4 211 212 (0 -832 640 ) (256 -832 640 ) (256 -960 640 ) (0 -960 640 ) 
4 212 258 (0 -960 640 ) (0 -832 640 ) (0 -832 -128 ) (0 -960 -128 ) 
4 212 223 (0 -832 -128 ) (32 -832 -128 ) (32 -960 -128 ) (0 -960 -128 ) 
4 212 219 (224 -928 -128 ) (224 -864 -128 ) (256 -864 -128 ) (256 -928 -128 ) 
4 212 221 (224 -960 -128 ) (128 -960 -128 ) (128 -864 -128 ) (224 -864 -128 ) 
4 212 217 (384 -896 -128 ) (384 -960 -128 ) (352 -960 -128 ) (352 -896 -128 ) 
4 212 218 (352 -960 -128 ) (256 -960 -128 ) (256 -864 -128 ) (352 -864 -128 ) 
4 212 216 (160 -832 -128 ) (320 -832 -128 ) (320 -864 -128 ) (160 -864 -128 ) 
4 212 214 (508 -960 512 ) (0 -960 512 ) (0 -960 384 ) (508 -960 384 ) 
4 212 213 (512 -960 512 ) (512 -960 640 ) (0 -960 640 ) (0 -960 512 ) 
4 212 215 (0 -960 -128 ) (512 -960 -128 ) (512 -960 384 ) (0 -960 384 ) 
4 213 289 (256 -1024 640 ) (0 -1024 640 ) (0 -1024 512 ) (256 -1024 512 ) 
4 213 288 (384 -1024 640 ) (256 -1024 640 ) (256 -1024 512 ) (384 -1024 512 ) 
4 213 285 (512 -1024 512 ) (512 -1024 640 ) (384 -1024 640 ) (384 -1024 512 ) 
4 213 263 (0 -1024 512 ) (0 -1024 640 ) (0 -960 640 ) (0 -960 512 ) 
4 213 214 (0 -1024 512 ) (0 -960 512 ) (508 -960 512 ) (506 -1024 512 ) 
4 214 289 (256 -1024 512 ) (0 -1024 512 ) (0 -1024 384 ) (256 -1024 384 ) 
4 214 288 (384 -1024 512 ) (256 -1024 512 ) (256 -1024 384 ) (384 -1024 384 ) 
4 214 286 (506 -1024 512 ) (384 -1024 512 ) (384 -1024 384 ) (506 -1024 384 ) 
4 214 263 (0 -1024 384 ) (0 -1024 512 ) (0 -960 512 ) (0 -960 384 ) 
4 214 215 (0 -960 384 ) (508 -960 384 ) (506 -1024 384 ) (0 -1024 384 ) 
4 215 289 (256 -1024 384 ) (0 -1024 384 ) (0 -1024 -128 ) (256 -1024 -128 ) 
4 215 288 (384 -1024 384 ) (256 -1024 384 ) (256 -1024 -128 ) (384 -1024 -128 ) 
4 215 287 (512 -1024 -128 ) (512 -1024 384 ) (384 -1024 384 ) (384 -1024 -128 ) 
4 215 263 (0 -1024 -128 ) (0 -1024 384 ) (0 -960 384 ) (0 -960 -128 ) 
4 215 220 (256 -1024 -128 ) (224 -1024 -128 ) (224 -960 -128 ) (256 -960 -128 ) 
4 215 221 (224 -1024 -128 ) (128 -1024 -128 ) (128 -960 -128 ) (224 -960 -128 ) 
4 215 217 (384 -1024 -128 ) (352 -1024 -128 ) (352 -960 -128 ) (384 -960 -128 ) 
4 215 218 (352 -1024 -128 ) (256 -1024 -128 ) (256 -960 -128 ) (352 -960 -128 ) 
4 216 219 (224 -864 -130 ) (256 -864 -130 ) (256 -864 -128 ) (224 -864 -128 ) 
4 216 221 (160 -864 -130 ) (224 -864 -130 ) (224 -864 -128 ) (160 -864 -128 ) 
4 216 218 (256 -864 -130 ) (320 -864 -130 ) (320 -864 -128 ) (256 -864 -128 ) 
4 216 222 (160 -832 -130 ) (320 -832 -130 ) (320 -864 -130 ) (160 -864 -130 ) 
4 217 290 (384 -1024 -128 ) (352 -1024 -128 ) (352 -1024 -130 ) (384 -1024 -130 ) 
4 217 218 (352 -896 -130 ) (352 -1024 -130 ) (352 -1024 -128 ) (352 -896 -128 ) 
4 217 222 (384 -896 -130 ) (384 -1024 -130 ) (352 -1024 -130 ) (352 -896 -130 ) 
4 218 291 (320 -1024 -128 ) (288 -1024 -128 ) (288 -1024 -130 ) (320 -1024 -130 ) 
4 218 290 (352 -1024 -128 ) (320 -1024 -128 ) (320 -1024 -130 ) (352 -1024 -130 ) 
4 218 292 (288 -1024 -128 ) (256 -1024 -128 ) (256 -1024 -130 ) (288 -1024 -130 ) 
4 218 219 (256 -864 -128 ) (256 -864 -130 ) (256 -928 -130 ) (256 -928 -128 ) 
4 218 220 (256 -960 -130 ) (256 -1024 -130 ) (256 -1024 -128 ) (256 -960 -128 ) 
4 218 222 (256 -864 -130 ) (352 -864 -130 ) (352 -1024 -130 ) (256 -1024 -130 ) 
4 219 222 (224 -864 -130 ) (256 -864 -130 ) (256 -928 -130 ) (224 -928 -130 ) 
4 219 221 (224 -864 -128 ) (224 -864 -130 ) (224 -928 -130 ) (224 -928 -128 ) 
4 220 292 (256 -1024 -128 ) (224 -1024 -128 ) (224 -1024 -130 ) (256 -1024 -130 ) 
4 220 221 (224 -960 -130 ) (224 -1024 -130 ) (224 -1024 -128 ) (224 -960 -128 ) 
4 220 222 (256 -960 -130 ) (256 -1024 -130 ) (224 -1024 -130 ) (224 -960 -130 ) 
4 221 292 (224 -1024 -128 ) (128 -1024 -128 ) (128 -1024 -130 ) (224 -1024 -130 ) 
4 221 222 (128 -1024 -130 ) (128 -864 -130 ) (224 -864 -130 ) (224 -1024 -130 ) 
4 222 293 (128 -1024 -130 ) (128 -1024 -140 ) (384 -1024 -140 ) (384 -1024 -130 ) 
4 223 258 (0 -960 -128 ) (0 -832 -128 ) (0 -832 -140 ) (0 -960 -140 ) 
4 224 236 (-384 -64 512 ) (0 -64 512 ) (0 -64 768 ) (-384 -64 768 ) 
4 224 232 (0 -64 512 ) (-384 -64 512 ) (-384 -32 512 ) (0 -32 512 ) 
4 224 225 (-384 -32 512 ) (-384 0 512 ) (0 0 512 ) (0 -32 512 ) 
4 225 232 (0 -32 384 ) (0 -32 512 ) (-768 -32 512 ) (-768 -32 384 ) 
4 225 228 (0 -32 384 ) (-768 -32 384 ) (-768 0 384 ) (0 0 384 ) 
4 226 231 (-864 -32 384 ) (-960 -32 384 ) (-960 0 384 ) (-864 0 384 ) 
4 226 227 (-960 0 384 ) (-960 -32 384 ) (-960 -32 448 ) (-960 0 448 ) 
4 227 279 (-1024 -32 512 ) (-1024 0 512 ) (-1024 0 384 ) (-1024 -32 384 ) 
4 227 233 (-992 -32 512 ) (-1024 -32 512 ) (-1024 -32 384 ) (-992 -32 384 ) 
4 227 231 (-960 -32 384 ) (-1024 -32 384 ) (-1024 0 384 ) (-960 0 384 ) 
4 228 235 (-384 0 256 ) (0 0 256 ) (0 -32 256 ) (-384 -32 256 ) 
4 228 232 (-768 -32 256 ) (0 -32 256 ) (0 -32 384 ) (-768 -32 384 ) 
4 228 229 (-785 0 256 ) (-785 -32 256 ) (-785 -32 384 ) (-785 0 384 ) 
4 229 230 (-786 0 256 ) (-786 -32 256 ) (-786 -32 384 ) (-786 0 384 ) 
4 231 279 (-1024 0 384 ) (-1024 0 256 ) (-1024 -32 256 ) (-1024 -32 384 ) 
4 231 234 (-1024 -32 256 ) (-992 -32 256 ) (-992 -32 384 ) (-1024 -32 384 ) 
4 232 239 (-512 -64 256 ) (0 -64 256 ) (0 -64 320 ) (-512 -64 320 ) 
4 232 238 (-640 -64 448 ) (-704 -64 448 ) (-704 -64 320 ) (-640 -64 320 ) 
4 232 237 (0 -64 320 ) (0 -64 448 ) (-512 -64 448 ) (-512 -64 320 ) 
4 232 236 (0 -64 448 ) (0 -64 512 ) (-512 -64 512 ) (-512 -64 448 ) 
4 232 235 (0 -64 256 ) (-384 -64 256 ) (-384 -32 256 ) (0 -32 256 ) 
4 233 279 (-1024 -64 384 ) (-1024 -64 512 ) (-1024 -32 512 ) (-1024 -32 384 ) 
4 233 234 (-1024 -32 384 ) (-992 -32 384 ) (-992 -64 384 ) (-1024 -64 384 ) 
4 234 279 (-1024 -64 256 ) (-1024 -64 384 ) (-1024 -32 384 ) (-1024 -32 256 ) 
4 235 240 (0 -64 -128 ) (0 -64 256 ) (-384 -64 256 ) (-384 -64 -128 ) 
4 236 243 (0 -448 448 ) (0 -448 768 ) (-384 -448 768 ) (-384 -448 448 ) 
4 236 237 (0 -448 448 ) (-512 -448 448 ) (-512 -64 448 ) (0 -64 448 ) 
4 237 243 (0 -448 320 ) (0 -448 448 ) (-384 -448 448 ) (-384 -448 320 ) 
4 237 239 (0 -448 320 ) (-512 -448 320 ) (-512 -64 320 ) (0 -64 320 ) 
4 239 243 (0 -448 256 ) (0 -448 320 ) (-384 -448 320 ) (-384 -448 256 ) 
4 239 242 (-384 -448 256 ) (-512 -448 256 ) (-512 -320 256 ) (-384 -320 256 ) 
4 239 241 (-512 -320 256 ) (-512 -64 256 ) (-384 -64 256 ) (-384 -320 256 ) 
4 239 240 (0 -448 256 ) (-384 -448 256 ) (-384 -64 256 ) (0 -64 256 ) 
4 240 245 (0 -448 -128 ) (0 -448 0 ) (-384 -448 0 ) (-384 -448 -128 ) 
4 240 244 (0 -448 0 ) (0 -448 128 ) (-384 -448 128 ) (-384 -448 0 ) 
4 240 243 (0 -448 128 ) (0 -448 256 ) (-384 -448 256 ) (-384 -448 128 ) 
4 240 242 (-384 -448 192 ) (-384 -448 256 ) (-384 -320 256 ) (-384 -320 192 ) 
4 240 241 (-384 -64 -128 ) (-384 -320 -128 ) (-384 -320 256 ) (-384 -64 256 ) 
4 241 242 (-512 -320 256 ) (-512 -320 192 ) (-384 -320 192 ) (-384 -320 256 ) 
4 243 246 (-384 -576 128 ) (0 -576 128 ) (0 -576 768 ) (-384 -576 768 ) 
4 243 244 (0 -576 128 ) (-376 -576 128 ) (-384 -448 128 ) (0 -448 128 ) 
4 244 246 (-376 -576 0 ) (0 -576 0 ) (0 -576 128 ) (-376 -576 128 ) 
4 244 245 (0 -576 0 ) (-376 -576 0 ) (-384 -448 0 ) (0 -448 0 ) 
4 245 248 (-96 -480 -128 ) (-96 -544 -128 ) (-128 -544 -128 ) (-128 -480 -128 ) 
4 245 247 (-96 -448 -128 ) (0 -448 -128 ) (0 -576 -128 ) (-96 -576 -128 ) 
4 245 246 (-384 -576 -128 ) (0 -576 -128 ) (0 -576 0 ) (-384 -576 0 ) 
4 246 260 (-256 -768 768 ) (-384 -768 768 ) (-384 -768 -128 ) (-256 -768 -128 ) 
4 246 256 (0 -768 -128 ) (0 -768 768 ) (-256 -768 768 ) (-256 -768 -128 ) 
4 246 252 (-224 -736 -128 ) (-224 -704 -128 ) (-128 -704 -128 ) (-128 -736 -128 ) 
4 246 251 (-96 -704 -128 ) (-32 -704 -128 ) (-32 -736 -128 ) (-96 -736 -128 ) 
4 246 254 (0 -768 -128 ) (-224 -768 -128 ) (-224 -736 -128 ) (0 -736 -128 ) 
4 246 249 (-96 -640 -128 ) (-96 -704 -128 ) (-128 -704 -128 ) (-128 -640 -128 ) 
4 246 247 (-96 -576 -128 ) (0 -576 -128 ) (0 -704 -128 ) (-96 -704 -128 ) 
4 247 251 (-32 -704 -128 ) (-96 -704 -128 ) (-96 -704 -130 ) (-32 -704 -130 ) 
4 247 253 (0 -704 -140 ) (0 -704 -130 ) (-96 -704 -130 ) (-96 -704 -140 ) 
4 247 250 (-96 -704 -140 ) (-96 -704 -130 ) (-96 -448 -130 ) (-96 -448 -140 ) 
4 247 249 (-96 -704 -130 ) (-96 -704 -128 ) (-96 -640 -128 ) (-96 -640 -130 ) 
4 247 248 (-96 -544 -128 ) (-96 -480 -128 ) (-96 -480 -130 ) (-96 -544 -130 ) 
4 248 250 (-96 -480 -130 ) (-96 -544 -130 ) (-128 -544 -130 ) (-128 -480 -130 ) 
4 249 250 (-96 -640 -130 ) (-96 -704 -130 ) (-128 -704 -130 ) (-128 -640 -130 ) 
4 250 253 (-160 -704 -130 ) (-160 -704 -140 ) (-96 -704 -140 ) (-96 -704 -130 ) 
4 251 254 (-96 -736 -130 ) (-32 -736 -130 ) (-32 -736 -128 ) (-96 -736 -128 ) 
4 251 253 (-32 -736 -130 ) (-96 -736 -130 ) (-96 -704 -130 ) (-32 -704 -130 ) 
4 252 254 (-224 -736 -128 ) (-224 -736 -130 ) (-128 -736 -130 ) (-128 -736 -128 ) 
4 252 253 (-128 -736 -130 ) (-224 -736 -130 ) (-224 -704 -130 ) (-128 -704 -130 ) 
4 253 254 (-224 -736 -130 ) (-224 -736 -140 ) (0 -736 -140 ) (0 -736 -130 ) 
4 254 257 (0 -768 -140 ) (0 -768 -128 ) (-224 -768 -128 ) (-224 -768 -140 ) 
4 255 267 (-512 -768 384 ) (-576 -768 384 ) (-576 -768 288 ) (-512 -768 288 ) 
4 255 266 (-448 -768 288 ) (-448 -768 384 ) (-512 -768 384 ) (-512 -768 288 ) 
4 256 260 (-256 -768 768 ) (-256 -768 -128 ) (-256 -832 -128 ) (-256 -832 768 ) 
4 256 259 (-256 -832 768 ) (-256 -832 -128 ) (-224 -832 -128 ) (-224 -832 768 ) 
4 256 258 (-224 -832 -128 ) (0 -832 -128 ) (0 -832 768 ) (-224 -832 768 ) 
4 256 257 (0 -832 -128 ) (-224 -832 -128 ) (-224 -768 -128 ) (0 -768 -128 ) 
4 257 258 (-224 -832 -140 ) (0 -832 -140 ) (0 -832 -128 ) (-224 -832 -128 ) 
4 258 263 (0 -960 -128 ) (0 -960 640 ) (-224 -960 640 ) (-224 -960 -128 ) 
4 258 262 (0 -960 640 ) (0 -960 768 ) (-224 -960 768 ) (-224 -960 640 ) 
4 258 259 (-224 -960 784 ) (-224 -832 784 ) (-224 -832 -128 ) (-224 -960 -128 ) 
4 259 263 (-256 -960 640 ) (-256 -960 -128 ) (-224 -960 -128 ) (-224 -960 640 ) 
4 259 262 (-256 -960 768 ) (-256 -960 640 ) (-224 -960 640 ) (-224 -960 768 ) 
4 259 261 (-256 -960 -128 ) (-256 -960 760 ) (-256 -832 760 ) (-256 -832 -128 ) 
4 260 261 (-384 -832 768 ) (-384 -832 -128 ) (-256 -832 -128 ) (-256 -832 760 ) 
4 261 265 (-384 -960 -128 ) (-384 -960 512 ) (-384 -832 512 ) (-384 -832 -128 ) 
4 261 263 (-384 -960 640 ) (-384 -960 -128 ) (-256 -960 -128 ) (-256 -960 640 ) 
4 261 262 (-370 -960 640 ) (-256 -960 640 ) (-256 -960 760 ) (-370 -960 767.125000 ) 
4 262 314 (0 -1024 640 ) (0 -1024 768 ) (-372 -1024 768 ) (-372 -1024 640 ) 
4 262 263 (-370 -960 640 ) (0 -960 640 ) (0 -1024 640 ) (-372 -1024 640 ) 
4 263 317 (0 -1024 -128 ) (0 -1024 640 ) (-384 -1024 640 ) (-384 -1024 -128 ) 
4 263 265 (-384 -1024 -128 ) (-384 -1024 512 ) (-384 -960 512 ) (-384 -960 -128 ) 
4 264 267 (-896 -800.091003 768 ) (-896 -768 768 ) (-512 -768 768 ) (-512 -800.091003 768 ) 
4 265 318 (-384 -1024 -128 ) (-384 -1024 512 ) (-416 -1024 512 ) (-416 -1024 -128 ) 
4 265 266 (-416 -832 -128 ) (-416 -1024 -128 ) (-416 -1024 512 ) (-416 -832 512 ) 
4 266 319 (-416 -1024 -128 ) (-416 -1024 768 ) (-512 -1024 768 ) (-512 -1024 -128 ) 
4 266 267 (-512 -1024 256 ) (-512 -1024 768 ) (-512 -768 768 ) (-512 -768 256 ) 
4 267 320 (-512 -1024 256 ) (-512 -1024 768 ) (-896 -1024 768 ) (-896 -1024 256 ) 
4 267 269 (-896 -1024 512 ) (-896 -1024 640 ) (-896 -992 640 ) (-896 -992 512 ) 
4 267 268 (-896 -768 768 ) (-896 -768 256 ) (-896 -800 256 ) (-896 -800 768 ) 
4 269 321 (-896 -1024 512 ) (-896 -1024 640 ) (-904 -1024 640 ) (-904 -1024 512 ) 
4 270 275 (-1184 192 512 ) (-1120 192 512 ) (-1120 128 512 ) (-1184 128 512 ) 
4 271 275 (-1376 192 512 ) (-1312 192 512 ) (-1312 128 512 ) (-1376 128 512 ) 
4 272 279 (-1024 0 256 ) (-1024 0 512 ) (-1056 0 512 ) (-1056 0 256 ) 
4 272 275 (-1056 160 256 ) (-1056 0 256 ) (-1056 0 512 ) (-1056 160 512 ) 
4 273 276 (-1216 256 256 ) (-1088 256 256 ) (-1088 224 256 ) (-1216 224 256 ) 
4 273 275 (-1216 224 256 ) (-1088 224 256 ) (-1088 224 512 ) (-1216 224 512 ) 
4 274 278 (-1440 224 256 ) (-1440 256 256 ) (-1408 256 256 ) (-1408 224 256 ) 
4 274 277 (-1408 256 256 ) (-1280 256 256 ) (-1280 224 256 ) (-1408 224 256 ) 
4 274 275 (-1440 224 512 ) (-1440 224 256 ) (-1280 224 256 ) (-1280 224 512 ) 
4 275 279 (-1056 0 512 ) (-1408 0 512 ) (-1408 0 256 ) (-1056 0 256 ) 
4 275 278 (-1408 0 256 ) (-1440 0 256 ) (-1440 224 256 ) (-1408 224 256 ) 
4 277 278 (-1408 256 256 ) (-1408 256 248 ) (-1408 224 248 ) (-1408 224 256 ) 
4 279 280 (-1152 -64 288 ) (-1152 -64 480 ) (-1248 -64 480 ) (-1248 -64 288 ) 
4 284 294 (498 -1088 768 ) (384 -1088 768 ) (384 -1088 640 ) (498 -1088 640 ) 
4 284 288 (384 -1024 768 ) (384 -1024 640 ) (384 -1088 640 ) (384 -1088 768 ) 
4 284 285 (384 -1088 640 ) (384 -1024 640 ) (500 -1024 640 ) (498 -1088 640 ) 
4 285 298 (512 -1088 512 ) (512 -1088 640 ) (384 -1088 640 ) (384 -1088 512 ) 
4 285 288 (384 -1024 640 ) (384 -1024 512 ) (384 -1088 512 ) (384 -1088 640 ) 
4 285 286 (384 -1088 512 ) (384 -1024 512 ) (506 -1024 512 ) (504 -1088 512 ) 
4 286 302 (504 -1088 512 ) (384 -1088 512 ) (384 -1088 384 ) (504 -1088 384 ) 
4 286 288 (384 -1024 512 ) (384 -1024 384 ) (384 -1088 384 ) (384 -1088 512 ) 
4 286 287 (384 -1088 384 ) (384 -1024 384 ) (506 -1024 384 ) (504 -1088 384 ) 
4 287 307 (508 -1088 0 ) (384 -1088 0 ) (384 -1088 -128 ) (508 -1088 -128 ) 
4 287 306 (508 -1088 128 ) (384 -1088 128 ) (384 -1088 0 ) (508 -1088 0 ) 
4 287 302 (512 -1088 128 ) (512 -1088 384 ) (384 -1088 384 ) (384 -1088 128 ) 
4 287 288 (384 -1024 384 ) (384 -1024 -128 ) (384 -1088 -128 ) (384 -1088 384 ) 
4 288 307 (256 -1088 -128 ) (384 -1088 -128 ) (384 -1088 0 ) (256 -1088 0 ) 
4 288 306 (384 -1088 0 ) (384 -1088 128 ) (256 -1088 128 ) (256 -1088 0 ) 
4 288 303 (384 -1088 128 ) (384 -1088 512 ) (256 -1088 512 ) (256 -1088 128 ) 
4 288 299 (384 -1088 512 ) (384 -1088 640 ) (256 -1088 640 ) (256 -1088 512 ) 
4 288 295 (384 -1088 640 ) (384 -1088 768 ) (256 -1088 768 ) (256 -1088 640 ) 
4 288 291 (288 -1024 -128 ) (320 -1024 -128 ) (320 -1056 -128 ) (288 -1056 -128 ) 
4 288 290 (320 -1024 -128 ) (384 -1024 -128 ) (384 -1088 -128 ) (320 -1088 -128 ) 
4 288 292 (256 -1024 -128 ) (288 -1024 -128 ) (288 -1088 -128 ) (256 -1088 -128 ) 
4 288 289 (256 -1024 752 ) (256 -1024 -128 ) (256 -1088 -128 ) (256 -1088 752 ) 
4 289 317 (0 -1024 640 ) (0 -1024 -128 ) (0 -1088 -128 ) (0 -1088 640 ) 
4 289 314 (0 -1024 752 ) (0 -1024 640 ) (0 -1088 640 ) (0 -1088 752 ) 
4 289 307 (0 -1088 0 ) (0 -1088 -128 ) (256 -1088 -128 ) (256 -1088 0 ) 
4 289 306 (0 -1088 128 ) (0 -1088 0 ) (256 -1088 0 ) (256 -1088 128 ) 
4 289 305 (0 -1088 512 ) (0 -1088 128 ) (256 -1088 128 ) (256 -1088 512 ) 
4 289 300 (128 -1088 512 ) (256 -1088 512 ) (256 -1088 640 ) (128 -1088 640 ) 
4 289 301 (0 -1088 640 ) (0 -1088 512 ) (128 -1088 512 ) (128 -1088 640 ) 
4 289 297 (0 -1088 752 ) (0 -1088 640 ) (128 -1088 640 ) (128 -1088 752 ) 
4 289 296 (128 -1088 640 ) (256 -1088 640 ) (256 -1088 752 ) (128 -1088 752 ) 
4 289 292 (128 -1024 -128 ) (256 -1024 -128 ) (256 -1088 -128 ) (128 -1088 -128 ) 
4 290 293 (320 -1024 -130 ) (384 -1024 -130 ) (384 -1088 -130 ) (320 -1088 -130 ) 
4 290 291 (320 -1024 -130 ) (320 -1056 -130 ) (320 -1056 -128 ) (320 -1024 -128 ) 
4 291 293 (288 -1024 -130 ) (320 -1024 -130 ) (320 -1056 -130 ) (288 -1056 -130 ) 
4 291 292 (288 -1024 -130 ) (288 -1056 -130 ) (288 -1056 -128 ) (288 -1024 -128 ) 
4 292 293 (128 -1088 -130 ) (128 -1024 -130 ) (288 -1024 -130 ) (288 -1088 -130 ) 
4 294 298 (384 -1088 640 ) (512 -1088 640 ) (512 -1176 640 ) (384 -1176 640 ) 
4 294 295 (384 -1088 640 ) (384 -1176 640 ) (384 -1176 768 ) (384 -1088 768 ) 
4 295 299 (256 -1088 640 ) (384 -1088 640 ) (384 -1192 640 ) (256 -1192 640 ) 
4 295 296 (256 -1088 640 ) (256 -1188 640 ) (256 -1188 768 ) (256 -1088 768 ) 
4 296 300 (128 -1088 640 ) (256 -1088 640 ) (256 -1188 640 ) (128 -1188 640 ) 
4 296 297 (128 -1088 640 ) (128 -1188 640 ) (128 -1188 768 ) (128 -1088 768 ) 
4 297 316 (0 -1204 768 ) (0 -1200 768 ) (0 -1200 640 ) (0 -1204 640 ) 
4 297 315 (0 -1200 768 ) (0 -1088 768 ) (0 -1088 640 ) (0 -1200 640 ) 
4 297 301 (0 -1088 640 ) (128 -1088 640 ) (128 -1204 640 ) (0 -1204 640 ) 
4 298 302 (384 -1088 512 ) (512 -1088 512 ) (512 -1200 512 ) (384 -1200 512 ) 
5 298 299 (384 -1088 512 ) (384 -1196 512 ) (384 -1196 576 ) (384 -1192 640 ) (384 -1088 640 ) 
4 299 303 (256 -1088 512 ) (384 -1088 512 ) (384 -1196 512 ) (256 -1196 512 ) 
4 299 300 (256 -1088 512 ) (256 -1196 512 ) (256 -1196 640 ) (256 -1088 640 ) 
4 300 305 (128 -1088 512 ) (256 -1088 512 ) (256 -1204 512 ) (128 -1204 512 ) 
4 300 301 (128 -1088 512 ) (128 -1204 512 ) (128 -1204 640 ) (128 -1088 640 ) 
4 301 317 (0 -1216 512 ) (0 -1216 640 ) (0 -1088 640 ) (0 -1088 512 ) 
4 301 305 (0 -1088 512 ) (128 -1088 512 ) (128 -1216 512 ) (0 -1216 512 ) 
4 302 306 (384 -1088 128 ) (508 -1088 128 ) (504 -1216 128 ) (384 -1216 128 ) 
4 302 304 (384 -1216 256 ) (384 -1216 512 ) (384 -1208 512 ) (384 -1208 256 ) 
4 302 303 (384 -1088 128 ) (384 -1208 128 ) (384 -1208 512 ) (384 -1088 512 ) 
4 303 306 (256 -1088 128 ) (384 -1088 128 ) (384 -1208 128 ) (256 -1208 128 ) 
4 303 304 (256 -1208 512 ) (256 -1208 256 ) (384 -1208 256 ) (384 -1208 512 ) 
4 303 305 (256 -1088 128 ) (256 -1208 128 ) (256 -1208 512 ) (256 -1088 512 ) 
4 304 308 (384 -1216 512 ) (256 -1216 512 ) (256 -1216 384 ) (384 -1216 384 ) 
4 304 305 (256 -1216 256 ) (256 -1216 512 ) (256 -1208 512 ) (256 -1208 256 ) 
4 305 317 (0 -1216 128 ) (0 -1216 512 ) (0 -1088 512 ) (0 -1088 128 ) 
4 305 310 (128 -1216 256 ) (128 -1216 128 ) (256 -1216 128 ) (256 -1216 256 ) 
4 305 308 (256 -1216 512 ) (128 -1216 512 ) (128 -1216 384 ) (256 -1216 384 ) 
4 305 306 (0 -1088 128 ) (256 -1088 128 ) (256 -1216 128 ) (0 -1216 128 ) 
4 306 317 (0 -1216 0 ) (0 -1216 128 ) (0 -1088 128 ) (0 -1088 0 ) 
4 306 311 (128 -1216 128 ) (0 -1216 128 ) (0 -1216 0 ) (128 -1216 0 ) 
4 306 310 (256 -1216 128 ) (128 -1216 128 ) (128 -1216 0 ) (256 -1216 0 ) 
4 306 309 (384 -1216 128 ) (256 -1216 128 ) (256 -1216 0 ) (384 -1216 0 ) 
4 306 307 (0 -1088 0 ) (508 -1088 0 ) (504 -1216 0 ) (0 -1216 0 ) 
4 307 317 (0 -1216 -128 ) (0 -1216 0 ) (0 -1088 0 ) (0 -1088 -128 ) 
4 308 312 (384 -1248 384 ) (384 -1248 512 ) (128 -1248 512 ) (128 -1248 384 ) 
4 309 310 (256 -1248 0 ) (256 -1248 128 ) (256 -1216 128 ) (256 -1216 0 ) 
4 310 311 (128 -1216 128 ) (128 -1216 0 ) (128 -1248 0 ) (128 -1248 128 ) 
4 313 320 (-896 -1152 768 ) (-896 -1119.910034 768 ) (-512 -1119.910034 768 ) (-512 -1152 768 ) 
4 314 317 (-372 -1024 640 ) (0 -1024 640 ) (0 -1088 640 ) (-374 -1088 640 ) 
4 314 315 (-374 -1088 640 ) (0 -1088 640 ) (0 -1088 768 ) (-374 -1088 768 ) 
4 315 317 (-384 -1200 640 ) (-384 -1088 640 ) (0 -1088 640 ) (0 -1200 640 ) 
4 315 316 (-256 -1200 640 ) (0 -1200 640 ) (0 -1200 768 ) (-256 -1200 768 ) 
4 316 317 (0 -1216 640 ) (-256 -1216 640 ) (-256 -1200 640 ) (0 -1200 640 ) 
4 317 324 (-384 -1216 256 ) (-384 -1216 0 ) (-256 -1216 0 ) (-256 -1216 256 ) 
4 317 323 (0 -1216 256 ) (0 -1216 512 ) (-256 -1216 512 ) (-256 -1216 256 ) 
4 317 318 (-384 -1088 512 ) (-384 -1024 512 ) (-384 -1024 -128 ) (-384 -1088 -128 ) 
4 318 319 (-416 -1088 512 ) (-416 -1024 512 ) (-416 -1024 -128 ) (-416 -1088 -128 ) 
4 319 320 (-512 -1152 256 ) (-512 -1152 768 ) (-512 -1024 768 ) (-512 -1024 256 ) 
4 320 322 (-896 -1120 256 ) (-896 -1152 256 ) (-896 -1152 768 ) (-896 -1120 768 ) 
4 320 321 (-896 -1024 640 ) (-896 -1024 512 ) (-896 -1056 512 ) (-896 -1056 640 ) 
4 326 327 (-1024 -3568 -128 ) (-1024 -3568 0 ) (-1024 -3312 0 ) (-1024 -3312 -128 ) 
