PRT1
431
1112
4 0 18 (512 1280 392 ) (384 1280 392 ) (384 1280 384 ) (512 1280 384 ) 
4 0 2 (512 1280 384 ) (384 1280 384 ) (384 1408 384 ) (512 1408 384 ) 
4 1 16 (640 1280 384 ) (512 1280 384 ) (512 1280 128 ) (640 1280 128 ) 
4 1 6 (768 1280 384 ) (640 1280 384 ) (640 1280 136 ) (768 1280 136 ) 
4 1 2 (512 1280 128 ) (512 1280 384 ) (512 1408 384 ) (512 1408 128 ) 
4 2 19 (512 1280 384 ) (256 1280 384 ) (256 1280 128 ) (512 1280 128 ) 
4 3 21 (224 1280 80 ) (512 1280 80 ) (512 1280 126 ) (224 1280 126 ) 
4 3 4 (512 1280 80 ) (224 1280 80 ) (224 1312 80 ) (512 1312 80 ) 
4 4 21 (224 1280 -64 ) (512 1280 -64 ) (512 1280 80 ) (224 1280 80 ) 
4 4 17 (512 1280 -64 ) (528 1280 -64 ) (528 1280 80 ) (512 1280 80 ) 
4 5 15 (640 1280 392 ) (640 1280 384 ) (640 1248 384 ) (640 1248 392 ) 
4 5 6 (768 1280 384 ) (768 1248 384 ) (640 1248 384 ) (640 1280 384 ) 
4 6 16 (640 1280 384 ) (640 1280 136 ) (640 1248 136 ) (640 1248 384 ) 
4 6 7 (640 1248 384 ) (640 1248 136 ) (768 1248 136 ) (768 1248 384 ) 
4 7 16 (640 1232 136 ) (640 1232 384 ) (640 1248 384 ) (640 1248 136 ) 
4 7 9 (642 1232 136 ) (766 1232 136 ) (766 1232 384 ) (642 1232 384 ) 
4 7 8 (766 1232 136 ) (768 1232 136 ) (768 1232 384 ) (766 1232 384 ) 
4 7 14 (640 1232 384 ) (640 1232 136 ) (642 1232 136 ) (642 1232 384 ) 
4 8 28 (766 1216 128 ) (768 1216 128 ) (768 1216 384 ) (766 1216 384 ) 
4 8 11 (766 1221 382 ) (766 1221 130 ) (766 1219 130 ) (766 1219 382 ) 
4 8 10 (766 1219 384 ) (766 1221 384 ) (766 1221 382 ) (766 1219 382 ) 
4 8 12 (766 1221 130 ) (766 1221 128 ) (766 1219 128 ) (766 1219 130 ) 
4 8 9 (766 1221 384 ) (766 1232 384 ) (766 1232 128 ) (766 1221 128 ) 
4 8 13 (766 1216 384 ) (766 1219 384 ) (766 1219 128 ) (766 1216 128 ) 
4 9 11 (642 1221 382 ) (642 1221 130 ) (766 1221 130 ) (766 1221 382 ) 
4 9 10 (642 1221 384 ) (642 1221 382 ) (766 1221 382 ) (766 1221 384 ) 
4 9 12 (642 1221 130 ) (642 1221 128 ) (766 1221 128 ) (766 1221 130 ) 
4 9 14 (642 1221 384 ) (642 1232 384 ) (642 1232 128 ) (642 1221 128 ) 
4 10 13 (642 1219 384 ) (642 1219 382 ) (766 1219 382 ) (766 1219 384 ) 
4 10 14 (642 1219 384 ) (642 1221 384 ) (642 1221 382 ) (642 1219 382 ) 
4 10 11 (766 1219 382 ) (642 1219 382 ) (642 1221 382 ) (766 1221 382 ) 
4 11 12 (766 1219 130 ) (642 1219 130 ) (642 1221 130 ) (766 1221 130 ) 
4 11 13 (642 1219 382 ) (642 1219 130 ) (766 1219 130 ) (766 1219 382 ) 
4 11 14 (642 1221 382 ) (642 1221 130 ) (642 1219 130 ) (642 1219 382 ) 
4 12 14 (642 1221 130 ) (642 1221 128 ) (642 1219 128 ) (642 1219 130 ) 
4 12 13 (642 1219 130 ) (642 1219 128 ) (766 1219 128 ) (766 1219 130 ) 
4 13 28 (642 1216 128 ) (766 1216 128 ) (766 1216 384 ) (642 1216 384 ) 
4 13 14 (642 1216 384 ) (642 1219 384 ) (642 1219 128 ) (642 1216 128 ) 
4 14 28 (640 1216 384 ) (640 1216 128 ) (642 1216 128 ) (642 1216 384 ) 
4 14 16 (640 1232 128 ) (640 1216 128 ) (640 1216 384 ) (640 1232 384 ) 
4 15 18 (512 1280 392 ) (512 1280 384 ) (512 1248 384 ) (512 1248 392 ) 
4 15 16 (512 1248 384 ) (512 1280 384 ) (640 1280 384 ) (640 1248 384 ) 
4 16 28 (640 1216 128 ) (640 1216 384 ) (512 1216 384 ) (512 1216 128 ) 
4 16 20 (512 1248 128 ) (512 1216 128 ) (512 1216 384 ) (512 1248 384 ) 
4 16 19 (512 1280 384 ) (512 1280 128 ) (512 1248 128 ) (512 1248 384 ) 
4 17 22 (512 1224 -48 ) (512 1224 80 ) (512 1232 80 ) (512 1232 -48 ) 
4 17 21 (512 1280 80 ) (512 1280 -64 ) (512 1232 -64 ) (512 1232 80 ) 
4 18 19 (512 1248 384 ) (256 1248 384 ) (256 1280 384 ) (512 1280 384 ) 
4 19 20 (256 1248 128 ) (512 1248 128 ) (512 1248 384 ) (256 1248 384 ) 
4 20 28 (256 1216 128 ) (512 1216 128 ) (512 1216 384 ) (256 1216 384 ) 
4 21 22 (512 1232 -48 ) (512 1232 126 ) (256 1232 126 ) (256 1232 -48 ) 
4 21 23 (224 1232 -64 ) (256 1232 -64 ) (256 1232 126 ) (224 1232 126 ) 
4 22 24 (512 1224 -48 ) (512 1224 126 ) (256 1224 126 ) (256 1224 -48 ) 
4 22 23 (256 1224 -48 ) (256 1224 126 ) (256 1232 126 ) (256 1232 -48 ) 
4 24 28 (512 1216 -60 ) (512 1216 126 ) (256 1216 126 ) (256 1216 -60 ) 
4 25 75 (1024 1024 -64 ) (1024 1024 128 ) (994.543091 1024 128 ) (994.543091 1024 -64 ) 
4 25 61 (1024 1024 128 ) (1024 1024 512 ) (1016 1024 512 ) (1016 1024 128 ) 
4 25 63 (1016 1024 512 ) (994.543091 1024 512 ) (994.543091 1024 128 ) (1016 1024 128 ) 
4 25 29 (1024 1024 -64 ) (994.543091 1024 -64 ) (994.543091 1216 -64 ) (1024 1216 -64 ) 
4 25 27 (994.543091 1024 512 ) (994.543091 1030.420166 512 ) (994.543091 1030.420166 128 ) (994.543091 1024 128 ) 
4 25 26 (994.543091 1030.420166 512 ) (994.543091 1216 512 ) (994.543091 1216 -64 ) (994.543091 1030.420166 -64 ) 
4 26 30 (802.543091 1030.420166 -64 ) (802.543091 1216 -64 ) (994.543091 1216 -64 ) (994.543091 1030.420166 -64 ) 
4 26 27 (802.543091 1030.420166 512 ) (802.543091 1030.420166 128 ) (994.543091 1030.420166 128 ) (994.543091 1030.420166 512 ) 
4 26 28 (802.543091 1030.420166 512 ) (802.543091 1216 512 ) (802.543091 1216 -64 ) (802.543091 1030.420166 -64 ) 
4 27 65 (896 1024 512 ) (802.543091 1024 512 ) (802.543091 1024 128 ) (896 1024 128 ) 
4 27 63 (994.543091 1024 512 ) (896 1024 512 ) (896 1024 128 ) (994.543091 1024 128 ) 
4 27 28 (802.543091 1024 512 ) (802.543091 1030.420166 512 ) (802.543091 1030.420166 128 ) (802.543091 1024 128 ) 
4 28 118 (0 1024 0 ) (0 1024 -64 ) (640 1024 -64 ) (640 1024 0 ) 
4 28 115 (64 1024 512 ) (0 1024 512 ) (0 1024 0 ) (64 1024 0 ) 
4 28 114 (128 1024 512 ) (64 1024 512 ) (64 1024 0 ) (128 1024 0 ) 
4 28 108 (384 1024 512 ) (128 1024 512 ) (128 1024 0 ) (384 1024 0 ) 
4 28 104 (512 1024 512 ) (384 1024 512 ) (384 1024 0 ) (512 1024 0 ) 
4 28 98 (576 1024 512 ) (512 1024 512 ) (512 1024 0 ) (576 1024 0 ) 
4 28 93 (640 1024 512 ) (576 1024 512 ) (576 1024 0 ) (640 1024 0 ) 
4 28 89 (704 1024 512 ) (640 1024 512 ) (640 1024 500 ) (704 1024 500 ) 
4 28 91 (640 1024 500 ) (640 1024 -64 ) (704 1024 -64 ) (704 1024 500 ) 
4 28 86 (768 1024 512 ) (704 1024 512 ) (704 1024 -64 ) (768 1024 -64 ) 
4 28 76 (768 1024 128 ) (768 1024 -64 ) (802.543091 1024 -64 ) (802.543091 1024 128 ) 
4 28 65 (802.543091 1024 512 ) (768 1024 512 ) (768 1024 128 ) (802.543091 1024 128 ) 
4 28 43 (0 1024 -64 ) (0 1024 0 ) (0 1088 0 ) (0 1088 -64 ) 
4 28 37 (0 1024 0 ) (0 1024 512 ) (0 1088 512 ) (0 1088 0 ) 
4 28 35 (0 1216 0 ) (0 1216 -64 ) (0 1088 -64 ) (0 1088 0 ) 
4 28 34 (0 1088 512 ) (0 1216 512 ) (0 1216 0 ) (0 1088 0 ) 
4 28 31 (802.543091 1024 -64 ) (0 1024 -64 ) (0 1216 -64 ) (802.543091 1216 -64 ) 
4 29 145 (1024 1024 -256 ) (1024 1024 -64 ) (994.543091 1024 -64 ) (994.543091 1024 -256 ) 
4 29 30 (994.543091 1216 -64 ) (994.543091 1216 -256 ) (994.543091 1030.420166 -256 ) (994.543091 1030.420166 -64 ) 
4 30 31 (802.543091 1216 -64 ) (802.543091 1216 -256 ) (802.543091 1030.420166 -256 ) (802.543091 1030.420166 -64 ) 
4 31 146 (802.543091 1024 -64 ) (0 1024 -64 ) (0 1024 -256 ) (802.543091 1024 -256 ) 
4 31 44 (0 1024 -256 ) (0 1024 -64 ) (0 1216 -64 ) (0 1216 -256 ) 
4 32 34 (-128 1088 512 ) (-256 1088 512 ) (-256 1216 512 ) (-128 1216 512 ) 
4 33 36 (-384 1088 520 ) (-384 1088 512 ) (-352 1088 512 ) (-352 1088 520 ) 
4 33 34 (-352 1088 512 ) (-384 1088 512 ) (-384 1216 512 ) (-352 1216 512 ) 
4 34 42 (-223 1088 512 ) (-768 1088 512 ) (-768 1088 0 ) (-223 1088 0 ) 
4 34 38 (-161 1088 512 ) (-223 1088 512 ) (-223 1088 0 ) (-161 1088 0 ) 
4 34 37 (0 1088 0 ) (0 1088 512 ) (-161 1088 512 ) (-161 1088 0 ) 
4 34 35 (0 1088 0 ) (-768 1088 0 ) (-768 1216 0 ) (0 1216 0 ) 
4 35 44 (0 1216 -64 ) (0 1088 -64 ) (-768 1088 -64 ) (-768 1216 -64 ) 
4 35 43 (-768 1088 -64 ) (0 1088 -64 ) (0 1088 0 ) (-768 1088 0 ) 
4 36 172 (-384 1024 520 ) (-384 1024 512 ) (-352 1024 512 ) (-352 1024 520 ) 
4 36 42 (-352 1024 512 ) (-384 1024 512 ) (-384 1088 512 ) (-352 1088 512 ) 
4 37 158 (0 1024 0 ) (0 1024 512 ) (-64 1024 512 ) (-64 1024 0 ) 
4 37 161 (-64 1024 512 ) (-161 1024 512 ) (-161 1024 0 ) (-64 1024 0 ) 
4 37 43 (-161 1088 0 ) (0 1088 0 ) (0 1024 0 ) (-161 1024 0 ) 
4 37 40 (-161 1028 0 ) (-161 1027 0 ) (-161 1027 125 ) (-161 1028 125 ) 
4 37 39 (-161 1027 125 ) (-161 1027 512 ) (-161 1028 512 ) (-161 1028 125 ) 
4 37 38 (-161 1088 0 ) (-161 1028 0 ) (-161 1028 512 ) (-161 1088 512 ) 
4 37 41 (-161 1027 0 ) (-161 1024 0 ) (-161 1024 512 ) (-161 1027 512 ) 
4 38 43 (-223 1088 0 ) (-161 1088 0 ) (-161 1028 0 ) (-223 1028 0 ) 
4 38 42 (-223 1088 0 ) (-223 1028 0 ) (-223 1028 512 ) (-223 1088 512 ) 
4 38 40 (-223 1028 125 ) (-223 1028 0 ) (-161 1028 0 ) (-161 1028 125 ) 
4 38 39 (-223 1028 512 ) (-223 1028 125 ) (-161 1028 125 ) (-161 1028 512 ) 
4 39 42 (-223 1027 125 ) (-223 1027 512 ) (-223 1028 512 ) (-223 1028 125 ) 
4 39 41 (-223 1027 512 ) (-223 1027 125 ) (-161 1027 125 ) (-161 1027 512 ) 
4 39 40 (-161 1027 125 ) (-223 1027 125 ) (-223 1028 125 ) (-161 1028 125 ) 
4 40 43 (-161 1028 0 ) (-161 1027 0 ) (-223 1027 0 ) (-223 1028 0 ) 
4 40 42 (-223 1028 0 ) (-223 1027 0 ) (-223 1027 125 ) (-223 1028 125 ) 
4 40 41 (-223 1027 125 ) (-223 1027 0 ) (-161 1027 0 ) (-161 1027 125 ) 
4 41 161 (-161 1024 512 ) (-223 1024 512 ) (-223 1024 0 ) (-161 1024 0 ) 
4 41 43 (-161 1027 0 ) (-161 1024 0 ) (-223 1024 0 ) (-223 1027 0 ) 
4 41 42 (-223 1027 0 ) (-223 1024 0 ) (-223 1024 512 ) (-223 1027 512 ) 
4 42 185 (-736 1024 512 ) (-768 1024 512 ) (-768 1024 0 ) (-736 1024 0 ) 
4 42 182 (-640 1024 512 ) (-736 1024 512 ) (-736 1024 0 ) (-640 1024 0 ) 
4 42 181 (-512 1024 512 ) (-640 1024 512 ) (-640 1024 0 ) (-512 1024 0 ) 
4 42 177 (-384 1024 512 ) (-512 1024 512 ) (-512 1024 0 ) (-384 1024 0 ) 
4 42 173 (-352 1024 512 ) (-384 1024 512 ) (-384 1024 0 ) (-352 1024 0 ) 
4 42 161 (-223 1024 512 ) (-352 1024 512 ) (-352 1024 0 ) (-223 1024 0 ) 
4 42 43 (-768 1088 0 ) (-223 1088 0 ) (-223 1024 0 ) (-768 1024 0 ) 
4 43 186 (-736 1024 0 ) (-768 1024 0 ) (-768 1024 -64 ) (-736 1024 -64 ) 
4 43 182 (-640 1024 0 ) (-736 1024 0 ) (-736 1024 -64 ) (-640 1024 -64 ) 
4 43 181 (-512 1024 0 ) (-640 1024 0 ) (-640 1024 -64 ) (-512 1024 -64 ) 
4 43 178 (-384 1024 0 ) (-512 1024 0 ) (-512 1024 -64 ) (-384 1024 -64 ) 
4 43 175 (-384 1024 -16 ) (-384 1024 -64 ) (-352 1024 -64 ) (-352 1024 -16 ) 
4 43 174 (-352 1024 0 ) (-384 1024 0 ) (-384 1024 -16 ) (-352 1024 -16 ) 
4 43 164 (0 1024 -64 ) (0 1024 -16 ) (-352 1024 -16 ) (-352 1024 -64 ) 
4 43 163 (-128 1024 0 ) (-352 1024 0 ) (-352 1024 -16 ) (-128 1024 -16 ) 
4 43 162 (0 1024 -16 ) (0 1024 0 ) (-128 1024 0 ) (-128 1024 -16 ) 
4 43 44 (0 1088 -64 ) (0 1024 -64 ) (-768 1024 -64 ) (-768 1088 -64 ) 
4 44 222 (-736 1024 -64 ) (-768 1024 -64 ) (-768 1024 -256 ) (-736 1024 -256 ) 
4 44 220 (-640 1024 -64 ) (-736 1024 -64 ) (-736 1024 -256 ) (-640 1024 -256 ) 
4 44 219 (-512 1024 -64 ) (-640 1024 -64 ) (-640 1024 -256 ) (-512 1024 -256 ) 
4 44 217 (-384 1024 -64 ) (-512 1024 -64 ) (-512 1024 -256 ) (-384 1024 -256 ) 
4 44 214 (0 1024 -256 ) (0 1024 -64 ) (-384 1024 -64 ) (-384 1024 -256 ) 
4 45 49 (-3456 3072 112 ) (-3712 3072 112 ) (-3712 3072 -16 ) (-3456 3072 -16 ) 
4 51 55 (1040 576 256 ) (1040 448 256 ) (1040 448 384 ) (1040 576 384 ) 
4 52 56 (1040 192 128 ) (1040 128 128 ) (1040 128 192 ) (1040 192 192 ) 
4 53 61 (1024 640 192 ) (1024 576 192 ) (1024 576 256 ) (1024 640 256 ) 
4 54 64 (1024 320 512 ) (1024 448 512 ) (1024 448 384 ) (1024 320 384 ) 
4 54 55 (1024 320 384 ) (1024 448 384 ) (1040 448 384 ) (1040 320 384 ) 
4 55 64 (1024 320 384 ) (1024 448 384 ) (1024 448 256 ) (1024 320 256 ) 
4 55 62 (1024 448 384 ) (1024 576 384 ) (1024 576 256 ) (1024 448 256 ) 
4 56 72 (1024 192 192 ) (1024 192 128 ) (1024 128 128 ) (1024 128 192 ) 
4 57 245 (1024 -128 256 ) (1024 -256 256 ) (1024 -256 384 ) (1024 -128 384 ) 
4 57 237 (1024 -64 256 ) (1024 -128 256 ) (1024 -128 384 ) (1024 -64 384 ) 
4 57 225 (1024 0 384 ) (1024 0 256 ) (1024 -8 256 ) (1024 -8 384 ) 
4 57 227 (1024 -8 256 ) (1024 -64 256 ) (1024 -64 384 ) (1024 -8 384 ) 
4 58 63 (944 912 512 ) (896 912 512 ) (896 1008 512 ) (944 1008 512 ) 
4 58 60 (896 1008 512 ) (896 912 512 ) (896 912 880 ) (896 1008 880 ) 
4 59 73 (1024 128 512 ) (1024 0 512 ) (896 0 512 ) (896 128 512 ) 
4 60 65 (896 1008 512 ) (896 912 512 ) (848 912 512 ) (848 1008 512 ) 
4 61 82 (1024 806.416992 128 ) (1024 704 128 ) (1016 704 128 ) (1016 806.416992 128 ) 
4 61 80 (1024 870.416992 128 ) (1024 806.416992 128 ) (1016 806.416992 128 ) (1016 870.416992 128 ) 
4 61 77 (1024 998.416992 128 ) (1024 870.416992 128 ) (1016 870.416992 128 ) (1016 998.416992 128 ) 
4 61 75 (1016 1024 128 ) (1024 1024 128 ) (1024 998.416992 128 ) (1016 998.416992 128 ) 
4 61 62 (1016 576 384 ) (1016 576 128 ) (1024 576 128 ) (1024 576 384 ) 
4 61 63 (1016 1024 128 ) (1016 576 128 ) (1016 576 512 ) (1016 1024 512 ) 
4 62 84 (1024 576 128 ) (1024 448 128 ) (1016 448 128 ) (1016 576 128 ) 
4 62 64 (1016 448 128 ) (1024 448 128 ) (1024 448 384 ) (1016 448 384 ) 
4 62 63 (1016 576 128 ) (1016 448 128 ) (1016 448 384 ) (1016 576 384 ) 
4 63 85 (1016 806.416992 128 ) (1016 448 128 ) (896 448 128 ) (896 806.416992 128 ) 
4 63 80 (1016 870.416992 128 ) (1016 806.416992 128 ) (994.543091 806.416992 128 ) (994.543091 870.416992 128 ) 
4 63 78 (930.543091 870.416992 128 ) (896 870.416992 128 ) (896 998.416992 128 ) (930.543091 998.416992 128 ) 
4 63 77 (1016 998.416992 128 ) (1016 870.416992 128 ) (994.543091 870.416992 128 ) (994.543091 998.416992 128 ) 
4 63 75 (994.543091 1024 128 ) (1016 1024 128 ) (1016 998.416992 128 ) (994.543091 998.416992 128 ) 
4 63 66 (896 704 128 ) (896 576 128 ) (896 576 509 ) (896 704 509 ) 
4 63 65 (896 1024 128 ) (896 704 128 ) (896 704 512 ) (896 1024 512 ) 
4 63 67 (896 576 128 ) (896 448 128 ) (896 448 512 ) (896 576 512 ) 
4 63 64 (896 448 510 ) (896 448 128 ) (1016 448 128 ) (1016 448 511.875000 ) 
4 64 84 (1024 448 128 ) (1024 320 128 ) (1016 320 128 ) (1016 448 128 ) 
4 64 85 (1016 320 128 ) (896 320 128 ) (896 448 128 ) (1016 448 128 ) 
4 64 70 (1016 320 128 ) (1024 320 128 ) (1024 320 256 ) (1016 320 256 ) 
4 64 71 (896 320 128 ) (1016 320 128 ) (1016 320 384 ) (896 320 384 ) 
4 64 68 (1020 320 511.937500 ) (896 320 510 ) (896 320 384 ) (1020 320 384 ) 
4 64 67 (896 448 128 ) (896 320 128 ) (896 320 510 ) (896 448 510 ) 
4 65 86 (768 704 512 ) (768 1024 512 ) (768 1024 128 ) (768 704 128 ) 
4 65 85 (768 704 128 ) (768 806.416992 128 ) (896 806.416992 128 ) (896 704 128 ) 
4 65 81 (768 806.416992 128 ) (768 870.416992 128 ) (802.543091 870.416992 128 ) (802.543091 806.416992 128 ) 
4 65 79 (768 870.416992 128 ) (768 998.416992 128 ) (802.543091 998.416992 128 ) (802.543091 870.416992 128 ) 
4 65 78 (866.543091 998.416992 128 ) (896 998.416992 128 ) (896 870.416992 128 ) (866.543091 870.416992 128 ) 
4 65 76 (768 998.416992 128 ) (768 1024 128 ) (802.543091 1024 128 ) (802.543091 998.416992 128 ) 
4 65 66 (768 704 128 ) (896 704 128 ) (896 704 509 ) (768 704 509 ) 
4 66 86 (768 704 509 ) (768 704 128 ) (768 576 128 ) (768 576 509 ) 
4 66 85 (768 576 128 ) (768 704 128 ) (896 704 128 ) (896 576 128 ) 
4 66 67 (768 576 128 ) (896 576 128 ) (896 576 509 ) (768 576 509 ) 
4 67 86 (768 320 512 ) (768 576 512 ) (768 576 128 ) (768 320 128 ) 
4 67 85 (768 320 128 ) (768 576 128 ) (896 576 128 ) (896 320 128 ) 
4 67 71 (768 320 128 ) (896 320 128 ) (896 320 384 ) (768 320 384 ) 
4 67 69 (832 320 512 ) (768 320 512 ) (768 320 384 ) (832 320 384 ) 
4 67 68 (896 320 384 ) (896 320 512 ) (832 320 512 ) (832 320 384 ) 
4 68 72 (1020 192 512 ) (832 192 512 ) (832 192 384 ) (1020 192 384 ) 
4 68 71 (1016 192 384 ) (832 192 384 ) (832 320 384 ) (1016 320 384 ) 
5 68 69 (832 320 512 ) (832 320 384 ) (832 192 384 ) (832 192 504 ) (832 256 512 ) 
3 69 87 (768 256 512 ) (768 320 512 ) (768 192 504 ) 
4 69 86 (768 320 512 ) (768 320 384 ) (768 192 384 ) (768 192 504 ) 
4 69 72 (768 192 504 ) (768 192 384 ) (832 192 384 ) (832 192 504 ) 
4 69 71 (832 192 384 ) (768 192 384 ) (768 320 384 ) (832 320 384 ) 
4 70 84 (1016 320 128 ) (1024 320 128 ) (1024 192 128 ) (1016 192 128 ) 
4 70 72 (1016 192 128 ) (1024 192 128 ) (1024 192 256 ) (1016 192 256 ) 
4 70 71 (1016 192 128 ) (1016 192 256 ) (1016 320 256 ) (1016 320 128 ) 
4 71 86 (768 320 384 ) (768 320 128 ) (768 192 128 ) (768 192 384 ) 
4 71 85 (768 192 128 ) (768 320 128 ) (1016 320 128 ) (1016 192 128 ) 
4 71 72 (768 192 128 ) (1016 192 128 ) (1016 192 384 ) (768 192 384 ) 
4 72 86 (768 192 504 ) (768 192 128 ) (768 128 128 ) (768 128 500 ) 
4 72 84 (1016 192 128 ) (1024 192 128 ) (1024 128 128 ) (1016 128 128 ) 
4 72 85 (768 128 128 ) (768 192 128 ) (1016 192 128 ) (1016 128 128 ) 
5 72 73 (1024 128 512 ) (832 128 512 ) (768 128 504 ) (768 128 384 ) (1016 128 384 ) 
4 72 74 (768 128 128 ) (1024 128 128 ) (1024 128 384 ) (768 128 384 ) 
5 73 225 (1024 0 512 ) (832 0 512 ) (768 0 504 ) (768 0 384 ) (1016 0 384 ) 
4 73 88 (768 0 384 ) (768 0 504 ) (768 128 504 ) (768 128 384 ) 
4 73 74 (1016 0 384 ) (768 0 384 ) (768 128 384 ) (1016 128 384 ) 
4 74 225 (1024 0 128 ) (1024 0 384 ) (768 0 384 ) (768 0 128 ) 
4 74 88 (768 0 128 ) (768 0 384 ) (768 128 384 ) (768 128 128 ) 
4 74 84 (1024 0 128 ) (1016 0 128 ) (1016 128 128 ) (1024 128 128 ) 
4 74 85 (1016 0 128 ) (768 0 128 ) (768 128 128 ) (1016 128 128 ) 
4 75 145 (994.543091 1024 -64 ) (1024 1024 -64 ) (1024 998.416992 -64 ) (994.543091 998.416992 -64 ) 
4 75 77 (1024 998.416992 128 ) (994.543091 998.416992 128 ) (994.543091 998.416992 -64 ) (1024 998.416992 -64 ) 
4 76 146 (768 998.416992 -64 ) (768 1024 -64 ) (802.543091 1024 -64 ) (802.543091 998.416992 -64 ) 
4 76 86 (768 1024 -64 ) (768 998.416992 -64 ) (768 998.416992 128 ) (768 1024 128 ) 
4 76 79 (802.543091 998.416992 128 ) (768 998.416992 128 ) (768 998.416992 -64 ) (802.543091 998.416992 -64 ) 
4 77 147 (994.543091 998.416992 -64 ) (1024 998.416992 -64 ) (1024 870.416992 -64 ) (994.543091 870.416992 -64 ) 
4 77 80 (1024 870.416992 128 ) (994.543091 870.416992 128 ) (994.543091 870.416992 -64 ) (1024 870.416992 -64 ) 
4 79 148 (768 870.416992 -64 ) (768 998.416992 -64 ) (802.543091 998.416992 -64 ) (802.543091 870.416992 -64 ) 
4 79 86 (768 998.416992 -64 ) (768 870.416992 -64 ) (768 870.416992 128 ) (768 998.416992 128 ) 
4 79 81 (802.543091 870.416992 128 ) (768 870.416992 128 ) (768 870.416992 -64 ) (802.543091 870.416992 -64 ) 
4 80 149 (994.543091 870.416992 -64 ) (1024 870.416992 -64 ) (1024 806.416992 -64 ) (994.543091 806.416992 -64 ) 
4 80 82 (1024 806.416992 128 ) (1016 806.416992 128 ) (1016 806.416992 -64 ) (1024 806.416992 -64 ) 
4 80 85 (1016 806.416992 128 ) (994.543091 806.416992 128 ) (994.543091 806.416992 -64 ) (1016 806.416992 -64 ) 
4 81 150 (768 806.416992 -64 ) (768 870.416992 -64 ) (802.543091 870.416992 -64 ) (802.543091 806.416992 -64 ) 
4 81 86 (768 870.416992 -64 ) (768 806.416992 -64 ) (768 806.416992 128 ) (768 870.416992 128 ) 
4 81 85 (802.543091 806.416992 128 ) (768 806.416992 128 ) (768 806.416992 -64 ) (802.543091 806.416992 -64 ) 
4 82 151 (1016 704 -64 ) (1016 806.416992 -64 ) (1024 806.416992 -64 ) (1024 704 -64 ) 
4 82 83 (1016 704 0 ) (1016 704 -64 ) (1024 704 -64 ) (1024 704 0 ) 
4 82 85 (1016 806.416992 128 ) (1016 806.416992 -64 ) (1016 704 -64 ) (1016 704 128 ) 
4 83 153 (1016 576 -64 ) (1016 672 -64 ) (1024 672 -64 ) (1024 576 -64 ) 
4 83 151 (1016 672 -64 ) (1016 704 -64 ) (1024 704 -64 ) (1024 672 -64 ) 
4 83 85 (1016 704 -64 ) (1016 576 -64 ) (1016 576 0 ) (1016 704 0 ) 
4 83 84 (1016 576 0 ) (1016 576 -64 ) (1024 576 -64 ) (1024 576 0 ) 
4 84 226 (1024 0 0 ) (1024 0 64 ) (1016 0 64 ) (1016 0 0 ) 
4 84 225 (1024 0 64 ) (1024 0 128 ) (1016 0 128 ) (1016 0 64 ) 
4 84 153 (1024 0 -64 ) (1016 0 -64 ) (1016 576 -64 ) (1024 576 -64 ) 
4 84 85 (1016 576 -64 ) (1016 0 -64 ) (1016 0 128 ) (1016 576 128 ) 
4 85 226 (768 0 64 ) (768 0 0 ) (1016 0 0 ) (1016 0 64 ) 
4 85 225 (1016 0 128 ) (768 0 128 ) (768 0 64 ) (1016 0 64 ) 
4 85 153 (1016 0 -64 ) (768 0 -64 ) (768 672 -64 ) (1016 672 -64 ) 
4 85 151 (768 672 -64 ) (768 806.416992 -64 ) (1016 806.416992 -64 ) (1016 672 -64 ) 
4 85 88 (768 128 -64 ) (768 0 -64 ) (768 0 128 ) (768 128 128 ) 
4 85 86 (768 806.416992 -64 ) (768 128 -64 ) (768 128 128 ) (768 806.416992 128 ) 
4 86 153 (704 128 -64 ) (704 672 -64 ) (768 672 -64 ) (768 128 -64 ) 
4 86 151 (704 672 -64 ) (704 806.416992 -64 ) (768 806.416992 -64 ) (768 672 -64 ) 
4 86 150 (704 806.416992 -64 ) (704 870.416992 -64 ) (768 870.416992 -64 ) (768 806.416992 -64 ) 
4 86 148 (704 870.416992 -64 ) (704 998.416992 -64 ) (768 998.416992 -64 ) (768 870.416992 -64 ) 
4 86 146 (704 998.416992 -64 ) (704 1024 -64 ) (768 1024 -64 ) (768 998.416992 -64 ) 
4 86 89 (704 1024 512 ) (704 1024 500 ) (704 128 500 ) (704 320 512 ) 
4 86 91 (704 1024 500 ) (704 1024 -64 ) (704 128 -64 ) (704 128 500 ) 
4 86 88 (768 128 -64 ) (768 128 500 ) (704 128 500 ) (704 128 -64 ) 
4 86 87 (768 320 512 ) (704 320 512 ) (704 192 504 ) (768 192 504 ) 
3 87 90 (704 256 512 ) (704 320 512 ) (704 192 504 ) 
4 88 229 (704 0 64 ) (704 0 0 ) (768 0 0 ) (768 0 64 ) 
4 88 228 (704 0 500 ) (704 0 64 ) (768 0 64 ) (768 0 500 ) 
4 88 153 (768 0 -64 ) (704 0 -64 ) (704 128 -64 ) (768 128 -64 ) 
4 88 92 (704 64 -64 ) (704 0 -64 ) (704 0 496 ) (704 64 496 ) 
4 88 91 (704 128 -64 ) (704 64 -64 ) (704 64 500 ) (704 128 500 ) 
4 89 95 (640 320 500 ) (640 192 500 ) (640 192 504 ) (640 320 512 ) 
4 89 94 (640 448 500 ) (640 320 500 ) (640 320 510 ) (640 448 506 ) 
4 89 93 (640 1024 512 ) (640 1024 500 ) (640 448 500 ) (640 448 512 ) 
4 89 90 (704 320.003906 512 ) (640 320.003906 512 ) (640 191.996201 504 ) (704 191.996185 504 ) 
4 89 91 (640 128 500 ) (640 1024 500 ) (704 1024 500 ) (704 128 500 ) 
3 90 95 (640 256 512 ) (640 320 512 ) (640 192 504 ) 
4 91 153 (640 64 -64 ) (640 672 -64 ) (704 672 -64 ) (704 64 -64 ) 
4 91 151 (640 672 -64 ) (640 806.416992 -64 ) (704 806.416992 -64 ) (704 672 -64 ) 
4 91 150 (640 806.416992 -64 ) (640 870.416992 -64 ) (704 870.416992 -64 ) (704 806.416992 -64 ) 
4 91 148 (640 870.416992 -64 ) (640 998.416992 -64 ) (704 998.416992 -64 ) (704 870.416992 -64 ) 
4 91 146 (640 998.416992 -64 ) (640 1024 -64 ) (704 1024 -64 ) (704 998.416992 -64 ) 
4 91 118 (640 1024 0 ) (640 1024 -64 ) (640 688 -64 ) (640 688 0 ) 
4 91 97 (640 128 0 ) (640 64 0 ) (640 64 500 ) (640 128 500 ) 
4 91 96 (640 192 0 ) (640 128 0 ) (640 128 496 ) (640 192 500 ) 
4 91 95 (640 320 0 ) (640 192 0 ) (640 192 500 ) (640 320 500 ) 
4 91 94 (640 448 0 ) (640 320 0 ) (640 320 500 ) (640 448 500 ) 
4 91 93 (640 1024 500 ) (640 1024 0 ) (640 448 0 ) (640 448 500 ) 
4 91 92 (704 64 -64 ) (704 64 496 ) (640 64 496 ) (640 64 -64 ) 
4 92 229 (640 0 64 ) (640 0 0 ) (704 0 0 ) (704 0 64 ) 
4 92 228 (640 0 496 ) (640 0 64 ) (704 0 64 ) (704 0 496 ) 
4 92 153 (704 0 -64 ) (640 0 -64 ) (640 64 -64 ) (704 64 -64 ) 
4 92 97 (640 0 0 ) (640 0 496 ) (640 64 496 ) (640 64 0 ) 
4 93 118 (576 1024 0 ) (640 1024 0 ) (640 688 0 ) (576 688 0 ) 
4 93 98 (576 1024 0 ) (576 448 0 ) (576 448 512 ) (576 1024 512 ) 
4 93 94 (576 448 506 ) (576 448 0 ) (640 448 0 ) (640 448 506 ) 
4 94 99 (576 448 0 ) (576 320 0 ) (576 320 510 ) (576 448 506 ) 
4 94 95 (576 320 510 ) (576 320 0 ) (640 320 0 ) (640 320 510 ) 
3 95 101 (576 192 504 ) (576 256 512 ) (576 320 512 ) 
4 95 100 (576 320 0 ) (576 192 0 ) (576 192 504 ) (576 320 512 ) 
4 95 96 (576 192 500 ) (576 192 0 ) (640 192 0 ) (640 192 500 ) 
4 96 100 (576 192 0 ) (576 128 0 ) (576 128 496 ) (576 192 500 ) 
4 96 97 (576 128 496 ) (576 128 0 ) (640 128 0 ) (640 128 496 ) 
4 97 231 (576 0 500 ) (576 0 0 ) (640 0 0 ) (640 0 500 ) 
4 97 103 (576 64 0 ) (576 0 0 ) (576 0 496 ) (576 64 496 ) 
4 97 102 (576 128 0 ) (576 64 0 ) (576 64 500 ) (576 128 500 ) 
4 98 118 (512 1024 0 ) (576 1024 0 ) (576 688 0 ) (512 688 0 ) 
4 98 104 (512 1024 512 ) (512 1024 0 ) (512 448 0 ) (512 448 512 ) 
4 98 99 (512 448 506 ) (512 448 0 ) (576 448 0 ) (576 448 506 ) 
4 99 105 (512 448 0 ) (512 320 0 ) (512 320 510 ) (512 448 506 ) 
4 99 100 (512 320 510 ) (512 320 0 ) (576 320 0 ) (576 320 510 ) 
4 100 107 (512 256 508 ) (512 320 512 ) (512 320 504 ) (512 256 504 ) 
5 100 106 (512 320 0 ) (512 128 0 ) (512 128 500 ) (512 192 504 ) (512 320 504 ) 
4 100 102 (512 128 500 ) (512 128 0 ) (576 128 0 ) (576 128 500 ) 
4 100 101 (576 320 512 ) (512 320 512 ) (512 191.998856 504 ) (576 191.998856 504 ) 
3 101 107 (512 256 512 ) (512 320 512 ) (512 256 508 ) 
4 102 106 (512 128 0 ) (512 64 0 ) (512 64 504 ) (512 128 504 ) 
4 102 103 (512 64 500 ) (512 64 0 ) (576 64 0 ) (576 64 496 ) 
4 103 231 (512 0 500 ) (512 0 0 ) (576 0 0 ) (576 0 496 ) 
4 103 106 (512 64 0 ) (512 0 0 ) (512 0 500 ) (512 64 500 ) 
4 104 118 (384 1024 0 ) (512 1024 0 ) (512 688 0 ) (384 688 0 ) 
4 104 112 (384 576 0 ) (384 448 0 ) (384 448 512 ) (384 576 512 ) 
4 104 110 (384 704 0 ) (384 576 0 ) (384 576 508 ) (384 704 508 ) 
4 104 109 (384 832 0 ) (384 704 0 ) (384 704 504 ) (384 832 504 ) 
4 104 108 (384 1024 512 ) (384 1024 0 ) (384 832 0 ) (384 832 512 ) 
4 104 105 (512 448 0 ) (512 448 506 ) (384 448 506 ) (384 448 0 ) 
4 105 112 (384 448 0 ) (384 320 0 ) (384 320 510 ) (384 448 506 ) 
3 105 107 (512 320 504 ) (512 320 510 ) (464 320 510 ) 
5 105 106 (512 320 0 ) (512 320 504 ) (464 320 510 ) (384 320 510 ) (384 320 0 ) 
5 106 232 (384 0 512 ) (384 0 0 ) (512 0 0 ) (512 0 504 ) (448 0 512 ) 
4 106 113 (384 320 0 ) (384 0 0 ) (384 0 512 ) (384 320 512 ) 
4 106 107 (512 320 504 ) (447.996094 320 512 ) (447.996094 256 512 ) (512 256 504 ) 
4 108 118 (128 1024 0 ) (384 1024 0 ) (384 832 0 ) (128 832 0 ) 
4 108 114 (128 1024 0 ) (128 832 0 ) (128 832 512 ) (128 1024 512 ) 
4 108 109 (128 832 504 ) (128 832 0 ) (384 832 0 ) (384 832 504 ) 
4 109 118 (384 832 0 ) (384 704 0 ) (128 704 0 ) (128 832 0 ) 
4 109 114 (128 832 0 ) (128 704 0 ) (128 704 504 ) (128 832 504 ) 
4 109 111 (128 704 504 ) (128 704 0 ) (256 704 0 ) (256 704 504 ) 
4 109 110 (256 704 0 ) (384 704 0 ) (384 704 504 ) (256 704 504 ) 
4 110 118 (384 704 0 ) (384 688 0 ) (256 688 0 ) (256 704 0 ) 
4 110 112 (256 576 0 ) (384 576 0 ) (384 576 508 ) (256 576 508 ) 
4 110 111 (256 704 504 ) (256 704 0 ) (256 576 0 ) (256 576 504 ) 
4 111 119 (128 592 0 ) (128 656 0 ) (160 656 0 ) (160 592 0 ) 
4 111 118 (128 688 0 ) (128 704 0 ) (256 704 0 ) (256 688 0 ) 
4 111 114 (128 704 0 ) (128 576 0 ) (128 576 504 ) (128 704 504 ) 
4 111 112 (128 576 504 ) (128 576 0 ) (256 576 0 ) (256 576 504 ) 
4 112 114 (128 576 0 ) (128 320 0 ) (128 320 512 ) (128 576 512 ) 
4 112 113 (384 320 0 ) (384 320 512 ) (128 320 512 ) (128 320 0 ) 
4 113 234 (384 0 513 ) (384 0 672 ) (320 0 672 ) (320 0 504 ) 
4 113 233 (320 0 0 ) (384 0 0 ) (384 0 512 ) (320 0 503 ) 
4 113 235 (128 0 672 ) (128 0 0 ) (320 0 0 ) (320 0 672 ) 
4 113 141 (128 32 0 ) (128 64 0 ) (160 64 0 ) (160 32 0 ) 
4 113 140 (128 64 0 ) (128 96 0 ) (160 96 0 ) (160 64 0 ) 
4 113 139 (192 0 0 ) (160 0 0 ) (160 32 0 ) (192 32 0 ) 
4 113 138 (160 32 0 ) (160 96 0 ) (192 96 0 ) (192 32 0 ) 
4 113 136 (288 0 0 ) (192 0 0 ) (192 96 0 ) (288 96 0 ) 
4 113 135 (320 0 0 ) (288 0 0 ) (288 32 0 ) (320 32 0 ) 
4 113 134 (288 32 0 ) (288 96 0 ) (320 96 0 ) (320 32 0 ) 
4 113 132 (384 64 0 ) (384 0 0 ) (352 0 0 ) (352 64 0 ) 
4 113 133 (352 0 0 ) (320 0 0 ) (320 96 0 ) (352 96 0 ) 
4 113 129 (224 96 0 ) (160 96 0 ) (160 128 0 ) (224 128 0 ) 
4 113 128 (320 96 0 ) (288 96 0 ) (288 128 0 ) (320 128 0 ) 
4 113 127 (384 128 0 ) (384 96 0 ) (320 96 0 ) (320 128 0 ) 
4 113 114 (128 320 0 ) (128 0 0 ) (128 0 512 ) (128 320 512 ) 
4 114 236 (64 0 0 ) (128 0 0 ) (128 0 512 ) (64 0 512 ) 
4 114 119 (128 656 0 ) (128 592 0 ) (96 592 0 ) (96 656 0 ) 
4 114 118 (64 1024 0 ) (128 1024 0 ) (128 688 0 ) (64 688 0 ) 
4 114 116 (64 832 0 ) (64 768 0 ) (64 768 504 ) (64 832 504 ) 
4 114 115 (64 1024 0 ) (64 832 0 ) (64 832 512 ) (64 1024 512 ) 
4 114 117 (64 768 0 ) (64 0 0 ) (64 0 512 ) (64 768 512 ) 
4 115 158 (0 1024 512 ) (0 1024 0 ) (0 832 0 ) (0 832 512 ) 
4 115 118 (0 1024 0 ) (64 1024 0 ) (64 832 0 ) (0 832 0 ) 
4 115 116 (0 832 0 ) (64 832 0 ) (64 832 504 ) (0 832 504 ) 
4 116 158 (0 832 0 ) (0 768 0 ) (0 768 504 ) (0 832 504 ) 
4 116 118 (64 832 0 ) (64 768 0 ) (0 768 0 ) (0 832 0 ) 
4 116 117 (0 768 0 ) (64 768 0 ) (64 768 504 ) (0 768 504 ) 
4 117 236 (0 0 512 ) (0 0 0 ) (64 0 0 ) (64 0 512 ) 
4 117 159 (0 320 0 ) (0 256 0 ) (0 256 508 ) (0 320 508 ) 
4 117 158 (0 768 0 ) (0 320 0 ) (0 320 512 ) (0 768 512 ) 
4 117 160 (0 256 0 ) (0 0 0 ) (0 0 512 ) (0 256 512 ) 
4 117 118 (64 768 0 ) (64 688 0 ) (0 688 0 ) (0 768 0 ) 
4 118 164 (0 1024 -16 ) (0 1024 -64 ) (0 688 -64 ) (0 688 -16 ) 
4 118 162 (0 1024 0 ) (0 1024 -16 ) (0 688 -16 ) (0 688 0 ) 
4 118 152 (0 688 -64 ) (0 806.416992 -64 ) (640 806.416992 -64 ) (640 688 -64 ) 
4 118 150 (0 806.416992 -64 ) (0 870.416992 -64 ) (640 870.416992 -64 ) (640 806.416992 -64 ) 
4 118 148 (0 870.416992 -64 ) (0 998.416992 -64 ) (640 998.416992 -64 ) (640 870.416992 -64 ) 
4 118 146 (0 998.416992 -64 ) (0 1024 -64 ) (640 1024 -64 ) (640 998.416992 -64 ) 
4 119 122 (96 592 -16 ) (96 656 -16 ) (160 656 -16 ) (160 592 -16 ) 
4 120 154 (384 672 -64 ) (624 672 -64 ) (624 576 -64 ) (384 576 -64 ) 
4 120 156 (624 576 -64 ) (624 560 -64 ) (384 560 -64 ) (384 576 -64 ) 
4 120 144 (384 560 -64 ) (624 560 -64 ) (624 560 -32 ) (384 560 -32 ) 
4 120 126 (624 560 -32 ) (624 560 -16 ) (384 560 -16 ) (384 560 -32 ) 
4 120 121 (384 576 -64 ) (384 560 -64 ) (384 560 -16 ) (384 576 -16 ) 
4 121 156 (384 576 -64 ) (384 560 -64 ) (160 560 -64 ) (160 576 -64 ) 
4 121 144 (160 560 -64 ) (384 560 -64 ) (384 560 -32 ) (160 560 -32 ) 
4 121 126 (384 560 -32 ) (384 560 -16 ) (160 560 -16 ) (160 560 -32 ) 
4 121 123 (160 576 -64 ) (160 560 -64 ) (160 560 -32 ) (160 576 -32 ) 
4 123 156 (160 576 -64 ) (160 560 -64 ) (96 560 -64 ) (96 576 -64 ) 
4 123 144 (96 560 -64 ) (160 560 -64 ) (160 560 -32 ) (96 560 -32 ) 
4 123 124 (96 576 -64 ) (96 560 -64 ) (96 560 -32 ) (96 576 -32 ) 
4 124 156 (96 576 -64 ) (96 560 -64 ) (64 560 -64 ) (64 576 -64 ) 
4 124 144 (64 560 -64 ) (96 560 -64 ) (96 560 -32 ) (64 560 -32 ) 
4 124 126 (96 560 -32 ) (96 560 -16 ) (64 560 -16 ) (64 560 -32 ) 
4 124 125 (64 576 -64 ) (64 560 -64 ) (64 560 -16 ) (64 576 -16 ) 
4 125 165 (0 672 -64 ) (0 560 -64 ) (0 560 -16 ) (0 672 -16 ) 
4 125 155 (0 576 -64 ) (0 672 -64 ) (64 672 -64 ) (64 576 -64 ) 
4 125 156 (0 560 -64 ) (0 576 -64 ) (64 576 -64 ) (64 560 -64 ) 
4 125 144 (0 560 -64 ) (64 560 -64 ) (64 560 -32 ) (0 560 -32 ) 
4 125 126 (64 560 -32 ) (64 560 -16 ) (0 560 -16 ) (0 560 -32 ) 
4 126 165 (0 560 -16 ) (0 560 -32 ) (0 192 -32 ) (0 192 -16 ) 
4 126 144 (0 560 -32 ) (624 560 -32 ) (624 192 -32 ) (0 192 -32 ) 
4 127 133 (352 96 0 ) (320 96 0 ) (320 96 -1 ) (352 96 -1 ) 
4 127 128 (320 128 0 ) (320 128 -1 ) (320 96 -1 ) (320 96 0 ) 
4 128 134 (320 96 0 ) (288 96 0 ) (288 96 -2 ) (320 96 -2 ) 
4 128 130 (288 128 -2 ) (320 128 -2 ) (320 96 -2 ) (288 96 -2 ) 
4 129 138 (192 96 0 ) (160 96 0 ) (160 96 -2 ) (192 96 -2 ) 
4 129 136 (224 96 0 ) (192 96 0 ) (192 96 -1 ) (224 96 -1 ) 
4 129 130 (160 128 -2 ) (224 128 -2 ) (224 96 -2 ) (160 96 -2 ) 
4 130 142 (384 96 -12 ) (384 96 -2 ) (128 96 -2 ) (128 96 -12 ) 
4 131 144 (384 96 -32 ) (128 96 -32 ) (128 128 -32 ) (384 128 -32 ) 
4 131 143 (128 96 -32 ) (384 96 -32 ) (384 96 -16 ) (128 96 -16 ) 
4 132 269 (384 0 -1 ) (384 0 0 ) (352 0 0 ) (352 0 -1 ) 
4 132 142 (384 64 -2 ) (384 0 -2 ) (352 0 -2 ) (352 64 -2 ) 
4 132 133 (352 64 -2 ) (352 0 -2 ) (352 0 0 ) (352 64 0 ) 
4 133 270 (320 0 -2 ) (352 0 -2 ) (352 0 0 ) (320 0 0 ) 
4 133 142 (320 96 -2 ) (352 96 -2 ) (352 0 -2 ) (320 0 -2 ) 
4 133 135 (320 0 -1 ) (320 0 0 ) (320 32 0 ) (320 32 -1 ) 
4 133 134 (320 96 0 ) (320 96 -2 ) (320 32 -2 ) (320 32 0 ) 
4 134 142 (288 96 -2 ) (320 96 -2 ) (320 32 -2 ) (288 32 -2 ) 
4 134 136 (288 96 0 ) (288 96 -1 ) (288 32 -1 ) (288 32 0 ) 
4 134 135 (288 32 0 ) (288 32 -1 ) (320 32 -1 ) (320 32 0 ) 
4 135 136 (288 0 -1 ) (288 0 0 ) (288 32 0 ) (288 32 -1 ) 
4 136 272 (224 0 0 ) (192 0 0 ) (192 0 -1 ) (224 0 -1 ) 
4 136 139 (192 32 -1 ) (192 0 -1 ) (192 0 0 ) (192 32 0 ) 
4 136 138 (192 96 0 ) (192 96 -1 ) (192 32 -1 ) (192 32 0 ) 
4 136 137 (192 0 -1 ) (192 32 -1 ) (256 32 -1 ) (256 0 -1 ) 
4 137 272 (192 0 -2 ) (224 0 -2 ) (224 0 -1 ) (192 0 -1 ) 
4 137 142 (256 32 -2 ) (256 0 -2 ) (192 0 -2 ) (192 32 -2 ) 
4 138 142 (160 96 -2 ) (192 96 -2 ) (192 32 -2 ) (160 32 -2 ) 
4 138 141 (160 64 -2 ) (160 32 -2 ) (160 32 0 ) (160 64 0 ) 
4 138 140 (160 96 0 ) (160 96 -1 ) (160 64 -1 ) (160 64 0 ) 
4 138 139 (160 32 0 ) (160 32 -1 ) (192 32 -1 ) (192 32 0 ) 
4 139 274 (192 0 -1 ) (192 0 0 ) (160 0 0 ) (160 0 -1 ) 
4 140 141 (128 64 0 ) (128 64 -1 ) (160 64 -1 ) (160 64 0 ) 
4 141 142 (160 64 -2 ) (160 32 -2 ) (128 32 -2 ) (128 64 -2 ) 
4 142 279 (384 0 -12 ) (384 0 -2 ) (128 0 -2 ) (128 0 -12 ) 
4 143 280 (128 0 -32 ) (384 0 -32 ) (384 0 -16 ) (128 0 -16 ) 
4 143 144 (384 0 -32 ) (128 0 -32 ) (128 96 -32 ) (384 96 -32 ) 
4 144 285 (0 0 -32 ) (0 0 -64 ) (624 0 -64 ) (624 0 -32 ) 
4 144 169 (0 160 -64 ) (0 0 -64 ) (0 0 -32 ) (0 160 -32 ) 
4 144 166 (0 192 -64 ) (0 160 -64 ) (0 160 -32 ) (0 192 -32 ) 
4 144 165 (0 560 -64 ) (0 192 -64 ) (0 192 -32 ) (0 560 -32 ) 
4 144 156 (624 0 -64 ) (0 0 -64 ) (0 560 -64 ) (624 560 -64 ) 
4 145 147 (994.543091 998.416992 -256 ) (1024 998.416992 -256 ) (1024 998.416992 -64 ) (994.543091 998.416992 -64 ) 
4 146 214 (0 1024 -64 ) (0 1024 -256 ) (0 998.416992 -256 ) (0 998.416992 -64 ) 
4 146 148 (0 998.416992 -256 ) (802.543091 998.416992 -256 ) (802.543091 998.416992 -64 ) (0 998.416992 -64 ) 
4 147 149 (994.543091 870.416992 -256 ) (1024 870.416992 -256 ) (1024 870.416992 -64 ) (994.543091 870.416992 -64 ) 
4 148 214 (0 998.416992 -256 ) (0 870.416992 -256 ) (0 870.416992 -64 ) (0 998.416992 -64 ) 
4 148 150 (0 870.416992 -256 ) (802.543091 870.416992 -256 ) (802.543091 870.416992 -64 ) (0 870.416992 -64 ) 
4 149 151 (994.543091 806.416992 -256 ) (1024 806.416992 -256 ) (1024 806.416992 -64 ) (994.543091 806.416992 -64 ) 
4 150 214 (0 870.416992 -256 ) (0 806.416992 -256 ) (0 806.416992 -64 ) (0 870.416992 -64 ) 
4 150 152 (0 806.416992 -256 ) (640 806.416992 -256 ) (640 806.416992 -64 ) (0 806.416992 -64 ) 
4 150 151 (640 806.416992 -256 ) (802.543091 806.416992 -256 ) (802.543091 806.416992 -64 ) (640 806.416992 -64 ) 
4 151 153 (640 672 -256 ) (1024 672 -256 ) (1024 672 -64 ) (640 672 -64 ) 
4 151 152 (640 806.416992 -64 ) (640 806.416992 -256 ) (640 688 -256 ) (640 688 -64 ) 
4 152 214 (0 806.416992 -256 ) (0 688 -256 ) (0 688 -64 ) (0 806.416992 -64 ) 
4 154 156 (384 576 -256 ) (624 576 -256 ) (624 576 -64 ) (384 576 -64 ) 
4 155 215 (0 672 -256 ) (0 576 -256 ) (0 576 -64 ) (0 672 -64 ) 
4 155 156 (0 576 -256 ) (64 576 -256 ) (64 576 -64 ) (0 576 -64 ) 
4 156 299 (624 0 -64 ) (0 0 -64 ) (0 0 -256 ) (624 0 -256 ) 
4 156 215 (0 576 -256 ) (0 0 -256 ) (0 0 -64 ) (0 576 -64 ) 
4 157 161 (-256 704 512 ) (-128 704 512 ) (-128 576 512 ) (-256 576 512 ) 
4 158 162 (-64 688 0 ) (-64 1024 0 ) (0 1024 0 ) (0 688 0 ) 
4 158 159 (-64 320 504 ) (-64 320 0 ) (0 320 0 ) (0 320 508 ) 
4 158 161 (-64 1024 0 ) (-64 320 0 ) (-64 320 512 ) (-64 1024 512 ) 
4 159 161 (-64 320 0 ) (-64 256 0 ) (-64 256 504 ) (-64 320 504 ) 
4 159 160 (-64 256 504 ) (-64 256 0 ) (0 256 0 ) (0 256 508 ) 
4 160 305 (0 0 0 ) (0 0 128 ) (-64 0 128 ) (-64 0 0 ) 
4 160 302 (0 0 128 ) (0 0 512 ) (-64 0 512 ) (-64 0 128 ) 
4 160 168 (-64 96 0 ) (-64 160 0 ) (-32 160 0 ) (-32 96 0 ) 
4 160 161 (-64 256 0 ) (-64 0 0 ) (-64 0 512 ) (-64 256 512 ) 
4 161 305 (-352 0 128 ) (-352 0 0 ) (-64 0 0 ) (-64 0 128 ) 
4 161 302 (-64 0 512 ) (-352 0 512 ) (-352 0 128 ) (-64 0 128 ) 
4 161 173 (-352 1024 512 ) (-352 1024 0 ) (-352 0 0 ) (-352 0 512 ) 
4 161 168 (-96 160 0 ) (-64 160 0 ) (-64 96 0 ) (-96 96 0 ) 
4 161 163 (-352 688 0 ) (-352 1024 0 ) (-128 1024 0 ) (-128 688 0 ) 
4 161 162 (-128 1024 0 ) (-64 1024 0 ) (-64 688 0 ) (-128 688 0 ) 
4 162 164 (-128 688 -16 ) (-128 1024 -16 ) (0 1024 -16 ) (0 688 -16 ) 
4 162 163 (-128 1024 -16 ) (-128 688 -16 ) (-128 688 0 ) (-128 1024 0 ) 
4 163 174 (-352 1024 0 ) (-352 1024 -16 ) (-352 688 -16 ) (-352 688 0 ) 
4 163 164 (-352 688 -16 ) (-352 1024 -16 ) (-128 1024 -16 ) (-128 688 -16 ) 
4 164 214 (-352 1024 -64 ) (0 1024 -64 ) (0 688 -64 ) (-352 688 -64 ) 
4 164 175 (-352 1024 -16 ) (-352 1024 -64 ) (-352 688 -64 ) (-352 688 -16 ) 
4 165 215 (0 672 -64 ) (0 192 -64 ) (-352 192 -64 ) (-352 672 -64 ) 
4 165 176 (-352 672 -64 ) (-352 560 -64 ) (-352 560 -16 ) (-352 672 -16 ) 
4 165 166 (-128 192 -32 ) (-128 192 -64 ) (0 192 -64 ) (0 192 -32 ) 
4 165 167 (-128 192 -16 ) (-352 192 -16 ) (-352 192 -64 ) (-128 192 -64 ) 
4 166 215 (0 192 -64 ) (0 160 -64 ) (-128 160 -64 ) (-128 192 -64 ) 
4 166 169 (-32 160 -64 ) (0 160 -64 ) (0 160 -32 ) (-32 160 -32 ) 
4 166 171 (-128 160 -64 ) (-96 160 -64 ) (-96 160 -32 ) (-128 160 -32 ) 
4 166 167 (-128 192 -32 ) (-128 192 -64 ) (-128 160 -64 ) (-128 160 -32 ) 
4 167 215 (-128 160 -64 ) (-352 160 -64 ) (-352 192 -64 ) (-128 192 -64 ) 
4 167 171 (-352 160 -32 ) (-352 160 -64 ) (-128 160 -64 ) (-128 160 -32 ) 
4 169 311 (0 0 -64 ) (0 0 -32 ) (-32 0 -32 ) (-32 0 -64 ) 
4 169 215 (0 160 -64 ) (0 0 -64 ) (-32 0 -64 ) (-32 160 -64 ) 
4 169 170 (-32 0 -32 ) (-32 96 -32 ) (-32 96 -64 ) (-32 0 -64 ) 
4 170 311 (-32 0 -32 ) (-96 0 -32 ) (-96 0 -64 ) (-32 0 -64 ) 
4 170 215 (-32 0 -64 ) (-96 0 -64 ) (-96 96 -64 ) (-32 96 -64 ) 
4 170 171 (-96 0 -32 ) (-96 96 -32 ) (-96 96 -64 ) (-96 0 -64 ) 
4 171 312 (-288 0 -32 ) (-352 0 -32 ) (-352 0 -64 ) (-288 0 -64 ) 
4 171 311 (-96 0 -32 ) (-288 0 -32 ) (-288 0 -64 ) (-96 0 -64 ) 
4 171 215 (-96 0 -64 ) (-352 0 -64 ) (-352 160 -64 ) (-96 160 -64 ) 
4 172 300 (-384 0 520 ) (-384 0 512 ) (-352 0 512 ) (-352 0 520 ) 
4 172 173 (-384 0 512 ) (-384 1024 512 ) (-352 1024 512 ) (-352 0 512 ) 
4 173 305 (-384 0 128 ) (-384 0 0 ) (-352 0 0 ) (-352 0 128 ) 
4 173 302 (-384 0 512 ) (-384 0 128 ) (-352 0 128 ) (-352 0 512 ) 
4 173 177 (-384 0 0 ) (-384 0 512 ) (-384 1024 512 ) (-384 1024 0 ) 
4 173 174 (-384 688 0 ) (-384 1024 0 ) (-352 1024 0 ) (-352 688 0 ) 
4 174 178 (-384 688 0 ) (-384 1024 0 ) (-384 1024 -16 ) (-384 688 -16 ) 
4 174 175 (-384 688 -16 ) (-384 1024 -16 ) (-352 1024 -16 ) (-352 688 -16 ) 
4 175 214 (-384 1024 -64 ) (-352 1024 -64 ) (-352 688 -64 ) (-384 688 -64 ) 
4 175 178 (-384 1024 -64 ) (-384 688 -64 ) (-384 688 -16 ) (-384 1024 -16 ) 
4 176 216 (-352 672 -64 ) (-352 560 -64 ) (-384 560 -64 ) (-384 672 -64 ) 
4 177 305 (-512 0 128 ) (-512 0 0 ) (-384 0 0 ) (-384 0 128 ) 
4 177 302 (-512 0 512 ) (-512 0 128 ) (-384 0 128 ) (-384 0 512 ) 
4 177 181 (-512 1024 512 ) (-512 1024 0 ) (-512 0 0 ) (-512 0 512 ) 
4 177 180 (-512 32 0 ) (-512 560 0 ) (-384 560 0 ) (-384 32 0 ) 
4 177 179 (-480 656 0 ) (-416 656 0 ) (-416 592 0 ) (-480 592 0 ) 
4 177 178 (-512 688 0 ) (-512 1024 0 ) (-384 1024 0 ) (-384 688 0 ) 
4 178 217 (-512 1024 -64 ) (-384 1024 -64 ) (-384 688 -64 ) (-512 688 -64 ) 
4 178 181 (-512 1024 0 ) (-512 1024 -64 ) (-512 688 -64 ) (-512 688 0 ) 
4 180 218 (-384 560 -64 ) (-384 32 -64 ) (-512 32 -64 ) (-512 560 -64 ) 
4 180 181 (-512 560 -64 ) (-512 32 -64 ) (-512 32 0 ) (-512 560 0 ) 
4 181 315 (-640 0 -64 ) (-512 0 -64 ) (-512 0 0 ) (-640 0 0 ) 
4 181 305 (-512 0 0 ) (-512 0 128 ) (-640 0 128 ) (-640 0 0 ) 
4 181 302 (-512 0 128 ) (-512 0 512 ) (-640 0 512 ) (-640 0 128 ) 
4 181 219 (-640 1024 -64 ) (-512 1024 -64 ) (-512 0 -64 ) (-640 0 -64 ) 
4 181 183 (-640 128 0 ) (-640 128 512 ) (-640 384 512 ) (-640 384 0 ) 
4 181 182 (-640 1024 -64 ) (-640 384 -64 ) (-640 384 512 ) (-640 1024 512 ) 
4 181 184 (-640 128 -64 ) (-640 0 -64 ) (-640 0 512 ) (-640 128 512 ) 
4 182 220 (-736 1024 -64 ) (-640 1024 -64 ) (-640 384 -64 ) (-736 384 -64 ) 
4 182 186 (-736 1024 -64 ) (-736 384 -64 ) (-736 384 0 ) (-736 1024 0 ) 
4 182 185 (-736 384 0 ) (-736 384 512 ) (-736 1024 512 ) (-736 1024 0 ) 
4 182 183 (-640 384 0 ) (-640 384 512 ) (-736 384 512 ) (-736 384 0 ) 
4 183 189 (-736 128 0 ) (-736 128 512 ) (-736 192 512 ) (-736 192 0 ) 
4 183 188 (-736 320 2 ) (-736 320 0 ) (-736 192 0 ) (-736 192 2 ) 
4 183 187 (-736 192 512 ) (-736 320 512 ) (-736 320 2 ) (-736 192 2 ) 
4 183 185 (-736 320 512 ) (-736 384 512 ) (-736 384 0 ) (-736 320 0 ) 
4 183 184 (-640 128 0 ) (-640 128 512 ) (-736 128 512 ) (-736 128 0 ) 
4 184 315 (-736 0 0 ) (-736 0 -64 ) (-640 0 -64 ) (-640 0 0 ) 
4 184 305 (-736 0 128 ) (-736 0 0 ) (-640 0 0 ) (-640 0 128 ) 
4 184 302 (-736 0 512 ) (-736 0 128 ) (-640 0 128 ) (-640 0 512 ) 
4 184 221 (-640 128 -64 ) (-640 0 -64 ) (-736 0 -64 ) (-736 128 -64 ) 
4 184 190 (-736 128 -64 ) (-736 0 -64 ) (-736 0 0 ) (-736 128 0 ) 
4 184 189 (-736 0 0 ) (-736 0 512 ) (-736 128 512 ) (-736 128 0 ) 
4 185 194 (-768 352 0 ) (-768 320 0 ) (-768 320 128 ) (-768 352 128 ) 
4 185 193 (-768 352 32 ) (-768 352 128 ) (-768 384 128 ) (-768 384 32 ) 
4 185 192 (-768 656 0 ) (-768 592 0 ) (-768 592 64 ) (-768 656 64 ) 
4 185 188 (-768 320 2 ) (-768 320 0 ) (-736 320 0 ) (-736 320 2 ) 
4 185 187 (-768 320 512 ) (-768 320 2 ) (-736 320 2 ) (-736 320 512 ) 
4 185 186 (-768 384 0 ) (-768 1024 0 ) (-736 1024 0 ) (-736 384 0 ) 
4 186 222 (-768 1024 -64 ) (-736 1024 -64 ) (-736 384 -64 ) (-768 384 -64 ) 
4 187 194 (-768 192 2 ) (-768 192 128 ) (-768 320 128 ) (-768 320 2 ) 
4 187 189 (-768 192 512 ) (-768 192 2 ) (-736 192 2 ) (-736 192 512 ) 
4 187 188 (-736 192 2 ) (-768 192 2 ) (-768 320 2 ) (-736 320 2 ) 
4 188 194 (-768 192 0 ) (-768 192 2 ) (-768 320 2 ) (-768 320 0 ) 
4 188 189 (-768 192 2 ) (-768 192 0 ) (-736 192 0 ) (-736 192 2 ) 
4 189 305 (-768 0 128 ) (-768 0 0 ) (-736 0 0 ) (-736 0 128 ) 
4 189 302 (-768 0 512 ) (-768 0 128 ) (-736 0 128 ) (-736 0 512 ) 
4 189 197 (-768 128 128 ) (-768 160 128 ) (-768 160 64 ) (-768 128 64 ) 
4 189 194 (-768 160 128 ) (-768 192 128 ) (-768 192 0 ) (-768 160 0 ) 
4 189 191 (-768 0 256 ) (-768 0 384 ) (-768 192 384 ) (-768 192 256 ) 
4 189 190 (-768 0 0 ) (-768 128 0 ) (-736 128 0 ) (-736 0 0 ) 
4 190 315 (-768 0 0 ) (-768 0 -64 ) (-736 0 -64 ) (-736 0 0 ) 
4 190 223 (-736 128 -64 ) (-736 0 -64 ) (-768 0 -64 ) (-768 128 -64 ) 
4 191 303 (-784 0 384 ) (-784 0 256 ) (-768 0 256 ) (-768 0 384 ) 
4 191 200 (-784 0 256 ) (-784 0 384 ) (-784 192 384 ) (-784 192 256 ) 
4 192 198 (-784 656 0 ) (-784 592 0 ) (-784 592 64 ) (-784 656 64 ) 
4 193 194 (-768 352 32 ) (-768 352 128 ) (-776 352 128 ) (-776 352 32 ) 
4 194 197 (-768 160 64 ) (-768 160 128 ) (-776 160 128 ) (-776 160 64 ) 
4 194 195 (-782 352 128 ) (-782 352 0 ) (-782 160 0 ) (-782 160 128 ) 
4 195 196 (-783 352 128 ) (-783 352 0 ) (-783 160 0 ) (-783 160 128 ) 
4 196 201 (-784 160 128 ) (-784 192 128 ) (-784 192 0 ) (-784 160 0 ) 
4 196 199 (-784 192 128 ) (-784 352 128 ) (-784 352 0 ) (-784 192 0 ) 
4 199 203 (-832 192 0.250000 ) (-832 192 128 ) (-832 320 128 ) (-832 320 0.250000 ) 
4 199 201 (-832 192 128 ) (-832 192 0 ) (-784 192 0 ) (-784 192 128 ) 
4 200 308 (-832 0 448 ) (-832 0 256 ) (-784 0 256 ) (-784 0 448 ) 
4 200 202 (-832 0 256 ) (-832 0 448 ) (-832 192 448 ) (-832 192 256 ) 
4 202 308 (-896 0 448 ) (-896 0 256 ) (-832 0 256 ) (-832 0 448 ) 
4 202 210 (-896 0 256 ) (-896 0 448 ) (-896 192 448 ) (-896 192 256 ) 
4 203 204 (-872 320 0.250000 ) (-872 192 0.250000 ) (-872 192 128.250000 ) (-872 320 128.250000 ) 
4 204 205 (-888 320 0.250000 ) (-888 192 0.250000 ) (-888 192 128.250000 ) (-888 320 128.250000 ) 
4 205 208 (-896 320 0.250000 ) (-896 192 0.250000 ) (-896 192 128.250000 ) (-896 320 128.250000 ) 
4 206 212 (-992 320 0.250000 ) (-992 320 128 ) (-992 352 128 ) (-992 352 0.250000 ) 
4 206 209 (-992 320 192.250000 ) (-992 320 0.250000 ) (-960 320 0.250000 ) (-960 320 192.250000 ) 
4 206 208 (-960 320 0.250000 ) (-896 320 0.250000 ) (-896 320 192.250000 ) (-960 320 192.250000 ) 
4 207 208 (-896 192 192.250000 ) (-960 192 192.250000 ) (-960 320 192.250000 ) (-896 320 192.250000 ) 
4 208 211 (-896 192 0.250000 ) (-896 192 192.250000 ) (-960 192 192.250000 ) (-960 192 0.250000 ) 
4 208 209 (-960 320 192.250000 ) (-960 320 0.250000 ) (-960 192 0.250000 ) (-960 192 192.250000 ) 
4 209 212 (-992 192 0.250000 ) (-992 192 128 ) (-992 320 128 ) (-992 320 0.250000 ) 
4 209 211 (-992 192 192.250000 ) (-992 192 0.250000 ) (-960 192 0.250000 ) (-960 192 192.250000 ) 
4 210 308 (-912 0 448 ) (-912 0 256 ) (-896 0 256 ) (-896 0 448 ) 
4 211 212 (-992 160 0.250000 ) (-992 160 128 ) (-992 192 128 ) (-992 192 0.250000 ) 
4 212 213 (-1008 352 128 ) (-1008 352 0 ) (-1008 160 0 ) (-1008 160 128 ) 
4 213 409 (-1024 208 -64 ) (-1024 0 -64 ) (-1024 0 58 ) (-1024 208 58 ) 
4 213 398 (-1024 0 58 ) (-1024 0 512 ) (-1024 208 512 ) (-1024 208 58 ) 
4 213 375 (-1024 528 -64 ) (-1024 304 -64 ) (-1024 304 512 ) (-1024 528 512 ) 
4 213 377 (-1024 304 -64 ) (-1024 208 -64 ) (-1024 208 512 ) (-1024 304 512 ) 
4 213 316 (-1024 0 0 ) (-1024 0 -64 ) (-1008 0 -64 ) (-1008 0 0 ) 
4 213 309 (-1024 0 512 ) (-1024 0 0 ) (-1008 0 0 ) (-1008 0 512 ) 
4 213 224 (-1008 528 -64 ) (-1008 0 -64 ) (-1024 0 -64 ) (-1024 528 -64 ) 
4 214 217 (-384 1024 -256 ) (-384 688 -256 ) (-384 688 -64 ) (-384 1024 -64 ) 
4 215 341 (0 0 -256 ) (0 0 -64 ) (-352 0 -64 ) (-352 0 -256 ) 
4 215 216 (-352 672 -64 ) (-352 672 -256 ) (-352 560 -256 ) (-352 560 -64 ) 
4 217 219 (-512 1024 -256 ) (-512 688 -256 ) (-512 688 -64 ) (-512 1024 -64 ) 
4 218 219 (-512 560 -256 ) (-512 32 -256 ) (-512 32 -64 ) (-512 560 -64 ) 
4 219 343 (-512 0 -64 ) (-640 0 -64 ) (-640 0 -256 ) (-512 0 -256 ) 
4 219 220 (-640 1024 -256 ) (-640 384 -256 ) (-640 384 -64 ) (-640 1024 -64 ) 
4 219 221 (-640 128 -256 ) (-640 0 -256 ) (-640 0 -64 ) (-640 128 -64 ) 
4 220 222 (-736 1024 -256 ) (-736 384 -256 ) (-736 384 -64 ) (-736 1024 -64 ) 
4 221 343 (-640 0 -64 ) (-736 0 -64 ) (-736 0 -256 ) (-640 0 -256 ) 
4 221 223 (-736 128 -256 ) (-736 0 -256 ) (-736 0 -64 ) (-736 128 -64 ) 
4 223 343 (-736 0 -64 ) (-768 0 -64 ) (-768 0 -256 ) (-736 0 -256 ) 
4 224 412 (-1024 208 -256 ) (-1024 0 -256 ) (-1024 0 -68 ) (-1024 208 -68 ) 
4 224 409 (-1024 0 -68 ) (-1024 0 -64 ) (-1024 208 -64 ) (-1024 208 -68 ) 
4 224 397 (-1024 528 -256 ) (-1024 208 -256 ) (-1024 208 -68 ) (-1024 528 -68 ) 
4 224 375 (-1024 304 -64 ) (-1024 528 -64 ) (-1024 528 -68 ) (-1024 304 -68 ) 
4 224 377 (-1024 208 -68 ) (-1024 208 -64 ) (-1024 304 -64 ) (-1024 304 -68 ) 
4 224 346 (-1008 0 -64 ) (-1024 0 -64 ) (-1024 0 -256 ) (-1008 0 -256 ) 
4 225 228 (768 -8 64 ) (768 -8 500.500031 ) (768 0 500 ) (768 0 64 ) 
5 225 227 (1024 -8 512 ) (832 -8 512 ) (768 -8 504 ) (768 -8 64 ) (1024 -8 64 ) 
4 225 226 (1024 -8 64 ) (768 -8 64 ) (768 0 64 ) (1024 0 64 ) 
4 226 229 (768 0 0 ) (768 -8 0 ) (768 -8 64 ) (768 0 64 ) 
4 226 227 (768 -8 64 ) (768 -8 0 ) (1024 -8 0 ) (1024 -8 64 ) 
5 227 237 (768 -64 0 ) (1024 -64 0 ) (1024 -64 512 ) (832 -64 512 ) (768 -64 504 ) 
4 227 230 (768 -8 0 ) (768 -64 0 ) (768 -64 504 ) (768 -8 500.500031 ) 
4 228 230 (640 -8 500.503906 ) (640 -8 64 ) (768 -8 64 ) (768 -8 500.503906 ) 
4 228 231 (640 -8 500.500000 ) (640 0 500 ) (640 0 64 ) (640 -8 64 ) 
4 228 229 (768 -8 64 ) (640 -8 64 ) (640 0 64 ) (768 0 64 ) 
4 229 230 (640 -8 64 ) (640 -8 0 ) (768 -8 0 ) (768 -8 64 ) 
4 229 231 (640 0 64 ) (640 0 0 ) (640 -8 0 ) (640 -8 64 ) 
4 230 238 (640 -64 0 ) (768 -64 0 ) (768 -64 504 ) (640 -64 504 ) 
4 230 231 (640 -64 0 ) (640 -64 504 ) (640 -8 500.500000 ) (640 -8 0 ) 
4 231 238 (512 -64 0 ) (640 -64 0 ) (640 -64 504 ) (512 -64 504 ) 
4 231 232 (512 0 500 ) (512 0 0 ) (512 -64 0 ) (512 -64 504 ) 
5 232 239 (384 -64 0 ) (512 -64 0 ) (512 -64 504 ) (448 -64 512 ) (384 -64 512 ) 
4 232 233 (384 0 0 ) (384 -64 0 ) (384 -64 512 ) (384 0 512 ) 
4 233 269 (352 0 0 ) (384 0 0 ) (384 -64 0 ) (352 -64 0 ) 
4 233 270 (320 0 0 ) (352 0 0 ) (352 -64 0 ) (320 -64 0 ) 
4 233 240 (320 -64 0 ) (384 -64 0 ) (384 -64 512 ) (320 -64 503 ) 
4 233 235 (320 0 0 ) (320 -64 0 ) (320 -64 503 ) (320 0 503 ) 
4 234 240 (384 -64 513 ) (384 -64 672 ) (320 -64 672 ) (320 -64 504 ) 
4 234 235 (320 -64 504 ) (320 -64 672 ) (320 0 672 ) (320 0 504 ) 
4 235 274 (160 0 0 ) (192 0 0 ) (192 -64 0 ) (160 -64 0 ) 
4 235 273 (224 -32 0 ) (224 -64 0 ) (192 -64 0 ) (192 -32 0 ) 
4 235 272 (192 0 0 ) (224 0 0 ) (224 -32 0 ) (192 -32 0 ) 
4 235 271 (256 -32 0 ) (256 -64 0 ) (224 -64 0 ) (224 -32 0 ) 
4 235 240 (128 -64 0 ) (320 -64 0 ) (320 -64 672 ) (128 -64 672 ) 
4 235 236 (128 0 0 ) (128 -64 0 ) (128 -64 512 ) (128 0 512 ) 
4 236 305 (0 0 128 ) (0 0 0 ) (0 -64 0 ) (0 -64 128 ) 
4 236 302 (0 0 512 ) (0 0 128 ) (0 -64 128 ) (0 -64 512 ) 
4 236 241 (0 -64 0 ) (128 -64 0 ) (128 -64 512 ) (0 -64 512 ) 
5 237 245 (768 -128 0 ) (1024 -128 0 ) (1024 -128 512 ) (832 -128 512 ) (768 -128 504 ) 
4 237 238 (768 -64 504 ) (768 -64 0 ) (768 -128 0 ) (768 -128 504 ) 
4 238 248 (512 -128 0 ) (576 -128 0 ) (576 -128 504 ) (512 -128 507 ) 
4 238 246 (576 -128 0 ) (704 -128 0 ) (704 -128 508 ) (576 -128 508 ) 
4 238 245 (704 -128 0 ) (768 -128 0 ) (768 -128 512 ) (704 -128 512 ) 
4 238 239 (512 -64 504 ) (512 -64 0 ) (512 -128 0 ) (512 -128 504 ) 
5 239 248 (448 -128 0 ) (512 -128 0 ) (512 -128 504 ) (473.600006 -128 508.799988 ) (448 -128 510 ) 
4 239 249 (384 -128 0 ) (448 -128 0 ) (448 -128 512 ) (384 -128 512 ) 
4 239 240 (384 -128 0 ) (384 -128 512 ) (384 -64 512 ) (384 -64 0 ) 
4 240 277 (320 -96 0 ) (320 -128 0 ) (255.983002 -128 0 ) (255.983002 -96 0 ) 
4 240 276 (192 -64 0 ) (224 -64 0 ) (224 -96 0 ) (192 -96 0 ) 
4 240 275 (224 -64 0 ) (288 -64 0 ) (288 -96 0 ) (224 -96 0 ) 
4 240 249 (128 -128 0 ) (384 -128 0 ) (384 -128 512 ) (128 -128 512 ) 
4 240 243 (384 -128 512 ) (384 -128 672 ) (128 -128 672 ) (128 -128 512 ) 
4 240 241 (128 -128 0 ) (128 -128 512 ) (128 -64 512 ) (128 -64 0 ) 
4 241 305 (0 -64 0 ) (0 -128 0 ) (0 -128 128 ) (0 -64 128 ) 
4 241 304 (0 -128 128 ) (0 -128 512 ) (0 -64 512 ) (0 -64 128 ) 
4 241 249 (0 -128 512 ) (0 -128 0 ) (128 -128 0 ) (128 -128 512 ) 
4 242 245 (832 -128 512 ) (960 -128 512 ) (960 -256 512 ) (832 -256 512 ) 
4 243 249 (128 -128 512 ) (384 -128 512 ) (384 -192 512 ) (128 -192 512 ) 
4 244 261 (944 -465.263153 512 ) (944 -496 512 ) (848 -496 512 ) (848 -480.421051 512 ) 
4 244 260 (848 -400 512 ) (944 -400 512 ) (944 -465.263153 512 ) (848 -480.421051 512 ) 
4 245 259 (704 -288 0 ) (800 -288 0 ) (800 -288 128 ) (704 -288 128 ) 
4 245 258 (1024 -288 128 ) (1024 -288 512 ) (976 -288 512 ) (976 -288 128 ) 
4 245 257 (976 -288 512 ) (704 -288 512 ) (704 -288 128 ) (976 -288 128 ) 
4 245 246 (704 -128 508 ) (704 -128 0 ) (704 -256 0 ) (704 -256 508 ) 
4 245 247 (704 -288 0 ) (704 -288 512 ) (704 -256 512 ) (704 -256 0 ) 
4 246 248 (576 -128 504 ) (576 -128 0 ) (576 -256 0 ) (576 -256 504 ) 
4 246 247 (576 -256 508 ) (576 -256 0 ) (704 -256 0 ) (704 -256 508 ) 
4 247 259 (576 -288 0 ) (704 -288 0 ) (704 -288 128 ) (576 -288 128 ) 
4 247 257 (704 -288 128 ) (704 -288 512 ) (576 -288 512 ) (576 -288 128 ) 
4 247 250 (576 -288 0 ) (576 -288 512 ) (576 -256 512 ) (576 -256 0 ) 
4 248 251 (448 -256 0 ) (510.250000 -256 0 ) (510.250000 -256 507.082031 ) (448 -256 510 ) 
4 248 250 (510.250000 -256 0 ) (576 -256 0 ) (576 -256 504 ) (510.250000 -256 507.082031 ) 
4 248 249 (448 -256 0 ) (448 -256 510 ) (448 -128 510 ) (448 -128 0 ) 
4 249 305 (0 -128 0 ) (0 -256 0 ) (0 -256 128 ) (0 -128 128 ) 
4 249 304 (0 -256 128 ) (0 -256 512 ) (0 -128 512 ) (0 -128 128 ) 
4 249 251 (258.250000 -256 0 ) (448 -256 0 ) (448 -256 512 ) (258.250000 -256 512 ) 
4 249 256 (0 -256 0 ) (258.250000 -256 0 ) (258.250000 -256 512 ) (0 -256 512 ) 
4 250 259 (510.250000 -288 0 ) (576 -288 0 ) (576 -288 128 ) (510.250000 -288 128 ) 
4 250 257 (576 -288 128 ) (576 -288 512 ) (510.250000 -288 512 ) (510.250000 -288 128 ) 
4 250 253 (510.250000 -260.933044 2 ) (510.250000 -260.933044 126 ) (510.250000 -258.933044 126 ) (510.250000 -258.933044 2 ) 
4 250 252 (510.250000 -260.933044 126 ) (510.250000 -260.933044 512 ) (510.250000 -258.933044 512 ) (510.250000 -258.933044 126 ) 
4 250 254 (510.250000 -258.933044 0 ) (510.250000 -260.933044 0 ) (510.250000 -260.933044 2 ) (510.250000 -258.933044 2 ) 
4 250 251 (510.250000 -256 512 ) (510.250000 -256 0 ) (510.250000 -258.933044 0 ) (510.250000 -258.933044 512 ) 
4 250 255 (510.250000 -260.933044 0 ) (510.250000 -288 0 ) (510.250000 -288 512 ) (510.250000 -260.933044 512 ) 
4 251 253 (258.250000 -258.933044 126 ) (258.250000 -258.933044 2 ) (510.250000 -258.933044 2 ) (510.250000 -258.933044 126 ) 
4 251 252 (258.250000 -258.933044 512 ) (258.250000 -258.933044 126 ) (510.250000 -258.933044 126 ) (510.250000 -258.933044 512 ) 
4 251 254 (258.250000 -258.933044 2 ) (258.250000 -258.933044 0 ) (510.250000 -258.933044 0 ) (510.250000 -258.933044 2 ) 
4 251 256 (258.250000 -256 512 ) (258.250000 -256 0 ) (258.250000 -258.933044 0 ) (258.250000 -258.933044 512 ) 
4 252 255 (258.250000 -260.933044 512 ) (258.250000 -260.933044 126 ) (510.250000 -260.933044 126 ) (510.250000 -260.933044 512 ) 
4 252 256 (258.250000 -260.933044 126 ) (258.250000 -260.933044 512 ) (258.250000 -258.933044 512 ) (258.250000 -258.933044 126 ) 
4 252 253 (510.250000 -260.933044 126 ) (258.250000 -260.933044 126 ) (258.250000 -258.933044 126 ) (510.250000 -258.933044 126 ) 
4 253 254 (510.250000 -260.933044 2 ) (258.250000 -260.933044 2 ) (258.250000 -258.933044 2 ) (510.250000 -258.933044 2 ) 
4 253 255 (258.250000 -260.933044 126 ) (258.250000 -260.933044 2 ) (510.250000 -260.933044 2 ) (510.250000 -260.933044 126 ) 
4 253 256 (258.250000 -260.933044 2 ) (258.250000 -260.933044 126 ) (258.250000 -258.933044 126 ) (258.250000 -258.933044 2 ) 
4 254 256 (258.250000 -258.933044 0 ) (258.250000 -260.933044 0 ) (258.250000 -260.933044 2 ) (258.250000 -258.933044 2 ) 
4 254 255 (258.250000 -260.933044 2 ) (258.250000 -260.933044 0 ) (510.250000 -260.933044 0 ) (510.250000 -260.933044 2 ) 
4 255 259 (258.250000 -288 0 ) (510.250000 -288 0 ) (510.250000 -288 128 ) (258.250000 -288 128 ) 
4 255 257 (510.250000 -288 128 ) (510.250000 -288 512 ) (258.250000 -288 512 ) (258.250000 -288 128 ) 
4 255 256 (258.250000 -260.933044 0 ) (258.250000 -288 0 ) (258.250000 -288 512 ) (258.250000 -260.933044 512 ) 
4 256 305 (0 -256 0 ) (0 -288 0 ) (0 -288 128 ) (0 -256 128 ) 
4 256 304 (0 -288 128 ) (0 -288 512 ) (0 -256 512 ) (0 -256 128 ) 
4 256 259 (0 -288 0 ) (258.250000 -288 0 ) (258.250000 -288 128 ) (0 -288 128 ) 
4 256 257 (258.250000 -288 128 ) (258.250000 -288 512 ) (0 -288 512 ) (0 -288 128 ) 
4 257 304 (0 -352 128 ) (0 -352 512 ) (0 -288 512 ) (0 -288 128 ) 
4 257 260 (967.272705 -352 512 ) (800 -352 512 ) (800 -352 128 ) (967.272705 -352 128 ) 
4 257 265 (800 -352 512 ) (0 -352 512 ) (0 -352 128 ) (800 -352 128 ) 
4 257 259 (800 -352 128 ) (0 -352 128 ) (0 -288 128 ) (800 -288 128 ) 
4 257 258 (967.273438 -352 512 ) (967.273438 -352 128 ) (976 -288 128 ) (976 -288 512 ) 
4 258 262 (1024 -352 128 ) (1024 -352 512 ) (967.272705 -352 512 ) (967.272705 -352 128 ) 
4 259 307 (0 -320 0 ) (0 -352 0 ) (0 -352 128 ) (0 -320 128 ) 
4 259 306 (0 -288 0 ) (0 -320 0 ) (0 -320 128 ) (0 -288 128 ) 
4 259 267 (0 -352 0 ) (800 -352 0 ) (800 -352 128 ) (0 -352 128 ) 
4 260 266 (864 -352 128 ) (928 -352 128 ) (928 -467.789490 128 ) (864 -477.894745 128 ) 
4 260 262 (952 -464 128 ) (967.272888 -352 128 ) (967.272888 -352 512 ) (952 -464 512 ) 
4 260 265 (800 -352 512 ) (800 -352 128 ) (800 -488 128 ) (800 -488 512 ) 
4 260 261 (800 -488 512 ) (800 -488 128 ) (952 -464 128 ) (952 -464 512 ) 
4 261 266 (864 -477.894745 128 ) (928 -467.789490 128 ) (928 -480 128 ) (864 -480 128 ) 
4 261 264 (936.727417 -576 128 ) (952 -464 128 ) (952 -464 512 ) (936.727417 -576 512 ) 
4 261 265 (800 -488 128 ) (800 -576 128 ) (800 -576 512 ) (800 -488 512 ) 
4 262 263 (952 -464 512 ) (952 -464 128 ) (1024 -464 128 ) (1024 -464 512 ) 
4 263 264 (952 -464 512 ) (952 -464 128 ) (952 -576 128 ) (952 -576 512 ) 
4 265 304 (0 -576 128 ) (0 -576 512 ) (0 -352 512 ) (0 -352 128 ) 
4 265 288 (640 -576 384 ) (704 -576 384 ) (704 -576 512 ) (640 -576 512 ) 
4 265 268 (800 -576 128 ) (0 -576 128 ) (0 -480 128 ) (800 -480 128 ) 
4 265 267 (0 -480 128 ) (0 -352 128 ) (800 -352 128 ) (800 -480 128 ) 
4 267 307 (0 -352 0 ) (0 -480 0 ) (0 -480 128 ) (0 -352 128 ) 
4 267 268 (0 -480 0 ) (800 -480 0 ) (800 -480 128 ) (0 -480 128 ) 
4 268 307 (0 -480 0 ) (0 -576 0 ) (0 -576 128 ) (0 -480 128 ) 
4 269 270 (352 -64 -1 ) (352 -64 0 ) (352 0 0 ) (352 0 -1 ) 
4 270 279 (320 0 -2 ) (352 0 -2 ) (352 -64 -2 ) (320 -64 -2 ) 
4 271 279 (256 -32 -2 ) (256 -64 -2 ) (224 -64 -2 ) (224 -32 -2 ) 
4 271 275 (224 -64 -2 ) (256 -64 -2 ) (256 -64 0 ) (224 -64 0 ) 
4 271 273 (224 -64 -1 ) (224 -64 0 ) (224 -32 0 ) (224 -32 -1 ) 
4 272 279 (192 0 -2 ) (224 0 -2 ) (224 -32 -2 ) (192 -32 -2 ) 
4 272 274 (192 -32 -1 ) (192 -32 0 ) (192 0 0 ) (192 0 -1 ) 
4 272 273 (192 -32 0 ) (192 -32 -1 ) (224 -32 -1 ) (224 -32 0 ) 
4 273 276 (224 -64 -1 ) (224 -64 0 ) (192 -64 0 ) (192 -64 -1 ) 
4 273 274 (192 -64 -1 ) (192 -64 0 ) (192 -32 0 ) (192 -32 -1 ) 
4 275 279 (224 -64 -2 ) (288 -64 -2 ) (288 -96 -2 ) (224 -96 -2 ) 
4 275 277 (255.983002 -96 -2 ) (288 -96 -2 ) (288 -96 0 ) (255.983002 -96 0 ) 
4 275 276 (224 -64 0 ) (224 -64 -1 ) (224 -96 -1 ) (224 -96 0 ) 
4 277 279 (320 -128 -2 ) (255.983002 -128 -2 ) (255.983002 -96 -2 ) (320 -96 -2 ) 
4 278 283 (1024 -16 -32 ) (1024 -128 -32 ) (640 -128 -32 ) (640 -16 -32 ) 
4 278 281 (640 -128 -32 ) (1024 -128 -32 ) (1024 -128 -16 ) (640 -128 -16 ) 
4 280 285 (128 0 -32 ) (384 0 -32 ) (384 -128 -32 ) (128 -128 -32 ) 
4 281 284 (640 -576 -32 ) (624 -576 -32 ) (624 -128 -32 ) (640 -128 -32 ) 
4 281 285 (624 -576 -32 ) (512 -576 -32 ) (512 -128 -32 ) (624 -128 -32 ) 
4 281 283 (1024 -576 -32 ) (640 -576 -32 ) (640 -128 -32 ) (1024 -128 -32 ) 
4 282 317 (0 -320 -32 ) (0 -576 -32 ) (0 -576 -16 ) (0 -320 -16 ) 
4 282 285 (256 -576 -32 ) (0 -576 -32 ) (0 -320 -32 ) (256 -320 -32 ) 
4 283 297 (1024 -16 -64 ) (1024 -576 -64 ) (640 -576 -64 ) (640 -16 -64 ) 
4 283 284 (640 -64 -64 ) (640 -576 -64 ) (640 -576 -32 ) (640 -64 -32 ) 
4 284 298 (640 -64 -64 ) (640 -576 -64 ) (624 -576 -64 ) (624 -64 -64 ) 
4 284 285 (624 -64 -64 ) (624 -576 -64 ) (624 -576 -32 ) (624 -64 -32 ) 
4 285 317 (0 -320 -64 ) (0 -576 -64 ) (0 -576 -32 ) (0 -320 -32 ) 
4 285 311 (0 0 -32 ) (0 0 -64 ) (0 -320 -64 ) (0 -320 -32 ) 
4 285 299 (0 0 -64 ) (624 0 -64 ) (624 -576 -64 ) (0 -576 -64 ) 
4 286 290 (704 -832 512 ) (640 -832 512 ) (640 -640 512 ) (704 -640 512 ) 
4 286 289 (832 -832 512 ) (704 -832 512 ) (704 -640 512 ) (832 -640 512 ) 
4 287 334 (0 -1008 785 ) (0 -848 785 ) (0 -848 512 ) (0 -1008 512 ) 
4 287 292 (0 -1008 512 ) (0 -848 512 ) (96 -848 512 ) (96 -1008 512 ) 
4 288 290 (640 -592 384 ) (704 -592 384 ) (704 -592 512 ) (640 -592 512 ) 
4 289 290 (704 -640 384 ) (704 -832 384 ) (704 -832 512 ) (704 -640 512 ) 
4 291 332 (0 -624 416 ) (0 -624 384 ) (0 -832 384 ) (0 -832 416 ) 
4 291 295 (64 -832 384 ) (0 -832 384 ) (0 -624 384 ) (64 -624 384 ) 
4 292 334 (0 -1008 512 ) (0 -848 512 ) (0 -848 384 ) (0 -1008 384 ) 
4 292 296 (0 -1008 384 ) (0 -848 384 ) (96 -848 384 ) (96 -1008 384 ) 
4 292 293 (0 -1008 384 ) (96 -1008 384 ) (96 -1008 416 ) (0 -1008 416 ) 
4 293 347 (0 -1024 416 ) (0 -1024 384 ) (96 -1024 384 ) (96 -1024 416 ) 
4 293 335 (0 -1024 384 ) (0 -1024 416 ) (0 -1008 416 ) (0 -1008 384 ) 
4 293 296 (96 -1024 384 ) (0 -1024 384 ) (0 -1008 384 ) (96 -1008 384 ) 
4 294 331 (0 -624 384 ) (0 -623.002014 384 ) (0 -623.002014 256 ) (0 -624 256 ) 
4 294 295 (0 -624 256 ) (0.998001 -624 256 ) (0.998001 -624 384 ) (0 -624 384 ) 
4 295 332 (0 -832 384 ) (0 -624 384 ) (0 -624 256 ) (0 -832 256 ) 
4 296 350 (32 -1024 384 ) (0 -1024 384 ) (0 -1024 256 ) (32 -1024 256 ) 
4 296 349 (96 -1024 384 ) (32 -1024 384 ) (32 -1024 256 ) (96 -1024 256 ) 
4 296 335 (0 -1024 256 ) (0 -1024 384 ) (0 -1008 384 ) (0 -1008 256 ) 
4 296 334 (0 -1008 384 ) (0 -848 384 ) (0 -848 256 ) (0 -1008 256 ) 
4 297 298 (640 -64 -256 ) (640 -576 -256 ) (640 -576 -64 ) (640 -64 -64 ) 
4 298 299 (624 -64 -256 ) (624 -576 -256 ) (624 -576 -64 ) (624 -64 -64 ) 
4 299 344 (0 -160 -256 ) (0 -576 -256 ) (0 -576 -64 ) (0 -160 -64 ) 
4 299 341 (0 0 -64 ) (0 0 -256 ) (0 -160 -256 ) (0 -160 -64 ) 
4 300 304 (-352 -576 512 ) (-384 -576 512 ) (-384 -64 512 ) (-352 -64 512 ) 
4 300 302 (-384 -64 512 ) (-384 0 512 ) (-352 0 512 ) (-352 -64 512 ) 
4 301 304 (-672 -480 512 ) (-672 -416 512 ) (-608 -416 512 ) (-608 -480 512 ) 
4 302 305 (-768 0 128 ) (0 0 128 ) (0 -64 128 ) (-768 -64 128 ) 
4 302 304 (-768 -64 128 ) (0 -64 128 ) (0 -64 512 ) (-768 -64 512 ) 
4 302 303 (-768 -64 256 ) (-768 -64 384 ) (-768 0 384 ) (-768 0 256 ) 
4 303 308 (-784 0 384 ) (-784 0 256 ) (-784 -64 256 ) (-784 -64 384 ) 
4 304 337 (0 -576 128 ) (0 -576 184 ) (-192 -576 184 ) (-192 -576 128 ) 
4 304 330 (-377 -576 384 ) (-384 -576 384 ) (-384 -576 256 ) (-377 -576 256 ) 
4 304 326 (-359 -576 384 ) (-377 -576 384 ) (-377 -576 256 ) (-359 -576 256 ) 
4 304 325 (-352 -576 384 ) (-359 -576 384 ) (-359 -576 256 ) (-352 -576 256 ) 
4 304 324 (0 -576 256 ) (0 -576 384 ) (-192 -576 384 ) (-192 -576 256 ) 
4 304 323 (-377 -576 512 ) (-384 -576 512 ) (-384 -576 384 ) (-377 -576 384 ) 
4 304 319 (-359 -576 512 ) (-377 -576 512 ) (-377 -576 384 ) (-359 -576 384 ) 
4 304 318 (-352 -576 512 ) (-359 -576 512 ) (-359 -576 384 ) (-352 -576 384 ) 
4 304 307 (0 -576 128 ) (-768 -576 128 ) (-768 -320 128 ) (0 -320 128 ) 
4 304 306 (-544 -288 128 ) (0 -288 128 ) (0 -320 128 ) (-544 -320 128 ) 
4 304 305 (-768 -288 128 ) (-768 -64 128 ) (0 -64 128 ) (0 -288 128 ) 
4 305 315 (-768 0 0 ) (-512 0 0 ) (-512 -160 0 ) (-768 -160 0 ) 
4 305 310 (-288 -96 0 ) (-288 -160 0 ) (-352 -160 0 ) (-352 -96 0 ) 
4 305 306 (-544 -288 0 ) (0 -288 0 ) (0 -288 128 ) (-544 -288 128 ) 
4 306 307 (0 -320 128 ) (-544 -320 128 ) (-544 -320 0 ) (0 -320 0 ) 
4 307 339 (-192 -576 0 ) (0 -576 0 ) (0 -576 128 ) (-192 -576 128 ) 
4 309 425 (-1024 0 58 ) (-1024 0 0 ) (-1024 -16 0 ) (-1024 -16 58 ) 
4 309 422 (-1024 0 116 ) (-1024 0 58 ) (-1024 -16 58 ) (-1024 -16 116 ) 
4 309 421 (-1024 0 512 ) (-1024 0 116 ) (-1024 -16 116 ) (-1024 -16 512 ) 
4 309 316 (-1024 -16 0 ) (-1024 0 0 ) (-1008 0 0 ) (-1008 -16 0 ) 
4 311 344 (0 -160 -64 ) (0 -320 -64 ) (-288 -320 -64 ) (-288 -160 -64 ) 
4 311 341 (0 0 -64 ) (0 -160 -64 ) (-288 -160 -64 ) (-288 0 -64 ) 
4 311 317 (-288 -320 -64 ) (0 -320 -64 ) (0 -320 -32 ) (-288 -320 -32 ) 
4 311 312 (-288 0 -64 ) (-288 -96 -64 ) (-288 -96 -32 ) (-288 0 -32 ) 
4 311 313 (-288 -160 -64 ) (-288 -320 -64 ) (-288 -320 -32 ) (-288 -160 -32 ) 
4 312 341 (-352 -96 -64 ) (-352 0 -64 ) (-288 0 -64 ) (-288 -96 -64 ) 
4 312 314 (-352 -32 -64 ) (-352 -96 -64 ) (-352 -96 -32 ) (-352 -32 -32 ) 
4 313 344 (-288 -320 -64 ) (-352 -320 -64 ) (-352 -160 -64 ) (-288 -160 -64 ) 
4 313 317 (-352 -320 -64 ) (-288 -320 -64 ) (-288 -320 -32 ) (-352 -320 -32 ) 
4 313 314 (-352 -160 -64 ) (-352 -320 -64 ) (-352 -320 -32 ) (-352 -160 -32 ) 
4 314 344 (-352 -320 -64 ) (-384 -320 -64 ) (-384 -160 -64 ) (-352 -160 -64 ) 
4 314 342 (-384 -160 -64 ) (-384 -32 -64 ) (-352 -32 -64 ) (-352 -160 -64 ) 
4 314 317 (-384 -320 -64 ) (-352 -320 -64 ) (-352 -320 -32 ) (-384 -320 -32 ) 
4 315 343 (-768 -160 -64 ) (-768 0 -64 ) (-512 0 -64 ) (-512 -160 -64 ) 
4 316 428 (-1024 0 -50 ) (-1024 0 -64 ) (-1024 -16 -64 ) (-1024 -16 -50 ) 
4 316 425 (-1024 0 0 ) (-1024 0 -50 ) (-1024 -16 -50 ) (-1024 -16 0 ) 
4 316 346 (-1024 -16 -64 ) (-1024 0 -64 ) (-1008 0 -64 ) (-1008 -16 -64 ) 
4 317 345 (-384 -576 -64 ) (-768 -576 -64 ) (-768 -320 -64 ) (-384 -320 -64 ) 
4 317 344 (0 -320 -64 ) (0 -576 -64 ) (-384 -576 -64 ) (-384 -320 -64 ) 
4 318 325 (-352 -592 384 ) (-359 -592 384 ) (-359 -576 384 ) (-352 -576 384 ) 
4 318 320 (-359 -584 504 ) (-359 -584 512 ) (-359 -583 512 ) (-359 -583 504 ) 
4 318 321 (-359 -583 384 ) (-359 -584 384 ) (-359 -584 392 ) (-359 -583 392 ) 
4 318 319 (-359 -576 384 ) (-359 -583 384 ) (-359 -583 512 ) (-359 -576 512 ) 
4 318 322 (-359 -584 384 ) (-359 -592 384 ) (-359 -592 512 ) (-359 -584 512 ) 
4 319 326 (-377 -583 384 ) (-377 -576 384 ) (-359 -576 384 ) (-359 -583 384 ) 
4 319 323 (-377 -576 384 ) (-377 -583 384 ) (-377 -583 512 ) (-377 -576 512 ) 
4 319 320 (-377 -583 512 ) (-377 -583 504 ) (-359 -583 504 ) (-359 -583 512 ) 
4 319 321 (-377 -583 392 ) (-377 -583 384 ) (-359 -583 384 ) (-359 -583 392 ) 
4 320 323 (-377 -584 504 ) (-377 -584 512 ) (-377 -583 512 ) (-377 -583 504 ) 
4 320 322 (-377 -584 512 ) (-377 -584 504 ) (-359 -584 504 ) (-359 -584 512 ) 
4 321 327 (-377 -584 384 ) (-377 -583 384 ) (-359 -583 384 ) (-359 -584 384 ) 
4 321 323 (-377 -583 384 ) (-377 -584 384 ) (-377 -584 392 ) (-377 -583 392 ) 
4 321 322 (-377 -584 392 ) (-377 -584 384 ) (-359 -584 384 ) (-359 -584 392 ) 
4 322 329 (-359 -592 384 ) (-377 -592 384 ) (-377 -584 384 ) (-359 -584 384 ) 
4 322 323 (-377 -584 384 ) (-377 -592 384 ) (-377 -592 512 ) (-377 -584 512 ) 
4 323 330 (-377 -592 384 ) (-384 -592 384 ) (-384 -576 384 ) (-377 -576 384 ) 
4 324 331 (-192 -592 256 ) (0 -592 256 ) (0 -592 384 ) (-192 -592 384 ) 
4 325 327 (-359 -584 376 ) (-359 -584 384 ) (-359 -583 384 ) (-359 -583 376 ) 
4 325 328 (-359 -583 256 ) (-359 -584 256 ) (-359 -584 264 ) (-359 -583 264 ) 
4 325 326 (-359 -576 256 ) (-359 -583 256 ) (-359 -583 384 ) (-359 -576 384 ) 
4 325 329 (-359 -584 256 ) (-359 -592 256 ) (-359 -592 384 ) (-359 -584 384 ) 
4 326 330 (-377 -576 256 ) (-377 -583 256 ) (-377 -583 384 ) (-377 -576 384 ) 
4 326 327 (-377 -583 384 ) (-377 -583 376 ) (-359 -583 376 ) (-359 -583 384 ) 
4 326 328 (-377 -583 264 ) (-377 -583 256 ) (-359 -583 256 ) (-359 -583 264 ) 
4 327 330 (-377 -584 376 ) (-377 -584 384 ) (-377 -583 384 ) (-377 -583 376 ) 
4 327 329 (-377 -584 384 ) (-377 -584 376 ) (-359 -584 376 ) (-359 -584 384 ) 
4 328 330 (-377 -583 256 ) (-377 -584 256 ) (-377 -584 264 ) (-377 -583 264 ) 
4 328 329 (-377 -584 264 ) (-377 -584 256 ) (-359 -584 256 ) (-359 -584 264 ) 
4 329 330 (-377 -584 256 ) (-377 -592 256 ) (-377 -592 384 ) (-377 -584 384 ) 
4 331 332 (-192 -624 256 ) (0 -624 256 ) (0 -624 384 ) (-192 -624 384 ) 
4 332 333 (-92 -832 256 ) (-36 -832 256 ) (-36 -832 368 ) (-92 -832 368 ) 
4 333 336 (-92 -848 256 ) (-36 -848 256 ) (-36 -848 368 ) (-92 -848 368 ) 
4 334 336 (-32 -848 416 ) (-32 -848 256 ) (-32 -1008 256 ) (-32 -1008 416 ) 
4 334 335 (-32 -1008 416 ) (-32 -1008 256 ) (0 -1008 256 ) (0 -1008 416 ) 
4 335 358 (0 -1024 256 ) (0 -1024 384 ) (-32 -1024 384 ) (-32 -1024 256 ) 
4 335 357 (0 -1024 384 ) (0 -1024 416 ) (-32 -1024 416 ) (-32 -1024 384 ) 
4 335 336 (-32 -1008 256 ) (-32 -1024 256 ) (-32 -1024 416 ) (-32 -1008 416 ) 
4 336 362 (-224 -1024 384 ) (-224 -1024 256 ) (-160 -1024 256 ) (-160 -1024 384 ) 
4 336 361 (-160 -1024 256 ) (-128 -1024 256 ) (-128 -1024 384 ) (-160 -1024 384 ) 
4 336 358 (-128 -1024 256 ) (-32 -1024 256 ) (-32 -1024 384 ) (-128 -1024 384 ) 
4 336 357 (-224 -1024 416 ) (-224 -1024 384 ) (-32 -1024 384 ) (-32 -1024 416 ) 
4 337 339 (-192 -608 128 ) (-192 -576 128 ) (0 -576 128 ) (0 -608 128 ) 
4 337 338 (-192 -608 128 ) (0 -608 128 ) (0 -608 184 ) (-192 -608 184 ) 
4 338 340 (-192 -609 128 ) (-192 -703 128 ) (-192 -703 191 ) (-192 -609 191 ) 
4 338 339 (-192 -704 128 ) (-192 -608 128 ) (0 -608 128 ) (0 -704 128 ) 
4 339 340 (-192 -703 128 ) (-192 -609 128 ) (-192 -609 1 ) (-192 -703 1 ) 
4 341 344 (-352 -160 -256 ) (0 -160 -256 ) (0 -160 -64 ) (-352 -160 -64 ) 
4 341 342 (-352 -32 -256 ) (-352 -160 -256 ) (-352 -160 -64 ) (-352 -32 -64 ) 
4 342 344 (-384 -160 -256 ) (-352 -160 -256 ) (-352 -160 -64 ) (-384 -160 -64 ) 
4 344 345 (-384 -320 -256 ) (-384 -576 -256 ) (-384 -576 -64 ) (-384 -320 -64 ) 
4 346 428 (-1024 -16 -64 ) (-1024 0 -64 ) (-1024 0 -256 ) (-1024 -16 -256 ) 
4 347 357 (0 -1024 416 ) (0 -1024 384 ) (0 -1168 384 ) (0 -1168 416 ) 
4 347 350 (0 -1168 384 ) (0 -1024 384 ) (32 -1024 384 ) (32 -1168 384 ) 
4 347 349 (32 -1024 384 ) (96 -1024 384 ) (96 -1168 384 ) (32 -1168 384 ) 
4 348 364 (0 -1312 384 ) (0 -1344 384 ) (0 -1344 448 ) (0 -1312 448 ) 
4 348 363 (0 -1248 384 ) (0 -1312 384 ) (0 -1312 448 ) (0 -1248 448 ) 
4 348 353 (0 -1344 448 ) (0 -1344 384 ) (32 -1344 384 ) (32 -1344 448 ) 
4 348 351 (32 -1344 384 ) (0 -1344 384 ) (0 -1248 384 ) (32 -1248 384 ) 
4 349 350 (32 -1024 256 ) (32 -1168 256 ) (32 -1168 384 ) (32 -1024 384 ) 
4 350 358 (0 -1024 384 ) (0 -1024 256 ) (0 -1184 256 ) (0 -1184 384 ) 
4 351 364 (0 -1312 256 ) (0 -1344 256 ) (0 -1344 384 ) (0 -1312 384 ) 
4 351 363 (0 -1248 256 ) (0 -1312 256 ) (0 -1312 384 ) (0 -1248 384 ) 
4 351 353 (0 -1344 256 ) (32 -1344 256 ) (32 -1344 384 ) (0 -1344 384 ) 
4 352 354 (64 -1632 288 ) (64 -1632 480 ) (64 -1536 480 ) (64 -1536 288 ) 
4 353 366 (0 -1344 256 ) (0 -1376 256 ) (0 -1376 512 ) (0 -1344 512 ) 
4 353 354 (0 -1376 256 ) (32 -1376 256 ) (32 -1376 512 ) (0 -1376 512 ) 
4 354 366 (0 -1376 256 ) (0 -1792 256 ) (0 -1792 512 ) (0 -1376 512 ) 
4 355 367 (-192 -1568 512 ) (-192 -1504 512 ) (-160 -1504 512 ) (-160 -1568 512 ) 
4 355 366 (-160 -1504 512 ) (-128 -1504 512 ) (-128 -1568 512 ) (-160 -1568 512 ) 
4 356 367 (-192 -1760 512 ) (-192 -1696 512 ) (-160 -1696 512 ) (-160 -1760 512 ) 
4 356 366 (-160 -1696 512 ) (-128 -1696 512 ) (-128 -1760 512 ) (-160 -1760 512 ) 
4 357 362 (-224 -1168 384 ) (-224 -1024 384 ) (-160 -1024 384 ) (-160 -1168 384 ) 
4 357 361 (-160 -1024 384 ) (-128 -1024 384 ) (-128 -1168 384 ) (-160 -1168 384 ) 
4 357 358 (-128 -1024 384 ) (0 -1024 384 ) (0 -1168 384 ) (-128 -1168 384 ) 
4 358 361 (-128 -1024 256 ) (-128 -1184 256 ) (-128 -1184 384 ) (-128 -1024 384 ) 
4 358 359 (-128 -1185 384 ) (-128 -1185 256 ) (0 -1185 256 ) (0 -1185 384 ) 
4 359 360 (-128 -1186 384 ) (-128 -1186 256 ) (0 -1186 256 ) (0 -1186 384 ) 
4 360 363 (-128 -1248 256 ) (0 -1248 256 ) (0 -1248 384 ) (-128 -1248 384 ) 
4 361 362 (-160 -1024 256 ) (-160 -1168 256 ) (-160 -1168 384 ) (-160 -1024 384 ) 
4 363 365 (-128 -1248 448 ) (-128 -1248 256 ) (-128 -1312 256 ) (-128 -1312 448 ) 
4 363 364 (-128 -1312 448 ) (-128 -1312 256 ) (0 -1312 256 ) (0 -1312 448 ) 
4 364 366 (-128 -1344 256 ) (0 -1344 256 ) (0 -1344 448 ) (-128 -1344 448 ) 
4 364 365 (-128 -1312 256 ) (-128 -1344 256 ) (-128 -1344 448 ) (-128 -1312 448 ) 
4 365 366 (-160 -1344 256 ) (-128 -1344 256 ) (-128 -1344 448 ) (-160 -1344 448 ) 
4 366 373 (0 -1792 256 ) (0 -1824 256 ) (-160 -1824 256 ) (-160 -1792 256 ) 
4 366 367 (-160 -1440 256 ) (-160 -1824 256 ) (-160 -1824 512 ) (-160 -1440 512 ) 
4 367 373 (-160 -1824 256 ) (-224 -1824 256 ) (-224 -1792 256 ) (-160 -1792 256 ) 
4 367 369 (-224 -1664 256 ) (-224 -1824 256 ) (-224 -1824 512 ) (-224 -1664 512 ) 
4 367 368 (-224 -1472 256 ) (-224 -1600 256 ) (-224 -1600 512 ) (-224 -1472 512 ) 
4 368 371 (-256 -1600 256 ) (-256 -1472 256 ) (-224 -1472 256 ) (-224 -1600 256 ) 
4 369 373 (-256 -1824 256 ) (-256 -1792 256 ) (-224 -1792 256 ) (-224 -1824 256 ) 
4 369 372 (-256 -1792 256 ) (-256 -1664 256 ) (-224 -1664 256 ) (-224 -1792 256 ) 
4 370 374 (-814.929077 -1694.430054 256 ) (-814.929077 -1169.570068 256 ) (-577.070984 -1169.570068 256 ) (-577.070984 -1694.430054 256 ) 
4 372 373 (-256 -1792 256 ) (-256 -1792 248 ) (-224 -1792 248 ) (-224 -1792 256 ) 
5 375 397 (-1208 410.666534 -68 ) (-1208 528 -68 ) (-1024 528 -68 ) (-1024 304 -68 ) (-1176 304 -68 ) 
4 375 376 (-1208 410.665344 512 ) (-1208 410.665344 -68 ) (-1188 344 -68 ) (-1188 344 512 ) 
4 375 377 (-1176 304 -68 ) (-1024 304 -68 ) (-1024 304 512 ) (-1176 304 512 ) 
4 375 378 (-1208 528 512 ) (-1208 528 -68 ) (-1208 410.666534 -68 ) (-1208 410.666534 512 ) 
3 376 397 (-1208 376 -68 ) (-1208 410.666534 -68 ) (-1188 344 -68 ) 
4 376 378 (-1208 410.666534 -68 ) (-1208 376 -68 ) (-1208 376 512 ) (-1208 410.666534 512 ) 
4 377 410 (-1176 208 -68 ) (-1163 208 -68 ) (-1163 208 58 ) (-1176 208 58 ) 
4 377 409 (-1163 208 -68 ) (-1024 208 -68 ) (-1024 208 58 ) (-1163 208 58 ) 
4 377 399 (-1163 208 512 ) (-1176 208 512 ) (-1176 208 58 ) (-1163 208 58 ) 
4 377 398 (-1024 208 58 ) (-1024 208 512 ) (-1163 208 512 ) (-1163 208 58 ) 
4 377 397 (-1024 208 -68 ) (-1208 208 -68 ) (-1208 304 -68 ) (-1024 304 -68 ) 
4 377 378 (-1208 304 -68 ) (-1208 208 -68 ) (-1208 208 512 ) (-1208 304 512 ) 
4 378 411 (-1416 208 -68 ) (-1208 208 -68 ) (-1208 208 58 ) (-1416 208 58 ) 
4 378 400 (-1208 208 58 ) (-1208 208 512 ) (-1416 208 512 ) (-1416 208 58 ) 
4 378 397 (-1208 208 -68 ) (-1416 208 -68 ) (-1416 528 -68 ) (-1208 528 -68 ) 
4 378 393 (-1416 528 -50 ) (-1416 528 -68 ) (-1416 456 -68 ) (-1416 456 -50 ) 
4 378 396 (-1416 456 -68 ) (-1416 208 -68 ) (-1416 208 -50 ) (-1416 456 -50 ) 
4 378 390 (-1416 460 -50 ) (-1416 456 -50 ) (-1416 456 58 ) (-1416 460 58 ) 
4 378 392 (-1416 456 -50 ) (-1416 208 -50 ) (-1416 208 58 ) (-1416 456 58 ) 
4 378 387 (-1416 528 58 ) (-1416 528 -50 ) (-1416 460 -50 ) (-1416 460 58 ) 
4 378 383 (-1416 528 62 ) (-1416 528 58 ) (-1416 456 58 ) (-1416 456 62 ) 
4 378 385 (-1416 456 58 ) (-1416 208 58 ) (-1416 208 62 ) (-1416 456 62 ) 
4 378 380 (-1416 528 186 ) (-1416 528 154 ) (-1416 488 154 ) (-1416 488 186 ) 
4 378 379 (-1416 528 512 ) (-1416 528 186 ) (-1416 368 186 ) (-1416 368 512 ) 
4 378 381 (-1416 528 154 ) (-1416 528 62 ) (-1416 368 62 ) (-1416 368 154 ) 
4 378 382 (-1416 368 62 ) (-1416 208 62 ) (-1416 208 512 ) (-1416 368 512 ) 
4 379 380 (-1608 488 186 ) (-1608 528 186 ) (-1416 528 186 ) (-1416 488 186 ) 
4 379 386 (-1608 528 512 ) (-1608 528 186 ) (-1608 368 186 ) (-1608 368 512 ) 
4 379 382 (-1608 368 512 ) (-1608 368 186 ) (-1416 368 186 ) (-1416 368 512 ) 
4 380 386 (-1608 528 186 ) (-1608 528 154 ) (-1608 488 154 ) (-1608 488 186 ) 
4 380 381 (-1608 488 154 ) (-1608 528 154 ) (-1416 528 154 ) (-1416 488 154 ) 
4 381 383 (-1476 528 62 ) (-1416 528 62 ) (-1416 456 62 ) (-1476 456 62 ) 
4 381 384 (-1608 456 62 ) (-1608 528 62 ) (-1548 528 62 ) (-1548 456 62 ) 
4 381 385 (-1608 368 62 ) (-1608 456 62 ) (-1416 456 62 ) (-1416 368 62 ) 
4 381 382 (-1608 368 154 ) (-1608 368 62 ) (-1416 368 62 ) (-1416 368 154 ) 
4 381 386 (-1608 528 154 ) (-1608 528 62 ) (-1608 368 62 ) (-1608 368 154 ) 
4 382 401 (-1416 208 62 ) (-1416 208 512 ) (-1608 208 512 ) (-1608 208 62 ) 
4 382 385 (-1608 208 62 ) (-1608 368 62 ) (-1416 368 62 ) (-1416 208 62 ) 
4 382 386 (-1608 368 62 ) (-1608 208 62 ) (-1608 208 512 ) (-1608 368 512 ) 
4 383 390 (-1416 460 58 ) (-1416 456 58 ) (-1476 456 58 ) (-1476 460 58 ) 
4 383 387 (-1476 528 58 ) (-1416 528 58 ) (-1416 460 58 ) (-1476 460 58 ) 
4 383 385 (-1416 456 62 ) (-1476 456 62 ) (-1476 456 58 ) (-1416 456 58 ) 
4 384 391 (-1548 460 58 ) (-1548 456 58 ) (-1608 456 58 ) (-1608 460 58 ) 
4 384 389 (-1608 528 58 ) (-1548 528 58 ) (-1548 460 58 ) (-1608 460 58 ) 
4 384 385 (-1548 456 62 ) (-1608 456 62 ) (-1608 456 58 ) (-1548 456 58 ) 
4 384 386 (-1608 528 62 ) (-1608 528 58 ) (-1608 456 58 ) (-1608 456 62 ) 
4 385 405 (-1608 208 58 ) (-1416 208 58 ) (-1416 208 62 ) (-1608 208 62 ) 
4 385 392 (-1416 456 58 ) (-1416 208 58 ) (-1608 208 58 ) (-1608 456 58 ) 
4 385 386 (-1608 456 58 ) (-1608 208 58 ) (-1608 208 62 ) (-1608 456 62 ) 
4 386 408 (-1872 208 512 ) (-1872 208 58 ) (-1608 208 58 ) (-1608 208 512 ) 
4 386 391 (-1608 460 58 ) (-1608 456 58 ) (-1872 456 58 ) (-1872 460 58 ) 
4 386 392 (-1608 456 58 ) (-1608 208 58 ) (-1872 208 58 ) (-1872 456 58 ) 
4 386 389 (-1872 528 58 ) (-1608 528 58 ) (-1608 460 58 ) (-1872 460 58 ) 
4 387 393 (-1476 528 -50 ) (-1416 528 -50 ) (-1416 460 -50 ) (-1476 460 -50 ) 
4 387 390 (-1476 460 -50 ) (-1416 460 -50 ) (-1416 460 58 ) (-1476 460 58 ) 
4 389 395 (-1872 528 -50 ) (-1548 528 -50 ) (-1548 460 -50 ) (-1872 460 -50 ) 
4 389 391 (-1872 460 -50 ) (-1548 460 -50 ) (-1548 460 58 ) (-1872 460 58 ) 
4 390 393 (-1416 460 -50 ) (-1416 456 -50 ) (-1476 456 -50 ) (-1476 460 -50 ) 
4 390 392 (-1476 456 -50 ) (-1416 456 -50 ) (-1416 456 58 ) (-1476 456 58 ) 
4 391 395 (-1548 456 -50 ) (-1872 456 -50 ) (-1872 460 -50 ) (-1548 460 -50 ) 
4 391 392 (-1872 456 -50 ) (-1548 456 -50 ) (-1548 456 58 ) (-1872 456 58 ) 
4 392 413 (-1872 208 58 ) (-1872 208 -50 ) (-1476 208 -50 ) (-1476 208 58 ) 
4 392 411 (-1476 208 -50 ) (-1416 208 -50 ) (-1416 208 58 ) (-1476 208 58 ) 
4 392 396 (-1416 456 -50 ) (-1416 208 -50 ) (-1872 208 -50 ) (-1872 456 -50 ) 
4 393 397 (-1476 528 -68 ) (-1416 528 -68 ) (-1416 456 -68 ) (-1476 456 -68 ) 
4 393 394 (-1476 528 -68 ) (-1476 456 -68 ) (-1476 456 -54 ) (-1476 528 -54 ) 
4 393 396 (-1476 456 -68 ) (-1416 456 -68 ) (-1416 456 -50 ) (-1476 456 -50 ) 
4 394 397 (-1548 528 -68 ) (-1476 528 -68 ) (-1476 456 -68 ) (-1548 456 -68 ) 
4 394 396 (-1548 456 -68 ) (-1476 456 -68 ) (-1476 456 -54 ) (-1548 456 -54 ) 
4 394 395 (-1548 528 -68 ) (-1548 456 -68 ) (-1548 456 -54 ) (-1548 528 -54 ) 
4 395 397 (-1872 456 -68 ) (-1872 528 -68 ) (-1548 528 -68 ) (-1548 456 -68 ) 
4 395 396 (-1872 456 -68 ) (-1548 456 -68 ) (-1548 456 -50 ) (-1872 456 -50 ) 
4 396 419 (-1872 208 -54 ) (-1872 208 -68 ) (-1476 208 -68 ) (-1476 208 -54 ) 
4 396 417 (-1872 208 -50 ) (-1872 208 -54 ) (-1476 208 -54 ) (-1476 208 -50 ) 
4 396 411 (-1476 208 -68 ) (-1416 208 -68 ) (-1416 208 -50 ) (-1476 208 -50 ) 
4 396 397 (-1416 208 -68 ) (-1872 208 -68 ) (-1872 456 -68 ) (-1416 456 -68 ) 
4 397 419 (-1872 208 -68 ) (-1872 208 -256 ) (-1476 208 -256 ) (-1476 208 -68 ) 
4 397 412 (-1476 208 -256 ) (-1024 208 -256 ) (-1024 208 -68 ) (-1476 208 -68 ) 
4 398 422 (-1024 0 58 ) (-1024 0 116 ) (-1208 0 116 ) (-1208 0 58 ) 
4 398 421 (-1024 0 116 ) (-1024 0 512 ) (-1208 0 512 ) (-1208 0 116 ) 
5 398 409 (-1024 0 58 ) (-1208 0 58 ) (-1208 136 58 ) (-1163 208 58 ) (-1024 208 58 ) 
4 398 399 (-1163 208 512 ) (-1163 208 58 ) (-1188 168 58 ) (-1188 168 512 ) 
4 398 400 (-1208 136 58 ) (-1208 0 58 ) (-1208 0 512 ) (-1208 136 512 ) 
3 399 410 (-1176 208 58 ) (-1163 208 58 ) (-1188 168 58 ) 
4 400 422 (-1416 0 116 ) (-1416 0 58 ) (-1208 0 58 ) (-1208 0 116 ) 
4 400 421 (-1208 0 512 ) (-1416 0 512 ) (-1416 0 116 ) (-1208 0 116 ) 
4 400 411 (-1208 0 58 ) (-1416 0 58 ) (-1416 208 58 ) (-1208 208 58 ) 
4 400 406 (-1416 56 58 ) (-1416 0 58 ) (-1416 0 62 ) (-1416 56 62 ) 
4 400 405 (-1416 208 62 ) (-1416 208 58 ) (-1416 56 58 ) (-1416 56 62 ) 
4 400 403 (-1416 0 154 ) (-1416 0 186 ) (-1416 24 186 ) (-1416 24 154 ) 
4 400 402 (-1416 0 186 ) (-1416 0 512 ) (-1416 144 512 ) (-1416 144 186 ) 
4 400 404 (-1416 144 62 ) (-1416 0 62 ) (-1416 0 154 ) (-1416 144 154 ) 
4 400 401 (-1416 208 512 ) (-1416 208 62 ) (-1416 144 62 ) (-1416 144 512 ) 
4 401 405 (-1608 144 62 ) (-1608 208 62 ) (-1416 208 62 ) (-1416 144 62 ) 
4 401 402 (-1608 144 512 ) (-1608 144 186 ) (-1416 144 186 ) (-1416 144 512 ) 
4 401 404 (-1608 144 154 ) (-1608 144 62 ) (-1416 144 62 ) (-1416 144 154 ) 
4 401 408 (-1608 208 512 ) (-1608 208 62 ) (-1608 144 62 ) (-1608 144 512 ) 
4 402 421 (-1416 0 512 ) (-1608 0 512 ) (-1608 0 186 ) (-1416 0 186 ) 
4 402 403 (-1608 0 186 ) (-1608 24 186 ) (-1416 24 186 ) (-1416 0 186 ) 
4 402 408 (-1608 0 186 ) (-1608 0 512 ) (-1608 144 512 ) (-1608 144 186 ) 
4 403 421 (-1608 0 186 ) (-1608 0 154 ) (-1416 0 154 ) (-1416 0 186 ) 
4 403 408 (-1608 0 154 ) (-1608 0 186 ) (-1608 24 186 ) (-1608 24 154 ) 
4 403 404 (-1608 0 154 ) (-1608 24 154 ) (-1416 24 154 ) (-1416 0 154 ) 
4 404 423 (-1548 0 62 ) (-1476 0 62 ) (-1476 0 116 ) (-1548 0 116 ) 
4 404 424 (-1608 0 116 ) (-1608 0 62 ) (-1548 0 62 ) (-1548 0 116 ) 
4 404 422 (-1476 0 62 ) (-1416 0 62 ) (-1416 0 116 ) (-1476 0 116 ) 
4 404 421 (-1608 0 154 ) (-1608 0 116 ) (-1416 0 116 ) (-1416 0 154 ) 
4 404 407 (-1608 0 62 ) (-1608 56 62 ) (-1548 56 62 ) (-1548 0 62 ) 
4 404 406 (-1476 56 62 ) (-1416 56 62 ) (-1416 0 62 ) (-1476 0 62 ) 
4 404 405 (-1608 56 62 ) (-1608 144 62 ) (-1416 144 62 ) (-1416 56 62 ) 
4 404 408 (-1608 144 62 ) (-1608 0 62 ) (-1608 0 154 ) (-1608 144 154 ) 
4 405 413 (-1608 56 58 ) (-1608 208 58 ) (-1476 208 58 ) (-1476 56 58 ) 
4 405 411 (-1476 208 58 ) (-1416 208 58 ) (-1416 56 58 ) (-1476 56 58 ) 
4 405 407 (-1548 56 62 ) (-1608 56 62 ) (-1608 56 58 ) (-1548 56 58 ) 
4 405 406 (-1416 56 58 ) (-1416 56 62 ) (-1476 56 62 ) (-1476 56 58 ) 
4 405 408 (-1608 208 62 ) (-1608 208 58 ) (-1608 56 58 ) (-1608 56 62 ) 
4 406 422 (-1476 0 58 ) (-1416 0 58 ) (-1416 0 62 ) (-1476 0 62 ) 
4 406 411 (-1416 0 58 ) (-1476 0 58 ) (-1476 56 58 ) (-1416 56 58 ) 
4 407 424 (-1608 0 62 ) (-1608 0 58 ) (-1548 0 58 ) (-1548 0 62 ) 
4 407 416 (-1548 0 58 ) (-1608 0 58 ) (-1608 52 58 ) (-1548 52 58 ) 
4 407 414 (-1608 52 58 ) (-1608 56 58 ) (-1548 56 58 ) (-1548 52 58 ) 
4 407 408 (-1608 56 58 ) (-1608 0 58 ) (-1608 0 62 ) (-1608 56 62 ) 
4 408 424 (-1872 0 116 ) (-1872 0 58 ) (-1608 0 58 ) (-1608 0 116 ) 
4 408 421 (-1608 0 512 ) (-1872 0 512 ) (-1872 0 116 ) (-1608 0 116 ) 
4 408 416 (-1608 0 58 ) (-1872 0 58 ) (-1872 52 58 ) (-1608 52 58 ) 
4 408 414 (-1872 52 58 ) (-1872 56 58 ) (-1608 56 58 ) (-1608 52 58 ) 
4 408 413 (-1872 56 58 ) (-1872 208 58 ) (-1608 208 58 ) (-1608 56 58 ) 
4 409 428 (-1024 0 -68 ) (-1024 0 -50 ) (-1208 0 -50 ) (-1208 0 -68 ) 
4 409 425 (-1024 0 -50 ) (-1024 0 58 ) (-1208 0 58 ) (-1208 0 -50 ) 
5 409 412 (-1024 0 -68 ) (-1208 0 -68 ) (-1208 136 -68 ) (-1163 208 -68 ) (-1024 208 -68 ) 
4 409 410 (-1163 208 -68 ) (-1188 168 -68 ) (-1188 168 58 ) (-1163 208 58 ) 
4 409 411 (-1208 136 -68 ) (-1208 0 -68 ) (-1208 0 58 ) (-1208 136 58 ) 
3 410 412 (-1176 208 -68 ) (-1163 208 -68 ) (-1188 168 -68 ) 
4 411 428 (-1476 0 -50 ) (-1476 0 -68 ) (-1208 0 -68 ) (-1208 0 -50 ) 
4 411 425 (-1208 0 58 ) (-1476 0 58 ) (-1476 0 -50 ) (-1208 0 -50 ) 
4 411 419 (-1476 208 -54 ) (-1476 208 -68 ) (-1476 0 -68 ) (-1476 0 -54 ) 
4 411 417 (-1476 208 -50 ) (-1476 208 -54 ) (-1476 56 -54 ) (-1476 56 -50 ) 
4 411 413 (-1476 56 58 ) (-1476 208 58 ) (-1476 208 -50 ) (-1476 56 -50 ) 
4 411 412 (-1208 0 -68 ) (-1476 0 -68 ) (-1476 208 -68 ) (-1208 208 -68 ) 
4 412 428 (-1024 0 -256 ) (-1024 0 -68 ) (-1476 0 -68 ) (-1476 0 -256 ) 
4 412 419 (-1476 208 -68 ) (-1476 208 -256 ) (-1476 0 -256 ) (-1476 0 -68 ) 
4 413 417 (-1872 56 -50 ) (-1872 208 -50 ) (-1476 208 -50 ) (-1476 56 -50 ) 
4 413 414 (-1872 56 -50 ) (-1548 56 -50 ) (-1548 56 58 ) (-1872 56 58 ) 
4 414 418 (-1872 52 -50 ) (-1872 56 -50 ) (-1548 56 -50 ) (-1548 52 -50 ) 
4 414 416 (-1872 52 -50 ) (-1548 52 -50 ) (-1548 52 58 ) (-1872 52 58 ) 
4 415 426 (-1480 0 58 ) (-1544 0 58 ) (-1544 0 -50 ) (-1480 0 -50 ) 
4 416 427 (-1548 0 58 ) (-1872 0 58 ) (-1872 0 -50 ) (-1548 0 -50 ) 
4 416 418 (-1872 0 -50 ) (-1872 52 -50 ) (-1548 52 -50 ) (-1548 0 -50 ) 
4 417 419 (-1872 56 -54 ) (-1872 208 -54 ) (-1476 208 -54 ) (-1476 56 -54 ) 
4 417 418 (-1872 56 -54 ) (-1548 56 -54 ) (-1548 56 -50 ) (-1872 56 -50 ) 
4 418 430 (-1548 0 -50 ) (-1872 0 -50 ) (-1872 0 -54 ) (-1548 0 -54 ) 
4 418 419 (-1872 0 -54 ) (-1872 56 -54 ) (-1548 56 -54 ) (-1548 0 -54 ) 
4 419 429 (-1476 0 -256 ) (-1476 0 -54 ) (-1548 0 -54 ) (-1548 0 -256 ) 
4 419 430 (-1548 0 -54 ) (-1872 0 -54 ) (-1872 0 -256 ) (-1548 0 -256 ) 
4 421 423 (-1476 -16 116 ) (-1548 -16 116 ) (-1548 0 116 ) (-1476 0 116 ) 
4 421 424 (-1548 -16 116 ) (-1872 -16 116 ) (-1872 0 116 ) (-1548 0 116 ) 
4 421 422 (-1024 -16 116 ) (-1476 -16 116 ) (-1476 0 116 ) (-1024 0 116 ) 
4 422 425 (-1024 -16 58 ) (-1476 -16 58 ) (-1476 0 58 ) (-1024 0 58 ) 
4 422 423 (-1476 -16 62 ) (-1476 -16 116 ) (-1476 0 116 ) (-1476 0 62 ) 
4 423 424 (-1548 -16 62 ) (-1548 -16 116 ) (-1548 0 116 ) (-1548 0 62 ) 
4 424 427 (-1548 -16 58 ) (-1872 -16 58 ) (-1872 0 58 ) (-1548 0 58 ) 
4 425 428 (-1024 -16 -50 ) (-1476 -16 -50 ) (-1476 0 -50 ) (-1024 0 -50 ) 
4 427 430 (-1548 -16 -50 ) (-1872 -16 -50 ) (-1872 0 -50 ) (-1548 0 -50 ) 
4 428 429 (-1476 0 -256 ) (-1476 -16 -256 ) (-1476 -16 -54 ) (-1476 0 -54 ) 
4 429 430 (-1548 0 -256 ) (-1548 -16 -256 ) (-1548 -16 -54 ) (-1548 0 -54 ) 
