


materialPath: C:\Program Files (x86)\Steam\steamapps\common\Portal 2\portal2\materials
Loading C:\Program Files (x86)\Steam\steamapps\common\Portal 2\sdk_content\maps\WIP\Chapter 4\mp_coop_a2_column_blocker.vmf
ConVarRef gpu_level doesn't point to an existing ConVar
fixing up env_cubemap materials on brush sides...
0...1...2...3...4...5...6...7...8...9...100...1...2...3...4...5...6...7...8...9...10Processing areas...done (0)
Building Faces...done (0)
Chop Details...done (0)
Find Visible Detail Sides...
Merged 560 detail faces...done (0)
Merging details...done (0)
FixTjuncs...
PruneNodes...
WriteBSP...
done (0)
writing C:\Program Files (x86)\Steam\steamapps\common\Portal 2\sdk_content\maps\WIP\Chapter 4\mp_coop_a2_column_blocker.prt...Building visibility clusters...
done (0)
Finding displacement neighbors...
Finding lightmap sample positions...
Displacement Alpha : 0...1...2...3...4...5...6...7...8...9...10
Building Physics collision data...
done (0) (574179 bytes)
Encountered obsolete static prop option to do its fade in screen space @ -240.00 640.00 512.00
Encountered obsolete static prop option to do its fade in screen space @ 880.00 -192.00 512.00
Encountered obsolete static prop option to do its fade in screen space @ 400.00 1344.00 384.00
Encountered obsolete static prop option to do its fade in screen space @ 848.00 -192.00 512.00
Encountered obsolete static prop option to do its fade in screen space @ -368.00 256.00 512.00
Encountered obsolete static prop option to do its fade in screen space @ -368.00 -512.00 512.00
Encountered obsolete static prop option to do its fade in screen space @ 912.00 -192.00 512.00
Encountered obsolete static prop option to do its fade in screen space @ -368.00 384.00 512.00
Encountered obsolete static prop option to do its fade in screen space @ -368.00 0.00 512.00
Encountered obsolete static prop option to do its fade in screen space @ -368.00 128.00 512.00
Encountered obsolete static prop option to do its fade in screen space @ 496.00 1344.00 384.00
Encountered obsolete static prop option to do its fade in screen space @ 464.00 1344.00 384.00
Encountered obsolete static prop option to do its fade in screen space @ 576.00 1264.00 384.00
Encountered obsolete static prop option to do its fade in screen space @ 448.00 1264.00 384.00
Encountered obsolete static prop option to do its fade in screen space @ -208.00 1152.00 512.00
Encountered obsolete static prop option to do its fade in screen space @ -368.00 1024.00 512.00
Encountered obsolete static prop option to do its fade in screen space @ 944.00 -192.00 512.00
Encountered obsolete static prop option to do its fade in screen space @ -368.00 1152.00 512.00
Encountered obsolete static prop option to do its fade in screen space @ -144.00 1152.00 512.00
Encountered obsolete static prop option to do its fade in screen space @ -368.00 512.00 512.00
Encountered obsolete static prop option to do its fade in screen space @ -752.00 256.00 0.00
Encountered obsolete static prop option to do its fade in screen space @ -368.00 640.00 512.00
Encountered obsolete static prop option to do its fade in screen space @ 320.00 1264.00 384.00
Encountered obsolete static prop option to do its fade in screen space @ -176.00 1152.00 512.00
Encountered obsolete static prop option to do its fade in screen space @ -368.00 896.00 512.00
Encountered obsolete static prop option to do its fade in screen space @ -368.00 -256.00 512.00
Encountered obsolete static prop option to do its fade in screen space @ -208.00 640.00 512.00
Encountered obsolete static prop option to do its fade in screen space @ -368.00 -128.00 512.00
Encountered obsolete static prop option to do its fade in screen space @ -368.00 768.00 512.00
Encountered obsolete static prop option to do its fade in screen space @ 704.00 1264.00 384.00
Encountered obsolete static prop option to do its fade in screen space @ -240.00 1152.00 512.00
Encountered obsolete static prop option to do its fade in screen space @ -144.00 640.00 512.00
Encountered obsolete static prop option to do its fade in screen space @ -368.00 -384.00 512.00
Encountered obsolete static prop option to do its fade in screen space @ 432.00 1344.00 384.00
Encountered obsolete static prop option to do its fade in screen space @ -176.00 640.00 512.00
Encountered obsolete static prop option to do its fade in screen space @ -64.00 -1264.00 448.00
Encountered obsolete static prop option to do its fade in screen space @ -64.00 -1296.00 448.00
Encountered obsolete static prop option to do its fade in screen space @ -944.00 256.00 192.25
Encountered obsolete static prop option to do its fade in screen space @ -912.00 256.00 192.25
Placing detail props : 0...1...2...3...4...5...6...7...8...9...10
Compacting texture/material tables...
Reduced 2039 texinfos to 1009
Reduced 116 texdatas to 105 (4310 bytes to 3876)
Writing C:\Program Files (x86)\Steam\steamapps\common\Portal 2\sdk_content\maps\WIP\Chapter 4\mp_coop_a2_column_blocker.bsp

nummapplanes:     (  4418 / 65536 )
nummapbrushes:    (  1555 /  8192 )
nummapbrushsides: ( 10796 / 65536 )
num_map_overlays: (    38 /   512 )
nummodels:        (   127 /  1024 )
num_entities:     (   501 / 16384 )

1 second elapsed



24 threads
reading c:\program files (x86)\steam\steamapps\common\portal 2\sdk_content\maps\wip\chapter 4\mp_coop_a2_column_blocker.bsp
reading c:\program files (x86)\steam\steamapps\common\portal 2\sdk_content\maps\wip\chapter 4\mp_coop_a2_column_blocker.prt
 431 portalclusters
1112 numportals
0...1...2...3...4...5...6...7...8...9...10Optimized: 1533 visible clusters (0.00%)
Total clusters visible: 125262
Average clusters visible: 290
Building PAS...
Average clusters audible: 336
visdatasize:46550  compressed from 48272
writing c:\program files (x86)\steam\steamapps\common\portal 2\sdk_content\maps\wip\chapter 4\mp_coop_a2_column_blocker.bsp
0 seconds elapsed



Could not find lights.rad in lights.rad.
Trying VRAD BIN directory instead...
Warning: Couldn't open texlight file C:\Program Files (x86)\Steam\steamapps\common\Portal 2\bin\lights.rad.
Loading c:\program files (x86)\steam\steamapps\common\portal 2\sdk_content\maps\wip\chapter 4\mp_coop_a2_column_blocker.bsp
2692 faces
410630 square feet [59130752.00 square inches]
0 Displacements
0 Square Feet [0.00 Square Inches]
2692 patches before subdivision
40864 patches after subdivision
30 direct lights
0...1...2...3...4...5...6...7...8...9...100...1...2...3...4...5...6...7...8...9...10transfers 7598921, max 846
transfer lists:  58.0 megs
0...1...2...3...4...5...6...7...8...9...10	Bounce #1 added RGB(40686, 49056, 53195)
0...1...2...3...4...5...6...7...8...9...10	Bounce #2 added RGB(19897, 23867, 25340)
0...1...2...3...4...5...6...7...8...9...10	Bounce #3 added RGB(9405, 11264, 11761)
0...1...2...3...4...5...6...7...8...9...10	Bounce #4 added RGB(4673, 5577, 5743)
0...1...2...3...4...5...6...7...8...9...10	Bounce #5 added RGB(2284, 2722, 2771)
0...1...2...3...4...5...6...7...8...9...10	Bounce #6 added RGB(1141, 1356, 1366)
0...1...2...3...4...5...6...7...8...9...10	Bounce #7 added RGB(568, 673, 673)
0...1...2...3...4...5...6...7...8...9...10	Bounce #8 added RGB(285, 338, 335)
0...1...2...3...4...5...6...7...8...9...10	Bounce #9 added RGB(143, 169, 167)
0...1...2...3...4...5...6...7...8...9...10	Bounce #10 added RGB(72, 85, 83)
0...1...2...3...4...5...6...7...8...9...10	Bounce #11 added RGB(37, 43, 42)
0...1...2...3...4...5...6...7...8...9...10	Bounce #12 added RGB(19, 22, 21)
0...1...2...3...4...5...6...7...8...9...10	Bounce #13 added RGB(9, 11, 11)
0...1...2...3...4...5...6...7...8...9...10	Bounce #14 added RGB(5, 6, 5)
0...1...2...3...4...5...6...7...8...9...10	Bounce #15 added RGB(2, 3, 3)
0...1...2...3...4...5...6...7...8...9...10	Bounce #16 added RGB(1, 1, 1)
0...1...2...3...4...5...6...7...8...9...10	Bounce #17 added RGB(1, 1, 1)
Build Patch/Sample Hash Table(s).....Done<0.0061 sec>
0...1...2...3...4...5...6...7...8...9...10FinalLightFace Done
0 of 0 (0% of) surface lights went in leaf ambient cubes.
0...1...2...3...4...5...6...7...8...9...10Writing leaf ambient...done
Ready to Finish

Object names       Objects/Maxobjs  Memory / Maxmem  Fullness 
------------       ---------------  ---------------  -------- 
models                 127/1024         6096/49152    (12.4%) 
brushes               1555/8192        18660/98304    (19.0%) 
brushsides           10801/65536       86408/524288   (16.5%) 
planes                4418/65536       88360/1310720  ( 6.7%) 
vertexes              6494/65536       77928/786432   ( 9.9%) 
nodes                 2217/65536       70944/2097152  ( 3.4%) 
texinfos              1009/12288       72648/884736   ( 8.2%) 
texdata                105/2048         3360/65536    ( 5.1%) 
dispinfos                0/0               0/0        ( 0.0%) 
disp_verts               0/0               0/0        ( 0.0%) 
disp_tris                0/0               0/0        ( 0.0%) 
disp_multiblend          0/0               0/0        ( 0.0%) 
disp_lmsamples           0/0               0/0        ( 0.0%) 
faces                 2692/65536      150752/3670016  ( 4.1%) 
hdr faces                0/65536           0/3670016  ( 0.0%) 
origfaces             2102/65536      117712/3670016  ( 3.2%) 
facebrushes            445/0             890/0        ( 0.0%) 
facebrushlists        2692/0           10768/0        ( 0.0%) 
leaves                2345/65536       75040/2097152  ( 3.6%) 
leaffaces             3450/65536        6900/131072   ( 5.3%) 
leafbrushes           2774/65536        5548/131072   ( 4.2%) 
areas                   14/256           112/2048     ( 5.5%) 
surfedges            21029/512000      84116/2048000  ( 4.1%) 
edges                13202/256000      52808/1024000  ( 5.2%) 
LDR worldlights         30/8192         3000/819200   ( 0.4%) 
HDR worldlights          0/8192            0/819200   ( 0.0%) 
leafwaterdata            1/32768          12/393216   ( 0.0%) 
waterstrips            273/32768        2730/327680   ( 0.8%) 
waterverts               0/65536           0/786432   ( 0.0%) 
waterindices          4662/65536        9324/131072   ( 7.1%) 
cubemapsamples          19/1024          304/16384    ( 1.9%) 
overlays                38/512         13376/180224   ( 7.4%) 
LDR lightdata         [variable]     2870284/0        ( 0.0%) 
HDR lightdata         [variable]           0/0        ( 0.0%) 
visdata               [variable]       46550/16777216 ( 0.3%) 
entdata               [variable]      162180/393216   (41.2%) 
LDR ambient table     2345/65536        9380/262144   ( 3.6%) 
HDR ambient table     2345/65536        9380/262144   ( 3.6%) 
LDR leaf ambient      6962/65536      194936/1835008  (10.6%) 
HDR leaf ambient      2345/65536       65660/1835008  ( 3.6%) 
occluders                0/0               0/0        ( 0.0%) 
occluder polygons        0/0               0/0        ( 0.0%) 
occluder vert ind        0/0               0/0        ( 0.0%) 
detail props          [variable]           1/12       ( 8.3%) 
static props          [variable]           1/21698    ( 0.0%) 
pakfile               [variable]     1499147/0        ( 0.0%) 
physics               [variable]      574179/4194304  (13.7%) 
physics terrain       [variable]           2/1048576  ( 0.0%) 

Level flags = 0

Total triangle count: 7257
Writing c:\program files (x86)\steam\steamapps\common\portal 2\sdk_content\maps\wip\chapter 4\mp_coop_a2_column_blocker.bsp
7 seconds elapsed



materialPath: C:\Program Files (x86)\Steam\steamapps\common\Portal 2\portal2\materials
Loading C:\Program Files (x86)\Steam\steamapps\common\Portal 2\sdk_content\maps\WIP\Chapter 4\mp_coop_a2_column_blocker.vmf
ConVarRef gpu_level doesn't point to an existing ConVar
fixing up env_cubemap materials on brush sides...
0...1...2...3...4...5...6...7...8...9...100...1...2...3...4...5...6...7...8...9...10Processing areas...done (0)
Building Faces...done (0)
Chop Details...done (0)
Find Visible Detail Sides...
Merged 560 detail faces...done (0)
Merging details...done (0)
FixTjuncs...
PruneNodes...
WriteBSP...
done (0)
writing C:\Program Files (x86)\Steam\steamapps\common\Portal 2\sdk_content\maps\WIP\Chapter 4\mp_coop_a2_column_blocker.prt...Building visibility clusters...
done (0)
Finding displacement neighbors...
Finding lightmap sample positions...
Displacement Alpha : 0...1...2...3...4...5...6...7...8...9...10
Building Physics collision data...
done (0) (574179 bytes)
Encountered obsolete static prop option to do its fade in screen space @ -240.00 640.00 512.00
Encountered obsolete static prop option to do its fade in screen space @ 880.00 -192.00 512.00
Encountered obsolete static prop option to do its fade in screen space @ 400.00 1344.00 384.00
Encountered obsolete static prop option to do its fade in screen space @ 848.00 -192.00 512.00
Encountered obsolete static prop option to do its fade in screen space @ -368.00 256.00 512.00
Encountered obsolete static prop option to do its fade in screen space @ -368.00 -512.00 512.00
Encountered obsolete static prop option to do its fade in screen space @ 912.00 -192.00 512.00
Encountered obsolete static prop option to do its fade in screen space @ -368.00 384.00 512.00
Encountered obsolete static prop option to do its fade in screen space @ -368.00 0.00 512.00
Encountered obsolete static prop option to do its fade in screen space @ -368.00 128.00 512.00
Encountered obsolete static prop option to do its fade in screen space @ 496.00 1344.00 384.00
Encountered obsolete static prop option to do its fade in screen space @ 464.00 1344.00 384.00
Encountered obsolete static prop option to do its fade in screen space @ 576.00 1264.00 384.00
Encountered obsolete static prop option to do its fade in screen space @ 448.00 1264.00 384.00
Encountered obsolete static prop option to do its fade in screen space @ -208.00 1152.00 512.00
Encountered obsolete static prop option to do its fade in screen space @ -368.00 1024.00 512.00
Encountered obsolete static prop option to do its fade in screen space @ 944.00 -192.00 512.00
Encountered obsolete static prop option to do its fade in screen space @ -368.00 1152.00 512.00
Encountered obsolete static prop option to do its fade in screen space @ -144.00 1152.00 512.00
Encountered obsolete static prop option to do its fade in screen space @ -368.00 512.00 512.00
Encountered obsolete static prop option to do its fade in screen space @ -752.00 256.00 0.00
Encountered obsolete static prop option to do its fade in screen space @ -368.00 640.00 512.00
Encountered obsolete static prop option to do its fade in screen space @ 320.00 1264.00 384.00
Encountered obsolete static prop option to do its fade in screen space @ -176.00 1152.00 512.00
Encountered obsolete static prop option to do its fade in screen space @ -368.00 896.00 512.00
Encountered obsolete static prop option to do its fade in screen space @ -368.00 -256.00 512.00
Encountered obsolete static prop option to do its fade in screen space @ -208.00 640.00 512.00
Encountered obsolete static prop option to do its fade in screen space @ -368.00 -128.00 512.00
Encountered obsolete static prop option to do its fade in screen space @ -368.00 768.00 512.00
Encountered obsolete static prop option to do its fade in screen space @ 704.00 1264.00 384.00
Encountered obsolete static prop option to do its fade in screen space @ -240.00 1152.00 512.00
Encountered obsolete static prop option to do its fade in screen space @ -144.00 640.00 512.00
Encountered obsolete static prop option to do its fade in screen space @ -368.00 -384.00 512.00
Encountered obsolete static prop option to do its fade in screen space @ 432.00 1344.00 384.00
Encountered obsolete static prop option to do its fade in screen space @ -176.00 640.00 512.00
Encountered obsolete static prop option to do its fade in screen space @ -64.00 -1264.00 448.00
Encountered obsolete static prop option to do its fade in screen space @ -64.00 -1296.00 448.00
Encountered obsolete static prop option to do its fade in screen space @ -944.00 256.00 192.25
Encountered obsolete static prop option to do its fade in screen space @ -912.00 256.00 192.25
Placing detail props : 0...1...2...3...4...5...6...7...8...9...10
Compacting texture/material tables...
Reduced 2039 texinfos to 1009
Reduced 116 texdatas to 105 (4310 bytes to 3876)
Writing C:\Program Files (x86)\Steam\steamapps\common\Portal 2\sdk_content\maps\WIP\Chapter 4\mp_coop_a2_column_blocker.bsp

nummapplanes:     (  4418 / 65536 )
nummapbrushes:    (  1555 /  8192 )
nummapbrushsides: ( 10796 / 65536 )
num_map_overlays: (    38 /   512 )
nummodels:        (   127 /  1024 )
num_entities:     (   501 / 16384 )

1 second elapsed



24 threads
reading c:\program files (x86)\steam\steamapps\common\portal 2\sdk_content\maps\wip\chapter 4\mp_coop_a2_column_blocker.bsp
reading c:\program files (x86)\steam\steamapps\common\portal 2\sdk_content\maps\wip\chapter 4\mp_coop_a2_column_blocker.prt
 431 portalclusters
1112 numportals
0...1...2...3...4...5...6...7...8...9...10Optimized: 1533 visible clusters (0.00%)
Total clusters visible: 125262
Average clusters visible: 290
Building PAS...
Average clusters audible: 336
visdatasize:46550  compressed from 48272
writing c:\program files (x86)\steam\steamapps\common\portal 2\sdk_content\maps\wip\chapter 4\mp_coop_a2_column_blocker.bsp
0 seconds elapsed



[Reading texlights from 'lights.rad']
[59 texlights parsed from 'lights.rad']

Loading c:\program files (x86)\steam\steamapps\common\portal 2\sdk_content\maps\wip\chapter 4\mp_coop_a2_column_blocker.bsp
2692 faces
410630 square feet [59130752.00 square inches]
0 Displacements
0 Square Feet [0.00 Square Inches]
2692 patches before subdivision
40956 patches after subdivision
120 direct lights
0...1...2...3...4...5...6...7...8...9...100...1...2...3...4...5...6...7...8...9...10transfers 7618812, max 846
transfer lists:  58.1 megs
0...1...2...3...4...5...6...7...8...9...10	Bounce #1 added RGB(46984, 56095, 60408)
0...1...2...3...4...5...6...7...8...9...10	Bounce #2 added RGB(23271, 27520, 29021)
0...1...2...3...4...5...6...7...8...9...10	Bounce #3 added RGB(11016, 13004, 13500)
0...1...2...3...4...5...6...7...8...9...10	Bounce #4 added RGB(5507, 6466, 6622)
0...1...2...3...4...5...6...7...8...9...10	Bounce #5 added RGB(2696, 3158, 3198)
0...1...2...3...4...5...6...7...8...9...10	Bounce #6 added RGB(1351, 1576, 1581)
0...1...2...3...4...5...6...7...8...9...10	Bounce #7 added RGB(673, 784, 779)
0...1...2...3...4...5...6...7...8...9...10	Bounce #8 added RGB(339, 393, 388)
0...1...2...3...4...5...6...7...8...9...10	Bounce #9 added RGB(170, 197, 193)
0...1...2...3...4...5...6...7...8...9...10	Bounce #10 added RGB(86, 100, 97)
0...1...2...3...4...5...6...7...8...9...10	Bounce #11 added RGB(44, 50, 49)
0...1...2...3...4...5...6...7...8...9...10	Bounce #12 added RGB(22, 25, 24)
0...1...2...3...4...5...6...7...8...9...10	Bounce #13 added RGB(11, 13, 12)
0...1...2...3...4...5...6...7...8...9...10	Bounce #14 added RGB(6, 7, 6)
0...1...2...3...4...5...6...7...8...9...10	Bounce #15 added RGB(3, 3, 3)
0...1...2...3...4...5...6...7...8...9...10	Bounce #16 added RGB(1, 2, 2)
0...1...2...3...4...5...6...7...8...9...10	Bounce #17 added RGB(1, 1, 1)
Build Patch/Sample Hash Table(s).....Done<0.0059 sec>
0...1...2...3...4...5...6...7...8...9...10FinalLightFace Done
90 of 90 (100% of) surface lights went in leaf ambient cubes.
0...1...2...3...4...5...6...7...8...9...10Writing leaf ambient...done
Ready to Finish

Object names       Objects/Maxobjs  Memory / Maxmem  Fullness 
------------       ---------------  ---------------  -------- 
models                 127/1024         6096/49152    (12.4%) 
brushes               1555/8192        18660/98304    (19.0%) 
brushsides           10801/65536       86408/524288   (16.5%) 
planes                4418/65536       88360/1310720  ( 6.7%) 
vertexes              6494/65536       77928/786432   ( 9.9%) 
nodes                 2217/65536       70944/2097152  ( 3.4%) 
texinfos              1009/12288       72648/884736   ( 8.2%) 
texdata                105/2048         3360/65536    ( 5.1%) 
dispinfos                0/0               0/0        ( 0.0%) 
disp_verts               0/0               0/0        ( 0.0%) 
disp_tris                0/0               0/0        ( 0.0%) 
disp_multiblend          0/0               0/0        ( 0.0%) 
disp_lmsamples           0/0               0/0        ( 0.0%) 
faces                 2692/65536      150752/3670016  ( 4.1%) 
hdr faces                0/65536           0/3670016  ( 0.0%) 
origfaces             2102/65536      117712/3670016  ( 3.2%) 
facebrushes            445/0             890/0        ( 0.0%) 
facebrushlists        2692/0           10768/0        ( 0.0%) 
leaves                2345/65536       75040/2097152  ( 3.6%) 
leaffaces             3450/65536        6900/131072   ( 5.3%) 
leafbrushes           2774/65536        5548/131072   ( 4.2%) 
areas                   14/256           112/2048     ( 5.5%) 
surfedges            21029/512000      84116/2048000  ( 4.1%) 
edges                13202/256000      52808/1024000  ( 5.2%) 
LDR worldlights        120/8192        12000/819200   ( 1.5%) 
HDR worldlights          0/8192            0/819200   ( 0.0%) 
leafwaterdata            1/32768          12/393216   ( 0.0%) 
waterstrips            273/32768        2730/327680   ( 0.8%) 
waterverts               0/65536           0/786432   ( 0.0%) 
waterindices          4662/65536        9324/131072   ( 7.1%) 
cubemapsamples          19/1024          304/16384    ( 1.9%) 
overlays                38/512         13376/180224   ( 7.4%) 
LDR lightdata         [variable]     2870284/0        ( 0.0%) 
HDR lightdata         [variable]           0/0        ( 0.0%) 
visdata               [variable]       46550/16777216 ( 0.3%) 
entdata               [variable]      162183/393216   (41.2%) 
LDR ambient table     2345/65536        9380/262144   ( 3.6%) 
HDR ambient table     2345/65536        9380/262144   ( 3.6%) 
LDR leaf ambient      7108/65536      199024/1835008  (10.8%) 
HDR leaf ambient      2345/65536       65660/1835008  ( 3.6%) 
occluders                0/0               0/0        ( 0.0%) 
occluder polygons        0/0               0/0        ( 0.0%) 
occluder vert ind        0/0               0/0        ( 0.0%) 
detail props          [variable]           1/12       ( 8.3%) 
static props          [variable]           1/21698    ( 0.0%) 
pakfile               [variable]     1499147/0        ( 0.0%) 
physics               [variable]      574179/4194304  (13.7%) 
physics terrain       [variable]           2/1048576  ( 0.0%) 

Level flags = 0

Total triangle count: 7257
Writing c:\program files (x86)\steam\steamapps\common\portal 2\sdk_content\maps\wip\chapter 4\mp_coop_a2_column_blocker.bsp
11 seconds elapsed



[Reading texlights from 'lights.rad']
[59 texlights parsed from 'lights.rad']

Loading c:\program files (x86)\steam\steamapps\common\portal 2\sdk_content\maps\wip\chapter 4\mp_coop_a2_column_blocker.bsp
Loaded alpha texture materials\Metal\metalgrate018.vtf
Loaded alpha texture materials\Tools\toolsinvisible.vtf
2692 faces
410630 square feet [59130752.00 square inches]
0 Displacements
0 Square Feet [0.00 Square Inches]
2692 patches before subdivision
40956 patches after subdivision
120 direct lights
0...1...2...3...4...5...6...7...8...9...100...1...2...3...4...5...6...7...8...9...10transfers 7517976, max 836
transfer lists:  57.4 megs
0...1...2...3...4...5...6...7...8...9...10	Bounce #1 added RGB(47969, 56848, 60835)
0...1...2...3...4...5...6...7...8...9...10	Bounce #2 added RGB(23090, 27275, 28703)
0...1...2...3...4...5...6...7...8...9...10	Bounce #3 added RGB(10767, 12706, 13160)
0...1...2...3...4...5...6...7...8...9...10	Bounce #4 added RGB(5323, 6248, 6379)
0...1...2...3...4...5...6...7...8...9...10	Bounce #5 added RGB(2571, 3010, 3036)
0...1...2...3...4...5...6...7...8...9...10	Bounce #6 added RGB(1273, 1484, 1481)
0...1...2...3...4...5...6...7...8...9...10	Bounce #7 added RGB(625, 727, 719)
0...1...2...3...4...5...6...7...8...9...10	Bounce #8 added RGB(311, 360, 353)
0...1...2...3...4...5...6...7...8...9...10	Bounce #9 added RGB(154, 178, 174)
0...1...2...3...4...5...6...7...8...9...10	Bounce #10 added RGB(77, 89, 86)
0...1...2...3...4...5...6...7...8...9...10	Bounce #11 added RGB(38, 44, 42)
0...1...2...3...4...5...6...7...8...9...10	Bounce #12 added RGB(19, 22, 21)
0...1...2...3...4...5...6...7...8...9...10	Bounce #13 added RGB(10, 11, 10)
0...1...2...3...4...5...6...7...8...9...10	Bounce #14 added RGB(5, 6, 5)
0...1...2...3...4...5...6...7...8...9...10	Bounce #15 added RGB(2, 3, 3)
0...1...2...3...4...5...6...7...8...9...10	Bounce #16 added RGB(1, 1, 1)
0...1...2...3...4...5...6...7...8...9...10	Bounce #17 added RGB(1, 1, 1)
Build Patch/Sample Hash Table(s).....Done<0.0058 sec>
0...1...2...3...4...5...6...7...8...9...10FinalLightFace Done
90 of 90 (100% of) surface lights went in leaf ambient cubes.
0...1...2...3...4...5...6...7...8...9...10Writing leaf ambient...done
Computing static prop lighting : 00...1...2...3...4...5...6...7...8...9...10
Ready to Finish

Object names       Objects/Maxobjs  Memory / Maxmem  Fullness 
------------       ---------------  ---------------  -------- 
models                 127/1024         6096/49152    (12.4%) 
brushes               1555/8192        18660/98304    (19.0%) 
brushsides           10801/65536       86408/524288   (16.5%) 
planes                4418/65536       88360/1310720  ( 6.7%) 
vertexes              6494/65536       77928/786432   ( 9.9%) 
nodes                 2217/65536       70944/2097152  ( 3.4%) 
texinfos              1009/12288       72648/884736   ( 8.2%) 
texdata                105/2048         3360/65536    ( 5.1%) 
dispinfos                0/0               0/0        ( 0.0%) 
disp_verts               0/0               0/0        ( 0.0%) 
disp_tris                0/0               0/0        ( 0.0%) 
disp_multiblend          0/0               0/0        ( 0.0%) 
disp_lmsamples           0/0               0/0        ( 0.0%) 
faces                 2692/65536      150752/3670016  ( 4.1%) 
hdr faces                0/65536           0/3670016  ( 0.0%) 
origfaces             2102/65536      117712/3670016  ( 3.2%) 
facebrushes            445/0             890/0        ( 0.0%) 
facebrushlists        2692/0           10768/0        ( 0.0%) 
leaves                2345/65536       75040/2097152  ( 3.6%) 
leaffaces             3450/65536        6900/131072   ( 5.3%) 
leafbrushes           2774/65536        5548/131072   ( 4.2%) 
areas                   14/256           112/2048     ( 5.5%) 
surfedges            21029/512000      84116/2048000  ( 4.1%) 
edges                13202/256000      52808/1024000  ( 5.2%) 
LDR worldlights        120/8192        12000/819200   ( 1.5%) 
HDR worldlights          0/8192            0/819200   ( 0.0%) 
leafwaterdata            1/32768          12/393216   ( 0.0%) 
waterstrips            273/32768        2730/327680   ( 0.8%) 
waterverts               0/65536           0/786432   ( 0.0%) 
waterindices          4662/65536        9324/131072   ( 7.1%) 
cubemapsamples          19/1024          304/16384    ( 1.9%) 
overlays                38/512         13376/180224   ( 7.4%) 
LDR lightdata         [variable]     2869880/0        ( 0.0%) 
HDR lightdata         [variable]           0/0        ( 0.0%) 
visdata               [variable]       46550/16777216 ( 0.3%) 
entdata               [variable]      162183/393216   (41.2%) 
LDR ambient table     2345/65536        9380/262144   ( 3.6%) 
HDR ambient table     2345/65536        9380/262144   ( 3.6%) 
LDR leaf ambient      7144/65536      200032/1835008  (10.9%) 
HDR leaf ambient      2345/65536       65660/1835008  ( 3.6%) 
occluders                0/0               0/0        ( 0.0%) 
occluder polygons        0/0               0/0        ( 0.0%) 
occluder vert ind        0/0               0/0        ( 0.0%) 
detail props          [variable]           1/12       ( 8.3%) 
static props          [variable]           1/21698    ( 0.0%) 
pakfile               [variable]     2660623/0        ( 0.0%) 
physics               [variable]      574179/4194304  (13.7%) 
physics terrain       [variable]           2/1048576  ( 0.0%) 

Level flags = 1

Total triangle count: 7257
Writing c:\program files (x86)\steam\steamapps\common\portal 2\sdk_content\maps\wip\chapter 4\mp_coop_a2_column_blocker.bsp
36 seconds elapsed



[Reading texlights from 'lights.rad']
[59 texlights parsed from 'lights.rad']

Loading c:\program files (x86)\steam\steamapps\common\portal 2\sdk_content\maps\wip\chapter 4\mp_coop_a2_column_blocker.bsp
Loaded alpha texture materials\Metal\metalgrate018.vtf
Loaded alpha texture materials\Tools\toolsinvisible.vtf
2692 faces
410630 square feet [59130752.00 square inches]
0 Displacements
0 Square Feet [0.00 Square Inches]
2692 patches before subdivision
40956 patches after subdivision
120 direct lights
0...1...2...3...4...5...6...7...8...9...100...1...2...3...4...5...6...7...8...9...10transfers 7517976, max 836
transfer lists:  57.4 megs
0...1...2...3...4...5...6...7...8...9...10	Bounce #1 added RGB(47969, 56849, 60835)
0...1...2...3...4...5...6...7...8...9...10	Bounce #2 added RGB(23090, 27276, 28703)
0...1...2...3...4...5...6...7...8...9...10	Bounce #3 added RGB(10767, 12706, 13160)
0...1...2...3...4...5...6...7...8...9...10	Bounce #4 added RGB(5323, 6248, 6379)
0...1...2...3...4...5...6...7...8...9...10	Bounce #5 added RGB(2571, 3010, 3036)
0...1...2...3...4...5...6...7...8...9...10	Bounce #6 added RGB(1273, 1484, 1481)
0...1...2...3...4...5...6...7...8...9...10	Bounce #7 added RGB(625, 727, 719)
0...1...2...3...4...5...6...7...8...9...10	Bounce #8 added RGB(311, 360, 353)
0...1...2...3...4...5...6...7...8...9...10	Bounce #9 added RGB(154, 178, 174)
0...1...2...3...4...5...6...7...8...9...10	Bounce #10 added RGB(77, 89, 86)
0...1...2...3...4...5...6...7...8...9...10	Bounce #11 added RGB(38, 44, 42)
0...1...2...3...4...5...6...7...8...9...10	Bounce #12 added RGB(19, 22, 21)
0...1...2...3...4...5...6...7...8...9...10	Bounce #13 added RGB(10, 11, 10)
0...1...2...3...4...5...6...7...8...9...10	Bounce #14 added RGB(5, 6, 5)
0...1...2...3...4...5...6...7...8...9...10	Bounce #15 added RGB(2, 3, 3)
0...1...2...3...4...5...6...7...8...9...10	Bounce #16 added RGB(1, 1, 1)
0...1...2...3...4...5...6...7...8...9...10	Bounce #17 added RGB(1, 1, 1)
Build Patch/Sample Hash Table(s).....Done<0.0061 sec>
0...1...2...3...4...5...6...7...8...9...10FinalLightFace Done
90 of 90 (100% of) surface lights went in leaf ambient cubes.
0...1...2...3...4...5...6...7...8...9...10Writing leaf ambient...done
Computing static prop lighting : 00...1...2...3...4...5...6...7...8...9...10
Ready to Finish

Object names       Objects/Maxobjs  Memory / Maxmem  Fullness 
------------       ---------------  ---------------  -------- 
models                 127/1024         6096/49152    (12.4%) 
brushes               1555/8192        18660/98304    (19.0%) 
brushsides           10801/65536       86408/524288   (16.5%) 
planes                4418/65536       88360/1310720  ( 6.7%) 
vertexes              6494/65536       77928/786432   ( 9.9%) 
nodes                 2217/65536       70944/2097152  ( 3.4%) 
texinfos              1009/12288       72648/884736   ( 8.2%) 
texdata                105/2048         3360/65536    ( 5.1%) 
dispinfos                0/0               0/0        ( 0.0%) 
disp_verts               0/0               0/0        ( 0.0%) 
disp_tris                0/0               0/0        ( 0.0%) 
disp_multiblend          0/0               0/0        ( 0.0%) 
disp_lmsamples           0/0               0/0        ( 0.0%) 
faces                 2692/65536      150752/3670016  ( 4.1%) 
hdr faces             2692/65536      150752/3670016  ( 4.1%) 
origfaces             2102/65536      117712/3670016  ( 3.2%) 
facebrushes            445/0             890/0        ( 0.0%) 
facebrushlists        2692/0           10768/0        ( 0.0%) 
leaves                2345/65536       75040/2097152  ( 3.6%) 
leaffaces             3450/65536        6900/131072   ( 5.3%) 
leafbrushes           2774/65536        5548/131072   ( 4.2%) 
areas                   14/256           112/2048     ( 5.5%) 
surfedges            21029/512000      84116/2048000  ( 4.1%) 
edges                13202/256000      52808/1024000  ( 5.2%) 
LDR worldlights        120/8192        12000/819200   ( 1.5%) 
HDR worldlights        120/8192        12000/819200   ( 1.5%) 
leafwaterdata            1/32768          12/393216   ( 0.0%) 
waterstrips            273/32768        2730/327680   ( 0.8%) 
waterverts               0/65536           0/786432   ( 0.0%) 
waterindices          4662/65536        9324/131072   ( 7.1%) 
cubemapsamples          19/1024          304/16384    ( 1.9%) 
overlays                38/512         13376/180224   ( 7.4%) 
LDR lightdata         [variable]     2869880/0        ( 0.0%) 
HDR lightdata         [variable]     2869880/0        ( 0.0%) 
visdata               [variable]       46550/16777216 ( 0.3%) 
entdata               [variable]      162183/393216   (41.2%) 
LDR ambient table     2345/65536        9380/262144   ( 3.6%) 
HDR ambient table     2345/65536        9380/262144   ( 3.6%) 
LDR leaf ambient      7144/65536      200032/1835008  (10.9%) 
HDR leaf ambient      7143/65536      200004/1835008  (10.9%) 
occluders                0/0               0/0        ( 0.0%) 
occluder polygons        0/0               0/0        ( 0.0%) 
occluder vert ind        0/0               0/0        ( 0.0%) 
detail props          [variable]           1/12       ( 8.3%) 
static props          [variable]           1/21698    ( 0.0%) 
pakfile               [variable]     3823675/0        ( 0.0%) 
physics               [variable]      574179/4194304  (13.7%) 
physics terrain       [variable]           2/1048576  ( 0.0%) 

Level flags = 3

Total triangle count: 7257
Writing c:\program files (x86)\steam\steamapps\common\portal 2\sdk_content\maps\wip\chapter 4\mp_coop_a2_column_blocker.bsp
36 seconds elapsed
