PRT1
391
1126
4 0 216 (0 0 544 ) (0 0 768 ) (0 192 768 ) (0 192 544 ) 
4 0 71 (32 0 768 ) (0 0 768 ) (0 0 544 ) (32 0 544 ) 
4 1 61 (34 128 512 ) (96 128 512 ) (96 64 512 ) (34 64 512 ) 
4 1 64 (32 128 512 ) (34 128 512 ) (34 64 512 ) (32 64 512 ) 
4 2 72 (384 0 528 ) (384 0 512 ) (512 0 512 ) (512 0 528 ) 
4 2 31 (512 0 512 ) (384 0 512 ) (384 64 512 ) (512 64 512 ) 
4 3 8 (224 416 480 ) (224 416 512 ) (224 448 512 ) (224 448 480 ) 
4 3 5 (224 416 512 ) (224 416 480 ) (352 416 480 ) (352 416 512 ) 
4 4 10 (352 448 384 ) (352 416 384 ) (224 416 384 ) (224 448 384 ) 
4 4 7 (224 416 448 ) (224 416 384 ) (352 416 384 ) (352 416 448 ) 
4 5 8 (224 384 462 ) (224 384 512 ) (224 416 512 ) (224 416 462 ) 
4 6 8 (224 384 448 ) (224 384 456 ) (224 416 456 ) (224 416 448 ) 
4 6 7 (224 384 448 ) (224 416 448 ) (352 416 448 ) (352 384 448 ) 
4 7 10 (352 416 384 ) (352 384 384 ) (224 384 384 ) (224 416 384 ) 
4 9 220 (0 352 512 ) (0 384 512 ) (0 384 384 ) (0 352 384 ) 
4 9 42 (158 352 512 ) (0 352 512 ) (0 352 384 ) (158 352 384 ) 
4 9 15 (160 352 512 ) (158 352 512 ) (158 352 384 ) (160 352 384 ) 
4 9 12 (160 352 384 ) (0 352 384 ) (0 512 384 ) (160 512 384 ) 
4 10 68 (224 384 256 ) (224 448 256 ) (352 448 256 ) (352 384 256 ) 
4 10 14 (224 352 256 ) (352 352 256 ) (352 352 384 ) (224 352 384 ) 
4 10 11 (224 512 384 ) (224 512 256 ) (224 384 256 ) (224 384 384 ) 
4 11 12 (160 512 384 ) (160 512 256 ) (160 384 256 ) (160 384 384 ) 
4 12 220 (0 384 256 ) (0 352 256 ) (0 352 384 ) (0 384 384 ) 
4 12 42 (0 352 256 ) (158 352 256 ) (158 352 384 ) (0 352 384 ) 
4 12 15 (158 352 256 ) (160 352 256 ) (160 352 384 ) (158 352 384 ) 
4 13 74 (528 0 512 ) (512 0 512 ) (512 0 384 ) (528 0 384 ) 
4 13 30 (512 192 384 ) (512 64 384 ) (512 64 496 ) (512 192 496 ) 
4 13 31 (512 64 384 ) (512 0 384 ) (512 0 512 ) (512 64 512 ) 
5 14 30 (162 192 256 ) (512 192 256 ) (512 192 496 ) (384 192 512 ) (162 192 512 ) 
4 14 28 (162 208 256 ) (162 192 256 ) (162 192 512 ) (162 208 512 ) 
4 14 17 (162 208 258 ) (162 208 510 ) (162 336 510 ) (162 336 258 ) 
4 14 16 (162 208 510 ) (162 208 512 ) (162 336 512 ) (162 336 510 ) 
4 14 19 (162 336 256 ) (162 208 256 ) (162 208 258 ) (162 336 258 ) 
4 14 15 (162 352 512 ) (162 352 256 ) (162 336 256 ) (162 336 512 ) 
4 15 42 (158 352 512 ) (158 352 256 ) (158 336 256 ) (158 336 512 ) 
4 15 26 (158 336 258 ) (158 336 256 ) (160 336 256 ) (160 336 258 ) 
4 15 22 (158 336 510 ) (158 336 258 ) (159 336 258 ) (159 336 510 ) 
4 15 21 (159 336 258 ) (160 336 258 ) (160 336 510 ) (159 336 510 ) 
4 15 20 (158 336 512 ) (158 336 510 ) (160 336 510 ) (160 336 512 ) 
4 15 18 (161 336 510 ) (160 336 510 ) (160 336 258 ) (161 336 258 ) 
4 15 17 (162 336 258 ) (162 336 510 ) (161 336 510 ) (161 336 258 ) 
4 15 16 (162 336 510 ) (162 336 512 ) (160 336 512 ) (160 336 510 ) 
4 15 19 (160 336 256 ) (162 336 256 ) (162 336 258 ) (160 336 258 ) 
4 16 28 (162 208 510 ) (162 208 512 ) (160 208 512 ) (160 208 510 ) 
4 16 23 (160 224 510 ) (160 208 510 ) (160 208 512 ) (160 224 512 ) 
4 16 20 (160 336 512 ) (160 336 510 ) (160 224 510 ) (160 224 512 ) 
4 16 18 (161 208 510 ) (160 208 510 ) (160 336 510 ) (161 336 510 ) 
4 16 17 (162 208 510 ) (161 208 510 ) (161 336 510 ) (162 336 510 ) 
4 17 28 (162 208 258 ) (162 208 510 ) (161 208 510 ) (161 208 258 ) 
4 17 19 (162 208 258 ) (161 208 258 ) (161 336 258 ) (162 336 258 ) 
4 17 18 (161 336 258 ) (161 208 258 ) (161 208 510 ) (161 336 510 ) 
4 18 28 (161 208 510 ) (160 208 510 ) (160 208 258 ) (161 208 258 ) 
4 18 24 (160 224 258 ) (160 208 258 ) (160 208 510 ) (160 224 510 ) 
4 18 21 (160 336 510 ) (160 336 258 ) (160 224 258 ) (160 224 510 ) 
4 18 19 (161 208 258 ) (160 208 258 ) (160 336 258 ) (161 336 258 ) 
4 19 28 (160 208 256 ) (162 208 256 ) (162 208 258 ) (160 208 258 ) 
4 19 27 (160 224 256 ) (160 208 256 ) (160 208 258 ) (160 224 258 ) 
4 19 26 (160 336 258 ) (160 336 256 ) (160 224 256 ) (160 224 258 ) 
4 20 42 (158 224 512 ) (158 336 512 ) (158 336 510 ) (158 224 510 ) 
4 20 23 (158 224 512 ) (158 224 510 ) (160 224 510 ) (160 224 512 ) 
4 20 22 (159 224 510 ) (158 224 510 ) (158 336 510 ) (159 336 510 ) 
4 20 21 (160 224 510 ) (159 224 510 ) (159 336 510 ) (160 336 510 ) 
4 21 26 (159 336 258 ) (160 336 258 ) (160 224 258 ) (159 224 258 ) 
4 21 24 (159 224 258 ) (160 224 258 ) (160 224 510 ) (159 224 510 ) 
4 21 22 (159 336 258 ) (159 224 258 ) (159 224 510 ) (159 336 510 ) 
4 22 42 (158 336 510 ) (158 336 258 ) (158 224 258 ) (158 224 510 ) 
4 22 26 (158 336 258 ) (159 336 258 ) (159 224 258 ) (158 224 258 ) 
4 22 25 (158 224 510 ) (158 224 258 ) (159 224 258 ) (159 224 510 ) 
4 23 43 (158 208 510 ) (158 208 512 ) (158 224 512 ) (158 224 510 ) 
4 23 29 (158 208 512 ) (158 208 510 ) (160 208 510 ) (160 208 512 ) 
4 23 25 (158 224 510 ) (159 224 510 ) (159 208 510 ) (158 208 510 ) 
4 23 24 (159 224 510 ) (160 224 510 ) (160 208 510 ) (159 208 510 ) 
4 24 29 (159 208 258 ) (160 208 258 ) (160 208 510 ) (159 208 510 ) 
4 24 27 (160 224 258 ) (160 208 258 ) (159 208 258 ) (159 224 258 ) 
4 24 25 (159 208 510 ) (159 224 510 ) (159 224 258 ) (159 208 258 ) 
4 25 43 (158 208 258 ) (158 208 510 ) (158 224 510 ) (158 224 258 ) 
4 25 29 (158 208 510 ) (158 208 258 ) (159 208 258 ) (159 208 510 ) 
4 25 27 (159 208 258 ) (158 208 258 ) (158 224 258 ) (159 224 258 ) 
4 26 42 (158 336 256 ) (158 224 256 ) (158 224 258 ) (158 336 258 ) 
4 26 27 (160 224 256 ) (160 224 258 ) (158 224 258 ) (158 224 256 ) 
4 27 43 (158 224 256 ) (158 208 256 ) (158 208 258 ) (158 224 258 ) 
4 27 29 (158 208 258 ) (158 208 256 ) (160 208 256 ) (160 208 258 ) 
4 28 32 (160 192 256 ) (162 192 256 ) (162 192 512 ) (160 192 512 ) 
4 28 29 (160 208 512 ) (160 208 256 ) (160 192 256 ) (160 192 512 ) 
4 29 43 (158 208 256 ) (158 192 256 ) (158 192 512 ) (158 208 512 ) 
4 29 32 (158 192 512 ) (158 192 256 ) (160 192 256 ) (160 192 512 ) 
4 30 38 (162 64 258 ) (162 64 382 ) (162 189 382 ) (162 189 258 ) 
4 30 41 (162 189 256 ) (162 64 256 ) (162 64 258 ) (162 189 258 ) 
4 30 34 (162 64 386 ) (162 64 510 ) (162 189 510 ) (162 189 386 ) 
4 30 33 (162 64 510 ) (162 64 512 ) (162 189 512 ) (162 189 510 ) 
4 30 37 (162 64 382 ) (162 64 386 ) (162 189 386 ) (162 189 382 ) 
4 30 32 (162 192 512 ) (162 192 256 ) (162 189 256 ) (162 189 512 ) 
5 30 31 (162 64 512 ) (162 64 256 ) (512 64 256 ) (512 64 496 ) (384 64 512 ) 
4 31 97 (162 0 384 ) (162 0 256 ) (384 0 256 ) (384 0 384 ) 
4 31 96 (387 0 256 ) (512 0 256 ) (512 0 384 ) (387 0 384 ) 
4 31 95 (384 0 256 ) (387 0 256 ) (387 0 384 ) (384 0 384 ) 
4 31 74 (512 0 512 ) (162 0 512 ) (162 0 384 ) (512 0 384 ) 
4 31 38 (162 0 258 ) (162 0 382 ) (162 64 382 ) (162 64 258 ) 
4 31 41 (162 64 256 ) (162 0 256 ) (162 0 258 ) (162 64 258 ) 
4 31 34 (162 0 386 ) (162 0 510 ) (162 64 510 ) (162 64 386 ) 
4 31 33 (162 0 510 ) (162 0 512 ) (162 64 512 ) (162 64 510 ) 
4 31 37 (162 0 382 ) (162 0 386 ) (162 64 386 ) (162 64 382 ) 
4 32 44 (158 192 256 ) (158 189 256 ) (158 189 512 ) (158 192 512 ) 
4 32 39 (159 189 258 ) (161 189 258 ) (161 189 382 ) (159 189 382 ) 
4 32 38 (161 189 258 ) (162 189 258 ) (162 189 382 ) (161 189 382 ) 
4 32 40 (158 189 382 ) (158 189 258 ) (159 189 258 ) (159 189 382 ) 
4 32 41 (158 189 258 ) (158 189 256 ) (162 189 256 ) (162 189 258 ) 
4 32 35 (159 189 386 ) (161 189 386 ) (161 189 510 ) (159 189 510 ) 
4 32 34 (161 189 386 ) (162 189 386 ) (162 189 510 ) (161 189 510 ) 
4 32 36 (158 189 510 ) (158 189 386 ) (159 189 386 ) (159 189 510 ) 
4 32 33 (158 189 512 ) (158 189 510 ) (162 189 510 ) (162 189 512 ) 
4 32 37 (158 189 386 ) (158 189 382 ) (162 189 382 ) (162 189 386 ) 
4 33 78 (162 0 512 ) (158 0 512 ) (158 0 510 ) (162 0 510 ) 
4 33 61 (158 0 510 ) (158 0 512 ) (158 185 512 ) (158 185 510 ) 
4 33 44 (158 185 512 ) (158 189 512 ) (158 189 510 ) (158 185 510 ) 
4 33 35 (159 189 510 ) (161 189 510 ) (161 0 510 ) (159 0 510 ) 
4 33 34 (161 189 510 ) (162 189 510 ) (162 0 510 ) (161 0 510 ) 
4 33 36 (158 0 510 ) (158 189 510 ) (159 189 510 ) (159 0 510 ) 
4 34 83 (161 0 386 ) (162 0 386 ) (162 0 510 ) (161 0 510 ) 
4 34 37 (161 189 386 ) (162 189 386 ) (162 0 386 ) (161 0 386 ) 
4 34 35 (161 189 386 ) (161 0 386 ) (161 0 510 ) (161 189 510 ) 
4 35 84 (159 0 386 ) (161 0 386 ) (161 0 510 ) (159 0 510 ) 
4 35 36 (159 189 386 ) (159 0 386 ) (159 0 510 ) (159 189 510 ) 
4 35 37 (159 189 386 ) (161 189 386 ) (161 0 386 ) (159 0 386 ) 
4 36 85 (158 0 510 ) (158 0 386 ) (159 0 386 ) (159 0 510 ) 
4 36 61 (158 0 386 ) (158 0 510 ) (158 185 510 ) (158 185 386 ) 
4 36 44 (158 185 510 ) (158 189 510 ) (158 189 386 ) (158 185 386 ) 
4 36 37 (158 0 386 ) (158 189 386 ) (159 189 386 ) (159 0 386 ) 
4 37 99 (158 0 384 ) (158 0 382 ) (162 0 382 ) (162 0 384 ) 
4 37 88 (158 0 386 ) (158 0 384 ) (162 0 384 ) (162 0 386 ) 
4 37 61 (158 0 382 ) (158 0 386 ) (158 185 386 ) (158 185 382 ) 
4 37 44 (158 185 386 ) (158 189 386 ) (158 189 382 ) (158 185 382 ) 
4 37 39 (159 189 382 ) (161 189 382 ) (161 0 382 ) (159 0 382 ) 
4 37 38 (161 189 382 ) (162 189 382 ) (162 0 382 ) (161 0 382 ) 
4 37 40 (158 0 382 ) (158 189 382 ) (159 189 382 ) (159 0 382 ) 
4 38 100 (161 0 258 ) (162 0 258 ) (162 0 382 ) (161 0 382 ) 
4 38 41 (161 189 258 ) (162 189 258 ) (162 0 258 ) (161 0 258 ) 
4 38 39 (161 189 258 ) (161 0 258 ) (161 0 382 ) (161 189 382 ) 
4 39 101 (159 0 258 ) (161 0 258 ) (161 0 382 ) (159 0 382 ) 
4 39 40 (159 189 258 ) (159 0 258 ) (159 0 382 ) (159 189 382 ) 
4 39 41 (159 189 258 ) (161 189 258 ) (161 0 258 ) (159 0 258 ) 
4 40 102 (158 0 382 ) (158 0 258 ) (159 0 258 ) (159 0 382 ) 
4 40 65 (158 0 258 ) (158 0 260 ) (158 185 260 ) (158 185 258 ) 
4 40 62 (158 0 379 ) (158 0 381 ) (158 185 381 ) (158 185 379 ) 
4 40 61 (158 0 381 ) (158 0 382 ) (158 185 382 ) (158 185 381 ) 
4 40 63 (158 0 260 ) (158 0 379 ) (158 185 379 ) (158 185 260 ) 
4 40 44 (158 185 382 ) (158 189 382 ) (158 189 258 ) (158 185 258 ) 
4 40 41 (158 0 258 ) (158 189 258 ) (159 189 258 ) (159 0 258 ) 
4 41 103 (158 0 258 ) (158 0 256 ) (162 0 256 ) (162 0 258 ) 
4 41 65 (158 185 256 ) (158 0 256 ) (158 0 258 ) (158 185 258 ) 
4 41 44 (158 189 256 ) (158 185 256 ) (158 185 258 ) (158 189 258 ) 
4 42 220 (0 224 512 ) (0 352 512 ) (0 352 256 ) (0 224 256 ) 
4 42 43 (0 224 256 ) (158 224 256 ) (158 224 512 ) (0 224 512 ) 
4 43 225 (0 192 512 ) (0 224 512 ) (0 224 256 ) (0 192 256 ) 
4 43 56 (32 192 258 ) (32 192 510 ) (0 192 510 ) (0 192 258 ) 
4 43 55 (32 192 510 ) (32 192 512 ) (0 192 512 ) (0 192 510 ) 
4 43 60 (0 192 256 ) (32 192 256 ) (32 192 258 ) (0 192 258 ) 
4 43 50 (157 192 258 ) (157 192 378 ) (34 192 378 ) (34 192 258 ) 
4 43 49 (157 192 378 ) (157 192 385 ) (34 192 385 ) (34 192 378 ) 
4 43 53 (34 192 256 ) (157 192 256 ) (157 192 258 ) (34 192 258 ) 
4 43 46 (157 192 385 ) (157 192 510 ) (34 192 510 ) (34 192 385 ) 
4 43 45 (157 192 510 ) (157 192 512 ) (34 192 512 ) (34 192 510 ) 
4 43 44 (157 192 256 ) (158 192 256 ) (158 192 512 ) (157 192 512 ) 
4 43 54 (32 192 256 ) (34 192 256 ) (34 192 512 ) (32 192 512 ) 
4 44 65 (157 185 256 ) (158 185 256 ) (158 185 260 ) (157 185 260 ) 
4 44 62 (158 185 379 ) (158 185 381 ) (157 185 381 ) (157 185 379 ) 
4 44 61 (158 185 381 ) (158 185 512 ) (157 185 512 ) (157 185 381 ) 
4 44 63 (158 185 260 ) (158 185 379 ) (157 185 379 ) (157 185 260 ) 
4 44 51 (157 189 258 ) (157 187 258 ) (157 187 378 ) (157 189 378 ) 
4 44 50 (157 192 378 ) (157 192 258 ) (157 189 258 ) (157 189 378 ) 
4 44 52 (157 187 258 ) (157 185 258 ) (157 185 378 ) (157 187 378 ) 
4 44 49 (157 192 385 ) (157 192 378 ) (157 185 378 ) (157 185 385 ) 
4 44 53 (157 192 258 ) (157 192 256 ) (157 185 256 ) (157 185 258 ) 
4 44 47 (157 189 385 ) (157 187 385 ) (157 187 510 ) (157 189 510 ) 
4 44 46 (157 192 510 ) (157 192 385 ) (157 189 385 ) (157 189 510 ) 
4 44 48 (157 187 385 ) (157 185 385 ) (157 185 510 ) (157 187 510 ) 
4 44 45 (157 192 512 ) (157 192 510 ) (157 185 510 ) (157 185 512 ) 
4 45 61 (157 185 510 ) (157 185 512 ) (34 185 512 ) (34 185 510 ) 
4 45 47 (34 187 510 ) (34 189 510 ) (157 189 510 ) (157 187 510 ) 
4 45 46 (34 189 510 ) (34 192 510 ) (157 192 510 ) (157 189 510 ) 
4 45 48 (34 185 510 ) (34 187 510 ) (157 187 510 ) (157 185 510 ) 
4 45 54 (34 192 512 ) (34 192 510 ) (34 185 510 ) (34 185 512 ) 
4 46 49 (34 189 385 ) (34 192 385 ) (157 192 385 ) (157 189 385 ) 
4 46 54 (34 192 510 ) (34 192 385 ) (34 189 385 ) (34 189 510 ) 
4 46 47 (34 189 385 ) (157 189 385 ) (157 189 510 ) (34 189 510 ) 
4 47 49 (34 187 385 ) (34 189 385 ) (157 189 385 ) (157 187 385 ) 
4 47 48 (34 187 385 ) (157 187 385 ) (157 187 510 ) (34 187 510 ) 
4 47 54 (34 189 385 ) (34 187 385 ) (34 187 510 ) (34 189 510 ) 
4 48 61 (157 185 385 ) (157 185 510 ) (34 185 510 ) (34 185 385 ) 
4 48 49 (34 185 385 ) (34 187 385 ) (157 187 385 ) (157 185 385 ) 
4 48 54 (34 187 385 ) (34 185 385 ) (34 185 510 ) (34 187 510 ) 
4 49 62 (157 185 379 ) (157 185 381 ) (34 185 381 ) (34 185 379 ) 
4 49 61 (157 185 381 ) (157 185 385 ) (34 185 385 ) (34 185 381 ) 
4 49 63 (157 185 378 ) (157 185 379 ) (34 185 379 ) (34 185 378 ) 
4 49 51 (34 187 378 ) (34 189 378 ) (157 189 378 ) (157 187 378 ) 
4 49 50 (34 189 378 ) (34 192 378 ) (157 192 378 ) (157 189 378 ) 
4 49 52 (34 185 378 ) (34 187 378 ) (157 187 378 ) (157 185 378 ) 
4 49 54 (34 192 385 ) (34 192 378 ) (34 185 378 ) (34 185 385 ) 
4 50 53 (34 189 258 ) (34 192 258 ) (157 192 258 ) (157 189 258 ) 
4 50 54 (34 192 378 ) (34 192 258 ) (34 189 258 ) (34 189 378 ) 
4 50 51 (34 189 258 ) (157 189 258 ) (157 189 378 ) (34 189 378 ) 
4 51 52 (34 187 258 ) (157 187 258 ) (157 187 378 ) (34 187 378 ) 
4 51 53 (34 187 258 ) (34 189 258 ) (157 189 258 ) (157 187 258 ) 
4 51 54 (34 189 258 ) (34 187 258 ) (34 187 378 ) (34 189 378 ) 
4 52 66 (128 185 260 ) (34 185 260 ) (34 185 258 ) (128 185 258 ) 
4 52 65 (157 185 258 ) (157 185 260 ) (128 185 260 ) (128 185 258 ) 
4 52 63 (157 185 260 ) (157 185 378 ) (34 185 378 ) (34 185 260 ) 
4 52 54 (34 187 258 ) (34 185 258 ) (34 185 378 ) (34 187 378 ) 
4 52 53 (34 185 258 ) (34 187 258 ) (157 187 258 ) (157 185 258 ) 
4 53 66 (34 185 256 ) (128 185 256 ) (128 185 258 ) (34 185 258 ) 
4 53 65 (128 185 256 ) (157 185 256 ) (157 185 258 ) (128 185 258 ) 
4 53 54 (34 192 258 ) (34 192 256 ) (34 185 256 ) (34 185 258 ) 
4 54 66 (32 185 256 ) (34 185 256 ) (34 185 260 ) (32 185 260 ) 
4 54 64 (34 185 260 ) (34 185 512 ) (32 185 512 ) (32 185 260 ) 
4 54 58 (32 189 258 ) (32 187 258 ) (32 187 384 ) (32 189 384 ) 
4 54 57 (32 187 384 ) (32 187 510 ) (32 189 510 ) (32 189 384 ) 
4 54 56 (32 192 510 ) (32 192 258 ) (32 189 258 ) (32 189 510 ) 
4 54 59 (32 187 258 ) (32 185 258 ) (32 185 510 ) (32 187 510 ) 
4 54 55 (32 192 512 ) (32 192 510 ) (32 185 510 ) (32 185 512 ) 
4 54 60 (32 192 258 ) (32 192 256 ) (32 185 256 ) (32 185 258 ) 
4 55 226 (0 185 512 ) (0 192 512 ) (0 192 510 ) (0 185 510 ) 
4 55 64 (32 185 510 ) (32 185 512 ) (0 185 512 ) (0 185 510 ) 
4 55 57 (32 189 510 ) (32 187 510 ) (0 187 510 ) (0 189 510 ) 
4 55 56 (0 192 510 ) (32 192 510 ) (32 189 510 ) (0 189 510 ) 
4 55 59 (32 187 510 ) (32 185 510 ) (0 185 510 ) (0 187 510 ) 
4 56 230 (0 192 510 ) (0 192 258 ) (0 189 258 ) (0 189 510 ) 
4 56 58 (0 189 258 ) (32 189 258 ) (32 189 384 ) (0 189 384 ) 
4 56 57 (32 189 384 ) (32 189 510 ) (0 189 510 ) (0 189 384 ) 
4 56 60 (0 192 258 ) (32 192 258 ) (32 189 258 ) (0 189 258 ) 
4 57 231 (0 187 384 ) (0 187 510 ) (0 189 510 ) (0 189 384 ) 
4 57 59 (32 187 384 ) (32 187 510 ) (0 187 510 ) (0 187 384 ) 
4 57 58 (32 187 384 ) (0 187 384 ) (0 189 384 ) (32 189 384 ) 
4 58 232 (0 189 258 ) (0 187 258 ) (0 187 384 ) (0 189 384 ) 
4 58 60 (32 189 258 ) (32 187 258 ) (0 187 258 ) (0 189 258 ) 
4 58 59 (0 187 258 ) (32 187 258 ) (32 187 384 ) (0 187 384 ) 
4 59 233 (0 187 258 ) (0 185 258 ) (0 185 510 ) (0 187 510 ) 
4 59 66 (32 185 258 ) (32 185 260 ) (0 185 260 ) (0 185 258 ) 
4 59 64 (32 185 260 ) (32 185 510 ) (0 185 510 ) (0 185 260 ) 
4 59 60 (32 187 258 ) (32 185 258 ) (0 185 258 ) (0 187 258 ) 
4 60 238 (0 192 258 ) (0 192 256 ) (0 185 256 ) (0 185 258 ) 
4 60 66 (0 185 256 ) (32 185 256 ) (32 185 258 ) (0 185 258 ) 
4 61 106 (34 0 384 ) (34 0 381 ) (158 0 381 ) (158 0 384 ) 
4 61 89 (34 0 510 ) (34 0 386 ) (158 0 386 ) (158 0 510 ) 
4 61 92 (34 0 386 ) (34 0 384 ) (158 0 384 ) (158 0 386 ) 
4 61 80 (158 0 512 ) (34 0 512 ) (34 0 510 ) (158 0 510 ) 
4 61 64 (34 185 512 ) (34 185 381 ) (34 0 381 ) (34 0 512 ) 
4 61 62 (34 0 381 ) (34 185 381 ) (158 185 381 ) (158 0 381 ) 
4 62 107 (34 0 381 ) (34 0 379 ) (158 0 379 ) (158 0 381 ) 
4 62 63 (34 0 379 ) (34 185 379 ) (158 185 379 ) (158 0 379 ) 
4 62 64 (34 185 381 ) (34 185 379 ) (34 0 379 ) (34 0 381 ) 
4 63 108 (34 0 379 ) (34 0 260 ) (158 0 260 ) (158 0 379 ) 
4 63 66 (34 185 260 ) (128 185 260 ) (128 160 260 ) (34 160 260 ) 
4 63 67 (128 32 260 ) (128 0 260 ) (34 0 260 ) (34 32 260 ) 
4 63 65 (128 185 260 ) (158 185 260 ) (158 0 260 ) (128 0 260 ) 
4 63 64 (34 185 379 ) (34 185 260 ) (34 0 260 ) (34 0 379 ) 
4 64 233 (0 0 260 ) (0 0 510 ) (0 185 510 ) (0 185 260 ) 
4 64 226 (0 0 510 ) (0 0 512 ) (0 185 512 ) (0 185 510 ) 
4 64 110 (0 0 384 ) (0 0 260 ) (34 0 260 ) (34 0 384 ) 
4 64 94 (0 0 510 ) (0 0 384 ) (34 0 384 ) (34 0 510 ) 
4 64 81 (32 0 512 ) (0 0 512 ) (0 0 510 ) (32 0 510 ) 
4 64 80 (34 0 512 ) (32 0 512 ) (32 0 510 ) (34 0 510 ) 
4 64 66 (0 160 260 ) (0 185 260 ) (34 185 260 ) (34 160 260 ) 
4 64 67 (0 0 260 ) (0 32 260 ) (34 32 260 ) (34 0 260 ) 
4 65 108 (128 0 256 ) (158 0 256 ) (158 0 260 ) (128 0 260 ) 
4 65 66 (128 160 260 ) (128 185 260 ) (128 185 256 ) (128 160 256 ) 
4 65 67 (128 0 260 ) (128 32 260 ) (128 32 256 ) (128 0 256 ) 
4 66 233 (0 160 260 ) (0 185 260 ) (0 185 258 ) (0 160 258 ) 
4 66 238 (0 185 258 ) (0 185 256 ) (0 160 256 ) (0 160 258 ) 
4 67 233 (0 0 258 ) (0 0 260 ) (0 32 260 ) (0 32 258 ) 
4 67 238 (0 0 256 ) (0 0 258 ) (0 32 258 ) (0 32 256 ) 
4 67 108 (34 0 256 ) (128 0 256 ) (128 0 260 ) (34 0 260 ) 
4 67 110 (0 0 260 ) (0 0 256 ) (34 0 256 ) (34 0 260 ) 
4 68 69 (352 384 192 ) (224 384 192 ) (224 416 192 ) (352 416 192 ) 
4 70 212 (1152 -1024 192 ) (1024 -1024 192 ) (1024 -1024 -896 ) (1152 -1024 -896 ) 
4 70 211 (1280 -1024 192 ) (1152 -1024 192 ) (1152 -1024 -896 ) (1280 -1024 -896 ) 
4 70 195 (1024 -320 -896 ) (1024 -1024 -896 ) (1024 -1024 152 ) (1024 -320 152 ) 
4 70 194 (1024 -1024 152 ) (1024 -1024 160 ) (1024 -800 160 ) (1024 -800 152 ) 
4 70 179 (1024 -800 160 ) (1024 -608 160 ) (1024 -608 152 ) (1024 -800 152 ) 
4 70 171 (1024 -608 160 ) (1024 -416 160 ) (1024 -416 152 ) (1024 -608 152 ) 
4 70 170 (1024 -416 160 ) (1024 -320 160 ) (1024 -320 152 ) (1024 -416 152 ) 
4 70 145 (1024 -1024 160 ) (1024 -1024 192 ) (1024 -416 192 ) (1024 -416 160 ) 
4 70 135 (1024 -416 192 ) (1024 -336 192 ) (1024 -336 160 ) (1024 -416 160 ) 
4 70 132 (1024 -336 192 ) (1024 -320 192 ) (1024 -320 160 ) (1024 -336 160 ) 
4 71 321 (0 -288 768 ) (0 0 768 ) (0 0 544 ) (0 -288 544 ) 
4 72 74 (384 0 512 ) (512 0 512 ) (512 -64 512 ) (384 -64 512 ) 
4 73 112 (256 -320 512 ) (0 -320 512 ) (0 -256 512 ) (256 -256 512 ) 
4 73 82 (0 -256 512 ) (0 -192 512 ) (32 -192 512 ) (32 -256 512 ) 
4 73 80 (32 -192 512 ) (158 -192 512 ) (158 -256 512 ) (32 -256 512 ) 
4 73 79 (162 -194 512 ) (162 -256 512 ) (158 -256 512 ) (158 -194 512 ) 
4 73 78 (158 -192 512 ) (162 -192 512 ) (162 -194 512 ) (158 -194 512 ) 
4 73 76 (162 -192 512 ) (256 -192 512 ) (256 -256 512 ) (162 -256 512 ) 
4 74 97 (162 -64 384 ) (162 0 384 ) (384 0 384 ) (384 -64 384 ) 
4 74 96 (387 0 384 ) (512 0 384 ) (512 -64 384 ) (384 -64 384 ) 
3 74 95 (384 0 384 ) (387 0 384 ) (384 -64 384 ) 
4 74 83 (162 -64 386 ) (162 -64 510 ) (162 0 510 ) (162 0 386 ) 
4 74 88 (162 0 384 ) (162 -64 384 ) (162 -64 386 ) (162 0 386 ) 
4 74 78 (162 -64 510 ) (162 -64 512 ) (162 0 512 ) (162 0 510 ) 
4 74 75 (162 -64 512 ) (162 -64 384 ) (384 -64 384 ) (384 -64 512 ) 
4 75 97 (162 -192 384 ) (162 -64 384 ) (384 -64 384 ) (378 -192 384 ) 
4 75 83 (162 -189 510 ) (162 -64 510 ) (162 -64 386 ) (162 -189 386 ) 
4 75 87 (162 -192 386 ) (162 -192 510 ) (162 -189 510 ) (162 -189 386 ) 
4 75 88 (162 -64 384 ) (162 -192 384 ) (162 -192 386 ) (162 -64 386 ) 
4 75 78 (162 -192 510 ) (162 -192 512 ) (162 -64 512 ) (162 -64 510 ) 
3 75 77 (384 -192 512 ) (368 -192 512 ) (376 -192 448 ) 
4 75 76 (162 -192 512 ) (162 -192 384 ) (384 -192 384 ) (368 -192 512 ) 
4 76 112 (368 -256 512 ) (162 -256 512 ) (162 -256 384 ) (384 -256 384 ) 
4 76 98 (384 -256 384 ) (162 -256 384 ) (162 -192 384 ) (384 -192 384 ) 
4 76 87 (162 -194 386 ) (162 -194 510 ) (162 -192 510 ) (162 -192 386 ) 
4 76 88 (162 -192 384 ) (162 -194 384 ) (162 -194 386 ) (162 -192 386 ) 
4 76 93 (162 -194 384 ) (162 -256 384 ) (162 -256 510 ) (162 -194 510 ) 
4 76 79 (162 -256 510 ) (162 -256 512 ) (162 -194 512 ) (162 -194 510 ) 
4 76 78 (162 -194 512 ) (162 -192 512 ) (162 -192 510 ) (162 -194 510 ) 
4 76 77 (376 -192 447.998108 ) (368 -192 512 ) (368 -256 512 ) (376 -256 447.998108 ) 
3 77 112 (384 -256 512 ) (368 -256 512 ) (376 -256 448 ) 
4 78 86 (159 -189 510 ) (158 -189 510 ) (158 -187 510 ) (159 -187 510 ) 
4 78 85 (158 -187 510 ) (158 0 510 ) (159 0 510 ) (159 -187 510 ) 
4 78 84 (161 -189 510 ) (159 -189 510 ) (159 0 510 ) (161 0 510 ) 
4 78 83 (162 0 510 ) (162 -189 510 ) (161 -189 510 ) (161 0 510 ) 
4 78 87 (162 -189 510 ) (162 -194 510 ) (158 -194 510 ) (158 -189 510 ) 
4 78 80 (158 0 510 ) (158 -194 510 ) (158 -194 512 ) (158 0 512 ) 
4 78 79 (158 -194 512 ) (158 -194 510 ) (162 -194 510 ) (162 -194 512 ) 
4 79 112 (162 -256 512 ) (158 -256 512 ) (158 -256 510 ) (162 -256 510 ) 
4 79 93 (162 -194 510 ) (162 -256 510 ) (158 -256 510 ) (158 -194 510 ) 
4 79 80 (158 -194 510 ) (158 -256 510 ) (158 -256 512 ) (158 -194 512 ) 
4 80 112 (158 -256 512 ) (32 -256 512 ) (32 -256 510 ) (158 -256 510 ) 
4 80 90 (34 -189 510 ) (34 -187 510 ) (158 -187 510 ) (158 -189 510 ) 
4 80 89 (34 -187 510 ) (34 0 510 ) (158 0 510 ) (158 -187 510 ) 
4 80 91 (34 -194 510 ) (34 -189 510 ) (158 -189 510 ) (158 -194 510 ) 
4 80 93 (158 -256 510 ) (34 -256 510 ) (34 -194 510 ) (158 -194 510 ) 
4 80 94 (34 -256 510 ) (32 -256 510 ) (32 0 510 ) (34 0 510 ) 
4 80 81 (32 0 510 ) (32 -64 510 ) (32 -64 512 ) (32 0 512 ) 
4 80 82 (32 -128 510 ) (32 -256 510 ) (32 -256 512 ) (32 -128 512 ) 
4 81 322 (0 -64 512 ) (0 0 512 ) (0 0 510 ) (0 -64 510 ) 
4 81 94 (0 -64 510 ) (0 0 510 ) (32 0 510 ) (32 -64 510 ) 
4 82 329 (0 -256 512 ) (0 -192 512 ) (0 -192 510 ) (0 -256 510 ) 
4 82 324 (0 -192 512 ) (0 -128 512 ) (0 -128 510 ) (0 -192 510 ) 
4 82 112 (32 -256 512 ) (0 -256 512 ) (0 -256 510 ) (32 -256 510 ) 
4 82 94 (32 -256 510 ) (0 -256 510 ) (0 -128 510 ) (32 -128 510 ) 
4 83 88 (161 0 386 ) (162 0 386 ) (162 -189 386 ) (161 -189 386 ) 
4 83 87 (161 -189 386 ) (162 -189 386 ) (162 -189 510 ) (161 -189 510 ) 
4 83 84 (161 0 386 ) (161 -189 386 ) (161 -189 510 ) (161 0 510 ) 
4 84 86 (159 -187 386 ) (159 -189 386 ) (159 -189 510 ) (159 -187 510 ) 
4 84 85 (159 0 386 ) (159 -187 386 ) (159 -187 510 ) (159 0 510 ) 
4 84 88 (159 0 386 ) (161 0 386 ) (161 -189 386 ) (159 -189 386 ) 
4 84 87 (159 -189 386 ) (161 -189 386 ) (161 -189 510 ) (159 -189 510 ) 
4 85 89 (158 -187 510 ) (158 0 510 ) (158 0 386 ) (158 -187 386 ) 
4 85 88 (158 -187 386 ) (158 0 386 ) (159 0 386 ) (159 -187 386 ) 
4 85 86 (158 -187 510 ) (158 -187 386 ) (159 -187 386 ) (159 -187 510 ) 
4 86 90 (158 -189 510 ) (158 -187 510 ) (158 -187 386 ) (158 -189 386 ) 
4 86 88 (158 -189 386 ) (158 -187 386 ) (159 -187 386 ) (159 -189 386 ) 
4 86 87 (158 -189 510 ) (158 -189 386 ) (159 -189 386 ) (159 -189 510 ) 
4 87 91 (158 -194 386 ) (158 -194 510 ) (158 -189 510 ) (158 -189 386 ) 
4 87 88 (162 -194 386 ) (158 -194 386 ) (158 -189 386 ) (162 -189 386 ) 
4 87 93 (162 -194 386 ) (162 -194 510 ) (158 -194 510 ) (158 -194 386 ) 
4 88 104 (162 -189 384 ) (162 -194 384 ) (158 -194 384 ) (158 -189 384 ) 
4 88 99 (158 0 384 ) (162 0 384 ) (162 -189 384 ) (158 -189 384 ) 
4 88 92 (158 0 384 ) (158 -194 384 ) (158 -194 386 ) (158 0 386 ) 
4 88 93 (158 -194 384 ) (162 -194 384 ) (162 -194 386 ) (158 -194 386 ) 
4 89 94 (34 -187 510 ) (34 0 510 ) (34 0 386 ) (34 -187 386 ) 
4 89 92 (158 0 386 ) (158 -187 386 ) (34 -187 386 ) (34 0 386 ) 
4 89 90 (34 -187 510 ) (34 -187 386 ) (158 -187 386 ) (158 -187 510 ) 
4 90 91 (34 -189 510 ) (34 -189 386 ) (158 -189 386 ) (158 -189 510 ) 
4 90 94 (34 -189 510 ) (34 -187 510 ) (34 -187 386 ) (34 -189 386 ) 
4 90 92 (158 -187 386 ) (158 -189 386 ) (34 -189 386 ) (34 -187 386 ) 
4 91 92 (158 -189 386 ) (158 -194 386 ) (34 -194 386 ) (34 -189 386 ) 
4 91 93 (34 -194 510 ) (34 -194 386 ) (158 -194 386 ) (158 -194 510 ) 
4 91 94 (34 -194 386 ) (34 -194 510 ) (34 -189 510 ) (34 -189 386 ) 
4 92 106 (34 -189 384 ) (34 0 384 ) (158 0 384 ) (158 -189 384 ) 
4 92 109 (34 -194 384 ) (34 -189 384 ) (158 -189 384 ) (158 -194 384 ) 
4 92 94 (34 0 384 ) (34 -194 384 ) (34 -194 386 ) (34 0 386 ) 
4 92 93 (34 -194 386 ) (34 -194 384 ) (158 -194 384 ) (158 -194 386 ) 
4 93 112 (34 -256 384 ) (162 -256 384 ) (162 -256 510 ) (34 -256 510 ) 
4 93 109 (158 -256 384 ) (34 -256 384 ) (34 -194 384 ) (158 -194 384 ) 
4 93 105 (162 -256 384 ) (158 -256 384 ) (158 -194 384 ) (162 -194 384 ) 
4 93 94 (34 -194 384 ) (34 -256 384 ) (34 -256 510 ) (34 -194 510 ) 
4 94 329 (0 -192 384 ) (0 -256 384 ) (0 -256 510 ) (0 -192 510 ) 
4 94 324 (0 -128 384 ) (0 -192 384 ) (0 -192 510 ) (0 -128 510 ) 
4 94 323 (0 -64 384 ) (0 -128 384 ) (0 -128 510 ) (0 -64 510 ) 
4 94 322 (0 0 510 ) (0 0 384 ) (0 -64 384 ) (0 -64 510 ) 
4 94 112 (0 -256 510 ) (0 -256 384 ) (34 -256 384 ) (34 -256 510 ) 
4 94 110 (34 -256 384 ) (0 -256 384 ) (0 0 384 ) (34 0 384 ) 
4 95 97 (384 0 256 ) (384 -64 256 ) (384 -64 384 ) (384 0 384 ) 
4 95 96 (384 -64.002068 384 ) (384 -64.002068 256 ) (387 0 256 ) (387 0 384 ) 
4 97 113 (382.500000 -96 256 ) (378 -192 256 ) (192 -192 256 ) (192 -96 256 ) 
4 97 104 (162 -189 256 ) (162 -192 256 ) (162 -192 384 ) (162 -189 384 ) 
4 97 100 (162 -189 258 ) (162 -189 382 ) (162 0 382 ) (162 0 258 ) 
4 97 99 (162 -189 382 ) (162 -189 384 ) (162 0 384 ) (162 0 382 ) 
4 97 103 (162 0 256 ) (162 -189 256 ) (162 -189 258 ) (162 0 258 ) 
4 97 98 (162 -192 384 ) (162 -192 256 ) (378 -192 256 ) (378 -192 384 ) 
4 98 113 (384 -192 256 ) (384 -256 256 ) (192 -256 256 ) (192 -192 256 ) 
4 98 112 (162 -256 256 ) (384 -256 256 ) (384 -256 384 ) (162 -256 384 ) 
4 98 105 (162 -194 256 ) (162 -256 256 ) (162 -256 384 ) (162 -194 384 ) 
4 98 104 (162 -192 256 ) (162 -194 256 ) (162 -194 384 ) (162 -192 384 ) 
4 99 106 (158 -189 382 ) (158 -189 384 ) (158 0 384 ) (158 0 382 ) 
4 99 104 (158 -189 384 ) (158 -189 382 ) (162 -189 382 ) (162 -189 384 ) 
4 99 101 (161 -189 382 ) (159 -189 382 ) (159 0 382 ) (161 0 382 ) 
4 99 100 (162 -189 382 ) (161 -189 382 ) (161 0 382 ) (162 0 382 ) 
4 99 102 (159 -189 382 ) (158 -189 382 ) (158 0 382 ) (159 0 382 ) 
4 100 104 (161 -189 258 ) (162 -189 258 ) (162 -189 382 ) (161 -189 382 ) 
4 100 103 (162 -189 258 ) (161 -189 258 ) (161 0 258 ) (162 0 258 ) 
4 100 101 (161 0 258 ) (161 -189 258 ) (161 -189 382 ) (161 0 382 ) 
4 101 104 (159 -189 258 ) (161 -189 258 ) (161 -189 382 ) (159 -189 382 ) 
4 101 102 (159 0 258 ) (159 -189 258 ) (159 -189 382 ) (159 0 382 ) 
4 101 103 (161 -189 258 ) (159 -189 258 ) (159 0 258 ) (161 0 258 ) 
4 102 107 (158 -189 379 ) (158 -189 381 ) (158 0 381 ) (158 0 379 ) 
4 102 106 (158 -189 381 ) (158 -189 382 ) (158 0 382 ) (158 0 381 ) 
4 102 108 (158 -189 258 ) (158 -189 379 ) (158 0 379 ) (158 0 258 ) 
4 102 104 (158 -189 382 ) (158 -189 258 ) (159 -189 258 ) (159 -189 382 ) 
4 102 103 (159 -189 258 ) (158 -189 258 ) (158 0 258 ) (159 0 258 ) 
4 103 108 (158 0 256 ) (158 -189 256 ) (158 -189 258 ) (158 0 258 ) 
4 103 104 (158 -189 258 ) (158 -189 256 ) (162 -189 256 ) (162 -189 258 ) 
4 104 109 (158 -189 256 ) (158 -194 256 ) (158 -194 384 ) (158 -189 384 ) 
4 104 105 (158 -194 384 ) (158 -194 256 ) (162 -194 256 ) (162 -194 384 ) 
4 105 112 (158 -256 256 ) (162 -256 256 ) (162 -256 384 ) (158 -256 384 ) 
4 105 109 (158 -194 256 ) (158 -256 256 ) (158 -256 384 ) (158 -194 384 ) 
4 106 110 (34 -189 381 ) (34 -189 384 ) (34 0 384 ) (34 0 381 ) 
4 106 109 (34 -189 384 ) (34 -189 381 ) (158 -189 381 ) (158 -189 384 ) 
4 106 107 (158 -189 381 ) (34 -189 381 ) (34 0 381 ) (158 0 381 ) 
4 107 108 (158 -189 379 ) (34 -189 379 ) (34 0 379 ) (158 0 379 ) 
4 107 110 (34 -189 379 ) (34 -189 381 ) (34 0 381 ) (34 0 379 ) 
4 107 109 (34 -189 381 ) (34 -189 379 ) (158 -189 379 ) (158 -189 381 ) 
4 108 109 (34 -189 379 ) (34 -189 256 ) (158 -189 256 ) (158 -189 379 ) 
4 108 110 (34 0 256 ) (34 -189 256 ) (34 -189 379 ) (34 0 379 ) 
4 109 121 (64 -256 256 ) (34 -256 256 ) (34 -192 256 ) (64 -192 256 ) 
4 109 112 (34 -256 256 ) (158 -256 256 ) (158 -256 384 ) (34 -256 384 ) 
4 109 110 (34 -189 256 ) (34 -256 256 ) (34 -256 384 ) (34 -189 384 ) 
4 110 329 (0 -192 256 ) (0 -256 256 ) (0 -256 384 ) (0 -192 384 ) 
4 110 324 (0 -128 256 ) (0 -192 256 ) (0 -192 384 ) (0 -128 384 ) 
4 110 323 (0 -64 256 ) (0 -128 256 ) (0 -128 384 ) (0 -64 384 ) 
4 110 322 (0 0 384 ) (0 0 256 ) (0 -64 256 ) (0 -64 384 ) 
4 110 121 (0 -256 256 ) (0 -192 256 ) (34 -192 256 ) (34 -256 256 ) 
4 110 112 (0 -256 256 ) (34 -256 256 ) (34 -256 384 ) (0 -256 384 ) 
4 111 133 (512 -320 416 ) (512 -320 256 ) (832 -320 256 ) (832 -320 416 ) 
4 111 117 (832 -320 256 ) (512 -320 256 ) (512 -256 256 ) (832 -256 256 ) 
4 112 329 (0 -320 256 ) (0 -320 512 ) (0 -256 512 ) (0 -256 256 ) 
4 112 134 (192 -320 512 ) (0 -320 512 ) (0 -320 384 ) (192 -320 384 ) 
4 112 120 (96 -320 256 ) (64 -320 256 ) (64 -256 256 ) (96 -256 256 ) 
4 112 121 (64 -320 256 ) (0 -320 256 ) (0 -256 256 ) (64 -256 256 ) 
4 112 119 (224 -320 256 ) (192 -320 256 ) (192 -256 256 ) (224 -256 256 ) 
4 112 118 (384 -320 256 ) (224 -320 256 ) (224 -256 256 ) (384 -256 256 ) 
4 113 119 (192 -256 256 ) (192 -256 240 ) (224 -256 240 ) (224 -256 256 ) 
4 113 118 (224 -256 240 ) (384 -256 240 ) (384 -256 256 ) (224 -256 256 ) 
4 113 115 (320 -160 240 ) (224 -160 240 ) (224 -128 240 ) (320 -128 240 ) 
4 113 114 (384 -128 240 ) (384 -160 240 ) (320 -160 240 ) (320 -128 240 ) 
4 113 116 (384 -160 240 ) (384 -256 240 ) (224 -256 240 ) (224 -160 240 ) 
4 114 124 (384 -128 224 ) (384 -160 224 ) (320 -160 224 ) (320 -128 224 ) 
4 114 115 (320 -160 225 ) (320 -160 240 ) (320 -128 240 ) (320 -128 225 ) 
4 114 116 (320 -160 224 ) (384 -160 224 ) (384 -160 240 ) (320 -160 240 ) 
4 115 116 (224 -160 240 ) (224 -160 225 ) (320 -160 225 ) (320 -160 240 ) 
4 116 125 (320 -224 224 ) (312 -224 224 ) (312 -160 224 ) (320 -160 224 ) 
4 116 126 (256 -224 224 ) (224 -224 224 ) (224 -160 224 ) (256 -160 224 ) 
4 116 124 (384 -160 224 ) (384 -192 224 ) (320 -192 224 ) (320 -160 224 ) 
4 116 118 (224 -256 224 ) (384 -256 224 ) (384 -256 240 ) (224 -256 240 ) 
4 117 133 (832 -320 256 ) (512 -320 256 ) (512 -320 224 ) (832 -320 224 ) 
4 117 123 (832 -320 224 ) (512 -320 224 ) (512 -256 224 ) (832 -256 224 ) 
4 118 130 (224 -288 224 ) (224 -256 224 ) (256 -256 224 ) (256 -288 224 ) 
4 118 119 (224 -256 256 ) (224 -256 240 ) (224 -320 240 ) (224 -320 256 ) 
4 120 122 (96 -256 254 ) (96 -320 254 ) (64 -320 254 ) (64 -256 254 ) 
4 120 121 (64 -256 254 ) (64 -320 254 ) (64 -320 256 ) (64 -256 256 ) 
4 121 375 (0 -320 254 ) (0 -320 256 ) (0 -192 256 ) (0 -192 254 ) 
4 121 122 (0 -192 254 ) (64 -192 254 ) (64 -320 254 ) (0 -320 254 ) 
4 122 375 (0 -320 240 ) (0 -320 254 ) (0 -192 254 ) (0 -192 240 ) 
4 123 133 (832 -320 160 ) (832 -320 224 ) (512 -320 224 ) (512 -320 160 ) 
4 124 129 (320 -192 223 ) (320 -96 223 ) (384 -96 223 ) (384 -192 223 ) 
4 124 125 (320 -160 223 ) (320 -192 223 ) (320 -192 224 ) (320 -160 224 ) 
4 125 129 (320 -224 223 ) (312 -224 223 ) (312 -160 223 ) (320 -160 223 ) 
4 126 129 (256 -224 223 ) (224 -224 223 ) (224 -160 223 ) (256 -160 223 ) 
4 126 128 (224 -192 223 ) (224 -224 223 ) (224 -224 224 ) (224 -192 224 ) 
4 127 129 (192 -128 223 ) (192 -96 223 ) (224 -96 223 ) (224 -128 223 ) 
4 128 129 (224 -224 223 ) (192 -224 223 ) (192 -192 223 ) (224 -192 223 ) 
4 130 131 (192 -288 223 ) (192 -256 223 ) (256 -256 223 ) (256 -288 223 ) 
4 132 170 (896 -320 160 ) (1024 -320 160 ) (1024 -336 160 ) (896 -336 160 ) 
4 132 135 (896 -336 160 ) (1024 -336 160 ) (1024 -336 192 ) (896 -336 192 ) 
4 133 136 (512 -336 160 ) (832 -336 160 ) (832 -336 416 ) (512 -336 416 ) 
4 134 332 (0 -320 512 ) (0 -320 384 ) (0 -336 384 ) (0 -336 512 ) 
4 134 143 (0 -336 512 ) (0 -336 384 ) (192 -336 384 ) (192 -336 512 ) 
4 135 170 (896 -336 160 ) (1024 -336 160 ) (1024 -416 160 ) (896 -416 160 ) 
4 135 145 (896 -416 160 ) (1024 -416 160 ) (1024 -416 192 ) (896 -416 192 ) 
4 136 140 (704 -384 160 ) (832 -384 160 ) (832 -384 224 ) (704 -384 224 ) 
4 136 142 (576 -384 160 ) (704 -384 160 ) (704 -384 224 ) (576 -384 224 ) 
4 136 137 (832 -384 224 ) (832 -384 288 ) (768 -384 288 ) (768 -384 224 ) 
4 136 139 (768 -384 288 ) (576 -384 288 ) (576 -384 224 ) (768 -384 224 ) 
4 137 140 (768 -384 224 ) (832 -384 224 ) (832 -392 224 ) (768 -392 224 ) 
4 137 139 (768 -384 224 ) (768 -392 224 ) (768 -392 288 ) (768 -384 288 ) 
4 138 146 (832 -416 224 ) (832 -416 288 ) (768 -416 288 ) (768 -416 224 ) 
4 138 141 (832 -400 224 ) (832 -416 224 ) (768 -416 224 ) (768 -400 224 ) 
4 138 139 (768 -400 224 ) (768 -416 224 ) (768 -416 288 ) (768 -400 288 ) 
4 139 150 (624 -416 288 ) (576 -416 288 ) (576 -416 224 ) (624 -416 224 ) 
4 139 146 (768 -416 288 ) (624 -416 288 ) (624 -416 224 ) (768 -416 224 ) 
4 139 140 (704 -384 224 ) (768 -384 224 ) (768 -392 224 ) (704 -392 224 ) 
4 139 141 (768 -400 224 ) (768 -416 224 ) (704 -416 224 ) (704 -400 224 ) 
4 139 142 (576 -416 224 ) (576 -384 224 ) (704 -384 224 ) (704 -416 224 ) 
4 140 142 (704 -392 224 ) (704 -384 224 ) (704 -384 160 ) (704 -392 160 ) 
4 141 149 (704 -416 160 ) (832 -416 160 ) (832 -416 196 ) (704 -416 196 ) 
4 141 147 (832 -416 196 ) (832 -416 224 ) (704 -416 224 ) (704 -416 196 ) 
4 141 142 (704 -416 160 ) (704 -416 224 ) (704 -400 224 ) (704 -400 160 ) 
4 142 150 (576 -416 160 ) (624 -416 160 ) (624 -416 224 ) (576 -416 224 ) 
4 142 149 (624 -416 160 ) (704 -416 160 ) (704 -416 196 ) (624 -416 196 ) 
4 142 147 (704 -416 196 ) (704 -416 224 ) (624 -416 224 ) (624 -416 196 ) 
4 143 334 (0 -336 576 ) (0 -336 384 ) (0 -416 384 ) (0 -416 576 ) 
4 143 152 (192 -416 384 ) (192 -416 512 ) (0 -416 512 ) (0 -416 384 ) 
4 143 144 (192 -416 512 ) (192 -416 576 ) (0 -416 576 ) (0 -416 512 ) 
4 144 334 (0 -464 576 ) (0 -416 576 ) (0 -416 512 ) (0 -464 512 ) 
4 144 152 (0 -464 512 ) (0 -416 512 ) (192 -416 512 ) (192 -464 512 ) 
4 145 213 (896 -1024 160 ) (1024 -1024 160 ) (1024 -1024 192 ) (896 -1024 192 ) 
4 145 194 (1024 -1024 160 ) (896 -1024 160 ) (896 -800 160 ) (1024 -800 160 ) 
4 145 179 (896 -800 160 ) (896 -608 160 ) (1024 -608 160 ) (1024 -800 160 ) 
4 145 171 (896 -608 160 ) (896 -416 160 ) (1024 -416 160 ) (1024 -608 160 ) 
4 145 148 (896 -416 192 ) (896 -416 160 ) (896 -800 160 ) (896 -800 192 ) 
4 146 150 (624 -416 352 ) (624 -416 224 ) (624 -608 224 ) (624 -608 352 ) 
4 146 147 (880 -800 224 ) (624 -800 224 ) (624 -416 224 ) (880 -416 224 ) 
4 147 150 (624 -608 224 ) (624 -416 224 ) (624 -416 196 ) (624 -608 196 ) 
4 147 149 (884 -800 196 ) (624 -800 196 ) (624 -416 196 ) (884 -416 196 ) 
4 148 180 (896 -608 160 ) (896 -800 160 ) (884 -800 160 ) (884 -608 160 ) 
4 148 172 (884 -416 160 ) (896 -416 160 ) (896 -608 160 ) (884 -608 160 ) 
4 148 149 (884 -800 160 ) (884 -800 196 ) (884 -416 196 ) (884 -416 160 ) 
4 149 186 (768 -800 160 ) (624 -800 160 ) (624 -608 160 ) (768 -608 160 ) 
4 149 181 (884 -608 160 ) (884 -800 160 ) (832 -800 160 ) (832 -608 160 ) 
4 149 178 (768 -480 160 ) (768 -608 160 ) (624 -608 160 ) (624 -480 160 ) 
4 149 173 (832 -416 160 ) (884 -416 160 ) (884 -608 160 ) (832 -608 160 ) 
4 149 150 (624 -608 196 ) (624 -416 196 ) (624 -416 160 ) (624 -608 160 ) 
4 150 178 (624 -480 160 ) (624 -608 160 ) (512 -608 160 ) (512 -480 160 ) 
4 150 151 (448 -608 160 ) (448 -608 352 ) (448 -480 352 ) (448 -480 160 ) 
4 151 157 (368 -608 162 ) (368 -608 222 ) (368 -480 222 ) (368 -480 162 ) 
4 151 156 (368 -608 222 ) (368 -608 224 ) (368 -480 224 ) (368 -480 222 ) 
4 151 166 (368 -480 160 ) (368 -608 160 ) (368 -608 162 ) (368 -480 162 ) 
4 151 153 (368 -544 352 ) (368 -480 352 ) (368 -480 224 ) (368 -544 224 ) 
4 152 334 (0 -464 512 ) (0 -416 512 ) (0 -416 384 ) (0 -464 384 ) 
4 153 156 (352 -544 224 ) (352 -416 224 ) (368 -416 224 ) (368 -544 224 ) 
4 153 154 (352 -544 232 ) (352 -544 352 ) (352 -416 352 ) (352 -416 232 ) 
4 154 155 (248 -672 232 ) (248 -672 352 ) (248 -416 352 ) (248 -416 232 ) 
4 155 168 (176 -608 352 ) (176 -480 352 ) (176 -480 224 ) (176 -608 224 ) 
4 155 156 (248 -672 224 ) (176 -672 224 ) (176 -416 224 ) (248 -416 224 ) 
4 156 168 (176 -608 224 ) (176 -480 224 ) (176 -480 222 ) (176 -608 222 ) 
4 156 163 (178 -478 222 ) (178 -476 222 ) (238 -476 222 ) (238 -478 222 ) 
4 156 162 (178 -476 222 ) (178 -416 222 ) (238 -416 222 ) (238 -476 222 ) 
4 156 164 (238 -672 222 ) (178 -672 222 ) (178 -478 222 ) (238 -478 222 ) 
4 156 165 (178 -672 222 ) (176 -672 222 ) (176 -416 222 ) (178 -416 222 ) 
4 156 159 (242 -606 222 ) (242 -418 222 ) (244 -418 222 ) (244 -606 222 ) 
4 156 158 (242 -418 222 ) (242 -416 222 ) (244 -416 222 ) (244 -418 222 ) 
4 156 160 (244 -672 222 ) (242 -672 222 ) (242 -606 222 ) (244 -606 222 ) 
4 156 157 (368 -672 222 ) (244 -672 222 ) (244 -416 222 ) (368 -416 222 ) 
4 156 161 (242 -672 222 ) (238 -672 222 ) (238 -416 222 ) (242 -416 222 ) 
4 157 159 (244 -418 162 ) (244 -606 162 ) (244 -606 222 ) (244 -418 222 ) 
4 157 158 (244 -416 162 ) (244 -418 162 ) (244 -418 222 ) (244 -416 222 ) 
4 157 160 (244 -606 162 ) (244 -672 162 ) (244 -672 222 ) (244 -606 222 ) 
4 157 166 (368 -672 162 ) (244 -672 162 ) (244 -416 162 ) (368 -416 162 ) 
4 158 161 (242 -416 162 ) (242 -418 162 ) (242 -418 222 ) (242 -416 222 ) 
4 158 166 (242 -418 162 ) (242 -416 162 ) (244 -416 162 ) (244 -418 162 ) 
4 158 159 (242 -418 222 ) (242 -418 162 ) (244 -418 162 ) (244 -418 222 ) 
4 159 160 (242 -606 222 ) (242 -606 162 ) (244 -606 162 ) (244 -606 222 ) 
4 159 161 (242 -418 162 ) (242 -606 162 ) (242 -606 222 ) (242 -418 222 ) 
4 159 166 (242 -606 162 ) (242 -418 162 ) (244 -418 162 ) (244 -606 162 ) 
4 160 166 (244 -672 162 ) (242 -672 162 ) (242 -606 162 ) (244 -606 162 ) 
4 160 161 (242 -606 162 ) (242 -672 162 ) (242 -672 222 ) (242 -606 222 ) 
4 161 163 (238 -476 162 ) (238 -478 162 ) (238 -478 222 ) (238 -476 222 ) 
4 161 162 (238 -416 162 ) (238 -476 162 ) (238 -476 222 ) (238 -416 222 ) 
4 161 164 (238 -478 162 ) (238 -672 162 ) (238 -672 222 ) (238 -478 222 ) 
4 161 166 (242 -672 162 ) (238 -672 162 ) (238 -416 162 ) (242 -416 162 ) 
4 162 166 (178 -476 162 ) (178 -416 162 ) (238 -416 162 ) (238 -476 162 ) 
4 162 165 (178 -416 162 ) (178 -476 162 ) (178 -476 222 ) (178 -416 222 ) 
4 162 163 (178 -476 222 ) (178 -476 162 ) (238 -476 162 ) (238 -476 222 ) 
4 163 164 (178 -478 222 ) (178 -478 162 ) (238 -478 162 ) (238 -478 222 ) 
4 163 166 (178 -478 162 ) (178 -476 162 ) (238 -476 162 ) (238 -478 162 ) 
4 163 165 (178 -476 162 ) (178 -478 162 ) (178 -478 222 ) (178 -476 222 ) 
4 164 165 (178 -478 162 ) (178 -672 162 ) (178 -672 222 ) (178 -478 222 ) 
4 164 166 (238 -672 162 ) (178 -672 162 ) (178 -478 162 ) (238 -478 162 ) 
4 165 168 (176 -608 222 ) (176 -480 222 ) (176 -480 162 ) (176 -608 162 ) 
4 165 166 (178 -672 162 ) (176 -672 162 ) (176 -416 162 ) (178 -416 162 ) 
4 166 193 (368 -670 160 ) (368 -672 160 ) (240 -672 160 ) (240 -670 160 ) 
4 166 192 (242 -670 160 ) (240 -670 160 ) (240 -610 160 ) (242 -610 160 ) 
4 166 191 (302 -670 160 ) (242 -670 160 ) (242 -610 160 ) (302 -610 160 ) 
4 166 189 (366 -670 160 ) (306 -670 160 ) (306 -610 160 ) (366 -610 160 ) 
4 166 188 (368 -610 160 ) (368 -670 160 ) (366 -670 160 ) (366 -610 160 ) 
4 166 190 (306 -670 160 ) (302 -670 160 ) (302 -610 160 ) (306 -610 160 ) 
4 166 187 (368 -608 160 ) (368 -610 160 ) (240 -610 160 ) (240 -608 160 ) 
4 166 168 (176 -608 162 ) (176 -480 162 ) (176 -480 160 ) (176 -608 160 ) 
4 167 378 (0 -416 256 ) (0 -416 160 ) (0 -480 160 ) (0 -480 256 ) 
4 167 337 (0 -464 256 ) (0 -480 256 ) (0 -480 352 ) (0 -464 352 ) 
4 167 335 (0 -416 352 ) (0 -416 256 ) (0 -464 256 ) (0 -464 352 ) 
4 167 169 (0 -480 160 ) (48 -480 160 ) (48 -480 352 ) (0 -480 352 ) 
4 167 168 (48 -480 160 ) (112 -480 160 ) (112 -480 352 ) (48 -480 352 ) 
4 168 169 (48 -480 352 ) (48 -480 160 ) (48 -544 160 ) (48 -544 352 ) 
4 169 378 (0 -480 160 ) (0 -544 160 ) (0 -544 256 ) (0 -480 256 ) 
4 169 341 (0 -544 256 ) (0 -544 352 ) (0 -480 352 ) (0 -480 256 ) 
4 170 195 (896 -320 152 ) (1024 -320 152 ) (1024 -416 152 ) (896 -416 152 ) 
4 170 171 (896 -416 152 ) (1024 -416 152 ) (1024 -416 160 ) (896 -416 160 ) 
4 171 195 (896 -416 152 ) (1024 -416 152 ) (1024 -608 152 ) (896 -608 152 ) 
4 171 179 (896 -608 152 ) (1024 -608 152 ) (1024 -608 160 ) (896 -608 160 ) 
4 171 176 (896 -416 156 ) (896 -416 152 ) (896 -608 152 ) (896 -608 156 ) 
4 171 174 (896 -416 158 ) (896 -416 156 ) (896 -608 156 ) (896 -608 158 ) 
4 171 172 (896 -416 160 ) (896 -416 158 ) (896 -608 158 ) (896 -608 160 ) 
4 172 180 (896 -608 158 ) (896 -608 160 ) (884 -608 160 ) (884 -608 158 ) 
4 172 174 (884 -416 158 ) (896 -416 158 ) (896 -608 158 ) (884 -608 158 ) 
4 172 173 (884 -416 160 ) (884 -416 158 ) (884 -608 158 ) (884 -608 160 ) 
4 173 181 (884 -608 160 ) (832 -608 160 ) (832 -608 158 ) (884 -608 158 ) 
4 173 175 (832 -608 158 ) (832 -416 158 ) (884 -416 158 ) (884 -608 158 ) 
4 174 182 (896 -608 156 ) (896 -608 158 ) (884 -608 158 ) (884 -608 156 ) 
4 174 176 (884 -416 156 ) (896 -416 156 ) (896 -608 156 ) (884 -608 156 ) 
4 174 175 (884 -416 156 ) (884 -608 156 ) (884 -608 158 ) (884 -416 158 ) 
4 175 183 (884 -608 158 ) (832 -608 158 ) (832 -608 156 ) (884 -608 156 ) 
4 175 177 (832 -608 156 ) (832 -416 156 ) (884 -416 156 ) (884 -608 156 ) 
4 176 196 (884 -416 152 ) (896 -416 152 ) (896 -608 152 ) (884 -608 152 ) 
4 176 184 (884 -608 152 ) (896 -608 152 ) (896 -608 156 ) (884 -608 156 ) 
4 176 177 (884 -608 152 ) (884 -608 156 ) (884 -416 156 ) (884 -416 152 ) 
4 177 197 (832 -416 152 ) (884 -416 152 ) (884 -608 152 ) (832 -608 152 ) 
4 177 185 (832 -608 152 ) (884 -608 152 ) (884 -608 156 ) (832 -608 156 ) 
4 178 186 (768 -608 156 ) (768 -608 160 ) (624 -608 160 ) (624 -608 156 ) 
4 179 195 (896 -608 152 ) (1024 -608 152 ) (1024 -800 152 ) (896 -800 152 ) 
4 179 194 (896 -800 152 ) (1024 -800 152 ) (1024 -800 160 ) (896 -800 160 ) 
4 179 184 (896 -608 156 ) (896 -608 152 ) (896 -800 152 ) (896 -800 156 ) 
4 179 182 (896 -608 158 ) (896 -608 156 ) (896 -800 156 ) (896 -800 158 ) 
4 179 180 (896 -608 160 ) (896 -608 158 ) (896 -800 158 ) (896 -800 160 ) 
4 180 182 (884 -608 158 ) (896 -608 158 ) (896 -800 158 ) (884 -800 158 ) 
4 180 181 (884 -608 160 ) (884 -608 158 ) (884 -800 158 ) (884 -800 160 ) 
4 181 183 (832 -800 158 ) (832 -608 158 ) (884 -608 158 ) (884 -800 158 ) 
4 182 184 (884 -608 156 ) (896 -608 156 ) (896 -800 156 ) (884 -800 156 ) 
4 182 183 (884 -608 156 ) (884 -800 156 ) (884 -800 158 ) (884 -608 158 ) 
4 183 185 (832 -800 156 ) (832 -608 156 ) (884 -608 156 ) (884 -800 156 ) 
4 184 196 (884 -608 152 ) (896 -608 152 ) (896 -800 152 ) (884 -800 152 ) 
4 184 185 (884 -800 152 ) (884 -800 156 ) (884 -608 156 ) (884 -608 152 ) 
4 185 197 (832 -608 152 ) (884 -608 152 ) (884 -800 152 ) (832 -800 152 ) 
4 187 202 (240 -608 152 ) (368 -608 152 ) (368 -610 152 ) (240 -610 152 ) 
4 187 192 (240 -610 160 ) (240 -610 152 ) (242 -610 152 ) (242 -610 160 ) 
4 187 191 (242 -610 152 ) (302 -610 152 ) (302 -610 160 ) (242 -610 160 ) 
4 187 189 (306 -610 152 ) (366 -610 152 ) (366 -610 160 ) (306 -610 160 ) 
4 187 188 (366 -610 152 ) (368 -610 152 ) (368 -610 160 ) (366 -610 160 ) 
4 187 190 (302 -610 152 ) (306 -610 152 ) (306 -610 160 ) (302 -610 160 ) 
4 188 202 (368 -610 152 ) (368 -670 152 ) (366 -670 152 ) (366 -610 152 ) 
4 188 193 (366 -670 152 ) (368 -670 152 ) (368 -670 160 ) (366 -670 160 ) 
4 188 189 (366 -610 160 ) (366 -610 152 ) (366 -670 152 ) (366 -670 160 ) 
4 189 202 (366 -670 152 ) (306 -670 152 ) (306 -610 152 ) (366 -610 152 ) 
4 189 193 (306 -670 152 ) (366 -670 152 ) (366 -670 160 ) (306 -670 160 ) 
4 189 190 (306 -610 160 ) (306 -610 152 ) (306 -670 152 ) (306 -670 160 ) 
4 190 202 (306 -670 152 ) (302 -670 152 ) (302 -610 152 ) (306 -610 152 ) 
4 190 193 (302 -670 152 ) (306 -670 152 ) (306 -670 160 ) (302 -670 160 ) 
4 190 191 (302 -610 160 ) (302 -610 152 ) (302 -670 152 ) (302 -670 160 ) 
4 191 202 (302 -670 152 ) (242 -670 152 ) (242 -610 152 ) (302 -610 152 ) 
4 191 193 (242 -670 152 ) (302 -670 152 ) (302 -670 160 ) (242 -670 160 ) 
4 191 192 (242 -610 160 ) (242 -610 152 ) (242 -670 152 ) (242 -670 160 ) 
4 192 202 (242 -670 152 ) (240 -670 152 ) (240 -610 152 ) (242 -610 152 ) 
4 192 193 (240 -670 160 ) (240 -670 152 ) (242 -670 152 ) (242 -670 160 ) 
4 193 202 (368 -670 152 ) (368 -672 152 ) (240 -672 152 ) (240 -670 152 ) 
4 194 213 (896 -1024 152 ) (1024 -1024 152 ) (1024 -1024 160 ) (896 -1024 160 ) 
4 194 195 (896 -800 152 ) (1024 -800 152 ) (1024 -1024 152 ) (896 -1024 152 ) 
4 195 213 (1024 -1024 -896 ) (1024 -1024 152 ) (896 -1024 152 ) (896 -1024 -896 ) 
4 195 196 (896 -800 152 ) (896 -416 152 ) (896 -416 96 ) (896 -800 96 ) 
4 196 197 (884 -416 152 ) (884 -416 96 ) (884 -800 96 ) (884 -800 152 ) 
4 198 205 (496 -608 -304 ) (496 -736 -304 ) (496 -736 -176 ) (496 -608 -176 ) 
4 199 203 (496 -864 80 ) (496 -736 80 ) (496 -736 -48 ) (496 -864 -48 ) 
4 200 205 (368 -480 -560 ) (496 -480 -560 ) (496 -480 -304 ) (368 -480 -304 ) 
4 201 203 (368 -480 -48 ) (368 -480 80 ) (240 -480 80 ) (240 -480 -48 ) 
4 202 210 (112 -608 80 ) (112 -736 80 ) (112 -736 152 ) (112 -608 152 ) 
4 202 204 (112 -736 80 ) (112 -480 80 ) (240 -480 80 ) (240 -736 80 ) 
4 202 203 (240 -480 80 ) (496 -480 80 ) (496 -736 80 ) (240 -736 80 ) 
4 203 205 (240 -480 -48 ) (496 -480 -48 ) (496 -736 -48 ) (240 -736 -48 ) 
4 203 204 (240 -480 -48 ) (240 -744 -48 ) (240 -744 80 ) (240 -480 80 ) 
4 204 210 (112 -608 -48 ) (112 -736 -48 ) (112 -736 80 ) (112 -608 80 ) 
4 204 206 (112 -744 -48 ) (112 -480 -48 ) (240 -480 -48 ) (240 -744 -48 ) 
4 205 209 (240 -608 -560 ) (240 -736 -560 ) (240 -736 -304 ) (240 -608 -304 ) 
4 205 207 (240 -480 -304 ) (240 -480 -560 ) (240 -608 -560 ) (240 -608 -304 ) 
4 205 206 (240 -736 -48 ) (240 -480 -48 ) (240 -480 -304 ) (240 -736 -304 ) 
4 206 210 (112 -608 -304 ) (112 -736 -304 ) (112 -736 -48 ) (112 -608 -48 ) 
4 206 209 (112 -752 -304 ) (112 -608 -304 ) (240 -608 -304 ) (240 -752 -304 ) 
4 206 207 (128 -480 -304 ) (240 -480 -304 ) (240 -608 -304 ) (128 -608 -304 ) 
4 207 209 (240 -608 -560 ) (240 -608 -304 ) (128 -608 -304 ) (128 -608 -560 ) 
4 207 208 (128 -608 -560 ) (128 -608 -432 ) (128 -480 -432 ) (128 -480 -560 ) 
4 208 209 (112 -608 -432 ) (112 -608 -560 ) (128 -608 -560 ) (128 -608 -432 ) 
4 209 210 (112 -608 -560 ) (112 -736 -560 ) (112 -736 -304 ) (112 -608 -304 ) 
4 211 212 (1152 -1024 -896 ) (1152 -1152 -896 ) (1152 -1152 192 ) (1152 -1024 192 ) 
4 212 213 (1024 -1024 192 ) (1024 -1024 -896 ) (1024 -1152 -896 ) (1024 -1152 192 ) 
4 215 240 (-320 448 512 ) (-288 448 512 ) (-288 256 512 ) (-320 256 512 ) 
4 215 221 (-256 448 512 ) (-128 448 512 ) (-128 256 512 ) (-256 256 512 ) 
4 215 224 (-288 448 512 ) (-256 448 512 ) (-256 256 512 ) (-288 256 512 ) 
4 215 220 (-96 384 512 ) (-96 256 512 ) (-128 256 512 ) (-128 384 512 ) 
4 216 321 (0 0 544 ) (0 0 768 ) (-224 0 768 ) (-224 0 544 ) 
4 216 217 (-32 0 544 ) (-160 0 544 ) (-160 64 544 ) (-32 64 544 ) 
4 217 325 (-32 0 544 ) (-160 0 544 ) (-160 0 512 ) (-32 0 512 ) 
4 217 228 (-32 0 512 ) (-160 0 512 ) (-160 64 512 ) (-32 64 512 ) 
4 218 355 (-288 0 520 ) (-288 0 512 ) (-256 0 512 ) (-256 0 520 ) 
4 218 229 (-256 0 512 ) (-286 0 512 ) (-286 64 512 ) (-256 64 512 ) 
4 218 239 (-286 0 512 ) (-288 0 512 ) (-288 64 512 ) (-286 64 512 ) 
4 219 222 (-128 512 384 ) (-128 512 512 ) (-256 512 512 ) (-256 512 384 ) 
4 220 225 (-128 224 256 ) (0 224 256 ) (0 224 512 ) (-128 224 512 ) 
4 220 221 (-128 224 384 ) (-128 224 512 ) (-128 384 512 ) (-128 384 384 ) 
4 220 223 (-128 384 256 ) (-128 224 256 ) (-128 224 384 ) (-128 384 384 ) 
4 221 225 (-128 224 384 ) (-128 224 512 ) (-256 224 512 ) (-256 224 384 ) 
4 221 223 (-256 224 384 ) (-256 488 384 ) (-128 512 384 ) (-128 224 384 ) 
4 221 224 (-256 488 384 ) (-256 224 384 ) (-256 224 512 ) (-256 488 512 ) 
4 221 222 (-128 512 512 ) (-128 512 384 ) (-256 488 384 ) (-256 488 512 ) 
3 222 223 (-256 488 384 ) (-256 512 384 ) (-128 512 384 ) 
4 222 224 (-256 512 512 ) (-256 512 384 ) (-256 488 384 ) (-256 488 512 ) 
4 223 225 (-256 224 256 ) (-128 224 256 ) (-128 224 384 ) (-256 224 384 ) 
4 223 224 (-256 512 384 ) (-256 512 256 ) (-256 224 256 ) (-256 224 384 ) 
4 224 242 (-288 512 256 ) (-288 224 256 ) (-288 224 384 ) (-288 512 384 ) 
4 224 240 (-288 224 384 ) (-288 224 512 ) (-288 512 512 ) (-288 512 384 ) 
4 224 225 (-288 224 512 ) (-288 224 256 ) (-256 224 256 ) (-256 224 512 ) 
4 225 243 (-288 224 256 ) (-288 192 256 ) (-288 192 384 ) (-288 224 384 ) 
4 225 241 (-288 192 384 ) (-288 192 512 ) (-288 224 512 ) (-288 224 384 ) 
4 225 230 (0 192 258 ) (0 192 510 ) (-286 192 510 ) (-286 192 258 ) 
4 225 227 (-32 192 512 ) (-160 192 512 ) (-160 192 510 ) (-32 192 510 ) 
4 225 226 (0 192 510 ) (0 192 512 ) (-32 192 512 ) (-32 192 510 ) 
4 225 229 (-160 192 512 ) (-286 192 512 ) (-286 192 510 ) (-160 192 510 ) 
4 225 238 (-286 192 256 ) (0 192 256 ) (0 192 258 ) (-286 192 258 ) 
4 225 239 (-288 192 512 ) (-288 192 256 ) (-286 192 256 ) (-286 192 512 ) 
4 226 322 (0 0 510 ) (0 0 512 ) (-32 0 512 ) (-32 0 510 ) 
4 226 233 (0 187 510 ) (0 0 510 ) (-32 0 510 ) (-32 187 510 ) 
4 226 231 (0 189 510 ) (0 187 510 ) (-32 187 510 ) (-32 189 510 ) 
4 226 230 (-32 192 510 ) (0 192 510 ) (0 189 510 ) (-32 189 510 ) 
4 226 228 (-32 64 510 ) (-32 0 510 ) (-32 0 512 ) (-32 64 512 ) 
4 226 227 (-32 192 512 ) (-32 192 510 ) (-32 64 510 ) (-32 64 512 ) 
4 227 234 (-32 187 510 ) (-32 64 510 ) (-160 64 510 ) (-160 187 510 ) 
4 227 231 (-32 189 510 ) (-32 187 510 ) (-160 187 510 ) (-160 189 510 ) 
4 227 230 (-160 192 510 ) (-32 192 510 ) (-32 189 510 ) (-160 189 510 ) 
4 227 229 (-160 192 512 ) (-160 192 510 ) (-160 64 510 ) (-160 64 512 ) 
4 227 228 (-160 64 512 ) (-160 64 510 ) (-32 64 510 ) (-32 64 512 ) 
4 228 327 (-32 0 512 ) (-160 0 512 ) (-160 0 510 ) (-32 0 510 ) 
4 228 236 (-32 64 510 ) (-32 0 510 ) (-160 0 510 ) (-160 64 510 ) 
4 228 229 (-160 64 510 ) (-160 0 510 ) (-160 0 512 ) (-160 64 512 ) 
4 229 369 (-256 0 512 ) (-286 0 512 ) (-286 0 510 ) (-256 0 510 ) 
4 229 357 (-224 0 512 ) (-256 0 512 ) (-256 0 510 ) (-224 0 510 ) 
4 229 328 (-160 0 512 ) (-224 0 512 ) (-224 0 510 ) (-160 0 510 ) 
4 229 237 (-286 0 510 ) (-286 187 510 ) (-160 187 510 ) (-160 0 510 ) 
4 229 231 (-286 187 510 ) (-286 189 510 ) (-160 189 510 ) (-160 187 510 ) 
4 229 230 (-286 189 510 ) (-286 192 510 ) (-160 192 510 ) (-160 189 510 ) 
4 229 239 (-286 192 512 ) (-286 192 510 ) (-286 0 510 ) (-286 0 512 ) 
4 230 232 (-286 189 258 ) (0 189 258 ) (0 189 384 ) (-286 189 384 ) 
4 230 231 (0 189 384 ) (0 189 510 ) (-286 189 510 ) (-286 189 384 ) 
4 230 238 (-286 189 258 ) (-286 192 258 ) (0 192 258 ) (0 189 258 ) 
4 230 239 (-286 192 510 ) (-286 192 258 ) (-286 189 258 ) (-286 189 510 ) 
4 231 234 (-32 187 510 ) (-160 187 510 ) (-160 187 384 ) (-32 187 384 ) 
4 231 233 (0 187 384 ) (0 187 510 ) (-32 187 510 ) (-32 187 384 ) 
4 231 237 (-160 187 510 ) (-286 187 510 ) (-286 187 384 ) (-160 187 384 ) 
4 231 239 (-286 187 384 ) (-286 187 510 ) (-286 189 510 ) (-286 189 384 ) 
4 231 232 (0 187 384 ) (-286 187 384 ) (-286 189 384 ) (0 189 384 ) 
4 232 234 (-160 187 258 ) (-32 187 258 ) (-32 187 384 ) (-160 187 384 ) 
4 232 233 (-32 187 258 ) (0 187 258 ) (0 187 384 ) (-32 187 384 ) 
4 232 237 (-286 187 258 ) (-160 187 258 ) (-160 187 384 ) (-286 187 384 ) 
4 232 239 (-286 189 258 ) (-286 187 258 ) (-286 187 384 ) (-286 189 384 ) 
4 232 238 (-286 187 258 ) (-286 189 258 ) (0 189 258 ) (0 187 258 ) 
4 233 322 (0 0 258 ) (0 0 510 ) (-32 0 510 ) (-32 0 258 ) 
4 233 236 (-32 0 506 ) (-32 0 510 ) (-32 64 510 ) (-32 64 504 ) 
4 233 235 (-32 64 258 ) (-32 0 258 ) (-32 0 506 ) (-32 64 504 ) 
4 233 234 (-32 187 510 ) (-32 187 258 ) (-32 64 258 ) (-32 64 510 ) 
4 233 238 (0 0 258 ) (-32 0 258 ) (-32 187 258 ) (0 187 258 ) 
4 234 236 (-160 64 510 ) (-160 64 504 ) (-32 64 504 ) (-32 64 510 ) 
4 234 235 (-160 64 504 ) (-160 64 258 ) (-32 64 258 ) (-32 64 504 ) 
4 234 238 (-160 64 258 ) (-160 187 258 ) (-32 187 258 ) (-32 64 258 ) 
4 234 237 (-160 187 510 ) (-160 187 258 ) (-160 64 258 ) (-160 64 510 ) 
4 235 326 (-160 0 506 ) (-160 0 258 ) (-32 0 258 ) (-32 0 506 ) 
4 235 237 (-160 64 258 ) (-160 0 258 ) (-160 0 506 ) (-160 64 504 ) 
4 235 238 (-32 0 258 ) (-160 0 258 ) (-160 64 258 ) (-32 64 258 ) 
4 235 236 (-32 64 504 ) (-160 64 504 ) (-160 0 506 ) (-32 0 506 ) 
4 236 327 (-32 0 510 ) (-160 0 510 ) (-160 0 506 ) (-32 0 506 ) 
4 236 237 (-160 0 506 ) (-160 0 510 ) (-160 64 510 ) (-160 64 504 ) 
4 237 370 (-286 0 384 ) (-286 0 258 ) (-256 0 258 ) (-256 0 384 ) 
4 237 369 (-256 0 510 ) (-286 0 510 ) (-286 0 384 ) (-256 0 384 ) 
4 237 364 (-256 0 384 ) (-256 0 258 ) (-224 0 258 ) (-224 0 384 ) 
4 237 361 (-256 0 447 ) (-256 0 384 ) (-224 0 384 ) (-224 0 447 ) 
4 237 359 (-256 0 448 ) (-256 0 447 ) (-224 0 447 ) (-224 0 448 ) 
4 237 357 (-224 0 510 ) (-256 0 510 ) (-256 0 448 ) (-224 0 448 ) 
4 237 328 (-160 0 510 ) (-224 0 510 ) (-224 0 258 ) (-160 0 258 ) 
4 237 238 (-160 0 258 ) (-286 0 258 ) (-286 187 258 ) (-160 187 258 ) 
4 237 239 (-286 187 258 ) (-286 0 258 ) (-286 0 510 ) (-286 187 510 ) 
4 238 370 (-256 0 258 ) (-286 0 258 ) (-286 0 256 ) (-256 0 256 ) 
4 238 367 (-256 0 257 ) (-256 0 256 ) (-224 0 256 ) (-224 0 257 ) 
4 238 364 (-224 0 258 ) (-256 0 258 ) (-256 0 257 ) (-224 0 257 ) 
4 238 326 (-32 0 258 ) (-160 0 258 ) (-160 0 256 ) (-32 0 256 ) 
4 238 328 (-160 0 258 ) (-224 0 258 ) (-224 0 256 ) (-160 0 256 ) 
4 238 322 (0 0 256 ) (0 0 258 ) (-32 0 258 ) (-32 0 256 ) 
4 238 275 (-160 32 256 ) (-160 160 256 ) (-32 160 256 ) (-32 32 256 ) 
4 238 239 (-286 192 258 ) (-286 192 256 ) (-286 0 256 ) (-286 0 258 ) 
4 239 370 (-288 0 384 ) (-288 0 256 ) (-286 0 256 ) (-286 0 384 ) 
4 239 369 (-286 0 512 ) (-288 0 512 ) (-288 0 384 ) (-286 0 384 ) 
4 240 244 (-320 480 512 ) (-320 512 512 ) (-320 512 384 ) (-320 480 384 ) 
4 240 242 (-320 224 384 ) (-320 512 384 ) (-288 512 384 ) (-288 224 384 ) 
4 240 241 (-320 224 512 ) (-320 224 384 ) (-288 224 384 ) (-288 224 512 ) 
4 241 243 (-320 192 384 ) (-320 224 384 ) (-288 224 384 ) (-288 192 384 ) 
4 242 246 (-320 288 256 ) (-320 224 256 ) (-320 224 320 ) (-320 288 320 ) 
4 242 245 (-320 448 256 ) (-320 320 256 ) (-320 320 384 ) (-320 448 384 ) 
4 242 244 (-320 512 256 ) (-320 480 256 ) (-320 480 384 ) (-320 512 384 ) 
4 242 243 (-288 224 256 ) (-288 224 384 ) (-320 224 384 ) (-320 224 256 ) 
4 245 254 (-352 448 256 ) (-352 320 256 ) (-352 320 382 ) (-352 448 382 ) 
4 245 253 (-352 320 382 ) (-352 320 384 ) (-352 448 384 ) (-352 448 382 ) 
4 247 260 (-576 448 448 ) (-608 448 448 ) (-608 448 384 ) (-576 448 384 ) 
4 247 259 (-576 448 446 ) (-576 448 384 ) (-512 448 384 ) (-512 448 446 ) 
4 247 258 (-512 448 448 ) (-576 448 448 ) (-576 448 446 ) (-512 448 446 ) 
4 247 248 (-512 448 384 ) (-608 448 384 ) (-608 480 384 ) (-512 480 384 ) 
4 248 260 (-608 448 256 ) (-576 448 256 ) (-576 448 384 ) (-608 448 384 ) 
4 248 259 (-576 448 256 ) (-512 448 256 ) (-512 448 384 ) (-576 448 384 ) 
4 248 257 (-512 448 256 ) (-480 448 256 ) (-480 448 384 ) (-512 448 384 ) 
4 248 249 (-608 480 256 ) (-608 448 256 ) (-608 448 384 ) (-608 480 384 ) 
4 249 261 (-624 448 256 ) (-608 448 256 ) (-608 448 384 ) (-624 448 384 ) 
4 249 250 (-624 480 256 ) (-624 448 256 ) (-624 448 384 ) (-624 480 384 ) 
5 250 276 (-624 656 256 ) (-624 448 256 ) (-796.800049 448 256 ) (-824 538.666687 256 ) (-824 656 256 ) 
4 250 262 (-796.799988 448 256 ) (-624 448 256 ) (-624 448 768 ) (-796.800049 448 768 ) 
4 250 251 (-824 538.662109 768 ) (-824 538.662109 256 ) (-804.002686 472.004272 256 ) (-804.002686 472.004272 768 ) 
4 250 252 (-824 656 768 ) (-824 656 256 ) (-824 538.666687 256 ) (-824 538.666687 768 ) 
3 251 277 (-824 504 256 ) (-824 538.666687 256 ) (-804 472 256 ) 
4 251 252 (-824 538.666687 256 ) (-824 504 256 ) (-824 504 768 ) (-824 538.666687 768 ) 
4 252 305 (-1024 588 256 ) (-1024 448 256 ) (-1024 448 314 ) (-1024 588 314 ) 
4 252 303 (-1024 656 256 ) (-1024 588 256 ) (-1024 588 314 ) (-1024 656 314 ) 
4 252 294 (-1024 584 372 ) (-1024 656 372 ) (-1024 656 314 ) (-1024 584 314 ) 
4 252 297 (-1024 448 314 ) (-1024 448 372 ) (-1024 584 372 ) (-1024 584 314 ) 
4 252 285 (-1024 448 372 ) (-1024 448 768 ) (-1024 656 768 ) (-1024 656 372 ) 
4 252 279 (-824 448 256 ) (-1024 448 256 ) (-1024 656 256 ) (-824 656 256 ) 
4 252 265 (-1024 448 768 ) (-1024 448 256 ) (-824 448 256 ) (-824 448 768 ) 
4 253 255 (-416 448 384 ) (-416 448 382 ) (-416 320 382 ) (-416 320 384 ) 
4 253 254 (-352 320 382 ) (-416 320 382 ) (-416 448 382 ) (-352 448 382 ) 
4 254 255 (-416 448 382 ) (-416 448 256 ) (-416 320 256 ) (-416 320 382 ) 
4 255 256 (-430 320 256 ) (-430 320 384 ) (-430 448 384 ) (-430 448 256 ) 
4 256 257 (-431 320 256 ) (-431 320 384 ) (-431 448 384 ) (-431 448 256 ) 
4 257 270 (-512 320 256 ) (-480 320 256 ) (-480 320 384 ) (-512 320 384 ) 
4 257 259 (-512 448 384 ) (-512 448 256 ) (-512 320 256 ) (-512 320 384 ) 
4 258 266 (-512 320 446 ) (-512 320 448 ) (-576 320 448 ) (-576 320 446 ) 
4 258 260 (-576 448 448 ) (-576 448 446 ) (-576 320 446 ) (-576 320 448 ) 
4 258 259 (-576 320 446 ) (-576 448 446 ) (-512 448 446 ) (-512 320 446 ) 
4 259 270 (-576 320 256 ) (-512 320 256 ) (-512 320 384 ) (-576 320 384 ) 
4 259 266 (-512 320 384 ) (-512 320 446 ) (-576 320 446 ) (-576 320 384 ) 
4 259 260 (-576 448 446 ) (-576 448 256 ) (-576 320 256 ) (-576 320 446 ) 
4 260 270 (-608 320 256 ) (-576 320 256 ) (-576 320 384 ) (-608 320 384 ) 
4 260 266 (-576 320 384 ) (-576 320 448 ) (-608 320 448 ) (-608 320 384 ) 
4 260 261 (-608 320 256 ) (-608 320 384 ) (-608 448 384 ) (-608 448 256 ) 
4 261 270 (-624 320 256 ) (-608 320 256 ) (-608 320 384 ) (-624 320 384 ) 
4 261 264 (-624 320 256 ) (-624 320 384 ) (-624 336 384 ) (-624 336 256 ) 
4 261 263 (-624 336 384 ) (-624 432 384 ) (-624 432 256 ) (-624 336 256 ) 
4 261 262 (-624 432 384 ) (-624 448 384 ) (-624 448 256 ) (-624 432 256 ) 
4 262 276 (-796.799988 448 256 ) (-624 448 256 ) (-624 432 256 ) (-792 432 256 ) 
4 262 263 (-792 432 256 ) (-624 432 256 ) (-624 432 768 ) (-792 432 768 ) 
4 263 280 (-824 336 256 ) (-824 432 256 ) (-624 432 256 ) (-624 336 256 ) 
4 263 264 (-792 336 256 ) (-624 336 256 ) (-624 336 768 ) (-792 336 768 ) 
4 263 265 (-824 336 768 ) (-824 432 768 ) (-824 432 256 ) (-824 336 256 ) 
4 264 282 (-789 320 256 ) (-796.799988 320 256 ) (-792 336 256 ) (-779 336 256 ) 
4 264 281 (-624 320 256 ) (-789 320 256 ) (-779 336 256 ) (-624 336 256 ) 
4 264 271 (-796.799988 320 256 ) (-789 320 256 ) (-789 320 384 ) (-796.799988 320 384 ) 
4 264 270 (-789 320 256 ) (-624 320 256 ) (-624 320 384 ) (-789 320 384 ) 
4 264 268 (-789 320 768 ) (-796.799988 320 768 ) (-796.799988 320 384 ) (-789 320 384 ) 
4 264 267 (-624 320 384 ) (-624 320 768 ) (-789 320 768 ) (-789 320 384 ) 
4 265 305 (-1024 448 256 ) (-1024 320 256 ) (-1024 320 314 ) (-1024 448 314 ) 
4 265 297 (-1024 320 314 ) (-1024 320 372 ) (-1024 448 372 ) (-1024 448 314 ) 
4 265 285 (-1024 320 372 ) (-1024 320 768 ) (-1024 448 768 ) (-1024 448 372 ) 
4 265 284 (-824 320 256 ) (-1024 320 256 ) (-1024 432 256 ) (-824 432 256 ) 
4 265 279 (-1024 432 256 ) (-1024 448 256 ) (-824 448 256 ) (-824 432 256 ) 
4 265 272 (-1024 320 256 ) (-824 320 256 ) (-824 320 384 ) (-1024 320 384 ) 
4 265 269 (-824 320 384 ) (-824 320 768 ) (-1024 320 768 ) (-1024 320 384 ) 
4 266 270 (-512 288 384 ) (-608 288 384 ) (-608 320 384 ) (-512 320 384 ) 
4 267 273 (-809 288 384 ) (-624 288 384 ) (-624 288 768 ) (-809 288 768 ) 
4 267 270 (-624 288 384 ) (-809 288 384 ) (-789 320 384 ) (-624 320 384 ) 
4 267 268 (-789.001221 320 384 ) (-803.998901 296.003723 384 ) (-803.998901 296.003723 768 ) (-789.001221 320 768 ) 
3 268 271 (-796.799988 320 384 ) (-789 320 384 ) (-804 296 384 ) 
4 269 285 (-1024 288 384 ) (-1024 288 768 ) (-1024 320 768 ) (-1024 320 384 ) 
4 269 274 (-1024 288 768 ) (-1024 288 384 ) (-824 288 384 ) (-824 288 768 ) 
4 269 272 (-824 288 384 ) (-1024 288 384 ) (-1024 320 384 ) (-824 320 384 ) 
4 270 281 (-624 288 256 ) (-809 288 256 ) (-789 320 256 ) (-624 320 256 ) 
4 270 273 (-809 288 256 ) (-624 288 256 ) (-624 288 384 ) (-809 288 384 ) 
4 270 271 (-803.998901 296.003723 384 ) (-789.001221 320 384 ) (-789.001221 320 256 ) (-803.998901 296.003723 256 ) 
3 271 282 (-796.799988 320 256 ) (-789 320 256 ) (-804 296 256 ) 
4 272 305 (-1024 320 256 ) (-1024 288 256 ) (-1024 288 314 ) (-1024 320 314 ) 
4 272 298 (-1024 288 314 ) (-1024 288 372 ) (-1024 304 372 ) (-1024 304 314 ) 
4 272 297 (-1024 304 372 ) (-1024 320 372 ) (-1024 320 314 ) (-1024 304 314 ) 
4 272 285 (-1024 288 372 ) (-1024 288 384 ) (-1024 320 384 ) (-1024 320 372 ) 
4 272 284 (-824 288 256 ) (-1024 288 256 ) (-1024 320 256 ) (-824 320 256 ) 
4 272 274 (-1024 288 384 ) (-1024 288 256 ) (-824 288 256 ) (-824 288 384 ) 
5 273 281 (-809 288 256 ) (-624 288 256 ) (-624 112 256 ) (-824 112 256 ) (-824 264 256 ) 
4 273 274 (-824 112 256 ) (-824 112 768 ) (-824 264 768 ) (-824 264 256 ) 
4 274 307 (-1024 180 256 ) (-1024 112 256 ) (-1024 112 314 ) (-1024 180 314 ) 
4 274 305 (-1024 288 256 ) (-1024 180 256 ) (-1024 180 314 ) (-1024 288 314 ) 
4 274 299 (-1024 112 314 ) (-1024 112 372 ) (-1024 184 372 ) (-1024 184 314 ) 
4 274 298 (-1024 184 372 ) (-1024 288 372 ) (-1024 288 314 ) (-1024 184 314 ) 
4 274 285 (-1024 112 372 ) (-1024 112 768 ) (-1024 288 768 ) (-1024 288 372 ) 
4 274 284 (-1024 112 256 ) (-1024 288 256 ) (-824 288 256 ) (-824 112 256 ) 
4 276 280 (-624 432 188 ) (-624 432 256 ) (-792 432 256 ) (-792 432 188 ) 
4 276 277 (-824 538.664063 256 ) (-824 538.664063 188 ) (-804.001526 472.002502 188 ) (-804.001526 472.002502 256 ) 
5 276 278 (-624 432 188 ) (-792 432 188 ) (-824 538.666748 188 ) (-824 656 188 ) (-624 656 188 ) 
4 276 279 (-824 656 256 ) (-824 656 188 ) (-824 538.666748 188 ) (-824 538.666748 256 ) 
4 277 279 (-824 538.666748 188 ) (-824 504 188 ) (-824 504 256 ) (-824 538.666748 256 ) 
3 277 278 (-824 504 188 ) (-824 538.666748 188 ) (-804 472 188 ) 
4 278 280 (-824 432 0 ) (-624 432 0 ) (-624 432 188 ) (-824 432 188 ) 
4 278 279 (-824 656 188 ) (-824 656 0 ) (-824 432 0 ) (-824 432 188 ) 
4 279 320 (-1024 656 0 ) (-1024 432 0 ) (-1024 432 128 ) (-1024 656 128 ) 
4 279 314 (-1024 432 128 ) (-1024 432 206 ) (-1024 656 206 ) (-1024 656 128 ) 
4 279 305 (-1024 432 206 ) (-1024 432 256 ) (-1024 588 256 ) (-1024 588 206 ) 
4 279 303 (-1024 588 256 ) (-1024 656 256 ) (-1024 656 206 ) (-1024 588 206 ) 
4 279 284 (-1024 432 0 ) (-824 432 0 ) (-824 432 256 ) (-1024 432 256 ) 
4 280 282 (-792 336 188 ) (-779 336 188 ) (-779 336 256 ) (-792 336 256 ) 
4 280 281 (-779 336 188 ) (-624 336 188 ) (-624 336 256 ) (-779 336 256 ) 
4 280 283 (-824 336 188 ) (-824 336 0 ) (-624 336 0 ) (-624 336 188 ) 
4 280 284 (-824 432 256 ) (-824 432 0 ) (-824 336 0 ) (-824 336 256 ) 
4 281 282 (-779.003906 336 256 ) (-779.003906 336 188 ) (-803.996399 296.012024 188 ) (-803.996399 296.012024 256 ) 
5 281 283 (-624 112 188 ) (-824 112 188 ) (-824 264 188 ) (-779 336 188 ) (-624 336 188 ) 
4 281 284 (-824 112 188 ) (-824 112 256 ) (-824 264 256 ) (-824 264 188 ) 
3 282 283 (-792 336 188 ) (-779 336 188 ) (-804 296 188 ) 
4 283 284 (-824 336 0 ) (-824 112 0 ) (-824 112 188 ) (-824 336 188 ) 
4 284 320 (-1024 432 0 ) (-1024 112 0 ) (-1024 112 128 ) (-1024 432 128 ) 
4 284 314 (-1024 112 128 ) (-1024 112 206 ) (-1024 432 206 ) (-1024 432 128 ) 
4 284 307 (-1024 112 206 ) (-1024 112 256 ) (-1024 180 256 ) (-1024 180 206 ) 
4 284 305 (-1024 180 256 ) (-1024 432 256 ) (-1024 432 206 ) (-1024 180 206 ) 
4 285 299 (-1024 112 372 ) (-1032 112 372 ) (-1032 184 372 ) (-1024 184 372 ) 
4 285 298 (-1032 184 372 ) (-1032 304 372 ) (-1024 304 372 ) (-1024 184 372 ) 
4 285 294 (-1032 584 372 ) (-1032 656 372 ) (-1024 656 372 ) (-1024 584 372 ) 
4 285 297 (-1032 304 372 ) (-1032 584 372 ) (-1024 584 372 ) (-1024 304 372 ) 
4 285 291 (-1032 112 410 ) (-1032 112 442 ) (-1032 152 442 ) (-1032 152 410 ) 
4 285 290 (-1032 112 442 ) (-1032 112 768 ) (-1032 272 768 ) (-1032 272 442 ) 
4 285 292 (-1032 272 372 ) (-1032 112 372 ) (-1032 112 410 ) (-1032 272 410 ) 
4 285 289 (-1032 496 372 ) (-1032 272 372 ) (-1032 272 768 ) (-1032 496 768 ) 
4 285 287 (-1032 496 442 ) (-1032 496 768 ) (-1032 616 768 ) (-1032 616 442 ) 
4 285 288 (-1032 616 372 ) (-1032 496 372 ) (-1032 496 410 ) (-1032 616 410 ) 
4 285 286 (-1032 656 372 ) (-1032 616 372 ) (-1032 616 768 ) (-1032 656 768 ) 
4 286 295 (-1164 656 372 ) (-1092 656 372 ) (-1092 616 372 ) (-1164 616 372 ) 
4 286 294 (-1092 656 372 ) (-1032 656 372 ) (-1032 616 372 ) (-1092 616 372 ) 
4 286 296 (-1224 616 372 ) (-1224 656 372 ) (-1164 656 372 ) (-1164 616 372 ) 
4 286 293 (-1224 656 372 ) (-1224 616 372 ) (-1224 616 768 ) (-1224 656 768 ) 
4 286 287 (-1224 616 768 ) (-1224 616 442 ) (-1032 616 442 ) (-1032 616 768 ) 
4 286 288 (-1224 616 410 ) (-1224 616 372 ) (-1032 616 372 ) (-1032 616 410 ) 
4 287 293 (-1224 496 442 ) (-1224 496 768 ) (-1224 616 768 ) (-1224 616 442 ) 
4 287 289 (-1224 496 768 ) (-1224 496 442 ) (-1032 496 442 ) (-1032 496 768 ) 
4 288 295 (-1164 616 372 ) (-1092 616 372 ) (-1092 584 372 ) (-1164 584 372 ) 
4 288 294 (-1092 616 372 ) (-1032 616 372 ) (-1032 584 372 ) (-1092 584 372 ) 
4 288 296 (-1224 584 372 ) (-1224 616 372 ) (-1164 616 372 ) (-1164 584 372 ) 
4 288 297 (-1224 496 372 ) (-1224 584 372 ) (-1032 584 372 ) (-1032 496 372 ) 
4 288 293 (-1224 616 372 ) (-1224 496 372 ) (-1224 496 410 ) (-1224 616 410 ) 
4 288 289 (-1224 496 410 ) (-1224 496 372 ) (-1032 496 372 ) (-1032 496 410 ) 
4 289 298 (-1224 272 372 ) (-1224 304 372 ) (-1032 304 372 ) (-1032 272 372 ) 
4 289 297 (-1224 304 372 ) (-1224 496 372 ) (-1032 496 372 ) (-1032 304 372 ) 
4 289 293 (-1224 496 372 ) (-1224 272 372 ) (-1224 272 768 ) (-1224 496 768 ) 
4 289 290 (-1224 272 768 ) (-1224 272 442 ) (-1032 272 442 ) (-1032 272 768 ) 
4 289 292 (-1224 272 410 ) (-1224 272 372 ) (-1032 272 372 ) (-1032 272 410 ) 
4 290 293 (-1224 112 442 ) (-1224 112 768 ) (-1224 272 768 ) (-1224 272 442 ) 
4 290 291 (-1224 112 442 ) (-1224 152 442 ) (-1032 152 442 ) (-1032 112 442 ) 
4 291 293 (-1224 112 410 ) (-1224 112 442 ) (-1224 152 442 ) (-1224 152 410 ) 
4 291 292 (-1224 112 410 ) (-1224 152 410 ) (-1032 152 410 ) (-1032 112 410 ) 
4 292 300 (-1092 112 372 ) (-1164 112 372 ) (-1164 184 372 ) (-1092 184 372 ) 
4 292 301 (-1164 112 372 ) (-1224 112 372 ) (-1224 184 372 ) (-1164 184 372 ) 
4 292 299 (-1032 112 372 ) (-1092 112 372 ) (-1092 184 372 ) (-1032 184 372 ) 
4 292 298 (-1224 184 372 ) (-1224 272 372 ) (-1032 272 372 ) (-1032 184 372 ) 
4 292 293 (-1224 272 372 ) (-1224 112 372 ) (-1224 112 410 ) (-1224 272 410 ) 
4 293 301 (-1224 112 372 ) (-1488 112 372 ) (-1488 184 372 ) (-1224 184 372 ) 
4 293 298 (-1488 184 372 ) (-1488 304 372 ) (-1224 304 372 ) (-1224 184 372 ) 
4 293 296 (-1488 584 372 ) (-1488 656 372 ) (-1224 656 372 ) (-1224 584 372 ) 
4 293 297 (-1488 304 372 ) (-1488 584 372 ) (-1224 584 372 ) (-1224 304 372 ) 
4 294 305 (-1024 588 314 ) (-1024 584 314 ) (-1092 584 314 ) (-1092 588 314 ) 
4 294 303 (-1024 656 314 ) (-1024 588 314 ) (-1092 588 314 ) (-1092 656 314 ) 
4 294 295 (-1092 656 372 ) (-1092 656 318 ) (-1092 584 318 ) (-1092 584 372 ) 
4 294 297 (-1092 584 314 ) (-1024 584 314 ) (-1024 584 372 ) (-1092 584 372 ) 
4 295 297 (-1092 584 318 ) (-1092 584 372 ) (-1164 584 372 ) (-1164 584 318 ) 
4 295 296 (-1164 656 372 ) (-1164 656 318 ) (-1164 584 318 ) (-1164 584 372 ) 
4 296 309 (-1164 584 314 ) (-1488 584 314 ) (-1488 656 314 ) (-1164 656 314 ) 
4 296 297 (-1488 584 372 ) (-1488 584 314 ) (-1164 584 314 ) (-1164 584 372 ) 
4 297 309 (-1164 304 314 ) (-1488 304 314 ) (-1488 584 314 ) (-1164 584 314 ) 
4 297 306 (-1092 304 314 ) (-1164 304 314 ) (-1164 584 314 ) (-1092 584 314 ) 
4 297 305 (-1024 584 314 ) (-1024 304 314 ) (-1092 304 314 ) (-1092 584 314 ) 
4 297 298 (-1488 304 314 ) (-1024 304 314 ) (-1024 304 372 ) (-1488 304 372 ) 
4 298 310 (-1488 184 314 ) (-1488 304 314 ) (-1164 304 314 ) (-1164 184 314 ) 
4 298 306 (-1164 304 314 ) (-1092 304 314 ) (-1092 184 314 ) (-1164 184 314 ) 
4 298 305 (-1092 304 314 ) (-1024 304 314 ) (-1024 184 314 ) (-1092 184 314 ) 
4 298 300 (-1092 184 318 ) (-1092 184 372 ) (-1164 184 372 ) (-1164 184 318 ) 
4 298 301 (-1488 184 372 ) (-1488 184 314 ) (-1164 184 314 ) (-1164 184 372 ) 
4 298 299 (-1092 184 314 ) (-1024 184 314 ) (-1024 184 372 ) (-1092 184 372 ) 
4 299 307 (-1024 112 314 ) (-1092 112 314 ) (-1092 180 314 ) (-1024 180 314 ) 
4 299 305 (-1092 180 314 ) (-1092 184 314 ) (-1024 184 314 ) (-1024 180 314 ) 
4 299 300 (-1092 184 372 ) (-1092 184 318 ) (-1092 112 318 ) (-1092 112 372 ) 
4 300 301 (-1164 184 372 ) (-1164 184 318 ) (-1164 112 318 ) (-1164 112 372 ) 
4 301 312 (-1164 112 314 ) (-1488 112 314 ) (-1488 128 314 ) (-1164 128 314 ) 
4 301 310 (-1488 128 314 ) (-1488 184 314 ) (-1164 184 314 ) (-1164 128 314 ) 
4 302 311 (-1632 304 314 ) (-1536 304 314 ) (-1536 128 314 ) (-1632 128 314 ) 
4 303 314 (-1024 656 206 ) (-1024 588 206 ) (-1092 588 206 ) (-1092 656 206 ) 
4 303 305 (-1092 588 206 ) (-1024 588 206 ) (-1024 588 314 ) (-1092 588 314 ) 
4 305 314 (-1024 588 206 ) (-1024 180 206 ) (-1092 180 206 ) (-1092 588 206 ) 
4 305 307 (-1092 180 206 ) (-1024 180 206 ) (-1024 180 314 ) (-1092 180 314 ) 
4 305 306 (-1092 584 206 ) (-1092 184 206 ) (-1092 184 314 ) (-1092 584 314 ) 
4 306 315 (-1164 184 206 ) (-1164 584 206 ) (-1092 584 206 ) (-1092 184 206 ) 
4 306 313 (-1164 584 206 ) (-1164 184 206 ) (-1164 184 276 ) (-1164 584 276 ) 
4 306 310 (-1164 184 276 ) (-1164 184 314 ) (-1164 304 314 ) (-1164 304 276 ) 
4 306 309 (-1164 304 314 ) (-1164 584 314 ) (-1164 584 276 ) (-1164 304 276 ) 
4 307 314 (-1024 180 206 ) (-1024 112 206 ) (-1092 112 206 ) (-1092 180 206 ) 
4 309 313 (-1164 656 276 ) (-1164 304 276 ) (-1488 304 276 ) (-1488 656 276 ) 
4 309 310 (-1488 304 276 ) (-1164 304 276 ) (-1164 304 314 ) (-1488 304 314 ) 
4 310 313 (-1164 304 276 ) (-1164 128 276 ) (-1488 128 276 ) (-1488 304 276 ) 
4 310 312 (-1488 128 276 ) (-1164 128 276 ) (-1164 128 314 ) (-1488 128 314 ) 
4 312 313 (-1164 128 276 ) (-1164 112 276 ) (-1488 112 276 ) (-1488 128 276 ) 
4 313 317 (-1164 656 206 ) (-1164 112 206 ) (-1488 112 206 ) (-1488 656 206 ) 
4 314 320 (-1024 656 128 ) (-1024 112 128 ) (-1092 112 128 ) (-1092 656 128 ) 
4 314 315 (-1092 584 202 ) (-1092 184 202 ) (-1092 184 206 ) (-1092 584 206 ) 
4 314 316 (-1092 656 202 ) (-1092 656 128 ) (-1092 112 128 ) (-1092 112 202 ) 
4 315 317 (-1164 584 202 ) (-1164 184 202 ) (-1164 184 206 ) (-1164 584 206 ) 
4 315 316 (-1164 184 202 ) (-1164 584 202 ) (-1092 584 202 ) (-1092 184 202 ) 
4 316 320 (-1092 112 128 ) (-1164 112 128 ) (-1164 656 128 ) (-1092 656 128 ) 
4 316 317 (-1164 656 202 ) (-1164 656 128 ) (-1164 112 128 ) (-1164 112 202 ) 
4 317 320 (-1164 112 128 ) (-1488 112 128 ) (-1488 656 128 ) (-1164 656 128 ) 
4 321 325 (-160 0 544 ) (-32 0 544 ) (-32 -192 544 ) (-160 -192 544 ) 
4 322 327 (-32 -64 508 ) (-32 -64 512 ) (-32 0 512 ) (-32 0 506 ) 
4 322 326 (-32 0 256 ) (-32 -64 256 ) (-32 -64 508 ) (-32 0 506 ) 
4 322 323 (-32 -64 510 ) (-32 -64 256 ) (0 -64 256 ) (0 -64 510 ) 
3 323 327 (-32 -128 510 ) (-32 -64 510 ) (-32 -64 508 ) 
4 323 326 (-32 -64 256 ) (-32 -128 256 ) (-32 -128 510 ) (-32 -64 508 ) 
4 323 324 (-32 -128 510 ) (-32 -128 256 ) (0 -128 256 ) (0 -128 510 ) 
4 324 329 (-32 -192 512 ) (-32 -192 256 ) (0 -192 256 ) (0 -192 512 ) 
3 324 327 (-32 -192 512 ) (-32 -128 512 ) (-32 -128 510 ) 
4 324 326 (-32 -128 256 ) (-32 -192 256 ) (-32 -192 512 ) (-32 -128 510 ) 
4 325 327 (-32 0 512 ) (-32 -192 512 ) (-160 -192 512 ) (-160 0 512 ) 
4 326 330 (-160 -192 256 ) (-32 -192 256 ) (-32 -192 504 ) (-160 -192 504 ) 
4 326 328 (-160 0 256 ) (-160 -192 256 ) (-160 -192 512 ) (-160 0 506 ) 
4 326 327 (-160 0 506 ) (-160 -192 512 ) (-32 -192 512 ) (-32 0 506 ) 
3 327 328 (-160 -192 512 ) (-160 0 512 ) (-160 0 506 ) 
4 328 367 (-224 0 257 ) (-224 0 256 ) (-224 -192 256 ) (-224 -192 257 ) 
4 328 364 (-224 0 384 ) (-224 0 257 ) (-224 -192 257 ) (-224 -192 384 ) 
4 328 361 (-224 0 447 ) (-224 0 384 ) (-224 -192 384 ) (-224 -192 447 ) 
4 328 359 (-224 0 448 ) (-224 0 447 ) (-224 -192 447 ) (-224 -192 448 ) 
4 328 357 (-224 0 512 ) (-224 0 448 ) (-224 -192 448 ) (-224 -192 512 ) 
4 328 331 (-224 -192 512 ) (-224 -192 256 ) (-160 -192 256 ) (-160 -192 512 ) 
4 329 375 (-32 -192 256 ) (0 -192 256 ) (0 -320 256 ) (-32 -320 256 ) 
4 329 332 (0 -320 512 ) (-32 -320 512 ) (-32 -320 384 ) (0 -320 384 ) 
4 329 330 (-32 -320 256 ) (-32 -320 512 ) (-32 -192 504 ) (-32 -192 256 ) 
4 330 379 (-160 -192 256 ) (-96 -192 256 ) (-96 -320 256 ) (-160 -320 256 ) 
4 330 377 (-32 -256 256 ) (-32 -320 256 ) (-96 -320 256 ) (-96 -256 256 ) 
4 330 333 (-160 -320 448 ) (-160 -320 256 ) (-96 -320 256 ) (-96 -320 448 ) 
4 330 332 (-32 -320 512 ) (-64 -320 512 ) (-64 -320 384 ) (-32 -320 384 ) 
4 330 331 (-160 -320 256 ) (-160 -320 512 ) (-160 -192 504 ) (-160 -192 256 ) 
4 331 367 (-224 -192 256 ) (-224 -320 256 ) (-224 -320 257 ) (-224 -192 257 ) 
4 331 364 (-224 -320 257 ) (-224 -320 384 ) (-224 -192 384 ) (-224 -192 257 ) 
4 331 361 (-224 -320 384 ) (-224 -320 447 ) (-224 -192 447 ) (-224 -192 384 ) 
4 331 359 (-224 -320 447 ) (-224 -320 448 ) (-224 -192 448 ) (-224 -192 447 ) 
4 331 357 (-224 -320 448 ) (-224 -320 512 ) (-224 -192 512 ) (-224 -192 448 ) 
4 331 333 (-224 -320 448 ) (-224 -320 256 ) (-160 -320 256 ) (-160 -320 448 ) 
4 332 334 (0 -336 384 ) (0 -336 512 ) (-64 -336 512 ) (-64 -336 384 ) 
4 333 340 (-224 -336 448 ) (-224 -336 256 ) (-96 -336 256 ) (-96 -336 448 ) 
4 335 378 (0 -416 256 ) (0 -464 256 ) (-64 -464 256 ) (-64 -416 256 ) 
4 335 337 (-64 -464 256 ) (0 -464 256 ) (0 -464 352 ) (-64 -464 352 ) 
4 335 336 (-64 -416 256 ) (-64 -464 256 ) (-64 -464 352 ) (-64 -416 352 ) 
4 336 378 (-64 -416 256 ) (-64 -464 256 ) (-80 -464 256 ) (-80 -416 256 ) 
4 336 338 (-80 -416 256 ) (-80 -464 256 ) (-80 -464 320 ) (-80 -416 320 ) 
4 336 337 (-80 -464 352 ) (-80 -464 256 ) (-64 -464 256 ) (-64 -464 352 ) 
4 337 378 (0 -464 256 ) (0 -480 256 ) (-80 -480 256 ) (-80 -464 256 ) 
4 337 341 (-80 -480 256 ) (0 -480 256 ) (0 -480 352 ) (-80 -480 352 ) 
4 337 338 (-80 -464 256 ) (-80 -480 256 ) (-80 -480 320 ) (-80 -464 320 ) 
4 338 340 (-96 -416 256 ) (-96 -480 256 ) (-96 -480 320 ) (-96 -416 320 ) 
4 339 340 (-128 -480 448 ) (-192 -480 448 ) (-192 -352 448 ) (-128 -352 448 ) 
4 340 365 (-224 -480 257 ) (-224 -480 384 ) (-224 -449 384 ) (-224 -449 257 ) 
4 340 362 (-224 -480 384 ) (-224 -480 447 ) (-224 -449 447 ) (-224 -449 384 ) 
4 340 351 (-224 -480 384 ) (-224 -480 256 ) (-96 -480 256 ) (-96 -480 384 ) 
4 340 349 (-224 -480 448 ) (-224 -480 384 ) (-96 -480 384 ) (-96 -480 448 ) 
4 341 378 (-80 -480 256 ) (0 -480 256 ) (0 -544 256 ) (-80 -544 256 ) 
4 342 353 (-96 -672 256 ) (-96 -768 256 ) (-96 -768 384 ) (-96 -672 384 ) 
4 342 350 (-96 -768 384 ) (-96 -768 448 ) (-96 -672 448 ) (-96 -672 384 ) 
4 342 343 (-96 -768 448 ) (-96 -768 256 ) (-64 -768 256 ) (-64 -768 448 ) 
4 343 353 (-96 -768 256 ) (-96 -800 256 ) (-96 -800 384 ) (-96 -768 384 ) 
4 343 350 (-96 -800 384 ) (-96 -800 448 ) (-96 -768 448 ) (-96 -768 384 ) 
4 343 348 (-96 -800 448 ) (-96 -800 512 ) (-96 -768 512 ) (-96 -768 448 ) 
4 343 344 (-64 -800 512 ) (-96 -800 512 ) (-96 -800 256 ) (-64 -800 256 ) 
4 344 353 (-96 -800 256 ) (-96 -960 256 ) (-96 -960 384 ) (-96 -800 384 ) 
4 344 350 (-96 -960 384 ) (-96 -960 448 ) (-96 -800 448 ) (-96 -800 384 ) 
4 344 348 (-96 -960 448 ) (-96 -960 512 ) (-96 -800 512 ) (-96 -800 448 ) 
4 344 346 (-32 -960 512 ) (-96 -960 512 ) (-96 -960 256 ) (-32 -960 256 ) 
4 345 384 (0 -1024 288 ) (0 -1024 480 ) (-32 -1024 480 ) (-32 -1024 288 ) 
4 345 346 (-32 -960 480 ) (-32 -960 288 ) (-32 -1024 288 ) (-32 -1024 480 ) 
4 346 385 (-32 -1024 512 ) (-96 -1024 512 ) (-96 -1024 256 ) (-32 -1024 256 ) 
4 346 353 (-96 -960 256 ) (-96 -1024 256 ) (-96 -1024 384 ) (-96 -960 384 ) 
4 346 350 (-96 -1024 384 ) (-96 -1024 448 ) (-96 -960 448 ) (-96 -960 384 ) 
4 346 348 (-96 -1024 448 ) (-96 -1024 512 ) (-96 -960 512 ) (-96 -960 448 ) 
4 347 350 (-224 -736 448 ) (-224 -672 448 ) (-96 -672 448 ) (-96 -736 448 ) 
4 348 386 (-224 -1024 512 ) (-224 -1024 448 ) (-96 -1024 448 ) (-96 -1024 512 ) 
4 348 358 (-224 -1024 448 ) (-224 -1024 512 ) (-224 -768 512 ) (-224 -768 448 ) 
4 348 350 (-224 -1024 448 ) (-224 -768 448 ) (-96 -768 448 ) (-96 -1024 448 ) 
4 349 362 (-224 -480 447 ) (-224 -480 384 ) (-224 -543 384 ) (-224 -543 447 ) 
4 349 351 (-224 -592 384 ) (-224 -480 384 ) (-96 -480 384 ) (-96 -592 384 ) 
4 350 386 (-224 -1024 448 ) (-224 -1024 384 ) (-96 -1024 384 ) (-96 -1024 448 ) 
4 350 363 (-224 -1024 384 ) (-224 -1024 447 ) (-224 -672 447 ) (-224 -672 384 ) 
4 350 360 (-224 -1024 447 ) (-224 -1024 448 ) (-224 -672 448 ) (-224 -672 447 ) 
4 350 353 (-224 -1024 384 ) (-224 -672 384 ) (-96 -672 384 ) (-96 -1024 384 ) 
4 351 365 (-224 -543 384 ) (-224 -480 384 ) (-224 -480 257 ) (-224 -543 257 ) 
4 351 352 (-96 -610 256 ) (-96 -610 384 ) (-224 -610 384 ) (-224 -610 256 ) 
4 352 353 (-96 -611 256 ) (-96 -611 384 ) (-224 -611 384 ) (-224 -611 256 ) 
4 353 386 (-224 -1024 384 ) (-224 -1024 256 ) (-96 -1024 256 ) (-96 -1024 384 ) 
4 353 368 (-224 -672 256 ) (-224 -1024 256 ) (-224 -1024 257 ) (-224 -672 257 ) 
4 353 366 (-224 -1024 257 ) (-224 -1024 384 ) (-224 -672 384 ) (-224 -672 257 ) 
4 354 358 (-224 -928 512 ) (-224 -992 512 ) (-256 -992 512 ) (-256 -928 512 ) 
4 354 356 (-256 -928 512 ) (-256 -992 512 ) (-256 -992 768 ) (-256 -928 768 ) 
4 355 369 (-288 0 512 ) (-256 0 512 ) (-256 -320 512 ) (-288 -320 512 ) 
4 356 372 (-256 -928 512 ) (-256 -992 512 ) (-288 -992 512 ) (-288 -928 512 ) 
4 357 369 (-256 -320 512 ) (-256 0 512 ) (-256 0 448 ) (-256 -320 448 ) 
4 357 359 (-256 -320 448 ) (-256 0 448 ) (-224 0 448 ) (-224 -320 448 ) 
4 358 386 (-224 -1024 448 ) (-224 -1024 512 ) (-256 -1024 512 ) (-256 -1024 448 ) 
4 358 372 (-256 -1024 448 ) (-256 -1024 512 ) (-256 -864 512 ) (-256 -864 448 ) 
4 358 360 (-256 -1024 448 ) (-256 -768 448 ) (-224 -768 448 ) (-224 -1024 448 ) 
4 359 369 (-256 -320 448 ) (-256 0 448 ) (-256 0 447 ) (-256 -320 447 ) 
4 359 361 (-256 -320 447 ) (-256 0 447 ) (-224 0 447 ) (-224 -320 447 ) 
4 360 386 (-224 -1024 447 ) (-224 -1024 448 ) (-256 -1024 448 ) (-256 -1024 447 ) 
4 360 372 (-256 -1024 447 ) (-256 -1024 448 ) (-256 -864 448 ) (-256 -864 447 ) 
4 360 363 (-256 -1024 447 ) (-256 -672 447 ) (-224 -672 447 ) (-224 -1024 447 ) 
4 361 369 (-256 -320 447 ) (-256 0 447 ) (-256 0 384 ) (-256 -320 384 ) 
4 361 364 (-256 -320 384 ) (-256 0 384 ) (-224 0 384 ) (-224 -320 384 ) 
4 362 365 (-226 -449 384 ) (-224 -449 384 ) (-224 -543 384 ) (-226 -543 384 ) 
4 363 386 (-224 -1024 384 ) (-224 -1024 447 ) (-256 -1024 447 ) (-256 -1024 384 ) 
4 363 372 (-256 -1024 384 ) (-256 -1024 447 ) (-256 -864 447 ) (-256 -864 384 ) 
4 363 366 (-256 -1024 384 ) (-256 -672 384 ) (-224 -672 384 ) (-224 -1024 384 ) 
4 364 371 (-256 -320 384 ) (-256 -256 384 ) (-256 -256 257 ) (-256 -320 257 ) 
4 364 370 (-256 -256 384 ) (-256 0 384 ) (-256 0 257 ) (-256 -256 257 ) 
4 364 367 (-256 -320 257 ) (-256 0 257 ) (-224 0 257 ) (-224 -320 257 ) 
4 366 386 (-224 -1024 257 ) (-224 -1024 384 ) (-256 -1024 384 ) (-256 -1024 257 ) 
4 366 372 (-256 -1024 257 ) (-256 -1024 384 ) (-256 -864 384 ) (-256 -864 257 ) 
4 366 368 (-256 -1024 257 ) (-256 -672 257 ) (-224 -672 257 ) (-224 -1024 257 ) 
4 367 371 (-256 -256 256 ) (-256 -320 256 ) (-256 -320 257 ) (-256 -256 257 ) 
4 367 370 (-256 0 256 ) (-256 -256 256 ) (-256 -256 257 ) (-256 0 257 ) 
4 368 386 (-256 -1024 256 ) (-224 -1024 256 ) (-224 -1024 257 ) (-256 -1024 257 ) 
4 368 372 (-256 -864 256 ) (-256 -1024 256 ) (-256 -1024 257 ) (-256 -864 257 ) 
4 369 371 (-256 -320 384 ) (-288 -320 384 ) (-288 -256 384 ) (-256 -256 384 ) 
4 369 370 (-288 -256 384 ) (-288 0 384 ) (-256 0 384 ) (-256 -256 384 ) 
4 370 373 (-320 0 256 ) (-320 -256 256 ) (-320 -256 384 ) (-320 0 384 ) 
4 370 371 (-256 -256 256 ) (-256 -256 384 ) (-288 -256 384 ) (-288 -256 256 ) 
4 372 386 (-320 -1024 256 ) (-256 -1024 256 ) (-256 -1024 512 ) (-320 -1024 512 ) 
4 372 374 (-320 -896 256 ) (-320 -1024 256 ) (-320 -1024 512 ) (-320 -896 512 ) 
4 374 380 (-320 -1024 256 ) (-352 -1024 256 ) (-352 -896 256 ) (-320 -896 256 ) 
4 375 376 (-32 -192 254 ) (-32 -192 240 ) (-32 -256 240 ) (-32 -256 254 ) 
4 375 377 (-32 -256 240 ) (-32 -320 240 ) (-32 -320 256 ) (-32 -256 256 ) 
4 376 379 (-96 -192 254 ) (-96 -192 240 ) (-96 -256 240 ) (-96 -256 254 ) 
4 376 377 (-96 -256 254 ) (-96 -256 240 ) (-32 -256 240 ) (-32 -256 254 ) 
4 377 379 (-96 -320 256 ) (-96 -256 256 ) (-96 -256 240 ) (-96 -320 240 ) 
4 382 390 (-2048 -864 48 ) (-2048 -864 176 ) (-2048 -608 176 ) (-2048 -608 48 ) 
4 383 386 (-224 -1120 512 ) (-224 -1184 512 ) (-288 -1184 512 ) (-288 -1120 512 ) 
4 384 385 (-32 -1056 288 ) (-32 -1056 480 ) (-32 -1024 480 ) (-32 -1024 288 ) 
4 385 386 (-96 -1024 256 ) (-96 -1216 256 ) (-96 -1216 512 ) (-96 -1024 512 ) 
4 386 389 (-96 -1216 256 ) (-96 -1248 256 ) (-320 -1248 256 ) (-320 -1216 256 ) 
4 386 387 (-320 -1088 256 ) (-320 -1248 256 ) (-320 -1248 512 ) (-320 -1088 512 ) 
4 387 389 (-320 -1216 256 ) (-320 -1248 256 ) (-352 -1248 256 ) (-352 -1216 256 ) 
4 387 388 (-320 -1088 256 ) (-320 -1216 256 ) (-352 -1216 256 ) (-352 -1088 256 ) 
4 388 389 (-320 -1216 256 ) (-352 -1216 256 ) (-352 -1216 248 ) (-320 -1216 248 ) 
