


materialPath: C:\Program Files (x86)\Steam\steamapps\common\Portal 2\portal2\materials
Loading C:\Program Files (x86)\Steam\steamapps\common\Portal 2\sdk_content\maps\WIP\Chapter 3\mp_coop_a2_bridge_intro.vmf
ConVarRef gpu_level doesn't point to an existing ConVar
Patching WVT material: maps/mp_coop_a2_bridge_intro/metal/blendblackfloormetal_dirt02_wvt_patch
fixing up env_cubemap materials on brush sides...
0...1...2...3...4...5...6...7...8...9...100...1...2...3...4...5...6...7...8...9...10Processing areas...done (0)
Building Faces...done (0)
Chop Details...done (0)
Find Visible Detail Sides...
Merged 498 detail faces...done (0)
Merging details...done (0)
FixTjuncs...
PruneNodes...
WriteBSP...
done (0)
writing C:\Program Files (x86)\Steam\steamapps\common\Portal 2\sdk_content\maps\WIP\Chapter 3\mp_coop_a2_bridge_intro.prt...Building visibility clusters...
done (0)
Finding displacement neighbors...
Finding lightmap sample positions...
Displacement Alpha : 0...1...2...3...4...5...6...7...8...9...10
Building Physics collision data...
done (0) (568826 bytes)
Encountered obsolete static prop option to do its fade in screen space @ -256.00 560.00 192.00
Encountered obsolete static prop option to do its fade in screen space @ 768.00 -256.00 -16.00
Encountered obsolete static prop option to do its fade in screen space @ -752.00 -768.00 128.00
Encountered obsolete static prop option to do its fade in screen space @ 512.00 -192.00 -112.00
Encountered obsolete static prop option to do its fade in screen space @ 512.00 -192.00 -80.00
Encountered obsolete static prop option to do its fade in screen space @ 512.00 -192.00 -48.00
Encountered obsolete static prop option to do its fade in screen space @ -256.00 560.00 64.00
Encountered obsolete static prop option to do its fade in screen space @ 768.00 0.00 -16.00
Encountered obsolete static prop option to do its fade in screen space @ 752.00 -320.00 -192.00
Encountered obsolete static prop option to do its fade in screen space @ 720.00 -320.00 -64.00
Encountered obsolete static prop option to do its fade in screen space @ 752.00 -320.00 -320.00
Encountered obsolete static prop option to do its fade in screen space @ 768.00 -128.00 -16.00
Encountered obsolete static prop option to do its fade in screen space @ 720.00 -320.00 -192.00
Encountered obsolete static prop option to do its fade in screen space @ -192.00 560.00 256.00
Encountered obsolete static prop option to do its fade in screen space @ 512.00 -192.00 -16.00
Encountered obsolete static prop option to do its fade in screen space @ 768.00 128.00 -16.00
Encountered obsolete static prop option to do its fade in screen space @ 752.00 -320.00 -64.00
Encountered obsolete static prop option to do its fade in screen space @ -64.00 560.00 256.00
Encountered obsolete static prop option to do its fade in screen space @ -256.00 528.00 192.00
Encountered obsolete static prop option to do its fade in screen space @ -256.00 528.00 64.00
Encountered obsolete static prop option to do its fade in screen space @ 720.00 -320.00 -320.00
Encountered obsolete static prop option to do its fade in screen space @ -784.00 -768.00 128.00
Encountered obsolete static prop option to do its fade in screen space @ -655.96 -96.00 256.00
Encountered obsolete static prop option to do its fade in screen space @ -687.96 -96.00 256.00
Encountered obsolete static prop option to do its fade in screen space @ -671.96 -272.00 256.00
Encountered obsolete static prop option to do its fade in screen space @ -671.96 -240.00 256.00
Encountered obsolete static prop option to do its fade in screen space @ -671.96 -208.00 256.00
Encountered obsolete static prop option to do its fade in screen space @ -671.96 -176.00 256.00
Encountered obsolete static prop option to do its fade in screen space @ -623.96 -96.00 256.00
Encountered obsolete static prop option to do its fade in screen space @ -607.96 -272.00 192.00
Encountered obsolete static prop option to do its fade in screen space @ -607.96 -272.00 64.00
Encountered obsolete static prop option to do its fade in screen space @ -607.96 -240.00 192.00
Encountered obsolete static prop option to do its fade in screen space @ -607.96 -240.00 64.00
Encountered obsolete static prop option to do its fade in screen space @ 0.00 720.00 192.00
Encountered obsolete static prop option to do its fade in screen space @ 0.00 688.00 192.00
Encountered obsolete static prop option to do its fade in screen space @ -736.00 208.00 160.00
Encountered obsolete static prop option to do its fade in screen space @ -736.00 176.00 160.00
Placing detail props : 0...1...2...3...4...5...6...7...8...9...10
Compacting texture/material tables...
Reduced 1905 texinfos to 1029
Reduced 118 texdatas to 106 (4248 bytes to 3717)
Writing C:\Program Files (x86)\Steam\steamapps\common\Portal 2\sdk_content\maps\WIP\Chapter 3\mp_coop_a2_bridge_intro.bsp

nummapplanes:     (  5514 / 65536 )
nummapbrushes:    (  1511 /  8192 )
nummapbrushsides: ( 10899 / 65536 )
num_map_overlays: (    51 /   512 )
nummodels:        (   114 /  1024 )
num_entities:     (   459 / 16384 )

1 second elapsed



24 threads
reading c:\program files (x86)\steam\steamapps\common\portal 2\sdk_content\maps\wip\chapter 3\mp_coop_a2_bridge_intro.bsp
reading c:\program files (x86)\steam\steamapps\common\portal 2\sdk_content\maps\wip\chapter 3\mp_coop_a2_bridge_intro.prt
 421 portalclusters
1163 numportals
0...1...2...3...4...5...6...7...8...9...100...1...2...3...4...5...6...7...8...9...10Optimized: 372 visible clusters (0.00%)
Total clusters visible: 89581
Average clusters visible: 212
Building PAS...
Average clusters audible: 330
visdatasize:43770  compressed from 47152
writing c:\program files (x86)\steam\steamapps\common\portal 2\sdk_content\maps\wip\chapter 3\mp_coop_a2_bridge_intro.bsp
1 second elapsed



Could not find lights.rad in lights.rad.
Trying VRAD BIN directory instead...
Warning: Couldn't open texlight file C:\Program Files (x86)\Steam\steamapps\common\Portal 2\bin\lights.rad.
Loading c:\program files (x86)\steam\steamapps\common\portal 2\sdk_content\maps\wip\chapter 3\mp_coop_a2_bridge_intro.bsp
2666 faces
211743 square feet [30491108.00 square inches]
0 Displacements
0 Square Feet [0.00 Square Inches]
2666 patches before subdivision
31556 patches after subdivision
21 direct lights
0...1...2...3...4...5...6...7...8...9...100...1...2...3...4...5...6...7...8...9...10transfers 4535393, max 721
transfer lists:  34.6 megs
0...1...2...3...4...5...6...7...8...9...10	Bounce #1 added RGB(19976, 23707, 25293)
0...1...2...3...4...5...6...7...8...9...10	Bounce #2 added RGB(9224, 10947, 11359)
0...1...2...3...4...5...6...7...8...9...10	Bounce #3 added RGB(4558, 5374, 5442)
0...1...2...3...4...5...6...7...8...9...10	Bounce #4 added RGB(2317, 2711, 2687)
0...1...2...3...4...5...6...7...8...9...10	Bounce #5 added RGB(1198, 1389, 1348)
0...1...2...3...4...5...6...7...8...9...10	Bounce #6 added RGB(626, 720, 684)
0...1...2...3...4...5...6...7...8...9...10	Bounce #7 added RGB(330, 376, 350)
0...1...2...3...4...5...6...7...8...9...10	Bounce #8 added RGB(175, 197, 180)
0...1...2...3...4...5...6...7...8...9...10	Bounce #9 added RGB(93, 104, 93)
0...1...2...3...4...5...6...7...8...9...10	Bounce #10 added RGB(50, 55, 48)
0...1...2...3...4...5...6...7...8...9...10	Bounce #11 added RGB(27, 29, 25)
0...1...2...3...4...5...6...7...8...9...10	Bounce #12 added RGB(14, 15, 13)
0...1...2...3...4...5...6...7...8...9...10	Bounce #13 added RGB(8, 8, 7)
0...1...2...3...4...5...6...7...8...9...10	Bounce #14 added RGB(4, 4, 3)
0...1...2...3...4...5...6...7...8...9...10	Bounce #15 added RGB(2, 2, 2)
0...1...2...3...4...5...6...7...8...9...10	Bounce #16 added RGB(1, 1, 1)
0...1...2...3...4...5...6...7...8...9...10	Bounce #17 added RGB(1, 1, 0)
Build Patch/Sample Hash Table(s).....Done<0.0042 sec>
0...1...2...3...4...5...6...7...8...9...10FinalLightFace Done
0 of 0 (0% of) surface lights went in leaf ambient cubes.
0...1...2...3...4...5...6...7...8...9...10Writing leaf ambient...done
Ready to Finish

Object names       Objects/Maxobjs  Memory / Maxmem  Fullness 
------------       ---------------  ---------------  -------- 
models                 114/1024         5472/49152    (11.1%) 
brushes               1511/8192        18132/98304    (18.4%) 
brushsides           10912/65536       87296/524288   (16.7%) 
planes                5514/65536      110280/1310720  ( 8.4%) 
vertexes              6055/65536       72660/786432   ( 9.2%) 
nodes                 1973/65536       63136/2097152  ( 3.0%) 
texinfos              1029/12288       74088/884736   ( 8.4%) 
texdata                106/2048         3392/65536    ( 5.2%) 
dispinfos                0/0               0/0        ( 0.0%) 
disp_verts               0/0               0/0        ( 0.0%) 
disp_tris                0/0               0/0        ( 0.0%) 
disp_multiblend          0/0               0/0        ( 0.0%) 
disp_lmsamples           0/0               0/0        ( 0.0%) 
faces                 2666/65536      149296/3670016  ( 4.1%) 
hdr faces                0/65536           0/3670016  ( 0.0%) 
origfaces             2210/65536      123760/3670016  ( 3.4%) 
facebrushes            332/0             664/0        ( 0.0%) 
facebrushlists        2666/0           10664/0        ( 0.0%) 
leaves                2088/65536       66816/2097152  ( 3.2%) 
leaffaces             3429/65536        6858/131072   ( 5.2%) 
leafbrushes           2712/65536        5424/131072   ( 4.1%) 
areas                   12/256            96/2048     ( 4.7%) 
surfedges            21219/512000      84876/2048000  ( 4.1%) 
edges                13303/256000      53212/1024000  ( 5.2%) 
LDR worldlights         21/8192         2100/819200   ( 0.3%) 
HDR worldlights          0/8192            0/819200   ( 0.0%) 
leafwaterdata            1/32768          12/393216   ( 0.0%) 
waterstrips            241/32768        2410/327680   ( 0.7%) 
waterverts               0/65536           0/786432   ( 0.0%) 
waterindices          3927/65536        7854/131072   ( 6.0%) 
cubemapsamples          21/1024          336/16384    ( 2.1%) 
overlays                51/512         17952/180224   (10.0%) 
LDR lightdata         [variable]     1692572/0        ( 0.0%) 
HDR lightdata         [variable]           0/0        ( 0.0%) 
visdata               [variable]       43770/16777216 ( 0.3%) 
entdata               [variable]      164060/393216   (41.7%) 
LDR ambient table     2088/65536        8352/262144   ( 3.2%) 
HDR ambient table     2088/65536        8352/262144   ( 3.2%) 
LDR leaf ambient      6500/65536      182000/1835008  ( 9.9%) 
HDR leaf ambient      2088/65536       58464/1835008  ( 3.2%) 
occluders                0/0               0/0        ( 0.0%) 
occluder polygons        0/0               0/0        ( 0.0%) 
occluder vert ind        0/0               0/0        ( 0.0%) 
detail props          [variable]           1/12       ( 8.3%) 
static props          [variable]           1/24144    ( 0.0%) 
pakfile               [variable]     1646979/0        ( 0.0%) 
physics               [variable]      568826/4194304  (13.6%) 
physics terrain       [variable]           2/1048576  ( 0.0%) 

Level flags = 0

Total triangle count: 7091
Writing c:\program files (x86)\steam\steamapps\common\portal 2\sdk_content\maps\wip\chapter 3\mp_coop_a2_bridge_intro.bsp
4 seconds elapsed



Could not find lights.rad in lights.rad.
Trying VRAD BIN directory instead...
Warning: Couldn't open texlight file C:\Program Files (x86)\Steam\steamapps\common\Portal 2\bin\lights.rad.
Loading c:\program files (x86)\steam\steamapps\common\portal 2\sdk_content\maps\wip\chapter 3\mp_coop_a2_bridge_intro.bsp
2666 faces
211743 square feet [30491108.00 square inches]
0 Displacements
0 Square Feet [0.00 Square Inches]
2666 patches before subdivision
31556 patches after subdivision
21 direct lights
0...1...2...3...4...5...6...7...8...9...100...1...2...3...4...5...6...7...8...9...10transfers 4535393, max 721
transfer lists:  34.6 megs
0...1...2...3...4...5...6...7...8...9...10	Bounce #1 added RGB(19975, 23706, 25292)
0...1...2...3...4...5...6...7...8...9...10	Bounce #2 added RGB(9224, 10947, 11358)
0...1...2...3...4...5...6...7...8...9...10	Bounce #3 added RGB(4557, 5374, 5442)
0...1...2...3...4...5...6...7...8...9...10	Bounce #4 added RGB(2317, 2711, 2687)
0...1...2...3...4...5...6...7...8...9...10	Bounce #5 added RGB(1198, 1389, 1348)
0...1...2...3...4...5...6...7...8...9...10	Bounce #6 added RGB(626, 720, 684)
0...1...2...3...4...5...6...7...8...9...10	Bounce #7 added RGB(330, 376, 349)
0...1...2...3...4...5...6...7...8...9...10	Bounce #8 added RGB(175, 197, 180)
0...1...2...3...4...5...6...7...8...9...10	Bounce #9 added RGB(93, 104, 93)
0...1...2...3...4...5...6...7...8...9...10	Bounce #10 added RGB(50, 55, 48)
0...1...2...3...4...5...6...7...8...9...10	Bounce #11 added RGB(27, 29, 25)
0...1...2...3...4...5...6...7...8...9...10	Bounce #12 added RGB(14, 15, 13)
0...1...2...3...4...5...6...7...8...9...10	Bounce #13 added RGB(8, 8, 7)
0...1...2...3...4...5...6...7...8...9...10	Bounce #14 added RGB(4, 4, 3)
0...1...2...3...4...5...6...7...8...9...10	Bounce #15 added RGB(2, 2, 2)
0...1...2...3...4...5...6...7...8...9...10	Bounce #16 added RGB(1, 1, 1)
0...1...2...3...4...5...6...7...8...9...10	Bounce #17 added RGB(1, 1, 0)
Build Patch/Sample Hash Table(s).....Done<0.0042 sec>
0...1...2...3...4...5...6...7...8...9...10FinalLightFace Done
0 of 0 (0% of) surface lights went in leaf ambient cubes.
0...1...2...3...4...5...6...7...8...9...10Writing leaf ambient...done
Ready to Finish

Object names       Objects/Maxobjs  Memory / Maxmem  Fullness 
------------       ---------------  ---------------  -------- 
models                 114/1024         5472/49152    (11.1%) 
brushes               1511/8192        18132/98304    (18.4%) 
brushsides           10912/65536       87296/524288   (16.7%) 
planes                5514/65536      110280/1310720  ( 8.4%) 
vertexes              6055/65536       72660/786432   ( 9.2%) 
nodes                 1973/65536       63136/2097152  ( 3.0%) 
texinfos              1029/12288       74088/884736   ( 8.4%) 
texdata                106/2048         3392/65536    ( 5.2%) 
dispinfos                0/0               0/0        ( 0.0%) 
disp_verts               0/0               0/0        ( 0.0%) 
disp_tris                0/0               0/0        ( 0.0%) 
disp_multiblend          0/0               0/0        ( 0.0%) 
disp_lmsamples           0/0               0/0        ( 0.0%) 
faces                 2666/65536      149296/3670016  ( 4.1%) 
hdr faces             2666/65536      149296/3670016  ( 4.1%) 
origfaces             2210/65536      123760/3670016  ( 3.4%) 
facebrushes            332/0             664/0        ( 0.0%) 
facebrushlists        2666/0           10664/0        ( 0.0%) 
leaves                2088/65536       66816/2097152  ( 3.2%) 
leaffaces             3429/65536        6858/131072   ( 5.2%) 
leafbrushes           2712/65536        5424/131072   ( 4.1%) 
areas                   12/256            96/2048     ( 4.7%) 
surfedges            21219/512000      84876/2048000  ( 4.1%) 
edges                13303/256000      53212/1024000  ( 5.2%) 
LDR worldlights         21/8192         2100/819200   ( 0.3%) 
HDR worldlights         21/8192         2100/819200   ( 0.3%) 
leafwaterdata            1/32768          12/393216   ( 0.0%) 
waterstrips            241/32768        2410/327680   ( 0.7%) 
waterverts               0/65536           0/786432   ( 0.0%) 
waterindices          3927/65536        7854/131072   ( 6.0%) 
cubemapsamples          21/1024          336/16384    ( 2.1%) 
overlays                51/512         17952/180224   (10.0%) 
LDR lightdata         [variable]     1692572/0        ( 0.0%) 
HDR lightdata         [variable]     1692572/0        ( 0.0%) 
visdata               [variable]       43770/16777216 ( 0.3%) 
entdata               [variable]      164060/393216   (41.7%) 
LDR ambient table     2088/65536        8352/262144   ( 3.2%) 
HDR ambient table     2088/65536        8352/262144   ( 3.2%) 
LDR leaf ambient      6500/65536      182000/1835008  ( 9.9%) 
HDR leaf ambient      6498/65536      181944/1835008  ( 9.9%) 
occluders                0/0               0/0        ( 0.0%) 
occluder polygons        0/0               0/0        ( 0.0%) 
occluder vert ind        0/0               0/0        ( 0.0%) 
detail props          [variable]           1/12       ( 8.3%) 
static props          [variable]           1/24144    ( 0.0%) 
pakfile               [variable]     1646979/0        ( 0.0%) 
physics               [variable]      568826/4194304  (13.6%) 
physics terrain       [variable]           2/1048576  ( 0.0%) 

Level flags = 0

Total triangle count: 7091
Writing c:\program files (x86)\steam\steamapps\common\portal 2\sdk_content\maps\wip\chapter 3\mp_coop_a2_bridge_intro.bsp
5 seconds elapsed



materialPath: C:\Program Files (x86)\Steam\steamapps\common\Portal 2\portal2\materials
Loading C:\Program Files (x86)\Steam\steamapps\common\Portal 2\sdk_content\maps\WIP\Chapter 3\mp_coop_a2_bridge_intro.vmf
ConVarRef gpu_level doesn't point to an existing ConVar
Patching WVT material: maps/mp_coop_a2_bridge_intro/metal/blendblackfloormetal_dirt02_wvt_patch
fixing up env_cubemap materials on brush sides...
0...1...2...3...4...5...6...7...8...9...100...1...2...3...4...5...6...7...8...9...10Processing areas...done (0)
Building Faces...done (0)
Chop Details...done (0)
Find Visible Detail Sides...
Merged 498 detail faces...done (0)
Merging details...done (0)
FixTjuncs...
PruneNodes...
WriteBSP...
done (0)
writing C:\Program Files (x86)\Steam\steamapps\common\Portal 2\sdk_content\maps\WIP\Chapter 3\mp_coop_a2_bridge_intro.prt...Building visibility clusters...
done (0)
Finding displacement neighbors...
Finding lightmap sample positions...
Displacement Alpha : 0...1...2...3...4...5...6...7...8...9...10
Building Physics collision data...
done (0) (568826 bytes)
Encountered obsolete static prop option to do its fade in screen space @ -256.00 560.00 192.00
Encountered obsolete static prop option to do its fade in screen space @ 768.00 -256.00 -16.00
Encountered obsolete static prop option to do its fade in screen space @ -752.00 -768.00 128.00
Encountered obsolete static prop option to do its fade in screen space @ 512.00 -192.00 -112.00
Encountered obsolete static prop option to do its fade in screen space @ 512.00 -192.00 -80.00
Encountered obsolete static prop option to do its fade in screen space @ 512.00 -192.00 -48.00
Encountered obsolete static prop option to do its fade in screen space @ -256.00 560.00 64.00
Encountered obsolete static prop option to do its fade in screen space @ 768.00 0.00 -16.00
Encountered obsolete static prop option to do its fade in screen space @ 752.00 -320.00 -192.00
Encountered obsolete static prop option to do its fade in screen space @ 720.00 -320.00 -64.00
Encountered obsolete static prop option to do its fade in screen space @ 752.00 -320.00 -320.00
Encountered obsolete static prop option to do its fade in screen space @ 768.00 -128.00 -16.00
Encountered obsolete static prop option to do its fade in screen space @ 720.00 -320.00 -192.00
Encountered obsolete static prop option to do its fade in screen space @ -192.00 560.00 256.00
Encountered obsolete static prop option to do its fade in screen space @ 512.00 -192.00 -16.00
Encountered obsolete static prop option to do its fade in screen space @ 768.00 128.00 -16.00
Encountered obsolete static prop option to do its fade in screen space @ 752.00 -320.00 -64.00
Encountered obsolete static prop option to do its fade in screen space @ -64.00 560.00 256.00
Encountered obsolete static prop option to do its fade in screen space @ -256.00 528.00 192.00
Encountered obsolete static prop option to do its fade in screen space @ -256.00 528.00 64.00
Encountered obsolete static prop option to do its fade in screen space @ 720.00 -320.00 -320.00
Encountered obsolete static prop option to do its fade in screen space @ -784.00 -768.00 128.00
Encountered obsolete static prop option to do its fade in screen space @ -655.96 -96.00 256.00
Encountered obsolete static prop option to do its fade in screen space @ -687.96 -96.00 256.00
Encountered obsolete static prop option to do its fade in screen space @ -671.96 -272.00 256.00
Encountered obsolete static prop option to do its fade in screen space @ -671.96 -240.00 256.00
Encountered obsolete static prop option to do its fade in screen space @ -671.96 -208.00 256.00
Encountered obsolete static prop option to do its fade in screen space @ -671.96 -176.00 256.00
Encountered obsolete static prop option to do its fade in screen space @ -623.96 -96.00 256.00
Encountered obsolete static prop option to do its fade in screen space @ -607.96 -272.00 192.00
Encountered obsolete static prop option to do its fade in screen space @ -607.96 -272.00 64.00
Encountered obsolete static prop option to do its fade in screen space @ -607.96 -240.00 192.00
Encountered obsolete static prop option to do its fade in screen space @ -607.96 -240.00 64.00
Encountered obsolete static prop option to do its fade in screen space @ 0.00 720.00 192.00
Encountered obsolete static prop option to do its fade in screen space @ 0.00 688.00 192.00
Encountered obsolete static prop option to do its fade in screen space @ -736.00 208.00 160.00
Encountered obsolete static prop option to do its fade in screen space @ -736.00 176.00 160.00
Placing detail props : 0...1...2...3...4...5...6...7...8...9...10
Compacting texture/material tables...
Reduced 1905 texinfos to 1029
Reduced 118 texdatas to 106 (4248 bytes to 3717)
Writing C:\Program Files (x86)\Steam\steamapps\common\Portal 2\sdk_content\maps\WIP\Chapter 3\mp_coop_a2_bridge_intro.bsp

nummapplanes:     (  5514 / 65536 )
nummapbrushes:    (  1511 /  8192 )
nummapbrushsides: ( 10899 / 65536 )
num_map_overlays: (    51 /   512 )
nummodels:        (   114 /  1024 )
num_entities:     (   459 / 16384 )

1 second elapsed



24 threads
reading c:\program files (x86)\steam\steamapps\common\portal 2\sdk_content\maps\wip\chapter 3\mp_coop_a2_bridge_intro.bsp
reading c:\program files (x86)\steam\steamapps\common\portal 2\sdk_content\maps\wip\chapter 3\mp_coop_a2_bridge_intro.prt
 421 portalclusters
1163 numportals
0...1...2...3...4...5...6...7...8...9...100...1...2...3...4...5...6...7...8...9...10Optimized: 370 visible clusters (0.00%)
Total clusters visible: 89579
Average clusters visible: 212
Building PAS...
Average clusters audible: 330
visdatasize:43770  compressed from 47152
writing c:\program files (x86)\steam\steamapps\common\portal 2\sdk_content\maps\wip\chapter 3\mp_coop_a2_bridge_intro.bsp
1 second elapsed



Could not find lights.rad in lights.rad.
Trying VRAD BIN directory instead...
Warning: Couldn't open texlight file C:\Program Files (x86)\Steam\steamapps\common\Portal 2\bin\lights.rad.
Loading c:\program files (x86)\steam\steamapps\common\portal 2\sdk_content\maps\wip\chapter 3\mp_coop_a2_bridge_intro.bsp
2666 faces
211743 square feet [30491108.00 square inches]
0 Displacements
0 Square Feet [0.00 Square Inches]
2666 patches before subdivision
31556 patches after subdivision
21 direct lights
0...1...2...3...4...5...6...7...8...9...100...1...2...3...4...5...6...7...8...9...10transfers 4535393, max 721
transfer lists:  34.6 megs
0...1...2...3...4...5...6...7...8...9...10	Bounce #1 added RGB(19975, 23706, 25292)
0...1...2...3...4...5...6...7...8...9...10	Bounce #2 added RGB(9224, 10947, 11358)
0...1...2...3...4...5...6...7...8...9...10	Bounce #3 added RGB(4557, 5374, 5442)
0...1...2...3...4...5...6...7...8...9...10	Bounce #4 added RGB(2317, 2711, 2687)
0...1...2...3...4...5...6...7...8...9...10	Bounce #5 added RGB(1198, 1389, 1348)
0...1...2...3...4...5...6...7...8...9...10	Bounce #6 added RGB(626, 720, 684)
0...1...2...3...4...5...6...7...8...9...10	Bounce #7 added RGB(330, 376, 349)
0...1...2...3...4...5...6...7...8...9...10	Bounce #8 added RGB(175, 197, 180)
0...1...2...3...4...5...6...7...8...9...10	Bounce #9 added RGB(93, 104, 93)
0...1...2...3...4...5...6...7...8...9...10	Bounce #10 added RGB(50, 55, 48)
0...1...2...3...4...5...6...7...8...9...10	Bounce #11 added RGB(27, 29, 25)
0...1...2...3...4...5...6...7...8...9...10	Bounce #12 added RGB(14, 15, 13)
0...1...2...3...4...5...6...7...8...9...10	Bounce #13 added RGB(8, 8, 7)
0...1...2...3...4...5...6...7...8...9...10	Bounce #14 added RGB(4, 4, 3)
0...1...2...3...4...5...6...7...8...9...10	Bounce #15 added RGB(2, 2, 2)
0...1...2...3...4...5...6...7...8...9...10	Bounce #16 added RGB(1, 1, 1)
0...1...2...3...4...5...6...7...8...9...10	Bounce #17 added RGB(1, 1, 0)
Build Patch/Sample Hash Table(s).....Done<0.0041 sec>
0...1...2...3...4...5...6...7...8...9...10FinalLightFace Done
0 of 0 (0% of) surface lights went in leaf ambient cubes.
0...1...2...3...4...5...6...7...8...9...10Writing leaf ambient...done
Ready to Finish

Object names       Objects/Maxobjs  Memory / Maxmem  Fullness 
------------       ---------------  ---------------  -------- 
models                 114/1024         5472/49152    (11.1%) 
brushes               1511/8192        18132/98304    (18.4%) 
brushsides           10912/65536       87296/524288   (16.7%) 
planes                5514/65536      110280/1310720  ( 8.4%) 
vertexes              6055/65536       72660/786432   ( 9.2%) 
nodes                 1973/65536       63136/2097152  ( 3.0%) 
texinfos              1029/12288       74088/884736   ( 8.4%) 
texdata                106/2048         3392/65536    ( 5.2%) 
dispinfos                0/0               0/0        ( 0.0%) 
disp_verts               0/0               0/0        ( 0.0%) 
disp_tris                0/0               0/0        ( 0.0%) 
disp_multiblend          0/0               0/0        ( 0.0%) 
disp_lmsamples           0/0               0/0        ( 0.0%) 
faces                 2666/65536      149296/3670016  ( 4.1%) 
hdr faces                0/65536           0/3670016  ( 0.0%) 
origfaces             2210/65536      123760/3670016  ( 3.4%) 
facebrushes            332/0             664/0        ( 0.0%) 
facebrushlists        2666/0           10664/0        ( 0.0%) 
leaves                2088/65536       66816/2097152  ( 3.2%) 
leaffaces             3429/65536        6858/131072   ( 5.2%) 
leafbrushes           2712/65536        5424/131072   ( 4.1%) 
areas                   12/256            96/2048     ( 4.7%) 
surfedges            21219/512000      84876/2048000  ( 4.1%) 
edges                13303/256000      53212/1024000  ( 5.2%) 
LDR worldlights         21/8192         2100/819200   ( 0.3%) 
HDR worldlights          0/8192            0/819200   ( 0.0%) 
leafwaterdata            1/32768          12/393216   ( 0.0%) 
waterstrips            241/32768        2410/327680   ( 0.7%) 
waterverts               0/65536           0/786432   ( 0.0%) 
waterindices          3927/65536        7854/131072   ( 6.0%) 
cubemapsamples          21/1024          336/16384    ( 2.1%) 
overlays                51/512         17952/180224   (10.0%) 
LDR lightdata         [variable]     1692572/0        ( 0.0%) 
HDR lightdata         [variable]           0/0        ( 0.0%) 
visdata               [variable]       43770/16777216 ( 0.3%) 
entdata               [variable]      164058/393216   (41.7%) 
LDR ambient table     2088/65536        8352/262144   ( 3.2%) 
HDR ambient table     2088/65536        8352/262144   ( 3.2%) 
LDR leaf ambient      6498/65536      181944/1835008  ( 9.9%) 
HDR leaf ambient      2088/65536       58464/1835008  ( 3.2%) 
occluders                0/0               0/0        ( 0.0%) 
occluder polygons        0/0               0/0        ( 0.0%) 
occluder vert ind        0/0               0/0        ( 0.0%) 
detail props          [variable]           1/12       ( 8.3%) 
static props          [variable]           1/24144    ( 0.0%) 
pakfile               [variable]     1646979/0        ( 0.0%) 
physics               [variable]      568826/4194304  (13.6%) 
physics terrain       [variable]           2/1048576  ( 0.0%) 

Level flags = 0

Total triangle count: 7091
Writing c:\program files (x86)\steam\steamapps\common\portal 2\sdk_content\maps\wip\chapter 3\mp_coop_a2_bridge_intro.bsp
4 seconds elapsed



Could not find lights.rad in lights.rad.
Trying VRAD BIN directory instead...
Warning: Couldn't open texlight file C:\Program Files (x86)\Steam\steamapps\common\Portal 2\bin\lights.rad.
Loading c:\program files (x86)\steam\steamapps\common\portal 2\sdk_content\maps\wip\chapter 3\mp_coop_a2_bridge_intro.bsp
2666 faces
211743 square feet [30491108.00 square inches]
0 Displacements
0 Square Feet [0.00 Square Inches]
2666 patches before subdivision
31556 patches after subdivision
21 direct lights
0...1...2...3...4...5...6...7...8...9...100...1...2...3...4...5...6...7...8...9...10transfers 4535393, max 721
transfer lists:  34.6 megs
0...1...2...3...4...5...6...7...8...9...10	Bounce #1 added RGB(19975, 23706, 25292)
0...1...2...3...4...5...6...7...8...9...10	Bounce #2 added RGB(9224, 10947, 11358)
0...1...2...3...4...5...6...7...8...9...10	Bounce #3 added RGB(4557, 5374, 5442)
0...1...2...3...4...5...6...7...8...9...10	Bounce #4 added RGB(2317, 2711, 2687)
0...1...2...3...4...5...6...7...8...9...10	Bounce #5 added RGB(1198, 1389, 1348)
0...1...2...3...4...5...6...7...8...9...10	Bounce #6 added RGB(626, 720, 684)
0...1...2...3...4...5...6...7...8...9...10	Bounce #7 added RGB(330, 376, 349)
0...1...2...3...4...5...6...7...8...9...10	Bounce #8 added RGB(175, 197, 180)
0...1...2...3...4...5...6...7...8...9...10	Bounce #9 added RGB(93, 104, 93)
0...1...2...3...4...5...6...7...8...9...10	Bounce #10 added RGB(50, 55, 48)
0...1...2...3...4...5...6...7...8...9...10	Bounce #11 added RGB(27, 29, 25)
0...1...2...3...4...5...6...7...8...9...10	Bounce #12 added RGB(14, 15, 13)
0...1...2...3...4...5...6...7...8...9...10	Bounce #13 added RGB(8, 8, 7)
0...1...2...3...4...5...6...7...8...9...10	Bounce #14 added RGB(4, 4, 3)
0...1...2...3...4...5...6...7...8...9...10	Bounce #15 added RGB(2, 2, 2)
0...1...2...3...4...5...6...7...8...9...10	Bounce #16 added RGB(1, 1, 1)
0...1...2...3...4...5...6...7...8...9...10	Bounce #17 added RGB(1, 1, 0)
Build Patch/Sample Hash Table(s).....Done<0.0043 sec>
0...1...2...3...4...5...6...7...8...9...10FinalLightFace Done
0 of 0 (0% of) surface lights went in leaf ambient cubes.
0...1...2...3...4...5...6...7...8...9...10Writing leaf ambient...done
Ready to Finish

Object names       Objects/Maxobjs  Memory / Maxmem  Fullness 
------------       ---------------  ---------------  -------- 
models                 114/1024         5472/49152    (11.1%) 
brushes               1511/8192        18132/98304    (18.4%) 
brushsides           10912/65536       87296/524288   (16.7%) 
planes                5514/65536      110280/1310720  ( 8.4%) 
vertexes              6055/65536       72660/786432   ( 9.2%) 
nodes                 1973/65536       63136/2097152  ( 3.0%) 
texinfos              1029/12288       74088/884736   ( 8.4%) 
texdata                106/2048         3392/65536    ( 5.2%) 
dispinfos                0/0               0/0        ( 0.0%) 
disp_verts               0/0               0/0        ( 0.0%) 
disp_tris                0/0               0/0        ( 0.0%) 
disp_multiblend          0/0               0/0        ( 0.0%) 
disp_lmsamples           0/0               0/0        ( 0.0%) 
faces                 2666/65536      149296/3670016  ( 4.1%) 
hdr faces             2666/65536      149296/3670016  ( 4.1%) 
origfaces             2210/65536      123760/3670016  ( 3.4%) 
facebrushes            332/0             664/0        ( 0.0%) 
facebrushlists        2666/0           10664/0        ( 0.0%) 
leaves                2088/65536       66816/2097152  ( 3.2%) 
leaffaces             3429/65536        6858/131072   ( 5.2%) 
leafbrushes           2712/65536        5424/131072   ( 4.1%) 
areas                   12/256            96/2048     ( 4.7%) 
surfedges            21219/512000      84876/2048000  ( 4.1%) 
edges                13303/256000      53212/1024000  ( 5.2%) 
LDR worldlights         21/8192         2100/819200   ( 0.3%) 
HDR worldlights         21/8192         2100/819200   ( 0.3%) 
leafwaterdata            1/32768          12/393216   ( 0.0%) 
waterstrips            241/32768        2410/327680   ( 0.7%) 
waterverts               0/65536           0/786432   ( 0.0%) 
waterindices          3927/65536        7854/131072   ( 6.0%) 
cubemapsamples          21/1024          336/16384    ( 2.1%) 
overlays                51/512         17952/180224   (10.0%) 
LDR lightdata         [variable]     1692572/0        ( 0.0%) 
HDR lightdata         [variable]     1692572/0        ( 0.0%) 
visdata               [variable]       43770/16777216 ( 0.3%) 
entdata               [variable]      164058/393216   (41.7%) 
LDR ambient table     2088/65536        8352/262144   ( 3.2%) 
HDR ambient table     2088/65536        8352/262144   ( 3.2%) 
LDR leaf ambient      6498/65536      181944/1835008  ( 9.9%) 
HDR leaf ambient      6498/65536      181944/1835008  ( 9.9%) 
occluders                0/0               0/0        ( 0.0%) 
occluder polygons        0/0               0/0        ( 0.0%) 
occluder vert ind        0/0               0/0        ( 0.0%) 
detail props          [variable]           1/12       ( 8.3%) 
static props          [variable]           1/24144    ( 0.0%) 
pakfile               [variable]     1646979/0        ( 0.0%) 
physics               [variable]      568826/4194304  (13.6%) 
physics terrain       [variable]           2/1048576  ( 0.0%) 

Level flags = 0

Total triangle count: 7091
Writing c:\program files (x86)\steam\steamapps\common\portal 2\sdk_content\maps\wip\chapter 3\mp_coop_a2_bridge_intro.bsp
4 seconds elapsed



materialPath: C:\Program Files (x86)\Steam\steamapps\common\Portal 2\portal2\materials
Loading C:\Program Files (x86)\Steam\steamapps\common\Portal 2\sdk_content\maps\WIP\Chapter 3\mp_coop_a2_bridge_intro.vmf
ConVarRef gpu_level doesn't point to an existing ConVar
Patching WVT material: maps/mp_coop_a2_bridge_intro/metal/blendblackfloormetal_dirt02_wvt_patch
fixing up env_cubemap materials on brush sides...
0...1...2...3...4...5...6...7...8...9...100...1...2...3...4...5...6...7...8...9...10Processing areas...done (0)
Building Faces...done (0)
Chop Details...done (0)
Find Visible Detail Sides...
Merged 498 detail faces...done (0)
Merging details...done (0)
FixTjuncs...
PruneNodes...
WriteBSP...
done (0)
writing C:\Program Files (x86)\Steam\steamapps\common\Portal 2\sdk_content\maps\WIP\Chapter 3\mp_coop_a2_bridge_intro.prt...Building visibility clusters...
done (0)
Finding displacement neighbors...
Finding lightmap sample positions...
Displacement Alpha : 0...1...2...3...4...5...6...7...8...9...10
Building Physics collision data...
done (0) (568826 bytes)
Encountered obsolete static prop option to do its fade in screen space @ -256.00 560.00 192.00
Encountered obsolete static prop option to do its fade in screen space @ 768.00 -256.00 -16.00
Encountered obsolete static prop option to do its fade in screen space @ -752.00 -768.00 128.00
Encountered obsolete static prop option to do its fade in screen space @ 512.00 -192.00 -112.00
Encountered obsolete static prop option to do its fade in screen space @ 512.00 -192.00 -80.00
Encountered obsolete static prop option to do its fade in screen space @ 512.00 -192.00 -48.00
Encountered obsolete static prop option to do its fade in screen space @ -256.00 560.00 64.00
Encountered obsolete static prop option to do its fade in screen space @ 768.00 0.00 -16.00
Encountered obsolete static prop option to do its fade in screen space @ 752.00 -320.00 -192.00
Encountered obsolete static prop option to do its fade in screen space @ 720.00 -320.00 -64.00
Encountered obsolete static prop option to do its fade in screen space @ 752.00 -320.00 -320.00
Encountered obsolete static prop option to do its fade in screen space @ 768.00 -128.00 -16.00
Encountered obsolete static prop option to do its fade in screen space @ 720.00 -320.00 -192.00
Encountered obsolete static prop option to do its fade in screen space @ -192.00 560.00 256.00
Encountered obsolete static prop option to do its fade in screen space @ 512.00 -192.00 -16.00
Encountered obsolete static prop option to do its fade in screen space @ 768.00 128.00 -16.00
Encountered obsolete static prop option to do its fade in screen space @ 752.00 -320.00 -64.00
Encountered obsolete static prop option to do its fade in screen space @ -64.00 560.00 256.00
Encountered obsolete static prop option to do its fade in screen space @ -256.00 528.00 192.00
Encountered obsolete static prop option to do its fade in screen space @ -256.00 528.00 64.00
Encountered obsolete static prop option to do its fade in screen space @ 720.00 -320.00 -320.00
Encountered obsolete static prop option to do its fade in screen space @ -784.00 -768.00 128.00
Encountered obsolete static prop option to do its fade in screen space @ -655.96 -96.00 256.00
Encountered obsolete static prop option to do its fade in screen space @ -687.96 -96.00 256.00
Encountered obsolete static prop option to do its fade in screen space @ -671.96 -272.00 256.00
Encountered obsolete static prop option to do its fade in screen space @ -671.96 -240.00 256.00
Encountered obsolete static prop option to do its fade in screen space @ -671.96 -208.00 256.00
Encountered obsolete static prop option to do its fade in screen space @ -671.96 -176.00 256.00
Encountered obsolete static prop option to do its fade in screen space @ -623.96 -96.00 256.00
Encountered obsolete static prop option to do its fade in screen space @ -607.96 -272.00 192.00
Encountered obsolete static prop option to do its fade in screen space @ -607.96 -272.00 64.00
Encountered obsolete static prop option to do its fade in screen space @ -607.96 -240.00 192.00
Encountered obsolete static prop option to do its fade in screen space @ -607.96 -240.00 64.00
Encountered obsolete static prop option to do its fade in screen space @ 0.00 720.00 192.00
Encountered obsolete static prop option to do its fade in screen space @ 0.00 688.00 192.00
Encountered obsolete static prop option to do its fade in screen space @ -736.00 208.00 160.00
Encountered obsolete static prop option to do its fade in screen space @ -736.00 176.00 160.00
Placing detail props : 0...1...2...3...4...5...6...7...8...9...10
Compacting texture/material tables...
Reduced 1905 texinfos to 1029
Reduced 118 texdatas to 106 (4248 bytes to 3717)
Writing C:\Program Files (x86)\Steam\steamapps\common\Portal 2\sdk_content\maps\WIP\Chapter 3\mp_coop_a2_bridge_intro.bsp

nummapplanes:     (  5514 / 65536 )
nummapbrushes:    (  1512 /  8192 )
nummapbrushsides: ( 10905 / 65536 )
num_map_overlays: (    51 /   512 )
nummodels:        (   114 /  1024 )
num_entities:     (   459 / 16384 )

1 second elapsed



24 threads
reading c:\program files (x86)\steam\steamapps\common\portal 2\sdk_content\maps\wip\chapter 3\mp_coop_a2_bridge_intro.bsp
reading c:\program files (x86)\steam\steamapps\common\portal 2\sdk_content\maps\wip\chapter 3\mp_coop_a2_bridge_intro.prt
 428 portalclusters
1200 numportals
0...1...2...3...4...5...6...7...8...9...10Optimized: 6556 visible clusters (0.00%)
Total clusters visible: 135914
Average clusters visible: 317
Building PAS...
Average clusters audible: 398
visdatasize:47508  compressed from 47936
writing c:\program files (x86)\steam\steamapps\common\portal 2\sdk_content\maps\wip\chapter 3\mp_coop_a2_bridge_intro.bsp
0 seconds elapsed



Could not find lights.rad in lights.rad.
Trying VRAD BIN directory instead...
Warning: Couldn't open texlight file C:\Program Files (x86)\Steam\steamapps\common\Portal 2\bin\lights.rad.
Loading c:\program files (x86)\steam\steamapps\common\portal 2\sdk_content\maps\wip\chapter 3\mp_coop_a2_bridge_intro.bsp
2677 faces
211743 square feet [30491110.00 square inches]
0 Displacements
0 Square Feet [0.00 Square Inches]
2677 patches before subdivision
31513 patches after subdivision
21 direct lights
0...1...2...3...4...5...6...7...8...9...100...1...2...3...4...5...6...7...8...9...10transfers 4551600, max 723
transfer lists:  34.7 megs
0...1...2...3...4...5...6...7...8...9...10	Bounce #1 added RGB(20334, 24136, 25769)
0...1...2...3...4...5...6...7...8...9...10	Bounce #2 added RGB(9390, 11147, 11573)
0...1...2...3...4...5...6...7...8...9...10	Bounce #3 added RGB(4645, 5477, 5550)
0...1...2...3...4...5...6...7...8...9...10	Bounce #4 added RGB(2364, 2766, 2743)
0...1...2...3...4...5...6...7...8...9...10	Bounce #5 added RGB(1223, 1419, 1377)
0...1...2...3...4...5...6...7...8...9...10	Bounce #6 added RGB(640, 736, 699)
0...1...2...3...4...5...6...7...8...9...10	Bounce #7 added RGB(337, 384, 357)
0...1...2...3...4...5...6...7...8...9...10	Bounce #8 added RGB(179, 202, 184)
0...1...2...3...4...5...6...7...8...9...10	Bounce #9 added RGB(95, 107, 95)
0...1...2...3...4...5...6...7...8...9...10	Bounce #10 added RGB(51, 56, 49)
0...1...2...3...4...5...6...7...8...9...10	Bounce #11 added RGB(27, 30, 25)
0...1...2...3...4...5...6...7...8...9...10	Bounce #12 added RGB(15, 16, 13)
0...1...2...3...4...5...6...7...8...9...10	Bounce #13 added RGB(8, 8, 7)
0...1...2...3...4...5...6...7...8...9...10	Bounce #14 added RGB(4, 4, 4)
0...1...2...3...4...5...6...7...8...9...10	Bounce #15 added RGB(2, 2, 2)
0...1...2...3...4...5...6...7...8...9...10	Bounce #16 added RGB(1, 1, 1)
0...1...2...3...4...5...6...7...8...9...10	Bounce #17 added RGB(1, 1, 1)
Build Patch/Sample Hash Table(s).....Done<0.0045 sec>
0...1...2...3...4...5...6...7...8...9...10FinalLightFace Done
0 of 0 (0% of) surface lights went in leaf ambient cubes.
0...1...2...3...4...5...6...7...8...9...10Writing leaf ambient...done
Ready to Finish

Object names       Objects/Maxobjs  Memory / Maxmem  Fullness 
------------       ---------------  ---------------  -------- 
models                 114/1024         5472/49152    (11.1%) 
brushes               1512/8192        18144/98304    (18.5%) 
brushsides           10918/65536       87344/524288   (16.7%) 
planes                5514/65536      110280/1310720  ( 8.4%) 
vertexes              6071/65536       72852/786432   ( 9.3%) 
nodes                 1979/65536       63328/2097152  ( 3.0%) 
texinfos              1029/12288       74088/884736   ( 8.4%) 
texdata                106/2048         3392/65536    ( 5.2%) 
dispinfos                0/0               0/0        ( 0.0%) 
disp_verts               0/0               0/0        ( 0.0%) 
disp_tris                0/0               0/0        ( 0.0%) 
disp_multiblend          0/0               0/0        ( 0.0%) 
disp_lmsamples           0/0               0/0        ( 0.0%) 
faces                 2677/65536      149912/3670016  ( 4.1%) 
hdr faces                0/65536           0/3670016  ( 0.0%) 
origfaces             2208/65536      123648/3670016  ( 3.4%) 
facebrushes            337/0             674/0        ( 0.0%) 
facebrushlists        2677/0           10708/0        ( 0.0%) 
leaves                2094/65536       67008/2097152  ( 3.2%) 
leaffaces             3465/65536        6930/131072   ( 5.3%) 
leafbrushes           2739/65536        5478/131072   ( 4.2%) 
areas                   12/256            96/2048     ( 4.7%) 
surfedges            21267/512000      85068/2048000  ( 4.2%) 
edges                13324/256000      53296/1024000  ( 5.2%) 
LDR worldlights         21/8192         2100/819200   ( 0.3%) 
HDR worldlights          0/8192            0/819200   ( 0.0%) 
leafwaterdata            1/32768          12/393216   ( 0.0%) 
waterstrips            249/32768        2490/327680   ( 0.8%) 
waterverts               0/65536           0/786432   ( 0.0%) 
waterindices          4086/65536        8172/131072   ( 6.2%) 
cubemapsamples          21/1024          336/16384    ( 2.1%) 
overlays                51/512         17952/180224   (10.0%) 
LDR lightdata         [variable]     1693348/0        ( 0.0%) 
HDR lightdata         [variable]           0/0        ( 0.0%) 
visdata               [variable]       47508/16777216 ( 0.3%) 
entdata               [variable]      164058/393216   (41.7%) 
LDR ambient table     2094/65536        8376/262144   ( 3.2%) 
HDR ambient table     2094/65536        8376/262144   ( 3.2%) 
LDR leaf ambient      6586/65536      184408/1835008  (10.0%) 
HDR leaf ambient      2094/65536       58632/1835008  ( 3.2%) 
occluders                0/0               0/0        ( 0.0%) 
occluder polygons        0/0               0/0        ( 0.0%) 
occluder vert ind        0/0               0/0        ( 0.0%) 
detail props          [variable]           1/12       ( 8.3%) 
static props          [variable]           1/24154    ( 0.0%) 
pakfile               [variable]     1646979/0        ( 0.0%) 
physics               [variable]      568826/4194304  (13.6%) 
physics terrain       [variable]           2/1048576  ( 0.0%) 

Level flags = 0

Total triangle count: 7125
Writing c:\program files (x86)\steam\steamapps\common\portal 2\sdk_content\maps\wip\chapter 3\mp_coop_a2_bridge_intro.bsp
4 seconds elapsed



materialPath: C:\Program Files (x86)\Steam\steamapps\common\Portal 2\portal2\materials
Loading C:\Program Files (x86)\Steam\steamapps\common\Portal 2\sdk_content\maps\WIP\Chapter 3\mp_coop_a2_bridge_intro.vmf
ConVarRef gpu_level doesn't point to an existing ConVar
Patching WVT material: maps/mp_coop_a2_bridge_intro/metal/blendblackfloormetal_dirt02_wvt_patch
fixing up env_cubemap materials on brush sides...
0...1...2...3...4...5...6...7...8...9...100...1...2...3...4...5...6...7...8...9...10Processing areas...done (0)
Building Faces...done (0)
Chop Details...done (0)
Find Visible Detail Sides...
Merged 498 detail faces...done (0)
Merging details...done (0)
FixTjuncs...
PruneNodes...
WriteBSP...
done (0)
writing C:\Program Files (x86)\Steam\steamapps\common\Portal 2\sdk_content\maps\WIP\Chapter 3\mp_coop_a2_bridge_intro.prt...Building visibility clusters...
done (0)
Finding displacement neighbors...
Finding lightmap sample positions...
Displacement Alpha : 0...1...2...3...4...5...6...7...8...9...10
Building Physics collision data...
done (0) (568826 bytes)
Encountered obsolete static prop option to do its fade in screen space @ -256.00 560.00 192.00
Encountered obsolete static prop option to do its fade in screen space @ 768.00 -256.00 -16.00
Encountered obsolete static prop option to do its fade in screen space @ -752.00 -768.00 128.00
Encountered obsolete static prop option to do its fade in screen space @ 512.00 -192.00 -112.00
Encountered obsolete static prop option to do its fade in screen space @ 512.00 -192.00 -80.00
Encountered obsolete static prop option to do its fade in screen space @ 512.00 -192.00 -48.00
Encountered obsolete static prop option to do its fade in screen space @ -256.00 560.00 64.00
Encountered obsolete static prop option to do its fade in screen space @ 768.00 0.00 -16.00
Encountered obsolete static prop option to do its fade in screen space @ 752.00 -320.00 -192.00
Encountered obsolete static prop option to do its fade in screen space @ 720.00 -320.00 -64.00
Encountered obsolete static prop option to do its fade in screen space @ 752.00 -320.00 -320.00
Encountered obsolete static prop option to do its fade in screen space @ 768.00 -128.00 -16.00
Encountered obsolete static prop option to do its fade in screen space @ 720.00 -320.00 -192.00
Encountered obsolete static prop option to do its fade in screen space @ -192.00 560.00 256.00
Encountered obsolete static prop option to do its fade in screen space @ 512.00 -192.00 -16.00
Encountered obsolete static prop option to do its fade in screen space @ 768.00 128.00 -16.00
Encountered obsolete static prop option to do its fade in screen space @ 752.00 -320.00 -64.00
Encountered obsolete static prop option to do its fade in screen space @ -64.00 560.00 256.00
Encountered obsolete static prop option to do its fade in screen space @ -256.00 528.00 192.00
Encountered obsolete static prop option to do its fade in screen space @ -256.00 528.00 64.00
Encountered obsolete static prop option to do its fade in screen space @ 720.00 -320.00 -320.00
Encountered obsolete static prop option to do its fade in screen space @ -784.00 -768.00 128.00
Encountered obsolete static prop option to do its fade in screen space @ -655.96 -96.00 256.00
Encountered obsolete static prop option to do its fade in screen space @ -687.96 -96.00 256.00
Encountered obsolete static prop option to do its fade in screen space @ -671.96 -272.00 256.00
Encountered obsolete static prop option to do its fade in screen space @ -671.96 -240.00 256.00
Encountered obsolete static prop option to do its fade in screen space @ -671.96 -208.00 256.00
Encountered obsolete static prop option to do its fade in screen space @ -671.96 -176.00 256.00
Encountered obsolete static prop option to do its fade in screen space @ -623.96 -96.00 256.00
Encountered obsolete static prop option to do its fade in screen space @ -607.96 -272.00 192.00
Encountered obsolete static prop option to do its fade in screen space @ -607.96 -272.00 64.00
Encountered obsolete static prop option to do its fade in screen space @ -607.96 -240.00 192.00
Encountered obsolete static prop option to do its fade in screen space @ -607.96 -240.00 64.00
Encountered obsolete static prop option to do its fade in screen space @ 0.00 720.00 192.00
Encountered obsolete static prop option to do its fade in screen space @ 0.00 688.00 192.00
Encountered obsolete static prop option to do its fade in screen space @ -736.00 208.00 160.00
Encountered obsolete static prop option to do its fade in screen space @ -736.00 176.00 160.00
Placing detail props : 0...1...2...3...4...5...6...7...8...9...10
Compacting texture/material tables...
Reduced 1905 texinfos to 1029
Reduced 118 texdatas to 106 (4248 bytes to 3717)
Writing C:\Program Files (x86)\Steam\steamapps\common\Portal 2\sdk_content\maps\WIP\Chapter 3\mp_coop_a2_bridge_intro.bsp

nummapplanes:     (  5514 / 65536 )
nummapbrushes:    (  1512 /  8192 )
nummapbrushsides: ( 10905 / 65536 )
num_map_overlays: (    51 /   512 )
nummodels:        (   114 /  1024 )
num_entities:     (   459 / 16384 )

1 second elapsed



24 threads
reading c:\program files (x86)\steam\steamapps\common\portal 2\sdk_content\maps\wip\chapter 3\mp_coop_a2_bridge_intro.bsp
reading c:\program files (x86)\steam\steamapps\common\portal 2\sdk_content\maps\wip\chapter 3\mp_coop_a2_bridge_intro.prt
 428 portalclusters
1200 numportals
0...1...2...3...4...5...6...7...8...9...10Optimized: 6556 visible clusters (0.00%)
Total clusters visible: 135914
Average clusters visible: 317
Building PAS...
Average clusters audible: 398
visdatasize:47508  compressed from 47936
writing c:\program files (x86)\steam\steamapps\common\portal 2\sdk_content\maps\wip\chapter 3\mp_coop_a2_bridge_intro.bsp
0 seconds elapsed



[Reading texlights from 'lights.rad']
[59 texlights parsed from 'lights.rad']

Loading c:\program files (x86)\steam\steamapps\common\portal 2\sdk_content\maps\wip\chapter 3\mp_coop_a2_bridge_intro.bsp
2677 faces
211743 square feet [30491110.00 square inches]
0 Displacements
0 Square Feet [0.00 Square Inches]
2677 patches before subdivision
31601 patches after subdivision
103 direct lights
0...1...2...3...4...5...6...7...8...9...100...1...2...3...4...5...6...7...8...9...10transfers 4562610, max 723
transfer lists:  34.8 megs
0...1...2...3...4...5...6...7...8...9...10	Bounce #1 added RGB(24427, 29783, 31668)
0...1...2...3...4...5...6...7...8...9...10	Bounce #2 added RGB(11486, 13925, 14398)
0...1...2...3...4...5...6...7...8...9...10	Bounce #3 added RGB(5745, 6898, 6964)
0...1...2...3...4...5...6...7...8...9...10	Bounce #4 added RGB(2940, 3490, 3446)
0...1...2...3...4...5...6...7...8...9...10	Bounce #5 added RGB(1526, 1790, 1729)
0...1...2...3...4...5...6...7...8...9...10	Bounce #6 added RGB(800, 927, 876)
0...1...2...3...4...5...6...7...8...9...10	Bounce #7 added RGB(422, 483, 447)
0...1...2...3...4...5...6...7...8...9...10	Bounce #8 added RGB(224, 253, 229)
0...1...2...3...4...5...6...7...8...9...10	Bounce #9 added RGB(119, 133, 118)
0...1...2...3...4...5...6...7...8...9...10	Bounce #10 added RGB(63, 70, 61)
0...1...2...3...4...5...6...7...8...9...10	Bounce #11 added RGB(34, 37, 31)
0...1...2...3...4...5...6...7...8...9...10	Bounce #12 added RGB(18, 20, 16)
0...1...2...3...4...5...6...7...8...9...10	Bounce #13 added RGB(10, 10, 8)
0...1...2...3...4...5...6...7...8...9...10	Bounce #14 added RGB(5, 6, 4)
0...1...2...3...4...5...6...7...8...9...10	Bounce #15 added RGB(3, 3, 2)
0...1...2...3...4...5...6...7...8...9...10	Bounce #16 added RGB(2, 2, 1)
0...1...2...3...4...5...6...7...8...9...10	Bounce #17 added RGB(1, 1, 1)
Build Patch/Sample Hash Table(s).....Done<0.0045 sec>
0...1...2...3...4...5...6...7...8...9...10FinalLightFace Done
82 of 82 (100% of) surface lights went in leaf ambient cubes.
0...1...2...3...4...5...6...7...8...9...10Writing leaf ambient...done
Ready to Finish

Object names       Objects/Maxobjs  Memory / Maxmem  Fullness 
------------       ---------------  ---------------  -------- 
models                 114/1024         5472/49152    (11.1%) 
brushes               1512/8192        18144/98304    (18.5%) 
brushsides           10918/65536       87344/524288   (16.7%) 
planes                5514/65536      110280/1310720  ( 8.4%) 
vertexes              6071/65536       72852/786432   ( 9.3%) 
nodes                 1979/65536       63328/2097152  ( 3.0%) 
texinfos              1029/12288       74088/884736   ( 8.4%) 
texdata                106/2048         3392/65536    ( 5.2%) 
dispinfos                0/0               0/0        ( 0.0%) 
disp_verts               0/0               0/0        ( 0.0%) 
disp_tris                0/0               0/0        ( 0.0%) 
disp_multiblend          0/0               0/0        ( 0.0%) 
disp_lmsamples           0/0               0/0        ( 0.0%) 
faces                 2677/65536      149912/3670016  ( 4.1%) 
hdr faces                0/65536           0/3670016  ( 0.0%) 
origfaces             2208/65536      123648/3670016  ( 3.4%) 
facebrushes            337/0             674/0        ( 0.0%) 
facebrushlists        2677/0           10708/0        ( 0.0%) 
leaves                2094/65536       67008/2097152  ( 3.2%) 
leaffaces             3465/65536        6930/131072   ( 5.3%) 
leafbrushes           2739/65536        5478/131072   ( 4.2%) 
areas                   12/256            96/2048     ( 4.7%) 
surfedges            21267/512000      85068/2048000  ( 4.2%) 
edges                13324/256000      53296/1024000  ( 5.2%) 
LDR worldlights        103/8192        10300/819200   ( 1.3%) 
HDR worldlights          0/8192            0/819200   ( 0.0%) 
leafwaterdata            1/32768          12/393216   ( 0.0%) 
waterstrips            249/32768        2490/327680   ( 0.8%) 
waterverts               0/65536           0/786432   ( 0.0%) 
waterindices          4086/65536        8172/131072   ( 6.2%) 
cubemapsamples          21/1024          336/16384    ( 2.1%) 
overlays                51/512         17952/180224   (10.0%) 
LDR lightdata         [variable]     1693348/0        ( 0.0%) 
HDR lightdata         [variable]           0/0        ( 0.0%) 
visdata               [variable]       47508/16777216 ( 0.3%) 
entdata               [variable]      164061/393216   (41.7%) 
LDR ambient table     2094/65536        8376/262144   ( 3.2%) 
HDR ambient table     2094/65536        8376/262144   ( 3.2%) 
LDR leaf ambient      6664/65536      186592/1835008  (10.2%) 
HDR leaf ambient      2094/65536       58632/1835008  ( 3.2%) 
occluders                0/0               0/0        ( 0.0%) 
occluder polygons        0/0               0/0        ( 0.0%) 
occluder vert ind        0/0               0/0        ( 0.0%) 
detail props          [variable]           1/12       ( 8.3%) 
static props          [variable]           1/24154    ( 0.0%) 
pakfile               [variable]     1646979/0        ( 0.0%) 
physics               [variable]      568826/4194304  (13.6%) 
physics terrain       [variable]           2/1048576  ( 0.0%) 

Level flags = 0

Total triangle count: 7125
Writing c:\program files (x86)\steam\steamapps\common\portal 2\sdk_content\maps\wip\chapter 3\mp_coop_a2_bridge_intro.bsp
7 seconds elapsed



[Reading texlights from 'lights.rad']
[59 texlights parsed from 'lights.rad']

Loading c:\program files (x86)\steam\steamapps\common\portal 2\sdk_content\maps\wip\chapter 3\mp_coop_a2_bridge_intro.bsp
Loaded alpha texture materials\Metal\metalgrate018.vtf
Loaded alpha texture materials\Tools\toolsinvisible.vtf
2677 faces
211743 square feet [30491110.00 square inches]
0 Displacements
0 Square Feet [0.00 Square Inches]
2677 patches before subdivision
31601 patches after subdivision
103 direct lights
0...1...2...3...4...5...6...7...8...9...100...1...2...3...4...5...6...7...8...9...10transfers 4722270, max 745
transfer lists:  36.0 megs
0...1...2...3...4...5...6...7...8...9...10	Bounce #1 added RGB(25850, 31023, 32633)
0...1...2...3...4...5...6...7...8...9...10	Bounce #2 added RGB(11684, 14116, 14561)
0...1...2...3...4...5...6...7...8...9...10	Bounce #3 added RGB(5790, 6944, 7004)
0...1...2...3...4...5...6...7...8...9...10	Bounce #4 added RGB(2954, 3503, 3457)
0...1...2...3...4...5...6...7...8...9...10	Bounce #5 added RGB(1529, 1792, 1730)
0...1...2...3...4...5...6...7...8...9...10	Bounce #6 added RGB(800, 926, 875)
0...1...2...3...4...5...6...7...8...9...10	Bounce #7 added RGB(421, 482, 445)
0...1...2...3...4...5...6...7...8...9...10	Bounce #8 added RGB(223, 252, 228)
0...1...2...3...4...5...6...7...8...9...10	Bounce #9 added RGB(118, 132, 117)
0...1...2...3...4...5...6...7...8...9...10	Bounce #10 added RGB(63, 70, 60)
0...1...2...3...4...5...6...7...8...9...10	Bounce #11 added RGB(34, 37, 31)
0...1...2...3...4...5...6...7...8...9...10	Bounce #12 added RGB(18, 19, 16)
0...1...2...3...4...5...6...7...8...9...10	Bounce #13 added RGB(10, 10, 8)
0...1...2...3...4...5...6...7...8...9...10	Bounce #14 added RGB(5, 5, 4)
0...1...2...3...4...5...6...7...8...9...10	Bounce #15 added RGB(3, 3, 2)
0...1...2...3...4...5...6...7...8...9...10	Bounce #16 added RGB(1, 2, 1)
0...1...2...3...4...5...6...7...8...9...10	Bounce #17 added RGB(1, 1, 1)
Build Patch/Sample Hash Table(s).....Done<0.0041 sec>
0...1...2...3...4...5...6...7...8...9...10FinalLightFace Done
82 of 82 (100% of) surface lights went in leaf ambient cubes.
0...1...2...3...4...5...6...7...8...9...10Writing leaf ambient...done
Computing static prop lighting : 00...1...2...3...4...5...6...7...8...9...10
Ready to Finish

Object names       Objects/Maxobjs  Memory / Maxmem  Fullness 
------------       ---------------  ---------------  -------- 
models                 114/1024         5472/49152    (11.1%) 
brushes               1512/8192        18144/98304    (18.5%) 
brushsides           10918/65536       87344/524288   (16.7%) 
planes                5514/65536      110280/1310720  ( 8.4%) 
vertexes              6071/65536       72852/786432   ( 9.3%) 
nodes                 1979/65536       63328/2097152  ( 3.0%) 
texinfos              1029/12288       74088/884736   ( 8.4%) 
texdata                106/2048         3392/65536    ( 5.2%) 
dispinfos                0/0               0/0        ( 0.0%) 
disp_verts               0/0               0/0        ( 0.0%) 
disp_tris                0/0               0/0        ( 0.0%) 
disp_multiblend          0/0               0/0        ( 0.0%) 
disp_lmsamples           0/0               0/0        ( 0.0%) 
faces                 2677/65536      149912/3670016  ( 4.1%) 
hdr faces                0/65536           0/3670016  ( 0.0%) 
origfaces             2208/65536      123648/3670016  ( 3.4%) 
facebrushes            337/0             674/0        ( 0.0%) 
facebrushlists        2677/0           10708/0        ( 0.0%) 
leaves                2094/65536       67008/2097152  ( 3.2%) 
leaffaces             3465/65536        6930/131072   ( 5.3%) 
leafbrushes           2739/65536        5478/131072   ( 4.2%) 
areas                   12/256            96/2048     ( 4.7%) 
surfedges            21267/512000      85068/2048000  ( 4.2%) 
edges                13324/256000      53296/1024000  ( 5.2%) 
LDR worldlights        103/8192        10300/819200   ( 1.3%) 
HDR worldlights          0/8192            0/819200   ( 0.0%) 
leafwaterdata            1/32768          12/393216   ( 0.0%) 
waterstrips            249/32768        2490/327680   ( 0.8%) 
waterverts               0/65536           0/786432   ( 0.0%) 
waterindices          4086/65536        8172/131072   ( 6.2%) 
cubemapsamples          21/1024          336/16384    ( 2.1%) 
overlays                51/512         17952/180224   (10.0%) 
LDR lightdata         [variable]     1693348/0        ( 0.0%) 
HDR lightdata         [variable]           0/0        ( 0.0%) 
visdata               [variable]       47508/16777216 ( 0.3%) 
entdata               [variable]      164061/393216   (41.7%) 
LDR ambient table     2094/65536        8376/262144   ( 3.2%) 
HDR ambient table     2094/65536        8376/262144   ( 3.2%) 
LDR leaf ambient      6702/65536      187656/1835008  (10.2%) 
HDR leaf ambient      2094/65536       58632/1835008  ( 3.2%) 
occluders                0/0               0/0        ( 0.0%) 
occluder polygons        0/0               0/0        ( 0.0%) 
occluder vert ind        0/0               0/0        ( 0.0%) 
detail props          [variable]           1/12       ( 8.3%) 
static props          [variable]           1/24154    ( 0.0%) 
pakfile               [variable]     2794087/0        ( 0.0%) 
physics               [variable]      568826/4194304  (13.6%) 
physics terrain       [variable]           2/1048576  ( 0.0%) 

Level flags = 1

Total triangle count: 7125
Writing c:\program files (x86)\steam\steamapps\common\portal 2\sdk_content\maps\wip\chapter 3\mp_coop_a2_bridge_intro.bsp
22 seconds elapsed



[Reading texlights from 'lights.rad']
[59 texlights parsed from 'lights.rad']

Loading c:\program files (x86)\steam\steamapps\common\portal 2\sdk_content\maps\wip\chapter 3\mp_coop_a2_bridge_intro.bsp
Loaded alpha texture materials\Metal\metalgrate018.vtf
Loaded alpha texture materials\Tools\toolsinvisible.vtf
2677 faces
211743 square feet [30491110.00 square inches]
0 Displacements
0 Square Feet [0.00 Square Inches]
2677 patches before subdivision
31601 patches after subdivision
103 direct lights
0...1...2...3...4...5...6...7...8...9...100...1...2...3...4...5...6...7...8...9...10transfers 4722270, max 745
transfer lists:  36.0 megs
0...1...2...3...4...5...6...7...8...9...10	Bounce #1 added RGB(25850, 31023, 32633)
0...1...2...3...4...5...6...7...8...9...10	Bounce #2 added RGB(11684, 14116, 14561)
0...1...2...3...4...5...6...7...8...9...10	Bounce #3 added RGB(5790, 6944, 7004)
0...1...2...3...4...5...6...7...8...9...10	Bounce #4 added RGB(2954, 3503, 3457)
0...1...2...3...4...5...6...7...8...9...10	Bounce #5 added RGB(1529, 1792, 1730)
0...1...2...3...4...5...6...7...8...9...10	Bounce #6 added RGB(800, 926, 875)
0...1...2...3...4...5...6...7...8...9...10	Bounce #7 added RGB(421, 482, 445)
0...1...2...3...4...5...6...7...8...9...10	Bounce #8 added RGB(223, 252, 228)
0...1...2...3...4...5...6...7...8...9...10	Bounce #9 added RGB(118, 132, 117)
0...1...2...3...4...5...6...7...8...9...10	Bounce #10 added RGB(63, 70, 60)
0...1...2...3...4...5...6...7...8...9...10	Bounce #11 added RGB(34, 37, 31)
0...1...2...3...4...5...6...7...8...9...10	Bounce #12 added RGB(18, 19, 16)
0...1...2...3...4...5...6...7...8...9...10	Bounce #13 added RGB(10, 10, 8)
0...1...2...3...4...5...6...7...8...9...10	Bounce #14 added RGB(5, 5, 4)
0...1...2...3...4...5...6...7...8...9...10	Bounce #15 added RGB(3, 3, 2)
0...1...2...3...4...5...6...7...8...9...10	Bounce #16 added RGB(1, 2, 1)
0...1...2...3...4...5...6...7...8...9...10	Bounce #17 added RGB(1, 1, 1)
Build Patch/Sample Hash Table(s).....Done<0.0042 sec>
0...1...2...3...4...5...6...7...8...9...10FinalLightFace Done
82 of 82 (100% of) surface lights went in leaf ambient cubes.
0...1...2...3...4...5...6...7...8...9...10Writing leaf ambient...done
Computing static prop lighting : 00...1...2...3...4...5...6...7...8...9...10
Ready to Finish

Object names       Objects/Maxobjs  Memory / Maxmem  Fullness 
------------       ---------------  ---------------  -------- 
models                 114/1024         5472/49152    (11.1%) 
brushes               1512/8192        18144/98304    (18.5%) 
brushsides           10918/65536       87344/524288   (16.7%) 
planes                5514/65536      110280/1310720  ( 8.4%) 
vertexes              6071/65536       72852/786432   ( 9.3%) 
nodes                 1979/65536       63328/2097152  ( 3.0%) 
texinfos              1029/12288       74088/884736   ( 8.4%) 
texdata                106/2048         3392/65536    ( 5.2%) 
dispinfos                0/0               0/0        ( 0.0%) 
disp_verts               0/0               0/0        ( 0.0%) 
disp_tris                0/0               0/0        ( 0.0%) 
disp_multiblend          0/0               0/0        ( 0.0%) 
disp_lmsamples           0/0               0/0        ( 0.0%) 
faces                 2677/65536      149912/3670016  ( 4.1%) 
hdr faces             2677/65536      149912/3670016  ( 4.1%) 
origfaces             2208/65536      123648/3670016  ( 3.4%) 
facebrushes            337/0             674/0        ( 0.0%) 
facebrushlists        2677/0           10708/0        ( 0.0%) 
leaves                2094/65536       67008/2097152  ( 3.2%) 
leaffaces             3465/65536        6930/131072   ( 5.3%) 
leafbrushes           2739/65536        5478/131072   ( 4.2%) 
areas                   12/256            96/2048     ( 4.7%) 
surfedges            21267/512000      85068/2048000  ( 4.2%) 
edges                13324/256000      53296/1024000  ( 5.2%) 
LDR worldlights        103/8192        10300/819200   ( 1.3%) 
HDR worldlights        103/8192        10300/819200   ( 1.3%) 
leafwaterdata            1/32768          12/393216   ( 0.0%) 
waterstrips            249/32768        2490/327680   ( 0.8%) 
waterverts               0/65536           0/786432   ( 0.0%) 
waterindices          4086/65536        8172/131072   ( 6.2%) 
cubemapsamples          21/1024          336/16384    ( 2.1%) 
overlays                51/512         17952/180224   (10.0%) 
LDR lightdata         [variable]     1693348/0        ( 0.0%) 
HDR lightdata         [variable]     1693348/0        ( 0.0%) 
visdata               [variable]       47508/16777216 ( 0.3%) 
entdata               [variable]      164061/393216   (41.7%) 
LDR ambient table     2094/65536        8376/262144   ( 3.2%) 
HDR ambient table     2094/65536        8376/262144   ( 3.2%) 
LDR leaf ambient      6702/65536      187656/1835008  (10.2%) 
HDR leaf ambient      6702/65536      187656/1835008  (10.2%) 
occluders                0/0               0/0        ( 0.0%) 
occluder polygons        0/0               0/0        ( 0.0%) 
occluder vert ind        0/0               0/0        ( 0.0%) 
detail props          [variable]           1/12       ( 8.3%) 
static props          [variable]           1/24154    ( 0.0%) 
pakfile               [variable]     3943067/0        ( 0.0%) 
physics               [variable]      568826/4194304  (13.6%) 
physics terrain       [variable]           2/1048576  ( 0.0%) 

Level flags = 3

Total triangle count: 7125
Writing c:\program files (x86)\steam\steamapps\common\portal 2\sdk_content\maps\wip\chapter 3\mp_coop_a2_bridge_intro.bsp
22 seconds elapsed
