PRT1
370
898
4 4 26 (368 1776 1407.959961 ) (368 1776 953.961060 ) (368 1512 953.961060 ) (368 1512 1407.959961 ) 
4 4 17 (520 1776 953.961060 ) (524 1776 953.961060 ) (524 1512 953.961060 ) (520 1512 953.961060 ) 
4 4 18 (368 1512 953.961060 ) (368 1776 953.961060 ) (520 1776 953.961060 ) (520 1512 953.961060 ) 
4 4 15 (524 1776 953.961060 ) (592 1776 953.961060 ) (592 1512 953.961060 ) (524 1512 953.961060 ) 
4 4 9 (520 1512 953.961060 ) (592 1512 953.961060 ) (592 1512 957.960999 ) (520 1512 957.960999 ) 
4 4 11 (368 1512 957.960999 ) (368 1512 953.961060 ) (520 1512 953.961060 ) (520 1512 957.960999 ) 
4 4 6 (592 1512 1049.959961 ) (592 1512 1081.959961 ) (552 1512 1081.959961 ) (552 1512 1049.959961 ) 
4 4 5 (592 1512 1081.959961 ) (592 1512 1407.959961 ) (432 1512 1407.959961 ) (432 1512 1081.959961 ) 
4 4 7 (432 1512 957.960999 ) (592 1512 957.960999 ) (592 1512 1049.959961 ) (432 1512 1049.959961 ) 
4 4 8 (368 1512 1407.959961 ) (368 1512 957.960999 ) (432 1512 957.960999 ) (432 1512 1407.959961 ) 
4 5 12 (592 1320 1081.959961 ) (592 1320 1407.959961 ) (432 1320 1407.959961 ) (432 1320 1081.959961 ) 
4 5 6 (592 1320 1081.959961 ) (552 1320 1081.959961 ) (552 1512 1081.959961 ) (592 1512 1081.959961 ) 
4 5 8 (432 1512 1407.959961 ) (432 1512 1081.959961 ) (432 1320 1081.959961 ) (432 1320 1407.959961 ) 
4 6 12 (592 1320 1049.959961 ) (592 1320 1081.959961 ) (552 1320 1081.959961 ) (552 1320 1049.959961 ) 
4 6 7 (592 1320 1049.959961 ) (552 1320 1049.959961 ) (552 1512 1049.959961 ) (592 1512 1049.959961 ) 
4 7 12 (432 1320 957.960999 ) (592 1320 957.960999 ) (592 1320 1049.959961 ) (432 1320 1049.959961 ) 
4 7 10 (592 1320 957.960999 ) (520 1320 957.960999 ) (520 1380 957.960999 ) (592 1380 957.960999 ) 
4 7 9 (520 1452 957.960999 ) (520 1512 957.960999 ) (592 1512 957.960999 ) (592 1452 957.960999 ) 
4 7 11 (520 1320 957.960999 ) (432 1320 957.960999 ) (432 1512 957.960999 ) (520 1512 957.960999 ) 
4 7 8 (432 1512 1049.959961 ) (432 1512 957.960999 ) (432 1320 957.960999 ) (432 1320 1049.959961 ) 
4 8 30 (368 1320 957.960999 ) (368 1320 1049.959961 ) (368 1512 1049.959961 ) (368 1512 957.960999 ) 
4 8 27 (368 1320 1049.959961 ) (368 1320 1407.959961 ) (368 1512 1407.959961 ) (368 1512 1049.959961 ) 
4 8 12 (368 1320 1407.959961 ) (368 1320 957.960999 ) (432 1320 957.960999 ) (432 1320 1407.959961 ) 
4 8 11 (432 1320 957.960999 ) (368 1320 957.960999 ) (368 1512 957.960999 ) (432 1512 957.960999 ) 
4 9 17 (520 1512 953.961060 ) (524 1512 953.961060 ) (524 1452 953.961060 ) (520 1452 953.961060 ) 
4 9 15 (524 1512 953.961060 ) (592 1512 953.961060 ) (592 1452 953.961060 ) (524 1452 953.961060 ) 
4 9 11 (520 1452 957.960999 ) (520 1512 957.960999 ) (520 1512 953.961060 ) (520 1452 953.961060 ) 
4 10 22 (592 1380 953.961060 ) (592 1320 953.961060 ) (520 1320 953.961060 ) (520 1380 953.961060 ) 
4 10 12 (520 1320 953.961060 ) (592 1320 953.961060 ) (592 1320 957.960999 ) (520 1320 957.960999 ) 
4 10 11 (520 1320 953.961060 ) (520 1320 957.960999 ) (520 1380 957.960999 ) (520 1380 953.961060 ) 
4 11 30 (368 1512 953.961060 ) (368 1320 953.961060 ) (368 1320 957.960999 ) (368 1512 957.960999 ) 
4 11 22 (368 1320 953.961060 ) (368 1380 953.961060 ) (520 1380 953.961060 ) (520 1320 953.961060 ) 
4 11 18 (368 1380 953.961060 ) (368 1512 953.961060 ) (520 1512 953.961060 ) (520 1380 953.961060 ) 
4 11 12 (368 1320 957.960999 ) (368 1320 953.961060 ) (520 1320 953.961060 ) (520 1320 957.960999 ) 
4 12 44 (368 1320 953.961060 ) (368 1112 953.961060 ) (368 1112 1407.959961 ) (368 1320 1407.959961 ) 
4 12 22 (368 1112 953.961060 ) (368 1320 953.961060 ) (592 1320 953.961060 ) (592 1112 953.961060 ) 
4 12 13 (440 1112 953.961060 ) (592 1112 953.961060 ) (592 1112 1407.959961 ) (440 1112 1407.959961 ) 
4 13 85 (384 1024 1152 ) (368 1024 1152 ) (368 1024 953.961060 ) (384 1024 953.961060 ) 
4 13 77 (416 1024 1152 ) (384 1024 1152 ) (384 1024 953.961060 ) (416 1024 953.961060 ) 
4 13 75 (592 1024 953.961060 ) (592 1024 1152 ) (416 1024 1152 ) (416 1024 953.961060 ) 
4 13 70 (592 1024 1152 ) (592 1024 1407.959961 ) (368 1024 1407.959961 ) (368 1024 1152 ) 
4 13 44 (368 1067 953.961060 ) (368 1024 953.961060 ) (368 1024 1407.959961 ) (368 1067 1407.959961 ) 
5 13 23 (368 1024 953.961060 ) (368 1067 953.961060 ) (440 1112 953.961060 ) (592 1112 953.961060 ) (592 1024 953.961060 ) 
4 13 14 (408.003510 1092 953.961060 ) (368 1066.998779 953.961060 ) (368 1066.998779 1407.959961 ) (408.003510 1092 1407.959961 ) 
4 14 44 (368 1080 953.961060 ) (368 1067 953.961060 ) (368 1067 1407.959961 ) (368 1080 1407.959961 ) 
3 14 24 (368 1067 953.961060 ) (368 1080 953.961060 ) (408 1092 953.961060 ) 
4 15 19 (524 1452 845.960999 ) (524 1776 845.960999 ) (592 1776 845.960999 ) (592 1452 845.960999 ) 
4 15 17 (524 1776 845.960999 ) (524 1452 845.960999 ) (524 1452 953.961060 ) (524 1776 953.961060 ) 
4 17 19 (520 1452 845.960999 ) (520 1776 845.960999 ) (524 1776 845.960999 ) (524 1452 845.960999 ) 
4 17 18 (520 1776 845.960999 ) (520 1452 845.960999 ) (520 1452 953.961060 ) (520 1776 953.961060 ) 
4 18 34 (368 1776 953.961060 ) (368 1776 845.960999 ) (368 1380 845.960999 ) (368 1380 953.961060 ) 
4 18 22 (520 1380 953.961060 ) (368 1380 953.961060 ) (368 1380 845.960999 ) (520 1380 845.960999 ) 
4 18 20 (520 1380 845.960999 ) (368 1380 845.960999 ) (368 1776 845.960999 ) (520 1776 845.960999 ) 
4 19 21 (520 1452 841.960999 ) (520 1776 841.960999 ) (592 1776 841.960999 ) (592 1452 841.960999 ) 
4 19 20 (520 1776 841.960999 ) (520 1452 841.960999 ) (520 1452 845.960999 ) (520 1776 845.960999 ) 
4 20 40 (368 1776 845.960999 ) (368 1776 841.960999 ) (368 1380 841.960999 ) (368 1380 845.960999 ) 
4 20 22 (520 1380 845.960999 ) (368 1380 845.960999 ) (368 1380 841.960999 ) (520 1380 841.960999 ) 
4 20 21 (520 1380 841.960999 ) (368 1380 841.960999 ) (368 1776 841.960999 ) (520 1776 841.960999 ) 
4 21 43 (368 1776 841.960999 ) (368 1776 639.961060 ) (368 1380 639.961060 ) (368 1380 841.960999 ) 
4 21 25 (592 1380 639.961060 ) (592 1380 827.961060 ) (368 1380 827.961060 ) (368 1380 639.961060 ) 
4 21 22 (592 1380 827.961060 ) (592 1380 841.960999 ) (368 1380 841.960999 ) (368 1380 827.961060 ) 
4 22 44 (368 1112 953.961060 ) (368 1320 953.961060 ) (368 1320 827.961060 ) (368 1112 827.961060 ) 
4 22 43 (368 1380 841.960999 ) (368 1380 827.961060 ) (368 1320 827.961060 ) (368 1320 841.960999 ) 
4 22 40 (368 1380 845.960999 ) (368 1380 841.960999 ) (368 1320 841.960999 ) (368 1320 845.960999 ) 
4 22 34 (368 1320 953.961060 ) (368 1380 953.961060 ) (368 1380 845.960999 ) (368 1320 845.960999 ) 
4 22 25 (368 1112 827.961060 ) (368 1380 827.961060 ) (592 1380 827.961060 ) (592 1112 827.961060 ) 
4 22 23 (440 1112 827.961060 ) (592 1112 827.961060 ) (592 1112 953.961060 ) (440 1112 953.961060 ) 
4 23 102 (368 1024 896 ) (368 1024 827.961060 ) (384 1024 827.961060 ) (384 1024 896 ) 
4 23 85 (384 1024 953.961060 ) (368 1024 953.961060 ) (368 1024 896 ) (384 1024 896 ) 
4 23 83 (384 1024 896 ) (384 1024 827.961060 ) (416 1024 827.961060 ) (416 1024 896 ) 
4 23 77 (416 1024 953.961060 ) (384 1024 953.961060 ) (384 1024 896 ) (416 1024 896 ) 
4 23 75 (592 1024 827.961060 ) (592 1024 953.961060 ) (416 1024 953.961060 ) (416 1024 827.961060 ) 
4 23 44 (368 1024 827.961060 ) (368 1024 953.961060 ) (368 1067 953.961060 ) (368 1067 827.961060 ) 
5 23 25 (368 1024 827.961060 ) (368 1067 827.961060 ) (440 1112 827.961060 ) (592 1112 827.961060 ) (592 1024 827.961060 ) 
4 23 24 (408.003510 1092 827.961060 ) (368 1066.998779 827.961060 ) (368 1067 953.961060 ) (408.001862 1092 953.961060 ) 
4 24 44 (368 1067 953.961060 ) (368 1080 953.961060 ) (368 1080 827.961060 ) (368 1067 827.961060 ) 
3 24 25 (368 1067 827.961060 ) (368 1080 827.961060 ) (408 1092 827.961060 ) 
4 25 123 (592 1024 639.961060 ) (592 1024 768 ) (368 1024 768 ) (368 1024 639.961060 ) 
4 25 102 (384 1024 827.961060 ) (368 1024 827.961060 ) (368 1024 768 ) (384 1024 768 ) 
4 25 83 (416 1024 827.961060 ) (384 1024 827.961060 ) (384 1024 768 ) (416 1024 768 ) 
4 25 75 (592 1024 768 ) (592 1024 827.961060 ) (416 1024 827.961060 ) (416 1024 768 ) 
4 25 44 (368 1024 639.961060 ) (368 1024 827.961060 ) (368 1320 827.961060 ) (368 1320 639.961060 ) 
4 25 43 (368 1320 827.961060 ) (368 1380 827.961060 ) (368 1380 639.961060 ) (368 1320 639.961060 ) 
4 26 37 (48 1512 953.961060 ) (48 1776 953.961060 ) (116 1776 953.961060 ) (116 1512 953.961060 ) 
4 26 35 (116 1776 953.961060 ) (120 1776 953.961060 ) (120 1512 953.961060 ) (116 1512 953.961060 ) 
4 26 34 (120 1776 953.961060 ) (368 1776 953.961060 ) (368 1512 953.961060 ) (120 1512 953.961060 ) 
4 26 31 (48 1512 1049.959961 ) (48 1512 953.961060 ) (120 1512 953.961060 ) (120 1512 1049.959961 ) 
4 26 30 (120 1512 953.961060 ) (368 1512 953.961060 ) (368 1512 1049.959961 ) (120 1512 1049.959961 ) 
4 26 29 (48 1512 1081.959961 ) (48 1512 1049.959961 ) (88 1512 1049.959961 ) (88 1512 1081.959961 ) 
4 26 28 (48 1512 1407.959961 ) (48 1512 1081.959961 ) (208 1512 1081.959961 ) (208 1512 1407.959961 ) 
4 26 27 (208 1512 1049.959961 ) (368 1512 1049.959961 ) (368 1512 1407.959961 ) (208 1512 1407.959961 ) 
4 27 45 (208 1320 1049.959961 ) (272 1320 1049.959961 ) (272 1320 1407.959961 ) (208 1320 1407.959961 ) 
4 27 44 (272 1320 1049.959961 ) (368 1320 1049.959961 ) (368 1320 1407.959961 ) (272 1320 1407.959961 ) 
4 27 30 (368 1320 1049.959961 ) (208 1320 1049.959961 ) (208 1512 1049.959961 ) (368 1512 1049.959961 ) 
4 27 28 (208 1512 1407.959961 ) (208 1512 1081.959961 ) (208 1320 1081.959961 ) (208 1320 1407.959961 ) 
4 28 45 (48 1320 1407.959961 ) (48 1320 1081.959961 ) (208 1320 1081.959961 ) (208 1320 1407.959961 ) 
4 28 29 (48 1512 1081.959961 ) (88 1512 1081.959961 ) (88 1320 1081.959961 ) (48 1320 1081.959961 ) 
4 29 45 (48 1320 1081.959961 ) (48 1320 1049.959961 ) (88 1320 1049.959961 ) (88 1320 1081.959961 ) 
4 29 32 (48 1380 1049.959961 ) (48 1452 1049.959961 ) (88 1452 1049.959961 ) (88 1380 1049.959961 ) 
4 29 31 (48 1452 1049.959961 ) (48 1512 1049.959961 ) (88 1512 1049.959961 ) (88 1452 1049.959961 ) 
4 29 33 (88 1320 1049.959961 ) (48 1320 1049.959961 ) (48 1380 1049.959961 ) (88 1380 1049.959961 ) 
4 30 45 (120 1320 953.961060 ) (272 1320 953.961060 ) (272 1320 1049.959961 ) (120 1320 1049.959961 ) 
4 30 44 (272 1320 953.961060 ) (368 1320 953.961060 ) (368 1320 1049.959961 ) (272 1320 1049.959961 ) 
4 30 34 (368 1320 953.961060 ) (120 1320 953.961060 ) (120 1512 953.961060 ) (368 1512 953.961060 ) 
4 30 32 (120 1380 1049.959961 ) (120 1452 1049.959961 ) (120 1452 957.960999 ) (120 1380 957.960999 ) 
4 30 31 (120 1452 1049.959961 ) (120 1512 1049.959961 ) (120 1512 953.961060 ) (120 1452 953.961060 ) 
4 30 33 (120 1320 1049.959961 ) (120 1380 1049.959961 ) (120 1380 953.961060 ) (120 1320 953.961060 ) 
4 31 37 (48 1452 953.961060 ) (48 1512 953.961060 ) (116 1512 953.961060 ) (116 1452 953.961060 ) 
4 31 35 (116 1512 953.961060 ) (120 1512 953.961060 ) (120 1452 953.961060 ) (116 1452 953.961060 ) 
4 31 32 (120 1452 957.960999 ) (120 1452 1049.959961 ) (48 1452 1049.959961 ) (48 1452 957.960999 ) 
4 32 33 (120 1380 957.960999 ) (120 1380 1049.959961 ) (48 1380 1049.959961 ) (48 1380 957.960999 ) 
4 33 45 (48 1320 1049.959961 ) (48 1320 953.961060 ) (120 1320 953.961060 ) (120 1320 1049.959961 ) 
4 33 39 (116 1320 953.961060 ) (48 1320 953.961060 ) (48 1380 953.961060 ) (116 1380 953.961060 ) 
4 33 36 (120 1320 953.961060 ) (116 1320 953.961060 ) (116 1380 953.961060 ) (120 1380 953.961060 ) 
4 34 45 (120 1320 845.960999 ) (272 1320 845.960999 ) (272 1320 953.961060 ) (120 1320 953.961060 ) 
4 34 44 (272 1320 845.960999 ) (368 1320 845.960999 ) (368 1320 953.961060 ) (272 1320 953.961060 ) 
4 34 40 (368 1320 845.960999 ) (120 1320 845.960999 ) (120 1776 845.960999 ) (368 1776 845.960999 ) 
4 34 35 (120 1776 845.960999 ) (120 1452 845.960999 ) (120 1452 953.961060 ) (120 1776 953.961060 ) 
4 34 36 (120 1380 845.960999 ) (120 1320 845.960999 ) (120 1320 953.961060 ) (120 1380 953.961060 ) 
4 35 41 (116 1452 845.960999 ) (116 1776 845.960999 ) (120 1776 845.960999 ) (120 1452 845.960999 ) 
4 35 37 (116 1776 845.960999 ) (116 1452 845.960999 ) (116 1452 953.961060 ) (116 1776 953.961060 ) 
4 36 45 (116 1320 845.960999 ) (120 1320 845.960999 ) (120 1320 953.961060 ) (116 1320 953.961060 ) 
4 36 42 (120 1320 845.960999 ) (116 1320 845.960999 ) (116 1380 845.960999 ) (120 1380 845.960999 ) 
4 36 39 (116 1380 845.960999 ) (116 1320 845.960999 ) (116 1320 953.961060 ) (116 1380 953.961060 ) 
4 37 41 (48 1452 845.960999 ) (48 1776 845.960999 ) (116 1776 845.960999 ) (116 1452 845.960999 ) 
4 39 45 (48 1320 953.961060 ) (48 1320 845.960999 ) (116 1320 845.960999 ) (116 1320 953.961060 ) 
4 39 42 (116 1320 845.960999 ) (48 1320 845.960999 ) (48 1380 845.960999 ) (116 1380 845.960999 ) 
4 40 45 (120 1320 841.960999 ) (272 1320 841.960999 ) (272 1320 845.960999 ) (120 1320 845.960999 ) 
4 40 44 (272 1320 841.960999 ) (368 1320 841.960999 ) (368 1320 845.960999 ) (272 1320 845.960999 ) 
4 40 43 (368 1320 841.960999 ) (120 1320 841.960999 ) (120 1776 841.960999 ) (368 1776 841.960999 ) 
4 40 41 (120 1776 841.960999 ) (120 1452 841.960999 ) (120 1452 845.960999 ) (120 1776 845.960999 ) 
4 40 42 (120 1380 841.960999 ) (120 1320 841.960999 ) (120 1320 845.960999 ) (120 1380 845.960999 ) 
4 41 43 (48 1452 841.960999 ) (48 1776 841.960999 ) (120 1776 841.960999 ) (120 1452 841.960999 ) 
4 42 45 (48 1320 845.960999 ) (48 1320 841.960999 ) (120 1320 841.960999 ) (120 1320 845.960999 ) 
4 42 43 (120 1320 841.960999 ) (48 1320 841.960999 ) (48 1380 841.960999 ) (120 1380 841.960999 ) 
4 43 45 (48 1320 841.960999 ) (48 1320 639.961060 ) (272 1320 639.961060 ) (272 1320 841.960999 ) 
4 43 44 (272 1320 639.961060 ) (368 1320 639.961060 ) (368 1320 841.960999 ) (272 1320 841.960999 ) 
4 44 123 (368 1024 639.961060 ) (368 1024 768 ) (272 1024 768 ) (272 1024 639.961060 ) 
4 44 102 (368 1024 768 ) (368 1024 896 ) (272 1024 896 ) (272 1024 768 ) 
4 44 85 (368 1024 896 ) (368 1024 1152 ) (272 1024 1152 ) (272 1024 896 ) 
4 44 70 (368 1024 1152 ) (368 1024 1407.959961 ) (272 1024 1407.959961 ) (272 1024 1152 ) 
4 44 47 (272 1067 1407.959961 ) (272 1080 1407.959961 ) (272 1080 827.961060 ) (272 1067 827.961060 ) 
4 44 46 (272 1024 827.961060 ) (272 1024 1407.959961 ) (272 1067 1407.959961 ) (272 1067 827.961060 ) 
4 44 48 (272 1112 639.961060 ) (272 1024 639.961060 ) (272 1024 827.961060 ) (272 1112 827.961060 ) 
4 44 45 (272 1320 1407.959961 ) (272 1320 639.961060 ) (272 1112 639.961060 ) (272 1112 1407.959961 ) 
4 45 46 (48 1112 1407.959961 ) (48 1112 827.961060 ) (200 1112 827.961060 ) (200 1112 1407.959961 ) 
4 45 48 (48 1112 827.961060 ) (48 1112 639.961060 ) (272 1112 639.961060 ) (272 1112 827.961060 ) 
4 46 118 (48 1024 1024 ) (48 1024 827.961060 ) (192 1024 827.961060 ) (192 1024 1024 ) 
4 46 116 (48 1024 1152 ) (48 1024 1024 ) (128 1024 1024 ) (128 1024 1152 ) 
4 46 113 (128 1024 1024 ) (192 1024 1024 ) (192 1024 1152 ) (128 1024 1152 ) 
4 46 106 (192 1024 827.961060 ) (224 1024 827.961060 ) (224 1024 1024 ) (192 1024 1024 ) 
4 46 104 (224 1024 1024 ) (224 1024 1152 ) (192 1024 1152 ) (192 1024 1024 ) 
4 46 102 (224 1024 827.961060 ) (272 1024 827.961060 ) (272 1024 896 ) (224 1024 896 ) 
4 46 96 (256 1024 1152 ) (224 1024 1152 ) (224 1024 896 ) (256 1024 896 ) 
4 46 85 (272 1024 896 ) (272 1024 1152 ) (256 1024 1152 ) (256 1024 896 ) 
4 46 70 (272 1024 1407.959961 ) (48 1024 1407.959961 ) (48 1024 1152 ) (272 1024 1152 ) 
4 46 47 (272 1067.003906 1407.959961 ) (272 1067.003906 827.961060 ) (232.009750 1091.996948 827.961060 ) (232.009735 1091.996948 1407.959961 ) 
5 46 48 (48 1024 827.961060 ) (48 1112 827.961060 ) (200 1112 827.961060 ) (272 1067 827.961060 ) (272 1024 827.961060 ) 
3 47 48 (272 1080 827.961060 ) (272 1067 827.961060 ) (232 1092 827.961060 ) 
4 48 123 (48 1024 768 ) (48 1024 639.961060 ) (272 1024 639.961060 ) (272 1024 768 ) 
4 48 118 (48 1024 827.961060 ) (48 1024 768 ) (192 1024 768 ) (192 1024 827.961060 ) 
4 48 106 (192 1024 768 ) (224 1024 768 ) (224 1024 827.961060 ) (192 1024 827.961060 ) 
4 48 102 (224 1024 768 ) (272 1024 768 ) (272 1024 827.961060 ) (224 1024 827.961060 ) 
4 50 52 (-2048 2048 0 ) (-2048 2048 128 ) (-2048 2080 128 ) (-2048 2080 0 ) 
4 50 51 (-1800 2048 128 ) (-2048 2048 128 ) (-2048 2048 0 ) (-1800 2048 0 ) 
4 51 53 (-2048 1824 0 ) (-2048 1824 128 ) (-2048 2048 128 ) (-2048 2048 0 ) 
4 52 53 (-2048 2048 0 ) (-2048 2048 128 ) (-2216 2048 128 ) (-2216 2048 0 ) 
4 54 128 (0 320 2624 ) (0 320 3040 ) (0 448 3040 ) (0 448 2624 ) 
4 54 55 (512 320 2624 ) (0 320 2624 ) (0 448 2624 ) (512 448 2624 ) 
4 55 129 (0 320 2616 ) (0 320 2624 ) (0 448 2624 ) (0 448 2616 ) 
4 55 56 (512 320 2616 ) (0 320 2616 ) (0 448 2616 ) (512 448 2616 ) 
4 56 130 (0 448 1952 ) (0 320 1952 ) (0 320 2616 ) (0 448 2616 ) 
4 56 61 (128 448 1952 ) (192 448 1952 ) (192 320 1952 ) (128 320 1952 ) 
4 56 62 (0 320 1952 ) (0 448 1952 ) (128 448 1952 ) (128 320 1952 ) 
4 56 59 (192 448 1952 ) (384 448 1952 ) (384 320 1952 ) (192 320 1952 ) 
4 56 57 (384 448 1952 ) (512 448 1952 ) (512 320 1952 ) (384 320 1952 ) 
4 57 63 (512 832 1888 ) (512 320 1888 ) (384 320 1888 ) (384 832 1888 ) 
4 57 59 (384 832 1888 ) (384 320 1888 ) (384 320 1952 ) (384 832 1952 ) 
4 57 58 (448 320 1888 ) (512 320 1888 ) (512 320 1952 ) (448 320 1952 ) 
4 58 152 (512 0 1952 ) (448 0 1952 ) (448 0 1888 ) (512 0 1888 ) 
4 58 63 (512 320 1888 ) (512 0 1888 ) (448 0 1888 ) (448 320 1888 ) 
4 59 63 (384 832 1888 ) (384 320 1888 ) (192 320 1888 ) (192 832 1888 ) 
4 59 61 (192 832 1888 ) (192 320 1888 ) (192 320 1952 ) (192 832 1952 ) 
4 60 63 (384 256 1888 ) (384 64 1888 ) (192 64 1888 ) (192 256 1888 ) 
4 61 63 (192 832 1888 ) (192 320 1888 ) (128 320 1888 ) (128 832 1888 ) 
4 61 62 (128 832 1952 ) (128 832 1888 ) (128 320 1888 ) (128 320 1952 ) 
4 62 153 (2 0 1952 ) (0 0 1952 ) (0 0 1888 ) (2 0 1888 ) 
4 62 152 (128 0 1952 ) (2 0 1952 ) (2 0 1888 ) (128 0 1888 ) 
4 62 131 (0 320 1888 ) (0 0 1888 ) (0 0 1952 ) (0 320 1952 ) 
4 62 130 (0 448 1888 ) (0 320 1888 ) (0 320 1952 ) (0 448 1952 ) 
4 62 127 (0 832 1888 ) (0 448 1888 ) (0 448 1952 ) (0 832 1952 ) 
4 62 63 (128 0 1888 ) (0 0 1888 ) (0 832 1888 ) (128 832 1888 ) 
4 63 153 (0 0 1888 ) (0 0 1824 ) (2 0 1824 ) (2 0 1888 ) 
4 63 152 (2 0 1824 ) (512 0 1824 ) (512 0 1888 ) (2 0 1888 ) 
4 63 131 (0 320 1824 ) (0 0 1824 ) (0 0 1888 ) (0 320 1888 ) 
4 63 130 (0 448 1824 ) (0 320 1824 ) (0 320 1888 ) (0 448 1888 ) 
4 63 127 (0 832 1824 ) (0 448 1824 ) (0 448 1888 ) (0 832 1888 ) 
4 63 66 (0 0 1824 ) (0 384 1824 ) (64 384 1824 ) (64 0 1824 ) 
4 63 65 (0 384 1824 ) (0 448 1824 ) (64 448 1824 ) (64 384 1824 ) 
4 63 64 (64 448 1824 ) (512 448 1824 ) (512 0 1824 ) (64 0 1824 ) 
4 64 154 (64 0 1696 ) (512 0 1696 ) (512 0 1704 ) (64 0 1704 ) 
4 64 152 (512 0 1704 ) (512 0 1824 ) (64 0 1824 ) (64 0 1704 ) 
4 64 69 (448 0 1696 ) (320 0 1696 ) (320 128 1696 ) (448 128 1696 ) 
4 64 67 (64 448 1696 ) (512 448 1696 ) (512 384 1696 ) (64 384 1696 ) 
4 64 66 (64 0 1704 ) (64 0 1824 ) (64 384 1824 ) (64 384 1704 ) 
4 64 65 (64 448 1824 ) (64 448 1696 ) (64 384 1696 ) (64 384 1824 ) 
4 65 130 (0 448 1696 ) (0 384 1696 ) (0 384 1824 ) (0 448 1824 ) 
4 65 67 (0 384 1696 ) (0 448 1696 ) (64 448 1696 ) (64 384 1696 ) 
4 65 66 (64 384 1704 ) (64 384 1824 ) (0 384 1824 ) (0 384 1704 ) 
4 66 153 (0 0 1824 ) (0 0 1704 ) (2 0 1704 ) (2 0 1824 ) 
4 66 152 (2 0 1704 ) (64 0 1704 ) (64 0 1824 ) (2 0 1824 ) 
4 66 131 (0 0 1704 ) (0 0 1824 ) (0 320 1824 ) (0 320 1704 ) 
4 66 130 (0 320 1824 ) (0 384 1824 ) (0 384 1704 ) (0 320 1704 ) 
4 67 132 (0 384 1688 ) (0 384 1696 ) (0 448 1696 ) (0 448 1688 ) 
4 67 68 (512 384 1688 ) (0 384 1688 ) (0 448 1688 ) (512 448 1688 ) 
4 68 133 (0 448 1664 ) (0 384 1664 ) (0 384 1688 ) (0 448 1688 ) 
4 68 71 (0 384 1664 ) (0 448 1664 ) (512 448 1664 ) (512 384 1664 ) 
4 69 72 (448 0 1664 ) (320 0 1664 ) (320 128 1664 ) (448 128 1664 ) 
4 70 116 (48 1024 1152 ) (128 1024 1152 ) (128 912 1152 ) (48 912 1152 ) 
4 70 113 (128 1024 1152 ) (192 1024 1152 ) (192 912 1152 ) (128 912 1152 ) 
4 70 104 (192 1024 1152 ) (224 1024 1152 ) (224 912 1152 ) (192 912 1152 ) 
4 70 96 (224 1024 1152 ) (256 1024 1152 ) (256 912 1152 ) (224 912 1152 ) 
4 70 85 (256 1024 1152 ) (384 1024 1152 ) (384 912 1152 ) (256 912 1152 ) 
4 70 77 (384 1024 1152 ) (416 1024 1152 ) (416 912 1152 ) (384 912 1152 ) 
4 70 75 (416 1024 1152 ) (592 1024 1152 ) (592 912 1152 ) (416 912 1152 ) 
4 71 134 (0 384 1664 ) (0 448 1664 ) (0 448 1248 ) (0 384 1248 ) 
4 72 164 (576 0 1664 ) (320 0 1664 ) (320 0 1152 ) (576 0 1152 ) 
4 72 92 (320 320 1152 ) (352 320 1152 ) (352 0 1152 ) (320 0 1152 ) 
4 72 91 (352 320 1152 ) (384 320 1152 ) (384 0 1152 ) (352 0 1152 ) 
4 72 80 (384 320 1152 ) (416 320 1152 ) (416 0 1152 ) (384 0 1152 ) 
4 72 76 (416 320 1152 ) (576 320 1152 ) (576 0 1152 ) (416 0 1152 ) 
4 72 73 (320 256 1152 ) (320 0 1152 ) (320 0 1664 ) (320 256 1664 ) 
4 73 165 (320 0 1664 ) (192 0 1664 ) (192 0 1536 ) (320 0 1536 ) 
4 73 166 (192 0 1536 ) (192 0 1152 ) (320 0 1152 ) (320 0 1536 ) 
4 73 105 (224 0 1152 ) (192 0 1152 ) (192 256 1152 ) (224 256 1152 ) 
4 73 101 (256 0 1152 ) (224 0 1152 ) (224 256 1152 ) (256 256 1152 ) 
4 73 92 (320 256 1152 ) (320 0 1152 ) (256 0 1152 ) (256 256 1152 ) 
4 73 74 (192 192 1152 ) (192 0 1152 ) (192 0 1664 ) (192 192 1664 ) 
4 74 165 (192 0 1664 ) (0 0 1664 ) (0 0 1536 ) (192 0 1536 ) 
4 74 166 (0 0 1536 ) (0 0 1152 ) (192 0 1152 ) (192 0 1536 ) 
4 74 135 (0 192 1152 ) (0 0 1152 ) (0 0 1664 ) (0 192 1664 ) 
4 74 117 (0 0 1152 ) (0 192 1152 ) (128 192 1152 ) (128 0 1152 ) 
4 74 115 (128 192 1152 ) (192 192 1152 ) (192 0 1152 ) (128 0 1152 ) 
4 75 123 (416 912 768 ) (416 1024 768 ) (592 1024 768 ) (592 912 768 ) 
4 75 83 (416 1024 768 ) (416 912 768 ) (416 912 896 ) (416 1024 896 ) 
4 75 77 (416 912 896 ) (416 912 1152 ) (416 1024 1152 ) (416 1024 896 ) 
4 76 181 (416 0 896 ) (416 0 768 ) (576 0 768 ) (576 0 896 ) 
4 76 176 (576 0 1152 ) (416 0 1152 ) (416 0 896 ) (576 0 896 ) 
4 76 124 (576 0 768 ) (416 0 768 ) (416 320 768 ) (576 320 768 ) 
4 76 84 (416 320 768 ) (416 0 768 ) (416 0 896 ) (416 320 896 ) 
4 76 82 (416 0 896 ) (416 0 1024 ) (416 320 1024 ) (416 320 896 ) 
4 76 80 (416 0 1024 ) (416 0 1152 ) (416 320 1152 ) (416 320 1024 ) 
4 77 85 (384 912 1152 ) (384 1024 1152 ) (384 1024 896 ) (384 912 896 ) 
4 77 83 (384 912 896 ) (384 1024 896 ) (416 1024 896 ) (416 912 896 ) 
4 77 78 (384 912 1023.960083 ) (384 912 896 ) (416 912 896 ) (416 912 1023.960083 ) 
4 78 86 (384 912 1023.960083 ) (384 912 896 ) (384 896 896 ) (384 896 1023.960083 ) 
4 78 79 (384 896 1023.960083 ) (384 896 896 ) (416 896 896 ) (416 896 1023.960083 ) 
4 79 89 (384 864 896 ) (384 800 896 ) (384 800 1086 ) (384 864 1086 ) 
4 79 88 (384 800 1086 ) (384 800 1088 ) (384 864 1088 ) (384 864 1086 ) 
4 79 87 (384 896 1088 ) (384 896 896 ) (384 864 896 ) (384 864 1088 ) 
4 80 176 (416 0 1152 ) (384 0 1152 ) (384 0 1024 ) (416 0 1024 ) 
4 80 91 (384 0 1024 ) (384 0 1152 ) (384 320 1152 ) (384 320 1024 ) 
4 80 82 (384 0 1024 ) (384 320 1024 ) (416 320 1024 ) (416 0 1024 ) 
4 81 94 (384 792 1022 ) (384 792 896 ) (384 776 896 ) (384 776 1022 ) 
4 81 93 (384 776 1024 ) (384 792 1024 ) (384 792 1022 ) (384 776 1022 ) 
4 82 176 (384 0 1024 ) (384 0 896 ) (416 0 896 ) (416 0 1024 ) 
4 82 95 (384 0 896 ) (384 0 1024 ) (384 320 1024 ) (384 320 896 ) 
4 82 84 (384 0 896 ) (384 320 896 ) (416 320 896 ) (416 0 896 ) 
4 83 123 (384 912 768 ) (384 1024 768 ) (416 1024 768 ) (416 912 768 ) 
4 83 102 (384 1024 768 ) (384 912 768 ) (384 912 896 ) (384 1024 896 ) 
4 84 181 (384 0 896 ) (384 0 768 ) (416 0 768 ) (416 0 896 ) 
4 84 124 (416 0 768 ) (384 0 768 ) (384 320 768 ) (416 320 768 ) 
4 84 103 (384 320 768 ) (384 0 768 ) (384 0 896 ) (384 320 896 ) 
4 85 102 (256 1024 896 ) (384 1024 896 ) (384 912 896 ) (256 912 896 ) 
4 85 96 (256 1024 896 ) (256 912 896 ) (256 912 1152 ) (256 1024 1152 ) 
4 85 86 (256 912 1023.960083 ) (256 912 896 ) (384 912 896 ) (384 912 1023.960083 ) 
4 86 97 (256 912 896 ) (256 896 896 ) (256 896 1023.960083 ) (256 912 1023.960083 ) 
4 86 87 (256 896 1023.960083 ) (256 896 896 ) (384 896 896 ) (384 896 1023.960083 ) 
4 87 98 (256 896 896 ) (256 864 896 ) (256 864 1088 ) (256 896 1088 ) 
4 87 89 (256 864 1086 ) (256 864 896 ) (384 864 896 ) (384 864 1086 ) 
4 87 88 (256 864 1088 ) (256 864 1086 ) (384 864 1086 ) (384 864 1088 ) 
4 88 98 (256 800 1086 ) (256 800 1088 ) (256 864 1088 ) (256 864 1086 ) 
4 88 89 (384 800 1086 ) (256 800 1086 ) (256 864 1086 ) (384 864 1086 ) 
4 89 98 (256 864 896 ) (256 800 896 ) (256 800 1086 ) (256 864 1086 ) 
4 89 94 (256 800 1022 ) (256 800 896 ) (384 800 896 ) (384 800 1022 ) 
4 89 93 (256 800 1024 ) (256 800 1022 ) (384 800 1022 ) (384 800 1024 ) 
4 90 93 (384 672 1024 ) (384 416 1024 ) (352 416 1024 ) (352 672 1024 ) 
4 91 176 (384 0 1152 ) (352 0 1152 ) (352 0 1024 ) (384 0 1024 ) 
4 91 95 (384 320 1024 ) (384 0 1024 ) (352 0 1024 ) (352 320 1024 ) 
4 91 92 (352 320 1024 ) (352 0 1024 ) (352 0 1152 ) (352 320 1152 ) 
4 92 177 (320 0 1152 ) (256 0 1152 ) (256 0 1024 ) (320 0 1024 ) 
4 92 176 (352 0 1152 ) (320 0 1152 ) (320 0 1024 ) (352 0 1024 ) 
4 92 101 (256 0 1024 ) (256 0 1152 ) (256 320 1152 ) (256 320 1024 ) 
4 92 95 (256 0 1024 ) (256 320 1024 ) (352 320 1024 ) (352 0 1024 ) 
4 93 100 (256 416 1022 ) (256 416 1024 ) (256 608 1024 ) (256 608 1022 ) 
4 93 99 (256 776 1024 ) (256 792 1024 ) (256 792 1022 ) (256 776 1022 ) 
4 93 94 (384 416 1022 ) (256 416 1022 ) (256 800 1022 ) (384 800 1022 ) 
4 94 100 (256 608 896 ) (256 416 896 ) (256 416 1022 ) (256 608 1022 ) 
4 94 99 (256 792 896 ) (256 776 896 ) (256 776 1022 ) (256 792 1022 ) 
4 95 177 (256 0 1024 ) (256 0 896 ) (320 0 896 ) (320 0 1024 ) 
4 95 176 (320 0 896 ) (384 0 896 ) (384 0 1024 ) (320 0 1024 ) 
4 95 103 (384 320 896 ) (384 0 896 ) (256 0 896 ) (256 320 896 ) 
4 95 101 (256 320 896 ) (256 0 896 ) (256 0 1024 ) (256 320 1024 ) 
4 96 106 (224 1024 1024 ) (224 1024 896 ) (224 912 896 ) (224 912 1024 ) 
4 96 104 (224 912 1152 ) (224 1024 1152 ) (224 1024 1024 ) (224 912 1024 ) 
4 96 102 (224 912 896 ) (224 1024 896 ) (256 1024 896 ) (256 912 896 ) 
4 96 97 (224 912 1023.960083 ) (224 912 896 ) (256 912 896 ) (256 912 1023.960083 ) 
4 97 98 (224 896 1023.960083 ) (224 896 896 ) (256 896 896 ) (256 896 1023.960083 ) 
4 100 107 (224 608 896 ) (224 416 896 ) (224 416 1024 ) (224 608 1024 ) 
4 101 177 (256 0 1152 ) (224 0 1152 ) (224 0 896 ) (256 0 896 ) 
4 101 111 (224 0 896 ) (224 0 1024 ) (224 320 1024 ) (224 320 896 ) 
4 101 105 (224 0 1024 ) (224 0 1152 ) (224 320 1152 ) (224 320 1024 ) 
4 101 103 (224 0 896 ) (224 320 896 ) (256 320 896 ) (256 0 896 ) 
4 102 123 (224 912 768 ) (224 1024 768 ) (384 1024 768 ) (384 912 768 ) 
4 102 106 (224 1024 768 ) (224 912 768 ) (224 912 896 ) (224 1024 896 ) 
4 103 182 (224 0 896 ) (224 0 768 ) (320 0 768 ) (320 0 896 ) 
4 103 181 (320 0 768 ) (384 0 768 ) (384 0 896 ) (320 0 896 ) 
4 103 125 (320 0 768 ) (224 0 768 ) (224 320 768 ) (320 320 768 ) 
4 103 124 (384 0 768 ) (320 0 768 ) (320 320 768 ) (384 320 768 ) 
4 103 112 (224 320 768 ) (224 0 768 ) (224 0 896 ) (224 320 896 ) 
4 104 113 (192 912 1152 ) (192 1024 1152 ) (192 1024 1024 ) (192 912 1024 ) 
4 104 106 (192 912 1024 ) (192 1024 1024 ) (224 1024 1024 ) (224 912 1024 ) 
4 105 177 (224 0 1152 ) (192 0 1152 ) (192 0 1024 ) (224 0 1024 ) 
4 105 115 (192 0 1024 ) (192 0 1152 ) (192 320 1152 ) (192 320 1024 ) 
4 105 111 (192 0 1024 ) (192 320 1024 ) (224 320 1024 ) (224 0 1024 ) 
4 106 123 (192 912 768 ) (192 1024 768 ) (224 1024 768 ) (224 912 768 ) 
4 106 118 (192 1024 768 ) (192 912 768 ) (192 912 1024 ) (192 1024 1024 ) 
4 107 108 (207 608 1024 ) (207 608 896 ) (207 416 896 ) (207 416 1024 ) 
4 108 109 (206 608 1024 ) (206 608 896 ) (206 416 896 ) (206 416 1024 ) 
4 109 120 (192 416 896 ) (192 416 1024 ) (192 608 1024 ) (192 608 896 ) 
4 109 110 (194 416 1024 ) (192 416 1024 ) (192 416 992 ) (194 416 992 ) 
4 110 120 (192 384 992 ) (192 384 1024 ) (192 416 1024 ) (192 416 992 ) 
4 111 177 (192 0 1024 ) (192 0 896 ) (224 0 896 ) (224 0 1024 ) 
4 111 120 (192 0 896 ) (192 0 1024 ) (192 320 1024 ) (192 320 896 ) 
4 111 112 (192 0 896 ) (192 320 896 ) (224 320 896 ) (224 0 896 ) 
4 112 182 (192 0 896 ) (192 0 768 ) (224 0 768 ) (224 0 896 ) 
4 112 125 (224 0 768 ) (192 0 768 ) (192 320 768 ) (224 320 768 ) 
4 112 122 (192 320 768 ) (192 0 768 ) (192 0 896 ) (192 320 896 ) 
4 113 118 (128 1024 1024 ) (192 1024 1024 ) (192 912 1024 ) (128 912 1024 ) 
4 113 116 (128 1024 1024 ) (128 912 1024 ) (128 912 1152 ) (128 1024 1152 ) 
4 114 119 (192 712 1024 ) (192 702 1024 ) (128 702 1024 ) (128 712 1024 ) 
4 114 117 (128 704 1024 ) (128 702 1024 ) (128 702 1152 ) (128 704 1152 ) 
4 114 115 (128 702 1152 ) (128 702 1024 ) (192 702 1024 ) (192 702 1152 ) 
4 115 178 (192 0 1152 ) (128 0 1152 ) (128 0 1024 ) (192 0 1024 ) 
4 115 120 (192 702 1024 ) (192 0 1024 ) (128 0 1024 ) (128 702 1024 ) 
4 115 117 (128 702 1024 ) (128 0 1024 ) (128 0 1152 ) (128 702 1152 ) 
4 116 118 (48 1024 1024 ) (128 1024 1024 ) (128 912 1024 ) (48 912 1024 ) 
4 117 178 (128 0 1152 ) (0 0 1152 ) (0 0 1024 ) (128 0 1024 ) 
4 117 138 (0 704 1024 ) (0 0 1024 ) (0 0 1152 ) (0 704 1152 ) 
4 117 121 (0 0 1024 ) (0 704 1024 ) (64 704 1024 ) (64 0 1024 ) 
4 117 120 (128 702 1024 ) (128 0 1024 ) (64 0 1024 ) (64 702 1024 ) 
4 117 119 (64 704 1024 ) (128 704 1024 ) (128 702 1024 ) (64 702 1024 ) 
4 118 123 (48 1024 768 ) (192 1024 768 ) (192 912 768 ) (48 912 768 ) 
4 119 121 (64 704 896 ) (64 702 896 ) (64 702 1024 ) (64 704 1024 ) 
4 119 120 (64 702 1024 ) (64 702 896 ) (192 702 896 ) (192 702 1024 ) 
4 120 178 (64 0 896 ) (192 0 896 ) (192 0 1024 ) (64 0 1024 ) 
4 120 122 (192 320 896 ) (192 0 896 ) (64 0 896 ) (64 320 896 ) 
4 120 121 (64 702 896 ) (64 0 896 ) (64 0 1024 ) (64 702 1024 ) 
4 121 178 (0 0 1024 ) (0 0 896 ) (64 0 896 ) (64 0 1024 ) 
4 121 138 (0 0 896 ) (0 0 1024 ) (0 704 1024 ) (0 704 896 ) 
4 121 122 (0 0 896 ) (0 320 896 ) (64 320 896 ) (64 0 896 ) 
4 122 183 (0 0 896 ) (0 0 768 ) (192 0 768 ) (192 0 896 ) 
4 122 143 (0 320 768 ) (0 0 768 ) (0 0 896 ) (0 320 896 ) 
4 122 126 (192 0 768 ) (0 0 768 ) (0 320 768 ) (192 320 768 ) 
4 124 185 (576 0 768 ) (320 0 768 ) (320 0 512 ) (576 0 512 ) 
4 124 125 (320 320 768 ) (320 320 512 ) (320 0 512 ) (320 0 768 ) 
4 125 186 (320 0 768 ) (192 0 768 ) (192 0 512 ) (320 0 512 ) 
4 125 126 (192 320 768 ) (192 320 512 ) (192 0 512 ) (192 0 768 ) 
4 126 187 (192 0 768 ) (0 0 768 ) (0 0 512 ) (192 0 512 ) 
4 126 151 (0 0 512 ) (0 0 768 ) (0 320 768 ) (0 320 512 ) 
4 127 130 (-320 448 1952 ) (-320 448 1824 ) (0 448 1824 ) (0 448 1952 ) 
4 128 129 (0 320 2624 ) (-320 320 2624 ) (-320 448 2624 ) (0 448 2624 ) 
4 129 130 (0 320 2616 ) (-320 320 2616 ) (-320 448 2616 ) (0 448 2616 ) 
4 130 132 (-320 384 1696 ) (-320 448 1696 ) (0 448 1696 ) (0 384 1696 ) 
4 130 131 (-320 320 1952 ) (-320 320 1696 ) (0 320 1696 ) (0 320 1952 ) 
4 131 189 (0 0 1696 ) (0 0 1952 ) (-320 0 1952 ) (-320 0 1696 ) 
4 132 133 (0 384 1688 ) (-320 384 1688 ) (-320 448 1688 ) (0 448 1688 ) 
4 133 136 (-320 384 1664 ) (-320 448 1664 ) (-64 448 1664 ) (-64 384 1664 ) 
4 133 134 (-64 448 1664 ) (0 448 1664 ) (0 384 1664 ) (-64 384 1664 ) 
4 134 136 (-64 384 1664 ) (-64 448 1664 ) (-64 448 1248 ) (-64 384 1248 ) 
4 135 241 (0 0 1152 ) (0 0 1280 ) (-64 0 1280 ) (-64 0 1152 ) 
4 135 220 (0 0 1280 ) (0 0 1408 ) (-64 0 1408 ) (-64 0 1280 ) 
4 135 209 (0 0 1408 ) (0 0 1536 ) (-64 0 1536 ) (-64 0 1408 ) 
4 135 204 (0 0 1536 ) (0 0 1664 ) (-64 0 1664 ) (-64 0 1536 ) 
4 135 138 (0 192 1152 ) (0 0 1152 ) (-64 0 1152 ) (-64 192 1152 ) 
4 135 137 (-64 0 1664 ) (-64 128 1664 ) (-64 128 1152 ) (-64 0 1152 ) 
4 137 241 (-320 0 1280 ) (-320 0 1152 ) (-64 0 1152 ) (-64 0 1280 ) 
4 137 220 (-320 0 1408 ) (-320 0 1280 ) (-64 0 1280 ) (-64 0 1408 ) 
4 137 209 (-320 0 1536 ) (-320 0 1408 ) (-64 0 1408 ) (-64 0 1536 ) 
4 137 204 (-64 0 1664 ) (-320 0 1664 ) (-320 0 1536 ) (-64 0 1536 ) 
4 137 144 (-320 128 1152 ) (-320 0 1152 ) (-320 0 1664 ) (-320 128 1664 ) 
4 137 141 (-192 128 1152 ) (-64 128 1152 ) (-64 0 1152 ) (-192 0 1152 ) 
4 137 142 (-320 0 1152 ) (-320 128 1152 ) (-192 128 1152 ) (-192 0 1152 ) 
4 138 264 (0 0 896 ) (0 0 1024 ) (-64 0 1024 ) (-64 0 896 ) 
4 138 257 (0 0 1024 ) (0 0 1152 ) (-64 0 1152 ) (-64 0 1024 ) 
4 138 143 (0 0 896 ) (-64 0 896 ) (-64 320 896 ) (0 320 896 ) 
4 138 140 (-64 384 898 ) (-64 384 1152 ) (-64 512 1152 ) (-64 512 898 ) 
4 138 141 (-64 384 896 ) (-64 0 896 ) (-64 0 1152 ) (-64 384 1152 ) 
4 138 139 (-64 704 896 ) (-64 512 896 ) (-64 512 1152 ) (-64 704 1152 ) 
4 139 140 (-64 512 898 ) (-64 512 1152 ) (-192 512 1152 ) (-192 512 898 ) 
4 139 142 (-320 512 896 ) (-192 512 896 ) (-192 512 1152 ) (-320 512 1152 ) 
4 140 141 (-192 384 1152 ) (-192 384 898 ) (-64 384 898 ) (-64 384 1152 ) 
4 140 142 (-192 512 1152 ) (-192 512 898 ) (-192 384 898 ) (-192 384 1152 ) 
4 141 264 (-192 0 1024 ) (-192 0 896 ) (-64 0 896 ) (-64 0 1024 ) 
4 141 259 (-128 0 1152 ) (-192 0 1152 ) (-192 0 1024 ) (-128 0 1024 ) 
4 141 257 (-64 0 1152 ) (-128 0 1152 ) (-128 0 1024 ) (-64 0 1024 ) 
4 141 143 (-64 0 896 ) (-192 0 896 ) (-192 320 896 ) (-64 320 896 ) 
4 141 142 (-192 384 896 ) (-192 0 896 ) (-192 0 1152 ) (-192 384 1152 ) 
4 142 267 (-320 0 1024 ) (-320 0 896 ) (-192 0 896 ) (-192 0 1024 ) 
4 142 259 (-192 0 1152 ) (-320 0 1152 ) (-320 0 1024 ) (-192 0 1024 ) 
4 142 145 (-320 320 896 ) (-320 0 896 ) (-320 0 1152 ) (-320 320 1152 ) 
4 142 143 (-192 0 896 ) (-320 0 896 ) (-320 320 896 ) (-192 320 896 ) 
4 143 270 (0 0 768 ) (0 0 896 ) (-320 0 896 ) (-320 0 768 ) 
4 143 151 (0 320 768 ) (0 0 768 ) (-320 0 768 ) (-320 320 768 ) 
4 143 145 (-320 320 768 ) (-320 0 768 ) (-320 0 896 ) (-320 320 896 ) 
4 144 241 (-416 0 1280 ) (-416 0 1152 ) (-320 0 1152 ) (-320 0 1280 ) 
4 144 220 (-416 0 1408 ) (-416 0 1280 ) (-320 0 1280 ) (-320 0 1408 ) 
4 144 209 (-416 0 1536 ) (-416 0 1408 ) (-320 0 1408 ) (-320 0 1536 ) 
4 144 204 (-416 0 1664 ) (-416 0 1536 ) (-320 0 1536 ) (-320 0 1664 ) 
4 144 149 (-416 256 1152 ) (-416 0 1152 ) (-416 0 1664 ) (-416 256 1664 ) 
4 144 145 (-416 0 1152 ) (-416 256 1152 ) (-320 256 1152 ) (-320 0 1152 ) 
4 145 270 (-416 0 896 ) (-416 0 768 ) (-320 0 768 ) (-320 0 896 ) 
4 145 268 (-416 0 1024 ) (-416 0 896 ) (-320 0 896 ) (-320 0 1024 ) 
4 145 259 (-416 0 1152 ) (-416 0 1024 ) (-320 0 1024 ) (-320 0 1152 ) 
4 145 151 (-320 320 768 ) (-320 0 768 ) (-416 0 768 ) (-416 320 768 ) 
4 145 149 (-416 256 768 ) (-416 0 768 ) (-416 0 1152 ) (-416 256 1152 ) 
4 145 147 (-416 320 768 ) (-416 256 768 ) (-416 256 1152 ) (-416 320 1152 ) 
4 146 149 (-448 256 1664 ) (-448 256 1152 ) (-416 256 1152 ) (-416 256 1664 ) 
4 147 151 (-416 320 768 ) (-416 256 768 ) (-448 256 768 ) (-448 320 768 ) 
4 147 149 (-448 256 1152 ) (-448 256 768 ) (-416 256 768 ) (-416 256 1152 ) 
4 148 203 (-448 0 1672 ) (-448 0 1664 ) (-416 0 1664 ) (-416 0 1672 ) 
4 148 149 (-448 0 1664 ) (-448 256 1664 ) (-416 256 1664 ) (-416 0 1664 ) 
4 149 270 (-448 0 896 ) (-448 0 768 ) (-416 0 768 ) (-416 0 896 ) 
4 149 268 (-448 0 1024 ) (-448 0 896 ) (-416 0 896 ) (-416 0 1024 ) 
4 149 259 (-448 0 1152 ) (-448 0 1024 ) (-416 0 1024 ) (-416 0 1152 ) 
4 149 241 (-448 0 1280 ) (-448 0 1152 ) (-416 0 1152 ) (-416 0 1280 ) 
4 149 220 (-448 0 1408 ) (-448 0 1280 ) (-416 0 1280 ) (-416 0 1408 ) 
4 149 209 (-448 0 1536 ) (-448 0 1408 ) (-416 0 1408 ) (-416 0 1536 ) 
4 149 204 (-448 0 1664 ) (-448 0 1536 ) (-416 0 1536 ) (-416 0 1664 ) 
4 149 151 (-416 256 768 ) (-416 0 768 ) (-448 0 768 ) (-448 256 768 ) 
4 149 150 (-448 0 896 ) (-448 0 1152 ) (-448 64 1152 ) (-448 64 896 ) 
4 150 272 (-464 0 1152 ) (-464 0 896 ) (-448 0 896 ) (-448 0 1152 ) 
4 151 275 (0 0 512 ) (0 0 768 ) (-448 0 768 ) (-448 0 512 ) 
4 152 154 (512 0 1704 ) (512 -64 1704 ) (64 -64 1704 ) (64 0 1704 ) 
4 152 153 (2 0 1704 ) (2 -64 1704 ) (2 -64 1952 ) (2 0 1952 ) 
4 153 189 (0 0 1952 ) (0 0 1704 ) (0 -64 1704 ) (0 -64 1952 ) 
4 155 192 (0 -352 3040 ) (0 -320 3040 ) (0 -320 1760 ) (0 -352 1760 ) 
4 155 156 (128 -352 1840 ) (128 -352 3040 ) (0 -352 3040 ) (0 -352 1840 ) 
4 156 196 (0 -368 3040 ) (0 -352 3040 ) (0 -352 1840 ) (0 -368 1840 ) 
4 156 157 (128 -368 1840 ) (128 -368 3040 ) (0 -368 3040 ) (0 -368 1840 ) 
4 157 197 (0 -448 3040 ) (0 -368 3040 ) (0 -368 1760 ) (0 -448 1760 ) 
4 157 159 (0 -448 1760 ) (64 -448 1760 ) (64 -448 1888 ) (0 -448 1888 ) 
4 157 158 (64 -448 1760 ) (128 -448 1760 ) (128 -448 3040 ) (64 -448 3040 ) 
4 158 159 (64 -448 1888 ) (64 -448 1760 ) (64 -704 1760 ) (64 -704 1888 ) 
4 159 198 (0 -448 1888 ) (0 -448 1760 ) (0 -704 1760 ) (0 -704 1888 ) 
4 160 164 (320 -448 1664 ) (320 -192 1664 ) (448 -192 1664 ) (448 -448 1664 ) 
4 161 164 (576 -192 1536 ) (576 -192 1664 ) (576 -64 1664 ) (576 -64 1536 ) 
4 162 164 (576 -320 1280 ) (576 -320 1408 ) (576 -192 1408 ) (576 -192 1280 ) 
4 162 163 (576 -256 1280 ) (576 -192 1280 ) (592 -192 1280 ) (592 -256 1280 ) 
4 163 164 (576 -192 1152 ) (576 -256 1152 ) (576 -256 1280 ) (576 -192 1280 ) 
4 164 176 (320 0 1152 ) (576 0 1152 ) (576 -448 1152 ) (320 -448 1152 ) 
4 164 165 (320 -448 1536 ) (320 -448 1664 ) (320 0 1664 ) (320 0 1536 ) 
4 164 166 (320 0 1152 ) (320 -448 1152 ) (320 -448 1536 ) (320 0 1536 ) 
4 165 204 (0 0 1664 ) (0 0 1536 ) (0 -448 1536 ) (0 -448 1664 ) 
4 165 166 (0 0 1536 ) (320 0 1536 ) (320 -448 1536 ) (0 -448 1536 ) 
4 166 244 (0 -448 1152 ) (0 -576 1152 ) (0 -576 1280 ) (0 -448 1280 ) 
4 166 243 (0 -320 1152 ) (0 -448 1152 ) (0 -448 1280 ) (0 -320 1280 ) 
4 166 242 (0 -64 1152 ) (0 -320 1152 ) (0 -320 1280 ) (0 -64 1280 ) 
4 166 241 (0 0 1280 ) (0 0 1152 ) (0 -64 1152 ) (0 -64 1280 ) 
4 166 221 (0 -320 1280 ) (0 -448 1280 ) (0 -448 1408 ) (0 -320 1408 ) 
4 166 220 (0 0 1408 ) (0 0 1280 ) (0 -320 1280 ) (0 -320 1408 ) 
4 166 223 (0 -448 1280 ) (0 -576 1280 ) (0 -576 1408 ) (0 -448 1408 ) 
4 166 209 (0 0 1536 ) (0 0 1408 ) (0 -576 1408 ) (0 -576 1536 ) 
4 166 178 (0 -576 1152 ) (0 0 1152 ) (192 0 1152 ) (192 -576 1152 ) 
4 166 177 (192 0 1152 ) (320 0 1152 ) (320 -576 1152 ) (192 -576 1152 ) 
4 166 174 (0 -576 1152 ) (192 -576 1152 ) (192 -576 1536 ) (0 -576 1536 ) 
4 166 167 (200 -576 1536 ) (192 -576 1536 ) (192 -576 1408 ) (200 -576 1408 ) 
4 167 174 (192 -576 1536 ) (192 -576 1408 ) (192 -580 1408 ) (192 -580 1536 ) 
4 167 168 (192 -580 1408 ) (200 -580 1408 ) (200 -580 1536 ) (192 -580 1536 ) 
4 168 175 (192 -704 1408 ) (192 -960 1408 ) (192 -960 1536 ) (192 -704 1536 ) 
4 168 174 (192 -580 1408 ) (192 -704 1408 ) (192 -704 1536 ) (192 -580 1536 ) 
4 168 170 (192 -960 1408 ) (192 -832 1408 ) (216 -832 1408 ) (216 -960 1408 ) 
4 168 169 (192 -960 1408 ) (216 -960 1408 ) (216 -960 1536 ) (192 -960 1536 ) 
4 169 175 (192 -960 1408 ) (192 -1024 1408 ) (192 -1024 1536 ) (192 -960 1536 ) 
4 170 175 (192 -832 1280 ) (192 -960 1280 ) (192 -960 1408 ) (192 -832 1408 ) 
4 171 205 (0 -832 1664 ) (0 -576 1664 ) (0 -576 1552 ) (0 -832 1552 ) 
4 171 173 (0 -832 1552 ) (0 -576 1552 ) (64 -576 1552 ) (64 -832 1552 ) 
4 171 172 (64 -576 1552 ) (192 -576 1552 ) (192 -832 1552 ) (64 -832 1552 ) 
4 172 277 (64 -1024 1536 ) (192 -1024 1536 ) (192 -1024 1552 ) (64 -1024 1552 ) 
4 172 175 (192 -704 1536 ) (192 -1024 1536 ) (64 -1024 1536 ) (64 -704 1536 ) 
4 172 174 (64 -576 1536 ) (192 -576 1536 ) (192 -704 1536 ) (64 -704 1536 ) 
4 172 173 (64 -576 1536 ) (64 -832 1536 ) (64 -832 1552 ) (64 -576 1552 ) 
4 173 205 (0 -832 1552 ) (0 -576 1552 ) (0 -576 1536 ) (0 -832 1536 ) 
4 173 175 (64 -704 1536 ) (64 -832 1536 ) (0 -832 1536 ) (0 -704 1536 ) 
4 173 174 (0 -576 1536 ) (64 -576 1536 ) (64 -704 1536 ) (0 -704 1536 ) 
4 174 249 (0 -576 1152 ) (0 -704 1152 ) (0 -704 1280 ) (0 -576 1280 ) 
4 174 224 (0 -704 1280 ) (0 -704 1408 ) (0 -576 1408 ) (0 -576 1280 ) 
4 174 210 (0 -704 1408 ) (0 -704 1536 ) (0 -576 1536 ) (0 -576 1408 ) 
4 174 175 (0 -704 1152 ) (192 -704 1152 ) (192 -704 1536 ) (0 -704 1536 ) 
4 175 278 (0 -1024 1536 ) (0 -1024 1152 ) (64 -1024 1152 ) (64 -1024 1536 ) 
4 175 277 (64 -1024 1152 ) (192 -1024 1152 ) (192 -1024 1536 ) (64 -1024 1536 ) 
4 175 255 (0 -704 1152 ) (0 -1024 1152 ) (0 -1024 1280 ) (0 -704 1280 ) 
4 175 225 (0 -1024 1280 ) (0 -1024 1408 ) (0 -704 1408 ) (0 -704 1280 ) 
4 175 212 (0 -1024 1408 ) (0 -1024 1536 ) (0 -704 1536 ) (0 -704 1408 ) 
4 175 179 (0 -1024 1152 ) (0 -704 1152 ) (192 -704 1152 ) (192 -1024 1152 ) 
4 176 181 (320 -448 896 ) (320 0 896 ) (576 0 896 ) (576 -448 896 ) 
4 176 177 (320 0 896 ) (320 -448 896 ) (320 -448 1152 ) (320 0 1152 ) 
4 177 182 (192 -576 896 ) (192 0 896 ) (320 0 896 ) (320 -576 896 ) 
4 177 178 (192 0 896 ) (192 -576 896 ) (192 -576 1152 ) (192 0 1152 ) 
4 178 264 (0 0 1024 ) (0 0 896 ) (0 -576 896 ) (0 -576 1024 ) 
4 178 257 (0 0 1152 ) (0 0 1024 ) (0 -576 1024 ) (0 -576 1152 ) 
4 178 183 (0 -576 896 ) (0 0 896 ) (192 0 896 ) (192 -576 896 ) 
4 179 278 (64 -1024 1152 ) (0 -1024 1152 ) (0 -1024 1024 ) (64 -1024 1024 ) 
4 179 277 (192 -1024 1152 ) (64 -1024 1152 ) (64 -1024 1024 ) (192 -1024 1024 ) 
4 179 258 (0 -1024 1024 ) (0 -1024 1152 ) (0 -704 1152 ) (0 -704 1024 ) 
4 179 180 (0 -1024 1024 ) (0 -704 1024 ) (192 -704 1024 ) (192 -1024 1024 ) 
4 180 278 (0 -1024 1024 ) (0 -1024 896 ) (64 -1024 896 ) (64 -1024 1024 ) 
4 180 277 (64 -1024 896 ) (192 -1024 896 ) (192 -1024 1024 ) (64 -1024 1024 ) 
4 180 266 (0 -704 896 ) (0 -1024 896 ) (0 -1024 1024 ) (0 -704 1024 ) 
4 180 184 (192 -1024 896 ) (0 -1024 896 ) (0 -704 896 ) (192 -704 896 ) 
4 181 185 (320 -448 768 ) (320 0 768 ) (576 0 768 ) (576 -448 768 ) 
4 181 182 (320 0 768 ) (320 -448 768 ) (320 -448 896 ) (320 0 896 ) 
4 182 186 (192 -576 768 ) (192 0 768 ) (320 0 768 ) (320 -576 768 ) 
4 182 183 (192 0 768 ) (192 -576 768 ) (192 -576 896 ) (192 0 896 ) 
4 183 270 (0 0 896 ) (0 0 768 ) (0 -576 768 ) (0 -576 896 ) 
4 183 187 (0 -576 768 ) (0 0 768 ) (192 0 768 ) (192 -576 768 ) 
4 184 278 (64 -1024 896 ) (0 -1024 896 ) (0 -1024 768 ) (64 -1024 768 ) 
4 184 277 (192 -1024 896 ) (64 -1024 896 ) (64 -1024 768 ) (192 -1024 768 ) 
4 184 271 (0 -704 768 ) (0 -1024 768 ) (0 -1024 896 ) (0 -704 896 ) 
4 184 188 (192 -1024 768 ) (0 -1024 768 ) (0 -704 768 ) (192 -704 768 ) 
4 185 186 (320 0 512 ) (320 -448 512 ) (320 -448 768 ) (320 0 768 ) 
4 186 187 (192 0 512 ) (192 -576 512 ) (192 -576 768 ) (192 0 768 ) 
4 187 275 (0 0 768 ) (0 0 512 ) (0 -576 512 ) (0 -576 768 ) 
4 188 281 (192 -1024 768 ) (0 -1024 768 ) (0 -1024 512 ) (192 -1024 512 ) 
4 188 276 (0 -704 512 ) (0 -1024 512 ) (0 -1024 768 ) (0 -704 768 ) 
4 189 201 (-64 -320 1696 ) (-192 -320 1696 ) (-192 -64 1696 ) (-64 -64 1696 ) 
4 189 192 (0 -320 1760 ) (0 -320 1952 ) (-320 -320 1952 ) (-320 -320 1760 ) 
4 189 190 (-320 -320 1760 ) (-320 -320 1952 ) (-320 -192 1952 ) (-320 -192 1760 ) 
4 190 194 (-352 -320 1760 ) (-320 -320 1760 ) (-320 -320 1952 ) (-352 -320 1952 ) 
4 190 191 (-352 -192 1760 ) (-352 -320 1760 ) (-352 -320 1952 ) (-352 -192 1952 ) 
4 191 195 (-832 -320 1952 ) (-832 -320 1760 ) (-352 -320 1760 ) (-352 -320 1952 ) 
4 192 196 (0 -352 1840 ) (0 -352 3040 ) (-320 -352 3040 ) (-320 -352 1840 ) 
4 192 194 (-320 -320 1760 ) (-320 -352 1760 ) (-320 -352 1952 ) (-320 -320 1952 ) 
4 192 193 (-320 -352 1952 ) (-320 -352 3040 ) (-320 -320 3040 ) (-320 -320 1952 ) 
4 193 196 (-320 -352 1952 ) (-320 -352 3040 ) (-352 -352 3040 ) (-352 -352 1952 ) 
4 193 195 (-352 -352 1952 ) (-352 -352 3040 ) (-352 -320 3040 ) (-352 -320 1952 ) 
4 193 194 (-352 -352 1952 ) (-352 -320 1952 ) (-320 -320 1952 ) (-320 -352 1952 ) 
4 194 196 (-320 -352 1840 ) (-320 -352 1952 ) (-352 -352 1952 ) (-352 -352 1840 ) 
4 194 195 (-352 -320 1760 ) (-352 -352 1760 ) (-352 -352 1952 ) (-352 -320 1952 ) 
4 195 196 (-352 -352 1840 ) (-352 -352 3040 ) (-832 -352 3040 ) (-832 -352 1840 ) 
4 196 197 (0 -368 1840 ) (0 -368 3040 ) (-832 -368 3040 ) (-832 -368 1840 ) 
4 197 198 (-448 -448 1760 ) (0 -448 1760 ) (0 -448 1888 ) (-448 -448 1888 ) 
4 197 199 (-832 -448 1760 ) (-448 -448 1760 ) (-448 -448 3040 ) (-832 -448 3040 ) 
4 198 199 (-448 -448 1888 ) (-448 -448 1760 ) (-448 -704 1760 ) (-448 -704 1888 ) 
4 200 202 (-176 -1008 1696 ) (-176 -912 1696 ) (-80 -912 1696 ) (-80 -1008 1696 ) 
4 202 206 (-176 -1008 1664 ) (-176 -912 1664 ) (-80 -912 1664 ) (-80 -1008 1664 ) 
4 203 204 (-448 -384 1664 ) (-448 0 1664 ) (-416 0 1664 ) (-416 -384 1664 ) 
4 204 209 (0 0 1536 ) (0 -448 1536 ) (-448 -448 1536 ) (-448 0 1536 ) 
4 205 212 (0 -704 1536 ) (0 -832 1536 ) (-320 -832 1536 ) (-320 -704 1536 ) 
4 205 210 (0 -576 1536 ) (0 -704 1536 ) (-320 -704 1536 ) (-320 -576 1536 ) 
4 206 212 (-176 -1008 1536 ) (-176 -912 1536 ) (-80 -912 1536 ) (-80 -1008 1536 ) 
4 207 215 (-592 -320 1536 ) (-592 -64 1536 ) (-464 -64 1536 ) (-464 -320 1536 ) 
4 208 323 (-1024 -544 1552 ) (-1024 -544 1536 ) (-1024 -672 1536 ) (-1024 -672 1552 ) 
4 208 216 (-1024 -672 1536 ) (-1024 -544 1536 ) (-928 -544 1536 ) (-928 -672 1536 ) 
4 209 221 (0 -320 1408 ) (0 -448 1408 ) (-448 -448 1408 ) (-448 -320 1408 ) 
4 209 220 (-448 0 1408 ) (0 0 1408 ) (0 -320 1408 ) (-448 -320 1408 ) 
4 209 223 (0 -448 1408 ) (0 -576 1408 ) (-448 -576 1408 ) (-448 -448 1408 ) 
4 209 211 (-448 -64 1408 ) (-448 -320 1408 ) (-448 -320 1536 ) (-448 -64 1536 ) 
4 209 210 (-448 -576 1536 ) (-448 -576 1408 ) (0 -576 1408 ) (0 -576 1536 ) 
4 210 224 (0 -576 1408 ) (0 -704 1408 ) (-448 -704 1408 ) (-448 -576 1408 ) 
4 210 212 (-448 -704 1408 ) (0 -704 1408 ) (0 -704 1536 ) (-448 -704 1536 ) 
4 211 215 (-464 -64 1408 ) (-464 -320 1408 ) (-464 -320 1536 ) (-464 -64 1536 ) 
4 212 282 (0 -1024 1408 ) (0 -1024 1536 ) (-448 -1024 1536 ) (-448 -1024 1408 ) 
4 212 225 (0 -1024 1408 ) (-448 -1024 1408 ) (-448 -704 1408 ) (0 -704 1408 ) 
4 212 213 (-448 -704 1536 ) (-448 -704 1472 ) (-448 -768 1472 ) (-448 -768 1536 ) 
4 212 214 (-448 -896 1408 ) (-448 -1024 1408 ) (-448 -1024 1536 ) (-448 -896 1536 ) 
4 216 323 (-1024 -672 1536 ) (-1024 -544 1536 ) (-1024 -544 1408 ) (-1024 -672 1408 ) 
4 216 235 (-1024 -672 1408 ) (-1024 -544 1408 ) (-928 -544 1408 ) (-928 -672 1408 ) 
4 217 233 (-704 -960 1408 ) (-704 -768 1408 ) (-672 -768 1408 ) (-672 -960 1408 ) 
4 217 231 (-512 -832 1408 ) (-512 -960 1408 ) (-672 -960 1408 ) (-672 -832 1408 ) 
4 217 230 (-672 -768 1408 ) (-512 -768 1408 ) (-512 -832 1408 ) (-672 -832 1408 ) 
4 218 324 (-1024 -880 1472 ) (-1024 -752 1472 ) (-1024 -752 1408 ) (-1024 -880 1408 ) 
4 218 235 (-1024 -880 1408 ) (-1024 -752 1408 ) (-928 -752 1408 ) (-928 -880 1408 ) 
4 218 234 (-928 -752 1408 ) (-800 -752 1408 ) (-800 -880 1408 ) (-928 -880 1408 ) 
4 219 325 (-1024 -1024 1408 ) (-1024 -1024 1472 ) (-1024 -896 1472 ) (-1024 -896 1408 ) 
4 219 238 (-964 -960 1408 ) (-964 -896 1408 ) (-896 -896 1408 ) (-896 -960 1408 ) 
4 219 239 (-896 -1024 1408 ) (-964 -1024 1408 ) (-964 -976 1408 ) (-896 -976 1408 ) 
4 219 237 (-800 -1024 1408 ) (-896 -1024 1408 ) (-896 -896 1408 ) (-800 -896 1408 ) 
4 219 240 (-964 -1024 1408 ) (-1024 -1024 1408 ) (-1024 -896 1408 ) (-964 -896 1408 ) 
4 220 242 (0 -64 1280 ) (0 -320 1280 ) (-448 -320 1280 ) (-448 -64 1280 ) 
4 220 241 (0 0 1280 ) (0 -64 1280 ) (-448 -64 1280 ) (-448 0 1280 ) 
3 220 222 (-448 -320 1344 ) (-448 -320 1280 ) (-440 -320 1280 ) 
4 220 221 (-448 -320 1408 ) (-432 -320 1280 ) (0 -320 1280 ) (0 -320 1408 ) 
4 221 243 (0 -320 1280 ) (0 -448 1280 ) (-432 -448 1280 ) (-432 -320 1280 ) 
4 221 223 (-448 -448 1408 ) (-432 -448 1280 ) (0 -448 1280 ) (0 -448 1408 ) 
4 222 226 (-448 -320 1280 ) (-448 -448 1280 ) (-448 -448 1344 ) (-448 -320 1344 ) 
3 222 223 (-448 -448 1344 ) (-448 -448 1280 ) (-440 -448 1280 ) 
4 223 244 (0 -448 1280 ) (0 -576 1280 ) (-448 -576 1280 ) (-448 -448 1280 ) 
4 223 224 (-448 -576 1408 ) (-448 -576 1280 ) (0 -576 1280 ) (0 -576 1408 ) 
4 224 253 (-336 -704 1280 ) (-448 -704 1280 ) (-448 -576 1280 ) (-336 -576 1280 ) 
4 224 251 (-336 -696 1280 ) (-336 -664 1280 ) (-240 -664 1280 ) (-240 -696 1280 ) 
4 224 250 (-336 -664 1280 ) (-336 -576 1280 ) (-240 -576 1280 ) (-240 -664 1280 ) 
4 224 252 (-240 -704 1280 ) (-336 -704 1280 ) (-336 -696 1280 ) (-240 -696 1280 ) 
4 224 249 (0 -576 1280 ) (0 -704 1280 ) (-240 -704 1280 ) (-240 -576 1280 ) 
4 224 227 (-448 -576 1280 ) (-448 -704 1280 ) (-448 -704 1408 ) (-448 -576 1408 ) 
4 224 225 (-448 -704 1408 ) (-448 -704 1280 ) (0 -704 1280 ) (0 -704 1408 ) 
4 225 282 (0 -1024 1280 ) (0 -1024 1408 ) (-448 -1024 1408 ) (-448 -1024 1280 ) 
4 225 255 (0 -704 1280 ) (0 -1024 1280 ) (-448 -1024 1280 ) (-448 -704 1280 ) 
4 225 228 (-448 -768 1280 ) (-448 -832 1280 ) (-448 -832 1408 ) (-448 -768 1408 ) 
4 227 254 (-464 -704 1280 ) (-464 -576 1280 ) (-448 -576 1280 ) (-448 -704 1280 ) 
4 227 229 (-464 -576 1280 ) (-464 -704 1280 ) (-464 -704 1408 ) (-464 -576 1408 ) 
4 228 230 (-464 -768 1280 ) (-464 -832 1280 ) (-464 -832 1408 ) (-464 -768 1408 ) 
4 229 254 (-576 -576 1280 ) (-464 -576 1280 ) (-464 -704 1280 ) (-576 -704 1280 ) 
4 230 233 (-672 -768 1280 ) (-672 -832 1280 ) (-672 -832 1408 ) (-672 -768 1408 ) 
4 230 231 (-672 -832 1408 ) (-672 -832 1280 ) (-512 -832 1280 ) (-512 -832 1408 ) 
4 231 233 (-672 -832 1280 ) (-672 -960 1280 ) (-672 -960 1408 ) (-672 -832 1408 ) 
4 232 256 (-800 -736 1280 ) (-800 -704 1280 ) (-672 -704 1280 ) (-672 -736 1280 ) 
4 232 254 (-800 -704 1280 ) (-800 -576 1280 ) (-672 -576 1280 ) (-672 -704 1280 ) 
4 232 246 (-800 -576 1280 ) (-800 -544 1280 ) (-736 -544 1280 ) (-736 -576 1280 ) 
4 232 245 (-736 -544 1280 ) (-672 -544 1280 ) (-672 -576 1280 ) (-736 -576 1280 ) 
4 232 234 (-800 -544 1280 ) (-800 -736 1280 ) (-800 -736 1408 ) (-800 -544 1408 ) 
4 234 256 (-800 -704 1280 ) (-800 -736 1280 ) (-928 -736 1280 ) (-928 -704 1280 ) 
4 234 254 (-800 -576 1280 ) (-800 -704 1280 ) (-928 -704 1280 ) (-928 -576 1280 ) 
4 234 246 (-800 -544 1280 ) (-800 -576 1280 ) (-928 -576 1280 ) (-928 -544 1280 ) 
4 234 236 (-928 -880 1280 ) (-896 -880 1280 ) (-896 -880 1408 ) (-928 -880 1408 ) 
4 234 235 (-928 -544 1280 ) (-928 -880 1280 ) (-928 -880 1408 ) (-928 -544 1408 ) 
4 235 326 (-1024 -880 1408 ) (-1024 -520 1408 ) (-1024 -520 1280 ) (-1024 -880 1280 ) 
4 235 256 (-1024 -736 1280 ) (-1024 -704 1280 ) (-928 -704 1280 ) (-928 -736 1280 ) 
4 235 254 (-1024 -704 1280 ) (-1024 -576 1280 ) (-928 -576 1280 ) (-928 -704 1280 ) 
4 235 248 (-1024 -576 1280 ) (-1024 -544 1280 ) (-928 -544 1280 ) (-928 -576 1280 ) 
4 235 236 (-960 -880 1280 ) (-928 -880 1280 ) (-928 -880 1408 ) (-960 -880 1408 ) 
4 236 238 (-960 -896 1280 ) (-896 -896 1280 ) (-896 -896 1408 ) (-960 -896 1408 ) 
4 237 238 (-896 -896 1408 ) (-896 -896 1280 ) (-896 -960 1280 ) (-896 -960 1408 ) 
4 237 239 (-896 -976 1280 ) (-896 -1024 1280 ) (-896 -1024 1408 ) (-896 -976 1408 ) 
4 238 240 (-964 -896 1408 ) (-964 -896 1280 ) (-964 -960 1280 ) (-964 -960 1408 ) 
4 239 240 (-964 -976 1280 ) (-964 -1024 1280 ) (-964 -1024 1408 ) (-964 -976 1408 ) 
4 240 330 (-1024 -1024 1280 ) (-1024 -1024 1408 ) (-1024 -896 1408 ) (-1024 -896 1280 ) 
4 241 259 (-448 0 1152 ) (-128 0 1152 ) (-128 -64 1152 ) (-448 -64 1152 ) 
4 241 257 (-128 0 1152 ) (0 0 1152 ) (0 -64 1152 ) (-128 -64 1152 ) 
4 241 242 (-448 -64 1152 ) (0 -64 1152 ) (0 -64 1280 ) (-448 -64 1280 ) 
4 242 259 (-128 -320 1152 ) (-448 -320 1152 ) (-448 -64 1152 ) (-128 -64 1152 ) 
4 242 257 (0 -64 1152 ) (0 -320 1152 ) (-128 -320 1152 ) (-128 -64 1152 ) 
4 242 243 (-448 -320 1152 ) (0 -320 1152 ) (0 -320 1280 ) (-440 -320 1280 ) 
4 243 259 (-128 -448 1152 ) (-448 -448 1152 ) (-448 -320 1152 ) (-128 -320 1152 ) 
4 243 257 (0 -320 1152 ) (0 -448 1152 ) (-128 -448 1152 ) (-128 -320 1152 ) 
4 243 244 (-448 -448 1152 ) (0 -448 1152 ) (0 -448 1280 ) (-440 -448 1280 ) 
4 244 259 (-128 -576 1152 ) (-448 -576 1152 ) (-448 -448 1152 ) (-128 -448 1152 ) 
4 244 257 (0 -448 1152 ) (0 -576 1152 ) (-128 -576 1152 ) (-128 -448 1152 ) 
4 244 253 (-448 -576 1152 ) (-336 -576 1152 ) (-336 -576 1280 ) (-448 -576 1280 ) 
4 244 250 (-336 -576 1152 ) (-240 -576 1152 ) (-240 -576 1280 ) (-336 -576 1280 ) 
4 244 249 (-240 -576 1152 ) (0 -576 1152 ) (0 -576 1280 ) (-240 -576 1280 ) 
4 245 254 (-736 -576 1152 ) (-672 -576 1152 ) (-672 -576 1280 ) (-736 -576 1280 ) 
4 245 246 (-736 -576 1216 ) (-736 -576 1280 ) (-736 -544 1280 ) (-736 -544 1216 ) 
4 245 247 (-736 -544 1152 ) (-736 -576 1152 ) (-736 -576 1216 ) (-736 -544 1216 ) 
4 246 254 (-736 -576 1216 ) (-736 -576 1280 ) (-928 -576 1280 ) (-928 -576 1216 ) 
4 246 248 (-928 -544 1216 ) (-928 -576 1216 ) (-928 -576 1280 ) (-928 -544 1280 ) 
4 246 247 (-928 -576 1216 ) (-928 -544 1216 ) (-736 -544 1216 ) (-736 -576 1216 ) 
4 247 254 (-928 -576 1152 ) (-736 -576 1152 ) (-736 -576 1216 ) (-928 -576 1216 ) 
4 247 248 (-928 -544 1152 ) (-928 -576 1152 ) (-928 -576 1216 ) (-928 -544 1216 ) 
4 248 338 (-1024 -576 1280 ) (-1024 -544 1280 ) (-1024 -544 1152 ) (-1024 -576 1152 ) 
4 248 274 (-1024 -576 1152 ) (-1024 -544 1152 ) (-928 -544 1152 ) (-928 -576 1152 ) 
4 248 254 (-1024 -576 1152 ) (-928 -576 1152 ) (-928 -576 1280 ) (-1024 -576 1280 ) 
4 249 255 (-240 -704 1152 ) (0 -704 1152 ) (0 -704 1280 ) (-240 -704 1280 ) 
4 249 251 (-240 -696 1160 ) (-240 -696 1280 ) (-240 -664 1280 ) (-240 -664 1160 ) 
4 249 250 (-240 -576 1280 ) (-240 -576 1152 ) (-240 -664 1152 ) (-240 -664 1280 ) 
4 249 252 (-240 -696 1152 ) (-240 -704 1152 ) (-240 -704 1280 ) (-240 -696 1280 ) 
4 250 253 (-336 -576 1280 ) (-336 -576 1152 ) (-336 -664 1152 ) (-336 -664 1280 ) 
4 250 251 (-336 -664 1280 ) (-336 -664 1160 ) (-240 -664 1160 ) (-240 -664 1280 ) 
4 251 253 (-336 -696 1160 ) (-336 -696 1280 ) (-336 -664 1280 ) (-336 -664 1160 ) 
4 251 252 (-336 -696 1280 ) (-336 -696 1160 ) (-240 -696 1160 ) (-240 -696 1280 ) 
4 252 255 (-336 -704 1152 ) (-240 -704 1152 ) (-240 -704 1280 ) (-336 -704 1280 ) 
4 252 253 (-336 -696 1152 ) (-336 -704 1152 ) (-336 -704 1280 ) (-336 -696 1280 ) 
4 253 255 (-448 -704 1152 ) (-336 -704 1152 ) (-336 -704 1280 ) (-448 -704 1280 ) 
4 253 254 (-448 -576 1280 ) (-448 -576 1152 ) (-448 -704 1152 ) (-448 -704 1280 ) 
4 254 338 (-1024 -704 1280 ) (-1024 -576 1280 ) (-1024 -576 1152 ) (-1024 -704 1152 ) 
4 254 274 (-1024 -704 1152 ) (-1024 -576 1152 ) (-928 -576 1152 ) (-928 -704 1152 ) 
4 254 256 (-1024 -704 1152 ) (-672 -704 1152 ) (-672 -704 1280 ) (-1024 -704 1280 ) 
4 255 282 (0 -1024 1152 ) (0 -1024 1280 ) (-448 -1024 1280 ) (-448 -1024 1152 ) 
4 255 262 (-192 -1024 1152 ) (-448 -1024 1152 ) (-448 -704 1152 ) (-192 -704 1152 ) 
4 255 260 (-128 -1024 1152 ) (-192 -1024 1152 ) (-192 -704 1152 ) (-128 -704 1152 ) 
4 255 258 (0 -1024 1152 ) (-128 -1024 1152 ) (-128 -704 1152 ) (0 -704 1152 ) 
4 256 338 (-1024 -736 1280 ) (-1024 -704 1280 ) (-1024 -704 1152 ) (-1024 -736 1152 ) 
4 256 274 (-1024 -736 1152 ) (-1024 -704 1152 ) (-928 -704 1152 ) (-928 -736 1152 ) 
4 257 264 (-128 -576 1024 ) (-128 0 1024 ) (0 0 1024 ) (0 -576 1024 ) 
4 257 259 (-128 0 1024 ) (-128 -576 1024 ) (-128 -576 1152 ) (-128 0 1152 ) 
4 258 282 (0 -1024 1024 ) (0 -1024 1152 ) (-128 -1024 1152 ) (-128 -1024 1024 ) 
4 258 266 (0 -1024 1024 ) (-128 -1024 1024 ) (-128 -704 1024 ) (0 -704 1024 ) 
4 258 260 (-128 -704 1024 ) (-128 -1024 1024 ) (-128 -1024 1152 ) (-128 -704 1152 ) 
4 259 272 (-448 -64 1152 ) (-448 0 1152 ) (-448 0 1024 ) (-448 -64 1024 ) 
4 259 268 (-448 -576 1024 ) (-448 0 1024 ) (-320 0 1024 ) (-320 -576 1024 ) 
4 259 267 (-320 0 1024 ) (-192 0 1024 ) (-192 -576 1024 ) (-320 -576 1024 ) 
4 259 264 (-192 0 1024 ) (-128 0 1024 ) (-128 -576 1024 ) (-192 -576 1024 ) 
4 259 263 (-384 -576 1024 ) (-320 -576 1024 ) (-320 -576 1152 ) (-384 -576 1152 ) 
4 260 282 (-128 -1024 1152 ) (-192 -1024 1152 ) (-192 -1024 1024 ) (-128 -1024 1024 ) 
4 260 266 (-128 -1024 1024 ) (-192 -1024 1024 ) (-192 -704 1024 ) (-128 -704 1024 ) 
4 260 262 (-192 -704 1024 ) (-192 -1024 1024 ) (-192 -1024 1152 ) (-192 -704 1152 ) 
4 260 261 (-192 -704.003906 1024 ) (-192 -696 1032.003906 ) (-128 -696 1032.003906 ) (-128 -704.003906 1024 ) 
4 262 282 (-192 -1024 1152 ) (-448 -1024 1152 ) (-448 -1024 1024 ) (-192 -1024 1024 ) 
4 262 269 (-320 -1024 1024 ) (-448 -1024 1024 ) (-448 -704 1024 ) (-320 -704 1024 ) 
4 262 267 (-192 -1024 1024 ) (-320 -1024 1024 ) (-320 -704 1024 ) (-192 -704 1024 ) 
4 263 268 (-384 -576 1024 ) (-320 -576 1024 ) (-320 -584 1024 ) (-384 -584 1024 ) 
4 264 270 (-192 0 896 ) (0 0 896 ) (0 -576 896 ) (-192 -576 896 ) 
4 264 267 (-192 0 896 ) (-192 -576 896 ) (-192 -576 1024 ) (-192 0 1024 ) 
4 265 267 (-192 -592 896 ) (-192 -688 896 ) (-192 -688 1024 ) (-192 -592 1024 ) 
4 266 282 (0 -1024 896 ) (0 -1024 1024 ) (-192 -1024 1024 ) (-192 -1024 896 ) 
4 266 271 (0 -704 896 ) (0 -1024 896 ) (-192 -1024 896 ) (-192 -704 896 ) 
4 266 267 (-192 -704 896 ) (-192 -1024 896 ) (-192 -1024 1024 ) (-192 -704 1024 ) 
4 267 282 (-192 -1024 1024 ) (-320 -1024 1024 ) (-320 -1024 896 ) (-192 -1024 896 ) 
4 267 271 (-192 -704 896 ) (-192 -1024 896 ) (-320 -1024 896 ) (-320 -704 896 ) 
4 267 270 (-320 0 896 ) (-192 0 896 ) (-192 -576 896 ) (-320 -576 896 ) 
4 267 268 (-320 0 896 ) (-320 -688 896 ) (-320 -688 1024 ) (-320 0 1024 ) 
4 267 269 (-320 -704 896 ) (-320 -1024 896 ) (-320 -1024 1024 ) (-320 -704 1024 ) 
4 268 272 (-448 -64 1024 ) (-448 0 1024 ) (-448 0 896 ) (-448 -64 896 ) 
4 268 270 (-448 -576 896 ) (-448 0 896 ) (-320 0 896 ) (-320 -576 896 ) 
4 269 282 (-320 -1024 1024 ) (-448 -1024 1024 ) (-448 -1024 896 ) (-320 -1024 896 ) 
4 269 273 (-448 -1024 896 ) (-448 -1024 1024 ) (-448 -960 1024 ) (-448 -960 896 ) 
4 269 271 (-448 -1024 896 ) (-448 -704 896 ) (-320 -704 896 ) (-320 -1024 896 ) 
4 270 275 (0 0 768 ) (0 -576 768 ) (-448 -576 768 ) (-448 0 768 ) 
4 271 282 (0 -1024 768 ) (0 -1024 896 ) (-448 -1024 896 ) (-448 -1024 768 ) 
4 271 276 (0 -704 768 ) (0 -1024 768 ) (-448 -1024 768 ) (-448 -704 768 ) 
4 273 284 (-464 -1024 1024 ) (-464 -1024 896 ) (-456 -1024 896 ) (-456 -1024 1024 ) 
4 273 283 (-456 -1024 896 ) (-448 -1024 896 ) (-448 -1024 1024 ) (-456 -1024 1024 ) 
4 274 338 (-1024 -736 1152 ) (-1024 -544 1152 ) (-1024 -544 1136 ) (-1024 -736 1136 ) 
4 276 290 (0 -1024 512 ) (0 -1024 768 ) (-448 -1024 768 ) (-448 -1024 512 ) 
4 277 281 (64 -1024 768 ) (192 -1024 768 ) (192 -1088 768 ) (64 -1088 768 ) 
4 277 280 (192 -1088 896 ) (192 -1088 1024 ) (64 -1088 1024 ) (64 -1088 896 ) 
4 277 278 (64 -1024 1536 ) (64 -1024 768 ) (64 -1088 768 ) (64 -1088 1536 ) 
4 278 282 (0 -1024 1536 ) (0 -1024 768 ) (0 -1088 768 ) (0 -1088 1536 ) 
4 278 281 (0 -1088 768 ) (0 -1024 768 ) (64 -1024 768 ) (64 -1088 768 ) 
4 278 280 (0 -1088 1024 ) (0 -1088 896 ) (64 -1088 896 ) (64 -1088 1024 ) 
4 278 279 (0 -1088 1536 ) (0 -1088 1408 ) (64 -1088 1408 ) (64 -1088 1536 ) 
4 279 285 (0 -1098 1536 ) (0 -1088 1536 ) (0 -1088 1408 ) (0 -1098 1408 ) 
4 280 289 (0 -1104 896 ) (0 -1104 1024 ) (0 -1088 1024 ) (0 -1088 896 ) 
4 281 290 (0 -1024 768 ) (0 -1024 512 ) (0 -1088 512 ) (0 -1088 768 ) 
4 282 290 (0 -1024 768 ) (0 -1088 768 ) (-448 -1088 768 ) (-448 -1024 768 ) 
4 282 289 (0 -1088 896 ) (0 -1088 1024 ) (-64 -1088 1024 ) (-64 -1088 896 ) 
4 282 288 (-256 -1088 1152 ) (-320 -1088 1152 ) (-320 -1088 1024 ) (-256 -1088 1024 ) 
4 282 287 (-320 -1088 1472 ) (-320 -1088 1408 ) (-192 -1088 1408 ) (-192 -1088 1472 ) 
4 282 286 (-256 -1088 1536 ) (-320 -1088 1536 ) (-320 -1088 1472 ) (-256 -1088 1472 ) 
4 282 285 (0 -1088 1280 ) (0 -1088 1536 ) (-64 -1088 1536 ) (-64 -1088 1280 ) 
4 282 283 (-448 -1088 896 ) (-448 -1088 1152 ) (-448 -1024 1152 ) (-448 -1024 896 ) 
4 283 284 (-456 -1024 896 ) (-456 -1088 896 ) (-456 -1088 1024 ) (-456 -1024 1024 ) 
4 286 287 (-320 -1104 1472 ) (-320 -1088 1472 ) (-256 -1088 1472 ) (-256 -1104 1472 ) 
4 291 304 (-1376 672 1408 ) (-1376 736 1408 ) (-1344 736 1408 ) (-1344 672 1408 ) 
4 291 302 (-1344 736 1408 ) (-1312 736 1408 ) (-1312 672 1408 ) (-1344 672 1408 ) 
4 292 304 (-1376 480 1408 ) (-1376 544 1408 ) (-1344 544 1408 ) (-1344 480 1408 ) 
4 292 302 (-1344 544 1408 ) (-1312 544 1408 ) (-1312 480 1408 ) (-1344 480 1408 ) 
4 293 341 (-1376 0 1536 ) (-1376 0 1408 ) (-1312 0 1408 ) (-1312 0 1536 ) 
4 293 339 (-1376 0 1544 ) (-1376 0 1536 ) (-1312 0 1536 ) (-1312 0 1544 ) 
4 293 314 (-1312 0 1408 ) (-1376 0 1408 ) (-1376 32 1408 ) (-1312 32 1408 ) 
4 293 294 (-1376 32 1408 ) (-1376 0 1408 ) (-1376 0 1536 ) (-1376 32 1536 ) 
4 294 342 (-1440 0 1536 ) (-1440 0 1408 ) (-1376 0 1408 ) (-1376 0 1536 ) 
4 294 314 (-1376 0 1408 ) (-1440 0 1408 ) (-1440 32 1408 ) (-1376 32 1408 ) 
4 294 295 (-1440 32 1408 ) (-1440 0 1408 ) (-1440 0 1536 ) (-1440 32 1536 ) 
4 295 344 (-1568 0 1536 ) (-1568 0 1408 ) (-1504 0 1408 ) (-1504 0 1536 ) 
4 295 342 (-1504 0 1408 ) (-1440 0 1408 ) (-1440 0 1536 ) (-1504 0 1536 ) 
4 295 314 (-1440 0 1408 ) (-1568 0 1408 ) (-1568 32 1408 ) (-1440 32 1408 ) 
4 295 297 (-1568 32 1408 ) (-1568 0 1408 ) (-1568 0 1536 ) (-1568 32 1536 ) 
4 296 313 (-1748 32 1408 ) (-1748 64 1408 ) (-1572 64 1408 ) (-1572 32 1408 ) 
4 296 298 (-1632 32 1456 ) (-1632 32 1552 ) (-1648 32 1552 ) (-1648 32 1456 ) 
4 296 297 (-1632 32 1408 ) (-1572 32 1408 ) (-1572 32 1552 ) (-1632 32 1552 ) 
4 296 299 (-1748 32 1552 ) (-1748 32 1408 ) (-1648 32 1408 ) (-1648 32 1552 ) 
4 297 345 (-1632 0 1408 ) (-1568 0 1408 ) (-1568 0 1552 ) (-1632 0 1552 ) 
4 297 314 (-1568 0 1408 ) (-1632 0 1408 ) (-1632 32 1408 ) (-1568 32 1408 ) 
4 297 298 (-1632 0 1552 ) (-1632 32 1552 ) (-1632 32 1456 ) (-1632 0 1456 ) 
4 298 352 (-1632 0 1456 ) (-1632 0 1552 ) (-1648 0 1552 ) (-1648 0 1456 ) 
4 298 299 (-1648 0 1552 ) (-1648 32 1552 ) (-1648 32 1456 ) (-1648 0 1456 ) 
4 299 359 (-1748 0 1552 ) (-1748 0 1408 ) (-1648 0 1408 ) (-1648 0 1552 ) 
4 299 315 (-1648 0 1408 ) (-1748 0 1408 ) (-1748 32 1408 ) (-1648 32 1408 ) 
4 300 317 (-1248 768 1152 ) (-1248 640 1152 ) (-1280 640 1152 ) (-1280 768 1152 ) 
4 300 316 (-1248 800 1152 ) (-1248 768 1152 ) (-1280 768 1152 ) (-1280 800 1152 ) 
4 300 302 (-1280 800 1152 ) (-1280 640 1152 ) (-1280 640 1408 ) (-1280 800 1408 ) 
4 301 318 (-1248 576 1152 ) (-1248 448 1152 ) (-1280 448 1152 ) (-1280 576 1152 ) 
4 301 302 (-1280 576 1152 ) (-1280 448 1152 ) (-1280 448 1408 ) (-1280 576 1408 ) 
4 302 316 (-1280 800 1152 ) (-1280 768 1152 ) (-1344 768 1152 ) (-1344 800 1152 ) 
4 302 304 (-1344 768 1152 ) (-1344 416 1152 ) (-1344 416 1408 ) (-1344 768 1408 ) 
4 302 303 (-1344 800 1408 ) (-1344 800 1152 ) (-1344 768 1152 ) (-1344 768 1408 ) 
4 303 316 (-1504 800 1152 ) (-1344 800 1152 ) (-1344 768 1152 ) (-1504 768 1152 ) 
4 303 304 (-1504 768 1152 ) (-1344 768 1152 ) (-1344 768 1408 ) (-1504 768 1408 ) 
4 304 310 (-1536 320 1152 ) (-1504 320 1152 ) (-1504 320 1344 ) (-1536 320 1344 ) 
4 304 308 (-1504 320 1152 ) (-1376 320 1152 ) (-1376 320 1344 ) (-1504 320 1344 ) 
4 304 307 (-1376 320 1152 ) (-1344 320 1152 ) (-1344 320 1344 ) (-1376 320 1344 ) 
4 304 305 (-1536 768 1408 ) (-1536 768 1152 ) (-1536 352 1152 ) (-1536 352 1408 ) 
4 305 306 (-1568 512 1184 ) (-1568 512 1376 ) (-1568 608 1376 ) (-1568 608 1184 ) 
4 307 309 (-1376 288 1152 ) (-1376 224 1152 ) (-1376 224 1344 ) (-1376 288 1344 ) 
4 307 308 (-1376 320 1344 ) (-1376 320 1152 ) (-1376 288 1152 ) (-1376 288 1344 ) 
4 308 310 (-1504 320 1344 ) (-1504 320 1152 ) (-1504 288 1152 ) (-1504 288 1344 ) 
4 308 309 (-1504 288 1344 ) (-1504 288 1152 ) (-1376 288 1152 ) (-1376 288 1344 ) 
4 309 311 (-1504 224 1152 ) (-1376 224 1152 ) (-1376 224 1280 ) (-1504 224 1280 ) 
4 309 310 (-1504 288 1152 ) (-1504 224 1152 ) (-1504 224 1344 ) (-1504 288 1344 ) 
4 311 312 (-1504 160 1152 ) (-1376 160 1152 ) (-1376 160 1280 ) (-1504 160 1280 ) 
4 312 314 (-1536 32 1152 ) (-1344 32 1152 ) (-1344 32 1280 ) (-1536 32 1280 ) 
4 313 322 (-1748 64 1152 ) (-1648 64 1152 ) (-1648 32 1152 ) (-1748 32 1152 ) 
4 313 320 (-1648 64 1152 ) (-1632 64 1152 ) (-1632 32 1152 ) (-1648 32 1152 ) 
4 313 319 (-1632 64 1152 ) (-1584 64 1152 ) (-1584 32 1152 ) (-1632 32 1152 ) 
4 313 315 (-1748 32 1152 ) (-1648 32 1152 ) (-1648 32 1408 ) (-1748 32 1408 ) 
4 313 314 (-1632 32 1152 ) (-1572 32 1152 ) (-1572 32 1408 ) (-1632 32 1408 ) 
4 314 350 (-1632 0 1216 ) (-1632 0 1152 ) (-1576 0 1152 ) (-1576 0 1216 ) 
4 314 346 (-1576 0 1152 ) (-1568 0 1152 ) (-1568 0 1216 ) (-1576 0 1216 ) 
4 314 345 (-1568 0 1408 ) (-1632 0 1408 ) (-1632 0 1216 ) (-1568 0 1216 ) 
4 314 344 (-1504 0 1408 ) (-1568 0 1408 ) (-1568 0 1152 ) (-1504 0 1152 ) 
4 314 342 (-1376 0 1408 ) (-1504 0 1408 ) (-1504 0 1280 ) (-1376 0 1280 ) 
4 314 343 (-1504 0 1280 ) (-1504 0 1152 ) (-1376 0 1152 ) (-1376 0 1280 ) 
4 314 341 (-1312 0 1408 ) (-1376 0 1408 ) (-1376 0 1152 ) (-1312 0 1152 ) 
4 314 319 (-1632 32 1152 ) (-1584 32 1152 ) (-1584 0 1152 ) (-1632 0 1152 ) 
4 315 359 (-1648 0 1408 ) (-1748 0 1408 ) (-1748 0 1152 ) (-1648 0 1152 ) 
4 315 322 (-1748 32 1152 ) (-1648 32 1152 ) (-1648 0 1152 ) (-1748 0 1152 ) 
4 316 317 (-1280 768 1144 ) (-1248 768 1144 ) (-1248 768 1152 ) (-1280 768 1152 ) 
4 319 351 (-1584 0 1152 ) (-1632 0 1152 ) (-1632 0 1088 ) (-1584 0 1088 ) 
4 319 321 (-1632 32 1088 ) (-1632 0 1088 ) (-1632 0 1104 ) (-1632 32 1104 ) 
4 319 320 (-1632 64 1152 ) (-1632 64 1088 ) (-1632 32 1088 ) (-1632 32 1152 ) 
4 320 322 (-1648 64 1152 ) (-1648 64 1088 ) (-1648 32 1088 ) (-1648 32 1152 ) 
4 320 321 (-1648 32 1104 ) (-1648 32 1088 ) (-1632 32 1088 ) (-1632 32 1104 ) 
4 321 358 (-1648 0 1104 ) (-1648 0 1088 ) (-1632 0 1088 ) (-1632 0 1104 ) 
4 321 322 (-1648 32 1088 ) (-1648 0 1088 ) (-1648 0 1104 ) (-1648 32 1104 ) 
4 322 359 (-1648 0 1152 ) (-1748 0 1152 ) (-1748 0 1088 ) (-1648 0 1088 ) 
4 323 327 (-1184 -672 1408 ) (-1184 -544 1408 ) (-1056 -544 1408 ) (-1056 -672 1408 ) 
4 323 326 (-1056 -544 1408 ) (-1024 -544 1408 ) (-1024 -672 1408 ) (-1056 -672 1408 ) 
4 324 326 (-1056 -880 1408 ) (-1056 -752 1408 ) (-1024 -752 1408 ) (-1024 -880 1408 ) 
4 325 330 (-1024 -1024 1408 ) (-1056 -1024 1408 ) (-1056 -896 1408 ) (-1024 -896 1408 ) 
4 326 338 (-1024 -544 1280 ) (-1024 -736 1280 ) (-1056 -736 1280 ) (-1056 -544 1280 ) 
4 326 328 (-1056 -760 1280 ) (-1056 -812 1280 ) (-1056 -812 1408 ) (-1056 -760 1408 ) 
4 326 327 (-1056 -520 1280 ) (-1056 -736 1280 ) (-1056 -736 1408 ) (-1056 -520 1408 ) 
4 327 338 (-1056 -544 1280 ) (-1056 -736 1280 ) (-1184 -736 1280 ) (-1184 -544 1280 ) 
4 327 331 (-1184 -544 1280 ) (-1184 -736 1280 ) (-1184 -736 1408 ) (-1184 -544 1408 ) 
4 328 329 (-1184 -812 1408 ) (-1184 -812 1280 ) (-1120 -812 1280 ) (-1120 -812 1408 ) 
4 331 338 (-1184 -544 1280 ) (-1184 -736 1280 ) (-1304 -736 1280 ) (-1304 -544 1280 ) 
4 331 334 (-1304 -544 1280 ) (-1304 -736 1280 ) (-1304 -736 1408 ) (-1304 -544 1408 ) 
4 332 341 (-1312 -33 1280 ) (-1312 -127 1280 ) (-1312 -127 1375 ) (-1312 -33 1375 ) 
4 332 335 (-1312 -127 1280 ) (-1312 -33 1280 ) (-1310 -33 1280 ) (-1310 -127 1280 ) 
4 333 341 (-1312 -160 1280 ) (-1312 -224 1280 ) (-1312 -224 1408 ) (-1312 -160 1408 ) 
4 333 336 (-1312 -224 1280 ) (-1312 -160 1280 ) (-1304 -160 1280 ) (-1304 -224 1280 ) 
4 334 368 (-1312 -704 1280 ) (-1312 -736 1280 ) (-1312 -736 1408 ) (-1312 -704 1408 ) 
4 334 367 (-1312 -640 1280 ) (-1312 -704 1280 ) (-1312 -704 1408 ) (-1312 -640 1408 ) 
4 334 366 (-1312 -544 1280 ) (-1312 -640 1280 ) (-1312 -640 1408 ) (-1312 -544 1408 ) 
4 334 338 (-1312 -736 1280 ) (-1312 -544 1280 ) (-1304 -544 1280 ) (-1304 -736 1280 ) 
4 335 341 (-1312 -33 1185 ) (-1312 -127 1185 ) (-1312 -127 1280 ) (-1312 -33 1280 ) 
4 336 341 (-1312 -160 1185 ) (-1312 -224 1185 ) (-1312 -224 1280 ) (-1312 -160 1280 ) 
4 336 337 (-1304 -160 1185 ) (-1304 -224 1185 ) (-1312 -224 1185 ) (-1312 -160 1185 ) 
4 337 341 (-1312 -160 1152 ) (-1312 -224 1152 ) (-1312 -224 1185 ) (-1312 -160 1185 ) 
4 338 369 (-1312 -736 1136 ) (-1312 -736 1280 ) (-1312 -704 1280 ) (-1312 -704 1136 ) 
4 338 367 (-1312 -704 1280 ) (-1312 -640 1280 ) (-1312 -640 1136 ) (-1312 -704 1136 ) 
4 338 366 (-1312 -640 1280 ) (-1312 -544 1280 ) (-1312 -544 1136 ) (-1312 -640 1136 ) 
4 339 341 (-1376 0 1536 ) (-1312 0 1536 ) (-1312 -96 1536 ) (-1376 -96 1536 ) 
4 339 340 (-1376 -96 1536 ) (-1312 -96 1536 ) (-1312 -96 1544 ) (-1376 -96 1544 ) 
4 340 342 (-1440 -192 1536 ) (-1440 -96 1536 ) (-1376 -96 1536 ) (-1376 -192 1536 ) 
4 340 341 (-1376 -96 1536 ) (-1312 -96 1536 ) (-1312 -192 1536 ) (-1376 -192 1536 ) 
4 341 342 (-1376 -224 1536 ) (-1376 0 1536 ) (-1376 0 1280 ) (-1376 -224 1280 ) 
4 341 343 (-1376 0 1280 ) (-1376 0 1152 ) (-1376 -224 1152 ) (-1376 -224 1280 ) 
4 342 344 (-1504 -288 1536 ) (-1504 0 1536 ) (-1504 0 1280 ) (-1504 -288 1280 ) 
4 342 343 (-1504 -288 1280 ) (-1504 0 1280 ) (-1376 0 1280 ) (-1376 -288 1280 ) 
4 343 362 (-1376 -352 1152 ) (-1376 -352 1280 ) (-1504 -352 1280 ) (-1504 -352 1152 ) 
4 343 344 (-1504 -288 1280 ) (-1504 0 1280 ) (-1504 0 1152 ) (-1504 -288 1152 ) 
4 344 348 (-1568 -160 1152 ) (-1568 -224 1152 ) (-1568 -224 1216 ) (-1568 -160 1216 ) 
4 344 347 (-1568 -32 1152 ) (-1568 -64 1152 ) (-1568 -64 1184 ) (-1568 -32 1184 ) 
4 344 346 (-1568 0 1216 ) (-1568 0 1152 ) (-1568 -32 1152 ) (-1568 -32 1216 ) 
4 344 345 (-1568 0 1536 ) (-1568 0 1216 ) (-1568 -288 1216 ) (-1568 -288 1536 ) 
4 345 356 (-1632 -304 1456 ) (-1632 -304 1552 ) (-1632 -240 1552 ) (-1632 -240 1456 ) 
4 345 357 (-1632 -304 1216 ) (-1632 -320 1216 ) (-1632 -320 1552 ) (-1632 -304 1552 ) 
4 345 355 (-1632 -240 1264 ) (-1632 -240 1296 ) (-1632 -96 1296 ) (-1632 -96 1264 ) 
4 345 354 (-1632 -240 1296 ) (-1632 -240 1376 ) (-1632 -32 1376 ) (-1632 -32 1296 ) 
4 345 353 (-1632 -240 1456 ) (-1632 -240 1552 ) (-1632 -32 1552 ) (-1632 -32 1456 ) 
4 345 352 (-1632 0 1552 ) (-1632 0 1456 ) (-1632 -32 1456 ) (-1632 -32 1552 ) 
4 345 350 (-1632 -320 1216 ) (-1632 0 1216 ) (-1576 0 1216 ) (-1576 -320 1216 ) 
4 345 349 (-1568 -288 1216 ) (-1568 -320 1216 ) (-1576 -320 1216 ) (-1576 -288 1216 ) 
4 345 348 (-1568 -160 1216 ) (-1568 -224 1216 ) (-1576 -224 1216 ) (-1576 -160 1216 ) 
4 345 346 (-1576 0 1216 ) (-1568 0 1216 ) (-1568 -32 1216 ) (-1576 -32 1216 ) 
4 346 350 (-1576 0 1152 ) (-1576 -32 1152 ) (-1576 -32 1216 ) (-1576 0 1216 ) 
4 346 347 (-1576 -32 1184 ) (-1576 -32 1152 ) (-1568 -32 1152 ) (-1568 -32 1184 ) 
4 347 350 (-1576 -32 1152 ) (-1576 -64 1152 ) (-1576 -64 1184 ) (-1576 -32 1184 ) 
4 348 350 (-1576 -160 1152 ) (-1576 -224 1152 ) (-1576 -224 1216 ) (-1576 -160 1216 ) 
4 349 350 (-1576 -288 1152 ) (-1576 -320 1152 ) (-1576 -320 1216 ) (-1576 -288 1216 ) 
4 350 357 (-1632 -320 1216 ) (-1632 -304 1216 ) (-1632 -304 1152 ) (-1632 -320 1152 ) 
4 350 351 (-1632 -320 1152 ) (-1632 0 1152 ) (-1584 0 1152 ) (-1584 -320 1152 ) 
4 351 358 (-1632 0 1104 ) (-1632 0 1088 ) (-1632 -320 1088 ) (-1632 -320 1104 ) 
4 351 357 (-1632 -320 1152 ) (-1632 -304 1152 ) (-1632 -304 1104 ) (-1632 -320 1104 ) 
4 352 359 (-1648 0 1552 ) (-1648 0 1456 ) (-1648 -32 1456 ) (-1648 -32 1552 ) 
4 352 353 (-1648 -32 1552 ) (-1648 -32 1456 ) (-1632 -32 1456 ) (-1632 -32 1552 ) 
4 353 359 (-1648 -32 1552 ) (-1648 -32 1456 ) (-1648 -240 1456 ) (-1648 -240 1552 ) 
4 353 356 (-1648 -240 1552 ) (-1648 -240 1456 ) (-1632 -240 1456 ) (-1632 -240 1552 ) 
4 354 359 (-1648 -32 1376 ) (-1648 -32 1296 ) (-1648 -240 1296 ) (-1648 -240 1376 ) 
4 354 355 (-1632 -240 1296 ) (-1648 -240 1296 ) (-1648 -96 1296 ) (-1632 -96 1296 ) 
4 355 359 (-1648 -240 1264 ) (-1648 -240 1296 ) (-1648 -96 1296 ) (-1648 -96 1264 ) 
4 356 359 (-1648 -240 1552 ) (-1648 -240 1456 ) (-1648 -304 1456 ) (-1648 -304 1552 ) 
4 356 357 (-1632 -304 1456 ) (-1632 -304 1552 ) (-1648 -304 1552 ) (-1648 -304 1456 ) 
4 357 359 (-1648 -304 1104 ) (-1648 -320 1104 ) (-1648 -320 1552 ) (-1648 -304 1552 ) 
4 357 358 (-1648 -320 1104 ) (-1648 -304 1104 ) (-1632 -304 1104 ) (-1632 -320 1104 ) 
4 358 359 (-1648 0 1088 ) (-1648 -320 1088 ) (-1648 -320 1104 ) (-1648 0 1104 ) 
4 360 365 (-1312 -448 1408 ) (-1312 -512 1408 ) (-1440 -512 1408 ) (-1440 -448 1408 ) 
4 361 367 (-1312 -640 1408 ) (-1312 -704 1408 ) (-1376 -704 1408 ) (-1376 -640 1408 ) 
4 362 363 (-1536 -366 1280 ) (-1536 -366 1152 ) (-1344 -366 1152 ) (-1344 -366 1280 ) 
4 363 364 (-1536 -367 1280 ) (-1536 -367 1152 ) (-1344 -367 1152 ) (-1344 -367 1280 ) 
4 364 365 (-1344 -384 1280 ) (-1536 -384 1280 ) (-1536 -384 1152 ) (-1344 -384 1152 ) 
4 365 366 (-1312 -544 1152 ) (-1312 -544 1408 ) (-1504 -544 1408 ) (-1568 -544 1152 ) 
5 366 367 (-1312 -640 1136 ) (-1312 -640 1408 ) (-1504 -640 1408 ) (-1561.600220 -640 1177.599121 ) (-1566.222290 -640 1136 ) 
4 367 369 (-1312 -704 1136 ) (-1312 -704 1280 ) (-1550.222290 -704 1280 ) (-1566.222290 -704 1136 ) 
4 367 368 (-1312 -704 1280 ) (-1312 -704 1408 ) (-1536 -704 1408 ) (-1550.222290 -704 1280 ) 
4 368 369 (-1568 -736 1280 ) (-1568 -704 1280 ) (-1312 -704 1280 ) (-1312 -736 1280 ) 
