PRT1
322
856
4 0 61 (0 2592 116 ) (0 2592 58 ) (0 2328 58 ) (0 2328 116 ) 
4 0 55 (0 2328 512 ) (0 2592 512 ) (0 2592 116 ) (0 2328 116 ) 
4 0 12 (0 2328 58 ) (0 2592 58 ) (268 2592 58 ) (268 2328 58 ) 
4 0 9 (268 2592 58 ) (336 2592 58 ) (336 2328 58 ) (268 2328 58 ) 
4 0 4 (264 2328 58 ) (336 2328 58 ) (336 2328 154 ) (264 2328 154 ) 
4 0 7 (0 2328 58 ) (264 2328 58 ) (264 2328 154 ) (0 2328 154 ) 
4 0 2 (336 2328 154 ) (336 2328 186 ) (296 2328 186 ) (296 2328 154 ) 
4 0 1 (336 2328 186 ) (336 2328 512 ) (176 2328 512 ) (176 2328 186 ) 
4 0 3 (176 2328 512 ) (0 2328 512 ) (0 2328 154 ) (176 2328 154 ) 
4 1 2 (336 2136 186 ) (296 2136 186 ) (296 2328 186 ) (336 2328 186 ) 
4 1 3 (176 2328 512 ) (176 2328 186 ) (176 2136 186 ) (176 2136 512 ) 
4 1 8 (336 2136 186 ) (336 2136 512 ) (176 2136 512 ) (176 2136 186 ) 
4 2 5 (296 2196 154 ) (296 2268 154 ) (336 2268 154 ) (336 2196 154 ) 
4 2 6 (336 2136 154 ) (296 2136 154 ) (296 2196 154 ) (336 2196 154 ) 
4 2 4 (296 2268 154 ) (296 2328 154 ) (336 2328 154 ) (336 2268 154 ) 
4 2 8 (336 2136 154 ) (336 2136 186 ) (296 2136 186 ) (296 2136 154 ) 
4 3 56 (0 2136 512 ) (0 2328 512 ) (0 2328 154 ) (0 2136 154 ) 
4 3 7 (176 2136 154 ) (0 2136 154 ) (0 2328 154 ) (176 2328 154 ) 
4 3 8 (176 2136 512 ) (0 2136 512 ) (0 2136 154 ) (176 2136 154 ) 
4 4 12 (264 2328 58 ) (268 2328 58 ) (268 2268 58 ) (264 2268 58 ) 
4 4 9 (268 2328 58 ) (336 2328 58 ) (336 2268 58 ) (268 2268 58 ) 
4 4 5 (264 2268 154 ) (264 2268 62 ) (336 2268 62 ) (336 2268 154 ) 
4 4 7 (264 2268 154 ) (264 2328 154 ) (264 2328 58 ) (264 2268 58 ) 
4 5 6 (264 2196 154 ) (264 2196 62 ) (336 2196 62 ) (336 2196 154 ) 
4 5 7 (264 2196 154 ) (264 2268 154 ) (264 2268 62 ) (264 2196 62 ) 
4 6 13 (268 2136 58 ) (264 2136 58 ) (264 2196 58 ) (268 2196 58 ) 
4 6 11 (336 2196 58 ) (336 2136 58 ) (268 2136 58 ) (268 2196 58 ) 
4 6 8 (264 2136 58 ) (336 2136 58 ) (336 2136 154 ) (264 2136 154 ) 
4 6 7 (264 2136 58 ) (264 2136 154 ) (264 2196 154 ) (264 2196 58 ) 
4 7 66 (0 2268 58 ) (0 2136 58 ) (0 2136 116 ) (0 2268 116 ) 
4 7 61 (0 2328 116 ) (0 2328 58 ) (0 2268 58 ) (0 2268 116 ) 
4 7 56 (0 2328 154 ) (0 2328 116 ) (0 2136 116 ) (0 2136 154 ) 
4 7 14 (0 2136 58 ) (0 2268 58 ) (264 2268 58 ) (264 2136 58 ) 
4 7 12 (0 2268 58 ) (0 2328 58 ) (264 2328 58 ) (264 2268 58 ) 
4 7 8 (0 2136 58 ) (264 2136 58 ) (264 2136 154 ) (0 2136 154 ) 
4 8 66 (0 2048 58 ) (0 2048 116 ) (0 2136 116 ) (0 2136 58 ) 
4 8 60 (0 2048 116 ) (0 2048 512 ) (0 2136 512 ) (0 2136 116 ) 
4 8 22 (0 2048 512 ) (0 2048 58 ) (256 2048 58 ) (256 2048 512 ) 
4 8 19 (256 2048 58 ) (336 2048 58 ) (336 2048 512 ) (256 2048 512 ) 
4 8 13 (268 2048 58 ) (264 2048 58 ) (264 2136 58 ) (268 2136 58 ) 
4 8 14 (264 2048 58 ) (0 2048 58 ) (0 2136 58 ) (264 2136 58 ) 
4 8 11 (336 2048 58 ) (268 2048 58 ) (268 2136 58 ) (336 2136 58 ) 
4 9 15 (336 2592 -50 ) (336 2268 -50 ) (268 2268 -50 ) (268 2592 -50 ) 
4 9 12 (268 2592 -50 ) (268 2268 -50 ) (268 2268 58 ) (268 2592 58 ) 
4 11 20 (268 2048 -50 ) (336 2048 -50 ) (336 2048 0 ) (268 2048 0 ) 
4 11 19 (336 2048 0 ) (336 2048 58 ) (268 2048 58 ) (268 2048 0 ) 
4 11 17 (336 2196 -50 ) (336 2048 -50 ) (268 2048 -50 ) (268 2196 -50 ) 
4 11 13 (268 2196 -50 ) (268 2048 -50 ) (268 2048 58 ) (268 2196 58 ) 
4 12 65 (0 2592 20 ) (0 2592 -50 ) (0 2268 -50 ) (0 2268 20 ) 
4 12 61 (0 2268 58 ) (0 2592 58 ) (0 2592 20 ) (0 2268 20 ) 
4 12 15 (264 2592 -50 ) (268 2592 -50 ) (268 2268 -50 ) (264 2268 -50 ) 
4 12 18 (0 2268 -50 ) (0 2592 -50 ) (264 2592 -50 ) (264 2268 -50 ) 
4 12 14 (0 2268 -50 ) (264 2268 -50 ) (264 2268 58 ) (0 2268 58 ) 
4 13 20 (264 2048 -50 ) (268 2048 -50 ) (268 2048 0 ) (264 2048 0 ) 
4 13 19 (268 2048 0 ) (268 2048 58 ) (264 2048 58 ) (264 2048 0 ) 
4 13 17 (268 2196 -50 ) (268 2048 -50 ) (264 2048 -50 ) (264 2196 -50 ) 
4 13 14 (264 2196 -50 ) (264 2048 -50 ) (264 2048 58 ) (264 2196 58 ) 
4 14 69 (0 2048 -50 ) (0 2048 58 ) (0 2268 58 ) (0 2268 -50 ) 
4 14 22 (0 2048 58 ) (0 2048 -50 ) (256 2048 -50 ) (256 2048 58 ) 
4 14 20 (256 2048 -50 ) (264 2048 -50 ) (264 2048 0 ) (256 2048 0 ) 
4 14 19 (264 2048 0 ) (264 2048 58 ) (256 2048 58 ) (256 2048 0 ) 
4 14 18 (0 2048 -50 ) (0 2268 -50 ) (264 2268 -50 ) (264 2048 -50 ) 
4 15 16 (264 2268 -54 ) (264 2268 -256 ) (336 2268 -256 ) (336 2268 -54 ) 
4 15 18 (264 2592 -50 ) (264 2592 -256 ) (264 2268 -256 ) (264 2268 -50 ) 
4 16 17 (264 2196 -54 ) (264 2196 -256 ) (336 2196 -256 ) (336 2196 -54 ) 
4 16 18 (264 2268 -256 ) (264 2196 -256 ) (264 2196 -54 ) (264 2268 -54 ) 
4 17 20 (264 2048 -256 ) (336 2048 -256 ) (336 2048 -50 ) (264 2048 -50 ) 
4 17 18 (264 2196 -256 ) (264 2048 -256 ) (264 2048 -50 ) (264 2196 -50 ) 
4 18 75 (0 2048 -256 ) (0 2048 -54 ) (0 2268 -54 ) (0 2268 -256 ) 
4 18 73 (0 2048 -54 ) (0 2048 -50 ) (0 2268 -50 ) (0 2268 -54 ) 
4 18 65 (0 2268 -50 ) (0 2592 -50 ) (0 2592 -256 ) (0 2268 -256 ) 
4 18 27 (0 2048 -68 ) (0 2048 -256 ) (256 2048 -256 ) (256 2048 -68 ) 
4 18 22 (0 2048 -50 ) (0 2048 -68 ) (256 2048 -68 ) (256 2048 -50 ) 
4 18 20 (256 2048 -256 ) (264 2048 -256 ) (264 2048 -50 ) (256 2048 -50 ) 
4 19 23 (256 1728 512 ) (256 1928 512 ) (256 1928 0 ) (256 1728 0 ) 
4 19 22 (256 1928 512 ) (256 2048 512 ) (256 2048 0 ) (256 1928 0 ) 
4 19 20 (256 1728 0 ) (256 2048 0 ) (336 2048 0 ) (336 1728 0 ) 
4 20 27 (256 1728 -256 ) (256 1728 -68 ) (256 2048 -68 ) (256 2048 -256 ) 
4 20 23 (256 1728 -68 ) (256 1728 0 ) (256 1928 0 ) (256 1928 -68 ) 
4 20 22 (256 1928 0 ) (256 2048 0 ) (256 2048 -68 ) (256 1928 -68 ) 
4 21 172 (256 1024 8 ) (256 1024 0 ) (512 1024 0 ) (512 1024 8 ) 
4 21 163 (256 1024 192 ) (256 1024 8 ) (512 1024 8 ) (512 1024 192 ) 
4 21 148 (256 1024 256 ) (256 1024 192 ) (512 1024 192 ) (512 1024 256 ) 
4 21 135 (352 1024 512 ) (256 1024 512 ) (256 1024 256 ) (352 1024 256 ) 
4 21 134 (512 1024 512 ) (352 1024 512 ) (352 1024 256 ) (512 1024 256 ) 
4 21 51 (256 1024 0 ) (256 1024 2 ) (256 1152 2 ) (256 1152 0 ) 
4 21 50 (256 1024 2 ) (256 1024 256 ) (256 1152 256 ) (256 1152 2 ) 
4 21 39 (256 1024 256 ) (256 1024 512 ) (256 1152 512 ) (256 1152 256 ) 
4 22 104 (0 2048 0 ) (0 2048 -68 ) (0 1928 -68 ) (0 1928 0 ) 
4 22 85 (0 2048 128 ) (0 2048 0 ) (0 1928 0 ) (0 1928 128 ) 
4 22 81 (0 2048 256 ) (0 2048 128 ) (0 1928 128 ) (0 1928 256 ) 
4 22 76 (0 1928 512 ) (0 2048 512 ) (0 2048 256 ) (0 1928 256 ) 
4 22 27 (0 1928 -68 ) (0 2048 -68 ) (256 2048 -68 ) (256 1928 -68 ) 
4 22 23 (184 1928 -68 ) (256 1928 -68 ) (256 1928 512 ) (184 1928 512 ) 
4 22 25 (16 1928 -68 ) (112 1928 -68 ) (112 1928 512 ) (16 1928 512 ) 
4 23 28 (112 1728 128 ) (112 1728 0 ) (160 1728 0 ) (160 1728 128 ) 
5 23 27 (256 1728 -68 ) (112 1728 -68 ) (112 1883 -68 ) (184 1928 -68 ) (256 1928 -68 ) 
4 23 24 (152 1908 -68 ) (112 1883 -68 ) (112 1883 512 ) (152 1908 512 ) 
4 23 25 (112 1883 -68 ) (112 1728 -68 ) (112 1728 512 ) (112 1883 512 ) 
3 24 27 (112 1883 -68 ) (112 1896 -68 ) (152 1908 -68 ) 
4 24 25 (112 1896 -68 ) (112 1883 -68 ) (112 1883 512 ) (112 1896 512 ) 
4 25 28 (16 1728 128 ) (16 1728 0 ) (112 1728 0 ) (112 1728 128 ) 
4 25 27 (112 1728 -68 ) (16 1728 -68 ) (16 1928 -68 ) (112 1928 -68 ) 
4 25 26 (16 1896 -68 ) (16 1728 -68 ) (16 1728 512 ) (16 1896 512 ) 
4 26 106 (0 1893 0 ) (0 1900.800049 0 ) (0 1900.800049 -68 ) (0 1893 -68 ) 
4 26 105 (0 1728 -68 ) (0 1728 0 ) (0 1893 0 ) (0 1893 -68 ) 
4 26 87 (0 1893 128 ) (0 1900.800049 128 ) (0 1900.800049 0 ) (0 1893 0 ) 
4 26 86 (0 1728 0 ) (0 1728 128 ) (0 1893 128 ) (0 1893 0 ) 
4 26 83 (0 1893 256 ) (0 1900.800049 256 ) (0 1900.800049 128 ) (0 1893 128 ) 
4 26 82 (0 1728 128 ) (0 1728 256 ) (0 1893 256 ) (0 1893 128 ) 
4 26 78 (0 1893 512 ) (0 1900.800049 512 ) (0 1900.800049 256 ) (0 1893 256 ) 
4 26 77 (0 1728 256 ) (0 1728 512 ) (0 1893 512 ) (0 1893 256 ) 
4 26 28 (0 1728 128 ) (0 1728 0 ) (16 1728 0 ) (16 1728 128 ) 
4 26 27 (16 1728 -68 ) (0 1728 -68 ) (0 1900.800049 -68 ) (16 1896 -68 ) 
4 27 107 (0 1728 -256 ) (0 1728 -68 ) (0 1928 -68 ) (0 1928 -256 ) 
4 27 104 (0 1928 -68 ) (0 2048 -68 ) (0 2048 -256 ) (0 1928 -256 ) 
4 28 86 (0 1712 0 ) (0 1712 128 ) (0 1728 128 ) (0 1728 0 ) 
4 28 30 (0 1712 128 ) (0 1712 0 ) (128 1712 0 ) (128 1712 128 ) 
4 28 29 (128 1712 0 ) (160 1712 0 ) (160 1712 128 ) (128 1712 128 ) 
4 29 32 (128 1680 0 ) (128 1616 0 ) (128 1616 190 ) (128 1680 190 ) 
4 29 31 (128 1616 190 ) (128 1616 192 ) (128 1680 192 ) (128 1680 190 ) 
4 29 30 (128 1712 192 ) (128 1712 0 ) (128 1680 0 ) (128 1680 192 ) 
4 30 86 (0 1680 0 ) (0 1680 128 ) (0 1712 128 ) (0 1712 0 ) 
4 30 84 (0 1680 128 ) (0 1680 192 ) (0 1712 192 ) (0 1712 128 ) 
4 30 32 (0 1680 190 ) (0 1680 0 ) (128 1680 0 ) (128 1680 190 ) 
4 30 31 (0 1680 192 ) (0 1680 190 ) (128 1680 190 ) (128 1680 192 ) 
4 31 84 (0 1616 190 ) (0 1616 192 ) (0 1680 192 ) (0 1680 190 ) 
4 31 32 (0 1680 190 ) (128 1680 190 ) (128 1616 190 ) (0 1616 190 ) 
4 32 86 (0 1616 0 ) (0 1616 128 ) (0 1680 128 ) (0 1680 0 ) 
4 32 84 (0 1616 128 ) (0 1616 190 ) (0 1680 190 ) (0 1680 128 ) 
4 32 34 (128 1616 0 ) (128 1616 128 ) (0 1616 128 ) (0 1616 0 ) 
4 33 34 (128 1608 0 ) (128 1592 0 ) (128 1592 128 ) (128 1608 128 ) 
4 34 88 (0 1592 128 ) (0 1608 128 ) (0 1608 0 ) (0 1592 0 ) 
4 34 35 (0 1552 128 ) (0 1552 0 ) (128 1552 0 ) (128 1552 128 ) 
4 35 91 (0 1551 128 ) (0 1552 128 ) (0 1552 0 ) (0 1551 0 ) 
4 35 36 (0 1551 0 ) (160 1551 0 ) (160 1551 128 ) (0 1551 128 ) 
4 36 92 (0 1550 128 ) (0 1551 128 ) (0 1551 0 ) (0 1550 0 ) 
4 36 37 (0 1550 0 ) (160 1550 0 ) (160 1550 128 ) (0 1550 128 ) 
4 37 93 (0 1536 0 ) (0 1536 128 ) (0 1550 128 ) (0 1550 0 ) 
4 37 45 (160 1536 128 ) (0 1536 128 ) (0 1536 2 ) (160 1536 2 ) 
4 37 46 (0 1536 2 ) (0 1536 0 ) (160 1536 0 ) (160 1536 2 ) 
4 38 79 (0 1536 264 ) (0 1536 256 ) (0 1504 256 ) (0 1504 264 ) 
4 38 44 (0 1504 256 ) (0 1536 256 ) (252 1536 256 ) (252 1504 256 ) 
4 38 40 (252 1536 256 ) (256 1536 256 ) (256 1504 256 ) (252 1504 256 ) 
4 39 138 (256 1024 256 ) (256 1024 512 ) (0 1024 512 ) (0 1024 256 ) 
4 39 80 (0 1024 256 ) (0 1024 512 ) (0 1152 512 ) (0 1152 256 ) 
4 39 50 (0 1024 256 ) (0 1152 256 ) (256 1152 256 ) (256 1024 256 ) 
4 40 44 (252 1216 254 ) (252 1216 256 ) (252 1536 256 ) (252 1536 254 ) 
4 40 41 (256 1216 254 ) (252 1216 254 ) (252 1536 254 ) (256 1536 254 ) 
4 41 45 (252 1216 2 ) (252 1216 254 ) (252 1536 254 ) (252 1536 2 ) 
4 41 42 (256 1216 2 ) (252 1216 2 ) (252 1536 2 ) (256 1536 2 ) 
4 42 52 (256 1344 0 ) (256 1312 0 ) (252 1312 0 ) (252 1344 0 ) 
4 42 46 (252 1536 0 ) (252 1216 0 ) (252 1216 2 ) (252 1536 2 ) 
4 43 53 (256 1208 0 ) (256 1192 0 ) (252 1192 0 ) (252 1208 0 ) 
4 43 48 (252 1208 0 ) (252 1192 0 ) (252 1192 256 ) (252 1208 256 ) 
4 44 94 (0 1216 256 ) (0 1536 256 ) (0 1536 254 ) (0 1216 254 ) 
4 44 45 (252 1216 254 ) (0 1216 254 ) (0 1536 254 ) (252 1536 254 ) 
4 45 94 (0 1536 254 ) (0 1536 2 ) (0 1216 2 ) (0 1216 254 ) 
4 45 47 (252 1216 4 ) (252 1216 252 ) (0 1216 252 ) (0 1216 4 ) 
4 45 46 (252 1216 2 ) (0 1216 2 ) (0 1536 2 ) (252 1536 2 ) 
4 46 95 (0 1536 2 ) (0 1536 0 ) (0 1216 0 ) (0 1216 2 ) 
4 46 52 (252 1344 0 ) (252 1312 0 ) (0 1312 0 ) (0 1344 0 ) 
4 47 96 (0 1216 252 ) (0 1216 4 ) (0 1208 4 ) (0 1208 252 ) 
4 47 48 (252 1208 4 ) (252 1208 252 ) (0 1208 252 ) (0 1208 4 ) 
4 48 97 (0 1192 256 ) (0 1208 256 ) (0 1208 0 ) (0 1192 0 ) 
4 48 53 (252 1208 0 ) (252 1192 0 ) (0 1192 0 ) (0 1208 0 ) 
4 48 49 (252 1192 4 ) (252 1192 252 ) (0 1192 252 ) (0 1192 4 ) 
4 49 98 (0 1192 252 ) (0 1192 4 ) (0 1184 4 ) (0 1184 252 ) 
4 49 50 (252 1184 4 ) (252 1184 252 ) (0 1184 252 ) (0 1184 4 ) 
4 50 172 (256 1024 2 ) (256 1024 8 ) (0 1024 8 ) (0 1024 2 ) 
4 50 163 (256 1024 8 ) (256 1024 192 ) (0 1024 192 ) (0 1024 8 ) 
4 50 155 (0 1024 248 ) (0 1024 192 ) (192 1024 192 ) (192 1024 248 ) 
4 50 151 (190 1024 256 ) (0 1024 256 ) (0 1024 248 ) (190 1024 248 ) 
4 50 150 (192 1024 256 ) (190 1024 256 ) (190 1024 248 ) (192 1024 248 ) 
4 50 148 (256 1024 192 ) (256 1024 256 ) (192 1024 256 ) (192 1024 192 ) 
4 50 99 (0 1024 2 ) (0 1024 256 ) (0 1184 256 ) (0 1184 2 ) 
4 50 51 (0 1184 2 ) (256 1184 2 ) (256 1024 2 ) (0 1024 2 ) 
4 51 172 (256 1024 0 ) (256 1024 2 ) (0 1024 2 ) (0 1024 0 ) 
4 51 100 (0 1024 0 ) (0 1024 2 ) (0 1184 2 ) (0 1184 0 ) 
4 51 54 (256 1184 0 ) (256 1152 0 ) (0 1152 0 ) (0 1184 0 ) 
4 52 108 (0 1312 -8 ) (0 1312 0 ) (0 1344 0 ) (0 1344 -8 ) 
4 53 109 (0 1192 0 ) (0 1208 0 ) (0 1208 -160 ) (0 1192 -160 ) 
4 54 110 (0 1152 -8 ) (0 1152 0 ) (0 1184 0 ) (0 1184 -8 ) 
4 55 64 (-208 2328 116 ) (-208 2592 116 ) (-192 2592 116 ) (-192 2328 116 ) 
4 55 63 (-192 2592 116 ) (-16 2592 116 ) (-16 2328 116 ) (-192 2328 116 ) 
4 55 61 (-16 2592 116 ) (0 2592 116 ) (0 2328 116 ) (-16 2328 116 ) 
4 55 58 (-168 2328 186 ) (-208 2328 186 ) (-208 2328 154 ) (-168 2328 154 ) 
4 55 57 (-48 2328 186 ) (-48 2328 512 ) (-208 2328 512 ) (-208 2328 186 ) 
4 55 59 (-208 2328 116 ) (-48 2328 116 ) (-48 2328 154 ) (-208 2328 154 ) 
4 55 56 (-48 2328 116 ) (0 2328 116 ) (0 2328 512 ) (-48 2328 512 ) 
4 56 66 (0 2268 116 ) (0 2136 116 ) (-48 2136 116 ) (-48 2268 116 ) 
4 56 63 (-48 2328 116 ) (-16 2328 116 ) (-16 2268 116 ) (-48 2268 116 ) 
4 56 61 (-16 2328 116 ) (0 2328 116 ) (0 2268 116 ) (-16 2268 116 ) 
4 56 57 (-48 2328 512 ) (-48 2328 186 ) (-48 2136 186 ) (-48 2136 512 ) 
4 56 59 (-48 2328 154 ) (-48 2328 116 ) (-48 2136 116 ) (-48 2136 154 ) 
4 56 60 (-48 2136 116 ) (0 2136 116 ) (0 2136 512 ) (-48 2136 512 ) 
4 57 58 (-208 2328 186 ) (-168 2328 186 ) (-168 2136 186 ) (-208 2136 186 ) 
4 57 60 (-48 2136 186 ) (-48 2136 512 ) (-208 2136 512 ) (-208 2136 186 ) 
4 58 60 (-168 2136 186 ) (-208 2136 186 ) (-208 2136 154 ) (-168 2136 154 ) 
4 58 59 (-208 2328 154 ) (-168 2328 154 ) (-168 2136 154 ) (-208 2136 154 ) 
4 59 67 (-208 2196 116 ) (-208 2268 116 ) (-136 2268 116 ) (-136 2196 116 ) 
4 59 68 (-208 2136 116 ) (-208 2196 116 ) (-136 2196 116 ) (-136 2136 116 ) 
4 59 66 (-136 2268 116 ) (-48 2268 116 ) (-48 2136 116 ) (-136 2136 116 ) 
4 59 64 (-208 2268 116 ) (-208 2328 116 ) (-192 2328 116 ) (-192 2268 116 ) 
4 59 63 (-192 2328 116 ) (-48 2328 116 ) (-48 2268 116 ) (-192 2268 116 ) 
4 59 60 (-208 2136 116 ) (-48 2136 116 ) (-48 2136 154 ) (-208 2136 154 ) 
4 60 111 (-128 2048 512 ) (-208 2048 512 ) (-208 2048 116 ) (-128 2048 116 ) 
4 60 89 (-32 2048 256 ) (-128 2048 256 ) (-128 2048 116 ) (-32 2048 116 ) 
4 60 85 (0 2048 116 ) (0 2048 128 ) (-32 2048 128 ) (-32 2048 116 ) 
4 60 81 (0 2048 128 ) (0 2048 256 ) (-32 2048 256 ) (-32 2048 128 ) 
4 60 76 (0 2048 256 ) (0 2048 512 ) (-128 2048 512 ) (-128 2048 256 ) 
4 60 68 (-136 2048 116 ) (-208 2048 116 ) (-208 2136 116 ) (-136 2136 116 ) 
4 60 66 (0 2048 116 ) (-136 2048 116 ) (-136 2136 116 ) (0 2136 116 ) 
4 61 69 (-16 2268 58 ) (-16 2268 20 ) (0 2268 20 ) (0 2268 58 ) 
4 61 66 (0 2268 116 ) (-16 2268 116 ) (-16 2268 58 ) (0 2268 58 ) 
4 61 65 (0 2268 20 ) (-16 2268 20 ) (-16 2592 20 ) (0 2592 20 ) 
4 61 63 (-16 2592 20 ) (-16 2268 20 ) (-16 2268 116 ) (-16 2592 116 ) 
4 63 69 (-136 2268 20 ) (-16 2268 20 ) (-16 2268 58 ) (-136 2268 58 ) 
4 63 67 (-136 2268 116 ) (-192 2268 116 ) (-192 2268 62 ) (-136 2268 62 ) 
4 63 66 (-16 2268 116 ) (-136 2268 116 ) (-136 2268 58 ) (-16 2268 58 ) 
4 63 65 (-16 2268 20 ) (-192 2268 20 ) (-192 2592 20 ) (-16 2592 20 ) 
4 63 64 (-192 2592 20 ) (-192 2268 20 ) (-192 2268 116 ) (-192 2592 116 ) 
4 64 67 (-192 2268 116 ) (-208 2268 116 ) (-208 2268 62 ) (-192 2268 62 ) 
4 64 65 (-192 2268 20 ) (-208 2268 20 ) (-208 2592 20 ) (-192 2592 20 ) 
4 65 75 (-208 2268 -54 ) (-208 2268 -256 ) (0 2268 -256 ) (0 2268 -54 ) 
4 65 73 (-136 2268 -54 ) (0 2268 -54 ) (0 2268 -50 ) (-136 2268 -50 ) 
4 65 69 (-136 2268 -50 ) (0 2268 -50 ) (0 2268 20 ) (-136 2268 20 ) 
4 66 111 (-128 2048 116 ) (-136 2048 116 ) (-136 2048 58 ) (-128 2048 58 ) 
4 66 89 (-32 2048 116 ) (-128 2048 116 ) (-128 2048 58 ) (-32 2048 58 ) 
4 66 85 (0 2048 58 ) (0 2048 116 ) (-32 2048 116 ) (-32 2048 58 ) 
4 66 69 (-136 2268 58 ) (0 2268 58 ) (0 2048 58 ) (-136 2048 58 ) 
4 66 67 (-136 2268 116 ) (-136 2268 62 ) (-136 2196 62 ) (-136 2196 116 ) 
4 66 68 (-136 2196 58 ) (-136 2048 58 ) (-136 2048 116 ) (-136 2196 116 ) 
4 67 68 (-136 2196 62 ) (-136 2196 116 ) (-208 2196 116 ) (-208 2196 62 ) 
4 68 111 (-136 2048 116 ) (-208 2048 116 ) (-208 2048 58 ) (-136 2048 58 ) 
4 68 72 (-208 2048 58 ) (-208 2196 58 ) (-140 2196 58 ) (-140 2048 58 ) 
4 68 70 (-140 2196 58 ) (-136 2196 58 ) (-136 2048 58 ) (-140 2048 58 ) 
4 69 112 (-136 2048 0 ) (-136 2048 -50 ) (-128 2048 -50 ) (-128 2048 0 ) 
4 69 111 (-128 2048 58 ) (-136 2048 58 ) (-136 2048 0 ) (-128 2048 0 ) 
4 69 104 (0 2048 -50 ) (0 2048 0 ) (-128 2048 0 ) (-128 2048 -50 ) 
4 69 89 (-32 2048 58 ) (-128 2048 58 ) (-128 2048 0 ) (-32 2048 0 ) 
4 69 85 (0 2048 0 ) (0 2048 58 ) (-32 2048 58 ) (-32 2048 0 ) 
4 69 73 (0 2048 -50 ) (-136 2048 -50 ) (-136 2268 -50 ) (0 2268 -50 ) 
4 69 70 (-136 2196 -50 ) (-136 2048 -50 ) (-136 2048 58 ) (-136 2196 58 ) 
4 70 112 (-140 2048 0 ) (-140 2048 -50 ) (-136 2048 -50 ) (-136 2048 0 ) 
4 70 111 (-136 2048 58 ) (-140 2048 58 ) (-140 2048 0 ) (-136 2048 0 ) 
4 70 74 (-136 2048 -50 ) (-140 2048 -50 ) (-140 2196 -50 ) (-136 2196 -50 ) 
4 70 72 (-140 2196 -50 ) (-140 2048 -50 ) (-140 2048 58 ) (-140 2196 58 ) 
4 72 112 (-208 2048 0 ) (-208 2048 -50 ) (-140 2048 -50 ) (-140 2048 0 ) 
4 72 111 (-140 2048 58 ) (-208 2048 58 ) (-208 2048 0 ) (-140 2048 0 ) 
4 72 74 (-140 2048 -50 ) (-208 2048 -50 ) (-208 2196 -50 ) (-140 2196 -50 ) 
4 73 112 (-128 2048 -50 ) (-136 2048 -50 ) (-136 2048 -54 ) (-128 2048 -54 ) 
4 73 104 (0 2048 -54 ) (0 2048 -50 ) (-128 2048 -50 ) (-128 2048 -54 ) 
4 73 75 (-136 2268 -54 ) (0 2268 -54 ) (0 2048 -54 ) (-136 2048 -54 ) 
4 73 74 (-136 2196 -54 ) (-136 2048 -54 ) (-136 2048 -50 ) (-136 2196 -50 ) 
4 74 112 (-136 2048 -50 ) (-208 2048 -50 ) (-208 2048 -54 ) (-136 2048 -54 ) 
4 74 75 (-208 2048 -54 ) (-208 2196 -54 ) (-136 2196 -54 ) (-136 2048 -54 ) 
4 75 112 (-128 2048 -54 ) (-208 2048 -54 ) (-208 2048 -256 ) (-128 2048 -256 ) 
4 75 104 (0 2048 -256 ) (0 2048 -54 ) (-128 2048 -54 ) (-128 2048 -256 ) 
4 76 111 (-128 2048 512 ) (-128 2048 256 ) (-128 1928 256 ) (-128 1928 512 ) 
4 76 89 (-128 1928 256 ) (-128 2048 256 ) (-32 2048 256 ) (-32 1928 256 ) 
4 76 81 (-32 2048 256 ) (0 2048 256 ) (0 1928 256 ) (-32 1928 256 ) 
4 76 77 (-128 1928 256 ) (-56 1928 256 ) (-56 1928 512 ) (-128 1928 512 ) 
4 77 111 (-128 1928 256 ) (-128 1728 256 ) (-128 1728 512 ) (-128 1928 512 ) 
5 77 90 (-128 1728 256 ) (-128 1928 256 ) (-56 1928 256 ) (-32 1913 256 ) (-32 1728 256 ) 
4 77 82 (-32 1913 256 ) (0 1893 256 ) (0 1728 256 ) (-32 1728 256 ) 
4 77 78 (0 1892.997559 256 ) (-24.007612 1908.002319 256 ) (-24.007610 1908.002319 512 ) (0 1892.997559 512 ) 
3 78 83 (0 1900.799927 256 ) (0 1893 256 ) (-24 1908 256 ) 
4 79 94 (-128 1504 256 ) (-128 1536 256 ) (0 1536 256 ) (0 1504 256 ) 
4 80 209 (0 1024 256 ) (0 1024 512 ) (-128 1024 512 ) (-128 1024 256 ) 
4 80 113 (-128 1152 256 ) (-128 1024 256 ) (-128 1024 512 ) (-128 1152 512 ) 
4 80 102 (-124 1024 256 ) (-128 1024 256 ) (-128 1152 256 ) (-124 1152 256 ) 
4 80 99 (0 1024 256 ) (-124 1024 256 ) (-124 1152 256 ) (0 1152 256 ) 
4 81 89 (-32 1928 256 ) (-32 2048 256 ) (-32 2048 128 ) (-32 1928 128 ) 
4 81 85 (-32 1928 128 ) (-32 2048 128 ) (0 2048 128 ) (0 1928 128 ) 
4 82 90 (-32 1728 256 ) (-32 1913 256 ) (-32 1913 128 ) (-32 1728 128 ) 
4 82 86 (-32 1728 128 ) (-32 1913 128 ) (0 1893 128 ) (0 1728 128 ) 
4 82 83 (0 1892.997559 128 ) (-24.007450 1908.002197 128 ) (-24.007450 1908.002197 256 ) (0 1892.997559 256 ) 
3 83 87 (0 1900.799927 128 ) (0 1893 128 ) (-24 1908 128 ) 
4 84 86 (-32 1616 128 ) (-32 1712 128 ) (0 1712 128 ) (0 1616 128 ) 
4 85 104 (-32 2048 0 ) (0 2048 0 ) (0 1928 0 ) (-32 1928 0 ) 
4 85 89 (-32 2048 0 ) (-32 1928 0 ) (-32 1928 128 ) (-32 2048 128 ) 
4 86 105 (0 1893 0 ) (0 1728 0 ) (-32 1728 0 ) (-32 1913 0 ) 
4 86 90 (-32 1913 0 ) (-32 1728 0 ) (-32 1728 128 ) (-32 1913 128 ) 
4 86 87 (0 1892.997559 0 ) (-24.007450 1908.002197 0 ) (-24.007450 1908.002197 128 ) (0 1892.997559 128 ) 
3 87 106 (0 1900.799927 0 ) (0 1893 0 ) (-24 1908 0 ) 
4 89 111 (-128 2048 256 ) (-128 2048 0 ) (-128 1928 0 ) (-128 1928 256 ) 
4 89 104 (-128 1928 0 ) (-128 2048 0 ) (-32 2048 0 ) (-32 1928 0 ) 
4 89 90 (-128 1928 0 ) (-56 1928 0 ) (-56 1928 256 ) (-128 1928 256 ) 
4 90 111 (-128 1928 0 ) (-128 1728 0 ) (-128 1728 256 ) (-128 1928 256 ) 
5 90 105 (-128 1728 0 ) (-128 1928 0 ) (-56 1928 0 ) (-32 1913 0 ) (-32 1728 0 ) 
4 91 92 (0 1551 128 ) (-32 1551 128 ) (-32 1551 0 ) (0 1551 0 ) 
4 92 93 (0 1550 128 ) (-32 1550 128 ) (-32 1550 0 ) (0 1550 0 ) 
4 93 95 (-32 1536 0 ) (0 1536 0 ) (0 1536 2 ) (-32 1536 2 ) 
4 93 94 (0 1536 2 ) (0 1536 128 ) (-32 1536 128 ) (-32 1536 2 ) 
4 94 96 (0 1216 4 ) (0 1216 252 ) (-124 1216 252 ) (-124 1216 4 ) 
4 94 95 (0 1216 2 ) (-128 1216 2 ) (-128 1536 2 ) (0 1536 2 ) 
4 95 108 (-128 1312 0 ) (-128 1344 0 ) (0 1344 0 ) (0 1312 0 ) 
4 96 97 (-124 1208 252 ) (-124 1208 4 ) (0 1208 4 ) (0 1208 252 ) 
4 97 109 (0 1208 0 ) (0 1192 0 ) (-124 1192 0 ) (-124 1208 0 ) 
4 97 101 (-124 1208 0 ) (-124 1192 0 ) (-124 1192 256 ) (-124 1208 256 ) 
4 97 98 (-124 1192 252 ) (-124 1192 4 ) (0 1192 4 ) (0 1192 252 ) 
4 98 99 (-124 1184 252 ) (-124 1184 4 ) (0 1184 4 ) (0 1184 252 ) 
4 99 235 (0 1024 2 ) (0 1024 192 ) (-124 1024 192 ) (-124 1024 2 ) 
4 99 233 (-64 1024 256 ) (-124 1024 256 ) (-124 1024 192 ) (-64 1024 192 ) 
4 99 231 (0 1024 192 ) (0 1024 248 ) (-64 1024 248 ) (-64 1024 192 ) 
4 99 226 (0 1024 248 ) (0 1024 256 ) (-63 1024 256 ) (-63 1024 248 ) 
4 99 230 (-63 1024 256 ) (-64 1024 256 ) (-64 1024 248 ) (-63 1024 248 ) 
4 99 102 (-124 1024 2 ) (-124 1024 256 ) (-124 1184 256 ) (-124 1184 2 ) 
4 99 100 (-124 1024 2 ) (-124 1184 2 ) (0 1184 2 ) (0 1024 2 ) 
4 100 235 (0 1024 0 ) (0 1024 2 ) (-124 1024 2 ) (-124 1024 0 ) 
4 100 110 (0 1184 0 ) (0 1152 0 ) (-124 1152 0 ) (-124 1184 0 ) 
4 100 103 (-124 1184 0 ) (-124 1024 0 ) (-124 1024 2 ) (-124 1184 2 ) 
4 101 109 (-128 1192 0 ) (-128 1208 0 ) (-124 1208 0 ) (-124 1192 0 ) 
4 102 235 (-128 1024 192 ) (-128 1024 2 ) (-124 1024 2 ) (-124 1024 192 ) 
4 102 233 (-124 1024 256 ) (-128 1024 256 ) (-128 1024 192 ) (-124 1024 192 ) 
4 102 113 (-128 1024 2 ) (-128 1024 256 ) (-128 1152 256 ) (-128 1152 2 ) 
4 102 103 (-128 1024 2 ) (-128 1184 2 ) (-124 1184 2 ) (-124 1024 2 ) 
4 103 235 (-128 1024 2 ) (-128 1024 0 ) (-124 1024 0 ) (-124 1024 2 ) 
4 103 113 (-128 1152 0 ) (-128 1024 0 ) (-128 1024 2 ) (-128 1152 2 ) 
4 103 110 (-128 1152 0 ) (-128 1184 0 ) (-124 1184 0 ) (-124 1152 0 ) 
4 104 112 (-128 2048 0 ) (-128 2048 -256 ) (-128 1928 -256 ) (-128 1928 0 ) 
4 104 105 (-56 1928 0 ) (-128 1928 0 ) (-128 1928 -68 ) (-56 1928 -68 ) 
4 104 107 (-128 1928 -256 ) (0 1928 -256 ) (0 1928 -68 ) (-128 1928 -68 ) 
4 105 112 (-128 1728 -68 ) (-128 1728 0 ) (-128 1928 0 ) (-128 1928 -68 ) 
4 105 106 (0 1892.997559 -68 ) (-24.007612 1908.002319 -68 ) (-24.007610 1908.002319 0 ) (0 1892.997559 0 ) 
5 105 107 (0 1728 -68 ) (-128 1728 -68 ) (-128 1928 -68 ) (-56 1928 -68 ) (0 1893 -68 ) 
3 106 107 (0 1900.799927 -68 ) (0 1893 -68 ) (-24 1908 -68 ) 
4 107 112 (-128 1928 -256 ) (-128 1728 -256 ) (-128 1728 -68 ) (-128 1928 -68 ) 
4 111 112 (-208 2048 0 ) (-128 2048 0 ) (-128 1728 0 ) (-208 1728 0 ) 
4 113 235 (-128 1024 0 ) (-128 1024 192 ) (-320 1024 192 ) (-320 1024 0 ) 
4 113 233 (-128 1024 192 ) (-128 1024 256 ) (-320 1024 256 ) (-320 1024 192 ) 
4 113 209 (-128 1024 256 ) (-128 1024 512 ) (-320 1024 512 ) (-320 1024 256 ) 
4 117 118 (784 512 256 ) (784 512 384 ) (784 768 384 ) (784 768 256 ) 
4 118 134 (768 768 256 ) (768 512 256 ) (768 512 384 ) (768 768 384 ) 
4 119 122 (128 576 832 ) (128 576 720 ) (128 320 720 ) (128 320 832 ) 
4 119 121 (128 320 832 ) (128 320 720 ) (496 320 720 ) (496 320 832 ) 
4 120 131 (384 384 528 ) (384 320 528 ) (128 320 528 ) (128 384 528 ) 
4 120 130 (128 576 528 ) (192 576 528 ) (192 384 528 ) (128 384 528 ) 
4 120 129 (192 576 528 ) (384 576 528 ) (384 384 528 ) (192 384 528 ) 
4 120 127 (496 448 528 ) (496 320 528 ) (384 320 528 ) (384 448 528 ) 
4 120 124 (384 576 528 ) (496 576 528 ) (496 448 528 ) (384 448 528 ) 
4 120 122 (128 576 704 ) (128 576 528 ) (128 320 528 ) (128 320 704 ) 
4 120 121 (128 320 704 ) (128 320 528 ) (496 320 528 ) (496 320 704 ) 
4 121 193 (128 0 528 ) (496 0 528 ) (496 0 832 ) (128 0 832 ) 
4 121 131 (128 256 528 ) (128 320 528 ) (384 320 528 ) (384 256 528 ) 
4 121 132 (384 0 528 ) (128 0 528 ) (128 256 528 ) (384 256 528 ) 
4 121 127 (496 320 528 ) (496 0 528 ) (384 0 528 ) (384 320 528 ) 
4 121 122 (128 320 528 ) (128 0 528 ) (128 0 832 ) (128 320 832 ) 
4 122 193 (112 0 528 ) (128 0 528 ) (128 0 832 ) (112 0 832 ) 
4 123 134 (768 896 512 ) (768 576 512 ) (384 576 512 ) (384 896 512 ) 
4 123 128 (384 896 520 ) (384 896 512 ) (384 576 512 ) (384 576 520 ) 
4 123 126 (384 576 520 ) (384 576 512 ) (512 576 512 ) (512 576 520 ) 
4 123 125 (512 576 512 ) (608 576 512 ) (608 576 520 ) (512 576 520 ) 
4 124 129 (384 448 520 ) (384 448 528 ) (384 576 528 ) (384 576 520 ) 
4 124 127 (384 448 528 ) (384 448 520 ) (512 448 520 ) (512 448 528 ) 
4 124 126 (384 576 520 ) (512 576 520 ) (512 448 520 ) (384 448 520 ) 
4 125 134 (608 448 512 ) (512 448 512 ) (512 576 512 ) (608 576 512 ) 
4 125 126 (512 448 512 ) (512 448 520 ) (512 576 520 ) (512 576 512 ) 
4 126 134 (512 448 512 ) (384 448 512 ) (384 576 512 ) (512 576 512 ) 
4 126 129 (384 576 512 ) (384 448 512 ) (384 448 520 ) (384 576 520 ) 
4 126 127 (384 448 520 ) (384 448 512 ) (512 448 512 ) (512 448 520 ) 
4 127 139 (512 0 512 ) (384 0 512 ) (384 416 512 ) (512 416 512 ) 
4 127 134 (384 416 512 ) (384 448 512 ) (512 448 512 ) (512 416 512 ) 
4 127 131 (384 256 520 ) (384 256 528 ) (384 384 528 ) (384 384 520 ) 
4 127 132 (384 256 512 ) (384 0 512 ) (384 0 528 ) (384 256 528 ) 
4 127 129 (384 448 512 ) (384 384 512 ) (384 384 528 ) (384 448 528 ) 
4 128 135 (256 896 512 ) (352 896 512 ) (352 576 512 ) (256 576 512 ) 
4 128 134 (352 896 512 ) (384 896 512 ) (384 576 512 ) (352 576 512 ) 
4 128 138 (128 576 512 ) (128 896 512 ) (256 896 512 ) (256 576 512 ) 
4 128 133 (128 896 520 ) (128 896 512 ) (128 576 512 ) (128 576 520 ) 
4 128 129 (192 576 512 ) (384 576 512 ) (384 576 520 ) (192 576 520 ) 
4 129 143 (256 384 512 ) (192 384 512 ) (192 416 512 ) (256 416 512 ) 
4 129 140 (256 412 512 ) (256 416 512 ) (320 416 512 ) (320 412 512 ) 
4 129 142 (320 384 512 ) (256 384 512 ) (256 412 512 ) (320 412 512 ) 
4 129 139 (384 416 512 ) (384 384 512 ) (320 384 512 ) (320 416 512 ) 
4 129 136 (352 448 512 ) (352 416 512 ) (256 416 512 ) (256 448 512 ) 
4 129 135 (256 576 512 ) (352 576 512 ) (352 448 512 ) (256 448 512 ) 
4 129 134 (352 576 512 ) (384 576 512 ) (384 416 512 ) (352 416 512 ) 
4 129 138 (192 576 512 ) (256 576 512 ) (256 416 512 ) (192 416 512 ) 
4 129 131 (384 384 520 ) (384 384 528 ) (192 384 528 ) (192 384 520 ) 
4 129 130 (192 576 528 ) (192 576 520 ) (192 384 520 ) (192 384 528 ) 
4 130 131 (128 384 528 ) (128 384 520 ) (192 384 520 ) (192 384 528 ) 
4 131 132 (128 256 528 ) (128 256 520 ) (384 256 520 ) (384 256 528 ) 
4 132 147 (256 0 512 ) (128 0 512 ) (128 256 512 ) (256 256 512 ) 
4 132 142 (320 0 512 ) (256 0 512 ) (256 256 512 ) (320 256 512 ) 
4 132 139 (384 0 512 ) (320 0 512 ) (320 256 512 ) (384 256 512 ) 
4 133 138 (0 576 512 ) (0 896 512 ) (128 896 512 ) (128 576 512 ) 
4 134 156 (768 576 256 ) (768 416 256 ) (512 416 256 ) (512 576 256 ) 
4 134 149 (768 640 256 ) (768 576 256 ) (512 576 256 ) (512 640 256 ) 
4 134 148 (352 1024 256 ) (768 1024 256 ) (768 640 256 ) (352 640 256 ) 
4 134 139 (352 416 256 ) (768 416 256 ) (768 416 512 ) (352 416 512 ) 
4 134 136 (352 416 456 ) (352 416 512 ) (352 448 512 ) (352 448 456 ) 
4 134 137 (352 448 256 ) (352 416 256 ) (352 416 448 ) (352 448 448 ) 
4 134 135 (352 1024 256 ) (352 448 256 ) (352 448 512 ) (352 1024 512 ) 
4 135 148 (256 1024 256 ) (352 1024 256 ) (352 640 256 ) (256 640 256 ) 
4 135 136 (256 448 512 ) (256 448 456 ) (352 448 456 ) (352 448 512 ) 
4 135 137 (256 448 448 ) (256 448 256 ) (352 448 256 ) (352 448 448 ) 
4 135 138 (256 1024 256 ) (256 448 256 ) (256 448 512 ) (256 1024 512 ) 
4 136 140 (320 416 512 ) (256 416 512 ) (256 416 456 ) (320 416 456 ) 
4 136 139 (352 416 456 ) (352 416 512 ) (320 416 512 ) (320 416 456 ) 
4 136 138 (256 416 456 ) (256 416 512 ) (256 448 512 ) (256 448 456 ) 
4 137 141 (256 416 256 ) (320 416 256 ) (320 416 320 ) (256 416 320 ) 
4 137 139 (320 416 256 ) (352 416 256 ) (352 416 448 ) (320 416 448 ) 
4 137 138 (256 448 256 ) (256 416 256 ) (256 416 448 ) (256 448 448 ) 
4 138 209 (0 1024 512 ) (0 1024 256 ) (0 416 256 ) (0 416 512 ) 
4 138 152 (0 608 256 ) (0 862 256 ) (190 862 256 ) (190 608 256 ) 
4 138 151 (0 862 256 ) (0 1024 256 ) (190 1024 256 ) (190 862 256 ) 
4 138 150 (190 1024 256 ) (192 1024 256 ) (192 608 256 ) (190 608 256 ) 
4 138 148 (192 1024 256 ) (256 1024 256 ) (256 640 256 ) (192 640 256 ) 
4 138 146 (256 416 401.142212 ) (256 416 434.250671 ) (187.863708 416 416 ) (195.864151 416 385.034302 ) 
4 138 145 (225.069611 416 256 ) (256 416 256 ) (256 416 401.142212 ) (192 416 384 ) 
4 138 144 (0 416 256 ) (225.069611 416 256 ) (184 416 414.966003 ) (0 416 365.683167 ) 
4 138 143 (256 416 434.250671 ) (256 416 512 ) (0 416 512 ) (0 416 365.683167 ) 
4 139 194 (320 0 256 ) (512 0 256 ) (512 0 512 ) (320 0 512 ) 
4 139 192 (512 0 256 ) (768 0 256 ) (768 0 512 ) (512 0 512 ) 
4 139 158 (768 384 256 ) (768 0 256 ) (320 0 256 ) (320 384 256 ) 
4 139 156 (512 416 256 ) (768 416 256 ) (768 384 256 ) (512 384 256 ) 
4 139 141 (320 416 320 ) (320 416 256 ) (320 412 256 ) (320 412 320 ) 
4 139 140 (320 416 512 ) (320 416 448 ) (320 412 448 ) (320 412 512 ) 
4 139 142 (320 412 256 ) (320 0 256 ) (320 0 512 ) (320 412 512 ) 
4 140 143 (256 416 512 ) (256 416 448 ) (256 412 448 ) (256 412 512 ) 
4 140 142 (256 412 512 ) (256 412 448 ) (320 412 448 ) (320 412 512 ) 
4 141 145 (256 416 320 ) (256 416 256 ) (256 412 256 ) (256 412 320 ) 
4 141 142 (256 412 320 ) (256 412 256 ) (320 412 256 ) (320 412 320 ) 
4 142 194 (256 0 256 ) (320 0 256 ) (320 0 512 ) (256 0 512 ) 
4 142 158 (320 384 256 ) (320 0 256 ) (256 0 256 ) (256 384 256 ) 
4 142 146 (256 384 401.142944 ) (256 384 434.249908 ) (256 412 434.250580 ) (256 412 401.142242 ) 
4 142 145 (256 412 256 ) (256 384 256 ) (256 384 401.142944 ) (256 412 401.142242 ) 
4 142 143 (256 384 434.249908 ) (256 384 512 ) (256 412 512 ) (256 412 434.250580 ) 
4 142 147 (256 384 256 ) (256 0 256 ) (256 0 512 ) (256 384 512 ) 
4 143 209 (0 384 365.682434 ) (0 384 512 ) (0 416 512 ) (0 416 365.683167 ) 
4 143 146 (256 384 434.250000 ) (187.863907 384 416 ) (187.863724 416 416 ) (256 416 434.250732 ) 
4 143 144 (183.998947 384 414.965118 ) (0 384 365.682526 ) (0 416 365.682861 ) (184 416 414.965942 ) 
4 143 147 (256 384 434.249908 ) (256 384 512 ) (0 384 512 ) (0 384 365.682434 ) 
4 144 209 (0 416 256 ) (0 384 256 ) (0 384 365.682434 ) (0 416 365.683167 ) 
4 144 145 (191.998245 384 384 ) (225.067719 384 256 ) (225.068756 416 256 ) (192 416 384 ) 
4 144 147 (0 384 256 ) (225.068573 384 256 ) (183.998962 384 414.965027 ) (0 384 365.682434 ) 
4 145 146 (195.864059 384 385.034729 ) (256 384 401.142639 ) (256 416 401.141907 ) (195.864212 416 385.034027 ) 
4 145 147 (225.068573 384 256 ) (256 384 256 ) (256 384 401.142944 ) (192 384 384 ) 
4 146 147 (256 384 401.142944 ) (256 384 434.249908 ) (187.863922 384 416 ) (195.863983 384 385.034973 ) 
4 147 213 (0 384 256 ) (0 0 256 ) (0 0 512 ) (0 384 512 ) 
4 147 199 (2 0 256 ) (126 0 256 ) (126 0 512 ) (2 0 512 ) 
4 147 198 (126 0 256 ) (224 0 256 ) (224 0 512 ) (126 0 512 ) 
4 147 203 (0 0 512 ) (0 0 256 ) (2 0 256 ) (2 0 512 ) 
4 147 197 (224 0 256 ) (256 0 256 ) (256 0 512 ) (224 0 512 ) 
4 147 159 (2 384 256 ) (126 384 256 ) (126 0 256 ) (2 0 256 ) 
4 147 158 (126 384 256 ) (256 384 256 ) (256 0 256 ) (126 0 256 ) 
4 147 162 (0 0 256 ) (0 384 256 ) (2 384 256 ) (2 0 256 ) 
4 148 163 (192 1024 192 ) (768 1024 192 ) (768 640 192 ) (192 640 192 ) 
4 148 155 (192 1024 192 ) (192 640 192 ) (192 640 248 ) (192 1024 248 ) 
4 148 150 (192 640 248 ) (192 640 256 ) (192 1024 256 ) (192 1024 248 ) 
4 148 149 (512 640 192 ) (768 640 192 ) (768 640 256 ) (512 640 256 ) 
4 149 173 (768 640 192 ) (768 576 192 ) (512 576 192 ) (512 640 192 ) 
4 149 156 (512 576 192 ) (768 576 192 ) (768 576 256 ) (512 576 256 ) 
4 150 155 (192 1024 248 ) (192 640 248 ) (190 640 248 ) (190 1024 248 ) 
4 150 153 (190 608 254 ) (190 608 255 ) (190 862 255 ) (190 862 254 ) 
4 150 152 (190 608 255 ) (190 608 256 ) (190 862 256 ) (190 862 255 ) 
4 150 154 (190 862 248 ) (190 608 248 ) (190 608 254 ) (190 862 254 ) 
4 150 151 (190 1024 248 ) (190 862 248 ) (190 862 256 ) (190 1024 256 ) 
4 151 226 (0 1024 256 ) (0 1024 248 ) (0 862 248 ) (0 862 256 ) 
4 151 155 (0 862 248 ) (0 1024 248 ) (190 1024 248 ) (190 862 248 ) 
4 151 153 (190 862 254 ) (190 862 255 ) (0 862 255 ) (0 862 254 ) 
4 151 152 (190 862 255 ) (190 862 256 ) (0 862 256 ) (0 862 255 ) 
4 151 154 (0 862 248 ) (190 862 248 ) (190 862 254 ) (0 862 254 ) 
4 152 227 (0 608 255 ) (0 608 256 ) (0 862 256 ) (0 862 255 ) 
4 152 153 (0 862 255 ) (190 862 255 ) (190 608 255 ) (0 608 255 ) 
4 153 228 (0 608 254 ) (0 608 255 ) (0 862 255 ) (0 862 254 ) 
4 153 154 (0 862 254 ) (190 862 254 ) (190 608 254 ) (0 608 254 ) 
4 154 229 (0 862 248 ) (0 608 248 ) (0 608 254 ) (0 862 254 ) 
4 154 155 (0 640 248 ) (0 862 248 ) (190 862 248 ) (190 640 248 ) 
4 155 231 (0 1024 248 ) (0 1024 192 ) (0 640 192 ) (0 640 248 ) 
4 155 163 (0 640 192 ) (0 1024 192 ) (192 1024 192 ) (192 640 192 ) 
4 156 173 (512 576 192 ) (768 576 192 ) (768 384 192 ) (512 384 192 ) 
4 156 158 (512 384 192 ) (768 384 192 ) (768 384 256 ) (512 384 256 ) 
4 157 175 (160 576 192 ) (192 576 192 ) (192 448 192 ) (160 448 192 ) 
4 158 198 (126 0 192 ) (224 0 192 ) (224 0 256 ) (126 0 256 ) 
4 158 197 (224 0 192 ) (256 0 192 ) (256 0 256 ) (224 0 256 ) 
4 158 194 (256 0 192 ) (512 0 192 ) (512 0 256 ) (256 0 256 ) 
4 158 192 (512 0 192 ) (768 0 192 ) (768 0 256 ) (512 0 256 ) 
4 158 180 (224 64 192 ) (224 0 192 ) (126 0 192 ) (126 64 192 ) 
4 158 179 (126 384 192 ) (224 384 192 ) (224 64 192 ) (126 64 192 ) 
4 158 178 (224 384 192 ) (320 384 192 ) (320 0 192 ) (224 0 192 ) 
4 158 174 (320 384 192 ) (512 384 192 ) (512 0 192 ) (320 0 192 ) 
4 158 173 (512 384 192 ) (768 384 192 ) (768 0 192 ) (512 0 192 ) 
4 158 160 (126 384 254 ) (126 384 250 ) (126 0 250 ) (126 0 254 ) 
4 158 159 (126 384 256 ) (126 384 254 ) (126 0 254 ) (126 0 256 ) 
4 158 161 (126 384 250 ) (126 384 192 ) (126 0 192 ) (126 0 250 ) 
4 159 199 (126 0 254 ) (126 0 256 ) (2 0 256 ) (2 0 254 ) 
4 159 162 (2 384 256 ) (2 384 254 ) (2 0 254 ) (2 0 256 ) 
4 159 160 (2 0 254 ) (2 384 254 ) (126 384 254 ) (126 0 254 ) 
4 160 199 (126 0 250 ) (126 0 254 ) (2 0 254 ) (2 0 250 ) 
4 160 161 (2 0 250 ) (2 384 250 ) (126 384 250 ) (126 0 250 ) 
4 160 162 (2 384 254 ) (2 384 250 ) (2 0 250 ) (2 0 254 ) 
4 161 199 (2 0 192 ) (126 0 192 ) (126 0 250 ) (2 0 250 ) 
4 161 180 (126 64 192 ) (126 0 192 ) (2 0 192 ) (2 64 192 ) 
4 161 179 (2 384 192 ) (126 384 192 ) (126 64 192 ) (2 64 192 ) 
4 161 162 (2 384 250 ) (2 384 192 ) (2 0 192 ) (2 0 250 ) 
4 162 260 (0 64 192 ) (0 0 192 ) (0 0 256 ) (0 64 256 ) 
4 162 259 (0 96 192 ) (0 64 192 ) (0 64 256 ) (0 96 256 ) 
4 162 258 (0 128 192 ) (0 96 192 ) (0 96 256 ) (0 128 256 ) 
4 162 252 (0 384 192 ) (0 128 192 ) (0 128 256 ) (0 384 256 ) 
4 162 203 (0 0 256 ) (0 0 192 ) (2 0 192 ) (2 0 256 ) 
4 162 180 (0 0 192 ) (0 64 192 ) (2 64 192 ) (2 0 192 ) 
4 162 179 (0 64 192 ) (0 384 192 ) (2 384 192 ) (2 64 192 ) 
4 163 247 (0 768 8 ) (0 640 8 ) (0 640 192 ) (0 768 192 ) 
4 163 236 (0 896 8 ) (0 768 8 ) (0 768 192 ) (0 896 192 ) 
4 163 235 (0 1024 192 ) (0 1024 8 ) (0 896 8 ) (0 896 192 ) 
4 163 176 (128 640 192 ) (0 640 192 ) (0 640 8 ) (128 640 8 ) 
4 163 175 (320 640 192 ) (128 640 192 ) (128 640 8 ) (320 640 8 ) 
4 163 173 (768 640 8 ) (768 640 192 ) (512 640 192 ) (512 640 8 ) 
4 163 170 (544 896 8 ) (544 1024 8 ) (576 1024 8 ) (576 896 8 ) 
4 163 171 (576 640 8 ) (544 640 8 ) (544 768 8 ) (576 768 8 ) 
4 163 172 (544 640 8 ) (0 640 8 ) (0 1024 8 ) (544 1024 8 ) 
4 163 168 (576 800 8 ) (576 864 8 ) (704 864 8 ) (704 800 8 ) 
4 163 169 (704 640 8 ) (576 640 8 ) (576 768 8 ) (704 768 8 ) 
4 163 167 (576 896 8 ) (576 1024 8 ) (704 1024 8 ) (704 896 8 ) 
4 163 165 (704 896 8 ) (704 1024 8 ) (736 1024 8 ) (736 896 8 ) 
4 163 166 (736 640 8 ) (704 640 8 ) (704 768 8 ) (736 768 8 ) 
4 163 164 (768 640 8 ) (736 640 8 ) (736 1024 8 ) (768 1024 8 ) 
4 164 173 (736 640 0 ) (768 640 0 ) (768 640 8 ) (736 640 8 ) 
4 164 165 (736 1024 0 ) (736 896 0 ) (736 896 8 ) (736 1024 8 ) 
4 164 166 (736 768 0 ) (736 640 0 ) (736 640 8 ) (736 768 8 ) 
4 165 167 (704 1024 0 ) (704 896 0 ) (704 896 8 ) (704 1024 8 ) 
4 166 173 (704 640 0 ) (736 640 0 ) (736 640 8 ) (704 640 8 ) 
4 166 169 (704 768 0 ) (704 640 0 ) (704 640 8 ) (704 768 8 ) 
4 167 170 (576 1024 0 ) (576 896 0 ) (576 896 8 ) (576 1024 8 ) 
4 168 181 (576 800 0 ) (576 864 0 ) (704 864 0 ) (704 800 0 ) 
4 169 173 (576 640 0 ) (704 640 0 ) (704 640 8 ) (576 640 8 ) 
4 169 171 (576 768 0 ) (576 640 0 ) (576 640 8 ) (576 768 8 ) 
4 170 172 (544 1024 0 ) (544 896 0 ) (544 896 8 ) (544 1024 8 ) 
4 171 173 (544 640 0 ) (576 640 0 ) (576 640 8 ) (544 640 8 ) 
4 171 172 (544 768 0 ) (544 640 0 ) (544 640 8 ) (544 768 8 ) 
4 172 247 (0 768 0 ) (0 640 0 ) (0 640 8 ) (0 768 8 ) 
4 172 236 (0 896 0 ) (0 768 0 ) (0 768 8 ) (0 896 8 ) 
4 172 235 (0 1024 8 ) (0 1024 0 ) (0 896 0 ) (0 896 8 ) 
4 172 176 (0 640 0 ) (128 640 0 ) (128 640 8 ) (0 640 8 ) 
4 172 175 (128 640 0 ) (320 640 0 ) (320 640 8 ) (128 640 8 ) 
4 172 173 (512 640 0 ) (544 640 0 ) (544 640 8 ) (512 640 8 ) 
4 173 192 (512 0 0 ) (768 0 0 ) (768 0 192 ) (512 0 192 ) 
4 173 185 (640 256 0 ) (512 256 0 ) (512 352 0 ) (640 352 0 ) 
4 173 174 (512 384 0 ) (512 0 0 ) (512 0 192 ) (512 384 192 ) 
4 174 194 (320 0 0 ) (512 0 0 ) (512 0 192 ) (320 0 192 ) 
4 174 184 (320 352 0 ) (320 384 0 ) (448 384 0 ) (448 352 0 ) 
4 174 185 (320 256 0 ) (320 352 0 ) (512 352 0 ) (512 256 0 ) 
4 174 178 (320 384 0 ) (320 0 0 ) (320 0 192 ) (320 384 192 ) 
4 175 179 (128 448 0 ) (224 448 0 ) (224 448 192 ) (128 448 192 ) 
4 175 178 (224 448 0 ) (320 448 0 ) (320 448 192 ) (224 448 192 ) 
4 175 177 (128 448 2 ) (128 448 192 ) (128 576 192 ) (128 576 2 ) 
4 175 176 (128 640 192 ) (128 640 0 ) (128 576 0 ) (128 576 192 ) 
4 176 248 (0 640 0 ) (0 576 0 ) (0 576 192 ) (0 640 192 ) 
4 176 182 (0 576 0 ) (0 608 0 ) (128 608 0 ) (128 576 0 ) 
4 176 177 (128 576 2 ) (128 576 192 ) (0 576 192 ) (0 576 2 ) 
4 177 248 (0 448 2 ) (0 448 192 ) (0 576 192 ) (0 576 2 ) 
4 177 179 (128 448 2 ) (128 448 192 ) (0 448 192 ) (0 448 2 ) 
4 178 197 (224 0 0 ) (256 0 0 ) (256 0 192 ) (224 0 192 ) 
4 178 194 (256 0 0 ) (320 0 0 ) (320 0 192 ) (256 0 192 ) 
4 178 187 (288 0 0 ) (224 0 0 ) (224 64 0 ) (288 64 0 ) 
4 178 186 (224 64 0 ) (224 128 0 ) (288 128 0 ) (288 64 0 ) 
4 178 180 (224 0 64 ) (224 0 192 ) (224 64 192 ) (224 64 64 ) 
4 178 179 (224 448 192 ) (224 448 0 ) (224 64 0 ) (224 64 192 ) 
4 179 259 (0 96 0 ) (0 64 0 ) (0 64 192 ) (0 96 192 ) 
4 179 258 (0 128 0 ) (0 96 0 ) (0 96 192 ) (0 128 192 ) 
4 179 252 (0 384 0 ) (0 128 0 ) (0 128 192 ) (0 384 192 ) 
4 179 248 (0 448 0 ) (0 384 0 ) (0 384 192 ) (0 448 192 ) 
4 179 186 (0 64 0 ) (0 128 0 ) (224 128 0 ) (224 64 0 ) 
4 179 183 (0 416 0 ) (0 448 0 ) (128 448 0 ) (128 416 0 ) 
4 179 180 (224 64 64 ) (224 64 192 ) (0 64 192 ) (0 64 64 ) 
4 180 260 (0 0 64 ) (0 0 192 ) (0 64 192 ) (0 64 64 ) 
4 180 199 (2 0 64 ) (126 0 64 ) (126 0 192 ) (2 0 192 ) 
4 180 198 (126 0 64 ) (224 0 64 ) (224 0 192 ) (126 0 192 ) 
4 180 203 (0 0 192 ) (0 0 64 ) (2 0 64 ) (2 0 192 ) 
4 184 185 (320 352 0 ) (320 352 -8 ) (448 352 -8 ) (448 352 0 ) 
4 186 259 (0 64 0 ) (0 96 0 ) (0 96 -16 ) (0 64 -16 ) 
4 186 258 (0 96 0 ) (0 128 0 ) (0 128 -16 ) (0 96 -16 ) 
4 186 189 (224 64 -16 ) (0 64 -16 ) (0 96 -16 ) (224 96 -16 ) 
4 186 188 (256 64 -16 ) (224 64 -16 ) (224 96 -16 ) (256 96 -16 ) 
4 186 187 (224 64 -16 ) (288 64 -16 ) (288 64 0 ) (224 64 0 ) 
4 187 197 (224 0 -16 ) (256 0 -16 ) (256 0 0 ) (224 0 0 ) 
4 187 196 (256 0 -16 ) (288 0 -16 ) (288 0 0 ) (256 0 0 ) 
4 187 188 (256 0 -16 ) (224 0 -16 ) (224 64 -16 ) (256 64 -16 ) 
4 188 197 (256 0 -32 ) (256 0 -16 ) (224 0 -16 ) (224 0 -32 ) 
4 188 189 (224 96 -16 ) (224 96 -32 ) (224 64 -32 ) (224 64 -16 ) 
4 189 259 (0 64 -32 ) (0 64 -16 ) (0 96 -16 ) (0 96 -32 ) 
4 190 192 (768 -192 512 ) (768 -128 512 ) (768 -128 256 ) (768 -192 256 ) 
4 190 191 (784 -192 384 ) (784 -192 512 ) (768 -192 512 ) (768 -192 384 ) 
4 191 192 (768 -256 384 ) (768 -256 512 ) (768 -192 512 ) (768 -192 384 ) 
4 192 195 (512 -224 0 ) (512 -256 0 ) (512 -256 256 ) (512 -248 384 ) 
4 192 194 (512 0 512 ) (512 0 0 ) (512 -224 0 ) (512 -255.252197 500.035095 ) 
4 194 197 (256 -255.252197 500.035156 ) (256 0 512 ) (256 0 0 ) (256 -224 0 ) 
4 194 196 (256 -224 0 ) (256 0 0 ) (288 0 0 ) (288 -224 0 ) 
4 194 195 (256 -224 0 ) (512 -224 0 ) (512 -248 384.001099 ) (256 -248 384.001099 ) 
4 195 197 (256 -256 0 ) (256 -256 256 ) (256 -248 384 ) (256 -224 0 ) 
4 195 196 (256 -256 0 ) (256 -224 0 ) (288 -224 0 ) (288 -256 0 ) 
4 196 197 (256 -256 -16 ) (256 -256 0 ) (256 0 0 ) (256 0 -16 ) 
4 197 198 (224 -256 64 ) (224 -256 512 ) (224 0 512 ) (224 0 64 ) 
4 198 201 (126 -256 250 ) (126 -256 254 ) (126 -192 254 ) (126 -192 250 ) 
4 198 200 (126 -256 254 ) (126 -256 512 ) (126 -192 512 ) (126 -192 254 ) 
4 198 202 (126 -192 64 ) (126 -256 64 ) (126 -256 250 ) (126 -192 250 ) 
4 198 199 (126 0 64 ) (126 -192 64 ) (126 -192 512 ) (126 0 512 ) 
4 199 201 (2 -192 254 ) (2 -192 250 ) (126 -192 250 ) (126 -192 254 ) 
4 199 200 (2 -192 512 ) (2 -192 254 ) (126 -192 254 ) (126 -192 512 ) 
4 199 202 (2 -192 250 ) (2 -192 64 ) (126 -192 64 ) (126 -192 250 ) 
4 199 203 (2 0 64 ) (2 -192 64 ) (2 -192 512 ) (2 0 512 ) 
4 200 203 (2 -256 254 ) (2 -256 512 ) (2 -192 512 ) (2 -192 254 ) 
4 200 201 (2 -256 254 ) (2 -192 254 ) (126 -192 254 ) (126 -256 254 ) 
4 201 202 (2 -256 250 ) (2 -192 250 ) (126 -192 250 ) (126 -256 250 ) 
4 201 203 (2 -256 250 ) (2 -256 254 ) (2 -192 254 ) (2 -192 250 ) 
4 202 203 (2 -192 64 ) (2 -256 64 ) (2 -256 250 ) (2 -192 250 ) 
4 203 277 (0 -256 64 ) (0 -256 256 ) (0 0 256 ) (0 0 64 ) 
4 203 268 (0 -256 256 ) (0 -256 512 ) (0 0 512 ) (0 0 256 ) 
4 204 267 (-128 0 832 ) (-256 0 832 ) (-256 0 528 ) (-128 0 528 ) 
4 204 205 (-256 256 832 ) (-256 256 528 ) (-256 0 528 ) (-256 0 832 ) 
4 205 269 (-256 0 832 ) (-512 0 832 ) (-512 0 528 ) (-256 0 528 ) 
4 205 207 (-512 256 528 ) (-256 256 528 ) (-256 0 528 ) (-512 0 528 ) 
4 206 213 (-256 128 512 ) (-256 384 512 ) (0 384 512 ) (0 128 512 ) 
4 206 209 (-256 384 512 ) (-256 512 512 ) (0 512 512 ) (0 384 512 ) 
4 206 208 (-256 298.666962 512 ) (-256 128 512 ) (-256 128 520 ) (-256 384 520 ) 
4 207 269 (-256 0 528 ) (-512 0 528 ) (-512 0 520 ) (-256 0 520 ) 
4 207 208 (-512 0 520 ) (-512 256 520 ) (-256 256 520 ) (-256 0 520 ) 
4 208 269 (-512 0 520 ) (-512 0 512 ) (-256 0 512 ) (-256 0 520 ) 
4 208 215 (-512 256 512 ) (-512 298.666901 512 ) (-256 298.666870 512 ) (-256 256 512 ) 
4 208 216 (-256 0 512 ) (-512 0 512 ) (-512 256 512 ) (-256 256 512 ) 
4 209 233 (-320 1024 256 ) (-64 1024 256 ) (-64 640 256 ) (-320 640 256 ) 
4 209 227 (0 862 256 ) (0 608 256 ) (-63 608 256 ) (-63 862 256 ) 
4 209 226 (-63 1024 256 ) (0 1024 256 ) (0 862 256 ) (-63 862 256 ) 
4 209 230 (-64 1024 256 ) (-63 1024 256 ) (-63 608 256 ) (-64 608 256 ) 
4 209 214 (-320 384 256 ) (-256 384 256 ) (-256 384 512 ) (-320 384 512 ) 
4 209 213 (-256 384 256 ) (0 384 256 ) (0 384 512 ) (-256 384 512 ) 
4 209 211 (-320 384 320 ) (-320 384 512 ) (-320 448 512 ) (-320 448 320 ) 
4 209 210 (-320 1024 256 ) (-320 448 256 ) (-320 448 512 ) (-320 1024 512 ) 
4 210 233 (-384 1024 256 ) (-320 1024 256 ) (-320 640 256 ) (-384 640 256 ) 
4 210 211 (-384 448 512 ) (-384 448 320 ) (-320 448 320 ) (-320 448 512 ) 
4 210 212 (-384 1024 256 ) (-384 448 256 ) (-384 448 512 ) (-384 1024 512 ) 
4 211 214 (-320 384 320 ) (-320 384 512 ) (-384 384 512 ) (-384 384 320 ) 
4 211 212 (-384 384 320 ) (-384 384 512 ) (-384 448 512 ) (-384 448 320 ) 
4 212 234 (-384 640 256 ) (-384 384 256 ) (-640 384 256 ) (-640 640 256 ) 
4 212 233 (-640 1024 256 ) (-384 1024 256 ) (-384 640 256 ) (-640 640 256 ) 
4 212 214 (-512 384 256 ) (-384 384 256 ) (-384 384 512 ) (-512 384 512 ) 
4 212 217 (-640 384 512 ) (-640 384 256 ) (-512 384 256 ) (-512 384 512 ) 
4 213 268 (0 0 256 ) (0 0 512 ) (-256 0 512 ) (-256 0 256 ) 
4 213 263 (-160 0 256 ) (-256 0 256 ) (-256 128 256 ) (-160 128 256 ) 
4 213 262 (-128 0 256 ) (-160 0 256 ) (-160 128 256 ) (-128 128 256 ) 
4 213 261 (-96 0 256 ) (-128 0 256 ) (-128 96 256 ) (-96 96 256 ) 
4 213 260 (0 64 256 ) (0 0 256 ) (-96 0 256 ) (-96 64 256 ) 
4 213 259 (0 96 256 ) (0 64 256 ) (-96 64 256 ) (-96 96 256 ) 
4 213 258 (0 128 256 ) (0 96 256 ) (-128 96 256 ) (-128 128 256 ) 
4 213 252 (0 384 256 ) (0 128 256 ) (-256 128 256 ) (-256 384 256 ) 
3 213 215 (-256 256 508 ) (-256 256 512 ) (-256 298.666779 512 ) 
4 213 214 (-256 384 512 ) (-256 384 256 ) (-256 256 256 ) (-256 256 500 ) 
4 213 216 (-256 256 256 ) (-256 0 256 ) (-256 0 512 ) (-256 256 512 ) 
4 214 252 (-512 256 256 ) (-512 384 256 ) (-256 384 256 ) (-256 256 256 ) 
4 214 216 (-512 256 500 ) (-512 256 256 ) (-256 256 256 ) (-256 256 500 ) 
4 214 217 (-512 384 512 ) (-512 384 256 ) (-512 256 256 ) (-512 256 500 ) 
3 215 217 (-512 256 508 ) (-512 256 512 ) (-512 298.666779 512 ) 
4 215 216 (-512 256 512 ) (-512 256 508 ) (-256 256 508 ) (-256 256 512 ) 
4 216 270 (-256 0 512 ) (-512 0 512 ) (-512 0 256 ) (-256 0 256 ) 
4 216 264 (-256 0 256 ) (-512 0 256 ) (-512 128 256 ) (-256 128 256 ) 
4 216 252 (-512 128 256 ) (-512 256 256 ) (-256 256 256 ) (-256 128 256 ) 
4 216 217 (-512 256 256 ) (-512 0 256 ) (-512 0 512 ) (-512 256 512 ) 
4 217 273 (-512 0 512 ) (-640 0 512 ) (-640 0 256 ) (-512 0 256 ) 
4 217 265 (-624 0 256 ) (-640 0 256 ) (-640 128 256 ) (-624 128 256 ) 
4 217 264 (-512 0 256 ) (-624 0 256 ) (-624 128 256 ) (-512 128 256 ) 
4 217 252 (-640 128 256 ) (-640 384 256 ) (-512 384 256 ) (-512 128 256 ) 
4 217 222 (-640 320 256 ) (-640 256 256 ) (-640 256 384 ) (-640 320 384 ) 
4 217 219 (-640 384 256 ) (-640 320 256 ) (-640 320 384 ) (-640 384 384 ) 
4 217 223 (-640 128 256 ) (-640 0 256 ) (-640 0 384 ) (-640 128 384 ) 
4 217 218 (-640 0 384 ) (-640 0 512 ) (-640 128 512 ) (-640 128 384 ) 
4 218 223 (-656 0 384 ) (-656 128 384 ) (-640 128 384 ) (-640 0 384 ) 
4 219 222 (-640 320 256 ) (-640 320 384 ) (-644 320 384 ) (-644 320 256 ) 
4 219 220 (-644 384 384 ) (-644 384 256 ) (-644 324 256 ) (-644 324 384 ) 
4 220 221 (-648 384 384 ) (-648 384 256 ) (-648 324 256 ) (-648 324 384 ) 
4 221 224 (-656 372 256 ) (-656 320 256 ) (-656 320 384 ) (-656 372 384 ) 
4 221 222 (-648 320 384 ) (-656 320 384 ) (-656 320 256 ) (-648 320 256 ) 
4 222 224 (-656 320 256 ) (-656 256 256 ) (-656 256 384 ) (-656 320 384 ) 
4 224 225 (-672 372 256 ) (-672 256 256 ) (-672 256 384 ) (-672 372 384 ) 
4 226 231 (-63 1024 248 ) (0 1024 248 ) (0 862 248 ) (-63 862 248 ) 
4 226 228 (-63 862 255 ) (-63 862 254 ) (0 862 254 ) (0 862 255 ) 
4 226 227 (-63 862 256 ) (-63 862 255 ) (0 862 255 ) (0 862 256 ) 
4 226 229 (-63 862 254 ) (-63 862 248 ) (0 862 248 ) (0 862 254 ) 
4 226 230 (-63 1024 248 ) (-63 862 248 ) (-63 862 256 ) (-63 1024 256 ) 
4 227 230 (-63 608 255 ) (-63 608 256 ) (-63 862 256 ) (-63 862 255 ) 
4 227 228 (0 608 255 ) (-63 608 255 ) (-63 862 255 ) (0 862 255 ) 
4 228 229 (0 608 254 ) (-63 608 254 ) (-63 862 254 ) (0 862 254 ) 
4 228 230 (-63 608 254 ) (-63 608 255 ) (-63 862 255 ) (-63 862 254 ) 
4 229 231 (0 862 248 ) (0 640 248 ) (-63 640 248 ) (-63 862 248 ) 
4 229 230 (-63 862 248 ) (-63 608 248 ) (-63 608 254 ) (-63 862 254 ) 
4 230 233 (-64 640 256 ) (-64 1024 256 ) (-64 1024 248 ) (-64 640 248 ) 
4 230 231 (-64 640 248 ) (-64 1024 248 ) (-63 1024 248 ) (-63 640 248 ) 
4 231 247 (-64 640 192 ) (-64 768 192 ) (0 768 192 ) (0 640 192 ) 
4 231 236 (-64 768 192 ) (-64 896 192 ) (0 896 192 ) (0 768 192 ) 
4 231 235 (-64 896 192 ) (-64 1024 192 ) (0 1024 192 ) (0 896 192 ) 
4 231 233 (-64 1024 192 ) (-64 640 192 ) (-64 640 248 ) (-64 1024 248 ) 
4 232 248 (-64 448 192 ) (-64 576 192 ) (-32 576 192 ) (-32 448 192 ) 
4 233 247 (-64 768 192 ) (-64 640 192 ) (-640 640 192 ) (-640 768 192 ) 
4 233 246 (-608 768 192 ) (-640 768 192 ) (-640 896 192 ) (-608 896 192 ) 
4 233 245 (-576 768 192 ) (-608 768 192 ) (-608 896 192 ) (-576 896 192 ) 
4 233 244 (-448 768 192 ) (-576 768 192 ) (-576 800 192 ) (-448 800 192 ) 
4 233 241 (-544 864 192 ) (-480 864 192 ) (-480 800 192 ) (-544 800 192 ) 
4 233 240 (-480 864 192 ) (-448 864 192 ) (-448 800 192 ) (-480 800 192 ) 
4 233 243 (-576 800 192 ) (-576 864 192 ) (-544 864 192 ) (-544 800 192 ) 
4 233 239 (-576 864 192 ) (-576 896 192 ) (-448 896 192 ) (-448 864 192 ) 
4 233 237 (-416 768 192 ) (-448 768 192 ) (-448 896 192 ) (-416 896 192 ) 
4 233 236 (-64 896 192 ) (-64 768 192 ) (-416 768 192 ) (-416 896 192 ) 
4 233 235 (-640 1024 192 ) (-64 1024 192 ) (-64 896 192 ) (-640 896 192 ) 
4 233 234 (-640 640 192 ) (-384 640 192 ) (-384 640 256 ) (-640 640 256 ) 
4 234 252 (-384 384 256 ) (-640 384 256 ) (-640 384 192 ) (-384 384 192 ) 
4 234 251 (-384 384 192 ) (-640 384 192 ) (-640 640 192 ) (-384 640 192 ) 
4 235 246 (-608 896 192 ) (-640 896 192 ) (-640 896 0 ) (-608 896 0 ) 
4 235 245 (-576 896 192 ) (-608 896 192 ) (-608 896 8 ) (-576 896 8 ) 
4 235 239 (-448 896 192 ) (-576 896 192 ) (-576 896 8 ) (-448 896 8 ) 
4 235 237 (-416 896 192 ) (-448 896 192 ) (-448 896 8 ) (-416 896 8 ) 
4 235 236 (0 896 0 ) (0 896 192 ) (-416 896 192 ) (-416 896 0 ) 
4 236 247 (0 768 192 ) (-416 768 192 ) (-416 768 0 ) (0 768 0 ) 
4 236 237 (-416 896 192 ) (-416 896 8 ) (-416 768 8 ) (-416 768 192 ) 
4 237 247 (-416 768 192 ) (-448 768 192 ) (-448 768 8 ) (-416 768 8 ) 
4 237 244 (-448 800 8 ) (-448 768 8 ) (-448 768 192 ) (-448 800 192 ) 
4 237 240 (-448 864 8 ) (-448 800 8 ) (-448 800 192 ) (-448 864 192 ) 
4 237 239 (-448 896 192 ) (-448 896 8 ) (-448 864 8 ) (-448 864 192 ) 
4 238 240 (-448 864 -16 ) (-448 800 -16 ) (-448 800 0 ) (-448 864 0 ) 
4 239 245 (-576 896 192 ) (-576 896 8 ) (-576 864 8 ) (-576 864 192 ) 
4 239 241 (-544 864 8 ) (-480 864 8 ) (-480 864 192 ) (-544 864 192 ) 
4 239 240 (-480 864 8 ) (-448 864 8 ) (-448 864 192 ) (-480 864 192 ) 
4 239 243 (-576 864 192 ) (-576 864 8 ) (-544 864 8 ) (-544 864 192 ) 
4 240 244 (-448 800 8 ) (-448 800 192 ) (-480 800 192 ) (-480 800 8 ) 
4 240 241 (-480 864 192 ) (-480 864 -32 ) (-480 800 -32 ) (-480 800 192 ) 
4 240 242 (-480 864 -48 ) (-480 864 -80 ) (-480 800 -80 ) (-480 800 -48 ) 
4 241 244 (-480 800 8 ) (-480 800 192 ) (-544 800 192 ) (-544 800 8 ) 
4 241 243 (-544 864 192 ) (-544 864 -32 ) (-544 800 -32 ) (-544 800 192 ) 
4 242 243 (-544 864 -48 ) (-544 864 -80 ) (-544 800 -80 ) (-544 800 -48 ) 
4 243 245 (-576 800 8 ) (-576 800 192 ) (-576 864 192 ) (-576 864 8 ) 
4 243 244 (-576 800 192 ) (-576 800 8 ) (-544 800 8 ) (-544 800 192 ) 
4 244 247 (-448 768 192 ) (-576 768 192 ) (-576 768 8 ) (-448 768 8 ) 
4 244 245 (-576 768 8 ) (-576 768 192 ) (-576 800 192 ) (-576 800 8 ) 
4 245 247 (-576 768 192 ) (-608 768 192 ) (-608 768 8 ) (-576 768 8 ) 
4 245 246 (-608 896 192 ) (-608 896 8 ) (-608 768 8 ) (-608 768 192 ) 
4 246 247 (-608 768 192 ) (-640 768 192 ) (-640 768 0 ) (-608 768 0 ) 
4 247 251 (-384 640 192 ) (-640 640 192 ) (-640 640 0 ) (-384 640 0 ) 
4 247 249 (-128 640 192 ) (-256 640 192 ) (-256 640 0 ) (-128 640 0 ) 
4 247 248 (0 640 0 ) (0 640 192 ) (-128 640 192 ) (-128 640 0 ) 
4 248 252 (0 384 0 ) (0 384 192 ) (-128 384 192 ) (-128 384 0 ) 
4 248 250 (-128 576 0 ) (-128 384 0 ) (-128 384 160 ) (-128 576 160 ) 
4 248 249 (-128 640 192 ) (-128 640 0 ) (-128 576 0 ) (-128 576 192 ) 
4 249 250 (-256 576 160 ) (-256 576 0 ) (-128 576 0 ) (-128 576 160 ) 
4 250 252 (-256 384 160 ) (-256 384 0 ) (-128 384 0 ) (-128 384 160 ) 
4 251 252 (-384 384 192 ) (-640 384 192 ) (-640 384 0 ) (-384 384 0 ) 
3 252 265 (-624 128 256 ) (-640 128 256 ) (-632 128 128 ) 
4 252 264 (-256 128 256 ) (-624 128 256 ) (-640 128 0 ) (-256 128 0 ) 
4 252 263 (-160 128 256 ) (-256 128 256 ) (-256 128 0 ) (-160 128 0 ) 
4 252 262 (-128 128 256 ) (-160 128 256 ) (-160 128 0 ) (-128 128 0 ) 
4 252 258 (0 128 256 ) (-128 128 256 ) (-128 128 0 ) (0 128 0 ) 
4 252 257 (-608 128 0 ) (-640 128 0 ) (-640 384 0 ) (-608 384 0 ) 
4 252 256 (-384 128 0 ) (-608 128 0 ) (-608 352 0 ) (-384 352 0 ) 
4 252 255 (-256 128 0 ) (-384 128 0 ) (-384 352 0 ) (-256 352 0 ) 
4 252 254 (-384 352 0 ) (-384 384 0 ) (-256 384 0 ) (-256 352 0 ) 
4 252 253 (0 128 0 ) (-256 128 0 ) (-256 384 0 ) (0 384 0 ) 
4 253 262 (-160 128 -8 ) (-128 128 -8 ) (-128 128 0 ) (-160 128 0 ) 
4 253 258 (-128 128 -8 ) (0 128 -8 ) (0 128 0 ) (-128 128 0 ) 
4 253 255 (-256 352 -8 ) (-256 128 -8 ) (-256 128 0 ) (-256 352 0 ) 
4 253 254 (-256 384 -8 ) (-256 352 -8 ) (-256 352 0 ) (-256 384 0 ) 
4 254 255 (-384 352 0 ) (-384 352 -8 ) (-256 352 -8 ) (-256 352 0 ) 
4 255 266 (-384 128 -8 ) (-256 128 -8 ) (-256 128 0 ) (-384 128 0 ) 
4 255 256 (-384 352 -8 ) (-384 128 -8 ) (-384 128 0 ) (-384 352 0 ) 
4 256 266 (-608 128 -8 ) (-384 128 -8 ) (-384 128 0 ) (-608 128 0 ) 
4 256 257 (-608 352 -8 ) (-608 128 -8 ) (-608 128 0 ) (-608 352 0 ) 
4 258 262 (-128 128 256 ) (-128 128 -16 ) (-128 96 -16 ) (-128 96 256 ) 
4 258 261 (-128 96 256 ) (-128 96 -16 ) (-96 96 -16 ) (-96 96 256 ) 
4 258 259 (-96 96 -16 ) (0 96 -16 ) (0 96 256 ) (-96 96 256 ) 
4 259 261 (-96 96 256 ) (-96 96 -32 ) (-96 64 -32 ) (-96 64 256 ) 
4 259 260 (-96 64 256 ) (-96 64 64 ) (0 64 64 ) (0 64 256 ) 
4 260 277 (0 0 64 ) (0 0 256 ) (-96 0 256 ) (-96 0 64 ) 
4 260 261 (-96 0 64 ) (-96 0 256 ) (-96 64 256 ) (-96 64 64 ) 
4 261 298 (-96 0 -32 ) (-96 0 0 ) (-128 0 0 ) (-128 0 -32 ) 
4 261 278 (-96 0 0 ) (-96 0 256 ) (-128 0 256 ) (-128 0 0 ) 
4 261 262 (-128 0 -16 ) (-128 0 256 ) (-128 96 256 ) (-128 96 -16 ) 
4 262 299 (-128 0 -16 ) (-128 0 0 ) (-160 0 0 ) (-160 0 -16 ) 
4 262 278 (-128 0 0 ) (-128 0 256 ) (-160 0 256 ) (-160 0 0 ) 
4 262 263 (-160 128 256 ) (-160 128 0 ) (-160 0 0 ) (-160 0 256 ) 
4 263 278 (-160 0 0 ) (-160 0 256 ) (-256 0 256 ) (-256 0 0 ) 
4 263 264 (-256 128 256 ) (-256 128 0 ) (-256 0 0 ) (-256 0 256 ) 
4 264 282 (-384 0 256 ) (-624 0 256 ) (-640 0 0 ) (-384 0 0 ) 
4 264 279 (-256 0 0 ) (-256 0 256 ) (-384 0 256 ) (-384 0 0 ) 
4 264 266 (-608 128 0 ) (-256 128 0 ) (-256 0 0 ) (-608 0 0 ) 
4 264 265 (-632 0 128 ) (-624 0 256 ) (-624 128 256 ) (-632 128 128 ) 
3 265 282 (-624 0 256 ) (-640 0 256 ) (-632 0 128 ) 
4 266 300 (-256 0 -8 ) (-256 0 0 ) (-608 0 0 ) (-608 0 -8 ) 
4 267 269 (-256 -256 528 ) (-256 -256 832 ) (-256 0 832 ) (-256 0 528 ) 
4 268 277 (-96 0 256 ) (0 0 256 ) (0 -256 256 ) (-96 -256 256 ) 
4 268 278 (-256 0 256 ) (-96 0 256 ) (-96 -256 256 ) (-256 -256 256 ) 
4 268 270 (-256 0 256 ) (-256 -256 256 ) (-256 -256 512 ) (-256 0 512 ) 
4 269 270 (-256 0 512 ) (-256 -256 512 ) (-512 -256 512 ) (-512 0 512 ) 
4 270 282 (-512 0 256 ) (-384 0 256 ) (-384 -256 256 ) (-512 -256 256 ) 
4 270 279 (-384 0 256 ) (-256 0 256 ) (-256 -256 256 ) (-384 -256 256 ) 
4 270 273 (-512 0 256 ) (-512 -256 256 ) (-512 -256 512 ) (-512 0 512 ) 
4 270 271 (-384 -256 384 ) (-256 -256 384 ) (-256 -256 512 ) (-384 -256 512 ) 
4 272 282 (-480 -448 256 ) (-512 -448 256 ) (-512 -320 256 ) (-480 -320 256 ) 
4 272 274 (-512 -320 256 ) (-512 -448 256 ) (-512 -448 264 ) (-512 -320 264 ) 
4 273 282 (-640 0 256 ) (-512 0 256 ) (-512 -256 256 ) (-640 -256 256 ) 
4 274 282 (-512 -320 256 ) (-512 -448 256 ) (-544 -448 256 ) (-544 -320 256 ) 
4 275 282 (-512 -832 256 ) (-512 -960 256 ) (-640 -960 256 ) (-640 -832 256 ) 
4 276 292 (-864 -768 256 ) (-896 -768 256 ) (-896 -576 256 ) (-864 -576 256 ) 
4 276 291 (-800 -768 256 ) (-864 -768 256 ) (-864 -576 256 ) (-800 -576 256 ) 
4 276 286 (-704 -576 256 ) (-704 -704 256 ) (-800 -704 256 ) (-800 -576 256 ) 
4 276 287 (-704 -704 256 ) (-704 -768 256 ) (-800 -768 256 ) (-800 -704 256 ) 
4 277 278 (-96 -256 64 ) (-96 -256 256 ) (-96 0 256 ) (-96 0 64 ) 
4 278 299 (-160 0 0 ) (-128 0 0 ) (-128 -256 0 ) (-160 -256 0 ) 
4 278 298 (-128 0 0 ) (-96 0 0 ) (-96 -256 0 ) (-128 -256 0 ) 
4 278 279 (-256 0 0 ) (-256 -256 0 ) (-256 -256 256 ) (-256 0 256 ) 
4 279 300 (-384 -256 0 ) (-384 0 0 ) (-256 0 0 ) (-256 -256 0 ) 
4 279 282 (-384 0 0 ) (-384 -256 0 ) (-384 -256 256 ) (-384 0 256 ) 
4 280 282 (-384 -384 0 ) (-384 -512 0 ) (-384 -512 256 ) (-384 -384 256 ) 
4 281 282 (-384 -640 0 ) (-384 -960 0 ) (-384 -960 256 ) (-384 -640 256 ) 
4 282 300 (-608 0 0 ) (-384 0 0 ) (-384 -256 0 ) (-608 -256 0 ) 
4 282 285 (-640 -832 0 ) (-640 -960 0 ) (-640 -960 128 ) (-640 -832 128 ) 
4 282 284 (-640 -960 128 ) (-640 -960 256 ) (-640 -832 256 ) (-640 -832 128 ) 
4 282 283 (-640 -768 256 ) (-640 -704 256 ) (-640 -704 128 ) (-640 -768 128 ) 
4 283 287 (-656 -768 256 ) (-656 -704 256 ) (-656 -704 128 ) (-656 -768 128 ) 
4 284 294 (-656 -960 256 ) (-656 -832 256 ) (-656 -832 128 ) (-656 -960 128 ) 
4 284 285 (-656 -960 128 ) (-656 -832 128 ) (-640 -832 128 ) (-640 -960 128 ) 
4 285 294 (-656 -832 0 ) (-656 -960 0 ) (-656 -960 128 ) (-656 -832 128 ) 
4 286 291 (-800 -576 128 ) (-800 -704 128 ) (-800 -704 256 ) (-800 -576 256 ) 
4 286 287 (-800 -704 256 ) (-800 -704 128 ) (-704 -704 128 ) (-704 -704 256 ) 
4 287 291 (-800 -704 128 ) (-800 -768 128 ) (-800 -768 256 ) (-800 -704 256 ) 
4 288 294 (-705 -832 191 ) (-799 -832 191 ) (-799 -832 128 ) (-705 -832 128 ) 
4 288 293 (-705 -832 128 ) (-799 -832 128 ) (-799 -830 128 ) (-705 -830 128 ) 
4 289 290 (-864 -571 256 ) (-864 -571 128 ) (-800 -571 128 ) (-800 -571 256 ) 
4 290 291 (-864 -573 256 ) (-864 -573 128 ) (-800 -573 128 ) (-800 -573 256 ) 
4 291 292 (-864 -576 128 ) (-864 -768 128 ) (-864 -768 256 ) (-864 -576 256 ) 
4 293 294 (-705 -832 128 ) (-799 -832 128 ) (-799 -832 1 ) (-705 -832 1 ) 
4 294 295 (-864 -832 128 ) (-864 -832 0 ) (-864 -960 0 ) (-864 -960 128 ) 
4 295 296 (-896 -832 128 ) (-896 -832 0 ) (-896 -960 0 ) (-896 -960 128 ) 
4 296 297 (-960 -832 128 ) (-960 -832 0 ) (-960 -960 0 ) (-960 -960 128 ) 
4 297 303 (-1024 -832 128 ) (-1024 -832 0 ) (-1024 -960 0 ) (-1024 -960 128 ) 
4 298 299 (-128 -256 -16 ) (-128 -256 0 ) (-128 0 0 ) (-128 0 -16 ) 
4 302 317 (-1824 0 0.612183 ) (-1824 0 -64 ) (-1408 0 -64 ) (-1408 0 0.612183 ) 
4 302 312 (-1408 0 64 ) (-1824 0 64 ) (-1824 0 0.612183 ) (-1408 0 0.612183 ) 
4 303 304 (-1025 -832 128 ) (-1025 -832 0 ) (-1025 -960 0 ) (-1025 -960 128 ) 
4 304 305 (-1026 -832 128 ) (-1026 -832 0 ) (-1026 -960 0 ) (-1026 -960 128 ) 
4 305 307 (-1088 -960 128 ) (-1088 -832 128 ) (-1088 -832 0 ) (-1088 -960 0 ) 
4 306 307 (-1152 -832 192 ) (-1088 -832 192 ) (-1088 -960 192 ) (-1152 -960 192 ) 
4 307 308 (-1184 -992 0.612183 ) (-1184 -992 192 ) (-1184 -800 192 ) (-1184 -800 0.612183 ) 
4 308 309 (-1216 -800 256.612000 ) (-1216 -800 0.612183 ) (-1216 -992 0.612183 ) (-1216 -992 256.612000 ) 
4 309 315 (-1280 -1024 0.612183 ) (-1280 -1024 256.612000 ) (-1280 -800 256.612000 ) (-1280 -800 0.612183 ) 
4 310 315 (-1344 -832 256.612000 ) (-1408 -832 256.612000 ) (-1408 -768 256.612000 ) (-1344 -768 256.612000 ) 
4 311 315 (-1536 -832 256.612000 ) (-1600 -832 256.612000 ) (-1600 -768 256.612000 ) (-1536 -768 256.612000 ) 
4 312 317 (-1824 0 0.612183 ) (-1408 0 0.612183 ) (-1408 -96 0.612183 ) (-1824 -96 0.612183 ) 
4 313 318 (-1440 -704 0.612183 ) (-1312 -704 0.612183 ) (-1312 -736 0.612183 ) (-1440 -736 0.612183 ) 
4 313 315 (-1440 -736 0.612183 ) (-1312 -736 0.612183 ) (-1312 -736 256.612000 ) (-1440 -736 256.612000 ) 
4 314 320 (-1664 -704 0.612183 ) (-1632 -704 0.612183 ) (-1632 -736 0.612183 ) (-1664 -736 0.612183 ) 
4 314 319 (-1632 -704 0.612183 ) (-1504 -704 0.612183 ) (-1504 -736 0.612183 ) (-1632 -736 0.612183 ) 
4 314 316 (-1664 -736 256.612000 ) (-1664 -736 0.612183 ) (-1632 -736 0.612183 ) (-1632 -736 256.612000 ) 
4 314 315 (-1632 -736 0.612183 ) (-1504 -736 0.612183 ) (-1504 -736 256.612000 ) (-1632 -736 256.612000 ) 
4 315 321 (-1472 -1024 224.612000 ) (-1472 -1024 32.612206 ) (-1376 -1024 32.612206 ) (-1376 -1024 224.612000 ) 
4 315 316 (-1632 -736 256.612000 ) (-1632 -736 0.612183 ) (-1632 -960 0.612183 ) (-1632 -960 256.612000 ) 
4 316 320 (-1664 -960 0.612183 ) (-1664 -736 0.612183 ) (-1632 -736 0.612183 ) (-1632 -960 0.612183 ) 
4 319 320 (-1632 -704 0.612183 ) (-1632 -704 -7.387749 ) (-1632 -736 -7.387749 ) (-1632 -736 0.612183 ) 
