PRT1
428
1200
4 0 25 (0 1648 116 ) (0 1648 58 ) (0 1384 58 ) (0 1384 116 ) 
4 0 19 (0 1384 512 ) (0 1648 512 ) (0 1648 116 ) (0 1384 116 ) 
4 0 12 (200 1648 58 ) (204 1648 58 ) (204 1384 58 ) (200 1384 58 ) 
4 0 14 (0 1384 58 ) (0 1648 58 ) (200 1648 58 ) (200 1384 58 ) 
4 0 9 (204 1648 58 ) (272 1648 58 ) (272 1384 58 ) (204 1384 58 ) 
4 0 5 (200 1384 58 ) (272 1384 58 ) (272 1384 62 ) (200 1384 62 ) 
4 0 7 (0 1384 58 ) (200 1384 58 ) (200 1384 62 ) (0 1384 62 ) 
4 0 2 (272 1384 154 ) (272 1384 186 ) (232 1384 186 ) (232 1384 154 ) 
4 0 1 (272 1384 186 ) (272 1384 512 ) (112 1384 512 ) (112 1384 186 ) 
4 0 3 (272 1384 62 ) (272 1384 154 ) (112 1384 154 ) (112 1384 62 ) 
4 0 4 (112 1384 512 ) (0 1384 512 ) (0 1384 62 ) (112 1384 62 ) 
4 1 2 (272 1192 186 ) (232 1192 186 ) (232 1384 186 ) (272 1384 186 ) 
4 1 8 (272 1192 186 ) (272 1192 512 ) (112 1192 512 ) (112 1192 186 ) 
4 1 4 (112 1384 512 ) (112 1384 186 ) (112 1192 186 ) (112 1192 512 ) 
4 2 8 (272 1192 154 ) (272 1192 186 ) (232 1192 186 ) (232 1192 154 ) 
4 2 3 (272 1192 154 ) (232 1192 154 ) (232 1384 154 ) (272 1384 154 ) 
4 3 6 (272 1192 62 ) (200 1192 62 ) (200 1252 62 ) (272 1252 62 ) 
4 3 5 (200 1324 62 ) (200 1384 62 ) (272 1384 62 ) (272 1324 62 ) 
4 3 7 (200 1192 62 ) (112 1192 62 ) (112 1384 62 ) (200 1384 62 ) 
4 3 4 (112 1384 154 ) (112 1384 62 ) (112 1192 62 ) (112 1192 154 ) 
4 3 8 (272 1192 62 ) (272 1192 154 ) (112 1192 154 ) (112 1192 62 ) 
4 4 30 (0 1324 62 ) (0 1192 62 ) (0 1192 116 ) (0 1324 116 ) 
4 4 25 (0 1384 116 ) (0 1384 62 ) (0 1324 62 ) (0 1324 116 ) 
4 4 20 (0 1192 512 ) (0 1384 512 ) (0 1384 116 ) (0 1192 116 ) 
4 4 7 (112 1192 62 ) (0 1192 62 ) (0 1384 62 ) (112 1384 62 ) 
4 4 8 (112 1192 512 ) (0 1192 512 ) (0 1192 62 ) (112 1192 62 ) 
4 5 12 (200 1384 58 ) (204 1384 58 ) (204 1324 58 ) (200 1324 58 ) 
4 5 9 (204 1384 58 ) (272 1384 58 ) (272 1324 58 ) (204 1324 58 ) 
4 5 7 (200 1324 62 ) (200 1384 62 ) (200 1384 58 ) (200 1324 58 ) 
4 6 13 (204 1192 58 ) (200 1192 58 ) (200 1252 58 ) (204 1252 58 ) 
4 6 11 (272 1252 58 ) (272 1192 58 ) (204 1192 58 ) (204 1252 58 ) 
4 6 8 (200 1192 58 ) (272 1192 58 ) (272 1192 62 ) (200 1192 62 ) 
4 6 7 (200 1192 58 ) (200 1192 62 ) (200 1252 62 ) (200 1252 58 ) 
4 7 30 (0 1324 58 ) (0 1192 58 ) (0 1192 62 ) (0 1324 62 ) 
4 7 25 (0 1384 62 ) (0 1384 58 ) (0 1324 58 ) (0 1324 62 ) 
4 7 14 (0 1192 58 ) (0 1384 58 ) (200 1384 58 ) (200 1192 58 ) 
4 7 8 (0 1192 58 ) (200 1192 58 ) (200 1192 62 ) (0 1192 62 ) 
4 8 72 (48 1024 58 ) (96 1024 58 ) (96 1024 128 ) (48 1024 128 ) 
4 8 75 (0 1024 128 ) (0 1024 58 ) (48 1024 58 ) (48 1024 128 ) 
4 8 67 (96 1024 58 ) (128 1024 58 ) (128 1024 128 ) (96 1024 128 ) 
4 8 65 (128 1024 58 ) (256 1024 58 ) (256 1024 128 ) (128 1024 128 ) 
4 8 60 (256 1024 58 ) (272 1024 58 ) (272 1024 128 ) (256 1024 128 ) 
4 8 40 (272 1024 512 ) (48 1024 512 ) (48 1024 128 ) (272 1024 128 ) 
4 8 43 (48 1024 512 ) (0 1024 512 ) (0 1024 128 ) (48 1024 128 ) 
4 8 30 (0 1024 58 ) (0 1024 116 ) (0 1192 116 ) (0 1192 58 ) 
4 8 24 (0 1024 116 ) (0 1024 512 ) (0 1192 512 ) (0 1192 116 ) 
4 8 13 (204 1024 58 ) (200 1024 58 ) (200 1192 58 ) (204 1192 58 ) 
4 8 14 (200 1024 58 ) (0 1024 58 ) (0 1192 58 ) (200 1192 58 ) 
4 8 11 (272 1024 58 ) (204 1024 58 ) (204 1192 58 ) (272 1192 58 ) 
4 9 15 (204 1324 -50 ) (204 1648 -50 ) (272 1648 -50 ) (272 1324 -50 ) 
4 9 12 (204 1648 58 ) (204 1648 -50 ) (204 1324 -50 ) (204 1324 58 ) 
4 11 84 (204 1024 0 ) (204 1024 -50 ) (272 1024 -50 ) (272 1024 0 ) 
4 11 65 (256 1024 58 ) (204 1024 58 ) (204 1024 0 ) (256 1024 0 ) 
4 11 60 (272 1024 58 ) (256 1024 58 ) (256 1024 0 ) (272 1024 0 ) 
4 11 17 (272 1024 -50 ) (204 1024 -50 ) (204 1252 -50 ) (272 1252 -50 ) 
4 11 13 (204 1252 -50 ) (204 1024 -50 ) (204 1024 58 ) (204 1252 58 ) 
4 12 15 (200 1324 -50 ) (200 1648 -50 ) (204 1648 -50 ) (204 1324 -50 ) 
4 12 14 (200 1648 58 ) (200 1648 -50 ) (200 1324 -50 ) (200 1324 58 ) 
4 13 84 (200 1024 0 ) (200 1024 -50 ) (204 1024 -50 ) (204 1024 0 ) 
4 13 65 (204 1024 58 ) (200 1024 58 ) (200 1024 0 ) (204 1024 0 ) 
4 13 17 (204 1024 -50 ) (200 1024 -50 ) (200 1252 -50 ) (204 1252 -50 ) 
4 13 14 (200 1252 -50 ) (200 1024 -50 ) (200 1024 58 ) (200 1252 58 ) 
4 14 89 (0 1024 0 ) (0 1024 -50 ) (48 1024 -50 ) (48 1024 0 ) 
4 14 85 (48 1024 -50 ) (128 1024 -50 ) (128 1024 0 ) (48 1024 0 ) 
4 14 84 (128 1024 -50 ) (200 1024 -50 ) (200 1024 0 ) (128 1024 0 ) 
4 14 72 (96 1024 58 ) (48 1024 58 ) (48 1024 0 ) (96 1024 0 ) 
4 14 75 (48 1024 58 ) (0 1024 58 ) (0 1024 0 ) (48 1024 0 ) 
4 14 67 (128 1024 58 ) (96 1024 58 ) (96 1024 0 ) (128 1024 0 ) 
4 14 65 (200 1024 58 ) (128 1024 58 ) (128 1024 0 ) (200 1024 0 ) 
4 14 33 (0 1024 -50 ) (0 1024 58 ) (0 1324 58 ) (0 1324 -50 ) 
4 14 29 (0 1648 20 ) (0 1648 -50 ) (0 1324 -50 ) (0 1324 20 ) 
4 14 25 (0 1324 58 ) (0 1648 58 ) (0 1648 20 ) (0 1324 20 ) 
4 14 18 (200 1024 -50 ) (0 1024 -50 ) (0 1648 -50 ) (200 1648 -50 ) 
4 15 16 (200 1324 -54 ) (200 1324 -256 ) (272 1324 -256 ) (272 1324 -54 ) 
4 15 18 (200 1648 -256 ) (200 1324 -256 ) (200 1324 -50 ) (200 1648 -50 ) 
4 16 17 (200 1252 -54 ) (200 1252 -256 ) (272 1252 -256 ) (272 1252 -54 ) 
4 16 18 (200 1324 -256 ) (200 1252 -256 ) (200 1252 -54 ) (200 1324 -54 ) 
4 17 90 (200 1024 -128 ) (200 1024 -256 ) (272 1024 -256 ) (272 1024 -128 ) 
4 17 84 (272 1024 -50 ) (200 1024 -50 ) (200 1024 -128 ) (272 1024 -128 ) 
4 17 18 (200 1252 -256 ) (200 1024 -256 ) (200 1024 -50 ) (200 1252 -50 ) 
4 18 90 (0 1024 -128 ) (0 1024 -256 ) (200 1024 -256 ) (200 1024 -128 ) 
4 18 89 (48 1024 -50 ) (0 1024 -50 ) (0 1024 -128 ) (48 1024 -128 ) 
4 18 85 (128 1024 -50 ) (48 1024 -50 ) (48 1024 -128 ) (128 1024 -128 ) 
4 18 84 (200 1024 -50 ) (128 1024 -50 ) (128 1024 -128 ) (200 1024 -128 ) 
4 18 39 (0 1024 -256 ) (0 1024 -54 ) (0 1324 -54 ) (0 1324 -256 ) 
4 18 37 (0 1024 -54 ) (0 1024 -50 ) (0 1324 -50 ) (0 1324 -54 ) 
4 18 29 (0 1324 -50 ) (0 1648 -50 ) (0 1648 -256 ) (0 1324 -256 ) 
4 19 28 (-272 1384 116 ) (-272 1648 116 ) (-256 1648 116 ) (-256 1384 116 ) 
4 19 27 (-256 1648 116 ) (-80 1648 116 ) (-80 1384 116 ) (-256 1384 116 ) 
4 19 25 (-80 1648 116 ) (0 1648 116 ) (0 1384 116 ) (-80 1384 116 ) 
4 19 22 (-232 1384 186 ) (-272 1384 186 ) (-272 1384 154 ) (-232 1384 154 ) 
4 19 21 (-112 1384 186 ) (-112 1384 512 ) (-272 1384 512 ) (-272 1384 186 ) 
4 19 23 (-272 1384 116 ) (-112 1384 116 ) (-112 1384 154 ) (-272 1384 154 ) 
4 19 20 (-112 1384 116 ) (0 1384 116 ) (0 1384 512 ) (-112 1384 512 ) 
4 20 30 (0 1324 116 ) (0 1192 116 ) (-112 1192 116 ) (-112 1324 116 ) 
4 20 27 (-112 1384 116 ) (-80 1384 116 ) (-80 1324 116 ) (-112 1324 116 ) 
4 20 25 (-80 1384 116 ) (0 1384 116 ) (0 1324 116 ) (-80 1324 116 ) 
4 20 21 (-112 1384 512 ) (-112 1384 186 ) (-112 1192 186 ) (-112 1192 512 ) 
4 20 23 (-112 1384 154 ) (-112 1384 116 ) (-112 1192 116 ) (-112 1192 154 ) 
4 20 24 (-112 1192 116 ) (0 1192 116 ) (0 1192 512 ) (-112 1192 512 ) 
4 21 22 (-272 1384 186 ) (-232 1384 186 ) (-232 1192 186 ) (-272 1192 186 ) 
4 21 24 (-112 1192 186 ) (-112 1192 512 ) (-272 1192 512 ) (-272 1192 186 ) 
4 22 24 (-232 1192 186 ) (-272 1192 186 ) (-272 1192 154 ) (-232 1192 154 ) 
4 22 23 (-272 1384 154 ) (-232 1384 154 ) (-232 1192 154 ) (-272 1192 154 ) 
4 23 31 (-272 1252 116 ) (-272 1324 116 ) (-200 1324 116 ) (-200 1252 116 ) 
4 23 32 (-272 1192 116 ) (-272 1252 116 ) (-200 1252 116 ) (-200 1192 116 ) 
4 23 30 (-200 1324 116 ) (-112 1324 116 ) (-112 1192 116 ) (-200 1192 116 ) 
4 23 28 (-272 1324 116 ) (-272 1384 116 ) (-256 1384 116 ) (-256 1324 116 ) 
4 23 27 (-256 1384 116 ) (-112 1384 116 ) (-112 1324 116 ) (-256 1324 116 ) 
4 23 24 (-272 1192 116 ) (-112 1192 116 ) (-112 1192 154 ) (-272 1192 154 ) 
4 24 110 (-48 1024 512 ) (-272 1024 512 ) (-272 1024 116 ) (-48 1024 116 ) 
4 24 109 (0 1024 116 ) (0 1024 512 ) (-48 1024 512 ) (-48 1024 116 ) 
4 24 32 (-200 1024 116 ) (-272 1024 116 ) (-272 1192 116 ) (-200 1192 116 ) 
4 24 30 (0 1024 116 ) (-200 1024 116 ) (-200 1192 116 ) (0 1192 116 ) 
4 25 33 (0 1324 20 ) (0 1324 58 ) (-80 1324 58 ) (-80 1324 20 ) 
4 25 30 (0 1324 58 ) (0 1324 116 ) (-80 1324 116 ) (-80 1324 58 ) 
4 25 29 (0 1324 20 ) (-80 1324 20 ) (-80 1648 20 ) (0 1648 20 ) 
4 25 27 (-80 1648 20 ) (-80 1324 20 ) (-80 1324 116 ) (-80 1648 116 ) 
4 27 33 (-200 1324 20 ) (-80 1324 20 ) (-80 1324 58 ) (-200 1324 58 ) 
4 27 31 (-200 1324 116 ) (-256 1324 116 ) (-256 1324 62 ) (-200 1324 62 ) 
4 27 30 (-80 1324 116 ) (-200 1324 116 ) (-200 1324 58 ) (-80 1324 58 ) 
4 27 29 (-80 1324 20 ) (-256 1324 20 ) (-256 1648 20 ) (-80 1648 20 ) 
4 27 28 (-256 1648 20 ) (-256 1324 20 ) (-256 1324 116 ) (-256 1648 116 ) 
4 28 31 (-256 1324 116 ) (-272 1324 116 ) (-272 1324 62 ) (-256 1324 62 ) 
4 28 29 (-256 1324 20 ) (-272 1324 20 ) (-272 1648 20 ) (-256 1648 20 ) 
4 29 39 (0 1324 -256 ) (0 1324 -54 ) (-272 1324 -54 ) (-272 1324 -256 ) 
4 29 37 (0 1324 -54 ) (0 1324 -50 ) (-200 1324 -50 ) (-200 1324 -54 ) 
4 29 33 (0 1324 -50 ) (0 1324 20 ) (-200 1324 20 ) (-200 1324 -50 ) 
4 30 110 (-48 1024 116 ) (-200 1024 116 ) (-200 1024 58 ) (-48 1024 58 ) 
4 30 109 (0 1024 58 ) (0 1024 116 ) (-48 1024 116 ) (-48 1024 58 ) 
4 30 33 (-200 1324 58 ) (0 1324 58 ) (0 1024 58 ) (-200 1024 58 ) 
4 30 31 (-200 1324 116 ) (-200 1324 62 ) (-200 1252 62 ) (-200 1252 116 ) 
4 30 32 (-200 1252 58 ) (-200 1024 58 ) (-200 1024 116 ) (-200 1252 116 ) 
4 31 32 (-200 1252 62 ) (-200 1252 116 ) (-272 1252 116 ) (-272 1252 62 ) 
4 32 110 (-200 1024 116 ) (-272 1024 116 ) (-272 1024 58 ) (-200 1024 58 ) 
4 32 36 (-272 1024 58 ) (-272 1252 58 ) (-204 1252 58 ) (-204 1024 58 ) 
4 32 34 (-204 1252 58 ) (-200 1252 58 ) (-200 1024 58 ) (-204 1024 58 ) 
4 33 160 (-48 1024 0 ) (-200 1024 0 ) (-200 1024 -50 ) (-48 1024 -50 ) 
4 33 159 (0 1024 -50 ) (0 1024 0 ) (-48 1024 0 ) (-48 1024 -50 ) 
4 33 110 (-48 1024 58 ) (-200 1024 58 ) (-200 1024 0 ) (-48 1024 0 ) 
4 33 109 (0 1024 0 ) (0 1024 58 ) (-48 1024 58 ) (-48 1024 0 ) 
4 33 37 (0 1024 -50 ) (-200 1024 -50 ) (-200 1324 -50 ) (0 1324 -50 ) 
4 33 34 (-200 1252 -50 ) (-200 1024 -50 ) (-200 1024 58 ) (-200 1252 58 ) 
4 34 160 (-204 1024 0 ) (-204 1024 -50 ) (-200 1024 -50 ) (-200 1024 0 ) 
4 34 110 (-200 1024 58 ) (-204 1024 58 ) (-204 1024 0 ) (-200 1024 0 ) 
4 34 38 (-200 1024 -50 ) (-204 1024 -50 ) (-204 1252 -50 ) (-200 1252 -50 ) 
4 34 36 (-204 1252 -50 ) (-204 1024 -50 ) (-204 1024 58 ) (-204 1252 58 ) 
4 36 160 (-272 1024 0 ) (-272 1024 -50 ) (-204 1024 -50 ) (-204 1024 0 ) 
4 36 110 (-204 1024 58 ) (-272 1024 58 ) (-272 1024 0 ) (-204 1024 0 ) 
4 36 38 (-204 1024 -50 ) (-272 1024 -50 ) (-272 1252 -50 ) (-204 1252 -50 ) 
4 37 160 (-48 1024 -50 ) (-200 1024 -50 ) (-200 1024 -54 ) (-48 1024 -54 ) 
4 37 159 (0 1024 -54 ) (0 1024 -50 ) (-48 1024 -50 ) (-48 1024 -54 ) 
4 37 39 (-200 1324 -54 ) (0 1324 -54 ) (0 1024 -54 ) (-200 1024 -54 ) 
4 37 38 (-200 1252 -54 ) (-200 1024 -54 ) (-200 1024 -50 ) (-200 1252 -50 ) 
4 38 160 (-200 1024 -50 ) (-272 1024 -50 ) (-272 1024 -54 ) (-200 1024 -54 ) 
4 38 39 (-272 1024 -54 ) (-272 1252 -54 ) (-200 1252 -54 ) (-200 1024 -54 ) 
4 39 172 (0 1024 -256 ) (0 1024 -128 ) (-272 1024 -128 ) (-272 1024 -256 ) 
4 39 160 (-48 1024 -54 ) (-272 1024 -54 ) (-272 1024 -128 ) (-48 1024 -128 ) 
4 39 159 (0 1024 -128 ) (0 1024 -54 ) (-48 1024 -54 ) (-48 1024 -128 ) 
4 40 72 (48 1024 128 ) (96 1024 128 ) (96 984 128 ) (48 984 128 ) 
4 40 67 (96 1024 128 ) (128 1024 128 ) (128 984 128 ) (96 984 128 ) 
4 40 65 (128 1024 128 ) (256 1024 128 ) (256 984 128 ) (128 984 128 ) 
4 40 60 (256 1024 128 ) (272 1024 128 ) (272 984 128 ) (256 984 128 ) 
4 40 41 (120 984 128 ) (272 984 128 ) (272 984 512 ) (120 984 512 ) 
4 40 43 (48 1024 128 ) (48 984 128 ) (48 984 512 ) (48 1024 512 ) 
4 41 73 (96 784 128 ) (48 784 128 ) (48 939 128 ) (96 969 128 ) 
5 41 68 (128 784 128 ) (96 784 128 ) (96 969 128 ) (120 984 128 ) (128 984 128 ) 
4 41 65 (256 784 128 ) (128 784 128 ) (128 984 128 ) (256 984 128 ) 
4 41 60 (272 984 128 ) (272 784 128 ) (256 784 128 ) (256 984 128 ) 
4 41 42 (87.995232 963.998596 128 ) (48 939.001953 128 ) (48 939.001953 512 ) (87.995224 963.998596 512 ) 
4 41 43 (48 939 128 ) (48 784 128 ) (48 784 512 ) (48 939 512 ) 
3 42 74 (48 939 128 ) (48 952 128 ) (88 964 128 ) 
4 42 43 (48 952 128 ) (48 939 128 ) (48 939 512 ) (48 952 512 ) 
4 43 109 (0 1024 512 ) (0 1024 128 ) (0 784 128 ) (0 784 512 ) 
4 43 75 (0 784 128 ) (0 1024 128 ) (48 1024 128 ) (48 784 128 ) 
4 44 73 (64 768 128 ) (96 768 128 ) (96 672 128 ) (64 672 128 ) 
4 44 47 (64 736 128 ) (64 672 128 ) (64 672 190 ) (64 736 190 ) 
4 44 46 (64 672 190 ) (64 672 192 ) (64 736 192 ) (64 736 190 ) 
4 44 45 (64 768 192 ) (64 768 128 ) (64 736 128 ) (64 736 192 ) 
4 45 114 (0 768 128 ) (0 736 128 ) (0 736 192 ) (0 768 192 ) 
4 45 73 (48 768 128 ) (64 768 128 ) (64 736 128 ) (48 736 128 ) 
4 45 75 (0 736 128 ) (0 768 128 ) (48 768 128 ) (48 736 128 ) 
4 45 47 (0 736 128 ) (64 736 128 ) (64 736 190 ) (0 736 190 ) 
4 45 46 (64 736 190 ) (64 736 192 ) (0 736 192 ) (0 736 190 ) 
4 46 115 (0 672 190 ) (0 672 200 ) (0 736 200 ) (0 736 190 ) 
4 46 47 (0 736 190 ) (64 736 190 ) (64 672 190 ) (0 672 190 ) 
4 47 116 (0 736 128 ) (0 672 128 ) (0 672 190 ) (0 736 190 ) 
4 47 73 (48 736 128 ) (64 736 128 ) (64 672 128 ) (48 672 128 ) 
4 47 75 (0 672 128 ) (0 736 128 ) (48 736 128 ) (48 672 128 ) 
4 48 137 (0 192 256 ) (0 192 384 ) (0 448 384 ) (0 448 256 ) 
4 48 53 (0 192 384 ) (0 192 256 ) (256 192 256 ) (256 192 384 ) 
4 48 49 (256 448 256 ) (256 192 256 ) (0 192 256 ) (0 448 256 ) 
4 49 137 (0 448 128 ) (0 192 128 ) (0 192 256 ) (0 448 256 ) 
4 49 136 (0 512 128 ) (0 448 128 ) (0 448 256 ) (0 512 256 ) 
4 49 134 (0 544 128 ) (0 512 128 ) (0 512 256 ) (0 544 256 ) 
4 49 130 (0 576 128 ) (0 544 128 ) (0 544 254 ) (0 576 254 ) 
4 49 128 (0 544 254 ) (0 544 256 ) (0 576 256 ) (0 576 254 ) 
4 49 83 (0 192 128 ) (0 576 128 ) (64 576 128 ) (64 192 128 ) 
4 49 80 (64 576 128 ) (96 576 128 ) (96 192 128 ) (64 192 128 ) 
4 49 70 (128 256 128 ) (128 192 128 ) (96 192 128 ) (96 256 128 ) 
4 49 69 (96 576 128 ) (128 576 128 ) (128 256 128 ) (96 256 128 ) 
4 49 66 (128 576 128 ) (256 576 128 ) (256 192 128 ) (128 192 128 ) 
4 49 53 (0 192 256 ) (0 192 128 ) (256 192 128 ) (256 192 256 ) 
4 50 199 (336 0 400 ) (336 0 384 ) (384 0 384 ) (384 0 400 ) 
4 50 198 (384 0 384 ) (432 0 384 ) (432 0 400 ) (384 0 400 ) 
4 50 195 (336 0 468 ) (336 0 400 ) (352 0 400 ) (352 0 468 ) 
4 50 194 (352 0 400 ) (432 0 400 ) (432 0 468 ) (352 0 468 ) 
4 50 193 (336 0 752 ) (336 0 468 ) (432 0 468 ) (432 0 752 ) 
4 50 55 (432 0 384 ) (336 0 384 ) (336 80 384 ) (432 80 384 ) 
4 51 204 (0 0 392 ) (0 0 384 ) (64 0 384 ) (64 0 392 ) 
4 51 133 (0 0 384 ) (0 0 392 ) (0 128 392 ) (0 128 384 ) 
4 51 56 (64 0 384 ) (0 0 384 ) (0 124 384 ) (64 124 384 ) 
4 51 54 (0 124 384 ) (0 128 384 ) (64 128 384 ) (64 124 384 ) 
4 52 61 (288 192 128 ) (768 192 128 ) (768 124 128 ) (288 124 128 ) 
4 52 55 (288 124 128 ) (768 124 128 ) (768 124 384 ) (288 124 384 ) 
4 53 137 (0 192 128 ) (0 128 128 ) (0 128 384 ) (0 192 384 ) 
4 53 83 (0 128 128 ) (0 192 128 ) (64 192 128 ) (64 128 128 ) 
4 53 80 (64 192 128 ) (96 192 128 ) (96 128 128 ) (64 128 128 ) 
4 53 70 (96 192 128 ) (128 192 128 ) (128 128 128 ) (96 128 128 ) 
4 53 66 (128 192 128 ) (256 192 128 ) (256 128 128 ) (128 128 128 ) 
4 53 54 (0 128 128 ) (256 128 128 ) (256 128 384 ) (0 128 384 ) 
4 54 137 (0 128 128 ) (0 124 128 ) (0 124 384 ) (0 128 384 ) 
4 54 83 (0 124 128 ) (0 128 128 ) (64 128 128 ) (64 124 128 ) 
4 54 80 (64 128 128 ) (96 128 128 ) (96 124 128 ) (64 124 128 ) 
4 54 71 (96 128 128 ) (128 128 128 ) (128 124 128 ) (96 124 128 ) 
4 54 66 (128 128 128 ) (256 128 128 ) (256 124 128 ) (128 124 128 ) 
4 54 62 (256 128 128 ) (284 128 128 ) (284 124 128 ) (256 124 128 ) 
4 54 59 (0 124 128 ) (284 124 128 ) (284 124 132 ) (0 124 132 ) 
4 54 58 (284 124 132 ) (284 124 380 ) (0 124 380 ) (0 124 132 ) 
4 54 56 (284 124 380 ) (284 124 384 ) (0 124 384 ) (0 124 380 ) 
4 55 232 (288 0 132 ) (288 0 128 ) (384 0 128 ) (384 0 132 ) 
4 55 229 (288 0 380 ) (288 0 132 ) (384 0 132 ) (384 0 380 ) 
4 55 227 (384 0 384 ) (288 0 384 ) (288 0 380 ) (384 0 380 ) 
4 55 208 (384 0 256 ) (384 0 128 ) (768 0 128 ) (768 0 256 ) 
4 55 206 (400 0 384 ) (384 0 384 ) (384 0 256 ) (400 0 256 ) 
4 55 205 (768 0 384 ) (400 0 384 ) (400 0 256 ) (768 0 256 ) 
4 55 61 (768 0 128 ) (288 0 128 ) (288 124 128 ) (768 124 128 ) 
4 55 57 (288 124 380 ) (288 124 132 ) (288 0 132 ) (288 0 380 ) 
4 56 228 (284 0 384 ) (0 0 384 ) (0 0 380 ) (284 0 380 ) 
4 56 137 (0 0 380 ) (0 0 384 ) (0 124 384 ) (0 124 380 ) 
4 56 58 (0 0 380 ) (0 124 380 ) (284 124 380 ) (284 0 380 ) 
4 57 230 (287 0 132 ) (288 0 132 ) (288 0 380 ) (287 0 380 ) 
4 57 58 (287 124 132 ) (287 0 132 ) (287 0 380 ) (287 124 380 ) 
4 58 231 (0 0 380 ) (0 0 132 ) (287 0 132 ) (287 0 380 ) 
4 58 137 (0 0 132 ) (0 0 380 ) (0 124 380 ) (0 124 132 ) 
4 58 59 (0 124 132 ) (284 124 132 ) (284 0 132 ) (0 0 132 ) 
4 59 233 (0 0 132 ) (0 0 128 ) (284 0 128 ) (284 0 132 ) 
4 59 137 (0 124 128 ) (0 0 128 ) (0 0 132 ) (0 124 132 ) 
4 59 83 (64 0 128 ) (0 0 128 ) (0 124 128 ) (64 124 128 ) 
4 59 80 (96 0 128 ) (64 0 128 ) (64 124 128 ) (96 124 128 ) 
4 59 71 (128 0 128 ) (96 0 128 ) (96 124 128 ) (128 124 128 ) 
4 59 66 (256 0 128 ) (128 0 128 ) (128 124 128 ) (256 124 128 ) 
4 59 64 (284 0 128 ) (256 0 128 ) (256 124 128 ) (284 124 128 ) 
4 60 84 (256 1024 0 ) (272 1024 0 ) (272 784 0 ) (256 784 0 ) 
4 60 65 (256 1024 0 ) (256 784 0 ) (256 784 128 ) (256 1024 128 ) 
4 61 244 (380 0 128 ) (288 0 128 ) (288 0 0 ) (380 0 0 ) 
4 61 242 (384 0 128 ) (380 0 128 ) (380 0 0 ) (384 0 0 ) 
4 61 208 (768 0 128 ) (384 0 128 ) (384 0 0 ) (768 0 0 ) 
4 61 94 (768 0 0 ) (288 0 0 ) (288 128 0 ) (768 128 0 ) 
4 61 92 (288 128 0 ) (288 192 0 ) (768 192 0 ) (768 128 0 ) 
4 61 63 (288 124 0 ) (288 0 0 ) (288 0 128 ) (288 124 128 ) 
4 62 99 (256 124 0 ) (256 128 0 ) (284 128 0 ) (284 124 0 ) 
4 62 66 (256 128 0 ) (256 124 0 ) (256 124 128 ) (256 128 128 ) 
4 62 64 (256 124 128 ) (256 124 0 ) (284 124 0 ) (284 124 128 ) 
4 63 245 (288 0 128 ) (287 0 128 ) (287 0 0 ) (288 0 0 ) 
4 63 64 (287 124 128 ) (287 124 0 ) (287 0 0 ) (287 0 128 ) 
4 64 246 (287 0 128 ) (256 0 128 ) (256 0 0 ) (287 0 0 ) 
4 64 99 (284 0 0 ) (256 0 0 ) (256 124 0 ) (284 124 0 ) 
4 64 66 (256 124 0 ) (256 0 0 ) (256 0 128 ) (256 124 128 ) 
4 65 84 (128 1024 0 ) (256 1024 0 ) (256 784 0 ) (128 784 0 ) 
4 65 68 (128 984 0 ) (128 784 0 ) (128 784 128 ) (128 984 128 ) 
4 65 67 (128 1024 0 ) (128 984 0 ) (128 984 128 ) (128 1024 128 ) 
4 66 246 (256 0 128 ) (128 0 128 ) (128 0 0 ) (256 0 0 ) 
4 66 100 (256 128 0 ) (256 0 0 ) (128 0 0 ) (128 128 0 ) 
4 66 93 (256 192 0 ) (256 128 0 ) (128 128 0 ) (128 192 0 ) 
4 66 70 (128 128 8 ) (128 128 128 ) (128 256 128 ) (128 256 8 ) 
4 66 71 (128 128 0 ) (128 0 0 ) (128 0 128 ) (128 128 128 ) 
4 66 69 (128 576 0 ) (128 256 0 ) (128 256 128 ) (128 576 128 ) 
4 67 85 (96 1024 0 ) (128 1024 0 ) (128 984 0 ) (96 984 0 ) 
4 67 72 (96 1024 0 ) (96 984 0 ) (96 984 128 ) (96 1024 128 ) 
4 67 68 (120 984 0 ) (128 984 0 ) (128 984 128 ) (120 984 128 ) 
5 68 86 (128 984 0 ) (128 784 0 ) (96 784 0 ) (96 969 0 ) (120 984 0 ) 
4 68 73 (96 969 0 ) (96 784 0 ) (96 784 128 ) (96 969 128 ) 
4 69 80 (96 576 0 ) (96 256 0 ) (96 256 128 ) (96 576 128 ) 
4 69 70 (96 256 128 ) (96 256 8 ) (128 256 8 ) (128 256 128 ) 
4 70 80 (96 128 8 ) (96 128 128 ) (96 256 128 ) (96 256 8 ) 
4 70 71 (96 128 128 ) (96 128 8 ) (128 128 8 ) (128 128 128 ) 
4 71 246 (128 0 128 ) (96 0 128 ) (96 0 0 ) (128 0 0 ) 
4 71 100 (128 128 0 ) (128 0 0 ) (96 0 0 ) (96 128 0 ) 
4 71 80 (96 128 0 ) (96 0 0 ) (96 0 128 ) (96 128 128 ) 
4 72 85 (48 1024 0 ) (96 1024 0 ) (96 984 0 ) (48 984 0 ) 
4 72 75 (48 1024 0 ) (48 984 0 ) (48 984 128 ) (48 1024 128 ) 
4 73 86 (96 969 0 ) (96 784 0 ) (48 784 0 ) (48 939 0 ) 
4 73 76 (48 672 0 ) (64 672 0 ) (64 672 128 ) (48 672 128 ) 
4 73 74 (87.995064 963.998474 0 ) (48 939.001953 0 ) (48 939.001953 128 ) (87.995071 963.998474 128 ) 
4 73 75 (48 939 0 ) (48 672 0 ) (48 672 128 ) (48 939 128 ) 
3 74 87 (88 964 0 ) (48 939 0 ) (48 952 0 ) 
4 74 75 (48 952 0 ) (48 939 0 ) (48 939 128 ) (48 952 128 ) 
4 75 116 (0 736 0 ) (0 672 0 ) (0 672 128 ) (0 736 128 ) 
4 75 114 (0 768 0 ) (0 736 0 ) (0 736 128 ) (0 768 128 ) 
4 75 113 (0 784 0 ) (0 768 0 ) (0 768 128 ) (0 784 128 ) 
4 75 109 (0 1024 128 ) (0 1024 0 ) (0 784 0 ) (0 784 128 ) 
4 75 89 (0 784 0 ) (0 1024 0 ) (48 1024 0 ) (48 784 0 ) 
4 75 76 (0 672 0 ) (48 672 0 ) (48 672 128 ) (0 672 128 ) 
4 76 119 (0 672 0 ) (0 664 0 ) (0 664 128 ) (0 672 128 ) 
4 76 77 (0 664 0 ) (64 664 0 ) (64 664 128 ) (0 664 128 ) 
4 77 119 (0 664 0 ) (0 648 0 ) (0 648 128 ) (0 664 128 ) 
4 77 81 (0 648 0 ) (64 648 0 ) (64 648 128 ) (0 648 128 ) 
4 78 81 (64 608 0 ) (64 591 0 ) (64 591 128 ) (64 608 128 ) 
4 78 79 (64 591 128 ) (64 591 0 ) (96 591 0 ) (96 591 128 ) 
4 79 82 (64 591 0 ) (64 590 0 ) (64 590 128 ) (64 591 128 ) 
4 79 80 (64 590 128 ) (64 590 0 ) (96 590 0 ) (96 590 128 ) 
4 80 246 (96 0 128 ) (64 0 128 ) (64 0 0 ) (96 0 0 ) 
4 80 100 (96 128 0 ) (96 0 0 ) (64 0 0 ) (64 128 0 ) 
4 80 83 (64 590 0 ) (64 0 0 ) (64 0 128 ) (64 590 128 ) 
4 81 119 (0 648 0 ) (0 591 0 ) (0 591 128 ) (0 648 128 ) 
4 81 82 (0 591 0 ) (64 591 0 ) (64 591 128 ) (0 591 128 ) 
4 82 120 (0 591 0 ) (0 590 0 ) (0 590 128 ) (0 591 128 ) 
4 82 83 (0 590 0 ) (64 590 0 ) (64 590 128 ) (0 590 128 ) 
4 83 246 (64 0 128 ) (0 0 128 ) (0 0 0 ) (64 0 0 ) 
4 83 137 (0 448 0 ) (0 0 0 ) (0 0 128 ) (0 448 128 ) 
4 83 136 (0 512 0 ) (0 448 0 ) (0 448 128 ) (0 512 128 ) 
4 83 134 (0 544 0 ) (0 512 0 ) (0 512 128 ) (0 544 128 ) 
4 83 130 (0 576 0 ) (0 544 0 ) (0 544 128 ) (0 576 128 ) 
4 83 121 (0 590 0 ) (0 576 0 ) (0 576 128 ) (0 590 128 ) 
4 83 102 (0 64 0 ) (0 120 0 ) (58 120 0 ) (58 64 0 ) 
4 83 101 (0 120 0 ) (0 128 0 ) (58 128 0 ) (58 120 0 ) 
4 83 104 (0 0 0 ) (0 64 0 ) (58 64 0 ) (58 0 0 ) 
4 83 100 (58 128 0 ) (64 128 0 ) (64 0 0 ) (58 0 0 ) 
4 84 90 (128 784 -128 ) (128 1024 -128 ) (272 1024 -128 ) (272 784 -128 ) 
4 84 86 (128 784 -68 ) (128 784 0 ) (128 984 0 ) (128 984 -68 ) 
4 84 88 (128 984 -128 ) (128 784 -128 ) (128 784 -68 ) (128 984 -68 ) 
4 84 85 (128 1024 -128 ) (128 984 -128 ) (128 984 0 ) (128 1024 0 ) 
4 85 90 (48 984 -128 ) (48 1024 -128 ) (128 1024 -128 ) (128 984 -128 ) 
4 85 89 (48 1024 -128 ) (48 984 -128 ) (48 984 0 ) (48 1024 0 ) 
4 85 86 (120 984 -68 ) (128 984 -68 ) (128 984 0 ) (120 984 0 ) 
4 85 88 (48 984 -68 ) (48 984 -128 ) (128 984 -128 ) (128 984 -68 ) 
4 86 89 (48 784 -68 ) (48 784 0 ) (48 939 0 ) (48 939 -68 ) 
4 86 87 (88 964 -68 ) (48 939 -68 ) (48 939 0 ) (88 964 0 ) 
5 86 88 (128 784 -68 ) (48 784 -68 ) (48 939 -68 ) (120 984 -68 ) (128 984 -68 ) 
4 87 89 (48 939 0 ) (48 952 0 ) (48 952 -68 ) (48 939 -68 ) 
3 87 88 (48 939 -68 ) (48 952 -68 ) (88 964 -68 ) 
4 88 90 (48 784 -128 ) (48 984 -128 ) (128 984 -128 ) (128 784 -128 ) 
4 88 89 (48 984 -128 ) (48 784 -128 ) (48 784 -68 ) (48 984 -68 ) 
4 89 159 (0 1024 0 ) (0 1024 -128 ) (0 784 -128 ) (0 784 0 ) 
4 89 90 (0 784 -128 ) (0 1024 -128 ) (48 1024 -128 ) (48 784 -128 ) 
4 90 172 (0 1024 -128 ) (0 1024 -256 ) (0 784 -256 ) (0 784 -128 ) 
4 91 251 (776 0 0 ) (768 0 0 ) (768 0 -32 ) (776 0 -32 ) 
4 91 94 (768 128 -32 ) (768 0 -32 ) (768 0 0 ) (768 128 0 ) 
4 91 92 (768 192 0 ) (768 192 -32 ) (768 128 -32 ) (768 128 0 ) 
4 92 105 (288 192 -512 ) (768 192 -512 ) (768 128 -512 ) (288 128 -512 ) 
4 92 94 (288 128 -512 ) (768 128 -512 ) (768 128 0 ) (288 128 0 ) 
4 93 106 (128 192 -512 ) (256 192 -512 ) (256 128 -512 ) (128 128 -512 ) 
4 93 100 (128 128 -512 ) (256 128 -512 ) (256 128 0 ) (128 128 0 ) 
4 94 302 (288 0 -480 ) (288 0 -512 ) (384 0 -512 ) (384 0 -480 ) 
4 94 300 (288 0 -476 ) (288 0 -480 ) (384 0 -480 ) (384 0 -476 ) 
4 94 294 (288 0 -128 ) (288 0 -476 ) (384 0 -476 ) (384 0 -128 ) 
4 94 292 (384 0 -512 ) (640 0 -512 ) (640 0 -384 ) (384 0 -384 ) 
4 94 291 (640 0 -512 ) (768 0 -512 ) (768 0 -384 ) (640 0 -384 ) 
4 94 286 (640 0 -128 ) (384 0 -128 ) (384 0 -384 ) (640 0 -384 ) 
4 94 285 (704 0 -128 ) (640 0 -128 ) (640 0 -384 ) (704 0 -384 ) 
4 94 284 (768 0 -384 ) (768 0 -128 ) (704 0 -128 ) (704 0 -384 ) 
4 94 263 (288 0 -4 ) (288 0 -128 ) (384 0 -128 ) (384 0 -4 ) 
4 94 261 (384 0 0 ) (288 0 0 ) (288 0 -4 ) (384 0 -4 ) 
4 94 259 (448 0 0 ) (384 0 0 ) (384 0 -128 ) (448 0 -128 ) 
4 94 256 (576 0 0 ) (448 0 0 ) (448 0 -128 ) (576 0 -128 ) 
4 94 254 (640 0 0 ) (576 0 0 ) (576 0 -128 ) (640 0 -128 ) 
4 94 253 (704 0 0 ) (640 0 0 ) (640 0 -128 ) (704 0 -128 ) 
4 94 252 (768 0 0 ) (704 0 0 ) (704 0 -128 ) (768 0 -128 ) 
4 94 107 (768 0 -512 ) (288 0 -512 ) (288 128 -512 ) (768 128 -512 ) 
4 94 97 (288 0 -476 ) (288 0 -260 ) (288 124 -260 ) (288 124 -476 ) 
4 94 95 (288 0 -256 ) (288 0 -4 ) (288 124 -4 ) (288 124 -256 ) 
4 95 295 (287 0 -256 ) (288 0 -256 ) (288 0 -128 ) (287 0 -128 ) 
4 95 264 (288 0 -128 ) (288 0 -4 ) (287 0 -4 ) (287 0 -128 ) 
4 95 96 (287 124 -256 ) (287 0 -256 ) (287 0 -4 ) (287 124 -4 ) 
4 96 296 (284 0 -128 ) (284 0 -256 ) (287 0 -256 ) (287 0 -128 ) 
4 96 265 (284 0 -4 ) (284 0 -128 ) (287 0 -128 ) (287 0 -4 ) 
4 96 99 (284 0 -256 ) (284 0 -4 ) (284 124 -4 ) (284 124 -256 ) 
4 97 298 (287 0 -476 ) (288 0 -476 ) (288 0 -260 ) (287 0 -260 ) 
4 97 98 (287 124 -476 ) (287 0 -476 ) (287 0 -260 ) (287 124 -260 ) 
4 98 299 (284 0 -260 ) (284 0 -476 ) (287 0 -476 ) (287 0 -260 ) 
4 98 99 (284 0 -476 ) (284 0 -260 ) (284 124 -260 ) (284 124 -476 ) 
4 99 301 (256 0 -476 ) (256 0 -480 ) (284 0 -480 ) (284 0 -476 ) 
4 99 299 (256 0 -260 ) (256 0 -476 ) (284 0 -476 ) (284 0 -260 ) 
4 99 297 (256 0 -256 ) (256 0 -260 ) (284 0 -260 ) (284 0 -256 ) 
4 99 296 (256 0 -128 ) (256 0 -256 ) (284 0 -256 ) (284 0 -128 ) 
4 99 265 (256 0 -4 ) (256 0 -128 ) (284 0 -128 ) (284 0 -4 ) 
4 99 262 (284 0 0 ) (256 0 0 ) (256 0 -4 ) (284 0 -4 ) 
4 99 100 (256 128 0 ) (256 128 -480 ) (256 0 -480 ) (256 0 0 ) 
4 100 303 (58 0 -480 ) (58 0 -512 ) (256 0 -512 ) (256 0 -480 ) 
4 100 301 (58 0 -476 ) (58 0 -480 ) (256 0 -480 ) (256 0 -476 ) 
4 100 299 (58 0 -260 ) (58 0 -476 ) (256 0 -476 ) (256 0 -260 ) 
4 100 297 (58 0 -256 ) (58 0 -260 ) (256 0 -260 ) (256 0 -256 ) 
4 100 296 (58 0 -128 ) (58 0 -256 ) (256 0 -256 ) (256 0 -128 ) 
4 100 265 (58 0 -4 ) (58 0 -128 ) (256 0 -128 ) (256 0 -4 ) 
4 100 262 (256 0 0 ) (58 0 0 ) (58 0 -4 ) (256 0 -4 ) 
4 100 108 (256 0 -512 ) (58 0 -512 ) (58 128 -512 ) (256 128 -512 ) 
4 100 103 (58 120 -512 ) (58 64 -512 ) (58 64 -1.027000 ) (58 120 -1.027000 ) 
4 100 102 (58 64 -1.027000 ) (58 64 0 ) (58 120 0 ) (58 120 -1.027000 ) 
4 100 101 (58 128 0 ) (58 128 -512 ) (58 120 -512 ) (58 120 0 ) 
4 100 104 (58 64 -512 ) (58 0 -512 ) (58 0 0 ) (58 64 0 ) 
4 101 179 (0 128 -512 ) (0 120 -512 ) (0 120 -384 ) (0 128 -384 ) 
4 101 176 (0 120 -384 ) (0 120 -256 ) (0 128 -256 ) (0 128 -384 ) 
4 101 173 (0 120 -256 ) (0 120 -128 ) (0 128 -128 ) (0 128 -256 ) 
4 101 164 (0 120 -128 ) (0 120 0 ) (0 128 0 ) (0 128 -128 ) 
4 101 108 (0 120 -512 ) (0 128 -512 ) (58 128 -512 ) (58 120 -512 ) 
4 101 103 (0 120 -512 ) (58 120 -512 ) (58 120 -1.027000 ) (0 120 -1.027000 ) 
4 101 102 (58 120 -1.027000 ) (58 120 0 ) (0 120 0 ) (0 120 -1.027000 ) 
4 102 167 (0 64 -1.027000 ) (0 64 0 ) (0 120 0 ) (0 120 -1.027000 ) 
4 102 104 (58 64 -1.027000 ) (58 64 0 ) (0 64 0 ) (0 64 -1.027000 ) 
4 102 103 (58 64 -1.027000 ) (0 64 -1.027000 ) (0 120 -1.027000 ) (58 120 -1.027000 ) 
4 103 179 (0 120 -512 ) (0 64 -512 ) (0 64 -384 ) (0 120 -384 ) 
4 103 176 (0 64 -384 ) (0 64 -256 ) (0 120 -256 ) (0 120 -384 ) 
4 103 173 (0 64 -256 ) (0 64 -128 ) (0 120 -128 ) (0 120 -256 ) 
4 103 170 (0 64 -128 ) (0 64 -1.027000 ) (0 120 -1.027000 ) (0 120 -128 ) 
4 103 108 (0 64 -512 ) (0 120 -512 ) (58 120 -512 ) (58 64 -512 ) 
4 103 104 (0 64 -512 ) (58 64 -512 ) (58 64 -1.027000 ) (0 64 -1.027000 ) 
4 104 303 (0 0 -480 ) (0 0 -512 ) (58 0 -512 ) (58 0 -480 ) 
4 104 301 (0 0 -476 ) (0 0 -480 ) (58 0 -480 ) (58 0 -476 ) 
4 104 299 (0 0 -260 ) (0 0 -476 ) (58 0 -476 ) (58 0 -260 ) 
4 104 297 (0 0 -256 ) (0 0 -260 ) (58 0 -260 ) (58 0 -256 ) 
4 104 296 (0 0 -128 ) (0 0 -256 ) (58 0 -256 ) (58 0 -128 ) 
4 104 265 (0 0 -4 ) (0 0 -128 ) (58 0 -128 ) (58 0 -4 ) 
4 104 262 (58 0 0 ) (0 0 0 ) (0 0 -4 ) (58 0 -4 ) 
4 104 179 (0 64 -512 ) (0 0 -512 ) (0 0 -384 ) (0 64 -384 ) 
4 104 176 (0 0 -384 ) (0 0 -256 ) (0 64 -256 ) (0 64 -384 ) 
4 104 173 (0 0 -256 ) (0 0 -128 ) (0 64 -128 ) (0 64 -256 ) 
4 104 171 (0 0 -128 ) (0 0 0 ) (0 64 0 ) (0 64 -128 ) 
4 104 108 (58 0 -512 ) (0 0 -512 ) (0 64 -512 ) (58 64 -512 ) 
4 105 107 (288 128 -768 ) (768 128 -768 ) (768 128 -512 ) (288 128 -512 ) 
4 106 108 (128 128 -768 ) (256 128 -768 ) (256 128 -512 ) (128 128 -512 ) 
4 107 318 (384 0 -512 ) (288 0 -512 ) (288 0 -768 ) (384 0 -768 ) 
4 107 316 (640 0 -512 ) (384 0 -512 ) (384 0 -768 ) (640 0 -768 ) 
4 107 315 (768 0 -512 ) (640 0 -512 ) (640 0 -768 ) (768 0 -768 ) 
4 108 319 (256 0 -512 ) (0 0 -512 ) (0 0 -768 ) (256 0 -768 ) 
4 108 184 (0 0 -768 ) (0 0 -512 ) (0 128 -512 ) (0 128 -768 ) 
4 109 159 (-48 1024 0 ) (0 1024 0 ) (0 784 0 ) (-48 784 0 ) 
4 109 113 (-48 784 128 ) (-48 784 0 ) (0 784 0 ) (0 784 128 ) 
4 109 112 (-48 952 0 ) (-48 939 0 ) (-48 939 512 ) (-48 952 512 ) 
4 109 111 (-48 939 0 ) (-48 784 0 ) (-48 784 512 ) (-48 939 512 ) 
4 109 110 (-48 1024 0 ) (-48 984 0 ) (-48 984 512 ) (-48 1024 512 ) 
4 110 160 (-272 1024 0 ) (-48 1024 0 ) (-48 984 0 ) (-272 984 0 ) 
4 110 111 (-272 984 512 ) (-272 984 0 ) (-120 984 0 ) (-120 984 512 ) 
5 111 161 (-48 939 0 ) (-48 784 0 ) (-272 784 0 ) (-272 984 0 ) (-120 984 0 ) 
4 111 113 (-96 784 128 ) (-96 784 0 ) (-48 784 0 ) (-48 784 128 ) 
4 111 112 (-48 939.001953 512 ) (-48 939.001953 0 ) (-87.995239 963.998596 0 ) (-87.995239 963.998596 512 ) 
3 112 162 (-48 952 0 ) (-48 939 0 ) (-88 964 0 ) 
4 113 117 (-96 768 0 ) (-64 768 0 ) (-64 768 128 ) (-96 768 128 ) 
4 113 114 (-64 768 0 ) (0 768 0 ) (0 768 128 ) (-64 768 128 ) 
4 114 117 (-64 768 192 ) (-64 768 0 ) (-64 736 0 ) (-64 736 192 ) 
4 114 116 (-64 736 190 ) (-64 736 0 ) (0 736 0 ) (0 736 190 ) 
4 114 115 (-64 736 192 ) (-64 736 190 ) (0 736 190 ) (0 736 192 ) 
4 115 117 (-64 672 190 ) (-64 672 192 ) (-64 736 192 ) (-64 736 190 ) 
4 115 116 (0 672 190 ) (-64 672 190 ) (-64 736 190 ) (0 736 190 ) 
4 116 119 (-64 672 0 ) (0 672 0 ) (0 672 128 ) (-64 672 128 ) 
4 116 117 (-64 736 0 ) (-64 672 0 ) (-64 672 190 ) (-64 736 190 ) 
4 118 130 (-64 576 128 ) (0 576 128 ) (0 576 160 ) (-64 576 160 ) 
4 118 121 (0 576 128 ) (-64 576 128 ) (-64 584 128 ) (0 584 128 ) 
4 119 123 (-64 591 128 ) (-64 608 128 ) (-64 608 0 ) (-64 591 0 ) 
4 119 122 (-64 648 128 ) (-64 664 128 ) (-64 664 0 ) (-64 648 0 ) 
4 119 120 (-64 591 128 ) (-64 591 0 ) (0 591 0 ) (0 591 128 ) 
4 120 124 (-64 590 128 ) (-64 591 128 ) (-64 591 0 ) (-64 590 0 ) 
4 120 121 (-64 590 128 ) (-64 590 0 ) (0 590 0 ) (0 590 128 ) 
4 121 130 (-64 576 0 ) (0 576 0 ) (0 576 128 ) (-64 576 128 ) 
4 121 126 (-64 580 96 ) (-64 580 0 ) (-64 578 0 ) (-64 578 96 ) 
4 121 127 (-64 576 0 ) (-64 576 128 ) (-64 578 128 ) (-64 578 0 ) 
4 121 125 (-64 580 128 ) (-64 590 128 ) (-64 590 0 ) (-64 580 0 ) 
4 123 124 (-96 591 128 ) (-96 591 0 ) (-64 591 0 ) (-64 591 128 ) 
4 124 125 (-96 590 128 ) (-96 590 0 ) (-64 590 0 ) (-64 590 128 ) 
4 125 126 (-96 580 96 ) (-96 580 0 ) (-64 580 0 ) (-64 580 96 ) 
4 126 127 (-96 578 96 ) (-96 578 0 ) (-64 578 0 ) (-64 578 96 ) 
4 127 130 (-96 576 0 ) (-64 576 0 ) (-64 576 128 ) (-96 576 128 ) 
4 128 134 (0 544 254 ) (0 544 256 ) (-254 544 256 ) (-254 544 254 ) 
4 128 130 (0 544 254 ) (-254 544 254 ) (-254 576 254 ) (0 576 254 ) 
4 128 129 (-254 576 254 ) (-254 544 254 ) (-254 544 264 ) (-254 576 264 ) 
4 129 135 (-256 544 256 ) (-256 544 254 ) (-254 544 254 ) (-254 544 256 ) 
4 129 132 (-256 576 256 ) (-256 576 254 ) (-256 544 254 ) (-256 544 256 ) 
4 129 131 (-254 544 254 ) (-256 544 254 ) (-256 576 254 ) (-254 576 254 ) 
4 130 134 (-254 544 0 ) (0 544 0 ) (0 544 254 ) (-254 544 254 ) 
4 130 131 (-254 544 0 ) (-254 544 254 ) (-254 576 254 ) (-254 576 0 ) 
4 131 135 (-256 544 0 ) (-254 544 0 ) (-254 544 254 ) (-256 544 254 ) 
4 131 132 (-256 576 254 ) (-256 576 0 ) (-256 544 0 ) (-256 544 254 ) 
4 132 135 (-264 544 0 ) (-256 544 0 ) (-256 544 256 ) (-264 544 256 ) 
4 133 324 (-128 0 392 ) (-192 0 392 ) (-192 0 384 ) (-128 0 384 ) 
4 133 322 (0 0 384 ) (0 0 392 ) (-128 0 392 ) (-128 0 384 ) 
4 133 137 (0 0 384 ) (-192 0 384 ) (-192 128 384 ) (0 128 384 ) 
4 134 136 (-254 512 0 ) (0 512 0 ) (0 512 256 ) (-254 512 256 ) 
4 134 135 (-254 512 0 ) (-254 512 256 ) (-254 544 256 ) (-254 544 0 ) 
4 135 136 (-256 512 0 ) (-254 512 0 ) (-254 512 256 ) (-256 512 256 ) 
4 136 137 (-256 448 0 ) (0 448 0 ) (0 448 256 ) (-256 448 256 ) 
4 137 328 (-128 0 384 ) (-256 0 384 ) (-256 0 0 ) (-128 0 0 ) 
4 137 327 (0 0 0 ) (0 0 384 ) (-128 0 384 ) (-128 0 0 ) 
4 137 168 (-58 120 0 ) (-32 120 0 ) (-32 64 0 ) (-58 64 0 ) 
4 137 167 (-32 120 0 ) (0 120 0 ) (0 64 0 ) (-32 64 0 ) 
4 137 169 (-256 64 0 ) (-256 120 0 ) (-58 120 0 ) (-58 64 0 ) 
4 137 171 (0 0 0 ) (-256 0 0 ) (-256 64 0 ) (0 64 0 ) 
4 137 166 (-256 120 0 ) (-256 192 0 ) (-128 192 0 ) (-128 120 0 ) 
4 137 165 (-96 128 0 ) (-96 120 0 ) (-128 120 0 ) (-128 128 0 ) 
4 137 164 (0 128 0 ) (0 120 0 ) (-96 120 0 ) (-96 128 0 ) 
4 137 138 (-256 192 0 ) (-256 0 0 ) (-256 0 384 ) (-256 192 384 ) 
4 138 334 (-384 0 64 ) (-384 0 0 ) (-256 0 0 ) (-256 0 64 ) 
4 138 333 (-256 0 384 ) (-384 0 384 ) (-384 0 64 ) (-256 0 64 ) 
4 138 169 (-384 64 0 ) (-384 120 0 ) (-256 120 0 ) (-256 64 0 ) 
4 138 171 (-256 0 0 ) (-384 0 0 ) (-384 64 0 ) (-256 64 0 ) 
4 138 166 (-384 120 0 ) (-384 192 0 ) (-256 192 0 ) (-256 120 0 ) 
4 138 155 (-384 0 192 ) (-384 0 256 ) (-384 96 256 ) (-384 96 192 ) 
4 138 139 (-384 0 256 ) (-384 0 320 ) (-384 96 320 ) (-384 96 256 ) 
4 139 341 (-400 0 320 ) (-400 0 256 ) (-384 0 256 ) (-384 0 320 ) 
4 139 155 (-384 96 256 ) (-384 0 256 ) (-400 0 256 ) (-400 96 256 ) 
4 139 140 (-400 96 256 ) (-400 0 256 ) (-400 0 320 ) (-400 96 320 ) 
4 140 342 (-528 0 384 ) (-528 0 256 ) (-400 0 256 ) (-400 0 384 ) 
4 140 155 (-400 96 256 ) (-400 0 256 ) (-528 0 256 ) (-528 96 256 ) 
4 141 147 (-640 577 256 ) (-672 577 256 ) (-672 641 256 ) (-640 641 256 ) 
4 141 145 (-608 641 256 ) (-608 577 256 ) (-640 577 256 ) (-640 641 256 ) 
4 142 147 (-640 385 256 ) (-672 385 256 ) (-672 449 256 ) (-640 449 256 ) 
4 142 145 (-608 449 256 ) (-608 385 256 ) (-640 385 256 ) (-640 449 256 ) 
4 143 182 (-544 673 0 ) (-544 545 0 ) (-576 545 0 ) (-576 673 0 ) 
4 143 181 (-544 705 0 ) (-544 673 0 ) (-576 673 0 ) (-576 705 0 ) 
4 143 145 (-576 705 0 ) (-576 545 0 ) (-576 545 256 ) (-576 705 256 ) 
4 144 183 (-544 481 0 ) (-544 353 0 ) (-576 353 0 ) (-576 481 0 ) 
4 144 145 (-576 481 0 ) (-576 353 0 ) (-576 353 256 ) (-576 481 256 ) 
4 145 181 (-576 705 0 ) (-576 673 0 ) (-640 673 0 ) (-640 705 0 ) 
4 145 147 (-640 673 0 ) (-640 321 0 ) (-640 321 256 ) (-640 673 256 ) 
4 145 146 (-640 705 256 ) (-640 705 0 ) (-640 673 0 ) (-640 673 256 ) 
4 146 181 (-800 705 0 ) (-640 705 0 ) (-640 673 0 ) (-800 673 0 ) 
4 146 147 (-800 673 0 ) (-640 673 0 ) (-640 673 256 ) (-800 673 256 ) 
4 147 153 (-832 225 0 ) (-800 225 0 ) (-800 225 160 ) (-832 225 160 ) 
4 147 151 (-800 225 0 ) (-672 225 0 ) (-672 225 158 ) (-800 225 158 ) 
4 147 150 (-672 225 0 ) (-640 225 0 ) (-640 225 160 ) (-672 225 160 ) 
4 147 148 (-832 673 256 ) (-832 673 0 ) (-832 257 0 ) (-832 257 256 ) 
4 148 149 (-864 417 32 ) (-864 417 224 ) (-864 513 224 ) (-864 513 32 ) 
4 150 152 (-672 223 0 ) (-672 160 0 ) (-672 160 160 ) (-672 223 160 ) 
4 150 151 (-672 225 158 ) (-672 225 0 ) (-672 223 0 ) (-672 223 158 ) 
4 151 153 (-800 225 158 ) (-800 225 0 ) (-800 223 0 ) (-800 223 158 ) 
4 151 152 (-800 223 158 ) (-800 223 0 ) (-672 223 0 ) (-672 223 158 ) 
4 152 154 (-800 160 0 ) (-672 160 0 ) (-672 160 128 ) (-800 160 128 ) 
4 152 153 (-800 223 0 ) (-800 160 0 ) (-800 160 160 ) (-800 223 160 ) 
4 154 157 (-800 96 0 ) (-672 96 0 ) (-672 96 128 ) (-800 96 128 ) 
4 155 342 (-528 0 192 ) (-400 0 192 ) (-400 0 256 ) (-528 0 256 ) 
4 155 341 (-400 0 192 ) (-384 0 192 ) (-384 0 256 ) (-400 0 256 ) 
4 156 354 (-672 0 0 ) (-639.963013 0 0 ) (-639.963013 0 128 ) (-672 0 128 ) 
4 156 157 (-672 0 128 ) (-672 32 128 ) (-672 32 0 ) (-672 0 0 ) 
4 157 359 (-800 0 0 ) (-735.973022 0 0 ) (-735.973022 0 128 ) (-800 0 128 ) 
4 157 356 (-735.973022 0 0 ) (-703.963074 0 0 ) (-703.963074 0 128 ) (-735.973022 0 128 ) 
4 157 354 (-703.963074 0 0 ) (-672 0 0 ) (-672 0 128 ) (-703.963074 0 128 ) 
4 157 158 (-800 0 128 ) (-800 32 128 ) (-800 32 0 ) (-800 0 0 ) 
4 158 359 (-831.965027 0 0 ) (-800 0 0 ) (-800 0 128 ) (-831.965027 0 128 ) 
4 159 172 (-48 1024 -128 ) (0 1024 -128 ) (0 784 -128 ) (-48 784 -128 ) 
4 159 162 (-48 939 0 ) (-48 952 0 ) (-48 952 -68 ) (-48 939 -68 ) 
4 159 161 (-48 784 -68 ) (-48 784 0 ) (-48 939 0 ) (-48 939 -68 ) 
4 159 163 (-48 984 -128 ) (-48 784 -128 ) (-48 784 -68 ) (-48 984 -68 ) 
4 159 160 (-48 1024 -128 ) (-48 984 -128 ) (-48 984 0 ) (-48 1024 0 ) 
4 160 172 (-272 1024 -128 ) (-48 1024 -128 ) (-48 984 -128 ) (-272 984 -128 ) 
4 160 161 (-272 984 0 ) (-272 984 -68 ) (-120 984 -68 ) (-120 984 0 ) 
4 160 163 (-272 984 -68 ) (-272 984 -128 ) (-48 984 -128 ) (-48 984 -68 ) 
4 161 162 (-48 939.003906 0 ) (-48 939.003906 -68 ) (-87.990463 963.997131 -68 ) (-87.990471 963.997131 0 ) 
5 161 163 (-272 784 -68 ) (-272 984 -68 ) (-120 984 -68 ) (-48 939 -68 ) (-48 784 -68 ) 
3 162 163 (-48 952 -68 ) (-48 939 -68 ) (-88 964 -68 ) 
4 163 172 (-48 984 -128 ) (-48 784 -128 ) (-272 784 -128 ) (-272 984 -128 ) 
4 164 174 (-64 120 -128 ) (-96 120 -128 ) (-96 128 -128 ) (-64 128 -128 ) 
4 164 173 (0 128 -128 ) (0 120 -128 ) (-64 120 -128 ) (-64 128 -128 ) 
4 164 168 (-32 120 0 ) (-58 120 0 ) (-58 120 -1.027000 ) (-32 120 -1.027000 ) 
4 164 167 (0 120 -1.027000 ) (0 120 0 ) (-32 120 0 ) (-32 120 -1.027000 ) 
4 164 169 (-58 120 0 ) (-96 120 0 ) (-96 120 -1.027000 ) (-58 120 -1.027000 ) 
4 164 170 (-96 120 -128 ) (0 120 -128 ) (0 120 -1.027000 ) (-96 120 -1.027000 ) 
4 164 165 (-96 128 -128 ) (-96 120 -128 ) (-96 120 0 ) (-96 128 0 ) 
4 165 174 (-96 128 -128 ) (-96 120 -128 ) (-128 120 -128 ) (-128 128 -128 ) 
4 165 169 (-96 120 -1.027000 ) (-96 120 0 ) (-128 120 0 ) (-128 120 -1.027000 ) 
4 165 170 (-128 120 -128 ) (-96 120 -128 ) (-96 120 -1.027000 ) (-128 120 -1.027000 ) 
4 165 166 (-128 128 -128 ) (-128 120 -128 ) (-128 120 0 ) (-128 128 0 ) 
4 166 175 (-384 120 -128 ) (-384 192 -128 ) (-128 192 -128 ) (-128 120 -128 ) 
4 166 169 (-384 120 0 ) (-384 120 -1.027000 ) (-128 120 -1.027000 ) (-128 120 0 ) 
4 166 170 (-384 120 -1.027000 ) (-384 120 -128 ) (-128 120 -128 ) (-128 120 -1.027000 ) 
4 167 171 (-32 64 -1.027000 ) (0 64 -1.027000 ) (0 64 0 ) (-32 64 0 ) 
4 167 170 (0 64 -1.027000 ) (-32 64 -1.027000 ) (-32 120 -1.027000 ) (0 120 -1.027000 ) 
4 167 168 (-32 120 0 ) (-32 120 -1.027000 ) (-32 64 -1.027000 ) (-32 64 0 ) 
4 168 169 (-58 120 0 ) (-58 120 -1.027000 ) (-58 64 -1.027000 ) (-58 64 0 ) 
4 168 171 (-58 64 -1.027000 ) (-32 64 -1.027000 ) (-32 64 0 ) (-58 64 0 ) 
4 168 170 (-32 64 -1.027000 ) (-58 64 -1.027000 ) (-58 120 -1.027000 ) (-32 120 -1.027000 ) 
4 169 170 (-58 64 -1.027000 ) (-384 64 -1.027000 ) (-384 120 -1.027000 ) (-58 120 -1.027000 ) 
4 169 171 (-384 64 0 ) (-384 64 -1.027000 ) (-58 64 -1.027000 ) (-58 64 0 ) 
4 170 175 (-384 64 -128 ) (-384 120 -128 ) (-128 120 -128 ) (-128 64 -128 ) 
4 170 174 (-128 120 -128 ) (-64 120 -128 ) (-64 64 -128 ) (-128 64 -128 ) 
4 170 173 (-64 120 -128 ) (0 120 -128 ) (0 64 -128 ) (-64 64 -128 ) 
4 170 171 (-384 64 -1.027000 ) (-384 64 -128 ) (0 64 -128 ) (0 64 -1.027000 ) 
4 171 415 (-256 0 0 ) (-384 0 0 ) (-384 0 -128 ) (-256 0 -128 ) 
4 171 396 (-128 0 0 ) (-256 0 0 ) (-256 0 -128 ) (-128 0 -128 ) 
4 171 393 (0 0 -128 ) (0 0 -16 ) (-128 0 -16 ) (-128 0 -128 ) 
4 171 391 (-64 0 0 ) (-128 0 0 ) (-128 0 -16 ) (-64 0 -16 ) 
4 171 382 (0 0 -16 ) (0 0 0 ) (-64 0 0 ) (-64 0 -16 ) 
4 171 175 (-384 0 -128 ) (-384 64 -128 ) (-128 64 -128 ) (-128 0 -128 ) 
4 171 174 (-128 64 -128 ) (-64 64 -128 ) (-64 0 -128 ) (-128 0 -128 ) 
4 171 173 (-64 64 -128 ) (0 64 -128 ) (0 0 -128 ) (-64 0 -128 ) 
4 173 393 (0 0 -256 ) (0 0 -128 ) (-64 0 -128 ) (-64 0 -256 ) 
4 173 176 (0 0 -256 ) (-64 0 -256 ) (-64 128 -256 ) (0 128 -256 ) 
4 173 174 (-64 128 -256 ) (-64 0 -256 ) (-64 0 -128 ) (-64 128 -128 ) 
4 174 393 (-64 0 -128 ) (-128 0 -128 ) (-128 0 -256 ) (-64 0 -256 ) 
4 174 176 (-64 0 -256 ) (-128 0 -256 ) (-128 128 -256 ) (-64 128 -256 ) 
4 174 175 (-128 128 -256 ) (-128 0 -256 ) (-128 0 -128 ) (-128 128 -128 ) 
4 175 415 (-256 0 -128 ) (-384 0 -128 ) (-384 0 -256 ) (-256 0 -256 ) 
4 175 396 (-128 0 -128 ) (-256 0 -128 ) (-256 0 -256 ) (-128 0 -256 ) 
4 175 178 (-256 0 -256 ) (-384 0 -256 ) (-384 184 -256 ) (-256 184 -256 ) 
4 175 177 (-128 0 -256 ) (-256 0 -256 ) (-256 192 -256 ) (-128 192 -256 ) 
4 176 393 (0 0 -384 ) (0 0 -256 ) (-128 0 -256 ) (-128 0 -384 ) 
4 176 179 (0 128 -384 ) (0 0 -384 ) (-128 0 -384 ) (-128 128 -384 ) 
4 176 177 (-128 128 -384 ) (-128 0 -384 ) (-128 0 -256 ) (-128 128 -256 ) 
4 177 396 (-128 0 -256 ) (-256 0 -256 ) (-256 0 -384 ) (-128 0 -384 ) 
4 177 180 (-128 192 -384 ) (-128 0 -384 ) (-256 0 -384 ) (-256 192 -384 ) 
4 177 178 (-256 184 -384 ) (-256 0 -384 ) (-256 0 -256 ) (-256 184 -256 ) 
4 178 415 (-256 0 -256 ) (-384 0 -256 ) (-384 0 -384 ) (-256 0 -384 ) 
4 178 180 (-384 0 -384 ) (-384 184 -384 ) (-256 184 -384 ) (-256 0 -384 ) 
4 179 393 (0 0 -512 ) (0 0 -384 ) (-128 0 -384 ) (-128 0 -512 ) 
4 179 184 (0 128 -512 ) (0 0 -512 ) (-128 0 -512 ) (-128 128 -512 ) 
4 179 180 (-128 128 -512 ) (-128 0 -512 ) (-128 0 -384 ) (-128 128 -384 ) 
4 180 415 (-256 0 -384 ) (-384 0 -384 ) (-384 0 -512 ) (-256 0 -512 ) 
4 180 396 (-128 0 -384 ) (-256 0 -384 ) (-256 0 -512 ) (-128 0 -512 ) 
4 180 185 (-128 0 -512 ) (-384 0 -512 ) (-384 192 -512 ) (-128 192 -512 ) 
4 181 182 (-544 673 -8 ) (-544 673 0 ) (-576 673 0 ) (-576 673 -8 ) 
4 184 422 (0 0 -768 ) (0 0 -512 ) (-128 0 -512 ) (-128 0 -768 ) 
4 184 185 (-128 128 -768 ) (-128 0 -768 ) (-128 0 -512 ) (-128 128 -512 ) 
4 185 423 (-256 0 -512 ) (-384 0 -512 ) (-384 0 -768 ) (-256 0 -768 ) 
4 185 422 (-128 0 -512 ) (-256 0 -512 ) (-256 0 -768 ) (-128 0 -768 ) 
4 186 191 (-2048 1056 70.313004 ) (-2048 1056 198.313019 ) (-2048 1088 198.313019 ) (-2048 1088 70.313004 ) 
4 188 192 (-2048 848 198.313019 ) (-2048 976 198.313019 ) (-2048 976 70.313004 ) (-2048 848 70.313004 ) 
4 189 426 (-1472 0 128 ) (-1728 0 128 ) (-1728 0 70.313004 ) (-1472 0 70.313004 ) 
4 189 190 (-1472 0 70.313004 ) (-1728 0 70.313004 ) (-1728 224 70.313004 ) (-1472 224 70.313004 ) 
4 190 426 (-1472 0 70.313004 ) (-1728 0 70.313004 ) (-1728 0 0 ) (-1472 0 0 ) 
4 193 195 (336 0 468 ) (352 0 468 ) (352 -16 468 ) (336 -16 468 ) 
4 193 194 (352 0 468 ) (432 0 468 ) (432 -16 468 ) (352 -16 468 ) 
4 194 199 (352 -16 400 ) (352 0 400 ) (384 0 400 ) (384 -16 400 ) 
4 194 198 (384 0 400 ) (432 0 400 ) (432 -16 400 ) (384 -16 400 ) 
4 194 195 (352 0 400 ) (352 -16 400 ) (352 -16 468 ) (352 0 468 ) 
4 195 199 (336 0 400 ) (352 0 400 ) (352 -16 400 ) (336 -16 400 ) 
4 196 201 (352 -448 400 ) (352 -512 400 ) (336 -512 400 ) (336 -448 400 ) 
4 196 200 (352 -384 400 ) (352 -448 400 ) (336 -448 400 ) (336 -384 400 ) 
4 196 197 (336 -384 400 ) (336 -512 400 ) (336 -512 468 ) (336 -384 468 ) 
4 197 201 (224 -448 400 ) (336 -448 400 ) (336 -512 400 ) (224 -512 400 ) 
4 197 200 (160 -448 400 ) (160 -384 400 ) (336 -384 400 ) (336 -448 400 ) 
4 198 206 (384 0 384 ) (400 0 384 ) (400 -16 384 ) (384 -16 384 ) 
4 198 205 (400 0 384 ) (432 0 384 ) (432 -16 384 ) (400 -16 384 ) 
4 198 199 (384 0 384 ) (384 -16 384 ) (384 -16 400 ) (384 0 400 ) 
4 199 227 (336 0 384 ) (384 0 384 ) (384 -16 384 ) (336 -16 384 ) 
4 200 238 (288 -448 384 ) (284 -448 384 ) (284 -384 384 ) (288 -384 384 ) 
4 200 239 (284 -448 384 ) (160 -448 384 ) (160 -384 384 ) (284 -384 384 ) 
4 200 235 (352 -448 384 ) (288 -448 384 ) (288 -384 384 ) (352 -384 384 ) 
4 200 201 (224 -448 384 ) (352 -448 384 ) (352 -448 400 ) (224 -448 400 ) 
4 201 238 (288 -512 384 ) (284 -512 384 ) (284 -448 384 ) (288 -448 384 ) 
4 201 239 (284 -512 384 ) (224 -512 384 ) (224 -448 384 ) (284 -448 384 ) 
4 201 235 (352 -512 384 ) (288 -512 384 ) (288 -448 384 ) (352 -448 384 ) 
4 202 237 (384 -576 384 ) (384 -640 384 ) (320 -640 384 ) (320 -576 384 ) 
4 202 203 (352 -640 384 ) (384 -640 384 ) (384 -640 392 ) (352 -640 392 ) 
4 203 237 (384 -640 384 ) (384 -672 384 ) (352 -672 384 ) (352 -640 384 ) 
4 204 322 (0 0 392 ) (0 0 384 ) (0 -128 384 ) (0 -128 392 ) 
4 204 240 (64 -64 384 ) (64 -128 384 ) (0 -128 384 ) (0 -64 384 ) 
4 204 228 (0 0 384 ) (64 0 384 ) (64 -64 384 ) (0 -64 384 ) 
4 205 208 (400 0 256 ) (768 0 256 ) (768 -64 256 ) (400 -64 256 ) 
4 205 206 (400 0 256 ) (400 -64 256 ) (400 -64 384 ) (400 0 384 ) 
4 206 229 (384 0 380 ) (384 0 256 ) (384 -64 256 ) (384 -64 380 ) 
4 206 227 (384 -64 384 ) (384 0 384 ) (384 0 380 ) (384 -64 380 ) 
4 206 208 (384 -64 256 ) (384 0 256 ) (400 0 256 ) (400 -64 256 ) 
4 207 237 (384 -640 384 ) (384 -576 384 ) (384 -576 256 ) (384 -640 256 ) 
4 207 223 (384 -640 256 ) (384 -576 256 ) (392 -576 256 ) (392 -640 256 ) 
4 208 259 (384 -64 0 ) (384 0 0 ) (448 0 0 ) (448 -64 0 ) 
4 208 256 (448 0 0 ) (576 0 0 ) (576 -64 0 ) (448 -64 0 ) 
4 208 254 (576 0 0 ) (640 0 0 ) (640 -64 0 ) (576 -64 0 ) 
4 208 253 (640 0 0 ) (704 0 0 ) (704 -64 0 ) (640 -64 0 ) 
4 208 252 (704 0 0 ) (768 0 0 ) (768 -64 0 ) (704 -64 0 ) 
4 208 242 (384 0 0 ) (384 -64 0 ) (384 -64 128 ) (384 0 128 ) 
4 208 232 (384 -64 128 ) (384 -64 132 ) (384 0 132 ) (384 0 128 ) 
4 208 229 (384 -64 132 ) (384 -64 256 ) (384 0 256 ) (384 0 132 ) 
4 209 213 (656 -640 0 ) (656 -896 0 ) (656 -896 120 ) (656 -640 120 ) 
4 209 211 (656 -896 120 ) (656 -896 136 ) (656 -640 136 ) (656 -640 120 ) 
4 209 210 (656 -896 136 ) (656 -896 256 ) (656 -640 256 ) (656 -640 136 ) 
4 210 216 (536 -584 136 ) (536 -904 136 ) (536 -904 256 ) (536 -584 256 ) 
3 210 214 (536 -584 136 ) (536 -584 256 ) (536 -576 256 ) 
4 210 211 (536 -904 136 ) (536 -584 136 ) (656 -576 136 ) (656 -904 136 ) 
4 211 216 (536 -584 120 ) (536 -904 120 ) (536 -904 136 ) (536 -584 136 ) 
4 211 213 (536 -904 120 ) (536 -584 120 ) (656 -576 120 ) (656 -904 120 ) 
4 211 212 (536 -904 120 ) (656 -904 120 ) (656 -904 128 ) (536 -904 128 ) 
4 212 226 (536 -912 128 ) (536 -912 120 ) (656 -912 120 ) (656 -912 128 ) 
4 212 217 (536 -904 120 ) (536 -912 120 ) (536 -912 128 ) (536 -904 128 ) 
4 212 213 (536 -912 120 ) (536 -904 120 ) (656 -904 120 ) (656 -912 120 ) 
4 213 226 (536 -912 120 ) (536 -912 0 ) (656 -912 0 ) (656 -912 120 ) 
4 213 217 (536 -904 0 ) (536 -912 0 ) (536 -912 120 ) (536 -904 120 ) 
4 213 216 (536 -584 0 ) (536 -904 0 ) (536 -904 120 ) (536 -584 120 ) 
3 213 215 (536 -576 0 ) (536 -584 0 ) (536 -584 120 ) 
3 214 219 (520 -584 136 ) (520 -584 256 ) (520 -576 256 ) 
4 214 218 (520 -584 256 ) (520 -584 136 ) (528 -584 136 ) (528 -584 256 ) 
4 214 216 (528 -584 136 ) (536 -584 136 ) (536 -584 256 ) (528 -584 256 ) 
3 215 221 (520 -576 0 ) (520 -584 0 ) (520 -584 120 ) 
4 215 218 (520 -584 120 ) (520 -584 0 ) (528 -584 0 ) (528 -584 120 ) 
4 215 216 (528 -584 0 ) (536 -584 0 ) (536 -584 120 ) (528 -584 120 ) 
4 216 218 (528 -584 256 ) (528 -584 0 ) (528 -904 0 ) (528 -904 256 ) 
4 216 217 (528 -904 128 ) (528 -904 0 ) (536 -904 0 ) (536 -904 128 ) 
4 217 226 (528 -912 128 ) (528 -912 0 ) (536 -912 0 ) (536 -912 128 ) 
4 218 222 (520 -896 0 ) (520 -904 0 ) (520 -904 256 ) (520 -896 256 ) 
4 218 220 (520 -896 120 ) (520 -896 136 ) (520 -584 136 ) (520 -584 120 ) 
4 218 219 (520 -896 136 ) (520 -896 256 ) (520 -584 256 ) (520 -584 136 ) 
4 218 221 (520 -584 0 ) (520 -896 0 ) (520 -896 120 ) (520 -584 120 ) 
4 219 223 (400 -832 256 ) (400 -576 256 ) (400 -576 136 ) (400 -832 136 ) 
4 219 222 (464 -896 136 ) (520 -896 136 ) (520 -896 256 ) (464 -896 256 ) 
4 219 220 (520 -896 136 ) (400 -896 136 ) (400 -576 136 ) (520 -584 136 ) 
4 220 225 (400 -832 128 ) (400 -576 128 ) (400 -576 120 ) (400 -832 120 ) 
4 220 223 (400 -832 136 ) (400 -576 136 ) (400 -576 128 ) (400 -832 128 ) 
4 220 222 (464 -896 120 ) (520 -896 120 ) (520 -896 136 ) (464 -896 136 ) 
4 220 221 (520 -896 120 ) (400 -896 120 ) (400 -576 120 ) (520 -584 120 ) 
4 221 225 (400 -576 0 ) (400 -832 0 ) (400 -832 120 ) (400 -576 120 ) 
4 221 222 (464 -896 0 ) (520 -896 0 ) (520 -896 120 ) (464 -896 120 ) 
4 223 237 (384 -832 256 ) (384 -576 256 ) (384 -576 128 ) (384 -832 128 ) 
4 223 225 (400 -576 128 ) (400 -832 128 ) (384 -832 128 ) (384 -576 128 ) 
4 224 243 (384 -576 64 ) (384 -576 128 ) (384 -448 128 ) (384 -448 64 ) 
4 224 225 (400 -576 64 ) (400 -576 128 ) (384 -576 128 ) (384 -576 64 ) 
4 225 243 (384 -576 0 ) (384 -832 0 ) (384 -832 128 ) (384 -576 128 ) 
4 226 425 (912 -1024 128 ) (400 -1024 128 ) (400 -1024 0 ) (912 -1024 0 ) 
4 227 229 (384 -64 380 ) (288 -64 380 ) (288 0 380 ) (384 0 380 ) 
4 228 327 (0 -64 384 ) (0 0 384 ) (0 0 380 ) (0 -64 380 ) 
4 228 240 (128 -64 384 ) (0 -64 384 ) (0 -64 380 ) (128 -64 380 ) 
4 228 239 (284 -64 384 ) (128 -64 384 ) (128 -64 380 ) (284 -64 380 ) 
4 228 231 (284 -64 380 ) (0 -64 380 ) (0 0 380 ) (284 0 380 ) 
4 229 234 (380 -64 380 ) (288 -64 380 ) (288 -64 132 ) (380 -64 132 ) 
4 229 232 (384 -64 132 ) (288 -64 132 ) (288 0 132 ) (384 0 132 ) 
4 229 230 (288 0 132 ) (288 -64 132 ) (288 -64 380 ) (288 0 380 ) 
4 230 231 (287 0 132 ) (287 -64 132 ) (287 -64 380 ) (287 0 380 ) 
4 231 327 (0 0 380 ) (0 0 132 ) (0 -64 132 ) (0 -64 380 ) 
4 231 240 (128 -64 380 ) (0 -64 380 ) (0 -64 132 ) (128 -64 132 ) 
4 231 239 (284 -64 380 ) (128 -64 380 ) (128 -64 132 ) (284 -64 132 ) 
4 231 233 (284 -64 132 ) (0 -64 132 ) (0 0 132 ) (284 0 132 ) 
4 232 244 (288 0 128 ) (380 0 128 ) (380 -64 128 ) (288 -64 128 ) 
4 232 242 (380 0 128 ) (384 0 128 ) (384 -64 128 ) (380 -64 128 ) 
4 233 327 (0 0 132 ) (0 0 128 ) (0 -64 128 ) (0 -64 132 ) 
4 233 246 (0 0 128 ) (284 0 128 ) (284 -64 128 ) (0 -64 128 ) 
4 233 240 (0 -64 128 ) (128 -64 128 ) (128 -64 132 ) (0 -64 132 ) 
4 233 239 (128 -64 128 ) (284 -64 128 ) (284 -64 132 ) (128 -64 132 ) 
4 234 235 (288 -68 380 ) (288 -68 132 ) (380 -68 132 ) (380 -68 380 ) 
4 235 248 (380 -512 128 ) (288 -512 128 ) (288 -68 128 ) (380 -68 128 ) 
4 235 243 (384 -68 128 ) (384 -512 128 ) (380 -512 128 ) (380 -68 128 ) 
4 235 238 (288 -68 128 ) (288 -512 128 ) (288 -512 384 ) (288 -68 384 ) 
5 235 236 (288 -512 384 ) (288 -512 128 ) (384 -512 128 ) (384 -512 256 ) (376.888977 -512 384 ) 
4 236 248 (380 -576 128 ) (288 -576 128 ) (288 -512 128 ) (380 -512 128 ) 
4 236 243 (384 -512 128 ) (384 -576 128 ) (380 -576 128 ) (380 -512 128 ) 
4 236 238 (288 -512 128 ) (288 -576 128 ) (288 -576 384 ) (288 -512 384 ) 
5 236 237 (288 -576 384 ) (288 -576 128 ) (384 -576 128 ) (384 -576 256 ) (376.888977 -576 384 ) 
4 237 248 (380 -896 128 ) (288 -896 128 ) (288 -576 128 ) (380 -576 128 ) 
4 237 243 (384 -576 128 ) (384 -896 128 ) (380 -896 128 ) (380 -576 128 ) 
4 237 238 (288 -576 128 ) (288 -896 128 ) (288 -896 384 ) (288 -576 384 ) 
4 238 250 (288 -896 128 ) (284 -896 128 ) (284 -68 128 ) (288 -68 128 ) 
4 238 239 (284 -68 128 ) (284 -896 128 ) (284 -896 384 ) (284 -68 384 ) 
4 239 250 (284 -896 128 ) (128 -896 128 ) (128 -68 128 ) (284 -68 128 ) 
4 239 249 (128 -68 128 ) (128 -64 128 ) (284 -64 128 ) (284 -68 128 ) 
5 239 241 (128 -320 128 ) (128 -896 128 ) (128 -896 384 ) (128 -512 384 ) (128 -320 374 ) 
4 239 240 (128 -64 384 ) (128 -64 128 ) (128 -320 128 ) (128 -320 384 ) 
4 240 327 (0 -320 384 ) (0 -64 384 ) (0 -64 128 ) (0 -320 128 ) 
4 240 250 (0 -320 128 ) (0 -68 128 ) (128 -68 128 ) (128 -320 128 ) 
4 240 249 (0 -68 128 ) (0 -64 128 ) (128 -64 128 ) (128 -68 128 ) 
4 240 241 (0 -320 128 ) (128 -320 128 ) (128 -320 374 ) (0 -320 374 ) 
5 241 327 (0 -896 384 ) (0 -512 384 ) (0 -320 374 ) (0 -320 128 ) (0 -896 128 ) 
4 241 250 (128 -896 128 ) (0 -896 128 ) (0 -320 128 ) (128 -320 128 ) 
4 242 261 (380 -64 0 ) (380 0 0 ) (384 0 0 ) (384 -64 0 ) 
4 242 244 (380 0 0 ) (380 -64 0 ) (380 -64 128 ) (380 0 128 ) 
4 243 266 (380 -512 0 ) (380 -68 0 ) (384 -68 0 ) (384 -512 0 ) 
4 243 248 (380 -68 0 ) (380 -896 0 ) (380 -896 128 ) (380 -68 128 ) 
4 244 261 (288 0 0 ) (380 0 0 ) (380 -64 0 ) (288 -64 0 ) 
4 244 247 (288 -64 0 ) (380 -64 0 ) (380 -64 128 ) (288 -64 128 ) 
4 244 245 (288 0 0 ) (288 -64 0 ) (288 -64 128 ) (288 0 128 ) 
4 245 246 (287 0 0 ) (287 -64 0 ) (287 -64 128 ) (287 0 128 ) 
4 246 327 (0 -64 128 ) (0 0 128 ) (0 0 0 ) (0 -64 0 ) 
4 246 262 (0 -64 0 ) (0 0 0 ) (284 0 0 ) (284 -64 0 ) 
4 246 249 (0 -64 0 ) (284 -64 0 ) (284 -64 128 ) (0 -64 128 ) 
4 247 248 (288 -68 128 ) (288 -68 0 ) (380 -68 0 ) (380 -68 128 ) 
4 248 267 (288 -512 0 ) (288 -68 0 ) (380 -68 0 ) (380 -512 0 ) 
4 248 250 (288 -68 0 ) (288 -896 0 ) (288 -896 128 ) (288 -68 128 ) 
4 249 327 (0 -68 128 ) (0 -64 128 ) (0 -64 0 ) (0 -68 0 ) 
4 249 271 (0 -68 0 ) (0 -64 0 ) (284 -64 0 ) (284 -68 0 ) 
4 249 250 (0 -68 0 ) (284 -68 0 ) (284 -68 128 ) (0 -68 128 ) 
4 250 327 (0 -896 128 ) (0 -68 128 ) (0 -68 0 ) (0 -896 0 ) 
4 250 278 (0 -576 0 ) (0 -512 0 ) (64 -512 0 ) (64 -576 0 ) 
4 250 273 (81.019836 -448 0 ) (288 -448 0 ) (288 -504 0 ) (81.019821 -504 0 ) 
4 250 272 (0 -504 0 ) (0 -448 0 ) (81.019836 -448 0 ) (81.019821 -504 0 ) 
4 250 277 (0 -512 0 ) (0 -504 0 ) (288 -504 0 ) (288 -512 0 ) 
4 250 270 (284 -68 0 ) (288 -68 0 ) (288 -448 0 ) (284 -448 0 ) 
4 250 271 (0 -448 0 ) (0 -68 0 ) (284 -68 0 ) (284 -448 0 ) 
4 251 252 (768 -320 0 ) (768 0 0 ) (768 0 -32 ) (768 -320 -32 ) 
4 252 284 (704 0 -128 ) (768 0 -128 ) (768 -328 -128 ) (704 -328 -128 ) 
4 252 253 (704 0 -128 ) (704 -316 -128 ) (704 -316 0 ) (704 0 0 ) 
4 253 288 (704 -312 -128 ) (704 -316 -128 ) (640 -316 -128 ) (640 -312 -128 ) 
4 253 287 (704 -192 -128 ) (704 -312 -128 ) (640 -312 -128 ) (640 -192 -128 ) 
4 253 285 (640 0 -128 ) (704 0 -128 ) (704 -192 -128 ) (640 -192 -128 ) 
4 253 255 (640 -192 -128 ) (640 -316 -128 ) (640 -316 0 ) (640 -192 0 ) 
4 253 254 (640 0 -128 ) (640 -64 -128 ) (640 -64 0 ) (640 0 0 ) 
4 254 286 (576 0 -128 ) (640 0 -128 ) (640 -64 -128 ) (576 -64 -128 ) 
4 254 256 (576 0 -128 ) (576 -64 -128 ) (576 -64 0 ) (576 0 0 ) 
4 255 288 (640 -312 -128 ) (640 -320 -128 ) (576 -320 -128 ) (576 -312 -128 ) 
4 255 287 (640 -192 -128 ) (640 -312 -128 ) (576 -312 -128 ) (576 -192 -128 ) 
4 255 258 (576 -192 -128 ) (576 -320 -128 ) (576 -320 0 ) (576 -192 0 ) 
4 256 286 (448 0 -128 ) (576 0 -128 ) (576 -64 -128 ) (448 -64 -128 ) 
4 256 259 (448 0 -128 ) (448 -64 -128 ) (448 -64 0 ) (448 0 0 ) 
4 257 258 (448 -192 0 ) (448 -192 -128 ) (576 -192 -128 ) (576 -192 0 ) 
4 258 289 (576 -192 -128 ) (576 -320 -128 ) (448 -320 -128 ) (448 -192 -128 ) 
4 258 260 (448 -192 -128 ) (448 -320 -128 ) (448 -320 0 ) (448 -192 0 ) 
4 259 286 (384 0 -128 ) (448 0 -128 ) (448 -64 -128 ) (384 -64 -128 ) 
4 259 263 (384 0 -128 ) (384 -64 -128 ) (384 -64 -4 ) (384 0 -4 ) 
4 259 261 (384 -64 -4 ) (384 -64 0 ) (384 0 0 ) (384 0 -4 ) 
4 260 290 (448 -192 -128 ) (448 -320 -128 ) (384 -320 -128 ) (384 -192 -128 ) 
4 260 266 (384 -192 -128 ) (384 -320 -128 ) (384 -320 0 ) (384 -192 0 ) 
4 261 263 (384 -64 -4 ) (288 -64 -4 ) (288 0 -4 ) (384 0 -4 ) 
4 262 382 (0 -64 0 ) (0 0 0 ) (0 0 -4 ) (0 -64 -4 ) 
4 262 271 (284 -64 0 ) (0 -64 0 ) (0 -64 -4 ) (284 -64 -4 ) 
4 262 265 (284 -64 -4 ) (0 -64 -4 ) (0 0 -4 ) (284 0 -4 ) 
4 263 294 (288 0 -128 ) (384 0 -128 ) (384 -64 -128 ) (288 -64 -128 ) 
4 263 268 (288 -64 -128 ) (380 -64 -128 ) (380 -64 -4 ) (288 -64 -4 ) 
4 263 264 (288 0 -128 ) (288 -64 -128 ) (288 -64 -4 ) (288 0 -4 ) 
4 264 295 (287 0 -128 ) (288 0 -128 ) (288 -64 -128 ) (287 -64 -128 ) 
4 264 265 (287 0 -128 ) (287 -64 -128 ) (287 -64 -4 ) (287 0 -4 ) 
4 265 393 (0 0 -16 ) (0 0 -128 ) (0 -64 -128 ) (0 -64 -16 ) 
4 265 382 (0 0 -4 ) (0 0 -16 ) (0 -64 -16 ) (0 -64 -4 ) 
4 265 296 (0 0 -128 ) (287 0 -128 ) (287 -64 -128 ) (0 -64 -128 ) 
4 265 271 (0 -64 -128 ) (284 -64 -128 ) (284 -64 -4 ) (0 -64 -4 ) 
4 266 304 (384 -68 -128 ) (384 -512 -128 ) (380 -512 -128 ) (380 -68 -128 ) 
4 266 269 (380 -68 -128 ) (380 -512 -128 ) (380 -512 -4 ) (380 -68 -4 ) 
4 266 267 (380 -512 -4 ) (380 -512 0 ) (380 -68 0 ) (380 -68 -4 ) 
4 267 273 (288 -448 -4 ) (288 -504 -4 ) (288 -504 0 ) (288 -448 0 ) 
4 267 277 (288 -504 -4 ) (288 -512 -4 ) (288 -512 0 ) (288 -504 0 ) 
4 267 270 (288 -68 -4 ) (288 -448 -4 ) (288 -448 0 ) (288 -68 0 ) 
4 267 269 (288 -512 -4 ) (288 -68 -4 ) (380 -68 -4 ) (380 -512 -4 ) 
4 268 305 (288 -68 -128 ) (288 -64 -128 ) (380 -64 -128 ) (380 -68 -128 ) 
4 268 269 (380 -68 -128 ) (380 -68 -4 ) (288 -68 -4 ) (288 -68 -128 ) 
4 269 306 (380 -512 -128 ) (288 -512 -128 ) (288 -68 -128 ) (380 -68 -128 ) 
4 269 273 (288 -448 -128 ) (288 -504 -128 ) (288 -504 -4 ) (288 -448 -4 ) 
4 269 277 (288 -504 -128 ) (288 -512 -128 ) (288 -512 -4 ) (288 -504 -4 ) 
4 269 270 (288 -68 -128 ) (288 -448 -128 ) (288 -448 -4 ) (288 -68 -4 ) 
4 270 311 (288 -68 -128 ) (288 -448 -128 ) (284 -448 -128 ) (284 -68 -128 ) 
4 270 273 (284 -448 -128 ) (288 -448 -128 ) (288 -448 0 ) (284 -448 0 ) 
4 270 271 (284 -68 -128 ) (284 -448 -128 ) (284 -448 0 ) (284 -68 0 ) 
4 271 393 (0 -64 -16 ) (0 -64 -128 ) (0 -448 -128 ) (0 -448 -16 ) 
4 271 382 (0 -448 0 ) (0 -64 0 ) (0 -64 -16 ) (0 -448 -16 ) 
4 271 312 (0 -448 -128 ) (0 -64 -128 ) (284 -64 -128 ) (284 -448 -128 ) 
4 271 276 (33.135941 -448 -5.032780 ) (0 -448 -8.515493 ) (0 -448 -9.520816 ) (33.240253 -448 -6.027102 ) 
4 271 275 (59.097855 -448 -3.309341 ) (58.993553 -448 -2.315046 ) (33.135941 -448 -5.032780 ) (33.240253 -448 -6.027102 ) 
4 271 274 (0 -448 -128 ) (72.177940 -448 -128 ) (59.097855 -448 -3.309341 ) (0 -448 -9.520816 ) 
5 271 273 (72.177940 -448 -128 ) (284 -448 -128 ) (284 -448 0 ) (81.019836 -448 0 ) (58.993553 -448 -2.315046 ) 
3 271 272 (81.019836 -448 0 ) (0 -448 0 ) (0 -448 -8.515493 ) 
4 272 383 (0 -504 0 ) (0 -448 0 ) (0 -448 -8.515493 ) (0 -504 -8.515488 ) 
4 272 276 (33.135864 -504 -5.032800 ) (0 -504 -8.515506 ) (0 -448 -8.515572 ) (33.135952 -448 -5.032848 ) 
4 272 275 (58.993965 -504 -2.315015 ) (33.135864 -504 -5.032800 ) (33.135952 -448 -5.032848 ) (58.993557 -448 -2.315109 ) 
4 272 273 (81.019943 -504 0 ) (58.993965 -504 -2.315015 ) (58.993557 -448 -2.315109 ) (81.020386 -448 0 ) 
3 272 277 (81.019821 -504 0 ) (0 -504 0 ) (0 -504 -8.515493 ) 
4 273 311 (284 -448 -128 ) (288 -448 -128 ) (288 -504 -128 ) (284 -504 -128 ) 
4 273 312 (72.177948 -448 -128 ) (284 -448 -128 ) (284 -504 -128 ) (72.178360 -504 -128 ) 
4 273 275 (59.098194 -504 -3.309723 ) (58.993954 -504 -2.316016 ) (58.993542 -448 -2.316059 ) (59.097740 -448 -3.309359 ) 
4 273 274 (72.178253 -504 -128 ) (59.098194 -504 -3.309723 ) (59.097740 -448 -3.309359 ) (72.177834 -448 -128 ) 
5 273 277 (72.178375 -504 -128 ) (288 -504 -128 ) (288 -504 0 ) (81.019821 -504 0 ) (58.993961 -504 -2.315002 ) 
4 274 393 (0 -448 -16 ) (0 -448 -128 ) (0 -504 -128 ) (0 -504 -16 ) 
4 274 384 (0 -448 -9.520816 ) (0 -448 -16 ) (0 -504 -16 ) (0 -504 -9.521225 ) 
4 274 312 (0 -504 -128 ) (0 -448 -128 ) (72.177948 -448 -128 ) (72.178360 -504 -128 ) 
4 274 276 (0 -504 -9.521095 ) (33.240204 -504 -6.027383 ) (33.240238 -448 -6.026963 ) (0 -448 -9.520672 ) 
4 274 275 (33.240204 -504 -6.027383 ) (59.099773 -504 -3.309412 ) (59.099319 -448 -3.309050 ) (33.240238 -448 -6.026963 ) 
4 274 277 (0 -504 -128 ) (72.178375 -504 -128 ) (59.098305 -504 -3.309708 ) (0 -504 -9.521225 ) 
4 275 277 (59.098305 -504 -3.309708 ) (58.993961 -504 -2.315002 ) (33.135864 -504 -5.032787 ) (33.240223 -504 -6.027517 ) 
4 275 276 (33.240429 -448 -6.028688 ) (33.240391 -504 -6.029100 ) (33.135803 -504 -5.033012 ) (33.135883 -448 -5.033004 ) 
4 276 386 (0 -448 -8.515493 ) (0 -448 -9.520816 ) (0 -504 -9.521225 ) (0 -504 -8.515488 ) 
4 276 277 (33.135864 -504 -5.032787 ) (0 -504 -8.515493 ) (0 -504 -9.521225 ) (33.240223 -504 -6.027517 ) 
4 277 393 (0 -504 -16 ) (0 -504 -128 ) (0 -512 -128 ) (0 -512 -16 ) 
4 277 387 (0 -512 0 ) (0 -504 0 ) (0 -504 -16 ) (0 -512 -16 ) 
4 277 311 (288 -512 -128 ) (284 -512 -128 ) (284 -504 -128 ) (288 -504 -128 ) 
4 277 312 (284 -512 -128 ) (0 -512 -128 ) (0 -504 -128 ) (284 -504 -128 ) 
4 277 282 (0 -512 -128 ) (64 -512 -128 ) (64 -512 -16 ) (0 -512 -16 ) 
4 277 280 (0 -512 -12 ) (0 -512 -16 ) (32 -512 -16 ) (32 -512 -12 ) 
4 277 278 (64 -512 0 ) (0 -512 0 ) (0 -512 -12 ) (64 -512 -12 ) 
4 278 387 (0 -576 0 ) (0 -512 0 ) (0 -512 -12 ) (0 -576 -12 ) 
4 278 280 (0 -544 -12 ) (0 -512 -12 ) (32 -512 -12 ) (32 -544 -12 ) 
4 278 279 (0 -576 -12 ) (64 -576 -12 ) (64 -576 -2 ) (0 -576 -2 ) 
4 279 390 (0 -576 -2 ) (0 -576 -12 ) (0 -640 -12 ) (0 -640 -2 ) 
4 280 387 (0 -512 -12 ) (0 -512 -16 ) (0 -544 -16 ) (0 -544 -12 ) 
4 280 283 (32 -528 -16 ) (32 -544 -16 ) (0 -544 -16 ) (0 -528 -16 ) 
4 280 282 (0 -512 -16 ) (32 -512 -16 ) (32 -528 -16 ) (0 -528 -16 ) 
4 281 283 (64 -528 -128 ) (128 -528 -128 ) (128 -528 -16 ) (64 -528 -16 ) 
4 281 282 (64 -528 -128 ) (64 -528 -16 ) (64 -520 -16 ) (64 -520 -128 ) 
4 282 395 (0 -528 -16 ) (0 -520 -16 ) (0 -520 -128 ) (0 -528 -128 ) 
4 282 394 (0 -520 -16 ) (0 -512 -16 ) (0 -512 -128 ) (0 -520 -128 ) 
4 282 283 (0 -528 -128 ) (64 -528 -128 ) (64 -528 -16 ) (0 -528 -16 ) 
4 283 395 (0 -640 -16 ) (0 -528 -16 ) (0 -528 -128 ) (0 -640 -128 ) 
4 284 291 (704 0 -384 ) (768 0 -384 ) (768 -320 -384 ) (704 -320 -384 ) 
3 284 288 (704 -320 -128 ) (704 -312 -128 ) (704 -316 -256 ) 
4 284 287 (704 -192 -384 ) (704 -320 -384 ) (704 -312 -128 ) (704 -192 -128 ) 
4 284 285 (704 0 -384 ) (704 -192 -384 ) (704 -192 -128 ) (704 0 -128 ) 
4 285 291 (640 0 -384 ) (704 0 -384 ) (704 -192 -384 ) (640 -192 -384 ) 
4 285 287 (640 -192 -384 ) (704 -192 -384 ) (704 -192 -128 ) (640 -192 -128 ) 
4 285 286 (640 0 -384 ) (640 -64 -384 ) (640 -64 -128 ) (640 0 -128 ) 
4 286 294 (384 -64 -128 ) (384 0 -128 ) (384 0 -384 ) (384 -64 -384 ) 
4 286 292 (384 -64 -384 ) (384 0 -384 ) (640 0 -384 ) (640 -64 -384 ) 
4 287 293 (576 -192 -384 ) (640 -192 -384 ) (640 -320 -384 ) (576 -320 -384 ) 
4 287 291 (640 -192 -384 ) (704 -192 -384 ) (704 -320 -384 ) (640 -320 -384 ) 
4 287 289 (576 -192 -128 ) (576 -192 -384 ) (576 -320 -384 ) (576 -312 -128 ) 
4 287 288 (576 -312 -128 ) (576 -316 -256 ) (704 -316 -256 ) (704 -312 -128 ) 
3 288 289 (576 -320 -128 ) (576 -312 -128 ) (576 -316 -256 ) 
4 289 293 (448 -192 -384 ) (576 -192 -384 ) (576 -320 -384 ) (448 -320 -384 ) 
4 289 290 (448 -192 -128 ) (448 -192 -384 ) (448 -320 -384 ) (448 -320 -128 ) 
4 290 304 (384 -320 -128 ) (384 -192 -128 ) (384 -192 -384 ) (384 -320 -384 ) 
4 290 293 (384 -320 -384 ) (384 -192 -384 ) (448 -192 -384 ) (448 -320 -384 ) 
4 291 315 (640 0 -512 ) (768 0 -512 ) (768 -320 -512 ) (640 -320 -512 ) 
4 291 293 (640 -192 -512 ) (640 -320 -512 ) (640 -320 -384 ) (640 -192 -384 ) 
4 291 292 (640 0 -512 ) (640 -64 -512 ) (640 -64 -384 ) (640 0 -384 ) 
4 292 316 (384 0 -512 ) (640 0 -512 ) (640 -64 -512 ) (384 -64 -512 ) 
4 292 302 (384 0 -512 ) (384 -64 -512 ) (384 -64 -480 ) (384 0 -480 ) 
4 292 300 (384 -64 -480 ) (384 -64 -476 ) (384 0 -476 ) (384 0 -480 ) 
4 292 294 (384 -64 -476 ) (384 -64 -384 ) (384 0 -384 ) (384 0 -476 ) 
4 293 317 (640 -192 -512 ) (640 -320 -512 ) (384 -320 -512 ) (384 -192 -512 ) 
4 293 313 (384 -192 -512 ) (384 -320 -512 ) (384 -320 -480 ) (384 -192 -480 ) 
4 293 304 (384 -320 -480 ) (384 -320 -384 ) (384 -192 -384 ) (384 -192 -480 ) 
4 294 308 (288 -64 -260 ) (288 -64 -476 ) (380 -64 -476 ) (380 -64 -260 ) 
4 294 305 (380 -64 -128 ) (288 -64 -128 ) (288 -64 -256 ) (380 -64 -256 ) 
4 294 300 (384 -64 -476 ) (288 -64 -476 ) (288 0 -476 ) (384 0 -476 ) 
4 294 298 (288 0 -476 ) (288 -64 -476 ) (288 -64 -260 ) (288 0 -260 ) 
4 294 295 (288 -64 -256 ) (288 -64 -128 ) (288 0 -128 ) (288 0 -256 ) 
4 295 296 (287 0 -256 ) (287 -64 -256 ) (287 -64 -128 ) (287 0 -128 ) 
4 296 393 (0 -64 -128 ) (0 0 -128 ) (0 0 -256 ) (0 -64 -256 ) 
4 296 312 (284 -64 -128 ) (0 -64 -128 ) (0 -64 -256 ) (284 -64 -256 ) 
4 296 297 (0 0 -256 ) (284 0 -256 ) (284 -64 -256 ) (0 -64 -256 ) 
4 297 393 (0 0 -256 ) (0 0 -260 ) (0 -64 -260 ) (0 -64 -256 ) 
4 297 312 (0 -64 -256 ) (0 -64 -260 ) (284 -64 -260 ) (284 -64 -256 ) 
4 297 299 (284 -64 -260 ) (0 -64 -260 ) (0 0 -260 ) (284 0 -260 ) 
4 298 299 (287 0 -476 ) (287 -64 -476 ) (287 -64 -260 ) (287 0 -260 ) 
4 299 393 (0 0 -260 ) (0 0 -476 ) (0 -64 -476 ) (0 -64 -260 ) 
4 299 312 (0 -64 -260 ) (0 -64 -476 ) (284 -64 -476 ) (284 -64 -260 ) 
4 299 301 (284 -64 -476 ) (0 -64 -476 ) (0 0 -476 ) (284 0 -476 ) 
4 300 302 (384 -64 -480 ) (288 -64 -480 ) (288 0 -480 ) (384 0 -480 ) 
4 301 393 (0 0 -476 ) (0 0 -480 ) (0 -64 -480 ) (0 -64 -476 ) 
4 301 312 (284 -64 -476 ) (0 -64 -476 ) (0 -64 -480 ) (284 -64 -480 ) 
4 301 303 (256 -64 -480 ) (0 -64 -480 ) (0 0 -480 ) (256 0 -480 ) 
4 302 318 (288 0 -512 ) (384 0 -512 ) (384 -64 -512 ) (288 -64 -512 ) 
4 303 393 (0 0 -480 ) (0 0 -512 ) (0 -64 -512 ) (0 -64 -480 ) 
4 303 319 (0 0 -512 ) (256 0 -512 ) (256 -64 -512 ) (0 -64 -512 ) 
4 303 314 (0 -64 -512 ) (256 -64 -512 ) (256 -64 -480 ) (0 -64 -480 ) 
4 304 313 (384 -512 -480 ) (380 -512 -480 ) (380 -96 -480 ) (384 -96 -480 ) 
4 304 310 (380 -68 -480 ) (380 -512 -480 ) (380 -512 -476 ) (380 -68 -476 ) 
4 304 309 (380 -512 -476 ) (380 -512 -260 ) (380 -68 -260 ) (380 -68 -476 ) 
4 304 307 (380 -512 -260 ) (380 -512 -256 ) (380 -68 -256 ) (380 -68 -260 ) 
4 304 306 (380 -512 -256 ) (380 -512 -128 ) (380 -68 -128 ) (380 -68 -256 ) 
4 305 306 (288 -68 -128 ) (288 -68 -256 ) (380 -68 -256 ) (380 -68 -128 ) 
4 306 311 (288 -68 -256 ) (288 -512 -256 ) (288 -512 -128 ) (288 -68 -128 ) 
4 306 307 (288 -512 -256 ) (288 -68 -256 ) (380 -68 -256 ) (380 -512 -256 ) 
4 307 311 (288 -68 -260 ) (288 -512 -260 ) (288 -512 -256 ) (288 -68 -256 ) 
4 307 309 (288 -512 -260 ) (288 -68 -260 ) (380 -68 -260 ) (380 -512 -260 ) 
4 308 309 (288 -68 -476 ) (380 -68 -476 ) (380 -68 -260 ) (288 -68 -260 ) 
4 309 311 (288 -68 -476 ) (288 -512 -476 ) (288 -512 -260 ) (288 -68 -260 ) 
4 309 310 (288 -512 -476 ) (288 -68 -476 ) (380 -68 -476 ) (380 -512 -476 ) 
4 310 313 (380 -512 -480 ) (288 -512 -480 ) (288 -96 -480 ) (380 -96 -480 ) 
4 310 311 (288 -68 -480 ) (288 -512 -480 ) (288 -512 -476 ) (288 -68 -476 ) 
4 311 313 (288 -512 -480 ) (284 -512 -480 ) (284 -96 -480 ) (288 -96 -480 ) 
4 311 312 (284 -68 -480 ) (284 -512 -480 ) (284 -512 -128 ) (284 -68 -128 ) 
4 312 393 (0 -512 -128 ) (0 -64 -128 ) (0 -64 -480 ) (0 -512 -480 ) 
4 312 313 (284 -512 -480 ) (256 -512 -480 ) (256 -96 -480 ) (284 -96 -480 ) 
4 312 314 (256 -512 -480 ) (0 -512 -480 ) (0 -64 -480 ) (256 -64 -480 ) 
4 313 320 (384 -96 -512 ) (384 -512 -512 ) (256 -512 -512 ) (256 -96 -512 ) 
4 313 314 (256 -512 -512 ) (256 -512 -480 ) (256 -96 -480 ) (256 -96 -512 ) 
4 314 393 (0 -64 -480 ) (0 -64 -512 ) (0 -512 -512 ) (0 -512 -480 ) 
4 314 321 (256 -512 -512 ) (0 -512 -512 ) (0 -64 -512 ) (256 -64 -512 ) 
4 315 317 (640 -192 -768 ) (640 -320 -768 ) (640 -320 -512 ) (640 -192 -512 ) 
4 315 316 (640 0 -768 ) (640 -64 -768 ) (640 -64 -512 ) (640 0 -512 ) 
4 316 318 (384 0 -768 ) (384 -64 -768 ) (384 -64 -512 ) (384 0 -512 ) 
4 317 320 (384 -192 -768 ) (384 -320 -768 ) (384 -320 -512 ) (384 -192 -512 ) 
4 319 422 (0 -64 -512 ) (0 0 -512 ) (0 0 -768 ) (0 -64 -768 ) 
4 319 321 (0 -64 -768 ) (256 -64 -768 ) (256 -64 -512 ) (0 -64 -512 ) 
4 320 321 (256 -96 -768 ) (256 -512 -768 ) (256 -512 -512 ) (256 -96 -512 ) 
4 321 422 (0 -512 -512 ) (0 -64 -512 ) (0 -64 -768 ) (0 -512 -768 ) 
4 322 327 (-128 0 384 ) (0 0 384 ) (0 -128 384 ) (-128 -128 384 ) 
4 322 324 (-128 0 384 ) (-128 -128 384 ) (-128 -128 392 ) (-128 0 392 ) 
4 323 327 (0 -320 384 ) (0 -576 384 ) (-128 -576 384 ) (-128 -320 384 ) 
4 323 325 (-128 -320 384 ) (-128 -576 384 ) (-128 -576 400 ) (-128 -320 400 ) 
4 324 328 (-192 0 384 ) (-128 0 384 ) (-128 -128 384 ) (-192 -128 384 ) 
4 325 330 (-256 -576 384 ) (-256 -320 384 ) (-128 -320 384 ) (-128 -576 384 ) 
4 326 339 (-256 -864 384 ) (-256 -896 384 ) (-256 -896 392 ) (-256 -864 392 ) 
4 326 330 (-256 -896 384 ) (-256 -864 384 ) (-192 -864 384 ) (-192 -896 384 ) 
4 327 392 (-64 -576 0 ) (-64 -640 0 ) (-128 -640 0 ) (-128 -576 0 ) 
4 327 391 (-128 0 0 ) (-64 0 0 ) (-64 -576 0 ) (-128 -576 0 ) 
4 327 389 (0 -608 0 ) (0 -640 0 ) (-64 -640 0 ) (-64 -608 0 ) 
4 327 388 (0 -576 0 ) (0 -608 0 ) (-64 -608 0 ) (-64 -576 0 ) 
4 327 383 (0 -448 0 ) (0 -504 0 ) (-64 -504 0 ) (-64 -448 0 ) 
4 327 382 (-64 0 0 ) (0 0 0 ) (0 -448 0 ) (-64 -448 0 ) 
4 327 387 (0 -504 0 ) (0 -576 0 ) (-64 -576 0 ) (-64 -504 0 ) 
4 327 331 (-64 -896 384 ) (-128 -896 384 ) (-128 -896 256 ) (-64 -896 256 ) 
4 327 329 (-128 -128 0 ) (-128 -320 0 ) (-128 -320 376 ) (-128 -128 376 ) 
4 327 328 (-128 0 0 ) (-128 -128 0 ) (-128 -128 384 ) (-128 0 384 ) 
4 327 330 (-128 -320 0 ) (-128 -896 0 ) (-128 -896 384 ) (-128 -320 384 ) 
4 328 396 (-256 -128 0 ) (-256 0 0 ) (-128 0 0 ) (-128 -128 0 ) 
4 328 334 (-256 0 64 ) (-256 0 0 ) (-256 -128 0 ) (-256 -128 64 ) 
4 328 333 (-256 0 384 ) (-256 0 64 ) (-256 -128 64 ) (-256 -128 384 ) 
4 328 329 (-128 -128 0 ) (-128 -128 376 ) (-256 -128 376 ) (-256 -128 0 ) 
4 329 396 (-256 -320 0 ) (-256 -128 0 ) (-128 -128 0 ) (-128 -320 0 ) 
4 329 335 (-256 -320 64 ) (-256 -320 376 ) (-256 -256 376 ) (-256 -256 64 ) 
4 329 334 (-256 -128 0 ) (-256 -192 0 ) (-256 -192 64 ) (-256 -128 64 ) 
4 329 333 (-256 -256 64 ) (-256 -256 376 ) (-256 -128 376 ) (-256 -128 64 ) 
4 329 330 (-128 -320 0 ) (-128 -320 376 ) (-256 -320 376 ) (-256 -320 0 ) 
4 330 410 (-256 -704 0 ) (-256 -640 0 ) (-224 -640 0 ) (-224 -704 0 ) 
4 330 409 (-224 -640 0 ) (-128 -640 0 ) (-128 -704 0 ) (-224 -704 0 ) 
4 330 406 (-256 -640 0 ) (-256 -576 0 ) (-192 -576 0 ) (-192 -640 0 ) 
4 330 402 (-160 -608 0 ) (-160 -640 0 ) (-192 -640 0 ) (-192 -608 0 ) 
4 330 401 (-160 -544 0 ) (-128 -544 0 ) (-128 -640 0 ) (-160 -640 0 ) 
4 330 397 (-192 -512 0 ) (-128 -512 0 ) (-128 -544 0 ) (-192 -544 0 ) 
4 330 396 (-256 -512 0 ) (-256 -320 0 ) (-128 -320 0 ) (-128 -512 0 ) 
4 330 339 (-256 -640 0 ) (-256 -896 0 ) (-256 -896 384 ) (-256 -640 384 ) 
4 330 338 (-256 -512 0 ) (-256 -640 0 ) (-256 -640 384 ) (-256 -512 384 ) 
4 330 337 (-256 -320 0 ) (-256 -512 0 ) (-256 -512 380 ) (-256 -320 380 ) 
4 330 332 (-256 -896 256 ) (-256 -896 128 ) (-128 -896 128 ) (-128 -896 256 ) 
4 330 331 (-128 -896 384 ) (-256 -896 384 ) (-256 -896 256 ) (-128 -896 256 ) 
4 331 340 (-256 -912 256 ) (-256 -912 384 ) (-256 -896 384 ) (-256 -896 256 ) 
4 331 332 (-128 -912 256 ) (-256 -912 256 ) (-256 -896 256 ) (-128 -896 256 ) 
4 333 344 (-384 -256 64 ) (-384 -256 384 ) (-384 -192 384 ) (-384 -192 64 ) 
4 333 341 (-384 0 320 ) (-384 0 192 ) (-384 -160 192 ) (-384 -160 320 ) 
4 333 336 (-384 -256 384 ) (-384 -256 64 ) (-320 -256 64 ) (-320 -256 384 ) 
4 333 335 (-320 -256 64 ) (-256 -256 64 ) (-256 -256 384 ) (-320 -256 384 ) 
4 333 334 (-384 -192 64 ) (-384 0 64 ) (-256 0 64 ) (-256 -192 64 ) 
4 334 415 (-384 -192 0 ) (-384 0 0 ) (-256 0 0 ) (-256 -192 0 ) 
4 335 337 (-256 -320 64 ) (-256 -320 380 ) (-320 -320 382 ) (-320 -320 64 ) 
4 335 336 (-320 -256 384 ) (-320 -256 64 ) (-320 -320 64 ) (-320 -320 384 ) 
4 336 344 (-384 -320 64 ) (-384 -320 384 ) (-384 -256 384 ) (-384 -256 64 ) 
4 336 337 (-384 -320 384 ) (-384 -320 64 ) (-320 -320 64 ) (-320 -320 382 ) 
4 337 416 (-384 -512 0 ) (-384 -320 0 ) (-256 -320 0 ) (-256 -512 0 ) 
4 337 345 (-384 -512 64 ) (-384 -512 256 ) (-384 -384 256 ) (-384 -384 64 ) 
4 337 338 (-384 -512 384 ) (-384 -512 0 ) (-256 -512 0 ) (-256 -512 380 ) 
4 338 339 (-384 -640 384 ) (-384 -640 0 ) (-256 -640 0 ) (-256 -640 384 ) 
4 339 351 (-384 -704 0 ) (-384 -832 0 ) (-384 -832 128 ) (-384 -704 128 ) 
4 339 350 (-384 -896 128 ) (-384 -896 256 ) (-384 -832 256 ) (-384 -832 128 ) 
4 339 349 (-384 -896 256 ) (-384 -896 384 ) (-384 -768 384 ) (-384 -768 256 ) 
4 339 340 (-384 -896 384 ) (-384 -896 256 ) (-256 -896 256 ) (-256 -896 384 ) 
4 341 342 (-400 -160 192 ) (-400 -160 320 ) (-400 0 320 ) (-400 0 192 ) 
4 343 357 (-607.963013 -160 33 ) (-607.963013 -191 33 ) (-607.963013 -191 223 ) (-607.963013 -160 223 ) 
4 343 352 (-607.963013 -97 33 ) (-607.963013 -160 33 ) (-607.963013 -160 223 ) (-607.963013 -97 223 ) 
4 344 346 (-416 -192 64 ) (-416 -320 64 ) (-416 -320 384 ) (-416 -192 384 ) 
4 345 347 (-416 -512 66 ) (-416 -512 256 ) (-416 -384 256 ) (-416 -384 66 ) 
4 346 347 (-416 -384 66 ) (-416 -384 384 ) (-544 -384 384 ) (-544 -384 66 ) 
4 348 357 (-607.963013 -224 0 ) (-607.963013 -288 0 ) (-607.963013 -288 256 ) (-607.963013 -224 256 ) 
4 349 350 (-384 -832 256 ) (-384 -896 256 ) (-392 -896 256 ) (-392 -832 256 ) 
4 351 380 (-607.963013 -704 0 ) (-607.963013 -832 0 ) (-607.963013 -832 128 ) (-607.963013 -704 128 ) 
4 352 357 (-639.963013 -160 0 ) (-607.963013 -160 0 ) (-607.963013 -160 264 ) (-639.963013 -160 264 ) 
4 352 353 (-639.963013 -160 128 ) (-639.963013 -160 264 ) (-639.963013 -32 264 ) (-639.963013 -32 128 ) 
4 352 354 (-639.963013 -32 0 ) (-639.963013 -160 0 ) (-639.963013 -160 128 ) (-639.963013 -32 128 ) 
4 353 357 (-639.963013 -160 128 ) (-639.963013 -160 264 ) (-703.963074 -160 264 ) (-703.963074 -160 128 ) 
4 353 355 (-703.963074 -160 128 ) (-703.963074 -160 256 ) (-703.963074 -32 256 ) (-703.963074 -32 128 ) 
4 353 354 (-703.963074 -160 128 ) (-703.963074 -32 128 ) (-639.963013 -32 128 ) (-639.963013 -160 128 ) 
4 354 357 (-703.963074 -160 0 ) (-639.963013 -160 0 ) (-639.963013 -160 128 ) (-703.963074 -160 128 ) 
4 354 356 (-703.963074 0 0 ) (-703.963074 -160 0 ) (-703.963074 -160 128 ) (-703.963074 0 128 ) 
4 355 364 (-735.973022 -160 171.825592 ) (-735.973022 -160 256 ) (-735.973022 -32 256 ) (-735.973022 -32 171.825668 ) 
4 355 358 (-735.973022 -32 128 ) (-735.973022 -160 128 ) (-735.973022 -160 171.825592 ) (-735.973022 -32 171.825668 ) 
4 355 357 (-735.973022 -160 256 ) (-735.973022 -160 128 ) (-703.963074 -160 128 ) (-703.963074 -160 256 ) 
4 355 356 (-703.963074 -32 128 ) (-703.963074 -160 128 ) (-735.973022 -160 128 ) (-735.973022 -32 128 ) 
4 356 359 (-735.973022 0 128 ) (-735.973022 0 0 ) (-735.973022 -160 0 ) (-735.973022 -160 128 ) 
4 356 357 (-735.973022 -160 128 ) (-735.973022 -160 0 ) (-703.963074 -160 0 ) (-703.963074 -160 128 ) 
4 357 376 (-735.973022 -288 0 ) (-671.963013 -288 0 ) (-671.963013 -288 128 ) (-735.973022 -288 128 ) 
4 357 373 (-671.963013 -288 256 ) (-735.973022 -288 256 ) (-735.973022 -288 128 ) (-671.963013 -288 128 ) 
4 357 365 (-735.973022 -288 171.825500 ) (-735.973022 -288 256 ) (-735.973022 -160 256 ) (-735.973022 -160 171.825577 ) 
4 357 363 (-735.973022 -288 106.164207 ) (-735.973022 -288 171.825500 ) (-735.973022 -224 171.825531 ) (-735.973022 -224 106.165276 ) 
4 357 361 (-735.973022 -224 0 ) (-735.973022 -288 0 ) (-735.973022 -288 106.164207 ) (-735.973022 -224 106.165276 ) 
4 357 359 (-735.973022 -160 0 ) (-735.973022 -224 0 ) (-735.973022 -224 128 ) (-735.973022 -160 128 ) 
4 357 358 (-735.973022 -224 128 ) (-735.973022 -224 171.825531 ) (-735.973022 -160 171.825577 ) (-735.973022 -160 128 ) 
4 358 370 (-863.963074 -224 128 ) (-863.963074 -224 201.388168 ) (-863.963074 -32 201.388290 ) (-863.963074 -32 128 ) 
4 358 369 (-813.232849 -224 189.671600 ) (-799.963074 -224 186.606598 ) (-799.963074 -160 186.606644 ) (-813.232788 -160 189.671631 ) 
4 358 367 (-863.963074 -160 201.389069 ) (-863.963074 -224 201.389023 ) (-821.027222 -224 191.471909 ) (-821.027222 -160 191.471954 ) 
4 358 366 (-863.963074 -32 201.389145 ) (-863.963074 -160 201.389069 ) (-799.963074 -160 186.606644 ) (-799.963074 -32 186.606720 ) 
4 358 365 (-799.963074 -224 186.606598 ) (-735.973022 -224 171.826462 ) (-735.973022 -160 171.826508 ) (-799.963074 -160 186.606644 ) 
4 358 364 (-735.973022 -160 171.826508 ) (-735.973022 -32 171.826584 ) (-799.963074 -32 186.606720 ) (-799.963074 -160 186.606644 ) 
4 358 363 (-735.973022 -224 128 ) (-735.973022 -224 171.826172 ) (-813.232971 -224 189.671875 ) (-827.471191 -224 128 ) 
4 358 362 (-821.027100 -224 191.472183 ) (-863.963074 -224 201.389648 ) (-863.963074 -224 135.696335 ) (-835.424377 -224 129.111618 ) 
3 358 361 (-863.963074 -224 135.696335 ) (-863.963074 -224 128 ) (-830.606506 -224 128 ) 
4 358 360 (-831.965027 -224 128 ) (-863.963074 -224 128 ) (-863.963074 -32 128 ) (-831.965027 -32 128 ) 
4 358 359 (-735.973022 -224 128 ) (-831.965027 -224 128 ) (-831.965027 -32 128 ) (-735.973022 -32 128 ) 
4 359 363 (-735.973022 -224 106.165276 ) (-735.973022 -224 128 ) (-827.471191 -224 128 ) (-827.629761 -224 127.313179 ) 
5 359 361 (-735.973022 -224 0 ) (-735.973022 -224 106.165276 ) (-830.606506 -224 128 ) (-831.965027 -224 128 ) (-831.965027 -224 0 ) 
4 359 360 (-831.965027 -32 0 ) (-831.965027 -224 0 ) (-831.965027 -224 128 ) (-831.965027 -32 128 ) 
4 360 370 (-863.963074 -32 0 ) (-863.963074 -224 0 ) (-863.963074 -224 128 ) (-863.963074 -32 128 ) 
4 360 361 (-831.965027 -224 128 ) (-863.963074 -224 128 ) (-863.963074 -224 0 ) (-831.965027 -224 0 ) 
4 361 376 (-799.963074 -288 0 ) (-735.973022 -288 0 ) (-735.973022 -288 106.164207 ) (-799.963074 -288 120.928604 ) 
4 361 370 (-863.963074 -224 0 ) (-863.963074 -288 0 ) (-863.963074 -288 135.695282 ) (-863.963074 -224 135.696335 ) 
4 361 363 (-735.973022 -224 106.166992 ) (-827.629517 -224 127.314270 ) (-827.629089 -288 127.313110 ) (-735.973022 -288 106.165924 ) 
4 361 362 (-835.424133 -224 129.112671 ) (-863.963074 -224 135.697266 ) (-863.963074 -288 135.696198 ) (-835.423523 -288 129.111465 ) 
4 362 370 (-863.963074 -288 135.695282 ) (-863.963074 -288 201.388138 ) (-863.963074 -224 201.388168 ) (-863.963074 -224 135.696335 ) 
4 362 367 (-863.963074 -224 201.389023 ) (-863.963074 -288 201.388992 ) (-821.026367 -288 191.471664 ) (-821.027161 -224 191.471878 ) 
4 363 376 (-735.973022 -288 106.164207 ) (-735.973022 -288 128 ) (-799.963074 -288 128 ) (-799.963074 -288 120.928604 ) 
4 363 373 (-735.973022 -288 128 ) (-735.973022 -288 171.825516 ) (-799.963074 -288 186.605667 ) (-799.963074 -288 128 ) 
4 363 369 (-813.232422 -288 189.671448 ) (-799.963074 -288 186.606552 ) (-799.963074 -224 186.606598 ) (-813.233032 -224 189.671631 ) 
4 363 365 (-799.963074 -288 186.606552 ) (-735.973022 -288 171.826431 ) (-735.973022 -224 171.826462 ) (-799.963074 -224 186.606598 ) 
4 364 366 (-799.963074 -32 252 ) (-799.963074 -32 186.601563 ) (-799.963074 -160 186.601501 ) (-799.963074 -160 252 ) 
5 364 365 (-799.963074 -160 247.148972 ) (-799.963074 -160 186.601563 ) (-735.973022 -160 171.821411 ) (-735.973022 -160 256 ) (-798.826721 -160 252.071030 ) 
5 365 373 (-735.973022 -288 171.825516 ) (-735.973022 -288 256 ) (-798.826904 -288 252.071045 ) (-799.963074 -288 247.149841 ) (-799.963074 -288 186.605667 ) 
4 365 369 (-799.963074 -160 186.601501 ) (-799.963074 -288 186.601440 ) (-799.963074 -288 247.149963 ) (-799.963074 -160 247.148926 ) 
4 366 370 (-863.963074 -160 268 ) (-863.963074 -32 268 ) (-863.963074 -32 201.388290 ) (-863.963074 -160 201.388214 ) 
3 366 369 (-799.963074 -160 186.601563 ) (-799.963074 -160 247.149155 ) (-813.233887 -160 189.666840 ) 
4 366 368 (-799.963074 -160 252.290253 ) (-799.963074 -160 255.998047 ) (-805.875000 -160 257.106537 ) (-806.631287 -160 253.830444 ) 
4 366 367 (-805.875000 -160 257.106537 ) (-863.963074 -160 267.998047 ) (-863.963074 -160 201.384186 ) (-821.028320 -160 191.467178 ) 
4 367 370 (-863.963074 -288 201.388138 ) (-863.963074 -288 268 ) (-863.963074 -160 268 ) (-863.963074 -160 201.388214 ) 
4 367 368 (-806.631897 -160 253.830582 ) (-805.874023 -160 257.113281 ) (-805.874084 -288 257.113281 ) (-806.631958 -288 253.830673 ) 
4 370 371 (-879.963074 -32 272 ) (-879.963074 -32 0 ) (-879.963074 -288 0 ) (-879.963074 -288 272 ) 
4 371 379 (-927.963074 -288 0 ) (-879.963074 -288 0 ) (-879.963074 -288 128 ) (-927.963074 -288 128 ) 
4 371 374 (-879.963074 -288 128 ) (-879.963074 -288 256 ) (-927.963074 -288 256 ) (-927.963074 -288 128 ) 
4 371 372 (-879.963074 -288 256 ) (-879.963074 -288 448 ) (-927.963074 -288 448 ) (-927.963074 -288 256 ) 
4 372 374 (-879.963074 -416 256 ) (-927.963074 -416 256 ) (-927.963074 -288 256 ) (-879.963074 -288 256 ) 
4 373 376 (-799.963074 -288 128 ) (-671.963013 -288 128 ) (-671.963013 -352 128 ) (-799.963074 -352 128 ) 
4 374 379 (-927.963074 -288 128 ) (-879.963074 -288 128 ) (-879.963074 -416 128 ) (-927.963074 -416 128 ) 
4 375 381 (-800 -704 128 ) (-736 -704 128 ) (-736 -832 128 ) (-800 -832 128 ) 
4 376 377 (-799.963074 -365 128 ) (-799.963074 -365 0 ) (-671.963013 -365 0 ) (-671.963013 -365 128 ) 
4 377 378 (-799.963074 -366 128 ) (-799.963074 -366 0 ) (-671.963013 -366 0 ) (-671.963013 -366 128 ) 
4 378 381 (-799.963074 -416 0 ) (-671.963013 -416 0 ) (-671.963013 -416 128 ) (-799.963074 -416 128 ) 
4 380 381 (-672 -704 0 ) (-672 -832 0 ) (-672 -832 128 ) (-672 -704 128 ) 
4 381 421 (-800 -704 0 ) (-800 -448 0 ) (-672 -448 0 ) (-672 -704 0 ) 
4 382 393 (-64 -448 -16 ) (-64 0 -16 ) (0 0 -16 ) (0 -448 -16 ) 
4 382 391 (-64 0 -16 ) (-64 -448 -16 ) (-64 -448 0 ) (-64 0 0 ) 
4 382 386 (-56.265991 -448 -15.434642 ) (0 -448 -9.520815 ) (0 -448 -8.515493 ) (-56.370510 -448 -14.440248 ) 
5 382 385 (-64 -448 -15.242137 ) (-64 -448 -16 ) (-61.644989 -448 -16 ) (-56.265991 -448 -15.434642 ) (-56.370510 -448 -14.440248 ) 
3 382 384 (-61.644989 -448 -16 ) (0 -448 -16 ) (0 -448 -9.520815 ) 
4 382 383 (-64 -448 0 ) (-64 -448 -15.242137 ) (0 -448 -8.515493 ) (0 -448 0 ) 
4 383 391 (-64 -504 -15.242137 ) (-64 -504 0 ) (-64 -448 0 ) (-64 -448 -15.242137 ) 
4 383 386 (0 -504 -8.515689 ) (-56.370708 -504 -14.440337 ) (-56.370499 -448 -14.440298 ) (0 -448 -8.515543 ) 
4 383 385 (-56.370708 -504 -14.440337 ) (-64 -504 -15.242188 ) (-64 -448 -15.242188 ) (-56.370499 -448 -14.440298 ) 
4 383 387 (-64 -504 0 ) (-64 -504 -15.242137 ) (0 -504 -8.515493 ) (0 -504 0 ) 
4 384 393 (-61.644989 -448 -16 ) (0 -448 -16 ) (0 -504 -16 ) (-61.641090 -504 -16 ) 
4 384 386 (0 -448 -9.520104 ) (-56.266075 -448 -15.433883 ) (-56.266151 -504 -15.435183 ) (0 -504 -9.521339 ) 
4 384 385 (-56.266075 -448 -15.433883 ) (-61.652344 -448 -16 ) (-61.640003 -504 -16 ) (-56.266151 -504 -15.435183 ) 
3 384 387 (-61.641090 -504 -16 ) (0 -504 -16 ) (0 -504 -9.521225 ) 
4 385 393 (-64 -504 -16 ) (-64 -448 -16 ) (-61.644989 -448 -16 ) (-61.641090 -504 -16 ) 
4 385 391 (-64 -448 -16 ) (-64 -504 -16 ) (-64 -504 -15.242137 ) (-64 -448 -15.242137 ) 
5 385 387 (-64 -504 -15.242137 ) (-64 -504 -16 ) (-61.641090 -504 -16 ) (-56.266159 -504 -15.435069 ) (-56.370720 -504 -14.440270 ) 
4 385 386 (-56.266659 -504 -15.433563 ) (-56.266491 -448 -15.433132 ) (-56.370880 -448 -14.439591 ) (-56.371094 -504 -14.439613 ) 
4 386 387 (-56.266159 -504 -15.435069 ) (0 -504 -9.521225 ) (0 -504 -8.515493 ) (-56.370720 -504 -14.440270 ) 
4 387 395 (-64 -576 -16 ) (-64 -520 -16 ) (0 -520 -16 ) (0 -576 -16 ) 
4 387 394 (-64 -520 -16 ) (-64 -512 -16 ) (0 -512 -16 ) (0 -520 -16 ) 
4 387 393 (-64 -512 -16 ) (-64 -504 -16 ) (0 -504 -16 ) (0 -512 -16 ) 
4 387 391 (-64 -504 -16 ) (-64 -576 -16 ) (-64 -576 0 ) (-64 -504 0 ) 
4 387 390 (-64 -576 -2 ) (-64 -576 -12 ) (0 -576 -12 ) (0 -576 -2 ) 
4 387 388 (-64 -576 0 ) (-64 -576 -2 ) (0 -576 -2 ) (0 -576 0 ) 
4 388 392 (-64 -608 0 ) (-64 -576 0 ) (-64 -576 -2 ) (-64 -608 -2 ) 
4 388 390 (-64 -608 -2 ) (-64 -576 -2 ) (0 -576 -2 ) (0 -608 -2 ) 
4 388 389 (-64 -608 0 ) (-64 -608 -1 ) (0 -608 -1 ) (0 -608 0 ) 
4 389 392 (-64 -640 -1 ) (-64 -640 0 ) (-64 -608 0 ) (-64 -608 -1 ) 
4 390 392 (-64 -640 -12 ) (-64 -640 -2 ) (-64 -576 -2 ) (-64 -576 -12 ) 
4 391 403 (-128 -544 -2 ) (-128 -544 -12 ) (-128 -576 -12 ) (-128 -576 -2 ) 
4 391 401 (-128 -576 0 ) (-128 -544 0 ) (-128 -544 -1 ) (-128 -576 -1 ) 
4 391 398 (-128 -512 -8 ) (-128 -512 -16 ) (-128 -544 -16 ) (-128 -544 -8 ) 
4 391 397 (-128 -544 0 ) (-128 -512 0 ) (-128 -512 -8 ) (-128 -544 -8 ) 
4 391 396 (-128 -512 0 ) (-128 0 0 ) (-128 0 -16 ) (-128 -512 -16 ) 
4 391 395 (-128 -576 -16 ) (-128 -520 -16 ) (-64 -520 -16 ) (-64 -576 -16 ) 
4 391 394 (-128 -520 -16 ) (-128 -512 -16 ) (-64 -512 -16 ) (-64 -520 -16 ) 
4 391 393 (-128 -512 -16 ) (-128 0 -16 ) (-64 0 -16 ) (-64 -512 -16 ) 
4 391 392 (-128 -576 0 ) (-128 -576 -12 ) (-64 -576 -12 ) (-64 -576 0 ) 
4 392 403 (-128 -640 -12 ) (-128 -640 -2 ) (-128 -576 -2 ) (-128 -576 -12 ) 
4 392 401 (-128 -640 -1 ) (-128 -640 0 ) (-128 -576 0 ) (-128 -576 -1 ) 
4 393 422 (-128 0 -512 ) (0 0 -512 ) (0 -512 -512 ) (-128 -512 -512 ) 
4 393 396 (-128 0 -512 ) (-128 -512 -512 ) (-128 -512 -16 ) (-128 0 -16 ) 
4 393 394 (0 -512 -16 ) (-128 -512 -16 ) (-128 -512 -128 ) (0 -512 -128 ) 
4 394 398 (-128 -520 -128 ) (-128 -520 -16 ) (-128 -512 -16 ) (-128 -512 -128 ) 
4 394 395 (0 -520 -16 ) (-128 -520 -16 ) (-128 -520 -128 ) (0 -520 -128 ) 
4 395 404 (-128 -640 -128 ) (-128 -640 -16 ) (-128 -544 -16 ) (-128 -544 -128 ) 
4 395 398 (-128 -544 -16 ) (-128 -520 -16 ) (-128 -520 -128 ) (-128 -544 -128 ) 
4 396 422 (-256 0 -512 ) (-128 0 -512 ) (-128 -512 -512 ) (-256 -512 -512 ) 
4 396 415 (-256 0 -512 ) (-256 -192 -512 ) (-256 -192 0 ) (-256 0 0 ) 
4 396 416 (-256 -320 -512 ) (-256 -512 -512 ) (-256 -512 0 ) (-256 -320 0 ) 
4 396 400 (-256 -512 -128 ) (-256 -512 -256 ) (-128 -512 -256 ) (-128 -512 -128 ) 
4 396 398 (-192 -512 -128 ) (-128 -512 -128 ) (-128 -512 -8 ) (-192 -512 -8 ) 
4 396 397 (-192 -512 -8 ) (-128 -512 -8 ) (-128 -512 0 ) (-192 -512 0 ) 
4 397 403 (-192 -544 -8 ) (-128 -544 -8 ) (-128 -544 -2 ) (-192 -544 -2 ) 
4 397 401 (-128 -544 -1 ) (-128 -544 0 ) (-160 -544 0 ) (-160 -544 -1 ) 
4 397 398 (-128 -544 -8 ) (-192 -544 -8 ) (-192 -512 -8 ) (-128 -512 -8 ) 
4 398 403 (-128 -544 -12 ) (-128 -544 -8 ) (-192 -544 -8 ) (-192 -544 -12 ) 
4 398 404 (-192 -544 -128 ) (-128 -544 -128 ) (-128 -544 -16 ) (-192 -544 -16 ) 
4 398 400 (-192 -520 -128 ) (-192 -512 -128 ) (-128 -512 -128 ) (-128 -520 -128 ) 
4 398 399 (-192 -520 -128 ) (-192 -544 -128 ) (-192 -544 -8 ) (-192 -520 -8 ) 
4 399 420 (-256 -544 -128 ) (-256 -544 -32 ) (-256 -528 -32 ) (-256 -528 -128 ) 
4 399 417 (-256 -544 -32 ) (-256 -544 -8 ) (-256 -528 -8 ) (-256 -528 -32 ) 
4 399 405 (-256 -544 -32 ) (-256 -544 -128 ) (-192 -544 -128 ) (-192 -544 -32 ) 
4 401 409 (-128 -640 -1 ) (-128 -640 0 ) (-160 -640 0 ) (-160 -640 -1 ) 
4 401 402 (-160 -608 -1 ) (-160 -640 -1 ) (-160 -640 0 ) (-160 -608 0 ) 
4 402 409 (-160 -640 0 ) (-192 -640 0 ) (-192 -640 -2 ) (-160 -640 -2 ) 
4 402 406 (-192 -608 -2 ) (-192 -640 -2 ) (-192 -640 0 ) (-192 -608 0 ) 
4 402 403 (-192 -640 -2 ) (-192 -608 -2 ) (-160 -608 -2 ) (-160 -640 -2 ) 
4 403 409 (-128 -640 -12 ) (-128 -640 -2 ) (-192 -640 -2 ) (-192 -640 -12 ) 
4 403 406 (-192 -576 -12 ) (-192 -640 -12 ) (-192 -640 -2 ) (-192 -576 -2 ) 
4 404 413 (-128 -640 -24 ) (-128 -640 -16 ) (-192 -640 -16 ) (-192 -640 -24 ) 
4 404 408 (-192 -576 -128 ) (-192 -640 -128 ) (-192 -640 -32 ) (-192 -576 -32 ) 
4 404 407 (-192 -640 -24 ) (-192 -640 -16 ) (-192 -576 -16 ) (-192 -576 -24 ) 
4 404 405 (-192 -544 -32 ) (-192 -544 -128 ) (-192 -576 -128 ) (-192 -576 -32 ) 
4 405 420 (-256 -576 -128 ) (-256 -576 -32 ) (-256 -544 -32 ) (-256 -544 -128 ) 
4 405 408 (-256 -576 -32 ) (-256 -576 -128 ) (-192 -576 -128 ) (-192 -576 -32 ) 
4 406 410 (-256 -640 0 ) (-256 -640 -1 ) (-224 -640 -1 ) (-224 -640 0 ) 
4 406 411 (-256 -640 -2 ) (-256 -640 -12 ) (-224 -640 -12 ) (-224 -640 -2 ) 
4 406 409 (-224 -640 -12 ) (-192 -640 -12 ) (-192 -640 0 ) (-224 -640 0 ) 
4 408 420 (-256 -640 -128 ) (-256 -640 -32 ) (-256 -576 -32 ) (-256 -576 -128 ) 
4 409 412 (-128 -704 -12 ) (-192 -704 -12 ) (-192 -640 -12 ) (-128 -640 -12 ) 
4 409 410 (-224 -640 0 ) (-224 -640 -1 ) (-224 -704 -1 ) (-224 -704 0 ) 
4 409 411 (-224 -640 -2 ) (-224 -640 -12 ) (-224 -704 -12 ) (-224 -704 -2 ) 
4 412 414 (-128 -704 -16 ) (-192 -704 -16 ) (-192 -656 -16 ) (-128 -656 -16 ) 
4 412 413 (-192 -656 -16 ) (-192 -640 -16 ) (-128 -640 -16 ) (-128 -656 -16 ) 
4 413 414 (-128 -656 -24 ) (-128 -656 -16 ) (-192 -656 -16 ) (-192 -656 -24 ) 
4 415 423 (-384 0 -512 ) (-256 0 -512 ) (-256 -192 -512 ) (-384 -192 -512 ) 
4 416 424 (-256 -320 -512 ) (-256 -512 -512 ) (-384 -512 -512 ) (-384 -320 -512 ) 
4 417 420 (-320 -544 -32 ) (-320 -528 -32 ) (-256 -528 -32 ) (-256 -544 -32 ) 
4 417 418 (-320 -544 -32 ) (-288 -544 -32 ) (-288 -544 -8 ) (-320 -544 -8 ) 
4 418 420 (-320 -576 -32 ) (-320 -544 -32 ) (-288 -544 -32 ) (-288 -576 -32 ) 
4 418 419 (-320 -576 -32 ) (-288 -576 -32 ) (-288 -576 -16 ) (-320 -576 -16 ) 
4 419 420 (-288 -640 -32 ) (-320 -640 -32 ) (-320 -576 -32 ) (-288 -576 -32 ) 
4 422 423 (-256 0 -768 ) (-256 -192 -768 ) (-256 -192 -512 ) (-256 0 -512 ) 
4 422 424 (-256 -320 -768 ) (-256 -512 -768 ) (-256 -512 -512 ) (-256 -320 -512 ) 
