


materialPath: C:\Program Files (x86)\Steam\steamapps\common\Portal 2\portal2\materials
Loading C:\Program Files (x86)\Steam\steamapps\common\Portal 2\sdk_content\maps\WIP\Chapter 3\mp_coop_a2_ricochet.vmf
ConVarRef gpu_level doesn't point to an existing ConVar
Patching WVT material: maps/mp_coop_a2_ricochet/metal/blendblackfloormetal_dirt02_wvt_patch
fixing up env_cubemap materials on brush sides...
0...1...2...3...4...5...6...7...8...9...100...1...2...3...4...5...6...7...8...9...10**** leaked ****
Entity prop_static (1211.39 1760.00 -1187.94) leaked!

FindPortalSide: Couldn't find a good match for which brush to assign to a portal near (4488.0 2048.0 -1384.9)
Leaf 0 contents: CONTENTS_SOLID 
Leaf 1 contents: 
viscontents (node 0 contents ^ node 1 contents): CONTENTS_SOLID 
This means that none of the brushes in leaf 0 or 1 that touches the portal has CONTENTS_SOLID 
Check for a huge brush enclosing the coordinates above that has contents CONTENTS_SOLID 
Candidate brush IDs: 


FindPortalSide: Couldn't find a good match for which brush to assign to a portal near (5000.0 2048.0 -1384.9)
Leaf 0 contents: CONTENTS_SOLID 
Leaf 1 contents: 
viscontents (node 0 contents ^ node 1 contents): CONTENTS_SOLID 
This means that none of the brushes in leaf 0 or 1 that touches the portal has CONTENTS_SOLID 
Check for a huge brush enclosing the coordinates above that has contents CONTENTS_SOLID 
Candidate brush IDs: 


FindPortalSide: Couldn't find a good match for which brush to assign to a portal near (4488.0 2048.0 -385.7)
Leaf 0 contents: CONTENTS_SOLID 
Leaf 1 contents: 
viscontents (node 0 contents ^ node 1 contents): CONTENTS_SOLID 
This means that none of the brushes in leaf 0 or 1 that touches the portal has CONTENTS_SOLID 
Check for a huge brush enclosing the coordinates above that has contents CONTENTS_SOLID 
Candidate brush IDs: 


FindPortalSide: Couldn't find a good match for which brush to assign to a portal near (4888.0 2048.0 -385.7)
Leaf 0 contents: CONTENTS_SOLID 
Leaf 1 contents: 
viscontents (node 0 contents ^ node 1 contents): CONTENTS_SOLID 
This means that none of the brushes in leaf 0 or 1 that touches the portal has CONTENTS_SOLID 
Check for a huge brush enclosing the coordinates above that has contents CONTENTS_SOLID 
Candidate brush IDs: 


FindPortalSide: Couldn't find a good match for which brush to assign to a portal near (5008.0 2048.0 -385.7)
Leaf 0 contents: CONTENTS_SOLID 
Leaf 1 contents: 
viscontents (node 0 contents ^ node 1 contents): CONTENTS_SOLID 
This means that none of the brushes in leaf 0 or 1 that touches the portal has CONTENTS_SOLID 
Check for a huge brush enclosing the coordinates above that has contents CONTENTS_SOLID 
Candidate brush IDs: 


FindPortalSide: Couldn't find a good match for which brush to assign to a portal near (4496.0 2048.0 343.1)
Leaf 0 contents: CONTENTS_SOLID 
Leaf 1 contents: 
viscontents (node 0 contents ^ node 1 contents): CONTENTS_SOLID 
This means that none of the brushes in leaf 0 or 1 that touches the portal has CONTENTS_SOLID 
Check for a huge brush enclosing the coordinates above that has contents CONTENTS_SOLID 
Candidate brush IDs: 


FindPortalSide: Couldn't find a good match for which brush to assign to a portal near (5008.0 2048.0 343.1)
Leaf 0 contents: CONTENTS_SOLID 
Leaf 1 contents: 
viscontents (node 0 contents ^ node 1 contents): CONTENTS_SOLID 
This means that none of the brushes in leaf 0 or 1 that touches the portal has CONTENTS_SOLID 
Check for a huge brush enclosing the coordinates above that has contents CONTENTS_SOLID 
Candidate brush IDs: 


FindPortalSide: Couldn't find a good match for which brush to assign to a portal near (4608.0 3072.0 -656.0)
Leaf 0 contents: 
Leaf 1 contents: CONTENTS_SOLID 
viscontents (node 0 contents ^ node 1 contents): CONTENTS_SOLID 
This means that none of the brushes in leaf 0 or 1 that touches the portal has CONTENTS_SOLID 
Check for a huge brush enclosing the coordinates above that has contents CONTENTS_SOLID 
Candidate brush IDs: 

*** Suppressing further FindPortalSide errors.... ***
Processing areas...done (0)
Building Faces...done (0)
Chop Details...done (0)
Find Visible Detail Sides...
Merged 558 detail faces...done (0)
Merging details...done (0)
FixTjuncs...
PruneNodes...
WriteBSP...
done (0)
Finding displacement neighbors...
Finding lightmap sample positions...
Displacement Alpha : 0...1...2...3...4...5...6...7...8...9...10
Building Physics collision data...
done (1) (602491 bytes)
Encountered obsolete static prop option to do its fade in screen space @ 2176.00 1328.00 -128.00
Encountered obsolete static prop option to do its fade in screen space @ 2064.00 896.00 -256.00
Encountered obsolete static prop option to do its fade in screen space @ 2304.00 1328.00 -128.00
Encountered obsolete static prop option to do its fade in screen space @ 1312.00 2160.00 -1248.00
Encountered obsolete static prop option to do its fade in screen space @ 1312.00 2192.00 -1248.00
Encountered obsolete static prop option to do its fade in screen space @ 3952.00 1152.00 -320.00
Encountered obsolete static prop option to do its fade in screen space @ 3920.00 1152.00 -320.00
Placing detail props : 0...1...2...3...4...5...6...7...8...9...10
Compacting texture/material tables...
Reduced 2015 texinfos to 1173
Reduced 116 texdatas to 106 (4184 bytes to 3780)
Writing C:\Program Files (x86)\Steam\steamapps\common\Portal 2\sdk_content\maps\WIP\Chapter 3\mp_coop_a2_ricochet.bsp

nummapplanes:     (  7204 / 65536 )
nummapbrushes:    (  1591 /  8192 )
nummapbrushsides: ( 12078 / 65536 )
num_map_overlays: (    67 /   512 )
nummodels:        (   151 /  1024 )
num_entities:     (   607 / 16384 )

1 second elapsed



24 threads
reading c:\program files (x86)\steam\steamapps\common\portal 2\sdk_content\maps\wip\chapter 3\mp_coop_a2_ricochet.bsp
reading c:\program files (x86)\steam\steamapps\common\portal 2\sdk_content\maps\wip\chapter 3\mp_coop_a2_ricochet.prt
LoadPortals: couldn't read c:\program files (x86)\steam\steamapps\common\portal 2\sdk_content\maps\wip\chapter 3\mp_coop_a2_ricochet.prt



materialPath: C:\Program Files (x86)\Steam\steamapps\common\Portal 2\portal2\materials
Loading C:\Program Files (x86)\Steam\steamapps\common\Portal 2\sdk_content\maps\WIP\Chapter 3\mp_coop_a2_ricochet.vmf
ConVarRef gpu_level doesn't point to an existing ConVar
Patching WVT material: maps/mp_coop_a2_ricochet/metal/blendblackfloormetal_dirt02_wvt_patch
fixing up env_cubemap materials on brush sides...
0...1...2...3...4...5...6...7...8...9...100...1...2...3...4...5...6...7...8...9...10Processing areas...done (0)
Building Faces...done (0)
Chop Details...done (0)
Find Visible Detail Sides...
Merged 558 detail faces...done (0)
Merging details...done (0)
FixTjuncs...
PruneNodes...
WriteBSP...
done (0)
writing C:\Program Files (x86)\Steam\steamapps\common\Portal 2\sdk_content\maps\WIP\Chapter 3\mp_coop_a2_ricochet.prt...Building visibility clusters...
done (0)
Finding displacement neighbors...
Finding lightmap sample positions...
Displacement Alpha : 0...1...2...3...4...5...6...7...8...9...10
Building Physics collision data...
done (1) (602883 bytes)
Encountered obsolete static prop option to do its fade in screen space @ 2176.00 1328.00 -128.00
Encountered obsolete static prop option to do its fade in screen space @ 2064.00 896.00 -256.00
Encountered obsolete static prop option to do its fade in screen space @ 2304.00 1328.00 -128.00
Encountered obsolete static prop option to do its fade in screen space @ 1312.00 2160.00 -1248.00
Encountered obsolete static prop option to do its fade in screen space @ 1312.00 2192.00 -1248.00
Encountered obsolete static prop option to do its fade in screen space @ 3952.00 1152.00 -320.00
Encountered obsolete static prop option to do its fade in screen space @ 3920.00 1152.00 -320.00
Static prop models/props_backstage/triple_wallpipe_straight_c.mdl outside the map (1257.60, 1936.00, -857.04)
Placing detail props : 0...1...2...3...4...5...6...7...8...9...10
Compacting texture/material tables...
Reduced 2016 texinfos to 1110
Reduced 116 texdatas to 106 (4184 bytes to 3780)
Writing C:\Program Files (x86)\Steam\steamapps\common\Portal 2\sdk_content\maps\WIP\Chapter 3\mp_coop_a2_ricochet.bsp

nummapplanes:     (  7216 / 65536 )
nummapbrushes:    (  1592 /  8192 )
nummapbrushsides: ( 12084 / 65536 )
num_map_overlays: (    67 /   512 )
nummodels:        (   151 /  1024 )
num_entities:     (   607 / 16384 )

1 second elapsed



24 threads
reading c:\program files (x86)\steam\steamapps\common\portal 2\sdk_content\maps\wip\chapter 3\mp_coop_a2_ricochet.bsp
reading c:\program files (x86)\steam\steamapps\common\portal 2\sdk_content\maps\wip\chapter 3\mp_coop_a2_ricochet.prt
 880 portalclusters
3083 numportals
0...1...2...3...4...5...6...7...8...9...100...1...2...3


materialPath: C:\Program Files (x86)\Steam\steamapps\common\Portal 2\portal2\materials
Loading C:\Program Files (x86)\Steam\steamapps\common\Portal 2\sdk_content\maps\WIP\Chapter 3\mp_coop_a2_ricochet.vmf
ConVarRef gpu_level doesn't point to an existing ConVar
Patching WVT material: maps/mp_coop_a2_ricochet/metal/blendblackfloormetal_dirt02_wvt_patch
fixing up env_cubemap materials on brush sides...
0...1...2...3...4...5...6...7...8...9...100...1...2...3...4...5...6...7...8...9...10Processing areas...done (0)
Building Faces...done (0)
Chop Details...done (0)
Find Visible Detail Sides...
Merged 558 detail faces...done (0)
Merging details...done (0)
FixTjuncs...
PruneNodes...
WriteBSP...
done (0)
writing C:\Program Files (x86)\Steam\steamapps\common\Portal 2\sdk_content\maps\WIP\Chapter 3\mp_coop_a2_ricochet.prt...Building visibility clusters...
done (0)
Finding displacement neighbors...
Finding lightmap sample positions...
Displacement Alpha : 0...1...2...3...4...5...6...7...8...9...10
Building Physics collision data...
done (1) (602883 bytes)
Encountered obsolete static prop option to do its fade in screen space @ 2176.00 1328.00 -128.00
Encountered obsolete static prop option to do its fade in screen space @ 2064.00 896.00 -256.00
Encountered obsolete static prop option to do its fade in screen space @ 2304.00 1328.00 -128.00
Encountered obsolete static prop option to do its fade in screen space @ 1312.00 2160.00 -1248.00
Encountered obsolete static prop option to do its fade in screen space @ 1312.00 2192.00 -1248.00
Encountered obsolete static prop option to do its fade in screen space @ 3952.00 1152.00 -320.00
Encountered obsolete static prop option to do its fade in screen space @ 3920.00 1152.00 -320.00
Placing detail props : 0...1...2...3...4...5...6...7...8...9...10
Compacting texture/material tables...
Reduced 2016 texinfos to 1110
Reduced 116 texdatas to 106 (4184 bytes to 3780)
Writing C:\Program Files (x86)\Steam\steamapps\common\Portal 2\sdk_content\maps\WIP\Chapter 3\mp_coop_a2_ricochet.bsp

nummapplanes:     (  7216 / 65536 )
nummapbrushes:    (  1592 /  8192 )
nummapbrushsides: ( 12084 / 65536 )
num_map_overlays: (    67 /   512 )
nummodels:        (   151 /  1024 )
num_entities:     (   607 / 16384 )

1 second elapsed



24 threads
reading c:\program files (x86)\steam\steamapps\common\portal 2\sdk_content\maps\wip\chapter 3\mp_coop_a2_ricochet.bsp
reading c:\program files (x86)\steam\steamapps\common\portal 2\sdk_content\maps\wip\chapter 3\mp_coop_a2_ricochet.prt
 880 portalclusters
3083 numportals
0...1...2...3...4...5...6...7...8...9...100...1...2...3...4...5...6...7...8...9...10Optimized: 3168 visible clusters (0.00%)
Total clusters visible: 380882
Average clusters visible: 432
Building PAS...
Average clusters audible: 848
visdatasize:182113  compressed from 197120
writing c:\program files (x86)\steam\steamapps\common\portal 2\sdk_content\maps\wip\chapter 3\mp_coop_a2_ricochet.bsp
2 minutes, 10 seconds elapsed



Could not find lights.rad in lights.rad.
Trying VRAD BIN directory instead...
Warning: Couldn't open texlight file C:\Program Files (x86)\Steam\steamapps\common\Portal 2\bin\lights.rad.
Loading c:\program files (x86)\steam\steamapps\common\portal 2\sdk_content\maps\wip\chapter 3\mp_coop_a2_ricochet.bsp
3055 faces
4 degenerate faces
347325 square feet [50014936.00 square inches]
1 Displacements
455 Square Feet [65527.82 Square Inches]
3051 patches before subdivision
54687 patches after subdivision
30 direct lights
0...1...2...3...4...5...6...7...8...9...100...1...2...3...4...5...6...7...8...9...10transfers 7172063, max 680
transfer lists:  54.7 megs
0...1...2...3...4...5...6...7...8...9...10	Bounce #1 added RGB(82767, 85113, 76113)
0...1...2...3...4...5...6...7...8...9...10	Bounce #2 added RGB(36353, 37338, 32855)
0...1...2...3...4...5...6...7...8...9...10	Bounce #3 added RGB(17553, 17920, 15463)
0...1...2...3...4...5...6...7...8...9...10	Bounce #4 added RGB(8858, 8976, 7596)
0...1...2...3...4...5...6...7...8...9...10	Bounce #5 added RGB(4547, 4575, 3804)
0...1...2...3...4...5...6...7...8...9...10	Bounce #6 added RGB(2358, 2356, 1928)
0...1...2...3...4...5...6...7...8...9...10	Bounce #7 added RGB(1229, 1221, 984)
0...1...2...3...4...5...6...7...8...9...10	Bounce #8 added RGB(643, 635, 505)
0...1...2...3...4...5...6...7...8...9...10	Bounce #9 added RGB(338, 332, 260)
0...1...2...3...4...5...6...7...8...9...10	Bounce #10 added RGB(178, 174, 134)
0...1...2...3...4...5...6...7...8...9...10	Bounce #11 added RGB(94, 91, 70)
0...1...2...3...4...5...6...7...8...9...10	Bounce #12 added RGB(49, 48, 36)
0...1...2...3...4...5...6...7...8...9...10	Bounce #13 added RGB(26, 25, 19)
0...1...2...3...4...5...6...7...8...9...10	Bounce #14 added RGB(14, 13, 10)
0...1...2...3...4...5...6...7...8...9...10	Bounce #15 added RGB(7, 7, 5)
0...1...2...3...4...5...6...7...8...9...10	Bounce #16 added RGB(4, 4, 3)
0...1...2...3...4...5...6...7...8...9...10	Bounce #17 added RGB(2, 2, 1)
0...1...2...3...4...5...6...7...8...9...10	Bounce #18 added RGB(1, 1, 1)
0...1...2...3...4...5...6...7...8...9...10	Bounce #19 added RGB(1, 1, 0)
Build Patch/Sample Hash Table(s).....Done<0.0085 sec>
0...1...2...3...4...5...6...7...8...9...10FinalLightFace Done
0 of 0 (0% of) surface lights went in leaf ambient cubes.
0...1...2...3...4...5...6...7...8...9...10Writing leaf ambient...done
Ready to Finish

Object names       Objects/Maxobjs  Memory / Maxmem  Fullness 
------------       ---------------  ---------------  -------- 
models                 151/1024         7248/49152    (14.7%) 
brushes               1592/8192        19104/98304    (19.4%) 
brushsides           12089/65536       96712/524288   (18.4%) 
planes                7216/65536      144320/1310720  (11.0%) 
vertexes              7423/65536       89076/786432   (11.3%) 
nodes                 2544/65536       81408/2097152  ( 3.9%) 
texinfos              1110/12288       79920/884736   ( 9.0%) 
texdata                106/2048         3392/65536    ( 5.2%) 
dispinfos                1/0             176/0        ( 0.0%) 
disp_verts              81/0            1620/0        ( 0.0%) 
disp_tris              128/0             256/0        ( 0.0%) 
disp_multiblend          0/0               0/0        ( 0.0%) 
disp_lmsamples        1224/0            1224/0        ( 0.0%) 
faces                 3055/65536      171080/3670016  ( 4.7%) 
hdr faces                0/65536           0/3670016  ( 0.0%) 
origfaces             2445/65536      136920/3670016  ( 3.7%) 
facebrushes            461/0             922/0        ( 0.0%) 
facebrushlists        3055/0           12220/0        ( 0.0%) 
leaves                2696/65536       86272/2097152  ( 4.1%) 
leaffaces             4108/65536        8216/131072   ( 6.3%) 
leafbrushes           3786/65536        7572/131072   ( 5.8%) 
areas                   12/256            96/2048     ( 4.7%) 
surfedges            24542/512000      98168/2048000  ( 4.8%) 
edges                15429/256000      61716/1024000  ( 6.0%) 
LDR worldlights         30/8192         3000/819200   ( 0.4%) 
HDR worldlights          0/8192            0/819200   ( 0.0%) 
leafwaterdata            0/32768           0/393216   ( 0.0%) 
waterstrips            449/32768        4490/327680   ( 1.4%) 
waterverts               0/65536           0/786432   ( 0.0%) 
waterindices          7911/65536       15822/131072   (12.1%) 
cubemapsamples          15/1024          240/16384    ( 1.5%) 
overlays                67/512         23584/180224   (13.1%) 
LDR lightdata         [variable]     2707728/0        ( 0.0%) 
HDR lightdata         [variable]           0/0        ( 0.0%) 
visdata               [variable]      182113/16777216 ( 1.1%) 
entdata               [variable]      242051/393216   (61.6%) 
LDR ambient table     2696/65536       10784/262144   ( 4.1%) 
HDR ambient table     2696/65536       10784/262144   ( 4.1%) 
LDR leaf ambient     10019/65536      280532/1835008  (15.3%) 
HDR leaf ambient      2696/65536       75488/1835008  ( 4.1%) 
occluders                0/0               0/0        ( 0.0%) 
occluder polygons        0/0               0/0        ( 0.0%) 
occluder vert ind        0/0               0/0        ( 0.0%) 
detail props          [variable]           1/12       ( 8.3%) 
static props          [variable]           1/35564    ( 0.0%) 
pakfile               [variable]     1200658/0        ( 0.0%) 
physics               [variable]      602883/4194304  (14.4%) 
physics terrain       [variable]         209/1048576  ( 0.0%) 

Level flags = 0

Total triangle count: 8694
Writing c:\program files (x86)\steam\steamapps\common\portal 2\sdk_content\maps\wip\chapter 3\mp_coop_a2_ricochet.bsp
36 seconds elapsed



Could not find lights.rad in lights.rad.
Trying VRAD BIN directory instead...
Warning: Couldn't open texlight file C:\Program Files (x86)\Steam\steamapps\common\Portal 2\bin\lights.rad.
Loading c:\program files (x86)\steam\steamapps\common\portal 2\sdk_content\maps\wip\chapter 3\mp_coop_a2_ricochet.bsp
3055 faces
4 degenerate faces
347325 square feet [50014936.00 square inches]
1 Displacements
455 Square Feet [65527.82 Square Inches]
3051 patches before subdivision
54687 patches after subdivision
30 direct lights
0...1...2...3...4...5...6...7...8...9...100...1...2...3...4...5...6...7...8...9...10transfers 7172063, max 680
transfer lists:  54.7 megs
0...1...2...3...4...5...6...7...8...9...10	Bounce #1 added RGB(82762, 85108, 76110)
0...1...2...3...4...5...6...7...8...9...10	Bounce #2 added RGB(36351, 37336, 32854)
0...1...2...3...4...5...6...7...8...9...10	Bounce #3 added RGB(17552, 17919, 15463)
0...1...2...3...4...5...6...7...8...9...10	Bounce #4 added RGB(8857, 8975, 7596)
0...1...2...3...4...5...6...7...8...9...10	Bounce #5 added RGB(4547, 4575, 3804)
0...1...2...3...4...5...6...7...8...9...10	Bounce #6 added RGB(2358, 2356, 1927)
0...1...2...3...4...5...6...7...8...9...10	Bounce #7 added RGB(1229, 1221, 984)
0...1...2...3...4...5...6...7...8...9...10	Bounce #8 added RGB(643, 635, 505)
0...1...2...3...4...5...6...7...8...9...10	Bounce #9 added RGB(338, 332, 260)
0...1...2...3...4...5...6...7...8...9...10	Bounce #10 added RGB(178, 174, 134)
0...1...2...3...4...5...6...7...8...9...10	Bounce #11 added RGB(94, 91, 70)
0...1...2...3...4...5...6...7...8...9...10	Bounce #12 added RGB(49, 48, 36)
0...1...2...3...4...5...6...7...8...9...10	Bounce #13 added RGB(26, 25, 19)
0...1...2...3...4...5...6...7...8...9...10	Bounce #14 added RGB(14, 13, 10)
0...1...2...3...4...5...6...7...8...9...10	Bounce #15 added RGB(7, 7, 5)
0...1...2...3...4...5...6...7...8...9...10	Bounce #16 added RGB(4, 4, 3)
0...1...2...3...4...5...6...7...8...9...10	Bounce #17 added RGB(2, 2, 1)
0...1...2...3...4...5...6...7...8...9...10	Bounce #18 added RGB(1, 1, 1)
0...1...2...3...4...5...6...7...8...9...10	Bounce #19 added RGB(1, 1, 0)
Build Patch/Sample Hash Table(s).....Done<0.0081 sec>
0...1...2...3...4...5...6...7...8...9...10FinalLightFace Done
0 of 0 (0% of) surface lights went in leaf ambient cubes.
0...1...2...3...4...5...6...7...8...9...10Writing leaf ambient...done
Ready to Finish

Object names       Objects/Maxobjs  Memory / Maxmem  Fullness 
------------       ---------------  ---------------  -------- 
models                 151/1024         7248/49152    (14.7%) 
brushes               1592/8192        19104/98304    (19.4%) 
brushsides           12089/65536       96712/524288   (18.4%) 
planes                7216/65536      144320/1310720  (11.0%) 
vertexes              7423/65536       89076/786432   (11.3%) 
nodes                 2544/65536       81408/2097152  ( 3.9%) 
texinfos              1110/12288       79920/884736   ( 9.0%) 
texdata                106/2048         3392/65536    ( 5.2%) 
dispinfos                1/0             176/0        ( 0.0%) 
disp_verts              81/0            1620/0        ( 0.0%) 
disp_tris              128/0             256/0        ( 0.0%) 
disp_multiblend          0/0               0/0        ( 0.0%) 
disp_lmsamples        1224/0            1224/0        ( 0.0%) 
faces                 3055/65536      171080/3670016  ( 4.7%) 
hdr faces             3055/65536      171080/3670016  ( 4.7%) 
origfaces             2445/65536      136920/3670016  ( 3.7%) 
facebrushes            461/0             922/0        ( 0.0%) 
facebrushlists        3055/0           12220/0        ( 0.0%) 
leaves                2696/65536       86272/2097152  ( 4.1%) 
leaffaces             4108/65536        8216/131072   ( 6.3%) 
leafbrushes           3786/65536        7572/131072   ( 5.8%) 
areas                   12/256            96/2048     ( 4.7%) 
surfedges            24542/512000      98168/2048000  ( 4.8%) 
edges                15429/256000      61716/1024000  ( 6.0%) 
LDR worldlights         30/8192         3000/819200   ( 0.4%) 
HDR worldlights         30/8192         3000/819200   ( 0.4%) 
leafwaterdata            0/32768           0/393216   ( 0.0%) 
waterstrips            449/32768        4490/327680   ( 1.4%) 
waterverts               0/65536           0/786432   ( 0.0%) 
waterindices          7911/65536       15822/131072   (12.1%) 
cubemapsamples          15/1024          240/16384    ( 1.5%) 
overlays                67/512         23584/180224   (13.1%) 
LDR lightdata         [variable]     2707728/0        ( 0.0%) 
HDR lightdata         [variable]     2707728/0        ( 0.0%) 
visdata               [variable]      182113/16777216 ( 1.1%) 
entdata               [variable]      242051/393216   (61.6%) 
LDR ambient table     2696/65536       10784/262144   ( 4.1%) 
HDR ambient table     2696/65536       10784/262144   ( 4.1%) 
LDR leaf ambient     10019/65536      280532/1835008  (15.3%) 
HDR leaf ambient     10020/65536      280560/1835008  (15.3%) 
occluders                0/0               0/0        ( 0.0%) 
occluder polygons        0/0               0/0        ( 0.0%) 
occluder vert ind        0/0               0/0        ( 0.0%) 
detail props          [variable]           1/12       ( 8.3%) 
static props          [variable]           1/35564    ( 0.0%) 
pakfile               [variable]     1200658/0        ( 0.0%) 
physics               [variable]      602883/4194304  (14.4%) 
physics terrain       [variable]         209/1048576  ( 0.0%) 

Level flags = 0

Total triangle count: 8694
Writing c:\program files (x86)\steam\steamapps\common\portal 2\sdk_content\maps\wip\chapter 3\mp_coop_a2_ricochet.bsp
36 seconds elapsed



materialPath: C:\Program Files (x86)\Steam\steamapps\common\Portal 2\portal2\materials
Loading C:\Program Files (x86)\Steam\steamapps\common\Portal 2\sdk_content\maps\WIP\Chapter 3\mp_coop_a2_ricochet.vmf
ConVarRef gpu_level doesn't point to an existing ConVar
Patching WVT material: maps/mp_coop_a2_ricochet/metal/blendblackfloormetal_dirt02_wvt_patch
fixing up env_cubemap materials on brush sides...
0...1...2...3...4...5...6...7...8...9...100...1...2...3...4...5...6...7...8...9...10Processing areas...done (0)
Building Faces...done (0)
Chop Details...done (0)
Find Visible Detail Sides...
Merged 572 detail faces...done (0)
Merging details...done (0)
FixTjuncs...
PruneNodes...
WriteBSP...
done (0)
writing C:\Program Files (x86)\Steam\steamapps\common\Portal 2\sdk_content\maps\WIP\Chapter 3\mp_coop_a2_ricochet.prt...Building visibility clusters...
done (0)
Finding displacement neighbors...
Finding lightmap sample positions...
Displacement Alpha : 0...1...2...3...4...5...6...7...8...9...10
Building Physics collision data...
done (1) (602627 bytes)
Encountered obsolete static prop option to do its fade in screen space @ 2176.00 1328.00 -128.00
Encountered obsolete static prop option to do its fade in screen space @ 2064.00 896.00 -256.00
Encountered obsolete static prop option to do its fade in screen space @ 2304.00 1328.00 -128.00
Encountered obsolete static prop option to do its fade in screen space @ 1312.00 2160.00 -1248.00
Encountered obsolete static prop option to do its fade in screen space @ 1312.00 2192.00 -1248.00
Encountered obsolete static prop option to do its fade in screen space @ 3952.00 1152.00 -320.00
Encountered obsolete static prop option to do its fade in screen space @ 3920.00 1152.00 -320.00
Placing detail props : 0...1...2...3...4...5...6...7...8...9...10
Compacting texture/material tables...
Reduced 2016 texinfos to 1109
Reduced 116 texdatas to 106 (4184 bytes to 3780)
Writing C:\Program Files (x86)\Steam\steamapps\common\Portal 2\sdk_content\maps\WIP\Chapter 3\mp_coop_a2_ricochet.bsp

nummapplanes:     (  7198 / 65536 )
nummapbrushes:    (  1592 /  8192 )
nummapbrushsides: ( 12080 / 65536 )
num_map_overlays: (    67 /   512 )
nummodels:        (   151 /  1024 )
num_entities:     (   607 / 16384 )

1 second elapsed



24 threads
reading c:\program files (x86)\steam\steamapps\common\portal 2\sdk_content\maps\wip\chapter 3\mp_coop_a2_ricochet.bsp
reading c:\program files (x86)\steam\steamapps\common\portal 2\sdk_content\maps\wip\chapter 3\mp_coop_a2_ricochet.prt
 894 portalclusters
3159 numportals
0...1...2...3...4...5...6...7...8...9...10Optimized: 52431 visible clusters (0.00%)
Total clusters visible: 641661
Average clusters visible: 717
Building PAS...
Average clusters audible: 875
visdatasize:197518  compressed from 200256
writing c:\program files (x86)\steam\steamapps\common\portal 2\sdk_content\maps\wip\chapter 3\mp_coop_a2_ricochet.bsp
0 seconds elapsed



Could not find lights.rad in lights.rad.
Trying VRAD BIN directory instead...
Warning: Couldn't open texlight file C:\Program Files (x86)\Steam\steamapps\common\Portal 2\bin\lights.rad.
Loading c:\program files (x86)\steam\steamapps\common\portal 2\sdk_content\maps\wip\chapter 3\mp_coop_a2_ricochet.bsp
3052 faces
4 degenerate faces
347321 square feet [50014272.00 square inches]
1 Displacements
455 Square Feet [65527.82 Square Inches]
3048 patches before subdivision
54694 patches after subdivision
30 direct lights
0...1...2...3...4...5...6...7...8...9...100...1...2...3...4...5...6...7...8...9...10transfers 7197884, max 681
transfer lists:  54.9 megs
0...1...2...3...4...5...6...7...8...9...10	Bounce #1 added RGB(84846, 87220, 77982)
0...1...2...3...4...5...6...7...8...9...10	Bounce #2 added RGB(37157, 38165, 33600)
0...1...2...3...4...5...6...7...8...9...10	Bounce #3 added RGB(17954, 18335, 15838)
0...1...2...3...4...5...6...7...8...9...10	Bounce #4 added RGB(9060, 9185, 7783)
0...1...2...3...4...5...6...7...8...9...10	Bounce #5 added RGB(4653, 4684, 3901)
0...1...2...3...4...5...6...7...8...9...10	Bounce #6 added RGB(2413, 2413, 1977)
0...1...2...3...4...5...6...7...8...9...10	Bounce #7 added RGB(1258, 1251, 1009)
0...1...2...3...4...5...6...7...8...9...10	Bounce #8 added RGB(658, 651, 518)
0...1...2...3...4...5...6...7...8...9...10	Bounce #9 added RGB(346, 340, 267)
0...1...2...3...4...5...6...7...8...9...10	Bounce #10 added RGB(182, 178, 138)
0...1...2...3...4...5...6...7...8...9...10	Bounce #11 added RGB(96, 93, 71)
0...1...2...3...4...5...6...7...8...9...10	Bounce #12 added RGB(50, 49, 37)
0...1...2...3...4...5...6...7...8...9...10	Bounce #13 added RGB(27, 26, 19)
0...1...2...3...4...5...6...7...8...9...10	Bounce #14 added RGB(14, 14, 10)
0...1...2...3...4...5...6...7...8...9...10	Bounce #15 added RGB(7, 7, 5)
0...1...2...3...4...5...6...7...8...9...10	Bounce #16 added RGB(4, 4, 3)
0...1...2...3...4...5...6...7...8...9...10	Bounce #17 added RGB(2, 2, 1)
0...1...2...3...4...5...6...7...8...9...10	Bounce #18 added RGB(1, 1, 1)
0...1...2...3...4...5...6...7...8...9...10	Bounce #19 added RGB(1, 1, 0)
Build Patch/Sample Hash Table(s).....Done<0.0082 sec>
0...1...2...3...4...5...6...7...8...9...10FinalLightFace Done
0 of 0 (0% of) surface lights went in leaf ambient cubes.
0...1...2...3...4...5...6...7...8...9...10Writing leaf ambient...done
Ready to Finish

Object names       Objects/Maxobjs  Memory / Maxmem  Fullness 
------------       ---------------  ---------------  -------- 
models                 151/1024         7248/49152    (14.7%) 
brushes               1592/8192        19104/98304    (19.4%) 
brushsides           12084/65536       96672/524288   (18.4%) 
planes                7198/65536      143960/1310720  (11.0%) 
vertexes              7417/65536       89004/786432   (11.3%) 
nodes                 2547/65536       81504/2097152  ( 3.9%) 
texinfos              1109/12288       79848/884736   ( 9.0%) 
texdata                106/2048         3392/65536    ( 5.2%) 
dispinfos                1/0             176/0        ( 0.0%) 
disp_verts              81/0            1620/0        ( 0.0%) 
disp_tris              128/0             256/0        ( 0.0%) 
disp_multiblend          0/0               0/0        ( 0.0%) 
disp_lmsamples        1224/0            1224/0        ( 0.0%) 
faces                 3052/65536      170912/3670016  ( 4.7%) 
hdr faces                0/65536           0/3670016  ( 0.0%) 
origfaces             2443/65536      136808/3670016  ( 3.7%) 
facebrushes            457/0             914/0        ( 0.0%) 
facebrushlists        3052/0           12208/0        ( 0.0%) 
leaves                2699/65536       86368/2097152  ( 4.1%) 
leaffaces             4161/65536        8322/131072   ( 6.3%) 
leafbrushes           3825/65536        7650/131072   ( 5.8%) 
areas                   12/256            96/2048     ( 4.7%) 
surfedges            24500/512000      98000/2048000  ( 4.8%) 
edges                15408/256000      61632/1024000  ( 6.0%) 
LDR worldlights         30/8192         3000/819200   ( 0.4%) 
HDR worldlights          0/8192            0/819200   ( 0.0%) 
leafwaterdata            0/32768           0/393216   ( 0.0%) 
waterstrips            452/32768        4520/327680   ( 1.4%) 
waterverts               0/65536           0/786432   ( 0.0%) 
waterindices          7980/65536       15960/131072   (12.2%) 
cubemapsamples          15/1024          240/16384    ( 1.5%) 
overlays                67/512         23584/180224   (13.1%) 
LDR lightdata         [variable]     2705792/0        ( 0.0%) 
HDR lightdata         [variable]           0/0        ( 0.0%) 
visdata               [variable]      197518/16777216 ( 1.2%) 
entdata               [variable]      241729/393216   (61.5%) 
LDR ambient table     2699/65536       10796/262144   ( 4.1%) 
HDR ambient table     2699/65536       10796/262144   ( 4.1%) 
LDR leaf ambient     10265/65536      287420/1835008  (15.7%) 
HDR leaf ambient      2699/65536       75572/1835008  ( 4.1%) 
occluders                0/0               0/0        ( 0.0%) 
occluder polygons        0/0               0/0        ( 0.0%) 
occluder vert ind        0/0               0/0        ( 0.0%) 
detail props          [variable]           1/12       ( 8.3%) 
static props          [variable]           1/35562    ( 0.0%) 
pakfile               [variable]     1200658/0        ( 0.0%) 
physics               [variable]      602627/4194304  (14.4%) 
physics terrain       [variable]         209/1048576  ( 0.0%) 

Level flags = 0

Total triangle count: 8666
Writing c:\program files (x86)\steam\steamapps\common\portal 2\sdk_content\maps\wip\chapter 3\mp_coop_a2_ricochet.bsp
15 seconds elapsed



materialPath: C:\Program Files (x86)\Steam\steamapps\common\Portal 2\portal2\materials
Loading C:\Program Files (x86)\Steam\steamapps\common\Portal 2\sdk_content\maps\WIP\Chapter 3\mp_coop_a2_ricochet.vmf
ConVarRef gpu_level doesn't point to an existing ConVar
Patching WVT material: maps/mp_coop_a2_ricochet/metal/blendblackfloormetal_dirt02_wvt_patch
fixing up env_cubemap materials on brush sides...
0...1...2...3...4...5...6...7...8...9...100...1...2...3...4...5...6...7...8...9...10Processing areas...done (0)
Building Faces...done (0)
Chop Details...done (0)
Find Visible Detail Sides...
Merged 572 detail faces...done (0)
Merging details...done (0)
FixTjuncs...
PruneNodes...
WriteBSP...
done (0)
writing C:\Program Files (x86)\Steam\steamapps\common\Portal 2\sdk_content\maps\WIP\Chapter 3\mp_coop_a2_ricochet.prt...Building visibility clusters...
done (0)
Finding displacement neighbors...
Finding lightmap sample positions...
Displacement Alpha : 0...1...2...3...4...5...6...7...8...9...10
Building Physics collision data...
done (1) (602627 bytes)
Encountered obsolete static prop option to do its fade in screen space @ 2176.00 1328.00 -128.00
Encountered obsolete static prop option to do its fade in screen space @ 2064.00 896.00 -256.00
Encountered obsolete static prop option to do its fade in screen space @ 2304.00 1328.00 -128.00
Encountered obsolete static prop option to do its fade in screen space @ 1312.00 2160.00 -1248.00
Encountered obsolete static prop option to do its fade in screen space @ 1312.00 2192.00 -1248.00
Encountered obsolete static prop option to do its fade in screen space @ 3952.00 1152.00 -320.00
Encountered obsolete static prop option to do its fade in screen space @ 3920.00 1152.00 -320.00
Placing detail props : 0...1...2...3...4...5...6...7...8...9...10
Compacting texture/material tables...
Reduced 2016 texinfos to 1109
Reduced 116 texdatas to 106 (4184 bytes to 3780)
Writing C:\Program Files (x86)\Steam\steamapps\common\Portal 2\sdk_content\maps\WIP\Chapter 3\mp_coop_a2_ricochet.bsp

nummapplanes:     (  7198 / 65536 )
nummapbrushes:    (  1592 /  8192 )
nummapbrushsides: ( 12080 / 65536 )
num_map_overlays: (    67 /   512 )
nummodels:        (   151 /  1024 )
num_entities:     (   607 / 16384 )

1 second elapsed



24 threads
reading c:\program files (x86)\steam\steamapps\common\portal 2\sdk_content\maps\wip\chapter 3\mp_coop_a2_ricochet.bsp
reading c:\program files (x86)\steam\steamapps\common\portal 2\sdk_content\maps\wip\chapter 3\mp_coop_a2_ricochet.prt
 894 portalclusters
3159 numportals
0...1...2...3...4...5...6...7...8...9...10Optimized: 52431 visible clusters (0.00%)
Total clusters visible: 641661
Average clusters visible: 717
Building PAS...
Average clusters audible: 875
visdatasize:197518  compressed from 200256
writing c:\program files (x86)\steam\steamapps\common\portal 2\sdk_content\maps\wip\chapter 3\mp_coop_a2_ricochet.bsp
0 seconds elapsed



[Reading texlights from 'lights.rad']
[59 texlights parsed from 'lights.rad']

Loading c:\program files (x86)\steam\steamapps\common\portal 2\sdk_content\maps\wip\chapter 3\mp_coop_a2_ricochet.bsp
3052 faces
4 degenerate faces
347321 square feet [50014272.00 square inches]
1 Displacements
455 Square Feet [65527.82 Square Inches]
3048 patches before subdivision
54718 patches after subdivision
52 direct lights
0...1...2...3...4...5...6...7...8...9...100...1...2...3...4...5...6...7...8...9...10transfers 7200652, max 681
transfer lists:  54.9 megs
0...1...2...3...4...5...6...7...8...9...10	Bounce #1 added RGB(86453, 89530, 80494)
0...1...2...3...4...5...6...7...8...9...10	Bounce #2 added RGB(37836, 39110, 34612)
0...1...2...3...4...5...6...7...8...9...10	Bounce #3 added RGB(18288, 18794, 16328)
0...1...2...3...4...5...6...7...8...9...10	Bounce #4 added RGB(9216, 9395, 8005)
0...1...2...3...4...5...6...7...8...9...10	Bounce #5 added RGB(4729, 4784, 4005)
0...1...2...3...4...5...6...7...8...9...10	Bounce #6 added RGB(2449, 2460, 2026)
0...1...2...3...4...5...6...7...8...9...10	Bounce #7 added RGB(1276, 1273, 1033)
0...1...2...3...4...5...6...7...8...9...10	Bounce #8 added RGB(667, 662, 529)
0...1...2...3...4...5...6...7...8...9...10	Bounce #9 added RGB(350, 345, 272)
0...1...2...3...4...5...6...7...8...9...10	Bounce #10 added RGB(184, 181, 140)
0...1...2...3...4...5...6...7...8...9...10	Bounce #11 added RGB(97, 95, 73)
0...1...2...3...4...5...6...7...8...9...10	Bounce #12 added RGB(51, 50, 38)
0...1...2...3...4...5...6...7...8...9...10	Bounce #13 added RGB(27, 26, 20)
0...1...2...3...4...5...6...7...8...9...10	Bounce #14 added RGB(14, 14, 10)
0...1...2...3...4...5...6...7...8...9...10	Bounce #15 added RGB(8, 7, 5)
0...1...2...3...4...5...6...7...8...9...10	Bounce #16 added RGB(4, 4, 3)
0...1...2...3...4...5...6...7...8...9...10	Bounce #17 added RGB(2, 2, 1)
0...1...2...3...4...5...6...7...8...9...10	Bounce #18 added RGB(1, 1, 1)
0...1...2...3...4...5...6...7...8...9...10	Bounce #19 added RGB(1, 1, 0)
Build Patch/Sample Hash Table(s).....Done<0.0076 sec>
0...1...2...3...4...5...6...7...8...9...10FinalLightFace Done
22 of 22 (100% of) surface lights went in leaf ambient cubes.
0...1...2...3...4...5...6...7...8...9...10Writing leaf ambient...done
Ready to Finish

Object names       Objects/Maxobjs  Memory / Maxmem  Fullness 
------------       ---------------  ---------------  -------- 
models                 151/1024         7248/49152    (14.7%) 
brushes               1592/8192        19104/98304    (19.4%) 
brushsides           12084/65536       96672/524288   (18.4%) 
planes                7198/65536      143960/1310720  (11.0%) 
vertexes              7417/65536       89004/786432   (11.3%) 
nodes                 2547/65536       81504/2097152  ( 3.9%) 
texinfos              1109/12288       79848/884736   ( 9.0%) 
texdata                106/2048         3392/65536    ( 5.2%) 
dispinfos                1/0             176/0        ( 0.0%) 
disp_verts              81/0            1620/0        ( 0.0%) 
disp_tris              128/0             256/0        ( 0.0%) 
disp_multiblend          0/0               0/0        ( 0.0%) 
disp_lmsamples        1224/0            1224/0        ( 0.0%) 
faces                 3052/65536      170912/3670016  ( 4.7%) 
hdr faces                0/65536           0/3670016  ( 0.0%) 
origfaces             2443/65536      136808/3670016  ( 3.7%) 
facebrushes            457/0             914/0        ( 0.0%) 
facebrushlists        3052/0           12208/0        ( 0.0%) 
leaves                2699/65536       86368/2097152  ( 4.1%) 
leaffaces             4161/65536        8322/131072   ( 6.3%) 
leafbrushes           3825/65536        7650/131072   ( 5.8%) 
areas                   12/256            96/2048     ( 4.7%) 
surfedges            24500/512000      98000/2048000  ( 4.8%) 
edges                15408/256000      61632/1024000  ( 6.0%) 
LDR worldlights         52/8192         5200/819200   ( 0.6%) 
HDR worldlights          0/8192            0/819200   ( 0.0%) 
leafwaterdata            0/32768           0/393216   ( 0.0%) 
waterstrips            452/32768        4520/327680   ( 1.4%) 
waterverts               0/65536           0/786432   ( 0.0%) 
waterindices          7980/65536       15960/131072   (12.2%) 
cubemapsamples          15/1024          240/16384    ( 1.5%) 
overlays                67/512         23584/180224   (13.1%) 
LDR lightdata         [variable]     2705792/0        ( 0.0%) 
HDR lightdata         [variable]           0/0        ( 0.0%) 
visdata               [variable]      197518/16777216 ( 1.2%) 
entdata               [variable]      241732/393216   (61.5%) 
LDR ambient table     2699/65536       10796/262144   ( 4.1%) 
HDR ambient table     2699/65536       10796/262144   ( 4.1%) 
LDR leaf ambient     10294/65536      288232/1835008  (15.7%) 
HDR leaf ambient      2699/65536       75572/1835008  ( 4.1%) 
occluders                0/0               0/0        ( 0.0%) 
occluder polygons        0/0               0/0        ( 0.0%) 
occluder vert ind        0/0               0/0        ( 0.0%) 
detail props          [variable]           1/12       ( 8.3%) 
static props          [variable]           1/35562    ( 0.0%) 
pakfile               [variable]     1200658/0        ( 0.0%) 
physics               [variable]      602627/4194304  (14.4%) 
physics terrain       [variable]         209/1048576  ( 0.0%) 

Level flags = 0

Total triangle count: 8666
Writing c:\program files (x86)\steam\steamapps\common\portal 2\sdk_content\maps\wip\chapter 3\mp_coop_a2_ricochet.bsp
15 seconds elapsed



[Reading texlights from 'lights.rad']
[59 texlights parsed from 'lights.rad']

Loading c:\program files (x86)\steam\steamapps\common\portal 2\sdk_content\maps\wip\chapter 3\mp_coop_a2_ricochet.bsp
Loaded alpha texture materials\Tools\toolsinvisible.vtf
3052 faces
4 degenerate faces
347321 square feet [50014272.00 square inches]
1 Displacements
455 Square Feet [65527.82 Square Inches]
3048 patches before subdivision
54718 patches after subdivision
52 direct lights
0...1...2...3...4...5...6...7...8...9...100...1...2...3...4...5...6...7...8...9...10transfers 6988916, max 651
transfer lists:  53.3 megs
0...1...2...3...4...5...6...7...8...9...10	Bounce #1 added RGB(75079, 78974, 72904)
0...1...2...3...4...5...6...7...8...9...10	Bounce #2 added RGB(31125, 32920, 30167)
0...1...2...3...4...5...6...7...8...9...10	Bounce #3 added RGB(14622, 15423, 13933)
0...1...2...3...4...5...6...7...8...9...10	Bounce #4 added RGB(7255, 7594, 6738)
0...1...2...3...4...5...6...7...8...9...10	Bounce #5 added RGB(3681, 3823, 3337)
0...1...2...3...4...5...6...7...8...9...10	Bounce #6 added RGB(1891, 1948, 1673)
0...1...2...3...4...5...6...7...8...9...10	Bounce #7 added RGB(978, 1001, 847)
0...1...2...3...4...5...6...7...8...9...10	Bounce #8 added RGB(508, 517, 431)
0...1...2...3...4...5...6...7...8...9...10	Bounce #9 added RGB(265, 268, 221)
0...1...2...3...4...5...6...7...8...9...10	Bounce #10 added RGB(139, 140, 113)
0...1...2...3...4...5...6...7...8...9...10	Bounce #11 added RGB(73, 73, 58)
0...1...2...3...4...5...6...7...8...9...10	Bounce #12 added RGB(38, 38, 30)
0...1...2...3...4...5...6...7...8...9...10	Bounce #13 added RGB(20, 20, 16)
0...1...2...3...4...5...6...7...8...9...10	Bounce #14 added RGB(11, 10, 8)
0...1...2...3...4...5...6...7...8...9...10	Bounce #15 added RGB(6, 5, 4)
0...1...2...3...4...5...6...7...8...9...10	Bounce #16 added RGB(3, 3, 2)
0...1...2...3...4...5...6...7...8...9...10	Bounce #17 added RGB(2, 2, 1)
0...1...2...3...4...5...6...7...8...9...10	Bounce #18 added RGB(1, 1, 1)
Build Patch/Sample Hash Table(s).....Done<0.0076 sec>
0...1...2...3...4...5...6...7...8...9...10FinalLightFace Done
22 of 22 (100% of) surface lights went in leaf ambient cubes.
0...1...2...3...4...5...6...7...8...9...10Writing leaf ambient...done
Computing static prop lighting : 00...1...2...3...4...5...6...7...8...9...10
Ready to Finish

Object names       Objects/Maxobjs  Memory / Maxmem  Fullness 
------------       ---------------  ---------------  -------- 
models                 151/1024         7248/49152    (14.7%) 
brushes               1592/8192        19104/98304    (19.4%) 
brushsides           12084/65536       96672/524288   (18.4%) 
planes                7198/65536      143960/1310720  (11.0%) 
vertexes              7417/65536       89004/786432   (11.3%) 
nodes                 2547/65536       81504/2097152  ( 3.9%) 
texinfos              1109/12288       79848/884736   ( 9.0%) 
texdata                106/2048         3392/65536    ( 5.2%) 
dispinfos                1/0             176/0        ( 0.0%) 
disp_verts              81/0            1620/0        ( 0.0%) 
disp_tris              128/0             256/0        ( 0.0%) 
disp_multiblend          0/0               0/0        ( 0.0%) 
disp_lmsamples        1224/0            1224/0        ( 0.0%) 
faces                 3052/65536      170912/3670016  ( 4.7%) 
hdr faces                0/65536           0/3670016  ( 0.0%) 
origfaces             2443/65536      136808/3670016  ( 3.7%) 
facebrushes            457/0             914/0        ( 0.0%) 
facebrushlists        3052/0           12208/0        ( 0.0%) 
leaves                2699/65536       86368/2097152  ( 4.1%) 
leaffaces             4161/65536        8322/131072   ( 6.3%) 
leafbrushes           3825/65536        7650/131072   ( 5.8%) 
areas                   12/256            96/2048     ( 4.7%) 
surfedges            24500/512000      98000/2048000  ( 4.8%) 
edges                15408/256000      61632/1024000  ( 6.0%) 
LDR worldlights         52/8192         5200/819200   ( 0.6%) 
HDR worldlights          0/8192            0/819200   ( 0.0%) 
leafwaterdata            0/32768           0/393216   ( 0.0%) 
waterstrips            452/32768        4520/327680   ( 1.4%) 
waterverts               0/65536           0/786432   ( 0.0%) 
waterindices          7980/65536       15960/131072   (12.2%) 
cubemapsamples          15/1024          240/16384    ( 1.5%) 
overlays                67/512         23584/180224   (13.1%) 
LDR lightdata         [variable]     2705792/0        ( 0.0%) 
HDR lightdata         [variable]           0/0        ( 0.0%) 
visdata               [variable]      197518/16777216 ( 1.2%) 
entdata               [variable]      241732/393216   (61.5%) 
LDR ambient table     2699/65536       10796/262144   ( 4.1%) 
HDR ambient table     2699/65536       10796/262144   ( 4.1%) 
LDR leaf ambient     10143/65536      284004/1835008  (15.5%) 
HDR leaf ambient      2699/65536       75572/1835008  ( 4.1%) 
occluders                0/0               0/0        ( 0.0%) 
occluder polygons        0/0               0/0        ( 0.0%) 
occluder vert ind        0/0               0/0        ( 0.0%) 
detail props          [variable]           1/12       ( 8.3%) 
static props          [variable]           1/35562    ( 0.0%) 
pakfile               [variable]     4912278/0        ( 0.0%) 
physics               [variable]      602627/4194304  (14.4%) 
physics terrain       [variable]         209/1048576  ( 0.0%) 

Level flags = 1

Total triangle count: 8666
Writing c:\program files (x86)\steam\steamapps\common\portal 2\sdk_content\maps\wip\chapter 3\mp_coop_a2_ricochet.bsp
3 minutes, 54 seconds elapsed



[Reading texlights from 'lights.rad']
[59 texlights parsed from 'lights.rad']

Loading c:\program files (x86)\steam\steamapps\common\portal 2\sdk_content\maps\wip\chapter 3\mp_coop_a2_ricochet.bsp
Loaded alpha texture materials\Tools\toolsinvisible.vtf
3052 faces
4 degenerate faces
347321 square feet [50014272.00 square inches]
1 Displacements
455 Square Feet [65527.82 Square Inches]
3048 patches before subdivision
54718 patches after subdivision
52 direct lights
0...1...2...3...4...5...6...7...8...9...100...1...2...3...4...5...6...7...8...9...10transfers 6988916, max 651
transfer lists:  53.3 megs
0...1...2...3...4...5...6...7...8...9...10	Bounce #1 added RGB(75076, 78971, 72901)
0...1...2...3...4...5...6...7...8...9...10	Bounce #2 added RGB(31123, 32918, 30166)
0...1...2...3...4...5...6...7...8...9...10	Bounce #3 added RGB(14621, 15422, 13932)
0...1...2...3...4...5...6...7...8...9...10	Bounce #4 added RGB(7254, 7593, 6737)
0...1...2...3...4...5...6...7...8...9...10	Bounce #5 added RGB(3681, 3823, 3337)
0...1...2...3...4...5...6...7...8...9...10	Bounce #6 added RGB(1890, 1948, 1673)
0...1...2...3...4...5...6...7...8...9...10	Bounce #7 added RGB(978, 1001, 847)
0...1...2...3...4...5...6...7...8...9...10	Bounce #8 added RGB(508, 517, 431)
0...1...2...3...4...5...6...7...8...9...10	Bounce #9 added RGB(265, 268, 221)
0...1...2...3...4...5...6...7...8...9...10	Bounce #10 added RGB(139, 140, 113)
0...1...2...3...4...5...6...7...8...9...10	Bounce #11 added RGB(73, 73, 58)
0...1...2...3...4...5...6...7...8...9...10	Bounce #12 added RGB(38, 38, 30)
0...1...2...3...4...5...6...7...8...9...10	Bounce #13 added RGB(20, 20, 16)
0...1...2...3...4...5...6...7...8...9...10	Bounce #14 added RGB(11, 10, 8)
0...1...2...3...4...5...6...7...8...9...10	Bounce #15 added RGB(6, 5, 4)
0...1...2...3...4...5...6...7...8...9...10	Bounce #16 added RGB(3, 3, 2)
0...1...2...3...4...5...6...7...8...9...10	Bounce #17 added RGB(2, 2, 1)
0...1...2...3...4...5...6...7...8...9...10	Bounce #18 added RGB(1, 1, 1)
Build Patch/Sample Hash Table(s).....Done<0.0081 sec>
0...1...2...3...4...5...6...7...8...9...10FinalLightFace Done
22 of 22 (100% of) surface lights went in leaf ambient cubes.
0...1...2...3...4...5...6...7...8...9...10Writing leaf ambient...done
Computing static prop lighting : 00...1...2...3...4...5...6...7...8...9...10
Ready to Finish

Object names       Objects/Maxobjs  Memory / Maxmem  Fullness 
------------       ---------------  ---------------  -------- 
models                 151/1024         7248/49152    (14.7%) 
brushes               1592/8192        19104/98304    (19.4%) 
brushsides           12084/65536       96672/524288   (18.4%) 
planes                7198/65536      143960/1310720  (11.0%) 
vertexes              7417/65536       89004/786432   (11.3%) 
nodes                 2547/65536       81504/2097152  ( 3.9%) 
texinfos              1109/12288       79848/884736   ( 9.0%) 
texdata                106/2048         3392/65536    ( 5.2%) 
dispinfos                1/0             176/0        ( 0.0%) 
disp_verts              81/0            1620/0        ( 0.0%) 
disp_tris              128/0             256/0        ( 0.0%) 
disp_multiblend          0/0               0/0        ( 0.0%) 
disp_lmsamples        1224/0            1224/0        ( 0.0%) 
faces                 3052/65536      170912/3670016  ( 4.7%) 
hdr faces             3052/65536      170912/3670016  ( 4.7%) 
origfaces             2443/65536      136808/3670016  ( 3.7%) 
facebrushes            457/0             914/0        ( 0.0%) 
facebrushlists        3052/0           12208/0        ( 0.0%) 
leaves                2699/65536       86368/2097152  ( 4.1%) 
leaffaces             4161/65536        8322/131072   ( 6.3%) 
leafbrushes           3825/65536        7650/131072   ( 5.8%) 
areas                   12/256            96/2048     ( 4.7%) 
surfedges            24500/512000      98000/2048000  ( 4.8%) 
edges                15408/256000      61632/1024000  ( 6.0%) 
LDR worldlights         52/8192         5200/819200   ( 0.6%) 
HDR worldlights         52/8192         5200/819200   ( 0.6%) 
leafwaterdata            0/32768           0/393216   ( 0.0%) 
waterstrips            452/32768        4520/327680   ( 1.4%) 
waterverts               0/65536           0/786432   ( 0.0%) 
waterindices          7980/65536       15960/131072   (12.2%) 
cubemapsamples          15/1024          240/16384    ( 1.5%) 
overlays                67/512         23584/180224   (13.1%) 
LDR lightdata         [variable]     2705792/0        ( 0.0%) 
HDR lightdata         [variable]     2705792/0        ( 0.0%) 
visdata               [variable]      197518/16777216 ( 1.2%) 
entdata               [variable]      241732/393216   (61.5%) 
LDR ambient table     2699/65536       10796/262144   ( 4.1%) 
HDR ambient table     2699/65536       10796/262144   ( 4.1%) 
LDR leaf ambient     10143/65536      284004/1835008  (15.5%) 
HDR leaf ambient     10142/65536      283976/1835008  (15.5%) 
occluders                0/0               0/0        ( 0.0%) 
occluder polygons        0/0               0/0        ( 0.0%) 
occluder vert ind        0/0               0/0        ( 0.0%) 
detail props          [variable]           1/12       ( 8.3%) 
static props          [variable]           1/35562    ( 0.0%) 
pakfile               [variable]     8626786/0        ( 0.0%) 
physics               [variable]      602627/4194304  (14.4%) 
physics terrain       [variable]         209/1048576  ( 0.0%) 

Level flags = 3

Total triangle count: 8666
Writing c:\program files (x86)\steam\steamapps\common\portal 2\sdk_content\maps\wip\chapter 3\mp_coop_a2_ricochet.bsp
3 minutes, 51 seconds elapsed
