PRT1
336
1006
4 0 2 (1744 -768 64 ) (1744 -768 128 ) (1744 -640 128 ) (1744 -640 64 ) 
4 0 1 (1768 -768 64 ) (1744 -768 64 ) (1744 -640 64 ) (1768 -640 64 ) 
4 1 81 (1746 -768 -64 ) (1744 -768 -64 ) (1744 -640 -64 ) (1746 -640 -64 ) 
4 1 80 (1776 -768 -64 ) (1768 -768 -64 ) (1768 -640 -64 ) (1776 -640 -64 ) 
4 1 2 (1744 -640 -64 ) (1744 -768 -64 ) (1744 -768 64 ) (1744 -640 64 ) 
4 2 81 (1744 -640 -64 ) (1744 -768 -64 ) (1680 -768 -64 ) (1680 -640 -64 ) 
4 2 16 (1680 -798 -64 ) (1680 -800 -64 ) (1680 -800 -8 ) (1680 -798 -8 ) 
3 2 12 (1680 -798 -13 ) (1680 -798 -8 ) (1680 -794 -8 ) 
5 2 11 (1680 -608 -8 ) (1680 -608 -64 ) (1680 -798 -64 ) (1680 -798 -13 ) (1680 -794 -8 ) 
4 2 4 (1680 -760 -8 ) (1680 -800 -8 ) (1680 -800 128 ) (1680 -760 128 ) 
4 2 3 (1680 -608 128 ) (1680 -608 -8 ) (1680 -760 -8 ) (1680 -760 128 ) 
4 3 76 (1360 -640 64 ) (1360 -640 -8 ) (1360 -760 -8 ) (1360 -760 64 ) 
4 3 73 (1416 -608 -8 ) (1420 -608 -8 ) (1420 -760 -8 ) (1416 -760 -8 ) 
4 3 72 (1360 -760 -8 ) (1360 -608 -8 ) (1416 -608 -8 ) (1416 -760 -8 ) 
4 3 48 (1420 -608 -8 ) (1426 -608 -8 ) (1426 -760 -8 ) (1420 -760 -8 ) 
4 3 11 (1426 -608 -8 ) (1680 -608 -8 ) (1680 -760 -8 ) (1426 -760 -8 ) 
4 3 8 (1382 -760 -8 ) (1464 -760 -8 ) (1464 -760 128 ) (1382 -760 128 ) 
4 3 7 (1464 -760 -8 ) (1473 -760 -8 ) (1473 -760 128 ) (1464 -760 128 ) 
4 3 10 (1360 -760 128 ) (1360 -760 -8 ) (1382 -760 -8 ) (1382 -760 128 ) 
4 3 5 (1473 -760 -8 ) (1561 -760 -8 ) (1561 -760 128 ) (1473 -760 128 ) 
4 3 4 (1561 -760 -8 ) (1680 -760 -8 ) (1680 -760 128 ) (1561 -760 128 ) 
4 4 46 (1561 -808.002014 -8 ) (1561 -804 -8 ) (1680 -804 -8 ) (1680 -808.002014 -8 ) 
4 4 43 (1680 -864 -8 ) (1561 -864 -8 ) (1561 -808.002014 -8 ) (1680 -808.002014 -8 ) 
4 4 16 (1561 -804 -8 ) (1561 -798 -8 ) (1680 -798 -8 ) (1680 -804 -8 ) 
4 4 12 (1561 -798 -8 ) (1561 -794 -8 ) (1680 -794 -8 ) (1680 -798 -8 ) 
4 4 11 (1561 -794 -8 ) (1561 -760 -8 ) (1680 -760 -8 ) (1680 -794 -8 ) 
4 4 6 (1561 -842 -8 ) (1561 -864 -8 ) (1561 -864 128 ) (1561 -842 128 ) 
4 4 5 (1561 -760 128 ) (1561 -760 -8 ) (1561 -842 -8 ) (1561 -842 128 ) 
4 5 47 (1513 -804 -8 ) (1527 -804 -8 ) (1527 -808.002014 -8 ) (1513 -808.002014 -8 ) 
4 5 46 (1527 -804 -8 ) (1561 -804 -8 ) (1561 -808.002014 -8 ) (1527 -808.002014 -8 ) 
4 5 44 (1473 -808.002014 -8 ) (1473 -804 -8 ) (1513 -804 -8 ) (1513 -808.002014 -8 ) 
4 5 43 (1473 -842 -8 ) (1473 -808.002014 -8 ) (1561 -808.002014 -8 ) (1561 -842 -8 ) 
4 5 37 (1478 -798 -8 ) (1483 -798 -8 ) (1483 -804 -8 ) (1478 -804 -8 ) 
4 5 29 (1483 -798 -8 ) (1513 -798 -8 ) (1513 -804 -8 ) (1483 -804 -8 ) 
4 5 26 (1473 -804 -8 ) (1473 -798 -8 ) (1478 -798 -8 ) (1478 -804 -8 ) 
4 5 41 (1513 -798 -8 ) (1517 -798 -8 ) (1517 -804 -8 ) (1513 -804 -8 ) 
4 5 18 (1517 -798 -8 ) (1523 -798 -8 ) (1523 -804 -8 ) (1517 -804 -8 ) 
4 5 17 (1523 -798 -8 ) (1527 -798 -8 ) (1527 -804 -8 ) (1523 -804 -8 ) 
4 5 16 (1527 -798 -8 ) (1561 -798 -8 ) (1561 -804 -8 ) (1527 -804 -8 ) 
4 5 14 (1513 -794 -8 ) (1527 -794 -8 ) (1527 -798 -8 ) (1513 -798 -8 ) 
4 5 13 (1473 -798 -8 ) (1473 -794 -8 ) (1513 -794 -8 ) (1513 -798 -8 ) 
4 5 12 (1527 -794 -8 ) (1561 -794 -8 ) (1561 -798 -8 ) (1527 -798 -8 ) 
4 5 11 (1473 -794 -8 ) (1473 -760 -8 ) (1561 -760 -8 ) (1561 -794 -8 ) 
4 5 7 (1473 -760 128 ) (1473 -760 -8 ) (1473 -842 -8 ) (1473 -842 128 ) 
4 5 6 (1473 -842 128 ) (1473 -842 -8 ) (1561 -842 -8 ) (1561 -842 128 ) 
4 6 43 (1561 -864 -8 ) (1473 -864 -8 ) (1473 -842 -8 ) (1561 -842 -8 ) 
4 6 7 (1473 -842 -8 ) (1473 -864 -8 ) (1473 -864 128 ) (1473 -842 128 ) 
4 7 44 (1464 -808.002014 -8 ) (1464 -804 -8 ) (1473 -804 -8 ) (1473 -808.002014 -8 ) 
4 7 43 (1473 -864 -8 ) (1464 -864 -8 ) (1464 -808.002014 -8 ) (1473 -808.002014 -8 ) 
4 7 26 (1466.610840 -798 -8 ) (1473 -798 -8 ) (1473 -804 -8 ) (1466.610840 -804 -8 ) 
4 7 24 (1464 -804 -8 ) (1464 -798 -8 ) (1466.610840 -798 -8 ) (1466.610840 -804 -8 ) 
4 7 13 (1464 -798 -8 ) (1464 -794 -8 ) (1473 -794 -8 ) (1473 -798 -8 ) 
4 7 11 (1464 -794 -8 ) (1464 -760 -8 ) (1473 -760 -8 ) (1473 -794 -8 ) 
4 7 9 (1464 -848 -8 ) (1464 -864 -8 ) (1464 -864 128 ) (1464 -848 128 ) 
4 7 8 (1464 -760 128 ) (1464 -760 -8 ) (1464 -848 -8 ) (1464 -848 128 ) 
4 8 75 (1420 -794 -8 ) (1420 -808.002014 -8 ) (1416 -808.002014 -8 ) (1416 -794 -8 ) 
4 8 74 (1420 -808.002014 -8 ) (1420 -848 -8 ) (1416 -848 -8 ) (1416 -808.002014 -8 ) 
4 8 73 (1416 -760 -8 ) (1420 -760 -8 ) (1420 -794 -8 ) (1416 -794 -8 ) 
4 8 72 (1382 -848 -8 ) (1382 -760 -8 ) (1416 -760 -8 ) (1416 -848 -8 ) 
4 8 59 (1426 -838.003906 -8 ) (1426 -843 -8 ) (1420 -843 -8 ) (1420 -838.004089 -8 ) 
4 8 58 (1426 -808.002014 -8 ) (1426 -838.003906 -8 ) (1420 -838.004089 -8 ) (1420 -808.002014 -8 ) 
4 8 57 (1426 -843 -8 ) (1426 -848 -8 ) (1420 -848 -8 ) (1420 -843 -8 ) 
4 8 70 (1426 -804 -8 ) (1426 -808.002014 -8 ) (1420 -808.002014 -8 ) (1420 -804 -8 ) 
4 8 52 (1426 -798 -8 ) (1426 -804 -8 ) (1420 -804 -8 ) (1420 -798 -8 ) 
4 8 49 (1426 -794 -8 ) (1426 -798 -8 ) (1420 -798 -8 ) (1420 -794 -8 ) 
4 8 48 (1420 -760 -8 ) (1426 -760 -8 ) (1426 -794 -8 ) (1420 -794 -8 ) 
4 8 45 (1430 -808.002014 -8 ) (1426 -808.002014 -8 ) (1426 -804 -8 ) (1430 -804 -8 ) 
4 8 44 (1464 -804 -8 ) (1464 -808.002014 -8 ) (1430 -808.002014 -8 ) (1430 -804 -8 ) 
4 8 43 (1464 -808.002014 -8 ) (1464 -848 -8 ) (1426 -848 -8 ) (1426 -808.002014 -8 ) 
4 8 25 (1430 -804 -8 ) (1426 -804 -8 ) (1426 -798 -8 ) (1430 -798 -8 ) 
4 8 24 (1464 -798 -8 ) (1464 -804 -8 ) (1430 -804 -8 ) (1430 -798 -8 ) 
4 8 13 (1464 -794 -8 ) (1464 -798 -8 ) (1430 -798 -8 ) (1430 -794 -8 ) 
4 8 15 (1430 -798 -8 ) (1426 -798 -8 ) (1426 -794 -8 ) (1430 -794 -8 ) 
4 8 11 (1426 -760 -8 ) (1464 -760 -8 ) (1464 -794 -8 ) (1426 -794 -8 ) 
4 8 10 (1382 -760 128 ) (1382 -760 -8 ) (1382 -848 -8 ) (1382 -848 128 ) 
4 8 9 (1382 -848 128 ) (1382 -848 -8 ) (1464 -848 -8 ) (1464 -848 128 ) 
4 9 74 (1420 -864 -8 ) (1416 -864 -8 ) (1416 -848 -8 ) (1420 -848 -8 ) 
4 9 72 (1416 -864 -8 ) (1382 -864 -8 ) (1382 -848 -8 ) (1416 -848 -8 ) 
4 9 57 (1426 -864 -8 ) (1420 -864 -8 ) (1420 -848 -8 ) (1426 -848 -8 ) 
4 9 43 (1464 -864 -8 ) (1426 -864 -8 ) (1426 -848 -8 ) (1464 -848 -8 ) 
4 9 10 (1382 -848 -8 ) (1382 -864 -8 ) (1382 -864 128 ) (1382 -848 128 ) 
4 10 76 (1360 -760 64 ) (1360 -760 -8 ) (1360 -768 -8 ) (1360 -768 64 ) 
4 10 72 (1382 -864 -8 ) (1360 -864 -8 ) (1360 -760 -8 ) (1382 -760 -8 ) 
4 11 81 (1680 -640 -64 ) (1680 -768 -64 ) (1426 -768 -64 ) (1426 -640 -64 ) 
5 11 48 (1426 -794 -8 ) (1426 -608 -8 ) (1426 -608 -64 ) (1426 -798 -64 ) (1426 -798 -13 ) 
3 11 39 (1479.167236 -798 -17.334631 ) (1481 -798 -32.001045 ) (1486 -798 -31 ) 
5 11 38 (1481 -798 -32.001045 ) (1483.994629 -798 -36.994942 ) (1484 -798 -36.998657 ) (1486.370483 -798 -33.839561 ) (1486 -798 -31 ) 
3 11 40 (1484 -798 -36.998657 ) (1487.011597 -798 -38.755302 ) (1486.370483 -798 -33.839561 ) 
4 11 37 (1483.652222 -798 -13 ) (1478.625366 -798 -13 ) (1479.167236 -798 -17.334631 ) (1486 -798 -31 ) 
3 11 36 (1486.200073 -798 -32.533279 ) (1486.370361 -798 -33.838867 ) (1487 -798 -33 ) 
4 11 35 (1486.370361 -798 -33.838867 ) (1487.011597 -798 -38.755302 ) (1491.058228 -798 -41.116463 ) (1487 -798 -33 ) 
3 11 34 (1486 -798 -31 ) (1486.200073 -798 -32.533279 ) (1487 -798 -33 ) 
3 11 33 (1502 -798 -44 ) (1503.702637 -798 -42.744827 ) (1499 -798 -40 ) 
4 11 32 (1496 -798 -44 ) (1502 -798 -44 ) (1499 -798 -40 ) (1494.595947 -798 -43.180759 ) 
4 11 31 (1503.702637 -798 -42.744827 ) (1517 -798 -32.945950 ) (1517 -798 -27 ) (1499 -798 -40 ) 
4 11 30 (1487 -798 -33 ) (1491.058228 -798 -41.116463 ) (1494.595947 -798 -43.180759 ) (1499 -798 -40 ) 
6 11 29 (1517 -798 -27 ) (1517 -798 -13 ) (1483.652222 -798 -13 ) (1486 -798 -31 ) (1487 -798 -33 ) (1499 -798 -40 ) 
3 11 28 (1488.194458 -798 -44 ) (1496 -798 -44 ) (1483.994629 -798 -36.994942 ) 
3 11 27 (1502 -798 -44 ) (1517 -798 -44 ) (1517 -798 -32.945950 ) 
3 11 26 (1478.625366 -798 -13 ) (1469.608643 -798 -13 ) (1481 -798 -32.001045 ) 
4 11 24 (1426 -798 -13 ) (1426 -798 -44 ) (1488.194458 -798 -44 ) (1469.608643 -798 -13 ) 
4 11 23 (1523 -798 -27 ) (1517 -798 -27 ) (1517 -798 -32.945938 ) (1521.002075 -798 -29.996811 ) 
3 11 22 (1523 -798 -27 ) (1523 -798 -22.666725 ) (1517 -798 -27 ) 
3 11 21 (1523 -798 -28.524586 ) (1523 -798 -27 ) (1521.002075 -798 -29.996811 ) 
4 11 20 (1517 -798 -44 ) (1523 -798 -44 ) (1523 -798 -28.524586 ) (1517 -798 -32.945938 ) 
4 11 19 (1523 -798 -22.666725 ) (1523 -798 -13 ) (1517 -798 -13 ) (1517 -798 -27 ) 
4 11 42 (1426 -798 -44 ) (1426 -798 -64 ) (1523 -798 -64 ) (1523 -798 -44 ) 
4 11 16 (1523 -798 -64 ) (1680 -798 -64 ) (1680 -798 -13 ) (1523 -798 -13 ) 
4 11 14 (1517.001343 -798 -13.001907 ) (1522.998535 -798 -13.001907 ) (1527 -794 -8 ) (1513 -794 -8 ) 
5 11 13 (1426 -797.998596 -13 ) (1426 -798 -13.001910 ) (1517.001343 -798 -13.001907 ) (1513 -794 -8 ) (1430 -794 -8 ) 
4 11 12 (1522.998535 -798 -13.001907 ) (1680 -798 -13.001903 ) (1680 -794 -8 ) (1527 -794 -8 ) 
3 11 15 (1426 -794 -8 ) (1426 -797.998596 -13 ) (1430 -794 -8 ) 
4 12 16 (1523 -798 -13 ) (1680 -798 -13 ) (1680 -798 -8 ) (1527 -798 -8 ) 
3 12 14 (1527 -794 -8 ) (1523 -798 -13 ) (1527 -798 -8 ) 
4 13 37 (1478.625366 -798 -13 ) (1483.652222 -798 -13 ) (1483 -798 -8 ) (1478 -798 -8 ) 
4 13 29 (1483.652222 -798 -13 ) (1517 -798 -13 ) (1513 -798 -8 ) (1483 -798 -8 ) 
4 13 26 (1469.608643 -798 -13 ) (1478.625366 -798 -13 ) (1478 -798 -8 ) (1466.610840 -798 -8 ) 
4 13 24 (1426 -798 -13 ) (1469.608643 -798 -13 ) (1466.610840 -798 -8 ) (1430 -798 -8 ) 
3 13 15 (1430 -794.003906 -8 ) (1426.003906 -798 -12.996094 ) (1430 -798 -8 ) 
3 13 14 (1516.998169 -798 -12.998145 ) (1513 -794.001343 -8 ) (1513 -798 -8 ) 
3 14 41 (1517 -798 -13 ) (1517 -798 -8 ) (1513 -798 -8 ) 
4 14 18 (1517 -798 -13 ) (1523 -798 -13 ) (1523 -798 -8 ) (1517 -798 -8 ) 
3 14 17 (1523 -798 -13 ) (1527 -798 -8 ) (1523 -798 -8 ) 
3 15 49 (1426 -798 -8 ) (1426 -794 -8 ) (1426 -798 -13 ) 
3 15 25 (1426 -798 -8 ) (1426 -798 -13 ) (1430 -798 -8 ) 
5 16 46 (1680 -804 -13.002541 ) (1680 -804 -8 ) (1527 -804 -8 ) (1523 -804 -13 ) (1523 -804 -13.002540 ) 
4 16 43 (1523 -804 -64 ) (1680 -804 -64 ) (1680 -804 -13.002541 ) (1523 -804 -13.002540 ) 
4 16 22 (1523 -798 -22.666740 ) (1523 -798 -27 ) (1523 -804 -27 ) (1523 -804 -22.666740 ) 
4 16 21 (1523 -798 -27 ) (1523 -798 -28.524597 ) (1523 -804 -28.525051 ) (1523 -804 -27 ) 
4 16 20 (1523 -798 -28.524597 ) (1523 -798 -44 ) (1523 -804 -44 ) (1523 -804 -28.525051 ) 
4 16 19 (1523 -798 -13 ) (1523 -798 -22.666740 ) (1523 -804 -22.666740 ) (1523 -804 -13 ) 
4 16 42 (1523 -798 -44 ) (1523 -798 -64 ) (1523 -804 -64 ) (1523 -804 -44 ) 
4 16 17 (1527 -798 -8 ) (1523 -798 -13 ) (1523 -804 -13 ) (1527 -804 -8 ) 
3 17 47 (1527 -804 -8 ) (1523 -804 -8 ) (1523 -804 -13 ) 
4 17 18 (1523 -798 -8 ) (1523 -798 -13 ) (1523 -804 -13 ) (1523 -804 -8 ) 
4 18 47 (1523 -804 -13 ) (1523 -804 -8 ) (1517 -804 -8 ) (1517 -804 -13 ) 
4 18 41 (1517 -798 -8 ) (1517 -798 -13 ) (1517 -804 -13 ) (1517 -804 -8 ) 
4 18 19 (1517 -804 -13 ) (1517 -798 -13 ) (1523 -798 -13 ) (1523 -804 -13 ) 
4 19 43 (1523 -804 -22.666733 ) (1523 -804 -13 ) (1517 -804 -13 ) (1517 -804 -27 ) 
4 19 29 (1517 -798 -13 ) (1517 -798 -27 ) (1517 -804 -27 ) (1517 -804 -13 ) 
4 19 22 (1517 -804 -27 ) (1517 -798 -27 ) (1523 -798 -22.667326 ) (1523 -804 -22.667326 ) 
4 20 43 (1517 -804 -44 ) (1523 -804 -44 ) (1523 -804 -28.525045 ) (1517 -804 -32.946400 ) 
4 20 27 (1517 -798 -32.945942 ) (1517 -798 -44 ) (1517 -804 -44 ) (1517 -804 -32.946396 ) 
4 20 23 (1517 -798 -32.946224 ) (1517 -804 -32.946724 ) (1521.001221 -804 -29.998199 ) (1521.001831 -798 -29.997274 ) 
4 20 21 (1521.001221 -804 -29.998199 ) (1523 -804 -28.525318 ) (1523 -798 -28.524818 ) (1521.001831 -798 -29.997274 ) 
4 20 42 (1517 -798 -44 ) (1523 -798 -44 ) (1523 -804 -44 ) (1517 -804 -44 ) 
3 21 43 (1523 -804 -28.525045 ) (1523 -804 -27 ) (1521.001587 -804 -29.997696 ) 
4 21 23 (1521.002808 -798 -29.997849 ) (1521.002197 -804 -29.998831 ) (1523 -804 -27.001987 ) (1523 -798 -27.001987 ) 
3 22 43 (1523 -804 -27 ) (1523 -804 -22.666733 ) (1517 -804 -27 ) 
4 22 23 (1517 -804 -27 ) (1517 -798 -27 ) (1523 -798 -27 ) (1523 -804 -27 ) 
4 23 43 (1523 -804 -27 ) (1517 -804 -27 ) (1517 -804 -32.946400 ) (1521.001587 -804 -29.997696 ) 
4 23 31 (1517 -798 -27 ) (1517 -798 -32.945942 ) (1517 -804 -32.946396 ) (1517 -804 -27 ) 
5 24 54 (1426 -798 -27 ) (1426 -798 -27.003038 ) (1426 -799.998962 -30.001356 ) (1426 -804 -32.949867 ) (1426 -804 -27 ) 
4 24 53 (1426 -798 -13 ) (1426 -798 -27 ) (1426 -804 -27 ) (1426 -804 -13 ) 
3 24 51 (1426 -798 -27.003038 ) (1426 -798 -28.528271 ) (1426 -799.998962 -30.001356 ) 
4 24 50 (1426 -798 -28.528271 ) (1426 -798 -44 ) (1426 -804 -44 ) (1426 -804 -32.949867 ) 
5 24 44 (1426 -804 -13 ) (1426 -804 -13.002540 ) (1469.610107 -804 -13.002541 ) (1466.610840 -804 -8 ) (1430 -804 -8 ) 
4 24 43 (1426 -804 -13.002540 ) (1426 -804 -44 ) (1488.194458 -804 -44 ) (1469.610107 -804 -13.002541 ) 
4 24 38 (1481 -804 -32.007862 ) (1483.989014 -804 -36.991615 ) (1483.988892 -798 -36.991577 ) (1481.001587 -798 -32.008987 ) 
4 24 28 (1483.989014 -804 -36.991615 ) (1488.190796 -804 -44 ) (1488.190796 -798 -44 ) (1483.988892 -798 -36.991577 ) 
4 24 26 (1466.607300 -804 -8 ) (1481 -804 -32.007862 ) (1481.001587 -798 -32.008987 ) (1466.607178 -798 -8 ) 
4 24 42 (1426 -798 -44 ) (1488.194458 -798 -44 ) (1488.194458 -804 -44 ) (1426 -804 -44 ) 
4 24 25 (1426 -804 -13.004824 ) (1430.003906 -804 -8 ) (1430.003906 -798 -8 ) (1426 -798 -13.004843 ) 
4 25 52 (1426 -804 -8 ) (1426 -798 -8 ) (1426 -798 -13 ) (1426 -804 -13 ) 
3 25 45 (1426 -804 -8 ) (1426 -804 -13 ) (1430 -804 -8 ) 
4 26 44 (1478 -804 -8 ) (1466.610840 -804 -8 ) (1469.610107 -804 -13.002535 ) (1478.625366 -804 -13.002537 ) 
3 26 43 (1469.610107 -804 -13.002535 ) (1481 -804 -32 ) (1478.625366 -804 -13.002537 ) 
4 26 39 (1481 -804 -32 ) (1481.001099 -798 -32.001968 ) (1479.167847 -798 -17.335474 ) (1479.167236 -804 -17.334499 ) 
4 26 37 (1479.167847 -798 -17.335474 ) (1478 -798 -8 ) (1478 -804 -8 ) (1479.167236 -804 -17.334499 ) 
3 27 43 (1502 -804 -44 ) (1517 -804 -44 ) (1517 -804 -32.946411 ) 
4 27 33 (1501.997925 -798 -44 ) (1501.998657 -804 -44 ) (1503.701660 -804 -42.745029 ) (1503.701904 -798 -42.744400 ) 
4 27 31 (1503.701660 -804 -42.745029 ) (1517 -804 -32.945652 ) (1517 -798 -32.945152 ) (1503.701904 -798 -42.744400 ) 
4 27 42 (1502 -798 -44 ) (1517 -798 -44 ) (1517 -804 -44 ) (1502 -804 -44 ) 
3 28 43 (1488.194458 -804 -44 ) (1496 -804 -44 ) (1483.994507 -804 -36.994873 ) 
4 28 40 (1483.995361 -798 -36.996250 ) (1483.995483 -804 -36.996304 ) (1487.012207 -804 -38.756557 ) (1487.011597 -798 -38.756264 ) 
4 28 35 (1487.012207 -804 -38.756557 ) (1491.058838 -804 -41.117809 ) (1491.058838 -798 -41.117836 ) (1487.011597 -798 -38.756264 ) 
4 28 32 (1494.595215 -804 -43.181309 ) (1495.998291 -804 -44 ) (1495.998291 -798 -44 ) (1494.595215 -798 -43.181316 ) 
4 28 30 (1491.058838 -804 -41.117809 ) (1494.595215 -804 -43.181309 ) (1494.595215 -798 -43.181316 ) (1491.058838 -798 -41.117836 ) 
4 28 42 (1488.194458 -798 -44 ) (1496 -798 -44 ) (1496 -804 -44 ) (1488.194458 -804 -44 ) 
5 29 44 (1517 -804 -13.002540 ) (1517 -804 -13 ) (1513 -804 -8 ) (1483 -804 -8 ) (1483.652954 -804 -13.002535 ) 
6 29 43 (1517 -804 -27 ) (1517 -804 -13.002540 ) (1483.652954 -804 -13.002535 ) (1486 -804 -31.001440 ) (1487 -804 -33 ) (1498.998657 -804 -40.001049 ) 
4 29 37 (1486 -804 -31.001225 ) (1483 -804 -8 ) (1483 -798 -8 ) (1486 -798 -31 ) 
4 29 34 (1487 -804 -33.001019 ) (1486.001465 -804 -31.002789 ) (1486 -798 -31.001411 ) (1487 -798 -33 ) 
4 29 31 (1498.998657 -798 -40 ) (1517 -798 -27 ) (1517 -804 -27 ) (1498.998047 -804 -40 ) 
4 29 41 (1517 -804 -12.998525 ) (1517 -798 -12.998525 ) (1513.001221 -798 -8 ) (1513.001221 -804 -8 ) 
4 29 30 (1487 -804 -33.001228 ) (1487 -798 -33 ) (1499.002686 -798 -40.003792 ) (1499.002197 -804 -40.004181 ) 
4 30 43 (1487 -804 -33 ) (1491.058105 -804 -41.116451 ) (1494.595947 -804 -43.180779 ) (1498.998657 -804 -40.001049 ) 
4 30 35 (1491.058228 -798 -41.116550 ) (1491.058228 -804 -41.116550 ) (1487 -804 -33.001019 ) (1487 -798 -33 ) 
4 30 32 (1494.596191 -804 -43.179878 ) (1494.596191 -798 -43.179878 ) (1498.998657 -798 -40 ) (1498.998047 -804 -40 ) 
4 31 43 (1503.702393 -804 -42.745422 ) (1517 -804 -32.946411 ) (1517 -804 -27 ) (1498.998657 -804 -40.001049 ) 
4 31 33 (1499.002197 -804 -40.004181 ) (1499.002686 -798 -40.003792 ) (1503.701538 -798 -42.745056 ) (1503.701416 -804 -42.745670 ) 
6 32 43 (1496 -804 -44 ) (1502 -804 -44 ) (1502 -804 -44 ) (1499.004883 -804 -40.004688 ) (1498.998657 -804 -40.001049 ) (1494.595947 -804 -43.180779 ) 
4 32 42 (1496 -798 -44 ) (1502 -798 -44 ) (1502 -804 -44 ) (1496 -804 -44 ) 
4 32 33 (1499.004517 -798 -40 ) (1499.007813 -804 -40.003494 ) (1502.003296 -804 -43.997509 ) (1502.002197 -798 -43.997829 ) 
3 33 43 (1502 -804 -44 ) (1503.702393 -804 -42.745422 ) (1499.004883 -804 -40.004688 ) 
3 34 43 (1486 -804 -31.001440 ) (1486.200684 -804 -32.534317 ) (1487 -804 -33 ) 
4 34 38 (1486.200562 -804 -32.534275 ) (1486 -804 -31.001225 ) (1486 -798 -31 ) (1486.199829 -798 -32.533150 ) 
4 34 36 (1487 -798 -33 ) (1487 -804 -33 ) (1486.200439 -804 -32.533989 ) (1486.199829 -798 -32.532909 ) 
4 35 43 (1486.370850 -804 -33.839069 ) (1487.012085 -804 -38.755619 ) (1491.058105 -804 -41.116451 ) (1487 -804 -33 ) 
4 35 40 (1487.011230 -798 -38.753658 ) (1487.011841 -804 -38.753979 ) (1486.370728 -804 -33.839054 ) (1486.370117 -798 -33.838955 ) 
4 35 36 (1486.370117 -798 -33.837933 ) (1486.370605 -804 -33.837952 ) (1486.998047 -804 -33.002266 ) (1486.998047 -798 -33.001564 ) 
3 36 43 (1486.200684 -804 -32.534317 ) (1486.370850 -804 -33.839069 ) (1487 -804 -33 ) 
4 36 38 (1486.370728 -804 -33.839054 ) (1486.200562 -804 -32.534275 ) (1486.199829 -798 -32.533150 ) (1486.370117 -798 -33.838955 ) 
4 37 44 (1483 -804 -8 ) (1478 -804 -8 ) (1478.625244 -804 -13.002556 ) (1483.652954 -804 -13.002535 ) 
4 37 43 (1478.625244 -804 -13.002556 ) (1479.166626 -804 -17.333298 ) (1486 -804 -31.001440 ) (1483.652954 -804 -13.002535 ) 
4 37 39 (1486 -798 -31.001411 ) (1486.001465 -804 -31.002789 ) (1479.166626 -804 -17.333225 ) (1479.167236 -798 -17.334524 ) 
6 38 43 (1481 -804 -32 ) (1483.994507 -804 -36.994873 ) (1484.001099 -804 -36.998714 ) (1486.370850 -804 -33.839024 ) (1486 -804 -31.001440 ) (1486 -804 -31 ) 
4 38 40 (1484 -804 -36.998306 ) (1484 -798 -36.998306 ) (1486.370117 -798 -33.838936 ) (1486.370605 -804 -33.838360 ) 
4 38 39 (1486 -804 -31 ) (1486 -798 -31 ) (1481 -798 -32 ) (1481 -804 -32 ) 
3 39 43 (1479.166626 -804 -17.333298 ) (1481 -804 -32 ) (1486 -804 -31 ) 
3 40 43 (1484.001099 -804 -36.998714 ) (1487.012085 -804 -38.755619 ) (1486.370850 -804 -33.839024 ) 
3 41 47 (1517 -804 -13 ) (1517 -804 -8 ) (1513 -804 -8 ) 
4 42 71 (1426 -798 -44 ) (1426 -798 -64 ) (1426 -804 -64 ) (1426 -804 -44 ) 
4 42 43 (1426 -804 -44 ) (1426 -804 -64 ) (1523 -804 -64 ) (1523 -804 -44 ) 
6 43 67 (1426 -834.001648 -32.998646 ) (1426 -822.001404 -39.998032 ) (1426 -819 -44 ) (1426 -825 -44 ) (1426 -837 -37 ) (1426 -837 -36.997612 ) 
4 43 66 (1426 -836.808289 -31.361618 ) (1426 -834.001648 -32.998646 ) (1426 -837 -36.997612 ) (1426 -840 -32 ) 
3 43 68 (1426 -840.337036 -29.303425 ) (1426 -836.808289 -31.361618 ) (1426 -840 -32 ) 
4 43 69 (1426 -822.001404 -39.998032 ) (1426 -817.291809 -42.745014 ) (1426 -818.994812 -44 ) (1426 -819 -44 ) 
3 43 65 (1426 -842.308167 -28.153734 ) (1426 -840.337036 -29.303425 ) (1426 -840 -32 ) 
4 43 64 (1426 -864 -21.249998 ) (1426 -864 -15.501556 ) (1426 -842.308167 -28.153734 ) (1426 -837 -37 ) 
3 43 62 (1426 -834.804443 -32.530441 ) (1426 -836.807983 -31.361853 ) (1426 -835.003906 -31.001091 ) 
5 43 61 (1426 -836.807983 -31.361853 ) (1426 -840.337036 -29.303444 ) (1426 -841.834351 -17.324921 ) (1426 -835.006226 -30.983181 ) (1426 -835.003906 -31.001091 ) 
3 43 60 (1426 -833.997375 -33.001160 ) (1426 -834.804443 -32.530441 ) (1426 -835.006226 -30.983181 ) 
4 43 59 (1426 -843 -8 ) (1426 -838.003967 -8 ) (1426 -835.006226 -30.983181 ) (1426 -841.834351 -17.324921 ) 
7 43 58 (1426 -838.003967 -8 ) (1426 -808.002014 -8 ) (1426 -804 -13.002541 ) (1426 -804 -26.997063 ) (1426 -822.001160 -39.998192 ) (1426 -833.997375 -33.001160 ) (1426 -835.006226 -30.983181 ) 
4 43 57 (1426 -864 -15.501556 ) (1426 -864 -8 ) (1426 -843 -8 ) (1426 -840.337036 -29.303444 ) 
4 43 63 (1426 -804 -26.997063 ) (1426 -804 -32.949871 ) (1426 -817.291809 -42.745014 ) (1426 -822.001160 -39.998192 ) 
3 43 56 (1426 -804 -32.949871 ) (1426 -804 -44 ) (1426 -818.994812 -44 ) 
3 43 55 (1426 -864 -44 ) (1426 -864 -21.249998 ) (1426 -825 -44 ) 
4 43 71 (1426 -864 -64 ) (1426 -864 -44 ) (1426 -804 -44 ) (1426 -804 -64 ) 
4 43 47 (1522.996826 -804 -13.003906 ) (1517.003174 -804 -13.003906 ) (1513 -808.003113 -8 ) (1527 -808.003113 -8 ) 
4 43 46 (1680 -804 -13.003906 ) (1522.996826 -804 -13.003906 ) (1527 -808.003113 -8 ) (1680 -808.003113 -8 ) 
3 43 45 (1426 -804.003113 -13 ) (1426 -808.003113 -8 ) (1430 -808.003113 -8 ) 
5 43 44 (1517.003174 -804 -13.003906 ) (1426 -804 -13.003906 ) (1426 -804.003113 -13 ) (1430 -808.003113 -8 ) (1513 -808.003113 -8 ) 
3 44 47 (1512.997559 -808.006287 -8 ) (1517.003906 -804 -13.007813 ) (1512.997681 -804 -8 ) 
3 44 45 (1426 -804 -13.003906 ) (1430.003174 -808.003113 -8 ) (1430.003174 -804 -8 ) 
3 45 70 (1426 -808.002014 -8 ) (1426 -804 -8 ) (1426 -804 -13.002541 ) 
3 46 47 (1527.003906 -804 -8 ) (1522.998047 -804 -13.001978 ) (1527 -808.001587 -8 ) 
4 48 81 (1426 -640 -64 ) (1426 -768 -64 ) (1422 -768 -64 ) (1422 -640 -64 ) 
4 48 73 (1420 -794 -8 ) (1420 -608 -8 ) (1420 -608 -13 ) (1420 -798 -13 ) 
4 48 72 (1420 -608 -13 ) (1420 -608 -64 ) (1420 -798 -64 ) (1420 -798 -13 ) 
4 48 53 (1420 -798 -13 ) (1420 -798 -27 ) (1426 -798 -27.003046 ) (1426 -798 -13 ) 
4 48 51 (1420 -798 -27 ) (1420 -798 -28.528431 ) (1426 -798 -28.528278 ) (1426 -798 -27.003046 ) 
4 48 50 (1420 -798 -28.528431 ) (1420 -798 -44 ) (1426 -798 -44 ) (1426 -798 -28.528278 ) 
4 48 71 (1420 -798 -44 ) (1420 -798 -64 ) (1426 -798 -64 ) (1426 -798 -44 ) 
4 48 49 (1420 -794 -8 ) (1420 -798 -13.001911 ) (1426 -798 -13.001911 ) (1426 -793.998474 -8 ) 
3 49 75 (1420 -798 -8 ) (1420 -794 -8 ) (1420 -798 -13 ) 
4 49 52 (1420 -798 -8 ) (1420 -798 -13 ) (1426 -798 -13 ) (1426 -798 -8 ) 
4 50 72 (1420 -798 -28.528418 ) (1420 -798 -44 ) (1420 -804 -44 ) (1420 -804 -32.950012 ) 
4 50 56 (1420 -804 -32.950012 ) (1420 -804 -44 ) (1426 -804 -44 ) (1426 -804 -32.949860 ) 
4 50 54 (1420 -800.005066 -30.007544 ) (1420 -804 -32.951607 ) (1426 -804 -32.951485 ) (1426 -800 -30.004341 ) 
4 50 51 (1426 -798 -28.529758 ) (1420 -798 -28.529881 ) (1420 -800.005066 -30.007544 ) (1426 -800 -30.004341 ) 
4 50 71 (1420 -804 -44 ) (1420 -798 -44 ) (1426 -798 -44 ) (1426 -804 -44 ) 
3 51 72 (1420 -798 -27 ) (1420 -798 -28.528418 ) (1420 -800.003113 -30.004585 ) 
4 51 54 (1420 -799.996399 -29.997644 ) (1426 -799.992126 -29.994390 ) (1426 -798 -27.006201 ) (1420 -798 -27.003080 ) 
4 52 75 (1420 -804 -8 ) (1420 -798 -8 ) (1420 -798 -13 ) (1420 -804 -13 ) 
4 52 70 (1420 -804 -8 ) (1420 -804 -13 ) (1426 -804 -13 ) (1426 -804 -8 ) 
4 52 53 (1426 -804 -13 ) (1420 -804 -13 ) (1420 -798 -13 ) (1426 -798 -13 ) 
4 53 72 (1420 -798 -13 ) (1420 -798 -27 ) (1420 -804 -27 ) (1420 -804 -13 ) 
4 53 58 (1420 -804 -13 ) (1420 -804 -27 ) (1426 -804 -27 ) (1426 -804 -13 ) 
5 53 54 (1426 -804 -27 ) (1420 -804 -27 ) (1420 -798.001831 -27 ) (1425.246094 -798 -27 ) (1426 -798 -27 ) 
4 54 72 (1420 -798 -27 ) (1420 -800.003113 -30.004585 ) (1420 -804 -32.950012 ) (1420 -804 -27 ) 
4 54 63 (1420 -804 -27 ) (1420 -804 -32.950012 ) (1426 -804 -32.949860 ) (1426 -804 -27 ) 
3 55 72 (1420 -864 -44 ) (1420 -864 -21.249998 ) (1420 -825 -44 ) 
4 55 67 (1426 -824.997803 -44 ) (1420 -824.997803 -44 ) (1420 -836.998596 -37 ) (1426 -837 -36.998322 ) 
4 55 64 (1420 -836.998596 -37 ) (1420 -864 -21.248722 ) (1426 -864 -21.248295 ) (1426 -837 -36.998322 ) 
4 55 71 (1420 -864 -44 ) (1420 -825 -44 ) (1426 -825 -44 ) (1426 -864 -44 ) 
3 56 72 (1420 -804 -32.950020 ) (1420 -804 -44 ) (1420 -818.994568 -44 ) 
4 56 69 (1420 -817.292725 -42.746826 ) (1420 -818.993286 -44 ) (1426 -818.993469 -44 ) (1426 -817.291077 -42.745449 ) 
4 56 63 (1426 -804 -32.950897 ) (1420 -804 -32.951019 ) (1420 -817.292725 -42.746826 ) (1426 -817.291077 -42.745449 ) 
4 56 71 (1420 -818.994568 -44 ) (1420 -804 -44 ) (1426 -804 -44 ) (1426 -818.994812 -44 ) 
4 57 74 (1420 -864 -13 ) (1420 -864 -8 ) (1420 -843 -8 ) (1420 -842.375000 -13 ) 
4 57 72 (1420 -864 -15.503923 ) (1420 -864 -13 ) (1420 -842.375000 -13 ) (1420 -840.336731 -29.305958 ) 
4 57 65 (1420 -842.303284 -28.160011 ) (1420 -840.336609 -29.307096 ) (1426 -840.336914 -29.304546 ) (1426 -842.307190 -28.155342 ) 
4 57 64 (1420 -864 -15.505014 ) (1420 -842.303284 -28.160011 ) (1426 -842.307190 -28.155342 ) (1426 -864 -15.502607 ) 
4 57 61 (1426 -840.336792 -29.303965 ) (1420 -840.336487 -29.306499 ) (1420 -841.834106 -17.325813 ) (1426 -841.834106 -17.325455 ) 
4 57 59 (1420 -841.834106 -17.325813 ) (1420 -843 -8 ) (1426 -843 -8 ) (1426 -841.834106 -17.325455 ) 
4 58 74 (1420 -838.004089 -8 ) (1420 -808.002014 -8 ) (1420 -804.002014 -13 ) (1420 -837.351929 -13 ) 
7 58 72 (1420 -804.002014 -13 ) (1420 -804 -13.002541 ) (1420 -804 -26.995783 ) (1420 -822.003906 -39.998928 ) (1420 -833.995972 -33.004333 ) (1420 -835.006348 -30.983335 ) (1420 -837.351929 -13 ) 
4 58 67 (1420 -833.995178 -33.005848 ) (1420 -822.004700 -40 ) (1426 -822.001892 -39.998772 ) (1426 -833.996704 -33.002571 ) 
4 58 60 (1420 -833.998108 -33.003105 ) (1426 -834 -33 ) (1426 -835.005676 -30.987484 ) (1420 -835.005798 -30.987518 ) 
4 58 63 (1426 -821.998657 -39.996372 ) (1420 -822.001465 -39.997093 ) (1420 -804 -26.995720 ) (1426 -804 -26.997013 ) 
4 58 70 (1426 -808.003906 -8 ) (1426 -804 -13.003906 ) (1420 -804 -13.003906 ) (1420 -808.003113 -8 ) 
4 58 59 (1420 -835.006409 -30.983170 ) (1426 -835.006287 -30.983082 ) (1426 -838.003967 -8 ) (1420 -838.004089 -8 ) 
4 59 74 (1420 -843 -8 ) (1420 -838.004089 -8 ) (1420 -837.351929 -13 ) (1420 -842.375000 -13 ) 
4 59 72 (1420 -837.351929 -13 ) (1420 -835.006348 -30.983335 ) (1420 -841.834351 -17.325268 ) (1420 -842.375000 -13 ) 
4 59 61 (1426 -835.005676 -30.987484 ) (1426 -841.833191 -17.330757 ) (1420 -841.833130 -17.331158 ) (1420 -835.005798 -30.987518 ) 
3 60 72 (1420 -833.995972 -33.004333 ) (1420 -834.804199 -32.532913 ) (1420 -835.006348 -30.983334 ) 
4 60 66 (1420 -834.804077 -32.534042 ) (1420 -833.995178 -33.005848 ) (1426 -833.996704 -33.002571 ) (1426 -834.804260 -32.531548 ) 
4 60 62 (1420 -834.804260 -32.532883 ) (1426 -834.804443 -32.530415 ) (1426 -835.006287 -30.983082 ) (1420 -835.006409 -30.983170 ) 
5 61 72 (1420 -836.811157 -31.362303 ) (1420 -840.336731 -29.305958 ) (1420 -841.834351 -17.325268 ) (1420 -835.006348 -30.983334 ) (1420 -835.004028 -31 ) 
4 61 68 (1420 -840.336609 -29.307096 ) (1420 -836.812500 -31.362577 ) (1426 -836.809265 -31.362116 ) (1426 -840.336914 -29.304546 ) 
4 61 62 (1420 -835.004028 -31 ) (1426 -835.003906 -31 ) (1426 -836.808228 -31.361717 ) (1420 -836.811462 -31.362167 ) 
3 62 72 (1420 -834.804199 -32.532913 ) (1420 -836.811157 -31.362303 ) (1420 -835.004028 -31 ) 
4 62 66 (1420 -836.812500 -31.362577 ) (1420 -834.804077 -32.534042 ) (1426 -834.804260 -32.531548 ) (1426 -836.809265 -31.362116 ) 
4 63 72 (1420 -804 -26.995783 ) (1420 -804 -32.950020 ) (1420 -817.293457 -42.746391 ) (1420 -822.003906 -39.998928 ) 
4 63 69 (1420 -822.004700 -40 ) (1420 -817.294006 -42.747112 ) (1426 -817.292297 -42.745747 ) (1426 -822.001892 -39.998772 ) 
4 64 72 (1420 -864 -21.249998 ) (1420 -864 -15.503923 ) (1420 -842.304260 -28.158386 ) (1420 -836.997375 -37.001514 ) 
4 64 66 (1426 -836.995544 -37.002583 ) (1420 -836.993774 -37.003620 ) (1420 -840 -31.992559 ) (1426 -840 -31.995096 ) 
4 64 65 (1420 -840 -31.992559 ) (1420 -842.301819 -28.158363 ) (1426 -842.305786 -28.153709 ) (1426 -840 -31.995096 ) 
3 65 72 (1420 -842.304260 -28.158386 ) (1420 -840.336731 -29.305986 ) (1420 -840 -31.997623 ) 
4 65 68 (1426 -840 -31.994627 ) (1420 -840 -31.992193 ) (1420 -840.336548 -29.305984 ) (1426 -840.336853 -29.303450 ) 
4 66 72 (1420 -836.810364 -31.362810 ) (1420 -834.001099 -33.001354 ) (1420 -837 -36.998634 ) (1420 -839.998596 -32 ) 
4 66 68 (1426 -836.809265 -31.361116 ) (1420 -836.811218 -31.362312 ) (1420 -839.998901 -32 ) (1426 -840 -32 ) 
4 66 67 (1426 -837.001587 -36.996475 ) (1420 -837 -36.997555 ) (1420 -834.002197 -33 ) (1426 -834.002808 -32.997997 ) 
6 67 72 (1420 -834.001099 -33.001354 ) (1420 -821.998291 -40.002213 ) (1420 -819 -44 ) (1420 -825 -44 ) (1420 -836.997375 -37.001514 ) (1420 -837 -36.998634 ) 
4 67 71 (1420 -825 -44 ) (1420 -818.994568 -44 ) (1426 -818.994812 -44 ) (1426 -825 -44 ) 
4 67 69 (1426 -819.001587 -44 ) (1420 -819.001587 -44 ) (1420 -822.001038 -40 ) (1426 -822.004150 -39.996517 ) 
4 68 72 (1420 -840.336731 -29.305986 ) (1420 -836.810364 -31.362810 ) (1420 -839.998596 -32 ) (1420 -840 -31.997623 ) 
4 69 72 (1420 -821.998291 -40.002213 ) (1420 -817.293457 -42.746391 ) (1420 -818.994568 -44 ) (1420 -819 -44 ) 
3 70 75 (1420 -808.002014 -8 ) (1420 -804 -8 ) (1420 -804 -13.002541 ) 
4 71 72 (1420 -864 -64 ) (1420 -864 -44 ) (1420 -798 -44 ) (1420 -798 -64 ) 
4 72 76 (1360 -640 -64 ) (1360 -768 -64 ) (1360 -768 -8 ) (1360 -640 -8 ) 
4 72 75 (1420 -804.002075 -13 ) (1420 -798 -13 ) (1416 -794 -8 ) (1416 -808.002075 -8 ) 
4 72 74 (1420 -864 -13 ) (1420 -804.002075 -13 ) (1416 -808.002075 -8 ) (1416 -864 -8 ) 
4 72 73 (1420 -798 -13 ) (1420 -608 -13 ) (1416 -608 -8 ) (1416 -794 -8 ) 
3 73 75 (1416 -793.996094 -8 ) (1420 -797.996094 -13 ) (1420 -793.996094 -8 ) 
3 74 75 (1420 -808 -8 ) (1420 -804 -13.001911 ) (1415.998413 -808.001587 -8 ) 
4 76 82 (1360 -640 -64 ) (1360 -768 -64 ) (1344 -768 -64 ) (1344 -640 -64 ) 
4 76 77 (1344 -640 -64 ) (1344 -768 -64 ) (1344 -768 64 ) (1344 -640 64 ) 
4 77 78 (1280 -608 -64 ) (1280 -800 -64 ) (1280 -800 64 ) (1280 -608 64 ) 
4 78 83 (1218 -746 -64 ) (1216 -746 -64 ) (1216 -662 -64 ) (1218 -662 -64 ) 
4 78 79 (1216 -640 -64 ) (1216 -768 -64 ) (1216 -768 64 ) (1216 -640 64 ) 
4 79 121 (1024 -640 -2 ) (1024 -640 -64 ) (1024 -768 -64 ) (1024 -768 -2 ) 
4 79 99 (1024 -640 0 ) (1024 -640 -2 ) (1024 -768 -2 ) (1024 -768 0 ) 
4 79 95 (1024 -768 64 ) (1024 -640 64 ) (1024 -640 0 ) (1024 -768 0 ) 
4 79 84 (1024 -768 -64 ) (1024 -640 -64 ) (1216 -640 -64 ) (1216 -768 -64 ) 
4 83 84 (1216 -746 -68 ) (1216 -746 -64 ) (1216 -662 -64 ) (1216 -662 -68 ) 
4 84 121 (1024 -768 -64 ) (1024 -640 -64 ) (1024 -640 -192 ) (1024 -768 -192 ) 
4 85 86 (128 -288 288 ) (128 -176 288 ) (384 -176 288 ) (384 -288 288 ) 
4 86 92 (128 -176 256 ) (384 -176 256 ) (384 -288 256 ) (128 -288 256 ) 
4 87 94 (192 -320 256 ) (448 -320 256 ) (448 -448 256 ) (192 -448 256 ) 
4 88 94 (320 -576 256 ) (320 -960 256 ) (192 -960 256 ) (192 -576 256 ) 
4 88 91 (192 -960 256 ) (320 -960 256 ) (320 -960 272 ) (192 -960 272 ) 
4 88 90 (192 -960 256 ) (192 -960 272 ) (192 -704 272 ) (192 -704 256 ) 
4 89 143 (0 -448 272 ) (0 -448 256 ) (0 -576 256 ) (0 -576 272 ) 
4 89 94 (0 -576 256 ) (0 -448 256 ) (192 -448 256 ) (192 -576 256 ) 
4 90 144 (0 -704 256 ) (0 -960 256 ) (0 -960 272 ) (0 -704 272 ) 
4 90 94 (0 -960 256 ) (0 -704 256 ) (192 -704 256 ) (192 -960 256 ) 
4 91 237 (192 -1024 272 ) (192 -1024 256 ) (320 -1024 256 ) (320 -1024 272 ) 
4 91 94 (320 -1024 256 ) (192 -1024 256 ) (192 -960 256 ) (320 -960 256 ) 
4 92 94 (128 -320 128 ) (384 -320 128 ) (384 -320 256 ) (128 -320 256 ) 
4 93 94 (448 -320 256 ) (448 -320 128 ) (448 -704 128 ) (448 -704 256 ) 
4 94 238 (448 -1024 256 ) (0 -1024 256 ) (0 -1024 128 ) (448 -1024 128 ) 
4 94 156 (0 -1024 128 ) (0 -1024 256 ) (0 -704 256 ) (0 -704 128 ) 
4 94 155 (0 -704 256 ) (0 -640 256 ) (0 -640 128 ) (0 -704 128 ) 
4 94 154 (0 -640 256 ) (0 -576 256 ) (0 -576 128 ) (0 -640 128 ) 
4 94 153 (0 -576 256 ) (0 -448 256 ) (0 -448 128 ) (0 -576 128 ) 
4 94 152 (0 -448 256 ) (0 -320 256 ) (0 -320 128 ) (0 -448 128 ) 
4 94 96 (448 -1024 128 ) (0 -1024 128 ) (0 -320 128 ) (448 -320 128 ) 
4 95 99 (1024 -640 0 ) (1024 -768 0 ) (960 -768 0 ) (960 -640 0 ) 
4 96 238 (448 -1024 128 ) (0 -1024 128 ) (0 -1024 0 ) (448 -1024 0 ) 
4 96 170 (0 -1024 0 ) (0 -1024 128 ) (0 -320 128 ) (0 -320 0 ) 
4 96 120 (64 -1024 0 ) (0 -1024 0 ) (0 -768 0 ) (64 -768 0 ) 
4 96 119 (0 -640 0 ) (0 -512 0 ) (64 -512 0 ) (64 -640 0 ) 
4 96 117 (64 -832 0 ) (64 -768 0 ) (128 -768 0 ) (128 -832 0 ) 
4 96 118 (128 -1024 0 ) (64 -1024 0 ) (64 -960 0 ) (128 -960 0 ) 
4 96 116 (64 -512 0 ) (64 -384 0 ) (128 -384 0 ) (128 -512 0 ) 
4 96 115 (192 -1024 0 ) (128 -1024 0 ) (128 -960 0 ) (192 -960 0 ) 
4 96 114 (128 -832 0 ) (128 -768 0 ) (192 -768 0 ) (192 -832 0 ) 
4 96 113 (256 -1024 0 ) (192 -1024 0 ) (192 -960 0 ) (256 -960 0 ) 
4 96 112 (192 -896 0 ) (192 -832 0 ) (256 -832 0 ) (256 -896 0 ) 
4 96 111 (192 -640 0 ) (192 -576 0 ) (256 -576 0 ) (256 -640 0 ) 
4 96 110 (192 -512 0 ) (192 -448 0 ) (256 -448 0 ) (256 -512 0 ) 
4 96 109 (320 -1024 0 ) (256 -1024 0 ) (256 -896 0 ) (320 -896 0 ) 
4 96 108 (256 -640 0 ) (256 -384 0 ) (320 -384 0 ) (320 -640 0 ) 
4 96 107 (320 -896 0 ) (320 -768 0 ) (384 -768 0 ) (384 -896 0 ) 
4 96 105 (320 -448 0 ) (320 -384 0 ) (384 -384 0 ) (384 -448 0 ) 
4 96 106 (320 -640 0 ) (320 -576 0 ) (384 -576 0 ) (384 -640 0 ) 
4 97 123 (960 -640 -2 ) (768 -640 -2 ) (768 -608 -2 ) (960 -608 -2 ) 
4 97 99 (768 -640 -2 ) (960 -640 -2 ) (960 -640 0 ) (768 -640 0 ) 
4 98 125 (576 -640 -2 ) (544 -640 -2 ) (544 -608 -2 ) (576 -608 -2 ) 
4 98 99 (544 -640 0 ) (544 -640 -2 ) (576 -640 -2 ) (576 -640 0 ) 
4 99 131 (960 -768 -2 ) (544 -768 -2 ) (544 -736 -2 ) (960 -736 -2 ) 
4 99 128 (544 -736 -2 ) (544 -672 -2 ) (960 -672 -2 ) (960 -736 -2 ) 
4 99 126 (544 -672 -2 ) (544 -660 -2 ) (960 -660 -2 ) (960 -672 -2 ) 
4 99 125 (544 -660 -2 ) (544 -640 -2 ) (576 -640 -2 ) (576 -660 -2 ) 
4 99 124 (576 -640 -2 ) (768 -640 -2 ) (768 -660 -2 ) (576 -660 -2 ) 
4 99 123 (768 -640 -2 ) (960 -640 -2 ) (960 -660 -2 ) (768 -660 -2 ) 
4 99 121 (1024 -640 -2 ) (1024 -768 -2 ) (960 -768 -2 ) (960 -640 -2 ) 
4 99 104 (544 -736 -2 ) (544 -748 -2 ) (544 -748 0 ) (544 -736 0 ) 
4 99 103 (544 -672 -2 ) (544 -736 -2 ) (544 -736 0 ) (544 -672 0 ) 
4 99 102 (544 -660 -2 ) (544 -672 -2 ) (544 -672 0 ) (544 -660 0 ) 
4 99 100 (952 -768 -2 ) (960 -768 -2 ) (960 -768 0 ) (952 -768 0 ) 
4 99 101 (576 -768 -2 ) (760 -768 -2 ) (760 -768 0 ) (576 -768 0 ) 
4 100 132 (960 -800 -2 ) (952 -800 -2 ) (952 -768 -2 ) (960 -768 -2 ) 
4 101 133 (760 -800 -2 ) (576 -800 -2 ) (576 -768 -2 ) (760 -768 -2 ) 
4 102 126 (520 -660 -2 ) (544 -660 -2 ) (544 -672 -2 ) (520 -672 -2 ) 
4 102 103 (520 -672 -2 ) (544 -672 -2 ) (544 -672 0 ) (520 -672 0 ) 
4 103 128 (520 -672 -2 ) (544 -672 -2 ) (544 -736 -2 ) (520 -736 -2 ) 
4 103 104 (520 -736 -2 ) (544 -736 -2 ) (544 -736 0 ) (520 -736 0 ) 
4 104 134 (520 -736 -2 ) (544 -736 -2 ) (544 -748 -2 ) (520 -748 -2 ) 
4 105 139 (320 -448 -2 ) (320 -384 -2 ) (384 -384 -2 ) (384 -448 -2 ) 
4 105 108 (320 -384 -2 ) (320 -448 -2 ) (320 -448 0 ) (320 -384 0 ) 
4 106 139 (320 -640 -2 ) (320 -576 -2 ) (384 -576 -2 ) (384 -640 -2 ) 
4 106 108 (320 -576 -2 ) (320 -640 -2 ) (320 -640 0 ) (320 -576 0 ) 
4 107 139 (320 -896 -2 ) (320 -768 -2 ) (384 -768 -2 ) (384 -896 -2 ) 
4 108 139 (256 -640 -2 ) (256 -384 -2 ) (320 -384 -2 ) (320 -640 -2 ) 
4 108 111 (256 -576 -2 ) (256 -640 -2 ) (256 -640 0 ) (256 -576 0 ) 
4 108 110 (256 -448 -2 ) (256 -512 -2 ) (256 -512 0 ) (256 -448 0 ) 
4 109 139 (320 -1024 -2 ) (256 -1024 -2 ) (256 -896 -2 ) (320 -896 -2 ) 
4 109 113 (256 -960 -2 ) (256 -1024 -2 ) (256 -1024 0 ) (256 -960 0 ) 
4 110 141 (192 -512 -2 ) (192 -448 -2 ) (252 -448 -2 ) (252 -512 -2 ) 
4 110 139 (252 -448 -2 ) (256 -448 -2 ) (256 -512 -2 ) (252 -512 -2 ) 
4 111 141 (192 -640 -2 ) (192 -576 -2 ) (252 -576 -2 ) (252 -640 -2 ) 
4 111 139 (252 -576 -2 ) (256 -576 -2 ) (256 -640 -2 ) (252 -640 -2 ) 
4 112 141 (192 -896 -2 ) (192 -832 -2 ) (252 -832 -2 ) (252 -896 -2 ) 
4 112 139 (252 -832 -2 ) (256 -832 -2 ) (256 -896 -2 ) (252 -896 -2 ) 
4 113 141 (252 -1024 -2 ) (192 -1024 -2 ) (192 -960 -2 ) (252 -960 -2 ) 
4 113 139 (256 -1024 -2 ) (252 -1024 -2 ) (252 -960 -2 ) (256 -960 -2 ) 
4 113 115 (192 -960 -2 ) (192 -1024 -2 ) (192 -1024 0 ) (192 -960 0 ) 
4 114 141 (128 -832 -2 ) (128 -768 -2 ) (192 -768 -2 ) (192 -832 -2 ) 
4 114 117 (128 -768 -2 ) (128 -832 -2 ) (128 -832 0 ) (128 -768 0 ) 
4 115 141 (192 -1024 -2 ) (128 -1024 -2 ) (128 -960 -2 ) (192 -960 -2 ) 
4 115 118 (128 -960 -2 ) (128 -1024 -2 ) (128 -1024 0 ) (128 -960 0 ) 
4 116 141 (64 -512 -2 ) (64 -384 -2 ) (128 -384 -2 ) (128 -512 -2 ) 
4 117 141 (64 -832 -2 ) (64 -768 -2 ) (128 -768 -2 ) (128 -832 -2 ) 
4 117 120 (64 -768 -2 ) (64 -832 -2 ) (64 -832 0 ) (64 -768 0 ) 
4 118 141 (128 -1024 -2 ) (64 -1024 -2 ) (64 -960 -2 ) (128 -960 -2 ) 
4 118 120 (64 -960 -2 ) (64 -1024 -2 ) (64 -1024 0 ) (64 -960 0 ) 
4 119 173 (0 -640 0 ) (0 -576 0 ) (0 -576 -2 ) (0 -640 -2 ) 
4 119 141 (0 -640 -2 ) (0 -512 -2 ) (64 -512 -2 ) (64 -640 -2 ) 
4 120 174 (0 -896 0 ) (0 -832 0 ) (0 -832 -2 ) (0 -896 -2 ) 
4 120 175 (0 -1024 -2 ) (0 -1024 0 ) (0 -960 0 ) (0 -960 -2 ) 
4 120 141 (64 -1024 -2 ) (0 -1024 -2 ) (0 -768 -2 ) (64 -768 -2 ) 
4 121 131 (960 -768 -2 ) (960 -736 -2 ) (960 -736 -192 ) (960 -768 -192 ) 
4 121 128 (960 -736 -2 ) (960 -672 -2 ) (960 -672 -192 ) (960 -736 -192 ) 
4 121 126 (960 -672 -2 ) (960 -660 -2 ) (960 -660 -192 ) (960 -672 -192 ) 
4 121 123 (960 -660 -2 ) (960 -640 -2 ) (960 -640 -192 ) (960 -660 -192 ) 
4 121 122 (960 -748 -192 ) (960 -664 -192 ) (1008 -664 -192 ) (1008 -748 -192 ) 
4 122 131 (960 -748 -224 ) (960 -748 -192 ) (960 -736 -192 ) (960 -736 -224 ) 
4 122 130 (960 -672 -196 ) (960 -672 -224 ) (960 -736 -224 ) (960 -736 -196 ) 
4 122 128 (960 -736 -192 ) (960 -672 -192 ) (960 -672 -196 ) (960 -736 -196 ) 
4 122 127 (960 -664 -196 ) (960 -664 -224 ) (960 -672 -224 ) (960 -672 -196 ) 
4 122 126 (960 -672 -192 ) (960 -664 -192 ) (960 -664 -196 ) (960 -672 -196 ) 
4 123 127 (768 -660 -448 ) (960 -660 -448 ) (960 -660 -196 ) (768 -660 -196 ) 
4 123 126 (960 -660 -196 ) (960 -660 -2 ) (768 -660 -2 ) (768 -660 -196 ) 
4 123 124 (768 -640 -448 ) (768 -660 -448 ) (768 -660 -2 ) (768 -640 -2 ) 
4 124 127 (576 -660 -448 ) (768 -660 -448 ) (768 -660 -196 ) (576 -660 -196 ) 
4 124 126 (768 -660 -196 ) (768 -660 -2 ) (576 -660 -2 ) (576 -660 -196 ) 
4 124 125 (576 -640 -448 ) (576 -660 -448 ) (576 -660 -2 ) (576 -640 -2 ) 
4 125 127 (544 -660 -448 ) (576 -660 -448 ) (576 -660 -196 ) (544 -660 -196 ) 
4 125 126 (576 -660 -196 ) (576 -660 -2 ) (544 -660 -2 ) (544 -660 -196 ) 
4 126 128 (520 -672 -196 ) (960 -672 -196 ) (960 -672 -2 ) (520 -672 -2 ) 
4 126 127 (960 -672 -196 ) (544 -672 -196 ) (544 -660 -196 ) (960 -660 -196 ) 
4 127 130 (544 -672 -448 ) (960 -672 -448 ) (960 -672 -196 ) (544 -672 -196 ) 
4 128 134 (520 -736 -196 ) (544 -736 -196 ) (544 -736 -2 ) (520 -736 -2 ) 
4 128 131 (544 -736 -196 ) (960 -736 -196 ) (960 -736 -2 ) (544 -736 -2 ) 
4 128 130 (960 -736 -196 ) (544 -736 -196 ) (544 -672 -196 ) (960 -672 -196 ) 
4 128 129 (520 -672 -64 ) (520 -672 -192 ) (520 -736 -192 ) (520 -736 -64 ) 
4 129 135 (512 -672 -64 ) (512 -672 -192 ) (512 -736 -192 ) (512 -736 -64 ) 
4 130 131 (544 -736 -448 ) (960 -736 -448 ) (960 -736 -196 ) (544 -736 -196 ) 
4 131 134 (544 -736 -2 ) (544 -736 -196 ) (544 -748 -196 ) (544 -748 -2 ) 
4 131 133 (576 -768 -448 ) (760 -768 -448 ) (760 -768 -2 ) (576 -768 -2 ) 
4 131 132 (952 -768 -448 ) (960 -768 -448 ) (960 -768 -2 ) (952 -768 -2 ) 
4 135 239 (512 -1024 -318.878998 ) (512 -1024 -2 ) (464 -1024 -2 ) (464 -1024 -318.878998 ) 
4 135 138 (512 -368 -318.878998 ) (512 -1024 -318.878998 ) (464 -1024 -318.878998 ) (464 -368 -318.878998 ) 
4 135 136 (464 -368 -318.878998 ) (464 -1024 -318.878998 ) (464 -1024 -2 ) (464 -368 -2 ) 
4 136 239 (464 -1024 -2 ) (456 -1024 -2 ) (456 -1024 -318.878998 ) (464 -1024 -318.878998 ) 
4 136 139 (456 -320 -2 ) (456 -320 -318.878998 ) (456 -1024 -318.878998 ) (456 -1024 -2 ) 
4 136 137 (456 -352 -318.878998 ) (456 -320 -318.878998 ) (464 -320 -318.878998 ) (464 -352 -318.878998 ) 
4 136 138 (456 -1024 -318.878998 ) (456 -352 -318.878998 ) (464 -352 -318.878998 ) (464 -1024 -318.878998 ) 
4 137 142 (456 -320 -319.825012 ) (456 -320 -406.878021 ) (456 -352 -406.878021 ) (456 -352 -319.825012 ) 
4 137 139 (456 -320 -318.878998 ) (456 -320 -319.825012 ) (456 -352 -319.825012 ) (456 -352 -318.878998 ) 
4 137 138 (512 -352 -406.878021 ) (512 -352 -318.878998 ) (456 -352 -318.878998 ) (456 -352 -406.878021 ) 
4 138 239 (512 -1024 -1600 ) (512 -1024 -318.878998 ) (456 -1024 -318.878998 ) (456 -1024 -1600 ) 
4 138 142 (456 -352 -1600 ) (456 -1024 -1600 ) (456 -1024 -319.825012 ) (456 -352 -319.825012 ) 
4 138 139 (456 -1024 -319.825012 ) (456 -1024 -318.878998 ) (456 -352 -318.878998 ) (456 -352 -319.825012 ) 
4 139 239 (456 -1024 -319.825012 ) (456 -1024 -2 ) (252 -1024 -2 ) (252 -1024 -319.825012 ) 
4 139 142 (252 -320 -319.825012 ) (456 -320 -319.825012 ) (456 -1024 -319.825012 ) (252 -1024 -319.825012 ) 
4 139 140 (252 -320 -2 ) (252 -320 -127.823997 ) (252 -328 -127.823997 ) (252 -328 -2 ) 
4 139 141 (252 -328 -319.825012 ) (252 -1024 -319.825012 ) (252 -1024 -2 ) (252 -328 -2 ) 
4 140 212 (0 -328 -2 ) (0 -320 -2 ) (0 -320 -127.823997 ) (0 -328 -127.823997 ) 
4 140 141 (252 -328 -127.823997 ) (252 -328 -2 ) (0 -328 -2 ) (0 -328 -127.823997 ) 
4 141 239 (252 -1024 -2 ) (0 -1024 -2 ) (0 -1024 -319.825012 ) (252 -1024 -319.825012 ) 
4 141 212 (0 -1024 -319.825012 ) (0 -1024 -2 ) (0 -328 -2 ) (0 -328 -319.825012 ) 
4 141 142 (0 -1024 -319.825012 ) (0 -328 -319.825012 ) (252 -328 -319.825012 ) (252 -1024 -319.825012 ) 
4 142 239 (456 -1024 -1600 ) (456 -1024 -319.825012 ) (0 -1024 -319.825012 ) (0 -1024 -1600 ) 
4 142 212 (0 -1024 -1600 ) (0 -1024 -319.825012 ) (0 -320 -319.825012 ) (0 -320 -1600 ) 
4 143 153 (0 -448 256 ) (0 -576 256 ) (-64 -576 256 ) (-64 -448 256 ) 
4 143 145 (-64 -576 272 ) (-64 -448 272 ) (-64 -448 256 ) (-64 -576 256 ) 
4 144 156 (0 -704 256 ) (0 -960 256 ) (-64 -960 256 ) (-64 -704 256 ) 
4 144 145 (-64 -960 256 ) (-64 -960 272 ) (-64 -704 272 ) (-64 -704 256 ) 
4 145 156 (-64 -960 256 ) (-576 -960 256 ) (-576 -704 256 ) (-64 -704 256 ) 
4 145 155 (-576 -704 256 ) (-576 -640 256 ) (-64 -640 256 ) (-64 -704 256 ) 
4 145 154 (-576 -640 256 ) (-576 -576 256 ) (-64 -576 256 ) (-64 -640 256 ) 
4 145 153 (-576 -576 256 ) (-576 -448 256 ) (-64 -448 256 ) (-64 -576 256 ) 
4 146 152 (-160 -320 128 ) (-32 -320 128 ) (-32 -320 256 ) (-160 -320 256 ) 
4 146 147 (-160 -304 128 ) (-160 -320 128 ) (-160 -320 192 ) (-160 -304 192 ) 
4 147 167 (-160 -288 128 ) (-160 -320 128 ) (-352 -320 128 ) (-352 -288 128 ) 
4 147 161 (-160 -160 128 ) (-160 -288 128 ) (-352 -288 128 ) (-352 -160 128 ) 
4 147 152 (-352 -320 128 ) (-160 -320 128 ) (-160 -320 192 ) (-352 -320 192 ) 
4 147 149 (-352 -193 128 ) (-352 -287 128 ) (-352 -287 191 ) (-352 -193 191 ) 
4 148 152 (-512 -320 256 ) (-640 -320 256 ) (-640 -320 192 ) (-512 -320 192 ) 
4 148 150 (-512 -304 192 ) (-512 -320 192 ) (-640 -320 192 ) (-640 -304 192 ) 
4 149 163 (-352 -256 128 ) (-352 -287 128 ) (-354 -287 128 ) (-354 -256 128 ) 
4 149 162 (-354 -193 128 ) (-352 -193 128 ) (-352 -256 128 ) (-354 -256 128 ) 
4 150 152 (-640 -320 128 ) (-512 -320 128 ) (-512 -320 192 ) (-640 -320 192 ) 
4 151 234 (-1024 -256 128 ) (-1024 -320 128 ) (-1024 -320 192 ) (-1024 -256 192 ) 
4 151 169 (-1024 -320 128 ) (-1024 -288 128 ) (-768 -288 128 ) (-768 -320 128 ) 
4 151 165 (-1024 -288 128 ) (-1024 -287 128 ) (-768 -287 128 ) (-768 -288 128 ) 
4 151 164 (-1024 -287 128 ) (-1024 -256 128 ) (-768 -256 128 ) (-768 -287 128 ) 
4 151 158 (-1024 -320 128 ) (-768 -320 128 ) (-768 -320 192 ) (-1024 -320 192 ) 
5 152 170 (-704 -320 128 ) (0 -320 128 ) (0 -448 128 ) (-696 -448 128 ) (-704 -384 128 ) 
4 152 153 (-696 -448 128 ) (0 -448 128 ) (0 -448 256 ) (-696 -448 256 ) 
4 153 170 (-704 -448 128 ) (0 -448 128 ) (0 -576 128 ) (-704 -576 128 ) 
4 153 154 (-704 -576 128 ) (0 -576 128 ) (0 -576 256 ) (-692 -576 256 ) 
4 154 170 (-704 -576 128 ) (0 -576 128 ) (0 -640 128 ) (-704 -640 128 ) 
5 154 155 (-700 -640 128 ) (0 -640 128 ) (0 -640 256 ) (-692 -640 256 ) (-700 -640 170.666016 ) 
4 155 170 (-700 -640 128 ) (0 -640 128 ) (0 -704 128 ) (-704 -704 128 ) 
4 155 156 (-704 -704 128 ) (0 -704 128 ) (0 -704 256 ) (-704 -704 256 ) 
4 156 247 (0 -1024 128 ) (0 -1024 256 ) (-704 -1024 256 ) (-704 -1024 128 ) 
4 156 170 (0 -1024 128 ) (-704 -1024 128 ) (-704 -704 128 ) (0 -704 128 ) 
4 156 157 (-704 -704 256 ) (-704 -704 128 ) (-704 -960 128 ) (-704 -960 256 ) 
4 158 248 (-1024 -1024 192 ) (-1024 -1024 128 ) (-768 -1024 128 ) (-768 -1024 192 ) 
4 158 234 (-1024 -1024 128 ) (-1024 -1024 192 ) (-1024 -320 192 ) (-1024 -320 128 ) 
4 158 171 (-768 -1024 128 ) (-1024 -1024 128 ) (-1024 -320 128 ) (-768 -320 128 ) 
4 159 160 (-352 -142 128 ) (-352 -142 0 ) (-160 -142 0 ) (-160 -142 128 ) 
4 160 161 (-352 -143 128 ) (-352 -143 0 ) (-160 -143 0 ) (-160 -143 128 ) 
4 161 167 (-352 -288 0 ) (-160 -288 0 ) (-160 -288 128 ) (-352 -288 128 ) 
4 161 163 (-352 -287 128 ) (-352 -256 128 ) (-352 -256 1 ) (-352 -287 1 ) 
4 161 162 (-352 -256 1 ) (-352 -256 128 ) (-352 -193 128 ) (-352 -193 1 ) 
4 162 163 (-352 -256 1 ) (-352 -256 128 ) (-354 -256 128 ) (-354 -256 1 ) 
4 164 234 (-1024 -287 128 ) (-1024 -256 128 ) (-1024 -256 1 ) (-1024 -287 1 ) 
4 164 166 (-1024 -256 1 ) (-768 -256 1 ) (-768 -287 1 ) (-1024 -287 1 ) 
4 164 165 (-1024 -287 1 ) (-768 -287 1 ) (-768 -287 128 ) (-1024 -287 128 ) 
4 165 234 (-1024 -288 128 ) (-1024 -287 128 ) (-1024 -287 1 ) (-1024 -288 1 ) 
4 165 169 (-768 -288 128 ) (-1024 -288 128 ) (-1024 -288 1 ) (-768 -288 1 ) 
4 165 166 (-768 -288 1 ) (-1024 -288 1 ) (-1024 -287 1 ) (-768 -287 1 ) 
4 166 234 (-1024 -256 1 ) (-1024 -256 0 ) (-1024 -288 0 ) (-1024 -288 1 ) 
4 166 203 (-1024 -288 0 ) (-1024 -256 0 ) (-768 -256 0 ) (-768 -288 0 ) 
4 166 169 (-1024 -288 0 ) (-768 -288 0 ) (-768 -288 1 ) (-1024 -288 1 ) 
4 167 170 (-352 -320 0 ) (-160 -320 0 ) (-160 -320 128 ) (-352 -320 128 ) 
4 168 170 (-576 -320 0 ) (-512 -320 0 ) (-512 -320 64 ) (-576 -320 64 ) 
4 169 234 (-1024 -320 128 ) (-1024 -288 128 ) (-1024 -288 0 ) (-1024 -320 0 ) 
4 169 203 (-1024 -320 0 ) (-1024 -288 0 ) (-768 -288 0 ) (-768 -320 0 ) 
4 169 171 (-1024 -320 0 ) (-768 -320 0 ) (-768 -320 128 ) (-1024 -320 128 ) 
4 170 247 (0 -1024 0 ) (0 -1024 128 ) (-704 -1024 128 ) (-704 -1024 0 ) 
4 170 201 (-576 -1024 0 ) (-640 -1024 0 ) (-640 -960 0 ) (-576 -960 0 ) 
4 170 200 (-640 -832 0 ) (-640 -768 0 ) (-576 -768 0 ) (-576 -832 0 ) 
4 170 197 (-576 -896 0 ) (-576 -832 0 ) (-512 -832 0 ) (-512 -896 0 ) 
4 170 198 (-512 -1024 0 ) (-576 -1024 0 ) (-576 -960 0 ) (-512 -960 0 ) 
4 170 196 (-576 -640 0 ) (-576 -576 0 ) (-512 -576 0 ) (-512 -640 0 ) 
4 170 195 (-576 -512 0 ) (-576 -448 0 ) (-512 -448 0 ) (-512 -512 0 ) 
4 170 193 (-448 -1024 0 ) (-512 -1024 0 ) (-512 -896 0 ) (-448 -896 0 ) 
4 170 192 (-512 -768 0 ) (-512 -384 0 ) (-448 -384 0 ) (-448 -768 0 ) 
4 170 190 (-448 -896 0 ) (-448 -576 0 ) (-384 -576 0 ) (-384 -896 0 ) 
4 170 189 (-448 -448 0 ) (-448 -384 0 ) (-384 -384 0 ) (-384 -448 0 ) 
4 170 188 (-320 -1024 0 ) (-384 -1024 0 ) (-384 -960 0 ) (-320 -960 0 ) 
4 170 187 (-384 -832 0 ) (-384 -768 0 ) (-320 -768 0 ) (-320 -832 0 ) 
4 170 185 (-320 -896 0 ) (-320 -832 0 ) (-256 -832 0 ) (-256 -896 0 ) 
4 170 186 (-256 -1024 0 ) (-320 -1024 0 ) (-320 -960 0 ) (-256 -960 0 ) 
4 170 184 (-320 -640 0 ) (-320 -576 0 ) (-256 -576 0 ) (-256 -640 0 ) 
4 170 183 (-320 -512 0 ) (-320 -448 0 ) (-256 -448 0 ) (-256 -512 0 ) 
4 170 182 (-192 -1024 0 ) (-256 -1024 0 ) (-256 -896 0 ) (-192 -896 0 ) 
4 170 181 (-256 -640 0 ) (-256 -384 0 ) (-192 -384 0 ) (-192 -640 0 ) 
4 170 180 (-192 -896 0 ) (-192 -768 0 ) (-128 -768 0 ) (-128 -896 0 ) 
4 170 179 (-192 -640 0 ) (-192 -576 0 ) (-128 -576 0 ) (-128 -640 0 ) 
4 170 178 (-192 -448 0 ) (-192 -384 0 ) (-128 -384 0 ) (-128 -448 0 ) 
4 170 177 (-128 -640 0 ) (-128 -576 0 ) (-64 -576 0 ) (-64 -640 0 ) 
4 170 176 (-128 -448 0 ) (-128 -384 0 ) (-64 -384 0 ) (-64 -448 0 ) 
4 170 174 (-64 -896 0 ) (-64 -832 0 ) (0 -832 0 ) (0 -896 0 ) 
4 170 175 (0 -1024 0 ) (-64 -1024 0 ) (-64 -960 0 ) (0 -960 0 ) 
4 170 173 (-64 -640 0 ) (-64 -576 0 ) (0 -576 0 ) (0 -640 0 ) 
4 170 172 (-64 -512 0 ) (-64 -448 0 ) (0 -448 0 ) (0 -512 0 ) 
4 171 249 (-768 -1024 128 ) (-1024 -1024 128 ) (-1024 -1024 0 ) (-768 -1024 0 ) 
4 171 234 (-1024 -1024 0 ) (-1024 -1024 128 ) (-1024 -320 128 ) (-1024 -320 0 ) 
4 171 204 (-768 -1024 0 ) (-1024 -1024 0 ) (-1024 -768 0 ) (-768 -768 0 ) 
4 171 203 (-1024 -768 0 ) (-1024 -320 0 ) (-768 -320 0 ) (-768 -768 0 ) 
4 172 212 (0 -448 -2 ) (0 -512 -2 ) (-64 -512 -2 ) (-64 -448 -2 ) 
4 173 212 (0 -576 -2 ) (0 -640 -2 ) (-64 -640 -2 ) (-64 -576 -2 ) 
4 173 177 (-64 -576 -2 ) (-64 -640 -2 ) (-64 -640 0 ) (-64 -576 0 ) 
4 174 212 (0 -832 -2 ) (0 -896 -2 ) (-64 -896 -2 ) (-64 -832 -2 ) 
4 175 212 (0 -960 -2 ) (0 -1024 -2 ) (-64 -1024 -2 ) (-64 -960 -2 ) 
4 176 212 (-64 -384 -2 ) (-64 -448 -2 ) (-128 -448 -2 ) (-128 -384 -2 ) 
4 176 178 (-128 -384 -2 ) (-128 -448 -2 ) (-128 -448 0 ) (-128 -384 0 ) 
4 177 212 (-64 -576 -2 ) (-64 -640 -2 ) (-128 -640 -2 ) (-128 -576 -2 ) 
4 177 179 (-128 -576 -2 ) (-128 -640 -2 ) (-128 -640 0 ) (-128 -576 0 ) 
4 178 212 (-128 -384 -2 ) (-128 -448 -2 ) (-192 -448 -2 ) (-192 -384 -2 ) 
4 178 181 (-192 -384 -2 ) (-192 -448 -2 ) (-192 -448 0 ) (-192 -384 0 ) 
4 179 212 (-128 -576 -2 ) (-128 -640 -2 ) (-192 -640 -2 ) (-192 -576 -2 ) 
4 179 181 (-192 -576 -2 ) (-192 -640 -2 ) (-192 -640 0 ) (-192 -576 0 ) 
4 180 212 (-128 -768 -2 ) (-128 -896 -2 ) (-192 -896 -2 ) (-192 -768 -2 ) 
4 181 212 (-192 -384 -2 ) (-192 -640 -2 ) (-256 -640 -2 ) (-256 -384 -2 ) 
4 181 184 (-256 -576 -2 ) (-256 -640 -2 ) (-256 -640 0 ) (-256 -576 0 ) 
4 181 183 (-256 -448 -2 ) (-256 -512 -2 ) (-256 -512 0 ) (-256 -448 0 ) 
4 182 212 (-192 -896 -2 ) (-192 -1024 -2 ) (-256 -1024 -2 ) (-256 -896 -2 ) 
4 182 186 (-256 -960 -2 ) (-256 -1024 -2 ) (-256 -1024 0 ) (-256 -960 0 ) 
4 183 215 (-312 -512 -2 ) (-320 -512 -2 ) (-320 -448 -2 ) (-312 -448 -2 ) 
4 183 212 (-256 -448 -2 ) (-256 -512 -2 ) (-312 -512 -2 ) (-312 -448 -2 ) 
4 184 215 (-312 -640 -2 ) (-320 -640 -2 ) (-320 -576 -2 ) (-312 -576 -2 ) 
4 184 212 (-256 -576 -2 ) (-256 -640 -2 ) (-312 -640 -2 ) (-312 -576 -2 ) 
4 185 219 (-312 -896 -2 ) (-320 -896 -2 ) (-320 -832 -2 ) (-312 -832 -2 ) 
4 185 212 (-256 -832 -2 ) (-256 -896 -2 ) (-312 -896 -2 ) (-312 -832 -2 ) 
4 186 219 (-312 -1024 -2 ) (-320 -1024 -2 ) (-320 -960 -2 ) (-312 -960 -2 ) 
4 186 212 (-256 -960 -2 ) (-256 -1024 -2 ) (-312 -1024 -2 ) (-312 -960 -2 ) 
4 186 188 (-320 -960 -2 ) (-320 -1024 -2 ) (-320 -1024 0 ) (-320 -960 0 ) 
4 187 219 (-320 -768 -2 ) (-320 -832 -2 ) (-384 -832 -2 ) (-384 -768 -2 ) 
4 187 190 (-384 -768 -2 ) (-384 -832 -2 ) (-384 -832 0 ) (-384 -768 0 ) 
4 188 219 (-320 -960 -2 ) (-320 -1024 -2 ) (-384 -1024 -2 ) (-384 -960 -2 ) 
4 189 220 (-384 -384 -2 ) (-384 -448 -2 ) (-392 -448 -2 ) (-392 -384 -2 ) 
4 189 222 (-392 -448 -2 ) (-448 -448 -2 ) (-448 -384 -2 ) (-392 -384 -2 ) 
4 189 192 (-448 -384 -2 ) (-448 -448 -2 ) (-448 -448 0 ) (-448 -384 0 ) 
4 190 220 (-384 -576 -2 ) (-384 -896 -2 ) (-392 -896 -2 ) (-392 -576 -2 ) 
4 190 222 (-392 -896 -2 ) (-448 -896 -2 ) (-448 -576 -2 ) (-392 -576 -2 ) 
4 190 192 (-448 -576 -2 ) (-448 -768 -2 ) (-448 -768 0 ) (-448 -576 0 ) 
4 191 205 (-448 -128 -2 ) (-448 -256 -2 ) (-512 -256 -2 ) (-512 -128 -2 ) 
4 191 194 (-512 -128 -2 ) (-512 -256 -2 ) (-512 -256 0 ) (-512 -128 0 ) 
4 192 222 (-448 -384 -2 ) (-448 -768 -2 ) (-512 -768 -2 ) (-512 -384 -2 ) 
4 192 196 (-512 -576 -2 ) (-512 -640 -2 ) (-512 -640 0 ) (-512 -576 0 ) 
4 192 195 (-512 -448 -2 ) (-512 -512 -2 ) (-512 -512 0 ) (-512 -448 0 ) 
4 193 222 (-448 -896 -2 ) (-448 -1024 -2 ) (-512 -1024 -2 ) (-512 -896 -2 ) 
4 193 198 (-512 -960 -2 ) (-512 -1024 -2 ) (-512 -1024 0 ) (-512 -960 0 ) 
4 194 205 (-512 -128 -2 ) (-512 -256 -2 ) (-576 -256 -2 ) (-576 -128 -2 ) 
4 194 199 (-576 -128 -2 ) (-576 -256 -2 ) (-576 -256 0 ) (-576 -128 0 ) 
4 195 222 (-512 -448 -2 ) (-512 -512 -2 ) (-576 -512 -2 ) (-576 -448 -2 ) 
4 196 222 (-512 -576 -2 ) (-512 -640 -2 ) (-576 -640 -2 ) (-576 -576 -2 ) 
4 197 222 (-512 -832 -2 ) (-512 -896 -2 ) (-576 -896 -2 ) (-576 -832 -2 ) 
4 198 222 (-512 -960 -2 ) (-512 -1024 -2 ) (-576 -1024 -2 ) (-576 -960 -2 ) 
4 198 201 (-576 -960 -2 ) (-576 -1024 -2 ) (-576 -1024 0 ) (-576 -960 0 ) 
4 199 205 (-576 -128 -2 ) (-576 -256 -2 ) (-640 -256 -2 ) (-640 -128 -2 ) 
4 199 202 (-640 -128 -2 ) (-640 -256 -2 ) (-640 -256 0 ) (-640 -128 0 ) 
4 200 222 (-576 -768 -2 ) (-576 -832 -2 ) (-640 -832 -2 ) (-640 -768 -2 ) 
4 201 222 (-576 -960 -2 ) (-576 -1024 -2 ) (-640 -1024 -2 ) (-640 -960 -2 ) 
4 202 233 (-1024 -256 0 ) (-1024 -128 0 ) (-1024 -128 -2 ) (-1024 -256 -2 ) 
4 202 205 (-640 -128 -2 ) (-640 -256 -2 ) (-1024 -256 -2 ) (-1024 -128 -2 ) 
4 202 203 (-1024 -256 -2 ) (-768 -256 -2 ) (-768 -256 0 ) (-1024 -256 0 ) 
4 203 234 (-1024 -768 0 ) (-1024 -256 0 ) (-1024 -256 -2 ) (-1024 -768 -2 ) 
4 203 229 (-768 -768 -2 ) (-1024 -768 -2 ) (-1024 -320 -2 ) (-768 -320 -2 ) 
4 203 210 (-1024 -320 -2 ) (-1024 -304 -2 ) (-768 -304 -2 ) (-768 -320 -2 ) 
4 203 207 (-1024 -304 -2 ) (-1024 -288 -2 ) (-768 -288 -2 ) (-768 -304 -2 ) 
4 203 205 (-1024 -288 -2 ) (-1024 -256 -2 ) (-768 -256 -2 ) (-768 -288 -2 ) 
4 203 204 (-1024 -768 -2 ) (-768 -768 -2 ) (-768 -768 0 ) (-1024 -768 0 ) 
4 204 250 (-768 -1024 0 ) (-1024 -1024 0 ) (-1024 -1024 -2 ) (-768 -1024 -2 ) 
4 204 234 (-1024 -1024 -2 ) (-1024 -1024 0 ) (-1024 -768 0 ) (-1024 -768 -2 ) 
4 204 229 (-768 -1024 -2 ) (-1024 -1024 -2 ) (-1024 -768 -2 ) (-768 -768 -2 ) 
4 205 234 (-1024 -288 -2 ) (-1024 -256 -2 ) (-1024 -256 -64 ) (-1024 -288 -64 ) 
4 205 233 (-1024 -256 -2 ) (-1024 -128 -2 ) (-1024 -128 -64 ) (-1024 -256 -64 ) 
4 205 207 (-448 -288 -2 ) (-1024 -288 -2 ) (-1024 -288 -64 ) (-448 -288 -64 ) 
4 205 206 (-448 -288 -64 ) (-1024 -288 -64 ) (-1024 -128 -64 ) (-448 -128 -64 ) 
4 206 234 (-1024 -256 -1600 ) (-1024 -288 -1600 ) (-1024 -288 -64 ) (-1024 -256 -64 ) 
4 206 233 (-1024 -128 -64 ) (-1024 -128 -1600 ) (-1024 -256 -1600 ) (-1024 -256 -64 ) 
4 206 207 (-1024 -288 -1600 ) (-320 -288 -1600 ) (-320 -288 -64 ) (-1024 -288 -64 ) 
4 207 234 (-1024 -304 -2 ) (-1024 -288 -2 ) (-1024 -288 -1600 ) (-1024 -304 -1600 ) 
4 207 210 (-752 -304 -2 ) (-1024 -304 -2 ) (-1024 -304 -318.878998 ) (-752 -304 -318.878998 ) 
4 207 208 (-320 -304 -318.878998 ) (-320 -304 -2 ) (-321 -304 -2 ) (-321 -304 -318.878998 ) 
4 207 209 (-384 -304 -2 ) (-688 -304 -2 ) (-688 -304 -318.878998 ) (-384 -304 -318.878998 ) 
4 207 211 (-1024 -304 -1600 ) (-320 -304 -1600 ) (-320 -304 -318.878998 ) (-1024 -304 -318.878998 ) 
4 208 213 (-320 -320 -318.878998 ) (-320 -320 -2 ) (-321 -320 -2 ) (-321 -320 -318.878998 ) 
4 208 211 (-321 -304 -318.878998 ) (-320 -304 -318.878998 ) (-320 -320 -318.878998 ) (-321 -320 -318.878998 ) 
4 209 223 (-680 -320 -2 ) (-688 -320 -2 ) (-688 -320 -318.878998 ) (-680 -320 -318.878998 ) 
4 209 220 (-384 -320 -2 ) (-392 -320 -2 ) (-392 -320 -318.878998 ) (-384 -320 -318.878998 ) 
4 209 222 (-392 -320 -2 ) (-680 -320 -2 ) (-680 -320 -318.878998 ) (-392 -320 -318.878998 ) 
4 209 211 (-688 -304 -318.878998 ) (-384 -304 -318.878998 ) (-384 -320 -318.878998 ) (-688 -320 -318.878998 ) 
4 210 234 (-1024 -320 -2 ) (-1024 -304 -2 ) (-1024 -304 -318.878998 ) (-1024 -320 -318.878998 ) 
4 210 226 (-752 -320 -2 ) (-760 -320 -2 ) (-760 -320 -318.878998 ) (-752 -320 -318.878998 ) 
4 210 229 (-760 -320 -2 ) (-1024 -320 -2 ) (-1024 -320 -318.878998 ) (-760 -320 -318.878998 ) 
4 210 211 (-1024 -304 -318.878998 ) (-752 -304 -318.878998 ) (-752 -320 -318.878998 ) (-1024 -320 -318.878998 ) 
4 211 234 (-1024 -304 -318.878998 ) (-1024 -304 -1600 ) (-1024 -320 -1600 ) (-1024 -320 -318.878998 ) 
4 211 227 (-680 -320 -406.878021 ) (-680 -320 -318.878998 ) (-760 -320 -318.878998 ) (-760 -320 -406.878021 ) 
4 211 229 (-1024 -320 -1600 ) (-760 -320 -1600 ) (-760 -320 -318.878998 ) (-1024 -320 -318.878998 ) 
4 211 214 (-321 -320 -318.878998 ) (-384 -320 -318.878998 ) (-384 -320 -406.878021 ) (-321 -320 -406.878021 ) 
4 211 213 (-320 -320 -406.878021 ) (-320 -320 -318.878998 ) (-321 -320 -318.878998 ) (-321 -320 -406.878021 ) 
4 211 220 (-384 -320 -318.878998 ) (-392 -320 -318.878998 ) (-392 -320 -406.878021 ) (-384 -320 -406.878021 ) 
4 211 222 (-680 -320 -1600 ) (-392 -320 -1600 ) (-392 -320 -318.878998 ) (-680 -320 -318.878998 ) 
4 212 253 (0 -1024 -1600 ) (0 -1024 -32 ) (-312 -1024 -32 ) (-312 -1024 -1600 ) 
4 212 251 (0 -1024 -32 ) (0 -1024 -2 ) (-312 -1024 -2 ) (-312 -1024 -32 ) 
4 212 221 (-312 -352 -1600 ) (-312 -1024 -1600 ) (-312 -1024 -406.878021 ) (-312 -352 -406.878021 ) 
4 212 216 (-312 -744 -128 ) (-312 -744 -2 ) (-312 -664 -2 ) (-312 -664 -128 ) 
4 212 218 (-312 -664 -406.878021 ) (-312 -744 -406.878021 ) (-312 -744 -128 ) (-312 -664 -128 ) 
4 212 215 (-312 -368 -406.878021 ) (-312 -664 -406.878021 ) (-312 -664 -2 ) (-312 -368 -2 ) 
4 212 219 (-312 -744 -406.878021 ) (-312 -1024 -406.878021 ) (-312 -1024 -2 ) (-312 -744 -2 ) 
4 212 213 (-312 -320 -2 ) (-312 -320 -406.878021 ) (-312 -368 -406.878021 ) (-312 -368 -2 ) 
4 213 221 (-312 -352 -406.878021 ) (-312 -368 -406.878021 ) (-321 -368 -406.878021 ) (-321 -352 -406.878021 ) 
4 213 215 (-321 -368 -406.878021 ) (-312 -368 -406.878021 ) (-312 -368 -2 ) (-321 -368 -2 ) 
4 213 214 (-321 -320 -318.878998 ) (-321 -320 -406.878021 ) (-321 -368 -406.878021 ) (-321 -368 -318.878998 ) 
4 214 221 (-321 -352 -406.878021 ) (-321 -368 -406.878021 ) (-384 -368 -406.878021 ) (-384 -352 -406.878021 ) 
4 214 215 (-384 -368 -318.878998 ) (-384 -368 -406.878021 ) (-321 -368 -406.878021 ) (-321 -368 -318.878998 ) 
4 214 220 (-384 -320 -318.878998 ) (-384 -320 -406.878021 ) (-384 -368 -406.878021 ) (-384 -368 -318.878998 ) 
4 215 221 (-312 -368 -406.878021 ) (-312 -664 -406.878021 ) (-384 -664 -406.878021 ) (-384 -368 -406.878021 ) 
3 215 217 (-384 -664 -112 ) (-384 -664 -128 ) (-368 -664 -128 ) 
5 215 216 (-384 -664 -2 ) (-384 -664 -112 ) (-368 -664 -128 ) (-312 -664 -128 ) (-312 -664 -2 ) 
4 215 218 (-384 -664 -128 ) (-384 -664 -406.878021 ) (-312 -664 -406.878021 ) (-312 -664 -128 ) 
4 215 220 (-384 -368 -406.878021 ) (-384 -664 -406.878021 ) (-384 -664 -2 ) (-384 -368 -2 ) 
4 216 218 (-312 -744 -128 ) (-368 -744 -128 ) (-368 -664 -128 ) (-312 -664 -128 ) 
5 216 219 (-384 -744 -2 ) (-384 -744 -112 ) (-368 -744 -128 ) (-312 -744 -128 ) (-312 -744 -2 ) 
4 216 220 (-384 -744 -112 ) (-384 -744 -2 ) (-384 -664 -2 ) (-384 -664 -112 ) 
4 216 217 (-384 -664 -112 ) (-368 -664 -128 ) (-368 -744 -128 ) (-384 -744 -112 ) 
4 217 218 (-368 -744 -128 ) (-384 -744 -128 ) (-384 -664 -128 ) (-368 -664 -128 ) 
3 217 219 (-384 -744 -112 ) (-384 -744 -128 ) (-368 -744 -128 ) 
4 217 220 (-384 -744 -128 ) (-384 -744 -112 ) (-384 -664 -112 ) (-384 -664 -128 ) 
4 218 221 (-312 -664 -406.878021 ) (-312 -744 -406.878021 ) (-384 -744 -406.878021 ) (-384 -664 -406.878021 ) 
4 218 220 (-384 -664 -406.878021 ) (-384 -744 -406.878021 ) (-384 -744 -128 ) (-384 -664 -128 ) 
4 218 219 (-384 -744 -128 ) (-384 -744 -406.878021 ) (-312 -744 -406.878021 ) (-312 -744 -128 ) 
4 219 253 (-384 -1024 -32 ) (-384 -1024 -406.878021 ) (-312 -1024 -406.878021 ) (-312 -1024 -32 ) 
4 219 251 (-312 -1024 -2 ) (-384 -1024 -2 ) (-384 -1024 -32 ) (-312 -1024 -32 ) 
4 219 221 (-312 -744 -406.878021 ) (-312 -1024 -406.878021 ) (-384 -1024 -406.878021 ) (-384 -744 -406.878021 ) 
4 219 220 (-384 -744 -406.878021 ) (-384 -1024 -406.878021 ) (-384 -1024 -2 ) (-384 -744 -2 ) 
4 220 253 (-392 -1024 -32 ) (-392 -1024 -406.878021 ) (-384 -1024 -406.878021 ) (-384 -1024 -32 ) 
4 220 251 (-384 -1024 -2 ) (-392 -1024 -2 ) (-392 -1024 -32 ) (-384 -1024 -32 ) 
4 220 221 (-392 -1024 -406.878021 ) (-392 -352 -406.878021 ) (-384 -352 -406.878021 ) (-384 -1024 -406.878021 ) 
4 220 222 (-392 -320 -2 ) (-392 -320 -406.878021 ) (-392 -1024 -406.878021 ) (-392 -1024 -2 ) 
4 221 253 (-392 -1024 -406.878021 ) (-392 -1024 -1600 ) (-312 -1024 -1600 ) (-312 -1024 -406.878021 ) 
4 221 222 (-392 -352 -1600 ) (-392 -1024 -1600 ) (-392 -1024 -406.878021 ) (-392 -352 -406.878021 ) 
4 222 253 (-680 -1024 -32 ) (-680 -1024 -1600 ) (-392 -1024 -1600 ) (-392 -1024 -32 ) 
4 222 251 (-392 -1024 -2 ) (-680 -1024 -2 ) (-680 -1024 -32 ) (-392 -1024 -32 ) 
4 222 227 (-680 -320 -318.878998 ) (-680 -320 -406.878021 ) (-680 -352 -406.878021 ) (-680 -352 -318.878998 ) 
4 222 228 (-680 -352 -1600 ) (-680 -1024 -1600 ) (-680 -1024 -318.878998 ) (-680 -352 -318.878998 ) 
4 222 223 (-680 -320 -2 ) (-680 -320 -318.878998 ) (-680 -1024 -318.878998 ) (-680 -1024 -2 ) 
4 223 253 (-688 -1024 -32 ) (-688 -1024 -318.878998 ) (-680 -1024 -318.878998 ) (-680 -1024 -32 ) 
4 223 251 (-680 -1024 -2 ) (-688 -1024 -2 ) (-688 -1024 -32 ) (-680 -1024 -32 ) 
4 223 227 (-688 -320 -318.878998 ) (-680 -320 -318.878998 ) (-680 -352 -318.878998 ) (-688 -352 -318.878998 ) 
4 223 228 (-680 -352 -318.878998 ) (-680 -1024 -318.878998 ) (-688 -1024 -318.878998 ) (-688 -352 -318.878998 ) 
4 223 224 (-688 -368 -318.878998 ) (-688 -1024 -318.878998 ) (-688 -1024 -2 ) (-688 -368 -2 ) 
4 224 253 (-720 -1024 -32 ) (-720 -1024 -318.878998 ) (-688 -1024 -318.878998 ) (-688 -1024 -32 ) 
4 224 251 (-688 -1024 -2 ) (-720 -1024 -2 ) (-720 -1024 -32 ) (-688 -1024 -32 ) 
4 224 228 (-688 -368 -318.878998 ) (-688 -1024 -318.878998 ) (-720 -1024 -318.878998 ) (-720 -368 -318.878998 ) 
4 224 225 (-720 -368 -318.878998 ) (-720 -1024 -318.878998 ) (-720 -1024 -32 ) (-720 -368 -32 ) 
4 225 253 (-752 -1024 -32 ) (-752 -1024 -318.878998 ) (-720 -1024 -318.878998 ) (-720 -1024 -32 ) 
4 225 228 (-720 -368 -318.878998 ) (-720 -1024 -318.878998 ) (-752 -1024 -318.878998 ) (-752 -368 -318.878998 ) 
4 225 226 (-752 -368 -318.878998 ) (-752 -1024 -318.878998 ) (-752 -1024 -32 ) (-752 -368 -32 ) 
4 226 253 (-760 -1024 -32 ) (-760 -1024 -318.878998 ) (-752 -1024 -318.878998 ) (-752 -1024 -32 ) 
4 226 252 (-752 -1024 -2 ) (-760 -1024 -2 ) (-760 -1024 -32 ) (-752 -1024 -32 ) 
4 226 227 (-760 -352 -318.878998 ) (-760 -320 -318.878998 ) (-752 -320 -318.878998 ) (-752 -352 -318.878998 ) 
4 226 228 (-760 -1024 -318.878998 ) (-760 -352 -318.878998 ) (-752 -352 -318.878998 ) (-752 -1024 -318.878998 ) 
4 226 229 (-760 -320 -2 ) (-760 -320 -318.878998 ) (-760 -1024 -318.878998 ) (-760 -1024 -2 ) 
4 227 228 (-680 -352 -406.878021 ) (-680 -352 -318.878998 ) (-760 -352 -318.878998 ) (-760 -352 -406.878021 ) 
4 227 229 (-760 -320 -318.878998 ) (-760 -320 -406.878021 ) (-760 -352 -406.878021 ) (-760 -352 -318.878998 ) 
4 228 253 (-760 -1024 -318.878998 ) (-760 -1024 -1600 ) (-680 -1024 -1600 ) (-680 -1024 -318.878998 ) 
4 228 229 (-760 -352 -1600 ) (-760 -1024 -1600 ) (-760 -1024 -318.878998 ) (-760 -352 -318.878998 ) 
4 229 253 (-1024 -1024 -32 ) (-1024 -1024 -1600 ) (-760 -1024 -1600 ) (-760 -1024 -32 ) 
4 229 252 (-760 -1024 -2 ) (-1024 -1024 -2 ) (-1024 -1024 -32 ) (-760 -1024 -32 ) 
4 229 234 (-1024 -1024 -1600 ) (-1024 -1024 -2 ) (-1024 -320 -2 ) (-1024 -320 -1600 ) 
4 230 235 (-1536 0 112 ) (-1792 0 112 ) (-1792 0 -16 ) (-1536 0 -16 ) 
4 233 234 (-1504 -256 0 ) (-1504 -256 -1600 ) (-1024 -256 -1600 ) (-1024 -256 0 ) 
4 234 333 (-1024 -1024 -1600 ) (-1024 -1024 192 ) (-1504 -1024 192 ) (-1504 -1024 -1600 ) 
4 237 238 (320 -1088 256 ) (192 -1088 256 ) (192 -1024 256 ) (320 -1024 256 ) 
4 238 247 (0 -1024 256 ) (0 -1024 0 ) (0 -1088 0 ) (0 -1088 256 ) 
4 238 240 (192 -1088 128 ) (320 -1088 128 ) (320 -1088 256 ) (192 -1088 256 ) 
4 239 253 (0 -1024 -32 ) (0 -1024 -1600 ) (0 -1088 -1600 ) (0 -1088 -32 ) 
4 239 251 (0 -1024 -2 ) (0 -1024 -32 ) (0 -1088 -32 ) (0 -1088 -2 ) 
4 239 243 (0 -1088 -318.878998 ) (0 -1088 -1600 ) (512 -1088 -1600 ) (512 -1088 -318.878998 ) 
4 239 241 (464 -1088 -318.878998 ) (512 -1088 -318.878998 ) (512 -1088 -2 ) (464 -1088 -2 ) 
4 239 242 (0 -1088 -2 ) (0 -1088 -318.878998 ) (464 -1088 -318.878998 ) (464 -1088 -2 ) 
4 241 243 (464 -1088 -318.878998 ) (512 -1088 -318.878998 ) (512 -1104 -318.878998 ) (464 -1104 -318.878998 ) 
4 241 242 (464 -1088 -318.878998 ) (464 -1104 -318.878998 ) (464 -1104 -2 ) (464 -1088 -2 ) 
4 242 264 (0 -1120 -318.878998 ) (0 -1120 -2 ) (0 -1104 -2 ) (0 -1104 -318.878998 ) 
4 242 261 (0 -1104 -2 ) (0 -1088 -2 ) (0 -1088 -32 ) (0 -1104 -32 ) 
4 242 263 (0 -1088 -32 ) (0 -1088 -318.878998 ) (0 -1104 -318.878998 ) (0 -1104 -32 ) 
4 242 246 (0 -1120 -64 ) (0 -1120 -318.878998 ) (456 -1120 -318.878998 ) (456 -1120 -64 ) 
4 242 244 (456 -1120 -318.878998 ) (464 -1120 -318.878998 ) (464 -1120 -64 ) (456 -1120 -64 ) 
4 242 243 (0 -1088 -318.878998 ) (464 -1088 -318.878998 ) (464 -1120 -318.878998 ) (0 -1120 -318.878998 ) 
4 243 267 (0 -1120 -1600 ) (0 -1120 -318.878998 ) (0 -1104 -318.878998 ) (0 -1104 -1600 ) 
4 243 263 (0 -1104 -318.878998 ) (0 -1088 -318.878998 ) (0 -1088 -1600 ) (0 -1104 -1600 ) 
4 243 246 (0 -1120 -318.878998 ) (0 -1120 -1600 ) (456 -1120 -1600 ) (456 -1120 -318.878998 ) 
4 243 245 (512 -1120 -406.878021 ) (512 -1120 -318.878998 ) (456 -1120 -318.878998 ) (456 -1120 -406.878021 ) 
4 244 246 (456 -1152 -318.878998 ) (456 -1152 -64 ) (456 -1120 -64 ) (456 -1120 -318.878998 ) 
4 244 245 (456 -1152 -318.878998 ) (456 -1120 -318.878998 ) (464 -1120 -318.878998 ) (464 -1152 -318.878998 ) 
4 245 246 (456 -1152 -406.878021 ) (456 -1152 -318.878998 ) (456 -1120 -318.878998 ) (456 -1120 -406.878021 ) 
4 246 270 (0 -1152 -1600 ) (0 -1152 -64 ) (0 -1120 -64 ) (0 -1120 -1600 ) 
4 247 258 (-416 -1088 0 ) (-224 -1088 0 ) (-224 -1088 32 ) (-416 -1088 32 ) 
4 247 255 (-192 -1088 32 ) (-192 -1088 128 ) (-224 -1088 128 ) (-224 -1088 32 ) 
4 247 256 (-224 -1088 128 ) (-416 -1088 128 ) (-416 -1088 32 ) (-224 -1088 32 ) 
4 248 333 (-1024 -1024 192 ) (-1024 -1024 128 ) (-1024 -1088 128 ) (-1024 -1088 192 ) 
4 248 254 (-1024 -1088 192 ) (-1024 -1088 128 ) (-768 -1088 128 ) (-768 -1088 192 ) 
4 248 249 (-1024 -1024 128 ) (-768 -1024 128 ) (-768 -1088 128 ) (-1024 -1088 128 ) 
4 249 333 (-1024 -1024 128 ) (-1024 -1024 0 ) (-1024 -1088 0 ) (-1024 -1088 128 ) 
4 249 259 (-1024 -1088 32 ) (-1024 -1088 0 ) (-768 -1088 0 ) (-768 -1088 32 ) 
4 249 257 (-1024 -1088 128 ) (-1024 -1088 32 ) (-768 -1088 32 ) (-768 -1088 128 ) 
4 249 250 (-768 -1088 0 ) (-1024 -1088 0 ) (-1024 -1024 0 ) (-768 -1024 0 ) 
4 250 333 (-1024 -1024 0 ) (-1024 -1024 -2 ) (-1024 -1088 -2 ) (-1024 -1088 0 ) 
4 250 260 (-1024 -1088 0 ) (-1024 -1088 -2 ) (-768 -1088 -2 ) (-768 -1088 0 ) 
4 250 252 (-768 -1088 -2 ) (-1024 -1088 -2 ) (-1024 -1024 -2 ) (-768 -1024 -2 ) 
4 251 261 (-720 -1088 -32 ) (0 -1088 -32 ) (0 -1088 -2 ) (-720 -1088 -2 ) 
4 251 253 (0 -1088 -32 ) (-720 -1088 -32 ) (-720 -1024 -32 ) (0 -1024 -32 ) 
4 252 333 (-1024 -1024 -2 ) (-1024 -1024 -32 ) (-1024 -1088 -32 ) (-1024 -1088 -2 ) 
4 252 262 (-1024 -1088 -2 ) (-1024 -1088 -32 ) (-752 -1088 -32 ) (-752 -1088 -2 ) 
4 252 253 (-752 -1088 -32 ) (-1024 -1088 -32 ) (-1024 -1024 -32 ) (-752 -1024 -32 ) 
4 253 333 (-1024 -1024 -32 ) (-1024 -1024 -1600 ) (-1024 -1088 -1600 ) (-1024 -1088 -32 ) 
4 253 263 (-1024 -1088 -32 ) (-1024 -1088 -1600 ) (0 -1088 -1600 ) (0 -1088 -32 ) 
4 254 333 (-1024 -1120 128 ) (-1024 -1120 192 ) (-1024 -1088 192 ) (-1024 -1088 128 ) 
4 254 269 (-768 -1120 192 ) (-1024 -1120 192 ) (-1024 -1120 128 ) (-768 -1120 128 ) 
4 254 257 (-768 -1120 128 ) (-1024 -1120 128 ) (-1024 -1088 128 ) (-768 -1088 128 ) 
4 255 256 (-224 -1088 32 ) (-224 -1090 32 ) (-224 -1090 128 ) (-224 -1088 128 ) 
4 256 268 (-256 -1120 128 ) (-384 -1120 128 ) (-384 -1120 32 ) (-256 -1120 32 ) 
4 256 258 (-416 -1088 32 ) (-224 -1088 32 ) (-224 -1120 32 ) (-416 -1120 32 ) 
4 257 333 (-1024 -1120 32 ) (-1024 -1120 128 ) (-1024 -1088 128 ) (-1024 -1088 32 ) 
4 257 269 (-768 -1120 128 ) (-1024 -1120 128 ) (-1024 -1120 32 ) (-768 -1120 32 ) 
4 257 259 (-1024 -1088 32 ) (-768 -1088 32 ) (-768 -1120 32 ) (-1024 -1120 32 ) 
4 258 268 (-384 -1120 0 ) (-256 -1120 0 ) (-256 -1120 32 ) (-384 -1120 32 ) 
4 259 333 (-1024 -1120 0 ) (-1024 -1120 32 ) (-1024 -1088 32 ) (-1024 -1088 0 ) 
4 259 269 (-1024 -1120 32 ) (-1024 -1120 0 ) (-768 -1120 0 ) (-768 -1120 32 ) 
4 259 260 (-1024 -1088 0 ) (-768 -1088 0 ) (-768 -1120 0 ) (-1024 -1120 0 ) 
4 260 333 (-1024 -1120 -2 ) (-1024 -1120 0 ) (-1024 -1088 0 ) (-1024 -1088 -2 ) 
4 260 269 (-1024 -1120 0 ) (-1024 -1120 -2 ) (-768 -1120 -2 ) (-768 -1120 0 ) 
4 260 266 (-768 -1120 -2 ) (-1024 -1120 -2 ) (-1024 -1104 -2 ) (-768 -1104 -2 ) 
4 260 262 (-1024 -1104 -2 ) (-1024 -1088 -2 ) (-768 -1088 -2 ) (-768 -1104 -2 ) 
4 261 265 (-368 -1104 -2 ) (-688 -1104 -2 ) (-688 -1104 -32 ) (-368 -1104 -32 ) 
4 261 264 (0 -1104 -32 ) (0 -1104 -2 ) (-304 -1104 -2 ) (-304 -1104 -32 ) 
4 261 263 (0 -1104 -32 ) (-720 -1104 -32 ) (-720 -1088 -32 ) (0 -1088 -32 ) 
4 262 333 (-1024 -1104 -2 ) (-1024 -1088 -2 ) (-1024 -1088 -32 ) (-1024 -1104 -32 ) 
4 262 266 (-752 -1104 -2 ) (-1024 -1104 -2 ) (-1024 -1104 -32 ) (-752 -1104 -32 ) 
4 262 263 (-752 -1104 -32 ) (-1024 -1104 -32 ) (-1024 -1088 -32 ) (-752 -1088 -32 ) 
4 263 333 (-1024 -1088 -32 ) (-1024 -1088 -1600 ) (-1024 -1104 -1600 ) (-1024 -1104 -32 ) 
4 263 266 (-752 -1104 -32 ) (-1024 -1104 -32 ) (-1024 -1104 -318.878998 ) (-752 -1104 -318.878998 ) 
4 263 265 (-368 -1104 -32 ) (-688 -1104 -32 ) (-688 -1104 -318.878998 ) (-368 -1104 -318.878998 ) 
4 263 264 (0 -1104 -318.878998 ) (0 -1104 -32 ) (-304 -1104 -32 ) (-304 -1104 -318.878998 ) 
4 263 267 (-1024 -1104 -1600 ) (0 -1104 -1600 ) (0 -1104 -318.878998 ) (-1024 -1104 -318.878998 ) 
4 264 271 (-304 -1120 -64 ) (-304 -1120 -318.878998 ) (-296 -1120 -318.878998 ) (-296 -1120 -64 ) 
4 264 270 (0 -1120 -318.878998 ) (0 -1120 -64 ) (-296 -1120 -64 ) (-296 -1120 -318.878998 ) 
4 264 267 (0 -1120 -318.878998 ) (-304 -1120 -318.878998 ) (-304 -1104 -318.878998 ) (0 -1104 -318.878998 ) 
4 265 275 (-688 -1120 -64 ) (-688 -1120 -318.878998 ) (-680 -1120 -318.878998 ) (-680 -1120 -64 ) 
4 265 274 (-680 -1120 -64 ) (-680 -1120 -318.878998 ) (-376 -1120 -318.878998 ) (-376 -1120 -64 ) 
4 265 272 (-376 -1120 -64 ) (-376 -1120 -318.878998 ) (-368 -1120 -318.878998 ) (-368 -1120 -64 ) 
4 265 267 (-368 -1120 -318.878998 ) (-688 -1120 -318.878998 ) (-688 -1104 -318.878998 ) (-368 -1104 -318.878998 ) 
4 266 333 (-1024 -1120 -318.878998 ) (-1024 -1120 -2 ) (-1024 -1104 -2 ) (-1024 -1104 -318.878998 ) 
4 266 278 (-768 -1120 -64 ) (-768 -1120 -318.878998 ) (-760 -1120 -318.878998 ) (-760 -1120 -64 ) 
4 266 279 (-768 -1120 -2 ) (-1024 -1120 -2 ) (-1024 -1120 -318.878998 ) (-768 -1120 -318.878998 ) 
4 266 276 (-760 -1120 -64 ) (-760 -1120 -318.878998 ) (-752 -1120 -318.878998 ) (-752 -1120 -64 ) 
4 266 267 (-752 -1120 -318.878998 ) (-1024 -1120 -318.878998 ) (-1024 -1104 -318.878998 ) (-752 -1104 -318.878998 ) 
4 267 333 (-1024 -1120 -1600 ) (-1024 -1120 -318.878998 ) (-1024 -1104 -318.878998 ) (-1024 -1104 -1600 ) 
4 267 278 (-760 -1120 -318.878998 ) (-768 -1120 -318.878998 ) (-768 -1120 -1600 ) (-760 -1120 -1600 ) 
4 267 279 (-768 -1120 -318.878998 ) (-1024 -1120 -318.878998 ) (-1024 -1120 -1600 ) (-768 -1120 -1600 ) 
4 267 277 (-680 -1120 -318.878998 ) (-760 -1120 -318.878998 ) (-760 -1120 -406.878021 ) (-680 -1120 -406.878021 ) 
4 267 274 (-376 -1120 -318.878998 ) (-680 -1120 -318.878998 ) (-680 -1120 -1600 ) (-376 -1120 -1600 ) 
4 267 273 (-296 -1120 -318.878998 ) (-376 -1120 -318.878998 ) (-376 -1120 -406.878021 ) (-296 -1120 -406.878021 ) 
4 267 270 (0 -1120 -1600 ) (0 -1120 -318.878998 ) (-296 -1120 -318.878998 ) (-296 -1120 -1600 ) 
4 268 281 (-256 -1152 128 ) (-384 -1152 128 ) (-384 -1152 0 ) (-256 -1152 0 ) 
4 269 333 (-1024 -1152 -2 ) (-1024 -1152 192 ) (-1024 -1120 192 ) (-1024 -1120 -2 ) 
4 269 279 (-768 -1152 -2 ) (-1024 -1152 -2 ) (-1024 -1120 -2 ) (-768 -1120 -2 ) 
4 270 271 (-296 -1152 -318.878998 ) (-296 -1152 -64 ) (-296 -1120 -64 ) (-296 -1120 -318.878998 ) 
4 270 273 (-296 -1152 -406.878021 ) (-296 -1152 -318.878998 ) (-296 -1120 -318.878998 ) (-296 -1120 -406.878021 ) 
4 271 273 (-304 -1120 -318.878998 ) (-296 -1120 -318.878998 ) (-296 -1152 -318.878998 ) (-304 -1152 -318.878998 ) 
4 272 274 (-376 -1152 -318.878998 ) (-376 -1152 -64 ) (-376 -1120 -64 ) (-376 -1120 -318.878998 ) 
4 272 273 (-376 -1152 -318.878998 ) (-376 -1120 -318.878998 ) (-368 -1120 -318.878998 ) (-368 -1152 -318.878998 ) 
4 273 274 (-376 -1152 -406.878021 ) (-376 -1152 -318.878998 ) (-376 -1120 -318.878998 ) (-376 -1120 -406.878021 ) 
4 274 277 (-680 -1152 -406.878021 ) (-680 -1152 -318.878998 ) (-680 -1120 -318.878998 ) (-680 -1120 -406.878021 ) 
4 274 275 (-680 -1152 -318.878998 ) (-680 -1152 -64 ) (-680 -1120 -64 ) (-680 -1120 -318.878998 ) 
4 275 277 (-688 -1120 -318.878998 ) (-680 -1120 -318.878998 ) (-680 -1152 -318.878998 ) (-688 -1152 -318.878998 ) 
4 276 278 (-760 -1152 -318.878998 ) (-760 -1152 -64 ) (-760 -1120 -64 ) (-760 -1120 -318.878998 ) 
4 276 277 (-760 -1152 -318.878998 ) (-760 -1120 -318.878998 ) (-752 -1120 -318.878998 ) (-752 -1152 -318.878998 ) 
4 277 278 (-760 -1152 -406.878021 ) (-760 -1152 -318.878998 ) (-760 -1120 -318.878998 ) (-760 -1120 -406.878021 ) 
4 278 279 (-768 -1120 -1600 ) (-768 -1152 -1600 ) (-768 -1152 -64 ) (-768 -1120 -64 ) 
4 279 333 (-1024 -1152 -1600 ) (-1024 -1152 -2 ) (-1024 -1120 -2 ) (-1024 -1120 -1600 ) 
4 280 283 (-384 -1280 192 ) (-384 -1216 192 ) (-256 -1216 192 ) (-256 -1280 192 ) 
4 281 282 (-384 -1184 0 ) (-256 -1184 0 ) (-256 -1184 128 ) (-384 -1184 128 ) 
4 282 284 (-416 -1216 128 ) (-416 -1216 0 ) (-224 -1216 0 ) (-224 -1216 128 ) 
4 283 284 (-416 -1312 190 ) (-416 -1216 190 ) (-224 -1216 190 ) (-224 -1312 190 ) 
4 284 285 (-224 -1312 0 ) (-224 -1312 127.959007 ) (-416 -1312 127.959007 ) (-416 -1312 0 ) 
4 285 309 (-416 -1328 127.959007 ) (-416 -1328 -0.040649 ) (-368 -1328 -0.040649 ) (-368 -1328 127.959007 ) 
4 285 286 (-272 -1328 -0.040649 ) (-224 -1328 -0.040649 ) (-224 -1328 127.959007 ) (-272 -1328 127.959007 ) 
4 285 289 (-368 -1328 -0.040649 ) (-272 -1328 -0.040649 ) (-272 -1328 127.959007 ) (-368 -1328 127.959007 ) 
5 286 308 (-272 -1328 -68.040604 ) (-48 -1328 -68.040604 ) (-48 -1528 -68.040604 ) (-200 -1528 -68.040604 ) (-272 -1483 -68.040604 ) 
4 286 287 (-272 -1483.003174 511.959045 ) (-272 -1483.003174 -68.040604 ) (-232.008484 -1507.997437 -68.040604 ) (-232.008484 -1507.997437 511.959045 ) 
4 286 288 (-200 -1528 -68.040604 ) (-48 -1528 -68.040604 ) (-48 -1528 511.959045 ) (-200 -1528 511.959045 ) 
4 286 289 (-272 -1328 511.959045 ) (-272 -1328 -68.040604 ) (-272 -1483 -68.040604 ) (-272 -1483 511.959045 ) 
3 287 308 (-272 -1496 -68.040604 ) (-272 -1483 -68.040604 ) (-232 -1508 -68.040604 ) 
4 287 289 (-272 -1483 -68.040604 ) (-272 -1496 -68.040604 ) (-272 -1496 511.959045 ) (-272 -1483 511.959045 ) 
4 288 308 (-48 -1528 -68.040604 ) (-48 -1736 -68.040604 ) (-272 -1736 -68.040604 ) (-272 -1528 -68.040604 ) 
4 288 304 (-120 -1736 -68.040604 ) (-48 -1736 -68.040604 ) (-48 -1736 -50.040604 ) (-120 -1736 -50.040604 ) 
4 288 307 (-272 -1736 -68.040604 ) (-120 -1736 -68.040604 ) (-120 -1736 -50.040604 ) (-272 -1736 -50.040604 ) 
4 288 301 (-116 -1736 57.959404 ) (-120 -1736 57.959404 ) (-120 -1736 -50.040604 ) (-116 -1736 -50.040604 ) 
4 288 303 (-120 -1736 57.959404 ) (-272 -1736 57.959404 ) (-272 -1736 -50.040604 ) (-120 -1736 -50.040604 ) 
4 288 298 (-48 -1736 -50.040604 ) (-48 -1736 57.959404 ) (-116 -1736 57.959404 ) (-116 -1736 -50.040604 ) 
4 288 294 (-48 -1736 57.959404 ) (-48 -1736 61.959396 ) (-120 -1736 61.959396 ) (-120 -1736 57.959404 ) 
4 288 296 (-120 -1736 61.959396 ) (-272 -1736 61.959396 ) (-272 -1736 57.959404 ) (-120 -1736 57.959404 ) 
4 288 291 (-48 -1736 153.959015 ) (-48 -1736 185.959015 ) (-88 -1736 185.959015 ) (-88 -1736 153.959015 ) 
4 288 290 (-48 -1736 185.959015 ) (-48 -1736 511.959045 ) (-208 -1736 511.959045 ) (-208 -1736 185.959015 ) 
4 288 292 (-48 -1736 61.959396 ) (-48 -1736 153.959015 ) (-208 -1736 153.959015 ) (-208 -1736 61.959396 ) 
4 288 293 (-208 -1736 511.959045 ) (-272 -1736 511.959045 ) (-272 -1736 61.959396 ) (-208 -1736 61.959396 ) 
4 288 289 (-272 -1528 -68.040604 ) (-272 -1736 -68.040604 ) (-272 -1736 511.959045 ) (-272 -1528 511.959045 ) 
4 289 327 (-368 -1483 -68.040604 ) (-368 -1496 -68.040604 ) (-368 -1496 -50.040604 ) (-368 -1483 -50.040604 ) 
4 289 326 (-368 -1328 -50.040604 ) (-368 -1328 -68.040604 ) (-368 -1483 -68.040604 ) (-368 -1483 -50.040604 ) 
4 289 328 (-368 -1528 -68.040604 ) (-368 -1736 -68.040604 ) (-368 -1736 -50.040604 ) (-368 -1528 -50.040604 ) 
4 289 310 (-368 -1483 -50.040604 ) (-368 -1496 -50.040604 ) (-368 -1496 511.959045 ) (-368 -1483 511.959045 ) 
4 289 309 (-368 -1328 511.959045 ) (-368 -1328 -50.040604 ) (-368 -1483 -50.040604 ) (-368 -1483 511.959045 ) 
4 289 311 (-368 -1528 -50.040604 ) (-368 -1736 -50.040604 ) (-368 -1736 511.959045 ) (-368 -1528 511.959045 ) 
4 289 308 (-368 -1736 -68.040604 ) (-368 -1328 -68.040604 ) (-272 -1328 -68.040604 ) (-272 -1736 -68.040604 ) 
4 289 307 (-368 -1736 -50.040604 ) (-368 -1736 -68.040604 ) (-272 -1736 -68.040604 ) (-272 -1736 -50.040604 ) 
4 289 303 (-368 -1736 57.959404 ) (-368 -1736 -50.040604 ) (-272 -1736 -50.040604 ) (-272 -1736 57.959404 ) 
4 289 296 (-368 -1736 61.959396 ) (-368 -1736 57.959404 ) (-272 -1736 57.959404 ) (-272 -1736 61.959396 ) 
4 289 293 (-368 -1736 511.959045 ) (-368 -1736 61.959396 ) (-272 -1736 61.959396 ) (-272 -1736 511.959045 ) 
4 290 291 (-48 -1928 185.959015 ) (-88 -1928 185.959015 ) (-88 -1736 185.959015 ) (-48 -1736 185.959015 ) 
4 290 297 (-48 -1928 185.959015 ) (-48 -1928 511.959045 ) (-208 -1928 511.959045 ) (-208 -1928 185.959015 ) 
4 290 293 (-208 -1736 511.959045 ) (-208 -1736 185.959015 ) (-208 -1928 185.959015 ) (-208 -1928 511.959045 ) 
4 291 297 (-48 -1928 153.959015 ) (-48 -1928 185.959015 ) (-88 -1928 185.959015 ) (-88 -1928 153.959015 ) 
4 291 292 (-48 -1928 153.959015 ) (-88 -1928 153.959015 ) (-88 -1736 153.959015 ) (-48 -1736 153.959015 ) 
4 292 295 (-48 -1928 61.959396 ) (-120 -1928 61.959396 ) (-120 -1868 61.959396 ) (-48 -1868 61.959396 ) 
4 292 294 (-120 -1796 61.959396 ) (-120 -1736 61.959396 ) (-48 -1736 61.959396 ) (-48 -1796 61.959396 ) 
4 292 296 (-120 -1928 61.959396 ) (-208 -1928 61.959396 ) (-208 -1736 61.959396 ) (-120 -1736 61.959396 ) 
4 292 293 (-208 -1736 153.959015 ) (-208 -1736 61.959396 ) (-208 -1928 61.959396 ) (-208 -1928 153.959015 ) 
4 292 297 (-208 -1928 61.959396 ) (-48 -1928 61.959396 ) (-48 -1928 153.959015 ) (-208 -1928 153.959015 ) 
4 293 312 (-368 -1928 511.959045 ) (-368 -1736 511.959045 ) (-368 -1736 61.959396 ) (-368 -1928 61.959396 ) 
4 293 296 (-208 -1928 61.959396 ) (-368 -1928 61.959396 ) (-368 -1736 61.959396 ) (-208 -1736 61.959396 ) 
4 293 297 (-368 -1928 511.959045 ) (-368 -1928 61.959396 ) (-208 -1928 61.959396 ) (-208 -1928 511.959045 ) 
4 294 301 (-120 -1736 57.959404 ) (-116 -1736 57.959404 ) (-116 -1796 57.959404 ) (-120 -1796 57.959404 ) 
4 294 298 (-116 -1736 57.959404 ) (-48 -1736 57.959404 ) (-48 -1796 57.959404 ) (-116 -1796 57.959404 ) 
4 294 296 (-120 -1736 57.959404 ) (-120 -1796 57.959404 ) (-120 -1796 61.959396 ) (-120 -1736 61.959396 ) 
4 295 302 (-116 -1928 57.959404 ) (-120 -1928 57.959404 ) (-120 -1868 57.959404 ) (-116 -1868 57.959404 ) 
4 295 300 (-48 -1868 57.959404 ) (-48 -1928 57.959404 ) (-116 -1928 57.959404 ) (-116 -1868 57.959404 ) 
4 295 297 (-120 -1928 57.959404 ) (-48 -1928 57.959404 ) (-48 -1928 61.959396 ) (-120 -1928 61.959396 ) 
4 295 296 (-120 -1868 57.959404 ) (-120 -1928 57.959404 ) (-120 -1928 61.959396 ) (-120 -1868 61.959396 ) 
4 296 316 (-368 -1736 61.959396 ) (-368 -1736 57.959404 ) (-368 -1928 57.959404 ) (-368 -1928 61.959396 ) 
4 296 303 (-368 -1928 57.959404 ) (-368 -1736 57.959404 ) (-120 -1736 57.959404 ) (-120 -1928 57.959404 ) 
4 296 297 (-368 -1928 61.959396 ) (-368 -1928 57.959404 ) (-120 -1928 57.959404 ) (-120 -1928 61.959396 ) 
4 297 334 (-48 -2048 57.959404 ) (-48 -2048 511.959045 ) (-368 -2048 511.959045 ) (-368 -2048 57.959404 ) 
4 297 319 (-368 -2048 57.959404 ) (-368 -2048 511.959045 ) (-368 -1928 511.959045 ) (-368 -1928 57.959404 ) 
4 297 302 (-120 -1928 57.959404 ) (-116 -1928 57.959404 ) (-116 -2048 57.959404 ) (-120 -2048 57.959404 ) 
4 297 303 (-368 -2048 57.959404 ) (-368 -1928 57.959404 ) (-120 -1928 57.959404 ) (-120 -2048 57.959404 ) 
4 297 300 (-116 -1928 57.959404 ) (-48 -1928 57.959404 ) (-48 -2048 57.959404 ) (-116 -2048 57.959404 ) 
4 298 304 (-116 -1736 -50.040604 ) (-48 -1736 -50.040604 ) (-48 -1796 -50.040604 ) (-116 -1796 -50.040604 ) 
4 298 301 (-116 -1736 -50.040604 ) (-116 -1796 -50.040604 ) (-116 -1796 57.959404 ) (-116 -1736 57.959404 ) 
4 300 334 (-48 -2048 -50.040604 ) (-48 -2048 57.959404 ) (-116 -2048 57.959404 ) (-116 -2048 -50.040604 ) 
4 300 306 (-48 -1868 -50.040604 ) (-48 -2048 -50.040604 ) (-116 -2048 -50.040604 ) (-116 -1868 -50.040604 ) 
4 300 302 (-116 -1868 -50.040604 ) (-116 -2048 -50.040604 ) (-116 -2048 57.959404 ) (-116 -1868 57.959404 ) 
4 301 304 (-120 -1736 -50.040604 ) (-116 -1736 -50.040604 ) (-116 -1796 -50.040604 ) (-120 -1796 -50.040604 ) 
4 301 303 (-120 -1736 -50.040604 ) (-120 -1796 -50.040604 ) (-120 -1796 57.959404 ) (-120 -1736 57.959404 ) 
4 302 334 (-116 -2048 57.959404 ) (-120 -2048 57.959404 ) (-120 -2048 -50.040604 ) (-116 -2048 -50.040604 ) 
4 302 306 (-116 -1868 -50.040604 ) (-116 -2048 -50.040604 ) (-120 -2048 -50.040604 ) (-120 -1868 -50.040604 ) 
4 302 303 (-120 -1868 -50.040604 ) (-120 -2048 -50.040604 ) (-120 -2048 57.959404 ) (-120 -1868 57.959404 ) 
4 303 334 (-120 -2048 57.959404 ) (-368 -2048 57.959404 ) (-368 -2048 -50.040604 ) (-120 -2048 -50.040604 ) 
4 303 320 (-368 -2048 -50.040604 ) (-368 -2048 57.959404 ) (-368 -1736 57.959404 ) (-368 -1736 -50.040604 ) 
4 303 307 (-368 -2048 -50.040604 ) (-368 -1736 -50.040604 ) (-120 -1736 -50.040604 ) (-120 -2048 -50.040604 ) 
4 304 308 (-120 -1736 -68.040604 ) (-48 -1736 -68.040604 ) (-48 -1796 -68.040604 ) (-120 -1796 -68.040604 ) 
4 304 305 (-120 -1796 -54.040604 ) (-120 -1796 -68.040604 ) (-48 -1796 -68.040604 ) (-48 -1796 -54.040604 ) 
4 304 307 (-120 -1796 -50.040604 ) (-120 -1736 -50.040604 ) (-120 -1736 -68.040604 ) (-120 -1796 -68.040604 ) 
4 305 308 (-48 -1796 -68.040604 ) (-48 -1868 -68.040604 ) (-120 -1868 -68.040604 ) (-120 -1796 -68.040604 ) 
4 305 306 (-120 -1868 -54.040604 ) (-120 -1868 -68.040604 ) (-48 -1868 -68.040604 ) (-48 -1868 -54.040604 ) 
4 305 307 (-120 -1796 -54.040604 ) (-120 -1796 -68.040604 ) (-120 -1868 -68.040604 ) (-120 -1868 -54.040604 ) 
4 306 334 (-48 -2048 -68.040604 ) (-48 -2048 -50.040604 ) (-120 -2048 -50.040604 ) (-120 -2048 -68.040604 ) 
4 306 308 (-48 -1868 -68.040604 ) (-48 -2048 -68.040604 ) (-120 -2048 -68.040604 ) (-120 -1868 -68.040604 ) 
4 306 307 (-120 -2048 -50.040604 ) (-120 -1868 -50.040604 ) (-120 -1868 -68.040604 ) (-120 -2048 -68.040604 ) 
4 307 334 (-120 -2048 -50.040604 ) (-368 -2048 -50.040604 ) (-368 -2048 -68.040604 ) (-120 -2048 -68.040604 ) 
4 307 329 (-368 -1796 -68.040604 ) (-368 -2048 -68.040604 ) (-368 -2048 -50.040604 ) (-368 -1796 -50.040604 ) 
4 307 328 (-368 -1736 -68.040604 ) (-368 -1796 -68.040604 ) (-368 -1796 -50.040604 ) (-368 -1736 -50.040604 ) 
4 307 308 (-368 -2048 -68.040604 ) (-368 -1736 -68.040604 ) (-120 -1736 -68.040604 ) (-120 -2048 -68.040604 ) 
4 308 334 (-48 -2048 -256.040985 ) (-48 -2048 -68.040604 ) (-368 -2048 -68.040604 ) (-368 -2048 -256.040985 ) 
4 308 332 (-368 -1328 -68.040604 ) (-368 -1328 -256.040985 ) (-368 -2048 -256.040985 ) (-368 -2048 -68.040604 ) 
5 309 326 (-592 -1528 -50.040604 ) (-592 -1328 -50.040604 ) (-368 -1328 -50.040604 ) (-368 -1483 -50.040604 ) (-440 -1528 -50.040604 ) 
4 309 310 (-407.992767 -1507.997925 -50.040604 ) (-368 -1483.002441 -50.040604 ) (-368 -1483.002441 511.959045 ) (-407.992767 -1507.997925 511.959045 ) 
4 309 311 (-592 -1528 511.959045 ) (-592 -1528 -50.040604 ) (-440 -1528 -50.040604 ) (-440 -1528 511.959045 ) 
3 310 327 (-368 -1483 -50.040604 ) (-368 -1496 -50.040604 ) (-408 -1508 -50.040604 ) 
4 311 328 (-592 -1736 -50.040604 ) (-592 -1528 -50.040604 ) (-368 -1528 -50.040604 ) (-368 -1736 -50.040604 ) 
4 311 323 (-592 -1736 57.959404 ) (-592 -1736 -50.040604 ) (-524 -1736 -50.040604 ) (-524 -1736 57.959404 ) 
4 311 321 (-524 -1736 -50.040604 ) (-520 -1736 -50.040604 ) (-520 -1736 57.959404 ) (-524 -1736 57.959404 ) 
4 311 320 (-520 -1736 -50.040604 ) (-368 -1736 -50.040604 ) (-368 -1736 57.959404 ) (-520 -1736 57.959404 ) 
4 311 317 (-592 -1736 61.959396 ) (-592 -1736 57.959404 ) (-520 -1736 57.959404 ) (-520 -1736 61.959396 ) 
4 311 316 (-520 -1736 57.959404 ) (-368 -1736 57.959404 ) (-368 -1736 61.959396 ) (-520 -1736 61.959396 ) 
4 311 314 (-592 -1736 185.959015 ) (-592 -1736 153.959015 ) (-552 -1736 153.959015 ) (-552 -1736 185.959015 ) 
4 311 313 (-592 -1736 511.959045 ) (-592 -1736 185.959015 ) (-432 -1736 185.959015 ) (-432 -1736 511.959045 ) 
4 311 315 (-592 -1736 153.959015 ) (-592 -1736 61.959396 ) (-432 -1736 61.959396 ) (-432 -1736 153.959015 ) 
4 311 312 (-432 -1736 61.959396 ) (-368 -1736 61.959396 ) (-368 -1736 511.959045 ) (-432 -1736 511.959045 ) 
4 312 316 (-368 -1928 61.959396 ) (-432 -1928 61.959396 ) (-432 -1736 61.959396 ) (-368 -1736 61.959396 ) 
4 312 313 (-432 -1736 511.959045 ) (-432 -1736 185.959015 ) (-432 -1928 185.959015 ) (-432 -1928 511.959045 ) 
4 312 315 (-432 -1736 153.959015 ) (-432 -1736 61.959396 ) (-432 -1928 61.959396 ) (-432 -1928 153.959015 ) 
4 312 319 (-432 -1928 61.959396 ) (-368 -1928 61.959396 ) (-368 -1928 511.959045 ) (-432 -1928 511.959045 ) 
4 313 314 (-592 -1736 185.959015 ) (-552 -1736 185.959015 ) (-552 -1928 185.959015 ) (-592 -1928 185.959015 ) 
4 313 319 (-592 -1928 511.959045 ) (-592 -1928 185.959015 ) (-432 -1928 185.959015 ) (-432 -1928 511.959045 ) 
4 314 319 (-592 -1928 185.959015 ) (-592 -1928 153.959015 ) (-552 -1928 153.959015 ) (-552 -1928 185.959015 ) 
4 314 315 (-592 -1736 153.959015 ) (-552 -1736 153.959015 ) (-552 -1928 153.959015 ) (-592 -1928 153.959015 ) 
4 315 317 (-592 -1796 61.959396 ) (-592 -1736 61.959396 ) (-520 -1736 61.959396 ) (-520 -1796 61.959396 ) 
4 315 318 (-520 -1928 61.959396 ) (-592 -1928 61.959396 ) (-592 -1868 61.959396 ) (-520 -1868 61.959396 ) 
4 315 316 (-432 -1928 61.959396 ) (-520 -1928 61.959396 ) (-520 -1736 61.959396 ) (-432 -1736 61.959396 ) 
4 315 319 (-592 -1928 153.959015 ) (-592 -1928 61.959396 ) (-432 -1928 61.959396 ) (-432 -1928 153.959015 ) 
4 316 320 (-520 -1736 57.959404 ) (-368 -1736 57.959404 ) (-368 -1928 57.959404 ) (-520 -1928 57.959404 ) 
4 316 317 (-520 -1736 57.959404 ) (-520 -1796 57.959404 ) (-520 -1796 61.959396 ) (-520 -1736 61.959396 ) 
4 316 318 (-520 -1868 57.959404 ) (-520 -1928 57.959404 ) (-520 -1928 61.959396 ) (-520 -1868 61.959396 ) 
4 316 319 (-520 -1928 57.959404 ) (-368 -1928 57.959404 ) (-368 -1928 61.959396 ) (-520 -1928 61.959396 ) 
4 317 323 (-592 -1796 57.959404 ) (-592 -1736 57.959404 ) (-524 -1736 57.959404 ) (-524 -1796 57.959404 ) 
4 317 321 (-524 -1736 57.959404 ) (-520 -1736 57.959404 ) (-520 -1796 57.959404 ) (-524 -1796 57.959404 ) 
4 318 325 (-592 -1928 57.959404 ) (-592 -1868 57.959404 ) (-524 -1868 57.959404 ) (-524 -1928 57.959404 ) 
4 318 322 (-524 -1868 57.959404 ) (-520 -1868 57.959404 ) (-520 -1928 57.959404 ) (-524 -1928 57.959404 ) 
4 318 319 (-592 -1928 61.959396 ) (-592 -1928 57.959404 ) (-520 -1928 57.959404 ) (-520 -1928 61.959396 ) 
4 319 334 (-368 -2048 57.959404 ) (-368 -2048 511.959045 ) (-592 -2048 511.959045 ) (-592 -2048 57.959404 ) 
4 319 325 (-592 -2048 57.959404 ) (-592 -1928 57.959404 ) (-524 -1928 57.959404 ) (-524 -2048 57.959404 ) 
4 319 322 (-524 -1928 57.959404 ) (-520 -1928 57.959404 ) (-520 -2048 57.959404 ) (-524 -2048 57.959404 ) 
4 319 320 (-520 -1928 57.959404 ) (-368 -1928 57.959404 ) (-368 -2048 57.959404 ) (-520 -2048 57.959404 ) 
4 320 334 (-368 -2048 -50.040604 ) (-368 -2048 57.959404 ) (-520 -2048 57.959404 ) (-520 -2048 -50.040604 ) 
4 320 329 (-368 -1796 -50.040604 ) (-368 -2048 -50.040604 ) (-520 -2048 -50.040604 ) (-520 -1796 -50.040604 ) 
4 320 328 (-520 -1736 -50.040604 ) (-368 -1736 -50.040604 ) (-368 -1796 -50.040604 ) (-520 -1796 -50.040604 ) 
4 320 321 (-520 -1796 57.959404 ) (-520 -1736 57.959404 ) (-520 -1736 -50.040604 ) (-520 -1796 -50.040604 ) 
4 320 322 (-520 -2048 57.959404 ) (-520 -1868 57.959404 ) (-520 -1868 -50.040604 ) (-520 -2048 -50.040604 ) 
4 321 328 (-524 -1736 -50.040604 ) (-520 -1736 -50.040604 ) (-520 -1796 -50.040604 ) (-524 -1796 -50.040604 ) 
4 321 323 (-524 -1796 57.959404 ) (-524 -1736 57.959404 ) (-524 -1736 -50.040604 ) (-524 -1796 -50.040604 ) 
4 322 334 (-520 -2048 57.959404 ) (-524 -2048 57.959404 ) (-524 -2048 -50.040604 ) (-520 -2048 -50.040604 ) 
4 322 331 (-520 -1868 -50.040604 ) (-520 -2048 -50.040604 ) (-524 -2048 -50.040604 ) (-524 -1868 -50.040604 ) 
4 322 325 (-524 -2048 57.959404 ) (-524 -1868 57.959404 ) (-524 -1868 -50.040604 ) (-524 -2048 -50.040604 ) 
4 323 328 (-592 -1796 -50.040604 ) (-592 -1736 -50.040604 ) (-524 -1736 -50.040604 ) (-524 -1796 -50.040604 ) 
4 325 334 (-524 -2048 57.959404 ) (-592 -2048 57.959404 ) (-592 -2048 -50.040604 ) (-524 -2048 -50.040604 ) 
4 325 331 (-592 -2048 -50.040604 ) (-592 -1868 -50.040604 ) (-524 -1868 -50.040604 ) (-524 -2048 -50.040604 ) 
5 326 332 (-592 -1528 -68.040604 ) (-592 -1328 -68.040604 ) (-368 -1328 -68.040604 ) (-368 -1483 -68.040604 ) (-440 -1528 -68.040604 ) 
4 326 327 (-407.992767 -1507.997925 -68.040604 ) (-368 -1483.002441 -68.040604 ) (-368 -1483.003906 -50.040604 ) (-407.990692 -1507.997314 -50.040604 ) 
4 326 328 (-592 -1528 -68.040604 ) (-440 -1528 -68.040604 ) (-440 -1528 -50.040604 ) (-592 -1528 -50.040604 ) 
3 327 332 (-368 -1483 -68.040604 ) (-368 -1496 -68.040604 ) (-408 -1508 -68.040604 ) 
4 328 332 (-592 -1796 -68.040604 ) (-592 -1528 -68.040604 ) (-368 -1528 -68.040604 ) (-368 -1796 -68.040604 ) 
4 328 330 (-592 -1796 -68.040604 ) (-520 -1796 -68.040604 ) (-520 -1796 -54.040604 ) (-592 -1796 -54.040604 ) 
4 328 329 (-520 -1796 -68.040604 ) (-368 -1796 -68.040604 ) (-368 -1796 -50.040604 ) (-520 -1796 -50.040604 ) 
4 329 334 (-368 -2048 -68.040604 ) (-368 -2048 -50.040604 ) (-520 -2048 -50.040604 ) (-520 -2048 -68.040604 ) 
4 329 332 (-520 -1796 -68.040604 ) (-368 -1796 -68.040604 ) (-368 -2048 -68.040604 ) (-520 -2048 -68.040604 ) 
4 329 330 (-520 -1796 -54.040604 ) (-520 -1796 -68.040604 ) (-520 -1868 -68.040604 ) (-520 -1868 -54.040604 ) 
4 329 331 (-520 -1868 -68.040604 ) (-520 -2048 -68.040604 ) (-520 -2048 -50.040604 ) (-520 -1868 -50.040604 ) 
4 330 332 (-592 -1868 -68.040604 ) (-592 -1796 -68.040604 ) (-520 -1796 -68.040604 ) (-520 -1868 -68.040604 ) 
4 330 331 (-592 -1868 -68.040604 ) (-520 -1868 -68.040604 ) (-520 -1868 -54.040604 ) (-592 -1868 -54.040604 ) 
4 331 334 (-520 -2048 -50.040604 ) (-592 -2048 -50.040604 ) (-592 -2048 -68.040604 ) (-520 -2048 -68.040604 ) 
4 331 332 (-592 -2048 -68.040604 ) (-592 -1868 -68.040604 ) (-520 -1868 -68.040604 ) (-520 -2048 -68.040604 ) 
4 332 334 (-368 -2048 -256.040985 ) (-368 -2048 -68.040604 ) (-592 -2048 -68.040604 ) (-592 -2048 -256.040985 ) 
