PRT1
335
857
4 0 3 (960 1024 -896 ) (960 1024 768 ) (448 1024 768 ) (448 1024 -896 ) 
4 3 4 (768 768 128 ) (640 768 128 ) (640 768 -128 ) (768 768 -128 ) 
4 4 6 (768 576 128 ) (640 576 128 ) (640 576 0 ) (768 576 0 ) 
4 5 9 (256 576 -512 ) (0 576 -512 ) (0 576 -960 ) (256 576 -960 ) 
4 6 8 (640 576 192 ) (640 576 0 ) (640 512 0 ) (640 512 192 ) 
4 6 7 (640 512 128 ) (640 512 0 ) (768 512 0 ) (768 512 128 ) 
4 7 11 (768 448 0 ) (768 448 128 ) (640 448 128 ) (640 448 0 ) 
4 9 16 (0 448 -64 ) (0 448 -960 ) (256 448 -960 ) (256 448 -64 ) 
4 10 11 (768 448 -128 ) (768 448 -256 ) (768 320 -256 ) (768 320 -128 ) 
4 11 37 (768 320 -256 ) (768 320 0 ) (640 320 0 ) (640 320 -256 ) 
4 11 26 (768 320 0 ) (768 320 128 ) (640 320 128 ) (640 320 0 ) 
4 11 14 (372 448 -256 ) (516 448 -256 ) (516 320 -256 ) (372 320 -256 ) 
4 11 12 (372 320 -56 ) (372 320 640 ) (372 448 640 ) (372 448 -56 ) 
4 11 13 (372 448 -256 ) (372 320 -256 ) (372 320 -64 ) (372 448 -64 ) 
4 13 15 (320 448 -64 ) (320 448 -256 ) (320 320 -256 ) (320 320 -64 ) 
4 13 14 (320 320 -256 ) (320 448 -256 ) (372 448 -256 ) (372 320 -256 ) 
4 14 15 (320 448 -256 ) (320 448 -320 ) (320 320 -320 ) (320 320 -256 ) 
4 15 16 (256 448 -64 ) (256 448 -320 ) (256 320 -320 ) (256 320 -64 ) 
4 16 43 (0 320 -320 ) (0 320 -64 ) (0 448 -64 ) (0 448 -320 ) 
4 16 39 (256 320 -960 ) (256 320 -64 ) (0 320 -64 ) (0 320 -960 ) 
4 17 21 (768 128 128 ) (768 192 128 ) (800 192 128 ) (800 128 128 ) 
4 17 19 (768 192 128 ) (768 128 128 ) (768 128 190 ) (768 192 190 ) 
4 17 18 (768 128 190 ) (768 128 192 ) (768 192 192 ) (768 192 190 ) 
4 18 20 (640 128 190 ) (640 128 192 ) (640 192 192 ) (640 192 190 ) 
4 18 19 (768 128 190 ) (640 128 190 ) (640 192 190 ) (768 192 190 ) 
4 19 26 (640 128 128 ) (640 192 128 ) (768 192 128 ) (768 128 128 ) 
4 19 20 (640 192 128 ) (640 128 128 ) (640 128 190 ) (640 192 190 ) 
4 20 29 (608 128 128 ) (608 192 128 ) (640 192 128 ) (640 128 128 ) 
4 21 26 (768 192 0 ) (768 128 0 ) (768 128 128 ) (768 192 128 ) 
4 22 26 (768 120 0 ) (768 104 0 ) (768 104 128 ) (768 120 128 ) 
4 23 26 (768 96 0 ) (768 79 0 ) (768 79 128 ) (768 96 128 ) 
4 23 24 (768 79 128 ) (768 79 0 ) (800 79 0 ) (800 79 128 ) 
4 24 27 (768 79 0 ) (768 78 0 ) (768 78 128 ) (768 79 128 ) 
4 24 25 (768 78 128 ) (768 78 0 ) (800 78 0 ) (800 78 128 ) 
4 25 150 (800 0 0 ) (800 0 39.996536 ) (768 0 39.996536 ) (768 0 0 ) 
4 25 149 (800 0 39.996536 ) (800 0 128 ) (768 0 128 ) (768 0 39.996536 ) 
4 25 28 (768 78 0 ) (768 0 0 ) (768 0 128 ) (768 78 128 ) 
4 26 38 (768 192 0 ) (768 128 0 ) (640 128 0 ) (640 192 0 ) 
4 26 37 (640 320 0 ) (768 320 0 ) (768 192 0 ) (640 192 0 ) 
4 26 31 (640 96 0 ) (640 79 0 ) (640 79 128 ) (640 96 128 ) 
4 26 30 (640 120 0 ) (640 104 0 ) (640 104 128 ) (640 120 128 ) 
4 26 29 (640 192 0 ) (640 128 0 ) (640 128 128 ) (640 192 128 ) 
4 26 27 (640 79 128 ) (640 79 0 ) (768 79 0 ) (768 79 128 ) 
4 27 32 (640 79 0 ) (640 78 0 ) (640 78 128 ) (640 79 128 ) 
4 27 28 (640 78 128 ) (640 78 0 ) (768 78 0 ) (768 78 128 ) 
4 28 154 (768 0 128 ) (640 0 128 ) (640 0 0 ) (768 0 0 ) 
4 28 33 (640 78 0 ) (640 0 0 ) (640 0 128 ) (640 78 128 ) 
4 31 34 (610 96 128 ) (610 96 0 ) (610 79 0 ) (610 79 128 ) 
4 31 32 (610 79 128 ) (610 79 0 ) (640 79 0 ) (640 79 128 ) 
4 32 35 (610 79 0 ) (610 78 0 ) (610 78 128 ) (610 79 128 ) 
4 32 33 (610 78 128 ) (610 78 0 ) (640 78 0 ) (640 78 128 ) 
4 33 156 (640 0 128 ) (610 0 128 ) (610 0 0 ) (640 0 0 ) 
4 33 36 (610 78 0 ) (610 0 0 ) (610 0 128 ) (610 78 128 ) 
4 34 35 (608 79 128 ) (608 79 0 ) (610 79 0 ) (610 79 128 ) 
4 35 36 (608 78 128 ) (608 78 0 ) (610 78 0 ) (610 78 128 ) 
4 36 156 (610 0 128 ) (608 0 128 ) (608 0 0 ) (610 0 0 ) 
4 36 41 (608 0 96 ) (608 0 128 ) (608 4 128 ) (608 4 96 ) 
4 36 40 (608 32 128 ) (608 64 128 ) (608 64 0 ) (608 32 0 ) 
4 37 38 (768 192 0 ) (640 192 0 ) (640 192 -64 ) (768 192 -64 ) 
4 39 42 (0 128 -512 ) (0 128 -960 ) (256 128 -960 ) (256 128 -512 ) 
4 41 156 (608 0 96 ) (608 0 128 ) (576 0 128 ) (576 0 96 ) 
4 43 44 (-64 320 -256 ) (-64 320 -64 ) (-64 448 -64 ) (-64 448 -256 ) 
4 44 46 (-88 456 -256 ) (-88 328 -256 ) (-88 328 -128 ) (-88 456 -128 ) 
4 44 45 (-88 608 -256 ) (-88 520 -256 ) (-88 520 -64 ) (-88 608 -64 ) 
4 46 48 (-104 456 -256 ) (-88 456 -256 ) (-88 328 -256 ) (-104 328 -256 ) 
4 46 47 (-104 456 -128 ) (-104 456 -256 ) (-104 328 -256 ) (-104 328 -128 ) 
4 47 50 (-128 328 -64 ) (-128 456 -64 ) (-128 456 -256 ) (-128 328 -256 ) 
4 47 49 (-128 328 -256 ) (-128 456 -256 ) (-126 456 -256 ) (-126 328 -256 ) 
4 49 126 (-128 328 -320 ) (-128 328 -256 ) (-128 456 -256 ) (-128 456 -320 ) 
4 50 126 (-128 456 -256 ) (-128 328 -256 ) (-192 328 -256 ) (-192 456 -256 ) 
4 50 64 (-192 298 -256 ) (-192 296 -256 ) (-192 296 -200 ) (-192 298 -200 ) 
3 50 60 (-192 298 -205 ) (-192 298 -200 ) (-192 302 -200 ) 
5 50 59 (-192 488 -200 ) (-192 488 -256 ) (-192 298 -256 ) (-192 298 -205 ) (-192 302 -200 ) 
4 50 52 (-192 336 -200 ) (-192 296 -200 ) (-192 296 -64 ) (-192 336 -64 ) 
4 50 51 (-192 488 -64 ) (-192 488 -200 ) (-192 336 -200 ) (-192 336 -64 ) 
4 51 127 (-512 456 -128 ) (-512 456 -200 ) (-512 336 -200 ) (-512 336 -128 ) 
4 51 123 (-456 488 -200 ) (-452 488 -200 ) (-452 336 -200 ) (-456 336 -200 ) 
4 51 122 (-512 336 -200 ) (-512 488 -200 ) (-456 488 -200 ) (-456 336 -200 ) 
4 51 95 (-452 488 -200 ) (-446 488 -200 ) (-446 336 -200 ) (-452 336 -200 ) 
4 51 59 (-446 488 -200 ) (-192 488 -200 ) (-192 336 -200 ) (-446 336 -200 ) 
4 51 56 (-490 336 -200 ) (-408 336 -200 ) (-408 336 -64 ) (-490 336 -64 ) 
4 51 55 (-408 336 -200 ) (-399 336 -200 ) (-399 336 -64 ) (-408 336 -64 ) 
4 51 58 (-512 336 -200 ) (-490 336 -200 ) (-490 336 -64 ) (-512 336 -64 ) 
4 51 53 (-399 336 -200 ) (-311 336 -200 ) (-311 336 -64 ) (-399 336 -64 ) 
4 51 52 (-311 336 -200 ) (-192 336 -200 ) (-192 336 -64 ) (-311 336 -64 ) 
4 52 93 (-311 287.997986 -200 ) (-311 292 -200 ) (-192 292 -200 ) (-192 287.997986 -200 ) 
4 52 90 (-192 232 -200 ) (-311 232 -200 ) (-311 287.997986 -200 ) (-192 287.997986 -200 ) 
4 52 64 (-311 292 -200 ) (-311 298 -200 ) (-192 298 -200 ) (-192 292 -200 ) 
4 52 60 (-311 298 -200 ) (-311 302 -200 ) (-192 302 -200 ) (-192 298 -200 ) 
4 52 59 (-311 302 -200 ) (-311 336 -200 ) (-192 336 -200 ) (-192 302 -200 ) 
4 52 54 (-311 254 -200 ) (-311 232 -200 ) (-311 232 -64 ) (-311 254 -64 ) 
4 52 53 (-311 336 -64 ) (-311 336 -200 ) (-311 254 -200 ) (-311 254 -64 ) 
4 53 94 (-359.002014 292 -200 ) (-345 292 -200 ) (-345 287.997986 -200 ) (-359.002014 287.997986 -200 ) 
4 53 93 (-345 292 -200 ) (-311 292 -200 ) (-311 287.997986 -200 ) (-345 287.997986 -200 ) 
4 53 91 (-399 287.997986 -200 ) (-399 292 -200 ) (-359.002014 292 -200 ) (-359.002014 287.997986 -200 ) 
4 53 90 (-399 254 -200 ) (-399 287.997986 -200 ) (-311 287.997986 -200 ) (-311 254 -200 ) 
4 53 84 (-394 298 -200 ) (-389 298 -200 ) (-389 292 -200 ) (-394 292 -200 ) 
4 53 76 (-389 298 -200 ) (-359.002014 298 -200 ) (-359.002014 292 -200 ) (-389 292 -200 ) 
4 53 88 (-359.002014 298 -200 ) (-355 298 -200 ) (-355 292 -200 ) (-359.002014 292 -200 ) 
4 53 71 (-399 292 -200 ) (-399 298 -200 ) (-394 298 -200 ) (-394 292 -200 ) 
4 53 68 (-355 298 -200 ) (-349 298 -200 ) (-349 292 -200 ) (-355 292 -200 ) 
4 53 65 (-349 298 -200 ) (-345 298 -200 ) (-345 292 -200 ) (-349 292 -200 ) 
4 53 64 (-345 298 -200 ) (-311 298 -200 ) (-311 292 -200 ) (-345 292 -200 ) 
4 53 62 (-359.002014 302 -200 ) (-345 302 -200 ) (-345 298 -200 ) (-359.002014 298 -200 ) 
4 53 61 (-399 298 -200 ) (-399 302 -200 ) (-359.002014 302 -200 ) (-359.002014 298 -200 ) 
4 53 60 (-345 302 -200 ) (-311 302 -200 ) (-311 298 -200 ) (-345 298 -200 ) 
4 53 59 (-399 302 -200 ) (-399 336 -200 ) (-311 336 -200 ) (-311 302 -200 ) 
4 53 55 (-399 336 -64 ) (-399 336 -200 ) (-399 254 -200 ) (-399 254 -64 ) 
4 53 54 (-399 254 -64 ) (-399 254 -200 ) (-311 254 -200 ) (-311 254 -64 ) 
4 54 90 (-311 232 -200 ) (-399 232 -200 ) (-399 254 -200 ) (-311 254 -200 ) 
4 54 55 (-399 254 -200 ) (-399 232 -200 ) (-399 232 -64 ) (-399 254 -64 ) 
4 55 91 (-408 287.997986 -200 ) (-408 292 -200 ) (-399 292 -200 ) (-399 287.997986 -200 ) 
4 55 90 (-399 232 -200 ) (-408 232 -200 ) (-408 287.997986 -200 ) (-399 287.997986 -200 ) 
4 55 71 (-408 292 -200 ) (-408 298 -200 ) (-399 298 -200 ) (-399 292 -200 ) 
4 55 61 (-408 298 -200 ) (-408 302 -200 ) (-399 302 -200 ) (-399 298 -200 ) 
4 55 59 (-408 302 -200 ) (-408 336 -200 ) (-399 336 -200 ) (-399 302 -200 ) 
4 55 57 (-408 248 -200 ) (-408 232 -200 ) (-408 232 -64 ) (-408 248 -64 ) 
4 55 56 (-408 336 -64 ) (-408 336 -200 ) (-408 248 -200 ) (-408 248 -64 ) 
4 56 125 (-452 302 -200 ) (-452 287.997986 -200 ) (-456 287.997986 -200 ) (-456 302 -200 ) 
4 56 124 (-452 287.997986 -200 ) (-452 248 -200 ) (-456 248 -200 ) (-456 287.997986 -200 ) 
4 56 123 (-456 336 -200 ) (-452 336 -200 ) (-452 302 -200 ) (-456 302 -200 ) 
4 56 122 (-490 248 -200 ) (-490 336 -200 ) (-456 336 -200 ) (-456 248 -200 ) 
4 56 116 (-446 258 -200 ) (-446 253 -200 ) (-452 253 -200 ) (-452 258 -200 ) 
4 56 108 (-446 287.997986 -200 ) (-446 258 -200 ) (-452 258 -200 ) (-452 287.997986 -200 ) 
4 56 106 (-446 253 -200 ) (-446 248 -200 ) (-452 248 -200 ) (-452 253 -200 ) 
4 56 120 (-446 292 -200 ) (-446 287.997986 -200 ) (-452 287.997986 -200 ) (-452 292 -200 ) 
4 56 102 (-446 298 -200 ) (-446 292 -200 ) (-452 292 -200 ) (-452 298 -200 ) 
4 56 96 (-446 302 -200 ) (-446 298 -200 ) (-452 298 -200 ) (-452 302 -200 ) 
4 56 95 (-452 336 -200 ) (-446 336 -200 ) (-446 302 -200 ) (-452 302 -200 ) 
4 56 92 (-442.002045 287.997986 -200 ) (-446 287.997986 -200 ) (-446 292 -200 ) (-442.002045 292 -200 ) 
4 56 91 (-408 292 -200 ) (-408 287.997986 -200 ) (-442.002045 287.997986 -200 ) (-442.002045 292 -200 ) 
4 56 90 (-408 287.997986 -200 ) (-408 248 -200 ) (-446 248 -200 ) (-446 287.997986 -200 ) 
4 56 72 (-442.002045 292 -200 ) (-446 292 -200 ) (-446 298 -200 ) (-442.002045 298 -200 ) 
4 56 71 (-408 298 -200 ) (-408 292 -200 ) (-442.002045 292 -200 ) (-442.002045 298 -200 ) 
4 56 61 (-408 302 -200 ) (-408 298 -200 ) (-442.002045 298 -200 ) (-442.002045 302 -200 ) 
4 56 63 (-442.002045 298 -200 ) (-446 298 -200 ) (-446 302 -200 ) (-442.002045 302 -200 ) 
4 56 59 (-446 336 -200 ) (-408 336 -200 ) (-408 302 -200 ) (-446 302 -200 ) 
4 56 58 (-490 336 -64 ) (-490 336 -200 ) (-490 248 -200 ) (-490 248 -64 ) 
4 56 57 (-490 248 -64 ) (-490 248 -200 ) (-408 248 -200 ) (-408 248 -64 ) 
4 57 124 (-452 232 -200 ) (-456 232 -200 ) (-456 248 -200 ) (-452 248 -200 ) 
4 57 122 (-456 232 -200 ) (-490 232 -200 ) (-490 248 -200 ) (-456 248 -200 ) 
4 57 106 (-452 241.599930 -200 ) (-452 248 -200 ) (-446 248 -200 ) (-446 241.599930 -200 ) 
4 57 104 (-446 232 -200 ) (-452 232 -200 ) (-452 241.599930 -200 ) (-446 241.599930 -200 ) 
4 57 90 (-408 232 -200 ) (-446 232 -200 ) (-446 248 -200 ) (-408 248 -200 ) 
4 57 58 (-490 248 -200 ) (-490 232 -200 ) (-490 232 -64 ) (-490 248 -64 ) 
4 58 127 (-512 336 -128 ) (-512 336 -200 ) (-512 328 -200 ) (-512 328 -128 ) 
4 58 122 (-490 232 -200 ) (-512 232 -200 ) (-512 336 -200 ) (-490 336 -200 ) 
4 59 126 (-192 456 -256 ) (-192 328 -256 ) (-446 328 -256 ) (-446 456 -256 ) 
5 59 95 (-446 302 -200 ) (-446 488 -200 ) (-446 488 -256 ) (-446 298 -256 ) (-446 298 -205 ) 
5 59 86 (-392.833344 298 -209.333221 ) (-391 298 -224 ) (-391 298 -224.001099 ) (-386 298 -223 ) (-386 298 -223 ) 
5 59 85 (-391 298 -224.001099 ) (-388.002960 298 -228.995712 ) (-387.998627 298 -228.998230 ) (-385.629608 298 -225.839539 ) (-386 298 -223 ) 
3 59 87 (-387.998627 298 -228.998230 ) (-384.988586 298 -230.754166 ) (-385.629608 298 -225.839539 ) 
4 59 84 (-388.347809 298 -205 ) (-393.375000 298 -205 ) (-392.833344 298 -209.333221 ) (-386 298 -223 ) 
3 59 83 (-385.799713 298 -224.535583 ) (-385.630249 298 -225.834839 ) (-385.003815 298 -225 ) 
5 59 82 (-385.630249 298 -225.834839 ) (-384.988586 298 -230.754166 ) (-380.942841 298 -233.114258 ) (-384.998566 298 -225.002823 ) (-385.003815 298 -225 ) 
3 59 81 (-386 298 -223 ) (-385.799713 298 -224.535583 ) (-384.998566 298 -225.002823 ) 
5 59 80 (-370.003998 298 -236 ) (-370.001373 298 -236 ) (-368.296722 298 -234.743912 ) (-373 298 -232 ) (-373.002594 298 -232.001907 ) 
4 59 79 (-375.996033 298 -236 ) (-370.003998 298 -236 ) (-373.002594 298 -232.001907 ) (-377.402405 298 -235.179581 ) 
4 59 78 (-368.296722 298 -234.743912 ) (-355 298 -224.946167 ) (-355 298 -219 ) (-373 298 -232 ) 
4 59 77 (-384.998566 298 -225.002823 ) (-380.942841 298 -233.114258 ) (-377.402405 298 -235.179581 ) (-373 298 -232 ) 
6 59 76 (-355 298 -219 ) (-355 298 -205 ) (-388.347809 298 -205 ) (-386 298 -223 ) (-384.998566 298 -225.002823 ) (-373 298 -232 ) 
3 59 75 (-370.001373 298 -236 ) (-355 298 -236 ) (-355 298 -224.946167 ) 
3 59 74 (-383.800934 298 -236 ) (-375.996033 298 -236 ) (-388.002960 298 -228.995712 ) 
3 59 73 (-389.500000 298 -236 ) (-383.800934 298 -236 ) (-391 298 -224 ) 
4 59 71 (-446 298 -205 ) (-446 298 -236 ) (-389.500000 298 -236 ) (-393.375000 298 -205 ) 
4 59 69 (-349 298 -219 ) (-349 298 -205 ) (-355 298 -205 ) (-355 298 -219 ) 
4 59 70 (-349 298 -219 ) (-355 298 -219 ) (-355 298 -224.946167 ) (-350.998352 298 -221.997543 ) 
3 59 67 (-349 298 -220.525040 ) (-349 298 -219 ) (-350.998352 298 -221.997543 ) 
4 59 66 (-355 298 -236 ) (-349 298 -236 ) (-349 298 -220.525040 ) (-355 298 -224.946167 ) 
4 59 89 (-446 298 -236 ) (-446 298 -256 ) (-349 298 -256 ) (-349 298 -236 ) 
4 59 64 (-349 298 -256 ) (-192 298 -256 ) (-192 298 -205 ) (-349 298 -205 ) 
4 59 62 (-355 298 -205.001938 ) (-349.001587 298 -205.001938 ) (-345 302 -200 ) (-359.001984 302 -200 ) 
5 59 61 (-446 298.003601 -204.997437 ) (-446 298 -205.001938 ) (-355 298 -205.001938 ) (-359.001984 302 -200 ) (-442.002014 302 -200 ) 
4 59 60 (-349.001587 298 -205.001938 ) (-192 298 -205.001938 ) (-192 302 -200 ) (-345 302 -200 ) 
3 59 63 (-446 302 -200 ) (-446 298.003601 -204.997437 ) (-442.002014 302 -200 ) 
4 60 64 (-349 298 -205 ) (-192 298 -205 ) (-192 298 -200 ) (-345 298 -200 ) 
3 60 62 (-344.996094 302 -200 ) (-348.996094 298 -205 ) (-344.996094 298 -200 ) 
4 61 84 (-393.375000 298 -205 ) (-388.347809 298 -205 ) (-389 298 -200 ) (-394 298 -200 ) 
4 61 76 (-388.347809 298 -205 ) (-355.001984 298 -205 ) (-359.001984 298 -200 ) (-389 298 -200 ) 
5 61 71 (-446 298 -204.997467 ) (-446 298 -205 ) (-393.375000 298 -205 ) (-394 298 -200 ) (-442.002014 298 -200 ) 
3 61 63 (-442.003906 301.996094 -200 ) (-446 298 -204.996094 ) (-442.003113 298 -200 ) 
3 61 62 (-355.005310 298 -204.993851 ) (-359 301.995819 -200 ) (-359 298 -200 ) 
4 62 88 (-355.001984 298 -205 ) (-355 298 -205 ) (-355 298 -200 ) (-359.001984 298 -200 ) 
4 62 68 (-355 298 -205 ) (-349 298 -205 ) (-349 298 -200 ) (-355 298 -200 ) 
3 62 65 (-349 298 -205 ) (-345 298 -200 ) (-349 298 -200 ) 
3 63 96 (-446 298 -200 ) (-446 302 -200 ) (-446 298 -205 ) 
3 63 72 (-446 298 -200 ) (-446 298 -204.997467 ) (-442.002014 298 -200 ) 
5 64 93 (-192 292 -205.002518 ) (-192 292 -200 ) (-345 292 -200 ) (-349 292 -205 ) (-349 292 -205.002518 ) 
4 64 90 (-349 292 -256 ) (-192 292 -256 ) (-192 292 -205.002518 ) (-349 292 -205.002518 ) 
4 64 69 (-349 298 -205 ) (-349 298 -219 ) (-349 292 -219 ) (-349 292 -205 ) 
4 64 67 (-349 298 -219 ) (-349 298 -220.525040 ) (-349 292 -220.530045 ) (-349 292 -219 ) 
4 64 66 (-349 298 -220.525040 ) (-349 298 -236 ) (-349 292 -236 ) (-349 292 -220.530045 ) 
4 64 89 (-349 298 -236 ) (-349 298 -256 ) (-349 292 -256 ) (-349 292 -236 ) 
4 64 65 (-345 298 -200 ) (-349 298 -205.001938 ) (-349 292 -205.001938 ) (-344.998444 292 -200 ) 
3 65 94 (-345 292 -200 ) (-349 292 -200 ) (-349 292 -205 ) 
4 65 68 (-349 298 -200 ) (-349 298 -205 ) (-349 292 -205 ) (-349 292 -200 ) 
4 66 90 (-355 292 -236 ) (-349 292 -236 ) (-349 292 -220.530045 ) (-355 292 -224.951172 ) 
4 66 75 (-355 298 -224.946167 ) (-355 298 -236 ) (-355 292 -236 ) (-355 292 -224.951172 ) 
4 66 70 (-355 298 -224.944946 ) (-355 292 -224.949951 ) (-351.003174 292 -222.004761 ) (-350.996613 298 -221.994919 ) 
4 66 67 (-351.003174 292 -222.004761 ) (-349 292 -220.528656 ) (-349 298 -220.523651 ) (-350.996613 298 -221.994919 ) 
4 66 89 (-355 298 -236 ) (-349 298 -236 ) (-349 292 -236 ) (-355 292 -236 ) 
3 67 90 (-349 292 -220.530045 ) (-349 292 -219 ) (-351.004913 292 -222.007385 ) 
4 67 70 (-350.996521 298 -221.995773 ) (-351.003082 292 -222.005615 ) (-349 292 -219 ) (-349 298 -219 ) 
4 68 94 (-349 292 -205 ) (-349 292 -200 ) (-355 292 -200 ) (-355 292 -205 ) 
4 68 88 (-355 298 -200 ) (-355 298 -205 ) (-355 292 -205 ) (-355 292 -200 ) 
4 68 69 (-355 292 -205 ) (-355 298 -205 ) (-349 298 -205 ) (-349 292 -205 ) 
4 69 90 (-349 292 -219 ) (-349 292 -205 ) (-355 292 -205 ) (-355 292 -219 ) 
4 69 76 (-355 298 -205 ) (-355 298 -219 ) (-355 292 -219 ) (-355 292 -205 ) 
4 69 70 (-355 292 -219 ) (-355 298 -219 ) (-349 298 -219 ) (-349 292 -219 ) 
4 70 90 (-349 292 -219 ) (-355 292 -219 ) (-355 292 -224.951172 ) (-351.004913 292 -222.007385 ) 
4 70 78 (-355 298 -219 ) (-355 298 -224.946167 ) (-355 292 -224.951172 ) (-355 292 -219 ) 
4 71 101 (-446 298 -204.997452 ) (-446 298 -212.499939 ) (-446 292 -212.499939 ) (-446 292 -204.997452 ) 
4 71 100 (-446 297.994659 -219 ) (-446 295.989777 -222.007309 ) (-446 292 -224.947189 ) (-446 292 -219 ) 
5 71 99 (-446 298 -212.499939 ) (-446 298 -218.991974 ) (-446 297.994659 -219 ) (-446 292 -219 ) (-446 292 -212.499939 ) 
3 71 98 (-446 295.989777 -222.007309 ) (-446 292 -227.991928 ) (-446 292 -224.947189 ) 
4 71 97 (-446 298 -218.991974 ) (-446 298 -236 ) (-446 292 -236 ) (-446 292 -227.991928 ) 
5 71 91 (-446 292 -204.997452 ) (-446 292 -205.002502 ) (-393.374695 292 -205.002518 ) (-394 292 -200 ) (-442.002045 292 -200 ) 
4 71 90 (-446 292 -205.002502 ) (-446 292 -236 ) (-389.500000 292 -236 ) (-393.374695 292 -205.002518 ) 
4 71 86 (-392.833984 292 -209.331955 ) (-391 292 -223.998947 ) (-391 298 -223.998947 ) (-392.833984 298 -209.331955 ) 
4 71 84 (-394 292 -200 ) (-392.833984 292 -209.331955 ) (-392.833984 298 -209.331955 ) (-394 298 -200 ) 
4 71 73 (-391 292 -223.998947 ) (-389.500488 292 -236 ) (-389.500488 298 -236 ) (-391 298 -223.998947 ) 
4 71 89 (-446 298 -236 ) (-389.500000 298 -236 ) (-389.500000 292 -236 ) (-446 292 -236 ) 
4 71 72 (-446 292 -204.994812 ) (-442.004120 292 -200 ) (-442.004120 298 -200 ) (-446 298 -204.994812 ) 
4 72 102 (-446 292 -200 ) (-446 298 -200 ) (-446 298 -204.997452 ) (-446 292 -204.997452 ) 
3 72 92 (-446 292 -200 ) (-446 292 -204.997452 ) (-442.002045 292 -200 ) 
3 73 90 (-389.500000 292 -236 ) (-383.800934 292 -236 ) (-391 292 -224 ) 
4 73 85 (-388.001251 298 -228.996689 ) (-391 298 -223.998123 ) (-391 292 -223.998123 ) (-387.998840 292 -229 ) 
4 73 74 (-383.799805 292 -236 ) (-383.799805 298 -236 ) (-388.001251 298 -228.996689 ) (-387.998840 292 -229 ) 
4 73 89 (-389.500000 298 -236 ) (-383.800934 298 -236 ) (-383.800934 292 -236 ) (-389.500000 292 -236 ) 
3 74 90 (-383.800934 292 -236 ) (-376 292 -236 ) (-388 292 -229 ) 
4 74 87 (-388.005219 298 -228.995819 ) (-388.002838 292 -229 ) (-384.988007 292 -230.758423 ) (-384.988373 298 -230.755615 ) 
4 74 82 (-384.988007 292 -230.758423 ) (-380.940155 292 -233.119614 ) (-380.942017 298 -233.115952 ) (-384.988373 298 -230.755615 ) 
4 74 79 (-377.407318 292 -235.180389 ) (-376.002258 292 -236 ) (-375.997833 298 -236 ) (-377.403259 298 -235.180191 ) 
4 74 77 (-380.940155 292 -233.119614 ) (-377.407318 292 -235.180389 ) (-377.403259 298 -235.180191 ) (-380.942017 298 -233.115952 ) 
4 74 89 (-383.800934 298 -236 ) (-375.996033 298 -236 ) (-376 292 -236 ) (-383.800934 292 -236 ) 
3 75 90 (-369.994568 292 -236 ) (-355 292 -236 ) (-355 292 -224.951172 ) 
4 75 80 (-370.003204 298 -236 ) (-369.996399 292 -236 ) (-368.292694 292 -234.744614 ) (-368.297760 298 -234.743317 ) 
4 75 78 (-368.292694 292 -234.744614 ) (-355 292 -224.949753 ) (-355 298 -224.944748 ) (-368.297760 298 -234.743317 ) 
4 75 89 (-370.001373 298 -236 ) (-355 298 -236 ) (-355 292 -236 ) (-369.994568 292 -236 ) 
4 76 91 (-355 292 -205.002533 ) (-359.002014 292 -200 ) (-389 292 -200 ) (-388.347504 292 -205.002518 ) 
6 76 90 (-355 292 -218.997131 ) (-355 292 -205.002533 ) (-388.347504 292 -205.002518 ) (-386 292 -223 ) (-385 292 -225 ) (-373.001404 292 -231.998306 ) 
4 76 84 (-386 292 -223.001038 ) (-389 292 -200 ) (-389 298 -200 ) (-386 298 -223.001022 ) 
4 76 81 (-386 292 -223 ) (-386 298 -223 ) (-384.998901 298 -225.002655 ) (-385 292 -225 ) 
4 76 78 (-373.002289 298 -232 ) (-355 298 -218.997681 ) (-355 292 -218.994949 ) (-373.003082 292 -231.997314 ) 
4 76 88 (-355 292 -205.003906 ) (-355 298 -205.003906 ) (-359.003082 298 -200 ) (-359.003082 292 -200 ) 
4 76 77 (-384.996307 292 -225.002441 ) (-384.995117 298 -225.004776 ) (-372.998047 298 -232.003250 ) (-372.998871 292 -232.001114 ) 
4 77 90 (-385 292 -225 ) (-380.941071 292 -233.117874 ) (-377.406494 292 -235.179794 ) (-373.001404 292 -231.998306 ) 
4 77 82 (-384.998901 298 -225.002655 ) (-380.943207 298 -233.114029 ) (-380.941406 292 -233.117661 ) (-385 292 -225 ) 
4 77 79 (-377.408173 292 -235.178802 ) (-377.404114 298 -235.178589 ) (-373.002289 298 -232 ) (-373.003082 292 -231.997314 ) 
4 78 90 (-368.291687 292 -234.745209 ) (-355 292 -224.951172 ) (-355 292 -218.997131 ) (-373.001404 292 -231.998306 ) 
4 78 80 (-372.998871 292 -232.001129 ) (-372.998047 298 -232.003250 ) (-368.297791 298 -234.744751 ) (-368.292755 292 -234.746048 ) 
4 79 90 (-376 292 -236 ) (-370 292 -236 ) (-373.001404 292 -231.998306 ) (-377.406494 292 -235.179794 ) 
4 79 89 (-375.996033 298 -236 ) (-370.001373 298 -236 ) (-369.994568 292 -236 ) (-376 292 -236 ) 
4 79 80 (-373.001892 298 -232.001373 ) (-373 292 -231.997742 ) (-369.998749 292 -236 ) (-370.002747 298 -236 ) 
4 80 90 (-370 292 -236 ) (-369.994568 292 -236 ) (-368.291687 292 -234.745209 ) (-373.001404 292 -231.998306 ) 
3 81 90 (-386 292 -223 ) (-385.799927 292 -224.533768 ) (-385 292 -225 ) 
4 81 85 (-385.799530 292 -224.533997 ) (-386 292 -223.001038 ) (-386 298 -223.001022 ) (-385.799286 298 -224.535812 ) 
4 81 83 (-384.993866 298 -225.005859 ) (-384.995056 292 -225.003525 ) (-385.799866 292 -224.534210 ) (-385.799622 298 -224.535995 ) 
5 82 90 (-385.630005 292 -225.836533 ) (-384.988220 292 -230.756943 ) (-380.941071 292 -233.117874 ) (-385 292 -225 ) (-385.001892 292 -225 ) 
4 82 87 (-384.988159 298 -230.754410 ) (-384.987793 292 -230.757202 ) (-385.629700 292 -225.836121 ) (-385.629913 298 -225.834396 ) 
4 82 83 (-385 292 -225 ) (-385.002472 298 -225 ) (-385.630066 298 -225.836044 ) (-385.629852 292 -225.837738 ) 
3 83 90 (-385.799927 292 -224.533768 ) (-385.630005 292 -225.836533 ) (-385.001892 292 -225 ) 
4 83 85 (-385.629700 292 -225.836121 ) (-385.799530 292 -224.533997 ) (-385.799286 298 -224.535812 ) (-385.629913 298 -225.834396 ) 
4 84 91 (-389 292 -200 ) (-394 292 -200 ) (-393.374695 292 -205.002518 ) (-388.347504 292 -205.002518 ) 
4 84 90 (-393.374695 292 -205.002518 ) (-392.833344 292 -209.333298 ) (-386 292 -223 ) (-388.347504 292 -205.002518 ) 
4 84 86 (-386 298 -223 ) (-386 292 -223 ) (-392.833252 292 -209.334015 ) (-392.833252 298 -209.333969 ) 
4 85 90 (-391 292 -224 ) (-388 292 -229 ) (-385.629639 292 -225.839508 ) (-386 292 -223 ) 
4 85 87 (-388 292 -229 ) (-387.997986 298 -228.998611 ) (-385.629211 298 -225.840225 ) (-385.629211 292 -225.840225 ) 
5 85 86 (-386 292 -223 ) (-386 298 -223 ) (-391 298 -224 ) (-391 293.528320 -224 ) (-391 292 -224 ) 
3 86 90 (-392.833344 292 -209.333298 ) (-391 292 -224 ) (-386 292 -223 ) 
3 87 90 (-388 292 -229 ) (-384.988220 292 -230.756943 ) (-385.629639 292 -225.839508 ) 
3 88 94 (-355 292 -205.002533 ) (-355 292 -200 ) (-359.002014 292 -200 ) 
4 89 121 (-446 298 -236 ) (-446 298 -256 ) (-446 292 -256 ) (-446 292 -236 ) 
4 89 90 (-446 292 -236 ) (-446 292 -256 ) (-349 292 -256 ) (-349 292 -236 ) 
3 90 118 (-446 261.370361 -225.839523 ) (-446 262.011749 -230.756866 ) (-446 259 -229 ) 
6 90 117 (-446 261 -223 ) (-446 261.370361 -225.839523 ) (-446 259 -229 ) (-446 258.996307 -228.997864 ) (-446 256 -224.004211 ) (-446 256 -224 ) 
3 90 119 (-446 261 -223 ) (-446 256 -224 ) (-446 254.166656 -209.333313 ) 
4 90 116 (-446 253 -200 ) (-446 258 -200 ) (-446 261 -223 ) (-446 254.166656 -209.333313 ) 
5 90 115 (-446 277 -236 ) (-446 271 -236 ) (-446 269.595734 -235.180862 ) (-446 273.998932 -232 ) (-446 274.001862 -232.002472 ) 
3 90 114 (-446 278.703125 -234.745056 ) (-446 277 -236 ) (-446 274.001862 -232.002472 ) 
4 90 113 (-446 292 -219 ) (-446 292 -224.947189 ) (-446 278.703125 -234.745056 ) (-446 273.998932 -232 ) 
3 90 112 (-446 261.370758 -225.842484 ) (-446 261.200134 -224.534409 ) (-446 262 -225.001419 ) 
4 90 111 (-446 266.058807 -233.117661 ) (-446 262.011749 -230.756866 ) (-446 261.370758 -225.842484 ) (-446 262 -225.001419 ) 
3 90 110 (-446 261.200134 -224.534409 ) (-446 261 -223 ) (-446 262 -225.001419 ) 
4 90 109 (-446 273.998932 -232 ) (-446 269.595734 -235.180862 ) (-446 266.058807 -233.117661 ) (-446 262 -225.001419 ) 
7 90 108 (-446 258 -200 ) (-446 287.997986 -200 ) (-446 292 -205.002518 ) (-446 292 -219 ) (-446 273.998932 -232 ) (-446 262 -225.001419 ) (-446 261 -223 ) 
3 90 107 (-446 271 -236 ) (-446 263.197052 -236 ) (-446 258.996307 -228.997864 ) 
3 90 106 (-446 241.599915 -200 ) (-446 253 -200 ) (-446 256 -224.004211 ) 
3 90 105 (-446 292 -224.947189 ) (-446 292 -236 ) (-446 277 -236 ) 
4 90 104 (-446 232 -236 ) (-446 232 -200 ) (-446 241.599915 -200 ) (-446 263.197052 -236 ) 
4 90 121 (-446 232 -256 ) (-446 232 -236 ) (-446 292 -236 ) (-446 292 -256 ) 
4 90 94 (-349.003113 292 -205.003906 ) (-354.998901 292 -205.003906 ) (-359.002014 287.996887 -200 ) (-345 287.996887 -200 ) 
4 90 93 (-192 292 -205.003906 ) (-349.003113 292 -205.003906 ) (-345 287.996887 -200 ) (-192 287.996887 -200 ) 
3 90 92 (-446 291.994843 -204.997452 ) (-446 287.996887 -200 ) (-442.002045 287.996887 -200 ) 
5 90 91 (-354.998901 292 -205.003906 ) (-446 292 -205.003906 ) (-446 291.994843 -204.997452 ) (-442.002045 287.996887 -200 ) (-359.002014 287.996887 -200 ) 
3 91 94 (-359.003113 287.996887 -200 ) (-355 292 -205.003906 ) (-359.003113 292 -200 ) 
4 91 92 (-446 291.988281 -204.997070 ) (-442.002472 287.990753 -200 ) (-442.002472 292 -200 ) (-446 292 -204.997070 ) 
3 92 120 (-446 287.997986 -200 ) (-446 292 -200 ) (-446 292 -205.002518 ) 
3 93 94 (-345 292 -200 ) (-349 292 -205.001938 ) (-344.998444 287.998444 -200 ) 
4 95 126 (-446 456 -256 ) (-446 328 -256 ) (-450 328 -256 ) (-450 456 -256 ) 
4 95 123 (-452 302 -200 ) (-452 488 -200 ) (-452 488 -205 ) (-452 298 -205 ) 
4 95 122 (-452 488 -205 ) (-452 488 -256 ) (-452 298 -256 ) (-452 298 -205 ) 
3 95 103 (-452 298 -205 ) (-449.001007 298 -208.748718 ) (-446.002045 298 -205 ) 
4 95 101 (-449.001007 298 -208.748718 ) (-446 298 -212.499954 ) (-446 298 -205 ) (-446.002045 298 -205 ) 
4 95 99 (-452 298 -205 ) (-452 298 -218.993988 ) (-446 298 -218.991989 ) (-446 298 -212.499954 ) 
4 95 97 (-452 298 -218.993988 ) (-452 298 -236 ) (-446 298 -236 ) (-446 298 -218.991989 ) 
4 95 121 (-452 298 -236 ) (-452 298 -256 ) (-446 298 -256 ) (-446 298 -236 ) 
4 95 96 (-452 302 -200 ) (-452 298 -205.001938 ) (-446 298 -205.001938 ) (-446 302.001556 -200 ) 
3 96 125 (-452 298 -200 ) (-452 302 -200 ) (-452 298 -205 ) 
4 96 102 (-452 298 -200 ) (-452 298 -205 ) (-446 298 -205 ) (-446 298 -200 ) 
4 97 122 (-452 298 -218.993988 ) (-452 298 -236 ) (-452 292 -236 ) (-452 292 -227.993973 ) 
4 97 105 (-452 292 -227.993973 ) (-452 292 -236 ) (-446 292 -236 ) (-446 292 -227.991943 ) 
4 97 100 (-446 295.995453 -222.003113 ) (-446 298 -218.996307 ) (-452 298 -218.998306 ) (-452 296 -222 ) 
4 97 98 (-452 292 -227.998306 ) (-446 292 -227.996307 ) (-446 295.995453 -222.003113 ) (-452 296 -222 ) 
4 97 121 (-452 292 -236 ) (-452 298 -236 ) (-446 298 -236 ) (-446 292 -236 ) 
3 98 122 (-452 295.993713 -222.003418 ) (-452 292 -227.993973 ) (-452 292 -224.946198 ) 
4 98 105 (-452 292 -224.946198 ) (-452 292 -227.993973 ) (-446 292 -227.991943 ) (-446 292 -224.947205 ) 
4 98 100 (-446 295.992004 -222.004349 ) (-452 295.995941 -222 ) (-452 292 -224.942627 ) (-446 292 -224.943634 ) 
5 99 122 (-452 298 -205 ) (-452 298 -218.993988 ) (-452 297.996002 -219 ) (-452 292 -219 ) (-452 292 -205 ) 
4 99 108 (-452 292 -205 ) (-452 292 -219 ) (-446 292 -219 ) (-446 292 -212.499954 ) 
4 99 103 (-452 292 -205 ) (-449 292 -208.748672 ) (-449 298 -208.748245 ) (-452 298 -205 ) 
4 99 101 (-449 292 -208.748672 ) (-446 292 -212.499756 ) (-446 298 -212.499023 ) (-449 298 -208.748245 ) 
4 99 100 (-452 297.995972 -219 ) (-446 297.994629 -219 ) (-446 292 -219 ) (-452 292 -219 ) 
4 100 122 (-452 297.996002 -219 ) (-452 295.993713 -222.003418 ) (-452 292 -224.946198 ) (-452 292 -219 ) 
4 100 113 (-452 292 -219 ) (-452 292 -224.946198 ) (-446 292 -224.947205 ) (-446 292 -219 ) 
3 101 108 (-449.001007 292 -208.748718 ) (-446 292 -212.499954 ) (-446 292 -204.997467 ) 
4 101 103 (-446 298 -205 ) (-449.003906 298 -208.751968 ) (-449.003906 292 -208.751968 ) (-446 292 -204.997086 ) 
4 102 125 (-452 292 -200 ) (-452 298 -200 ) (-452 298 -205 ) (-452 292 -205 ) 
5 102 120 (-452 292 -200 ) (-452 292 -205 ) (-446.002014 292 -205 ) (-446 292 -204.997467 ) (-446 292 -200 ) 
4 102 103 (-452 292 -205 ) (-452 298 -205 ) (-446.001953 298 -205 ) (-446.001953 292 -205 ) 
3 103 108 (-452 292 -205 ) (-449.001007 292 -208.748718 ) (-446.002014 292 -205 ) 
4 104 124 (-452 232 -205 ) (-452 232 -200 ) (-452 241.599915 -200 ) (-452 244.599518 -205 ) 
4 104 122 (-452 232 -236 ) (-452 232 -205 ) (-452 244.599518 -205 ) (-452 263.197052 -236 ) 
4 104 117 (-452 259 -229 ) (-452 256 -223.998062 ) (-446 256 -224 ) (-446 259 -229 ) 
4 104 107 (-446 263.199432 -236 ) (-452 263.199432 -236 ) (-452 259 -229 ) (-446 259 -229 ) 
4 104 106 (-452 256 -223.998062 ) (-452 241.602341 -200 ) (-446 241.602341 -200 ) (-446 256 -224 ) 
4 104 121 (-452 232 -236 ) (-452 263.197052 -236 ) (-446 263.197052 -236 ) (-446 232 -236 ) 
3 105 122 (-452 292 -224.946198 ) (-452 292 -236 ) (-452 276.998688 -236 ) 
4 105 114 (-452 278.700836 -234.742722 ) (-452 276.994415 -236 ) (-446 276.995789 -236 ) (-446 278.700836 -234.743713 ) 
4 105 113 (-446 292 -224.944870 ) (-452 292 -224.943863 ) (-452 278.700836 -234.742722 ) (-446 278.700836 -234.743713 ) 
4 105 121 (-452 276.998688 -236 ) (-452 292 -236 ) (-446 292 -236 ) (-446 277 -236 ) 
4 106 124 (-452 241.599915 -200 ) (-452 253 -200 ) (-452 253.624481 -205 ) (-452 244.599518 -205 ) 
3 106 122 (-452 253.624481 -205 ) (-452 256 -224.003113 ) (-452 244.599518 -205 ) 
4 106 119 (-446 256 -224.003143 ) (-452 256 -224.002075 ) (-452 254.165833 -209.331696 ) (-446 254.166504 -209.333023 ) 
4 106 116 (-452 254.165833 -209.331696 ) (-452 253 -200 ) (-446 253 -200 ) (-446 254.166504 -209.333023 ) 
3 107 122 (-452 271 -236 ) (-452 263.197052 -236 ) (-452 258.996338 -228.997864 ) 
4 107 118 (-452 262.011200 -230.752701 ) (-452 258.992706 -228.991821 ) (-446 258.992706 -228.991821 ) (-446 262.011200 -230.752701 ) 
4 107 115 (-446 271.006165 -236 ) (-452 271.006165 -236 ) (-452 269.598541 -235.178848 ) (-446 269.598541 -235.178848 ) 
4 107 111 (-452 266.056183 -233.112381 ) (-452 262.011200 -230.752701 ) (-446 262.011200 -230.752701 ) (-446 266.056183 -233.112381 ) 
4 107 109 (-452 269.598541 -235.178848 ) (-452 266.056183 -233.112381 ) (-446 266.056183 -233.112381 ) (-446 269.598541 -235.178848 ) 
4 107 121 (-452 263.197052 -236 ) (-452 271 -236 ) (-446 271 -236 ) (-446 263.197052 -236 ) 
4 108 124 (-452 258 -200 ) (-452 287.997986 -200 ) (-452 291.997955 -205 ) (-452 258.652161 -205 ) 
7 108 122 (-452 291.997955 -205 ) (-452 292 -205.002518 ) (-452 292 -219 ) (-452 274 -232 ) (-452 262 -225 ) (-452 261 -223 ) (-452 258.652161 -205 ) 
4 108 116 (-446 261 -222.998856 ) (-446 258 -200 ) (-452 258 -200 ) (-452 261 -222.998856 ) 
4 108 113 (-452 274 -232 ) (-452 292 -219 ) (-446 292 -219 ) (-446 273.998413 -232 ) 
4 108 110 (-446 262 -225.001434 ) (-446 261 -223 ) (-452 261 -223 ) (-452 262 -225 ) 
4 108 120 (-446 287.996094 -200 ) (-446 292 -205.003906 ) (-452 292 -205.003906 ) (-452 287.996887 -200 ) 
4 108 109 (-446 262.005707 -225.003677 ) (-452 262.005005 -225.002258 ) (-452 274 -232 ) (-446 274 -232 ) 
4 109 122 (-452 274 -232 ) (-452 269.595764 -235.180862 ) (-452 266.058807 -233.117645 ) (-452 262 -225 ) 
4 109 115 (-446 269.596100 -235.179932 ) (-452 269.596100 -235.179932 ) (-452 274 -232 ) (-446 273.998413 -232 ) 
4 109 111 (-452 266.058838 -233.117661 ) (-446 266.058838 -233.117661 ) (-446 262 -225.001434 ) (-452 262 -225 ) 
3 110 122 (-452 261.199982 -224.533310 ) (-452 261 -223 ) (-452 262 -225 ) 
4 110 117 (-446 261.199677 -224.534119 ) (-446 261 -222.998856 ) (-452 261 -222.998856 ) (-452 261.199524 -224.533035 ) 
4 110 112 (-446 261.200043 -224.533646 ) (-452 261.199890 -224.532562 ) (-452 262.005035 -225.002258 ) (-446 262.005737 -225.003677 ) 
4 111 122 (-452 266.058807 -233.117645 ) (-452 262.011749 -230.756851 ) (-452 261.370819 -225.843079 ) (-452 262.001221 -225.002426 ) 
4 111 118 (-452 262.011719 -230.759781 ) (-446 262.011719 -230.759781 ) (-446 261.370392 -225.842941 ) (-452 261.370453 -225.843521 ) 
4 111 112 (-452 261.371307 -225.846771 ) (-446 261.371246 -225.846207 ) (-446 262 -225.007690 ) (-452 262 -225.007187 ) 
4 112 122 (-452 261.370819 -225.843079 ) (-452 261.199982 -224.533310 ) (-452 262 -225 ) (-452 262.001221 -225.002426 ) 
4 112 117 (-446 261.370392 -225.842941 ) (-446 261.199677 -224.534119 ) (-452 261.199524 -224.533035 ) (-452 261.370453 -225.843521 ) 
4 113 122 (-452 292 -219 ) (-452 292 -224.946198 ) (-452 278.703125 -234.744064 ) (-452 274 -232 ) 
4 113 114 (-446 274 -232.003525 ) (-452 274.001495 -232.002960 ) (-452 278.702606 -234.746780 ) (-446 278.702606 -234.747787 ) 
3 114 122 (-452 278.703125 -234.744064 ) (-452 277 -236 ) (-452 274 -232 ) 
4 114 115 (-446 274.001770 -232.001709 ) (-452 274 -232 ) (-452 277 -236 ) (-446 277 -236 ) 
5 115 122 (-452 277 -236 ) (-452 276.998688 -236 ) (-452 271 -236 ) (-452 269.595764 -235.180862 ) (-452 274 -232 ) 
4 115 121 (-452 271 -236 ) (-452 276.998688 -236 ) (-446 277 -236 ) (-446 271 -236 ) 
4 116 124 (-452 253 -200 ) (-452 258 -200 ) (-452 258.652161 -205 ) (-452 253.624481 -205 ) 
4 116 122 (-452 258.652161 -205 ) (-452 261 -223 ) (-452 254.165985 -209.331985 ) (-452 253.624481 -205 ) 
4 116 119 (-452 261 -223.001938 ) (-446 261 -223.001938 ) (-446 254.166672 -209.333374 ) (-452 254.166000 -209.332016 ) 
6 117 122 (-452 261 -223 ) (-452 261.370361 -225.839508 ) (-452 259 -229 ) (-452 258.996338 -228.997864 ) (-452 256 -224.003113 ) (-452 256 -224 ) 
4 117 119 (-446 261 -223 ) (-452 261 -223 ) (-452 256 -224 ) (-446 256 -224 ) 
4 117 118 (-452 261.370575 -225.839905 ) (-446 261.370575 -225.839905 ) (-446 259 -229 ) (-452 259 -229 ) 
3 118 122 (-452 261.370361 -225.839508 ) (-452 262.011749 -230.756851 ) (-452 259 -229 ) 
3 119 122 (-452 261 -223 ) (-452 256 -224 ) (-452 254.165985 -209.331985 ) 
3 120 125 (-452 287.997986 -200 ) (-452 292 -200 ) (-452 292 -205.002518 ) 
4 121 122 (-452 232 -256 ) (-452 232 -236 ) (-452 298 -236 ) (-452 298 -256 ) 
4 122 127 (-512 456 -256 ) (-512 328 -256 ) (-512 328 -200 ) (-512 456 -200 ) 
4 122 125 (-452 292 -205.001953 ) (-452 297.998444 -205.001953 ) (-456.001556 302 -200 ) (-456.001556 287.997986 -200 ) 
4 122 124 (-452 232 -205.001953 ) (-452 292 -205.001953 ) (-456.001556 287.997986 -200 ) (-456.001556 232 -200 ) 
4 122 123 (-452 297.998444 -205.001953 ) (-452 488 -205.001968 ) (-456.001556 488 -200 ) (-456.001556 302 -200 ) 
3 123 125 (-456 302 -200 ) (-452 298 -205 ) (-452 302 -200 ) 
3 124 125 (-452 287.996094 -200 ) (-452 291.998047 -205.001968 ) (-456.001587 287.996460 -200 ) 
4 128 134 (1152 -64 256 ) (1152 0 256 ) (1152 0 128 ) (1152 -64 128 ) 
4 129 138 (1152 -960 256 ) (1152 -832 256 ) (1152 -832 128 ) (1152 -960 128 ) 
4 129 130 (1152 -960 128 ) (1152 -832 128 ) (1168 -832 128 ) (1168 -960 128 ) 
4 130 138 (1152 -960 128 ) (1152 -832 128 ) (1152 -832 0 ) (1152 -960 0 ) 
4 131 134 (1024 0 256 ) (1152 0 256 ) (1152 -128 256 ) (1024 -128 256 ) 
4 132 134 (1152 -384 256 ) (1152 -416 256 ) (1024 -416 256 ) (1024 -384 256 ) 
4 133 134 (1152 -576 256 ) (1152 -608 256 ) (1024 -608 256 ) (1024 -576 256 ) 
4 134 166 (1024 -608 4 ) (1024 -771 4 ) (1024 -771 256 ) (1024 -608 256 ) 
3 134 150 (1024 0 39.996536 ) (1024 0 4 ) (1024 -165.602005 4 ) 
5 134 149 (1024 0 256 ) (1024 0 39.996536 ) (1024 -165.602005 4 ) (1024 -384 4 ) (1024 -384 256 ) 
4 134 140 (1024 -771 126 ) (1024 -771 4 ) (1150 -771 4 ) (1150 -771 126 ) 
4 134 139 (1150 -771 256 ) (1024 -771 256 ) (1024 -771 126 ) (1150 -771 126 ) 
4 134 138 (1152 -771 4 ) (1152 -771 256 ) (1150 -771 256 ) (1150 -771 4 ) 
4 134 137 (1024 -165.602051 4 ) (1024 -18.399994 4 ) (1152 -18.400000 4 ) (1152 -165.602005 4 ) 
4 134 136 (1024 -18.399994 4 ) (1024 0 4 ) (1152 0 4 ) (1152 -18.400000 4 ) 
4 134 135 (1152 -771 4 ) (1024 -771 4 ) (1024 -165.602051 4 ) (1152 -165.602005 4 ) 
4 135 166 (1024 -608 0 ) (1024 -771 0 ) (1024 -771 4 ) (1024 -608 4 ) 
4 135 149 (1024 -184.003998 0 ) (1024 -384 0 ) (1024 -384 4 ) (1024 -165.602051 4 ) 
4 135 147 (1024 -608 0 ) (1024 -576 0 ) (1152 -576 0 ) (1152 -608 0 ) 
4 135 146 (1024 -416 0 ) (1024 -384 0 ) (1152 -384 0 ) (1152 -416 0 ) 
4 135 145 (1024 -192 0 ) (1024 -184.003967 0 ) (1088 -184.003983 0 ) (1088 -192 0 ) 
4 135 140 (1150 -771 2 ) (1150 -771 4 ) (1024 -771 4 ) (1024 -771 2 ) 
4 135 141 (1024 -771 0 ) (1150 -771 0 ) (1150 -771 2 ) (1024 -771 2 ) 
4 135 138 (1150 -771 0 ) (1152 -771 0 ) (1152 -771 4 ) (1150 -771 4 ) 
4 135 137 (1152 -184.007431 0 ) (1024 -184.007431 0 ) (1024 -165.605469 4 ) (1152 -165.605469 4 ) 
3 136 151 (1024 0 4 ) (1024 0 0 ) (1024 -18.399994 4 ) 
4 136 137 (1152 -18.399490 4 ) (1024 -18.399492 4 ) (1024 0 0 ) (1152 0 0 ) 
4 137 152 (1024 0 0 ) (1024 -184.003998 0 ) (1024 -165.602051 4 ) (1024 -18.399994 4 ) 
4 137 143 (1088 0 0 ) (1152 0 0 ) (1152 -128 0 ) (1088 -128 0 ) 
4 137 145 (1024 -184.003967 0 ) (1024 0 0 ) (1088 0 0 ) (1088 -184.003983 0 ) 
4 138 140 (1150 -771 126 ) (1150 -771 2 ) (1150 -773 2 ) (1150 -773 126 ) 
4 138 139 (1150 -771 256 ) (1150 -771 126 ) (1150 -773 126 ) (1150 -773 256 ) 
4 138 141 (1150 -771 2 ) (1150 -771 0 ) (1150 -773 0 ) (1150 -773 2 ) 
4 138 142 (1150 -773 0 ) (1150 -992 0 ) (1150 -992 256 ) (1150 -773 256 ) 
4 139 167 (1024 -773 126 ) (1024 -773 256 ) (1024 -771 256 ) (1024 -771 126 ) 
4 139 142 (1150 -773 126 ) (1150 -773 256 ) (1024 -773 256 ) (1024 -773 126 ) 
4 139 140 (1150 -773 126 ) (1024 -773 126 ) (1024 -771 126 ) (1150 -771 126 ) 
4 140 168 (1024 -773 2 ) (1024 -773 126 ) (1024 -771 126 ) (1024 -771 2 ) 
4 140 141 (1150 -773 2 ) (1024 -773 2 ) (1024 -771 2 ) (1150 -771 2 ) 
4 140 142 (1150 -773 2 ) (1150 -773 126 ) (1024 -773 126 ) (1024 -773 2 ) 
4 141 172 (1024 -771 0 ) (1024 -773 0 ) (1024 -773 2 ) (1024 -771 2 ) 
4 141 142 (1024 -773 0 ) (1150 -773 0 ) (1150 -773 2 ) (1024 -773 2 ) 
4 142 173 (1024 -773 0 ) (1024 -992 0 ) (1024 -992 256 ) (1024 -773 256 ) 
4 143 144 (1088 -128 -2 ) (1088 -128 -128 ) (1152 -128 -128 ) (1152 -128 -2 ) 
4 143 145 (1088 0 -128 ) (1088 -128 -128 ) (1088 -128 0 ) (1088 0 0 ) 
4 144 145 (1088 -128 -128 ) (1088 -192 -128 ) (1088 -192 -2 ) (1088 -128 -2 ) 
4 148 156 (320 -128 256 ) (320 0 256 ) (576 0 256 ) (576 -128 256 ) 
5 149 154 (768 -184.004013 0 ) (768 -384 0 ) (768 -384 256 ) (768 0 256 ) (768 0 39.996536 ) 
4 149 153 (768 -384 256 ) (768 -384 0 ) (992 -384 0 ) (992 -384 256 ) 
3 149 152 (1024 -184.006409 0 ) (992 -184.006409 0 ) (1024 -165.604431 4 ) 
5 149 150 (992 -184.006409 0 ) (768 -184.006393 0 ) (768 0 39.997059 ) (1024 0 39.997063 ) (1024 -165.604431 4 ) 
3 150 154 (768 0 0 ) (768 -184.004013 0 ) (768 0 39.996536 ) 
4 150 152 (1024 -165.604248 4 ) (992 -184.006226 0 ) (992 0 0 ) (1024 -18.400009 4 ) 
3 150 151 (992 0 0 ) (1024 0 4 ) (1024 -18.400009 4 ) 
3 151 152 (1024 -18.398331 4 ) (992 0.001671 0 ) (1024 0.001670 0 ) 
4 153 155 (768 -576 2 ) (768 -576 256 ) (768 -448 256 ) (768 -448 2 ) 
4 153 154 (768 -384 0 ) (768 -448 0 ) (768 -448 256 ) (768 -384 256 ) 
4 154 155 (640 -448 256 ) (640 -448 2 ) (768 -448 2 ) (768 -448 256 ) 
4 154 156 (640 0 0 ) (640 -448 0 ) (640 -448 256 ) (640 0 256 ) 
4 155 158 (766 -576 256 ) (642 -576 256 ) (642 -576 2 ) (766 -576 2 ) 
4 155 157 (768 -576 2 ) (768 -576 256 ) (766 -576 256 ) (766 -576 2 ) 
4 155 163 (642 -576 256 ) (640 -576 256 ) (640 -576 2 ) (642 -576 2 ) 
4 155 156 (640 -576 2 ) (640 -576 256 ) (640 -448 256 ) (640 -448 2 ) 
4 156 179 (320 -320 128 ) (320 -512 128 ) (320 -512 256 ) (320 -320 256 ) 
4 157 166 (766 -608 0 ) (768 -608 0 ) (768 -608 256 ) (766 -608 256 ) 
4 157 160 (766 -603 254 ) (766 -603 2 ) (766 -605 2 ) (766 -605 254 ) 
4 157 159 (766 -605 256 ) (766 -603 256 ) (766 -603 254 ) (766 -605 254 ) 
4 157 161 (766 -603 2 ) (766 -603 0 ) (766 -605 0 ) (766 -605 2 ) 
4 157 158 (766 -603 256 ) (766 -576 256 ) (766 -576 0 ) (766 -603 0 ) 
4 157 162 (766 -608 0 ) (766 -608 256 ) (766 -605 256 ) (766 -605 0 ) 
4 158 160 (642 -603 254 ) (642 -603 2 ) (766 -603 2 ) (766 -603 254 ) 
4 158 159 (642 -603 256 ) (642 -603 254 ) (766 -603 254 ) (766 -603 256 ) 
4 158 161 (642 -603 2 ) (642 -603 0 ) (766 -603 0 ) (766 -603 2 ) 
4 158 163 (642 -603 256 ) (642 -576 256 ) (642 -576 0 ) (642 -603 0 ) 
4 159 162 (642 -605 256 ) (642 -605 254 ) (766 -605 254 ) (766 -605 256 ) 
4 159 163 (642 -605 256 ) (642 -603 256 ) (642 -603 254 ) (642 -605 254 ) 
4 159 160 (766 -605 254 ) (642 -605 254 ) (642 -603 254 ) (766 -603 254 ) 
4 160 161 (766 -605 2 ) (642 -605 2 ) (642 -603 2 ) (766 -603 2 ) 
4 160 162 (642 -605 254 ) (642 -605 2 ) (766 -605 2 ) (766 -605 254 ) 
4 160 163 (642 -603 254 ) (642 -603 2 ) (642 -605 2 ) (642 -605 254 ) 
4 161 163 (642 -603 2 ) (642 -603 0 ) (642 -605 0 ) (642 -605 2 ) 
4 161 162 (642 -605 2 ) (642 -605 0 ) (766 -605 0 ) (766 -605 2 ) 
4 162 166 (642 -608 0 ) (766 -608 0 ) (766 -608 256 ) (642 -608 256 ) 
4 162 163 (642 -608 0 ) (642 -608 256 ) (642 -605 256 ) (642 -605 0 ) 
4 163 166 (640 -608 0 ) (642 -608 0 ) (642 -608 256 ) (640 -608 256 ) 
4 164 167 (864 -771 256 ) (864 -773 256 ) (608 -773 256 ) (608 -771 256 ) 
4 164 166 (608 -768 256 ) (864 -768 256 ) (864 -771 256 ) (608 -771 256 ) 
4 164 173 (864 -773 256 ) (864 -896 256 ) (608 -896 256 ) (608 -773 256 ) 
4 165 198 (480 -1024 280 ) (480 -1024 256 ) (608 -1024 256 ) (608 -1024 280 ) 
4 165 177 (608 -1024 256 ) (480 -1024 256 ) (480 -992 256 ) (608 -992 256 ) 
4 165 173 (480 -992 256 ) (480 -896 256 ) (608 -896 256 ) (608 -992 256 ) 
4 166 178 (320 -736 0 ) (320 -608 0 ) (352 -608 0 ) (352 -736 0 ) 
4 166 170 (638 -771 126 ) (322 -771 126 ) (322 -771 2 ) (638 -771 2 ) 
4 166 169 (770 -771 126 ) (638 -771 126 ) (638 -771 2 ) (770 -771 2 ) 
4 166 171 (322 -771 126 ) (320 -771 126 ) (320 -771 2 ) (322 -771 2 ) 
4 166 168 (1024 -771 2 ) (1024 -771 126 ) (770 -771 126 ) (770 -771 2 ) 
4 166 167 (1024 -771 126 ) (1024 -771 256 ) (320 -771 256 ) (320 -771 126 ) 
4 166 172 (320 -771 0 ) (1024 -771 0 ) (1024 -771 2 ) (320 -771 2 ) 
4 167 170 (638 -773 126 ) (322 -773 126 ) (322 -771 126 ) (638 -771 126 ) 
4 167 169 (770 -773 126 ) (638 -773 126 ) (638 -771 126 ) (770 -771 126 ) 
4 167 171 (322 -773 126 ) (320 -773 126 ) (320 -771 126 ) (322 -771 126 ) 
4 167 168 (1024 -773 126 ) (770 -773 126 ) (770 -771 126 ) (1024 -771 126 ) 
4 167 173 (1024 -773 126 ) (1024 -773 256 ) (320 -773 256 ) (320 -773 126 ) 
4 168 169 (770 -771 2 ) (770 -773 2 ) (770 -773 126 ) (770 -771 126 ) 
4 168 173 (1024 -773 2 ) (1024 -773 126 ) (770 -773 126 ) (770 -773 2 ) 
4 168 172 (1024 -773 2 ) (770 -773 2 ) (770 -771 2 ) (1024 -771 2 ) 
4 169 173 (770 -773 126 ) (638 -773 126 ) (638 -773 2 ) (770 -773 2 ) 
4 169 172 (770 -773 2 ) (638 -773 2 ) (638 -771 2 ) (770 -771 2 ) 
4 169 170 (638 -771 2 ) (638 -773 2 ) (638 -773 126 ) (638 -771 126 ) 
4 170 171 (322 -771 2 ) (322 -773 2 ) (322 -773 126 ) (322 -771 126 ) 
4 170 173 (638 -773 126 ) (322 -773 126 ) (322 -773 2 ) (638 -773 2 ) 
4 170 172 (638 -773 2 ) (322 -773 2 ) (322 -771 2 ) (638 -771 2 ) 
4 171 172 (322 -773 2 ) (320 -773 2 ) (320 -771 2 ) (322 -771 2 ) 
4 171 173 (322 -773 126 ) (320 -773 126 ) (320 -773 2 ) (322 -773 2 ) 
4 172 173 (320 -773 0 ) (1024 -773 0 ) (1024 -773 2 ) (320 -773 2 ) 
4 173 177 (320 -992 0 ) (704 -992 0 ) (704 -992 256 ) (320 -992 256 ) 
4 173 174 (832 -992 0 ) (960 -992 0 ) (960 -992 256 ) (832 -992 256 ) 
4 175 201 (960 -1024 256 ) (832 -1024 256 ) (832 -1024 0 ) (960 -1024 0 ) 
4 175 176 (960 -1024 256 ) (960 -1016 128 ) (832 -1016 128 ) (832 -1024 256 ) 
4 177 312 (320 -1024 128 ) (320 -1024 0 ) (384 -1024 0 ) (384 -1024 128 ) 
4 177 310 (384 -1024 0 ) (448 -1024 0 ) (448 -1024 128 ) (384 -1024 128 ) 
4 177 307 (448 -1024 256 ) (320 -1024 256 ) (320 -1024 128 ) (448 -1024 128 ) 
4 177 305 (450 -1024 256 ) (448 -1024 256 ) (448 -1024 0 ) (450 -1024 0 ) 
4 177 301 (478 -1024 256 ) (450 -1024 256 ) (450 -1024 0 ) (478 -1024 0 ) 
4 177 299 (480 -1024 256 ) (478 -1024 256 ) (478 -1024 0 ) (480 -1024 0 ) 
4 177 203 (704 -1024 256 ) (480 -1024 256 ) (480 -1024 0 ) (704 -1024 0 ) 
4 177 180 (320 -1024 128 ) (320 -1024 256 ) (320 -992 256 ) (320 -992 128 ) 
4 180 308 (320 -1024 128 ) (320 -1024 256 ) (192 -1024 256 ) (192 -1024 128 ) 
4 181 183 (1312 -1792 0 ) (1312 -1792 127 ) (1312 -1664 127 ) (1312 -1664 0 ) 
4 182 188 (1280 -1792 127 ) (1280 -1792 128 ) (1280 -1664 128 ) (1280 -1664 127 ) 
4 183 188 (1280 -1792 0 ) (1280 -1792 127 ) (1280 -1664 127 ) (1280 -1664 0 ) 
4 184 189 (1280 -1984 0 ) (1280 -1984 128 ) (1280 -1856 128 ) (1280 -1856 0 ) 
4 185 187 (1184 -1408 127 ) (1184 -1408 0 ) (1184 -1536 0 ) (1184 -1536 127 ) 
4 186 194 (1152 -1536 128 ) (1152 -1408 128 ) (1152 -1408 127 ) (1152 -1536 127 ) 
4 187 194 (1152 -1408 127 ) (1152 -1408 0 ) (1152 -1536 0 ) (1152 -1536 127 ) 
4 188 194 (1152 -1600 128 ) (1152 -1600 0 ) (1152 -1760 0 ) (1152 -1760 128 ) 
4 188 195 (1152 -1792 0 ) (1152 -1856 0 ) (1152 -1856 128 ) (1152 -1792 128 ) 
4 188 190 (1152 -1856 0 ) (1152 -1600 0 ) (1280 -1600 0 ) (1280 -1856 0 ) 
4 188 189 (1152 -1856 128 ) (1152 -1856 0 ) (1280 -1856 0 ) (1280 -1856 128 ) 
4 189 195 (1152 -1856 128 ) (1152 -1856 0 ) (1152 -1984 0 ) (1152 -1984 128 ) 
4 189 190 (1152 -1984 0 ) (1152 -1856 0 ) (1280 -1856 0 ) (1280 -1984 0 ) 
4 190 194 (1152 -1760 0 ) (1152 -1600 0 ) (1152 -1600 -128 ) (1152 -1760 -128 ) 
4 190 195 (1152 -1984 0 ) (1152 -1792 0 ) (1152 -1792 -128 ) (1152 -1984 -128 ) 
4 190 191 (1152 -1984 -128 ) (1280 -1984 -128 ) (1280 -1984 0 ) (1152 -1984 0 ) 
4 191 192 (1152 -1992 -128 ) (1280 -1992 -128 ) (1280 -1992 0 ) (1152 -1992 0 ) 
4 193 239 (1024 -1408 128 ) (1024 -1600 128 ) (1024 -1600 160 ) (1024 -1408 160 ) 
4 193 237 (1024 -1600 160 ) (1024 -1600 448 ) (1024 -1408 448 ) (1024 -1408 160 ) 
4 193 194 (1024 -1600 128 ) (1024 -1408 128 ) (1152 -1408 128 ) (1152 -1600 128 ) 
4 194 263 (1024 -1632 -128 ) (1024 -1760 -128 ) (1024 -1760 128 ) (1024 -1632 128 ) 
4 194 243 (1024 -1408 -128 ) (1024 -1600 -128 ) (1024 -1600 128 ) (1024 -1408 128 ) 
4 194 220 (1024 -1376 -127.625000 ) (1024 -1376 0.500000 ) (1024 -1248 0.500000 ) (1024 -1248 -127.625000 ) 
4 194 219 (1024 -1376 0.500000 ) (1024 -1376 128 ) (1024 -1248 128 ) (1024 -1248 0.500000 ) 
4 194 222 (1024 -1248 -128 ) (1024 -1376 -128 ) (1024 -1376 -127.625000 ) (1024 -1248 -127.625000 ) 
4 194 215 (1024 -1184 -128 ) (1024 -1248 -128 ) (1024 -1248 0 ) (1024 -1184 0 ) 
4 194 208 (1024 -1248 0 ) (1024 -1248 128 ) (1024 -1184 128 ) (1024 -1184 0 ) 
4 194 197 (1024 -1024 128 ) (1024 -1024 -128 ) (1024 -1184 -128 ) (1024 -1184 128 ) 
4 194 196 (1152 -1408 -128 ) (1152 -1600 -128 ) (1024 -1600 -128 ) (1024 -1408 -128 ) 
4 195 270 (1024 -1792 -128 ) (1024 -1984 -128 ) (1024 -1984 128 ) (1024 -1792 128 ) 
4 196 243 (1024 -1408 -256 ) (1024 -1600 -256 ) (1024 -1600 -128 ) (1024 -1408 -128 ) 
4 197 215 (1024 -1184 -128 ) (1024 -1184 0 ) (992 -1184 0 ) (992 -1184 -128 ) 
4 197 208 (1024 -1184 0 ) (1024 -1184 128 ) (992 -1184 128 ) (992 -1184 0 ) 
4 197 199 (992 -1184 -128 ) (992 -1184 128 ) (992 -1024 128 ) (992 -1024 -128 ) 
4 198 203 (704 -1152 256 ) (480 -1152 256 ) (480 -1024 256 ) (704 -1024 256 ) 
4 198 202 (712 -1152 256 ) (704 -1152 256 ) (704 -1024 256 ) (712 -1024 256 ) 
4 198 199 (992 -1024 256 ) (992 -1152 256 ) (960 -1152 256 ) (960 -1024 256 ) 
4 198 201 (960 -1152 256 ) (712 -1152 256 ) (712 -1024 256 ) (960 -1024 256 ) 
4 199 201 (960 -1184 -112 ) (960 -1184 256 ) (960 -1024 256 ) (960 -1024 -112 ) 
4 199 200 (960 -1184 -112 ) (960 -1024 -112 ) (991.998108 -1024 -128 ) (991.998108 -1184 -128 ) 
4 200 201 (960 -1024 -128 ) (960 -1184 -128 ) (960 -1184 -112 ) (960 -1024 -112 ) 
4 201 205 (712 -1168 -128 ) (712 -1040 -128 ) (960 -1040 -128 ) (960 -1168 -128 ) 
4 201 204 (712 -1040 -128 ) (712 -1024 -128 ) (960 -1024 -128 ) (960 -1040 -128 ) 
4 201 207 (960 -1184 -128 ) (712 -1184 -128 ) (712 -1168 -128 ) (960 -1168 -128 ) 
4 201 202 (712 -1024 -128 ) (712 -1184 -128 ) (712 -1184 256 ) (712 -1024 256 ) 
4 202 205 (704 -1168 -128 ) (704 -1040 -128 ) (712 -1040 -128 ) (712 -1168 -128 ) 
4 202 204 (704 -1040 -128 ) (704 -1024 -128 ) (712 -1024 -128 ) (712 -1040 -128 ) 
4 202 207 (712 -1184 -128 ) (704 -1184 -128 ) (704 -1168 -128 ) (712 -1168 -128 ) 
4 202 203 (704 -1184 0 ) (704 -1184 256 ) (704 -1024 256 ) (704 -1024 0 ) 
4 203 299 (480 -1184 0 ) (480 -1184 256 ) (480 -1024 256 ) (480 -1024 0 ) 
4 203 210 (578 -1184 0 ) (702 -1184 0 ) (702 -1184 128 ) (578 -1184 128 ) 
4 203 209 (702 -1184 0 ) (704 -1184 0 ) (704 -1184 128 ) (702 -1184 128 ) 
4 203 214 (576 -1184 0 ) (578 -1184 0 ) (578 -1184 128 ) (576 -1184 128 ) 
4 204 206 (704 -1040 -129 ) (704 -1040 -184 ) (960 -1040 -184 ) (960 -1040 -129 ) 
4 204 205 (704 -1040 -128 ) (704 -1040 -129 ) (960 -1040 -129 ) (960 -1040 -128 ) 
4 205 207 (704 -1168 -128 ) (704 -1168 -129 ) (960 -1168 -129 ) (960 -1168 -128 ) 
4 205 206 (960 -1168 -129 ) (704 -1168 -129 ) (704 -1040 -129 ) (960 -1040 -129 ) 
4 206 207 (704 -1168 -129 ) (704 -1168 -184 ) (960 -1168 -184 ) (960 -1168 -129 ) 
4 208 220 (992 -1248 0 ) (1024 -1248 0 ) (1024 -1248 0.500000 ) (992 -1248 0.500000 ) 
4 208 219 (1024 -1248 0.500000 ) (1024 -1248 128 ) (992 -1248 128 ) (992 -1248 0.500000 ) 
4 208 215 (1024 -1248 0 ) (992 -1248 0 ) (992 -1184 0 ) (1024 -1184 0 ) 
4 209 233 (702 -1248 0 ) (704 -1248 0 ) (704 -1248 0.500000 ) (702 -1248 0.500000 ) 
4 209 232 (704 -1248 0.500000 ) (704 -1248 128 ) (702 -1248 128 ) (702 -1248 0.500000 ) 
4 209 216 (702 -1216 0 ) (702 -1184 0 ) (704 -1184 0 ) (704 -1216 0 ) 
4 209 212 (702 -1211 0 ) (702 -1213 0 ) (702 -1213 2 ) (702 -1211 2 ) 
4 209 211 (702 -1213 2 ) (702 -1213 128 ) (702 -1211 128 ) (702 -1211 2 ) 
4 209 210 (702 -1184 0 ) (702 -1211 0 ) (702 -1211 128 ) (702 -1184 128 ) 
4 209 213 (702 -1213 0 ) (702 -1248 0 ) (702 -1248 128 ) (702 -1213 128 ) 
4 210 216 (578 -1211 0 ) (578 -1184 0 ) (702 -1184 0 ) (702 -1211 0 ) 
4 210 212 (578 -1211 2 ) (578 -1211 0 ) (702 -1211 0 ) (702 -1211 2 ) 
4 210 211 (578 -1211 128 ) (578 -1211 2 ) (702 -1211 2 ) (702 -1211 128 ) 
4 210 214 (578 -1184 0 ) (578 -1211 0 ) (578 -1211 128 ) (578 -1184 128 ) 
4 211 214 (578 -1213 2 ) (578 -1213 128 ) (578 -1211 128 ) (578 -1211 2 ) 
4 211 213 (578 -1213 128 ) (578 -1213 2 ) (702 -1213 2 ) (702 -1213 128 ) 
4 211 212 (702 -1213 2 ) (578 -1213 2 ) (578 -1211 2 ) (702 -1211 2 ) 
4 212 216 (578 -1213 0 ) (578 -1211 0 ) (702 -1211 0 ) (702 -1213 0 ) 
4 212 214 (578 -1211 0 ) (578 -1213 0 ) (578 -1213 2 ) (578 -1211 2 ) 
4 212 213 (578 -1213 2 ) (578 -1213 0 ) (702 -1213 0 ) (702 -1213 2 ) 
4 213 233 (578 -1248 0 ) (702 -1248 0 ) (702 -1248 0.500000 ) (578 -1248 0.500000 ) 
4 213 232 (702 -1248 0.500000 ) (702 -1248 128 ) (578 -1248 128 ) (578 -1248 0.500000 ) 
4 213 216 (578 -1216 0 ) (578 -1213 0 ) (702 -1213 0 ) (702 -1216 0 ) 
4 213 214 (578 -1213 0 ) (578 -1248 0 ) (578 -1248 128 ) (578 -1213 128 ) 
4 214 233 (576 -1248 0 ) (578 -1248 0 ) (578 -1248 0.500000 ) (576 -1248 0.500000 ) 
4 214 232 (578 -1248 0.500000 ) (578 -1248 128 ) (576 -1248 128 ) (576 -1248 0.500000 ) 
4 214 216 (576 -1216 0 ) (576 -1184 0 ) (578 -1184 0 ) (578 -1216 0 ) 
4 215 220 (1024 -1248 -127.625000 ) (1024 -1248 0 ) (992 -1248 0 ) (992 -1248 -127.625000 ) 
4 215 222 (1024 -1248 -128 ) (1024 -1248 -127.625000 ) (992 -1248 -127.625000 ) (992 -1248 -128 ) 
4 217 232 (768 -1376 128 ) (704 -1376 128 ) (704 -1248 128 ) (768 -1248 128 ) 
4 217 227 (800 -1376 128 ) (768 -1376 128 ) (768 -1372 128 ) (800 -1372 128 ) 
4 217 226 (768 -1372 128 ) (768 -1248 128 ) (800 -1248 128 ) (800 -1372 128 ) 
4 217 224 (832 -1376 128 ) (800 -1376 128 ) (800 -1372 128 ) (832 -1372 128 ) 
4 217 223 (800 -1372 128 ) (800 -1248 128 ) (832 -1248 128 ) (832 -1372 128 ) 
4 217 219 (960 -1376 128 ) (832 -1376 128 ) (832 -1248 128 ) (960 -1248 128 ) 
4 217 218 (704 -1312 128 ) (704 -1376 128 ) (704 -1376 144 ) (704 -1312 144 ) 
4 218 242 (576 -1376 128 ) (704 -1376 128 ) (704 -1376 144 ) (576 -1376 144 ) 
4 218 232 (704 -1376 128 ) (576 -1376 128 ) (576 -1312 128 ) (704 -1312 128 ) 
4 219 244 (896 -1376 128 ) (832 -1376 128 ) (832 -1376 0.500000 ) (896 -1376 0.500000 ) 
4 219 224 (832 -1376 0.500000 ) (832 -1376 128 ) (832 -1372 128 ) (832 -1372 0.500000 ) 
4 219 223 (832 -1372 128 ) (832 -1248 128 ) (832 -1248 0.500000 ) (832 -1372 0.500000 ) 
3 219 221 (840.002014 -1376 0.500000 ) (832 -1376 0.500000 ) (832 -1372 0.500000 ) 
5 219 220 (1024 -1376 0.500000 ) (840.002014 -1376 0.500000 ) (832 -1372 0.500000 ) (832 -1248 0.500000 ) (1024 -1248 0.500000 ) 
4 220 244 (896 -1376 0.500000 ) (840.002014 -1376 0.500000 ) (840.002014 -1376 0 ) (896 -1376 0 ) 
4 220 223 (832 -1372 0.500000 ) (832 -1248 0.500000 ) (832 -1248 -127.625000 ) (832 -1372 -127.625000 ) 
5 220 222 (1024 -1376 -127.625000 ) (840.002014 -1376 -127.625000 ) (832 -1372 -127.625000 ) (832 -1248 -127.625000 ) (1024 -1248 -127.625000 ) 
4 220 221 (832 -1372 -127.625000 ) (840.002014 -1376 -127.625000 ) (840.003906 -1376 0.500000 ) (832 -1372 0.500000 ) 
4 221 244 (840.002014 -1376 0.500000 ) (832 -1376 0.500000 ) (832 -1376 0 ) (840.002014 -1376 0 ) 
4 221 225 (832 -1376 -127.625000 ) (832 -1376 0.500000 ) (832 -1372 0.500000 ) (832 -1372 -127.625000 ) 
3 221 222 (840.002014 -1376 -127.625000 ) (832 -1376 -127.625000 ) (832 -1372 -127.625000 ) 
4 222 236 (992 -1376 -128 ) (960 -1376 -128 ) (960 -1248 -128 ) (992 -1248 -128 ) 
4 222 225 (832 -1372 -128 ) (832 -1376 -128 ) (832 -1376 -127.625000 ) (832 -1372 -127.625000 ) 
4 222 223 (832 -1248 -128 ) (832 -1372 -128 ) (832 -1372 -127.625000 ) (832 -1248 -127.625000 ) 
4 223 230 (800 -1248 -128 ) (800 -1372 -128 ) (800 -1372 -62.844902 ) (800 -1248 -62.844902 ) 
4 223 226 (800 -1372 -62.844902 ) (800 -1372 128 ) (800 -1248 128 ) (800 -1248 -62.844902 ) 
4 223 225 (800 -1372 0.500000 ) (800 -1372 -128 ) (832 -1372 -128 ) (832 -1372 0.500000 ) 
4 223 224 (800 -1372 128 ) (800 -1372 0.500000 ) (832 -1372 0.500000 ) (832 -1372 128 ) 
4 224 244 (832 -1376 0.500000 ) (832 -1376 128 ) (800 -1376 128 ) (800 -1376 0.500000 ) 
4 224 227 (800 -1376 0.500000 ) (800 -1376 128 ) (800 -1372 128 ) (800 -1372 0.500000 ) 
4 224 225 (800 -1376 0.500000 ) (800 -1372 0.500000 ) (832 -1372 0.500000 ) (832 -1376 0.500000 ) 
4 225 245 (800 -1376 -128 ) (832 -1376 -128 ) (832 -1376 0 ) (800 -1376 0 ) 
4 225 244 (832 -1376 0 ) (832 -1376 0.500000 ) (800 -1376 0.500000 ) (800 -1376 0 ) 
4 225 231 (800 -1372 -128 ) (800 -1376 -128 ) (800 -1376 -94.844757 ) (800 -1372 -62.844902 ) 
3 225 229 (800 -1376 -78.845322 ) (800 -1376 -62.844902 ) (800 -1374 -62.844902 ) 
4 225 228 (800 -1376 -62.844902 ) (800 -1376 0.500000 ) (800 -1372 0.500000 ) (800 -1372 -62.844902 ) 
4 226 233 (768 -1248 0.500000 ) (768 -1248 -62.844902 ) (768 -1372 -62.844902 ) (768 -1372 0.500000 ) 
4 226 232 (768 -1372 128 ) (768 -1248 128 ) (768 -1248 0.500000 ) (768 -1372 0.500000 ) 
4 226 230 (768 -1372 -62.844902 ) (768 -1248 -62.844902 ) (800 -1248 -62.844902 ) (800 -1372 -62.844902 ) 
4 226 228 (768 -1372 0.500000 ) (768 -1372 -62.844902 ) (800 -1372 -62.844902 ) (800 -1372 0.500000 ) 
4 226 227 (768 -1372 128 ) (768 -1372 0.500000 ) (800 -1372 0.500000 ) (800 -1372 128 ) 
4 227 244 (800 -1376 0.500000 ) (800 -1376 128 ) (768 -1376 128 ) (768 -1376 0.500000 ) 
4 227 232 (768 -1376 0.500000 ) (768 -1376 128 ) (768 -1372 128 ) (768 -1372 0.500000 ) 
4 227 228 (768 -1376 0.500000 ) (768 -1372 0.500000 ) (800 -1372 0.500000 ) (800 -1376 0.500000 ) 
4 228 246 (800 -1376 -62.844902 ) (800 -1376 0 ) (768 -1376 0 ) (768 -1376 -62.844902 ) 
4 228 244 (800 -1376 0 ) (800 -1376 0.500000 ) (768 -1376 0.500000 ) (768 -1376 0 ) 
4 228 234 (768 -1376 -62.844902 ) (768 -1376 0.500000 ) (768 -1372 0.500000 ) (768 -1372 -62.844902 ) 
4 228 229 (768 -1376 -62.844902 ) (768 -1374 -62.844902 ) (800 -1374 -62.844902 ) (800 -1376 -62.844902 ) 
4 229 246 (800 -1376 -78.845322 ) (800 -1376 -62.844902 ) (768 -1376 -62.844902 ) (768 -1376 -78.845322 ) 
3 229 234 (768 -1376 -78.845322 ) (768 -1376 -62.844902 ) (768 -1374 -62.844902 ) 
4 230 233 (768 -1372 -127.625000 ) (768 -1372 -62.844902 ) (768 -1248 -62.844902 ) (768 -1248 -127.625000 ) 
4 230 235 (768 -1248 -128 ) (768 -1372 -128 ) (768 -1372 -127.625000 ) (768 -1248 -127.625000 ) 
4 230 231 (800 -1372 -128 ) (800 -1372 -62.844902 ) (768 -1372 -62.844902 ) (768 -1372 -128 ) 
4 231 247 (768 -1376 -128 ) (800 -1376 -128 ) (800 -1376 -94.844757 ) (768 -1376 -94.844749 ) 
4 231 234 (768 -1376 -127.625000 ) (768 -1376 -94.844757 ) (768 -1372 -62.844902 ) (768 -1372 -127.625000 ) 
4 231 235 (768 -1372 -128 ) (768 -1376 -128 ) (768 -1376 -127.625000 ) (768 -1372 -127.625000 ) 
4 232 258 (704 -1376 128 ) (576 -1376 128 ) (576 -1376 0.500000 ) (704 -1376 0.500000 ) 
3 232 234 (768 -1372 0.500000 ) (768 -1376 0.500000 ) (760.002075 -1376 0.500000 ) 
5 232 233 (576 -1376 0.500000 ) (576 -1248 0.500000 ) (768 -1248 0.500000 ) (768 -1372 0.500000 ) (760.002075 -1376 0.500000 ) 
4 233 258 (704 -1376 0.500000 ) (576 -1376 0.500000 ) (576 -1376 -127.625000 ) (704 -1376 -127.625000 ) 
5 233 235 (576 -1376 -127.625000 ) (576 -1248 -127.625000 ) (768 -1248 -127.625000 ) (768 -1372 -127.625000 ) (760.002075 -1376 -127.625000 ) 
4 233 234 (760.001953 -1376 -127.625000 ) (768 -1372 -127.625000 ) (768 -1372 0.500000 ) (760.002014 -1376 0.500000 ) 
3 234 235 (768 -1372 -127.625000 ) (768 -1376 -127.625000 ) (760.002075 -1376 -127.625000 ) 
4 235 258 (576 -1376 -128 ) (704 -1376 -128 ) (704 -1376 -127.625000 ) (576 -1376 -127.625000 ) 
4 237 239 (1024 -1408 160 ) (1024 -1600 160 ) (992 -1600 160 ) (992 -1408 160 ) 
4 238 240 (736 -1408 160 ) (960 -1408 160 ) (960 -1600 160 ) (736 -1600 160 ) 
4 239 243 (1024 -1408 128 ) (1024 -1600 128 ) (992 -1600 128 ) (992 -1408 128 ) 
4 240 250 (712 -1568 128 ) (712 -1440 128 ) (960 -1440 128 ) (960 -1568 128 ) 
4 240 249 (712 -1440 128 ) (712 -1384 128 ) (960 -1384 128 ) (960 -1440 128 ) 
4 240 252 (960 -1600 128 ) (712 -1600 128 ) (712 -1568 128 ) (960 -1568 128 ) 
4 240 241 (712 -1504 128 ) (712 -1568 128 ) (712 -1568 160 ) (712 -1504 160 ) 
4 241 253 (704 -1568 128 ) (704 -1504 128 ) (712 -1504 128 ) (712 -1568 128 ) 
4 241 242 (704 -1504 128 ) (704 -1568 128 ) (704 -1568 144 ) (704 -1504 144 ) 
4 242 260 (704 -1440 128 ) (704 -1568 128 ) (576 -1568 128 ) (576 -1440 128 ) 
4 242 258 (576 -1376 128 ) (704 -1376 128 ) (704 -1440 128 ) (576 -1440 128 ) 
4 244 249 (768 -1384 0 ) (896 -1384 0 ) (896 -1384 128 ) (768 -1384 128 ) 
4 244 246 (800 -1384 0 ) (768 -1384 0 ) (768 -1376 0 ) (800 -1376 0 ) 
4 244 245 (832 -1384 0 ) (800 -1384 0 ) (800 -1376 0 ) (832 -1376 0 ) 
4 245 249 (800 -1384 -128 ) (832 -1384 -128 ) (832 -1384 0 ) (800 -1384 0 ) 
5 245 246 (800 -1384 -94.844902 ) (800 -1384 0 ) (800 -1376 0 ) (800 -1376 -78.845345 ) (800 -1378 -94.844902 ) 
4 245 247 (800 -1376 -128 ) (800 -1384 -128 ) (800 -1384 -94.844902 ) (800 -1376 -94.844902 ) 
4 246 249 (800 -1384 -94.844902 ) (800 -1384 0 ) (768 -1384 0 ) (768 -1384 -94.844902 ) 
4 246 247 (768 -1384 -94.844902 ) (768 -1378 -94.844902 ) (800 -1378 -94.844902 ) (800 -1384 -94.844902 ) 
4 247 249 (768 -1384 -128 ) (800 -1384 -128 ) (800 -1384 -94.844902 ) (768 -1384 -94.844902 ) 
4 248 251 (960 -1440 -128 ) (960 -1568 -128 ) (960 -1568 -13.120720 ) (960 -1440 -13.120544 ) 
4 248 250 (960 -1568 -13.120720 ) (960 -1568 128 ) (960 -1440 128 ) (960 -1440 -13.120544 ) 
4 248 249 (960 -1408 -128 ) (960 -1440 -128 ) (960 -1440 128 ) (960 -1408 128 ) 
4 248 252 (960 -1568 -128 ) (960 -1600 -128 ) (960 -1600 128 ) (960 -1568 128 ) 
5 249 251 (712 -1440 -64.104813 ) (712 -1440 -192 ) (960 -1440 -192 ) (960 -1440 -13.120544 ) (715.344055 -1440 -0.296936 ) 
4 249 250 (712 -1440 128 ) (712 -1440 -0.121658 ) (960 -1440 -13.120544 ) (960 -1440 128 ) 
4 250 256 (712 -1568 -0.121826 ) (712 -1568 88.752930 ) (712 -1440 88.752975 ) (712 -1440 -0.121658 ) 
4 250 253 (712 -1568 88.752930 ) (712 -1568 128 ) (712 -1440 128 ) (712 -1440 88.752975 ) 
4 250 251 (960 -1568 -13.120605 ) (715.344055 -1568 -0.296992 ) (715.344055 -1440 -0.296617 ) (960 -1440 -13.120361 ) 
4 250 252 (712 -1568 128 ) (712 -1568 -0.121826 ) (960 -1568 -13.120728 ) (960 -1568 128 ) 
4 251 255 (712 -1568 -128 ) (712 -1568 -64.104935 ) (712 -1440 -64.104813 ) (712 -1440 -128 ) 
5 251 252 (712 -1568 -64.104927 ) (712 -1568 -192 ) (960 -1568 -192 ) (960 -1568 -13.120728 ) (715.344055 -1568 -0.297104 ) 
4 253 260 (704 -1568 128 ) (704 -1440 128 ) (704 -1440 0 ) (704 -1568 0 ) 
4 253 256 (712 -1568 88.753906 ) (707.348633 -1568 0 ) (707.348816 -1440 0 ) (712 -1440 88.750000 ) 
4 253 254 (704 -1440 0 ) (707.347961 -1440 0 ) (707.347961 -1568 0 ) (704 -1568 0 ) 
4 254 260 (704 -1440 0 ) (704 -1440 -63.896210 ) (704 -1568 -63.896210 ) (704 -1568 0 ) 
4 256 257 (709.677490 -1568 0 ) (709.680725 -1440 0 ) (712 -1440 0 ) (712 -1568 0 ) 
5 258 260 (576 -1440 128 ) (576 -1440 -121.168869 ) (700.656006 -1440 -127.703262 ) (704 -1440 -63.896091 ) (704 -1440 128 ) 
4 258 259 (576 -1440 -121.168869 ) (576 -1440 -128 ) (704 -1440 -128 ) (704 -1440 -127.878555 ) 
4 259 260 (700.656006 -1440 -127.703079 ) (576 -1440 -121.168678 ) (576 -1568 -121.168213 ) (700.656067 -1568 -127.702675 ) 
4 259 261 (576 -1568 -121.168808 ) (576 -1568 -128 ) (704 -1568 -128 ) (704 -1568 -127.878502 ) 
5 260 261 (576 -1568 128 ) (576 -1568 -121.168808 ) (700.656006 -1568 -127.703209 ) (704 -1568 -63.896049 ) (704 -1568 128 ) 
4 261 262 (704 -1600 128 ) (576 -1600 128 ) (576 -1600 -128 ) (704 -1600 -128 ) 
4 262 263 (704 -1632 -128 ) (704 -1632 128 ) (576 -1632 128 ) (576 -1632 -128 ) 
4 263 264 (578 -1760 -128 ) (768 -1760 -128 ) (768 -1760 128 ) (578 -1760 128 ) 
4 263 269 (576 -1760 -128 ) (578 -1760 -128 ) (578 -1760 128 ) (576 -1760 128 ) 
4 264 296 (608 -1760 -128 ) (736 -1760 -128 ) (736 -1763 -128 ) (608 -1763 -128 ) 
4 264 266 (578 -1763 126 ) (578 -1763 -126 ) (768 -1763 -126 ) (768 -1763 126 ) 
4 264 265 (578 -1763 128 ) (578 -1763 126 ) (768 -1763 126 ) (768 -1763 128 ) 
4 264 267 (578 -1763 -126 ) (578 -1763 -128 ) (768 -1763 -128 ) (768 -1763 -126 ) 
4 264 269 (578 -1760 128 ) (578 -1760 -128 ) (578 -1763 -128 ) (578 -1763 128 ) 
4 265 268 (578 -1765 128 ) (578 -1765 126 ) (768 -1765 126 ) (768 -1765 128 ) 
4 265 269 (578 -1765 126 ) (578 -1765 128 ) (578 -1763 128 ) (578 -1763 126 ) 
4 265 266 (768 -1765 126 ) (578 -1765 126 ) (578 -1763 126 ) (768 -1763 126 ) 
4 266 267 (768 -1765 -126 ) (578 -1765 -126 ) (578 -1763 -126 ) (768 -1763 -126 ) 
4 266 268 (578 -1765 126 ) (578 -1765 -126 ) (768 -1765 -126 ) (768 -1765 126 ) 
4 266 269 (578 -1765 -126 ) (578 -1765 126 ) (578 -1763 126 ) (578 -1763 -126 ) 
4 267 296 (736 -1765 -128 ) (608 -1765 -128 ) (608 -1763 -128 ) (736 -1763 -128 ) 
4 267 269 (578 -1763 -128 ) (578 -1765 -128 ) (578 -1765 -126 ) (578 -1763 -126 ) 
4 267 268 (578 -1765 -126 ) (578 -1765 -128 ) (768 -1765 -128 ) (768 -1765 -126 ) 
4 268 296 (736 -1792 -128 ) (608 -1792 -128 ) (608 -1765 -128 ) (736 -1765 -128 ) 
4 268 273 (578 -1792 -128 ) (768 -1792 -128 ) (768 -1792 128 ) (578 -1792 128 ) 
4 268 269 (578 -1765 -128 ) (578 -1792 -128 ) (578 -1792 128 ) (578 -1765 128 ) 
4 269 273 (576 -1792 -128 ) (578 -1792 -128 ) (578 -1792 128 ) (576 -1792 128 ) 
4 270 297 (960 -1984 -128 ) (928 -1984 -128 ) (928 -1856 -128 ) (960 -1856 -128 ) 
4 270 271 (928 -1824 -128 ) (928 -1952 -128 ) (928 -1952 32 ) (928 -1824 32 ) 
4 271 297 (928 -1856 -128 ) (928 -1952 -128 ) (896 -1952 -128 ) (896 -1856 -128 ) 
4 271 272 (896 -1824 -128 ) (896 -1952 -128 ) (896 -1952 32 ) (896 -1824 32 ) 
4 272 297 (896 -1856 -128 ) (896 -1984 -128 ) (864 -1984 -128 ) (864 -1856 -128 ) 
4 272 284 (864 -1984 -128 ) (896 -1984 -128 ) (896 -1984 0 ) (864 -1984 0 ) 
4 272 279 (864 -1984 -80 ) (864 -1984 -48.403843 ) (864 -1983.979126 -48.165951 ) (864 -1982 -64 ) 
4 272 278 (864 -1984 -32 ) (864 -1984 -0.332130 ) (864 -1979.824585 -0.697252 ) (864 -1983.155518 -38.755653 ) 
4 272 277 (864 -1979.824585 -0.697252 ) (864 -1972.170776 -1.366547 ) (864 -1980 -64 ) (864 -1983.155518 -38.755653 ) 
5 272 276 (864 -1984 -0.332130 ) (864 -1984 43.415482 ) (864 -1976.596436 128 ) (864 -1956 128 ) (864 -1972.170776 -1.366547 ) 
3 272 275 (864 -1984 43.415482 ) (864 -1984 128 ) (864 -1976.596436 128 ) 
5 272 274 (864 -1792 128 ) (864 -1792 -128 ) (864 -1984 -128 ) (864 -1984 -96 ) (864 -1956 128 ) 
25 273 300 (480 -1846.981812 -128 ) (480 -1929 -128 ) (480 -1939.010986 -116.983963 ) (480 -1944.997681 -106.008339 ) (480 -1948 -95.001480 ) (480 -1949 -82.988075 ) (480 -1948 -71 ) (480 -1945 -60 ) (480 -1939.011597 -49.012775 ) (480 -1928.994263 -37.994926 ) (480 -1921.989258 -31.990744 ) (480 -1912.129517 -27.058901 ) (480 -1899.988037 -22.995958 ) (480 -1888.013062 -21.997246 ) (480 -1876.065063 -22.994539 ) (480 -1863.998291 -27 ) (480 -1854.007080 -31.998417 ) (480 -1847 -38 ) (480 -1837.007935 -49.012592 ) (480 -1831.004883 -59.982155 ) (480 -1827.998779 -71.014801 ) (480 -1827 -83.003548 ) (480 -1828.002563 -95.009529 ) (480 -1830.997803 -105.992111 ) (480 -1837.024536 -117.027084 ) 
4 273 298 (544 -1824 -128 ) (544 -1952 -128 ) (512 -1952 -128 ) (512 -1824 -128 ) 
4 273 297 (773.557251 -1856 -128 ) (767.961975 -1984 -128 ) (704 -1984 -128 ) (704 -1856 -128 ) 
4 273 294 (577 -1984 -127 ) (671 -1984 -127 ) (671 -1984 63 ) (577 -1984 63 ) 
4 273 287 (767.961487 -1984 -64.210205 ) (767.960999 -1984 0 ) (704 -1984 0 ) (704 -1984 -63.966095 ) 
4 273 286 (767.961731 -1984 -96 ) (767.961487 -1984 -64.210205 ) (704 -1984 -63.966095 ) (704 -1984 -96 ) 
4 273 293 (704 -1984 -128 ) (767.961975 -1984 -128 ) (767.961731 -1984 -96 ) (704 -1984 -96 ) 
4 273 283 (767.960999 -1984 0 ) (767.960022 -1984 128 ) (704 -1984 128 ) (704 -1984 0 ) 
4 273 281 (767.961365 -1984 -64.210205 ) (767.961609 -1984 -96 ) (767.965149 -1983.918701 -95.349594 ) (768.082947 -1981.219849 -64.453827 ) 
3 273 280 (767.965149 -1983.918701 -95.349594 ) (768.136230 -1980 -64 ) (768.105835 -1980.694702 -58.442745 ) 
4 273 277 (768.105835 -1980.694702 -58.442741 ) (768.136230 -1980 -64 ) (768.479919 -1972.125732 -1.006157 ) (768.325867 -1975.650269 -0.697362 ) 
4 273 276 (769.183838 -1956 128 ) (768.465698 -1972.427490 128 ) (767.977905 -1983.609741 0 ) (768.479919 -1972.125732 -1.006157 ) 
3 273 275 (768.465698 -1972.427490 128 ) (767.959839 -1984 128 ) (767.960876 -1984 -4.466507 ) 
5 273 274 (776.354797 -1792 -128 ) (776.352783 -1792 128 ) (769.183838 -1956 128 ) (767.961609 -1984 -96 ) (767.961853 -1984 -128 ) 
4 274 297 (864 -1856 -128 ) (864 -1984 -128 ) (767.961975 -1984 -128 ) (773.557251 -1856 -128 ) 
4 274 293 (767.961975 -1984 -128 ) (864 -1984 -128 ) (864 -1984 -96 ) (767.961731 -1984 -96 ) 
3 274 281 (767.964050 -1983.919067 -95.353760 ) (767.960510 -1984 -96 ) (768.520020 -1984 -96 ) 
5 274 280 (768.135132 -1980 -64 ) (767.964050 -1983.919067 -95.353760 ) (768.520020 -1984 -96 ) (832 -1984 -95.997726 ) (832 -1980 -64 ) 
4 274 277 (768.478821 -1972.125610 -1.006149 ) (768.135132 -1980 -64 ) (864 -1980 -63.998222 ) (864 -1972.171265 -1.366508 ) 
4 274 276 (769.182739 -1956 128 ) (768.478821 -1972.125610 -1.006149 ) (864 -1972.171265 -1.366508 ) (864 -1956 128 ) 
3 275 288 (767.960999 -1984 0 ) (767.961060 -1984 -4.466507 ) (776.919739 -1984 0 ) 
5 275 283 (832 -1984 128 ) (767.960022 -1984 128 ) (767.960999 -1984 0 ) (776.919739 -1984 0 ) (832 -1984 27.461288 ) 
5 275 276 (767.976379 -1983.610107 0 ) (768.464172 -1972.427734 128 ) (864 -1976.596680 128 ) (864 -1984 43.418274 ) (776.911499 -1984 0 ) 
3 276 289 (864 -1984 -0.332130 ) (864 -1984 0 ) (776.919739 -1984 0 ) 
3 276 283 (832 -1984 27.461287 ) (776.919739 -1984 0 ) (832 -1984 0 ) 
4 276 278 (832.265015 -1978.439941 -0.697589 ) (864 -1979.824585 -0.697556 ) (864 -1984 -0.332437 ) (832.021973 -1984 -0.210462 ) 
4 276 277 (768.325562 -1975.650269 -0.697654 ) (768.480042 -1972.125977 -1.006428 ) (864 -1972.171021 -1.366826 ) (864 -1979.824585 -0.697556 ) 
4 277 280 (768.105957 -1980.694702 -58.442688 ) (768.136353 -1980 -64 ) (832 -1980 -64 ) (832 -1982.334351 -45.325291 ) 
4 277 278 (832.094971 -1982.336548 -45.313675 ) (864 -1983.155273 -38.763695 ) (864 -1979.823608 -0.697456 ) (832.265076 -1978.439087 -0.697488 ) 
4 278 290 (864 -1984 -32 ) (864 -1984 -0.332130 ) (832.021973 -1984 -0.210164 ) (832.022217 -1984 -32 ) 
4 279 291 (864 -1984 -64.576721 ) (864 -1984 -48.403843 ) (832 -1984 -64.356300 ) (832 -1984 -64.454590 ) 
4 279 285 (864 -1984 -80 ) (864 -1984 -64.576721 ) (832 -1984 -64.454590 ) (832 -1984 -80 ) 
4 279 282 (832 -1983.157593 -54.738533 ) (832 -1984 -64.363182 ) (864 -1984 -48.410873 ) (864 -1983.978882 -48.168915 ) 
4 279 280 (832 -1984 -64.401634 ) (832 -1983.155640 -54.754608 ) (832 -1982 -64 ) (832 -1984 -80 ) 
3 280 286 (832 -1984 -64.356300 ) (768.523987 -1984 -96 ) (832 -1984 -96 ) 
4 280 281 (768.083069 -1981.219238 -64.453880 ) (767.965332 -1983.916870 -95.335258 ) (768.536621 -1984 -96 ) (831.817993 -1984 -64.453903 ) 
4 281 286 (767.961487 -1984 -64.210205 ) (767.961731 -1984 -96 ) (768.523987 -1984 -96 ) (831.804321 -1984 -64.453857 ) 
4 282 292 (864 -1984 -48.403843 ) (864 -1984 -48 ) (832.022278 -1984 -48 ) (832.022400 -1984 -64.345131 ) 
4 283 295 (832 -1992 160 ) (704 -1992 160 ) (704 -1992 0 ) (832 -1992 0 ) 
3 283 289 (776.918335 -1984 0 ) (832 -1984 0 ) (832 -1986.403687 0 ) 
5 283 288 (767.960999 -1984 0 ) (776.918335 -1984 0 ) (832 -1986.403687 0 ) (832 -1992 0 ) (767.611267 -1992 0 ) 
4 283 287 (704 -1992 0 ) (704 -1984 0 ) (767.960999 -1984 0 ) (767.611267 -1992 0 ) 
4 284 295 (864 -1992 -128 ) (896 -1992 -128 ) (896 -1992 0 ) (864 -1992 0 ) 
7 284 292 (864 -1992 -63.877037 ) (864 -1992 -47.982395 ) (864 -1990.601074 -32 ) (864 -1986 -32 ) (864 -1984 -48 ) (864 -1984 -48.404678 ) (864 -1985.404663 -64.453865 ) 
3 284 291 (864 -1984 -48.404678 ) (864 -1984 -64.576721 ) (864 -1985.404663 -64.453865 ) 
4 284 290 (864 -1990.601074 -32 ) (864 -1987.800171 0 ) (864 -1984 -0.332137 ) (864 -1984 -32 ) 
3 284 289 (864 -1987.800171 0 ) (864 -1984 0 ) (864 -1984 -0.332137 ) 
3 284 288 (864 -1992 -47.982395 ) (864 -1992 0 ) (864 -1987.800171 0 ) 
5 284 285 (864 -1992 -96 ) (864 -1992 -63.877037 ) (864 -1984 -64.576721 ) (864 -1984 -80 ) (864 -1986 -96 ) 
4 284 293 (864 -1992 -128 ) (864 -1992 -96 ) (864 -1984 -96 ) (864 -1984 -128 ) 
4 285 295 (864 -1992 -96 ) (864 -1992 -63.877037 ) (832 -1992 -63.754917 ) (832 -1992 -96 ) 
4 285 292 (832 -1992 -63.754784 ) (864 -1992 -63.876907 ) (864 -1985.404663 -64.453728 ) (832 -1984.008545 -64.453705 ) 
4 285 291 (864 -1985.404663 -64.453728 ) (864 -1984 -64.576576 ) (832 -1984 -64.454453 ) (832 -1984.008545 -64.453705 ) 
5 285 286 (832 -1992 -63.755161 ) (832 -1984 -64.454826 ) (832 -1984 -80 ) (832 -1986 -96 ) (832 -1992 -96 ) 
4 285 293 (864 -1986 -96 ) (864 -1992 -96 ) (832 -1992 -96 ) (832 -1986 -96 ) 
4 286 295 (832 -1992 -63.754917 ) (704 -1992 -63.266430 ) (704 -1992 -96 ) (832 -1992 -96 ) 
3 286 292 (832 -1991.984131 -63.756168 ) (832 -1984.512939 -64.409592 ) (831.674011 -1991.969849 -63.756168 ) 
4 286 288 (767.611755 -1992 -63.509056 ) (832 -1992 -63.754784 ) (832 -1991.984131 -63.756168 ) (767.735046 -1989.179688 -63.756184 ) 
4 286 287 (704 -1984 -63.965958 ) (704 -1992 -63.266289 ) (767.611755 -1992 -63.509056 ) (767.961487 -1984 -64.210060 ) 
4 286 293 (704 -1992 -96 ) (704 -1984 -96 ) (832 -1984 -96 ) (832 -1992 -96 ) 
4 287 295 (767.611267 -1992 0 ) (704 -1992 0 ) (704 -1992 -63.266430 ) (767.611755 -1992 -63.509190 ) 
5 287 288 (767.611755 -1992 -63.510876 ) (767.735046 -1989.179810 -63.757992 ) (767.961060 -1984 -4.465950 ) (767.960999 -1984 0 ) (767.611267 -1992 0 ) 
5 288 295 (864 -1992 -47.982395 ) (864 -1992 0 ) (767.611267 -1992 0 ) (767.611755 -1992 -63.509190 ) (832.361511 -1992 -63.756294 ) 
5 288 292 (832.357544 -1992 -63.757801 ) (831.674011 -1991.970215 -63.757801 ) (831.795044 -1989.195801 -32 ) (864 -1990.601196 -32 ) (864 -1992 -47.981522 ) 
4 288 290 (831.917053 -1986.400146 0 ) (864 -1987.800293 0 ) (864 -1990.601196 -32 ) (831.795044 -1989.195801 -32 ) 
4 289 290 (864 -1987.800537 0 ) (831.917053 -1986.400513 0 ) (832.021973 -1984 -0.210122 ) (864 -1984 -0.332094 ) 
4 290 292 (864 -1990.602295 -32 ) (831.795044 -1989.196899 -32 ) (831.934814 -1986 -32 ) (864 -1986 -32 ) 
3 291 292 (831.819275 -1984 -64.453926 ) (864 -1985.404053 -64.453941 ) (864 -1984 -48.412460 ) 
3 292 295 (864 -1992 -63.877037 ) (864 -1992 -47.982395 ) (832.361511 -1992 -63.756294 ) 
4 293 295 (704 -1992 -128 ) (864 -1992 -128 ) (864 -1992 -96 ) (704 -1992 -96 ) 
4 295 325 (704 -2048 128 ) (704 -2048 -128 ) (896 -2048 -128 ) (896 -2048 128 ) 
4 295 324 (704 -2048 160 ) (704 -2048 128 ) (896 -2048 128 ) (896 -2048 160 ) 
4 299 301 (478 -1184 0 ) (478 -1184 256 ) (478 -1024 256 ) (478 -1024 0 ) 
25 300 302 (478 -1921.948975 -31.964781 ) (478 -1912.129761 -27.053217 ) (478 -1900.011597 -22.998077 ) (478 -1888.012329 -21.997334 ) (478 -1876.064209 -22.994644 ) (478 -1864 -27 ) (478 -1853.987915 -32.008041 ) (478 -1847.027466 -37.969604 ) (478 -1837.020386 -48.998737 ) (478 -1831 -60 ) (478 -1828 -71.013878 ) (478 -1827 -83.017548 ) (478 -1828 -95.014816 ) (478 -1831.001221 -106.016495 ) (478 -1836.972534 -116.949844 ) (478 -1847 -128 ) (478 -1929.003540 -128 ) (478 -1939.005371 -116.994118 ) (478 -1944.997681 -106.008217 ) (478 -1948 -95.001419 ) (478 -1949 -82.988045 ) (478 -1948 -71 ) (478 -1945 -60 ) (478 -1939.011719 -49.012894 ) (478 -1929.029907 -38.034206 ) 
4 301 305 (450 -1024 256 ) (450 -1024 0 ) (450 -1184 0 ) (450 -1184 256 ) 
4 302 303 (463 -1792 -128 ) (463 -1984 -128 ) (463 -1984 0 ) (463 -1792 0 ) 
4 303 304 (462 -1792 -128 ) (462 -1984 -128 ) (462 -1984 0 ) (462 -1792 0 ) 
25 304 306 (450 -1921.974731 -31.978447 ) (450 -1912.058472 -27.019413 ) (450 -1899.953979 -22.996153 ) (450 -1888.008301 -22 ) (450 -1875.974243 -23.001844 ) (450 -1863.974854 -27.008347 ) (450 -1853.995117 -32.004120 ) (450 -1846.996948 -38.003357 ) (450 -1837 -48.998234 ) (450 -1831.003906 -59.985653 ) (450 -1827.998657 -71.015350 ) (450 -1827 -82.987946 ) (450 -1828 -94.994957 ) (450 -1831.001953 -106.003502 ) (450 -1837.005615 -117.010124 ) (450 -1847 -128 ) (450 -1929 -128 ) (450 -1939.007080 -116.988327 ) (450 -1944.987305 -106.046448 ) (450 -1947.996704 -95.012070 ) (450 -1949 -83.009140 ) (450 -1948 -71 ) (450 -1945 -60 ) (450 -1938.949951 -48.944633 ) (450 -1929.135620 -38.116291 ) 
4 305 310 (448 -1024 128 ) (448 -1024 0 ) (448 -1184 0 ) (448 -1184 128 ) 
4 305 307 (448 -1024 256 ) (448 -1024 128 ) (448 -1184 128 ) (448 -1184 256 ) 
25 306 311 (448 -1921.950806 -31.966423 ) (448 -1912.063110 -27.021717 ) (448 -1899.950928 -22.995903 ) (448 -1888.017944 -22 ) (448 -1876.022583 -23 ) (448 -1863.882568 -27.052895 ) (448 -1853.997681 -32.001167 ) (448 -1847 -38 ) (448 -1837.001221 -48.997673 ) (448 -1831.003906 -59.985760 ) (448 -1827.998657 -71.015373 ) (448 -1827 -82.990540 ) (448 -1828.001831 -95.027023 ) (448 -1830.988892 -105.979378 ) (448 -1837.005615 -117.010117 ) (448 -1847 -128 ) (448 -1929.018188 -128 ) (448 -1938.953369 -117.067398 ) (448 -1944.997803 -106.008072 ) (448 -1947.996704 -95.012070 ) (448 -1949 -83.009140 ) (448 -1948 -71 ) (448 -1944.997437 -59.990341 ) (448 -1939.017822 -49.063820 ) (448 -1928.990601 -38 ) 
4 307 312 (320 -1024 128 ) (384 -1024 128 ) (384 -1184 128 ) (320 -1184 128 ) 
4 307 310 (384 -1024 128 ) (448 -1024 128 ) (448 -1184 128 ) (384 -1184 128 ) 
4 307 308 (320 -1024 128 ) (320 -1120 128 ) (320 -1120 256 ) (320 -1024 256 ) 
4 309 321 (64 -1760 128 ) (128 -1760 128 ) (128 -1824 128 ) (64 -1824 128 ) 
4 310 312 (384 -1184 128 ) (384 -1024 128 ) (384 -1024 0 ) (384 -1184 0 ) 
4 311 315 (384 -1824 -128 ) (384 -1952 -128 ) (384 -1952 0 ) (384 -1824 0 ) 
4 313 315 (320 -1824 -128 ) (384 -1824 -128 ) (384 -1824 64 ) (320 -1824 64 ) 
4 313 314 (320 -1792 -128 ) (320 -1824 -128 ) (320 -1824 64 ) (320 -1792 64 ) 
4 314 318 (288 -1792 -128 ) (288 -1824 -128 ) (288 -1824 64 ) (288 -1792 64 ) 
4 314 316 (288 -1824 64 ) (288 -1824 -128 ) (320 -1824 -128 ) (320 -1824 64 ) 
4 315 317 (320 -1952 -128 ) (384 -1952 -128 ) (384 -1952 64 ) (320 -1952 64 ) 
4 315 316 (320 -1824 64 ) (320 -1824 -128 ) (320 -1952 -128 ) (320 -1952 64 ) 
4 316 318 (288 -1824 -128 ) (288 -1952 -128 ) (288 -1952 64 ) (288 -1824 64 ) 
4 316 317 (288 -1952 64 ) (288 -1952 -128 ) (320 -1952 -128 ) (320 -1952 64 ) 
4 317 318 (288 -1952 -128 ) (288 -1984 -128 ) (288 -1984 64 ) (288 -1952 64 ) 
4 318 319 (256 -1792 -128 ) (256 -1984 -128 ) (256 -1984 128 ) (256 -1792 128 ) 
4 319 321 (192 -1792 -128 ) (192 -2016 -128 ) (192 -2016 128 ) (192 -1792 128 ) 
4 320 323 (32 -1696 -128 ) (160 -1696 -128 ) (160 -1728 -128 ) (32 -1728 -128 ) 
4 320 321 (32 -1728 -128 ) (160 -1728 -128 ) (160 -1728 128 ) (32 -1728 128 ) 
4 321 330 (0 -2016 128 ) (0 -1728 128 ) (0 -1728 -128 ) (0 -2016 -128 ) 
4 321 322 (96 -2016 -96 ) (96 -2016 96 ) (0 -2016 96 ) (0 -2016 -96 ) 
4 324 326 (704 -2112 128 ) (896 -2112 128 ) (896 -2112 160 ) (704 -2112 160 ) 
4 324 325 (896 -2112 128 ) (704 -2112 128 ) (704 -2048 128 ) (896 -2048 128 ) 
4 325 326 (704 -2112 -128 ) (896 -2112 -128 ) (896 -2112 128 ) (704 -2112 128 ) 
4 329 331 (-128 -1760 128 ) (-64 -1760 128 ) (-64 -1824 128 ) (-128 -1824 128 ) 
4 330 331 (-32 -1728 -128 ) (-32 -2016 -128 ) (-32 -2016 128 ) (-32 -1728 128 ) 
4 331 333 (-160 -1728 -128 ) (-160 -1696 -128 ) (-32 -1696 -128 ) (-32 -1728 -128 ) 
4 331 332 (-160 -1696 128 ) (-160 -1696 -128 ) (-160 -1952 -128 ) (-160 -1952 128 ) 
4 332 334 (-192 -1952 -128 ) (-192 -1696 -128 ) (-160 -1696 -128 ) (-160 -1952 -128 ) 
4 333 334 (-160 -1728 -136 ) (-160 -1728 -128 ) (-160 -1696 -128 ) (-160 -1696 -136 ) 
