PRT1
370
859
4 1 3 (1024 4800 -64 ) (1024 4544 -64 ) (1024 4544 64 ) (1024 4800 64 ) 
4 2 4 (1024 4176 -448 ) (1024 4176 -320 ) (1024 4432 -320 ) (1024 4432 -448 ) 
4 7 15 (-576 2461.890137 576 ) (-576 2272 576 ) (-576 2272 640 ) (-576 2461.890137 640 ) 
4 7 14 (-576 2464 576 ) (-576 2461.890137 576 ) (-576 2461.890137 640 ) (-576 2464 640 ) 
4 7 10 (-576 2272 576 ) (-576 2464 576 ) (-544 2464 576 ) (-544 2272 576 ) 
4 7 8 (-576 2272 640 ) (-576 2272 576 ) (-544 2272 576 ) (-544 2272 640 ) 
4 8 74 (-544 2048 576 ) (-544 2048 704 ) (-576 2048 704 ) (-576 2048 576 ) 
4 8 15 (-576 2272 576 ) (-576 2210.250000 576 ) (-576 2210.250000 640 ) (-576 2272 640 ) 
4 8 20 (-576 2210.250000 576 ) (-576 2048 576 ) (-576 2048 640 ) (-576 2210.250000 640 ) 
4 8 13 (-576 2048 640 ) (-576 2048 704 ) (-576 2272 704 ) (-576 2272 640 ) 
4 8 10 (-576 2048 576 ) (-576 2272 576 ) (-544 2272 576 ) (-544 2048 576 ) 
4 9 10 (-576 2464 320 ) (-544 2464 320 ) (-544 2464 576 ) (-576 2464 576 ) 
4 10 74 (-544 2048 320 ) (-544 2048 576 ) (-576 2048 576 ) (-576 2048 320 ) 
4 10 16 (-576 2210.250000 322.250000 ) (-576 2210.250000 448.250000 ) (-576 2461.890137 448.250000 ) (-576 2461.890137 322.250000 ) 
4 10 15 (-576 2210.250000 448.250000 ) (-576 2210.250000 576 ) (-576 2461.890137 576 ) (-576 2461.890137 448.250000 ) 
4 10 19 (-576 2461.890137 320 ) (-576 2210.250000 320 ) (-576 2210.250000 322.250000 ) (-576 2461.890137 322.250000 ) 
4 10 14 (-576 2464 320 ) (-576 2461.890137 320 ) (-576 2461.890137 576 ) (-576 2464 576 ) 
4 10 20 (-576 2210.250000 320 ) (-576 2048 320 ) (-576 2048 576 ) (-576 2210.250000 576 ) 
4 11 12 (-688 2416 832 ) (-592 2416 832 ) (-592 2320 832 ) (-688 2320 832 ) 
4 12 15 (-704 2304 640 ) (-704 2432 640 ) (-576 2432 640 ) (-576 2304 640 ) 
4 13 74 (-576 2048 640 ) (-576 2048 704 ) (-704 2048 704 ) (-704 2048 640 ) 
4 13 24 (-704 2048 640 ) (-704 2048 704 ) (-704 2272 704 ) (-704 2272 640 ) 
4 13 15 (-704 2210.250000 640 ) (-704 2272 640 ) (-576 2272 640 ) (-576 2210.250000 640 ) 
4 13 20 (-704 2048 640 ) (-704 2210.250000 640 ) (-576 2210.250000 640 ) (-576 2048 640 ) 
4 14 26 (-704 2464 576 ) (-704 2464 320 ) (-704 2461.890137 320 ) (-704 2461.890137 576 ) 
4 14 23 (-704 2461.890137 640 ) (-704 2464 640 ) (-704 2464 576 ) (-704 2461.890137 576 ) 
4 14 17 (-699 2461.890137 448.250000 ) (-701 2461.890137 448.250000 ) (-701 2461.890137 322.250000 ) (-699 2461.890137 322.250000 ) 
4 14 16 (-576 2461.890137 322.250000 ) (-576 2461.890137 448.250000 ) (-699 2461.890137 448.250000 ) (-699 2461.890137 322.250000 ) 
4 14 18 (-701 2461.890137 448.250000 ) (-704 2461.890137 448.250000 ) (-704 2461.890137 322.250000 ) (-701 2461.890137 322.250000 ) 
4 14 15 (-576 2461.890137 448.250000 ) (-576 2461.890137 640 ) (-704 2461.890137 640 ) (-704 2461.890137 448.250000 ) 
4 14 19 (-704 2461.890137 320 ) (-576 2461.890137 320 ) (-576 2461.890137 322.250000 ) (-704 2461.890137 322.250000 ) 
4 15 26 (-704 2461.890137 576 ) (-704 2461.890137 448.250000 ) (-704 2210.250000 448.250000 ) (-704 2210.250000 576 ) 
4 15 24 (-704 2210.250000 640 ) (-704 2272 640 ) (-704 2272 576 ) (-704 2210.250000 576 ) 
4 15 23 (-704 2272 640 ) (-704 2461.890137 640 ) (-704 2461.890137 576 ) (-704 2272 576 ) 
4 15 17 (-699 2210.250000 448.250000 ) (-701 2210.250000 448.250000 ) (-701 2461.890137 448.250000 ) (-699 2461.890137 448.250000 ) 
4 15 16 (-576 2210.250000 448.250000 ) (-699 2210.250000 448.250000 ) (-699 2461.890137 448.250000 ) (-576 2461.890137 448.250000 ) 
4 15 18 (-701 2210.250000 448.250000 ) (-704 2210.250000 448.250000 ) (-704 2461.890137 448.250000 ) (-701 2461.890137 448.250000 ) 
4 15 20 (-576 2210.250000 448.250000 ) (-576 2210.250000 640 ) (-704 2210.250000 640 ) (-704 2210.250000 448.250000 ) 
4 16 19 (-576 2210.250000 322.250000 ) (-699 2210.250000 322.250000 ) (-699 2461.890137 322.250000 ) (-576 2461.890137 322.250000 ) 
4 16 20 (-576 2210.250000 322.250000 ) (-576 2210.250000 448.250000 ) (-699 2210.250000 448.250000 ) (-699 2210.250000 322.250000 ) 
4 16 17 (-699 2461.890137 322.250000 ) (-699 2210.250000 322.250000 ) (-699 2210.250000 448.250000 ) (-699 2461.890137 448.250000 ) 
4 17 18 (-701 2461.890137 322.250000 ) (-701 2210.250000 322.250000 ) (-701 2210.250000 448.250000 ) (-701 2461.890137 448.250000 ) 
4 17 19 (-699 2210.250000 322.250000 ) (-701 2210.250000 322.250000 ) (-701 2461.890137 322.250000 ) (-699 2461.890137 322.250000 ) 
4 17 20 (-699 2210.250000 448.250000 ) (-701 2210.250000 448.250000 ) (-701 2210.250000 322.250000 ) (-699 2210.250000 322.250000 ) 
4 18 26 (-704 2461.890137 448.250000 ) (-704 2461.890137 322.250000 ) (-704 2210.250000 322.250000 ) (-704 2210.250000 448.250000 ) 
4 18 20 (-701 2210.250000 448.250000 ) (-704 2210.250000 448.250000 ) (-704 2210.250000 322.250000 ) (-701 2210.250000 322.250000 ) 
4 18 19 (-701 2210.250000 322.250000 ) (-704 2210.250000 322.250000 ) (-704 2461.890137 322.250000 ) (-701 2461.890137 322.250000 ) 
4 19 26 (-704 2461.890137 322.250000 ) (-704 2461.890137 320 ) (-704 2210.250000 320 ) (-704 2210.250000 322.250000 ) 
4 19 20 (-704 2210.250000 320 ) (-576 2210.250000 320 ) (-576 2210.250000 322.250000 ) (-704 2210.250000 322.250000 ) 
4 20 74 (-576 2048 320 ) (-576 2048 640 ) (-704 2048 640 ) (-704 2048 320 ) 
4 20 26 (-704 2048 320 ) (-704 2048 576 ) (-704 2210.250000 576 ) (-704 2210.250000 320 ) 
4 20 24 (-704 2048 576 ) (-704 2048 640 ) (-704 2210.250000 640 ) (-704 2210.250000 576 ) 
4 21 28 (-704 2336 32 ) (-704 2336 192 ) (-704 2464 192 ) (-704 2464 32 ) 
4 22 31 (-704 2272 128 ) (-704 2272 64 ) (-704 2208 64 ) (-704 2208 128 ) 
4 23 32 (-736 2464 576 ) (-736 2334.189941 576 ) (-736 2334.189941 640 ) (-736 2464 640 ) 
4 23 35 (-736 2334.189941 576 ) (-736 2272 576 ) (-736 2272 640 ) (-736 2334.189941 640 ) 
4 23 26 (-736 2272 576 ) (-736 2464 576 ) (-704 2464 576 ) (-704 2272 576 ) 
4 23 24 (-736 2272 640 ) (-736 2272 576 ) (-704 2272 576 ) (-704 2272 640 ) 
4 24 75 (-704 2048 576 ) (-704 2048 704 ) (-736 2048 704 ) (-736 2048 576 ) 
4 24 35 (-736 2272 576 ) (-736 2048 576 ) (-736 2048 704 ) (-736 2272 704 ) 
4 24 26 (-736 2048 576 ) (-736 2272 576 ) (-704 2272 576 ) (-704 2048 576 ) 
4 25 26 (-736 2464 320 ) (-704 2464 320 ) (-704 2464 576 ) (-736 2464 576 ) 
4 26 75 (-704 2048 320 ) (-704 2048 576 ) (-736 2048 576 ) (-736 2048 320 ) 
4 26 32 (-736 2464 320 ) (-736 2334.189941 320 ) (-736 2334.189941 576 ) (-736 2464 576 ) 
4 26 35 (-736 2334.189941 320 ) (-736 2048 320 ) (-736 2048 576 ) (-736 2334.189941 576 ) 
4 26 29 (-736 2334.189941 320 ) (-736 2336 320 ) (-704 2336 320 ) (-704 2334.189941 320 ) 
4 26 31 (-736 2048 320 ) (-736 2334.189941 320 ) (-704 2334.189941 320 ) (-704 2048 320 ) 
4 26 27 (-736 2336 320 ) (-736 2464 320 ) (-704 2464 320 ) (-704 2336 320 ) 
4 27 32 (-736 2464 160 ) (-736 2336 160 ) (-736 2336 320 ) (-736 2464 320 ) 
4 27 29 (-704 2336 192 ) (-704 2336 320 ) (-736 2336 320 ) (-736 2336 160 ) 
4 27 28 (-704 2336 192 ) (-736 2336 160 ) (-736 2464 160 ) (-704 2464 192 ) 
4 28 36 (-736 2464 32 ) (-736 2336 32 ) (-736 2336 64 ) (-736 2464 64 ) 
4 28 33 (-736 2336 64 ) (-736 2336 160 ) (-736 2464 160 ) (-736 2464 64 ) 
4 28 30 (-704 2336 64 ) (-704 2336 192 ) (-736 2336 160 ) (-736 2336 64 ) 
4 29 32 (-736 2334.189941 320 ) (-736 2336 320 ) (-736 2336 160 ) (-736 2334.189941 160 ) 
4 29 31 (-704 2334.189941 192 ) (-704 2334.189941 320 ) (-736 2334.189941 320 ) (-736 2334.189941 160 ) 
4 29 30 (-704 2334.189941 191.996094 ) (-736 2334.189941 159.996094 ) (-736 2336 159.996094 ) (-704 2336 191.996094 ) 
4 30 33 (-736 2336 160 ) (-736 2336 64 ) (-736 2334.189941 64 ) (-736 2334.189941 160 ) 
4 30 31 (-736 2334.189941 64 ) (-704 2334.189941 64 ) (-704 2334.189941 192 ) (-736 2334.189941 160 ) 
4 31 75 (-704 2048 64 ) (-704 2048 320 ) (-736 2048 320 ) (-736 2048 64 ) 
4 31 35 (-736 2048 64 ) (-736 2048 320 ) (-736 2334.189941 320 ) (-736 2334.189941 64 ) 
4 32 42 (-864 2432 693.625977 ) (-864 2432 64 ) (-864 2334.189941 64 ) (-864 2334.189941 668.027222 ) 
4 32 41 (-864 2334.189941 704 ) (-864 2432 704 ) (-864 2432 701.625000 ) (-864 2334.189941 676.026245 ) 
4 32 38 (-864 2464 702 ) (-864 2464 64 ) (-864 2432 64 ) (-864 2432 693.625977 ) 
3 32 37 (-864 2432 704 ) (-864 2441.074707 704 ) (-864 2432 701.625000 ) 
4 32 34 (-800 2334.189941 96 ) (-832 2334.189941 64 ) (-832 2464 64 ) (-800 2464 96 ) 
4 32 33 (-736 2334.189941 160 ) (-800 2334.189941 96 ) (-800 2464 96 ) (-736 2464 160 ) 
5 32 35 (-864 2334.189941 64 ) (-832 2334.189941 64 ) (-736 2334.189941 160 ) (-736 2334.189941 704 ) (-864 2334.189941 704 ) 
4 33 36 (-736 2464 64 ) (-736 2336 64 ) (-800 2336 64 ) (-800 2464 64 ) 
4 33 34 (-800 2464 64 ) (-800 2334.189941 64 ) (-800 2334.189941 96 ) (-800 2464 96 ) 
4 33 35 (-800 2334.189941 64 ) (-736 2334.189941 64 ) (-736 2334.189941 160 ) (-800 2334.189941 96 ) 
3 34 35 (-832 2334.189941 64 ) (-800 2334.189941 64 ) (-800 2334.189941 96 ) 
4 35 75 (-736 2048 64 ) (-736 2048 704 ) (-864 2048 704 ) (-864 2048 64 ) 
4 35 43 (-864 2048 64 ) (-864 2048 704 ) (-864 2208 704 ) (-864 2208 64 ) 
4 35 42 (-864 2334.189941 668.027222 ) (-864 2334.189941 64 ) (-864 2208 64 ) (-864 2208 635 ) 
4 35 41 (-864 2208 704 ) (-864 2334.189941 704 ) (-864 2334.189941 676.026245 ) (-864 2208 643 ) 
4 37 49 (-1024 2432 702.458679 ) (-1024 2432 736 ) (-1024 2464 736 ) (-1024 2464 710.833618 ) 
4 37 47 (-1024 2432 736 ) (-1024 2432 1024 ) (-1024 2464 1024 ) (-1024 2464 736 ) 
4 37 41 (-864 2432 701.625000 ) (-864 2432 736 ) (-1024 2432 736 ) (-1024 2432 702.458679 ) 
4 37 40 (-864 2432 736 ) (-864 2432 1024 ) (-1024 2432 1024 ) (-1024 2432 736 ) 
4 38 50 (-1024 2432 62 ) (-1024 2432 694.459290 ) (-1024 2464 702.834290 ) (-1024 2464 62 ) 
4 38 42 (-864 2432 64 ) (-864 2432 693.625977 ) (-1024 2432 694.459290 ) (-1024 2432 64 ) 
4 38 39 (-864 2432 62 ) (-1024 2432 62 ) (-1024 2464 62 ) (-864 2464 62 ) 
4 39 51 (-1024 2432 54 ) (-1024 2432 62 ) (-1024 2464 62 ) (-1024 2464 54 ) 
4 40 47 (-1024 2080 1024 ) (-1024 2432 1024 ) (-1024 2432 736 ) (-1024 2080 736 ) 
4 40 44 (-992 2080 736 ) (-1024 2080 736 ) (-1024 2208 736 ) (-992 2208 736 ) 
4 40 43 (-864 2208 736 ) (-864 2080 736 ) (-992 2080 736 ) (-992 2208 736 ) 
4 40 41 (-1024 2432 736 ) (-864 2432 736 ) (-864 2208 736 ) (-1024 2208 736 ) 
4 41 54 (-1024 2432 704 ) (-1024 2432 702.458679 ) (-1024 2208 643.833679 ) (-1024 2208 704 ) 
4 41 52 (-1024 2208 736 ) (-1024 2432 736 ) (-1024 2432 704 ) (-1024 2208 704 ) 
4 41 44 (-992 2208 736 ) (-1024 2208 736 ) (-1024 2208 643.833679 ) (-992 2208 643.666931 ) 
4 41 43 (-864 2208 643 ) (-864 2208 736 ) (-992 2208 736 ) (-992 2208 643.666931 ) 
4 42 55 (-1024 2432 694.459290 ) (-1024 2432 64 ) (-1024 2208 64 ) (-1024 2208 635.834290 ) 
4 42 44 (-1024 2208 64 ) (-992 2208 64 ) (-992 2208 635.667603 ) (-1024 2208 635.834290 ) 
4 42 43 (-992 2208 64 ) (-864 2208 64 ) (-864 2208 635 ) (-992 2208 635.667603 ) 
4 43 75 (-864 2048 64 ) (-864 2048 704 ) (-992 2048 704 ) (-992 2048 64 ) 
4 43 73 (-864 2048 704 ) (-864 2048 736 ) (-992 2048 736 ) (-992 2048 704 ) 
4 43 45 (-992 2080 64 ) (-992 2048 64 ) (-992 2048 704 ) (-992 2080 704 ) 
4 43 44 (-992 2208 736 ) (-992 2208 64 ) (-992 2080 64 ) (-992 2080 736 ) 
4 44 57 (-1024 2144 64 ) (-1024 2080 64 ) (-1024 2080 704 ) (-1024 2144 704 ) 
4 44 56 (-1024 2208 704 ) (-1024 2208 64 ) (-1024 2144 64 ) (-1024 2144 704 ) 
4 44 52 (-1024 2080 736 ) (-1024 2208 736 ) (-1024 2208 704 ) (-1024 2080 704 ) 
4 44 45 (-1024 2080 64 ) (-992 2080 64 ) (-992 2080 704 ) (-1024 2080 704 ) 
4 45 75 (-1024 2048 704 ) (-1024 2048 64 ) (-992 2048 64 ) (-992 2048 704 ) 
4 45 57 (-1024 2048 64 ) (-1024 2048 704 ) (-1024 2080 704 ) (-1024 2080 64 ) 
4 46 50 (-1248 2464 256 ) (-1248 2464 64 ) (-1184 2464 64 ) (-1184 2464 256 ) 
4 47 52 (-1024 2432 736 ) (-1024 2080 736 ) (-1120 2080 736 ) (-1120 2432 736 ) 
4 47 49 (-1120 2464 736 ) (-1024 2464 736 ) (-1024 2432 736 ) (-1120 2432 736 ) 
4 47 48 (-1120 2464 736 ) (-1120 2208 736 ) (-1120 2208 1024 ) (-1120 2464 1024 ) 
4 48 61 (-1248 2208 1024 ) (-1248 2464 1024 ) (-1248 2464 736 ) (-1248 2208 736 ) 
4 48 53 (-1248 2208 736 ) (-1248 2432 736 ) (-1120 2432 736 ) (-1120 2208 736 ) 
4 48 49 (-1248 2432 736 ) (-1248 2464 736 ) (-1120 2464 736 ) (-1120 2432 736 ) 
4 49 54 (-1248 2432 704 ) (-1248 2432 703.625977 ) (-1024 2432 702.458679 ) (-1024 2432 704 ) 
4 49 53 (-1120 2432 736 ) (-1248 2432 736 ) (-1248 2432 704 ) (-1120 2432 704 ) 
4 49 52 (-1024 2432 736 ) (-1120 2432 736 ) (-1120 2432 704 ) (-1024 2432 704 ) 
4 50 55 (-1248 2432 695.625977 ) (-1248 2432 64 ) (-1024 2432 64 ) (-1024 2432 694.459290 ) 
4 50 51 (-1024 2432 62 ) (-1248 2432 62 ) (-1248 2464 62 ) (-1024 2464 62 ) 
4 52 57 (-1024 2144 704 ) (-1024 2080 704 ) (-1120 2080 704 ) (-1120 2144 704 ) 
4 52 54 (-1120 2432 704 ) (-1024 2432 704 ) (-1024 2208 704 ) (-1120 2208 704 ) 
4 52 56 (-1024 2208 704 ) (-1024 2144 704 ) (-1120 2144 704 ) (-1120 2208 704 ) 
4 52 53 (-1120 2432 736 ) (-1120 2432 704 ) (-1120 2208 704 ) (-1120 2208 736 ) 
4 53 54 (-1248 2208 704 ) (-1248 2432 704 ) (-1120 2432 704 ) (-1120 2208 704 ) 
4 54 62 (-1248 2304 704 ) (-1248 2368 704 ) (-1248 2368 686.875916 ) (-1248 2304 670.125916 ) 
4 54 56 (-1024 2208 643.833679 ) (-1024 2208 704 ) (-1248 2208 704 ) (-1248 2208 645 ) 
4 55 66 (-1248 2336 128 ) (-1248 2272 128 ) (-1248 2272 192 ) (-1248 2336 192 ) 
4 55 64 (-1248 2368 256 ) (-1248 2304 256 ) (-1248 2304 512 ) (-1248 2368 512 ) 
4 55 62 (-1248 2368 512 ) (-1248 2304 512 ) (-1248 2304 662.126038 ) (-1248 2368 678.875977 ) 
4 55 56 (-1248 2208 64 ) (-1024 2208 64 ) (-1024 2208 635.834290 ) (-1248 2208 637.001038 ) 
4 56 59 (-1248 2144 192 ) (-1248 2144 64 ) (-1152 2144 64 ) (-1152 2144 96 ) 
4 56 58 (-1152 2144 704 ) (-1248 2144 704 ) (-1248 2144 192 ) (-1152 2144 96 ) 
4 56 57 (-1024 2144 64 ) (-1024 2144 704 ) (-1152 2144 704 ) (-1152 2144 64 ) 
4 57 143 (-1024 2048 64 ) (-1024 2048 192 ) (-1152 2048 192 ) (-1152 2048 64 ) 
4 57 142 (-1024 2048 192 ) (-1024 2048 320 ) (-1152 2048 320 ) (-1152 2048 192 ) 
4 57 139 (-1024 2048 320 ) (-1024 2048 448 ) (-1152 2048 448 ) (-1152 2048 320 ) 
4 57 135 (-1024 2048 448 ) (-1024 2048 704 ) (-1152 2048 704 ) (-1152 2048 448 ) 
4 57 59 (-1152 2144 96 ) (-1152 2144 64 ) (-1152 2048 64 ) (-1152 2048 96 ) 
4 57 58 (-1152 2144 704 ) (-1152 2144 96 ) (-1152 2048 96 ) (-1152 2048 704 ) 
3 58 144 (-1248 2048 192 ) (-1152 2048 96 ) (-1152 2048 192 ) 
4 58 142 (-1248 2048 320 ) (-1248 2048 192 ) (-1152 2048 192 ) (-1152 2048 320 ) 
4 58 139 (-1248 2048 448 ) (-1248 2048 320 ) (-1152 2048 320 ) (-1152 2048 448 ) 
4 58 135 (-1152 2048 704 ) (-1248 2048 704 ) (-1248 2048 448 ) (-1152 2048 448 ) 
4 58 59 (-1248 2144 192 ) (-1152 2144 96 ) (-1152 2048 96 ) (-1248 2048 192 ) 
4 59 145 (-1248 2048 192 ) (-1248 2048 64 ) (-1152 2048 64 ) (-1152 2048 96 ) 
4 59 67 (-1248 2048 64 ) (-1248 2048 192 ) (-1248 2144 192 ) (-1248 2144 64 ) 
4 59 60 (-1152 2048 64 ) (-1248 2048 64 ) (-1248 2144 64 ) (-1152 2144 64 ) 
4 60 146 (-1152 2048 64 ) (-1248 2048 64 ) (-1248 2048 32 ) (-1152 2048 32 ) 
4 60 67 (-1248 2048 32 ) (-1248 2048 64 ) (-1248 2144 64 ) (-1248 2144 32 ) 
4 62 64 (-1280 2304 512 ) (-1280 2368 512 ) (-1248 2368 512 ) (-1248 2304 512 ) 
4 63 64 (-1280 2368 512 ) (-1280 2368 256 ) (-1248 2368 256 ) (-1248 2368 512 ) 
4 64 65 (-1280 2304 512 ) (-1280 2304 256 ) (-1248 2304 256 ) (-1248 2304 512 ) 
4 67 146 (-1248 2048 32 ) (-1248 2048 64 ) (-1280 2048 64 ) (-1280 2048 32 ) 
4 67 145 (-1248 2048 64 ) (-1248 2048 192 ) (-1280 2048 192 ) (-1280 2048 64 ) 
4 67 68 (-1280 2048 32 ) (-1280 2048 192 ) (-1280 2144 192 ) (-1280 2144 32 ) 
4 68 146 (-1280 2048 32 ) (-1280 2048 64 ) (-1312 2048 64 ) (-1312 2048 32 ) 
4 68 145 (-1280 2048 64 ) (-1280 2048 192 ) (-1312 2048 192 ) (-1312 2048 64 ) 
4 69 154 (-2016 2048 192 ) (-2016 2048 32 ) (-1632 2048 32 ) (-1632 2048 192 ) 
4 69 153 (-1632 2048 32 ) (-1568 2048 32 ) (-1568 2048 192 ) (-1632 2048 192 ) 
4 69 150 (-1568 2048 32 ) (-1536 2048 32 ) (-1536 2048 192 ) (-1568 2048 192 ) 
4 69 149 (-1536 2048 256 ) (-2016 2048 256 ) (-2016 2048 192 ) (-1536 2048 192 ) 
4 69 71 (-2016 2304 32 ) (-1536 2304 32 ) (-1536 2048 32 ) (-2016 2048 32 ) 
4 69 70 (-2016 2304 256 ) (-2016 2304 64 ) (-2016 2048 64 ) (-2016 2048 256 ) 
4 70 248 (-2048 2048 64 ) (-2048 2048 256 ) (-2048 2304 256 ) (-2048 2304 64 ) 
4 70 157 (-2048 2048 192 ) (-2048 2048 64 ) (-2016 2048 64 ) (-2016 2048 192 ) 
4 70 149 (-2016 2048 256 ) (-2048 2048 256 ) (-2048 2048 192 ) (-2016 2048 192 ) 
4 71 156 (-2016 2048 -192 ) (-2016 2048 -224 ) (-1568 2048 -224 ) (-1568 2048 -192 ) 
4 71 154 (-1632 2048 32 ) (-2016 2048 32 ) (-2016 2048 -192 ) (-1632 2048 -192 ) 
4 71 153 (-1568 2048 32 ) (-1632 2048 32 ) (-1632 2048 -192 ) (-1568 2048 -192 ) 
4 71 150 (-1536 2048 32 ) (-1568 2048 32 ) (-1568 2048 -224 ) (-1536 2048 -224 ) 
4 71 72 (-2016 2304 -224 ) (-1536 2304 -224 ) (-1536 2048 -224 ) (-2016 2048 -224 ) 
4 72 248 (-2048 2048 -256 ) (-2048 2048 -224 ) (-2048 2304 -224 ) (-2048 2304 -256 ) 
4 72 159 (-2016 2048 -224 ) (-2048 2048 -224 ) (-2048 2048 -256 ) (-2016 2048 -256 ) 
4 72 156 (-1568 2048 -224 ) (-2016 2048 -224 ) (-2016 2048 -256 ) (-1568 2048 -256 ) 
4 72 152 (-1536 2048 -256 ) (-1536 2048 -224 ) (-1568 2048 -224 ) (-1568 2048 -256 ) 
4 73 79 (-928 2016 736 ) (-992 2016 736 ) (-992 2016 704 ) (-928 2016 704 ) 
4 73 75 (-864 2016 704 ) (-992 2016 704 ) (-992 2048 704 ) (-864 2048 704 ) 
4 74 77 (-576 2016 320 ) (-544 2016 320 ) (-544 2016 576 ) (-576 2016 576 ) 
4 74 75 (-704 2016 320 ) (-704 2016 704 ) (-704 2048 704 ) (-704 2048 320 ) 
4 75 143 (-1024 2048 192 ) (-1024 2048 64 ) (-1024 2016 64 ) (-1024 2016 192 ) 
4 75 142 (-1024 2048 320 ) (-1024 2048 192 ) (-1024 2016 192 ) (-1024 2016 320 ) 
4 75 139 (-1024 2048 448 ) (-1024 2048 320 ) (-1024 2016 320 ) (-1024 2016 448 ) 
4 75 135 (-1024 2048 704 ) (-1024 2048 448 ) (-1024 2016 448 ) (-1024 2016 704 ) 
4 75 80 (-864 2016 704 ) (-1024 2016 704 ) (-1024 2016 64 ) (-864 2016 64 ) 
4 75 78 (-704 2016 448 ) (-704 2016 576 ) (-736 2016 576 ) (-736 2016 448 ) 
4 76 87 (-480 1888 702 ) (-480 1888 576 ) (-352 1888 576 ) (-352 1888 702 ) 
4 76 86 (-352 1888 704 ) (-480 1888 704 ) (-480 1888 702 ) (-352 1888 702 ) 
4 79 80 (-928 1952 704 ) (-992 1952 704 ) (-992 2016 704 ) (-928 2016 704 ) 
4 80 147 (-1024 1952 64 ) (-1024 1952 320 ) (-1024 2016 320 ) (-1024 2016 64 ) 
4 80 139 (-1024 1952 320 ) (-1024 1952 448 ) (-1024 2016 448 ) (-1024 2016 320 ) 
4 80 135 (-1024 1952 448 ) (-1024 1952 704 ) (-1024 2016 704 ) (-1024 2016 448 ) 
4 80 83 (-864 1952 704 ) (-1024 1952 704 ) (-1024 1952 64 ) (-864 1952 64 ) 
4 81 96 (-856 1888 184 ) (-856 1888 32 ) (-744 1888 32 ) (-744 1888 184 ) 
4 81 82 (-856 1952 32 ) (-856 1888 32 ) (-856 1888 184 ) (-856 1952 184 ) 
4 82 96 (-856 1888 192 ) (-864 1888 192 ) (-864 1888 32 ) (-856 1888 32 ) 
4 82 83 (-864 1952 192 ) (-864 1952 64 ) (-864 1888 64 ) (-864 1888 192 ) 
4 83 148 (-1024 1888 64 ) (-1024 1888 320 ) (-1024 1952 320 ) (-1024 1952 64 ) 
4 83 141 (-1024 1888 320 ) (-1024 1888 448 ) (-1024 1920 448 ) (-1024 1920 320 ) 
4 83 140 (-1024 1920 448 ) (-1024 1952 448 ) (-1024 1952 320 ) (-1024 1920 320 ) 
4 83 136 (-1024 1888 448 ) (-1024 1888 704 ) (-1024 1952 704 ) (-1024 1952 448 ) 
4 83 110 (-1024 1888 704 ) (-1024 1888 64 ) (-960 1888 64 ) (-960 1888 704 ) 
4 83 106 (-960 1888 64 ) (-864 1888 64 ) (-864 1888 704 ) (-960 1888 704 ) 
4 84 86 (-480 1248 704 ) (-608 1248 704 ) (-608 1280 704 ) (-480 1280 704 ) 
4 85 87 (-352 1760 576 ) (-352 1888 576 ) (-352 1888 448 ) (-352 1760 448 ) 
4 86 90 (-608 1248 702 ) (-608 1248 704 ) (-608 1376 704 ) (-608 1376 702 ) 
4 86 87 (-608 1248 702 ) (-608 1888 702 ) (-352 1888 702 ) (-352 1248 702 ) 
3 87 118 (-531.974976 1248 555.002747 ) (-536.791382 1248 554.600830 ) (-531.974976 1248 552.992981 ) 
24 87 117 (-604.975952 1248 492.988770 ) (-603.968018 1248 480.974365 ) (-600.974487 1248 469.998047 ) (-594.925598 1248 458.929626 ) (-585 1248 448 ) (-502.976715 1248 448 ) (-492.984650 1248 458.988342 ) (-486.961884 1248 470.030121 ) (-483.976471 1248 480.976654 ) (-482.975830 1248 493.010040 ) (-483.975586 1248 505.006805 ) (-486.971985 1248 515.992676 ) (-492.982025 1248 527.011047 ) (-502.979126 1248 538.005615 ) (-509.970245 1248 543.998596 ) (-519.855103 1248 548.946960 ) (-536.791382 1248 554.600830 ) (-555.924500 1248 553.004150 ) (-567.980652 1248 548.998108 ) (-577.979980 1248 543.997437 ) (-584.977051 1248 538 ) (-594.976318 1248 526.966492 ) (-600.975159 1248 516 ) (-603.974976 1248 505 ) 
4 87 89 (-608 1888 640 ) (-608 1888 322 ) (-608 1376 322 ) (-608 1376 640 ) 
4 87 90 (-608 1248 322 ) (-608 1248 702 ) (-608 1376 702 ) (-608 1376 322 ) 
4 87 88 (-608 1248 322 ) (-608 1888 322 ) (-352 1888 322 ) (-352 1248 322 ) 
4 88 93 (-482 1248 320 ) (-608 1248 320 ) (-608 1504 320 ) (-482 1504 320 ) 
4 88 92 (-482 1280 320 ) (-482 1504 320 ) (-480 1504 320 ) (-480 1280 320 ) 
4 88 91 (-352 1248 320 ) (-480 1248 320 ) (-480 1280 320 ) (-352 1280 320 ) 
4 88 89 (-608 1888 320 ) (-608 1376 320 ) (-608 1376 322 ) (-608 1888 322 ) 
4 88 90 (-608 1376 320 ) (-608 1248 320 ) (-608 1248 322 ) (-608 1376 322 ) 
4 89 99 (-736 1408 320 ) (-736 1376 320 ) (-736 1376 640 ) (-736 1408 640 ) 
4 89 97 (-736 1792 320 ) (-736 1408 320 ) (-736 1408 640 ) (-736 1792 640 ) 
4 89 95 (-736 1888 640 ) (-736 1888 320 ) (-736 1792 320 ) (-736 1792 640 ) 
4 89 90 (-736 1376 320 ) (-608 1376 320 ) (-608 1376 640 ) (-736 1376 640 ) 
4 90 119 (-640 1248 512 ) (-608 1248 512 ) (-608 1248 544 ) (-640 1248 544 ) 
4 90 101 (-736 1376 320 ) (-736 1248 320 ) (-736 1248 704 ) (-736 1376 704 ) 
5 92 93 (-482 1504 320 ) (-482 1504 256 ) (-482 1418.666626 256 ) (-482 1280 295 ) (-482 1280 320 ) 
4 94 106 (-864 1888 704 ) (-864 1888 640 ) (-864 1408 640 ) (-864 1408 704 ) 
4 94 98 (-800 1408 704 ) (-864 1408 704 ) (-864 1408 640 ) (-800 1408 640 ) 
4 94 97 (-800 1408 640 ) (-864 1408 640 ) (-864 1792 640 ) (-800 1792 640 ) 
4 94 95 (-864 1792 640 ) (-864 1888 640 ) (-800 1888 640 ) (-800 1792 640 ) 
4 95 106 (-864 1888 640 ) (-864 1888 192 ) (-864 1792 96 ) (-864 1792 640 ) 
4 95 97 (-736 1792 96 ) (-736 1792 640 ) (-864 1792 640 ) (-864 1792 96 ) 
4 95 96 (-736 1792 96 ) (-864 1792 96 ) (-864 1888 192 ) (-736 1888 192 ) 
4 96 106 (-864 1888 192 ) (-864 1888 64 ) (-864 1792 64 ) (-864 1792 96 ) 
4 96 97 (-736 1792 64 ) (-736 1792 96 ) (-864 1792 96 ) (-864 1792 64 ) 
4 97 106 (-864 1408 64 ) (-864 1408 640 ) (-864 1792 640 ) (-864 1792 64 ) 
4 97 99 (-736 1408 64 ) (-736 1408 640 ) (-864 1408 640 ) (-864 1408 64 ) 
4 98 106 (-864 1376 640 ) (-864 1376 704 ) (-864 1408 704 ) (-864 1408 640 ) 
4 98 101 (-864 1376 704 ) (-864 1376 640 ) (-800 1376 640 ) (-800 1376 704 ) 
4 98 99 (-800 1376 640 ) (-864 1376 640 ) (-864 1408 640 ) (-800 1408 640 ) 
4 99 106 (-864 1376 64 ) (-864 1376 640 ) (-864 1408 640 ) (-864 1408 64 ) 
4 99 101 (-864 1376 640 ) (-864 1376 320 ) (-736 1376 320 ) (-736 1376 640 ) 
4 99 100 (-736 1376 64 ) (-864 1376 64 ) (-864 1408 64 ) (-736 1408 64 ) 
4 101 107 (-864 1248 320 ) (-864 1248 704 ) (-864 1376 704 ) (-864 1376 320 ) 
4 102 116 (-960 1248 704 ) (-992 1248 704 ) (-992 1280 704 ) (-960 1280 704 ) 
4 102 109 (-896 1248 704 ) (-960 1248 704 ) (-960 1280 704 ) (-896 1280 704 ) 
4 102 107 (-864 1280 704 ) (-864 1248 704 ) (-896 1248 704 ) (-896 1280 704 ) 
4 102 105 (-992 1280 704 ) (-992 1248 704 ) (-992 1248 712 ) (-992 1280 712 ) 
4 103 160 (-1024 1504 768 ) (-1024 1632 768 ) (-1024 1632 736 ) (-1024 1504 736 ) 
4 103 104 (-992 1632 736 ) (-992 1504 736 ) (-1024 1504 736 ) (-1024 1632 736 ) 
4 104 161 (-1024 1376 736 ) (-1024 1888 736 ) (-1024 1888 704 ) (-1024 1376 704 ) 
4 104 116 (-992 1504 704 ) (-992 1376 704 ) (-1024 1376 704 ) (-1024 1504 704 ) 
4 104 114 (-992 1536 704 ) (-992 1504 704 ) (-1024 1504 704 ) (-1024 1536 704 ) 
4 104 113 (-992 1600 704 ) (-992 1536 704 ) (-1024 1536 704 ) (-1024 1600 704 ) 
4 104 111 (-992 1632 704 ) (-992 1600 704 ) (-1024 1600 704 ) (-1024 1632 704 ) 
4 104 110 (-1024 1888 704 ) (-992 1888 704 ) (-992 1632 704 ) (-1024 1632 704 ) 
4 105 162 (-1024 1248 704 ) (-1024 1248 712 ) (-1024 1280 712 ) (-1024 1280 704 ) 
4 105 116 (-992 1280 704 ) (-992 1248 704 ) (-1024 1248 704 ) (-1024 1280 704 ) 
4 106 116 (-960 1376 704 ) (-960 1504 704 ) (-960 1504 64 ) (-960 1376 64 ) 
4 106 114 (-960 1504 704 ) (-960 1536 704 ) (-960 1536 64 ) (-960 1504 64 ) 
4 106 113 (-960 1536 704 ) (-960 1600 704 ) (-960 1600 192 ) (-960 1536 192 ) 
4 106 111 (-960 1600 704 ) (-960 1632 704 ) (-960 1632 64 ) (-960 1600 64 ) 
4 106 110 (-960 1632 704 ) (-960 1888 704 ) (-960 1888 64 ) (-960 1632 64 ) 
4 106 109 (-960 1376 704 ) (-960 1376 64 ) (-896 1376 64 ) (-896 1376 704 ) 
4 106 107 (-896 1376 64 ) (-864 1376 64 ) (-864 1376 704 ) (-896 1376 704 ) 
4 107 109 (-896 1376 704 ) (-896 1376 64 ) (-896 1248 64 ) (-896 1248 704 ) 
4 107 108 (-896 1248 64 ) (-896 1376 64 ) (-864 1376 64 ) (-864 1248 64 ) 
4 109 116 (-960 1248 64 ) (-960 1248 704 ) (-960 1376 704 ) (-960 1376 64 ) 
4 110 177 (-1024 1632 64 ) (-1024 1632 448 ) (-1024 1888 448 ) (-1024 1888 64 ) 
4 110 164 (-1024 1632 448 ) (-1024 1632 704 ) (-1024 1888 704 ) (-1024 1888 448 ) 
4 110 111 (-960 1632 64 ) (-960 1632 704 ) (-1024 1632 704 ) (-1024 1632 64 ) 
4 111 178 (-1024 1600 64 ) (-1024 1600 448 ) (-1024 1632 448 ) (-1024 1632 64 ) 
4 111 164 (-1024 1600 448 ) (-1024 1600 704 ) (-1024 1632 704 ) (-1024 1632 448 ) 
4 111 113 (-960 1600 192 ) (-960 1600 704 ) (-1024 1600 704 ) (-1024 1600 192 ) 
4 111 112 (-960 1600 64 ) (-1024 1600 64 ) (-1024 1632 64 ) (-960 1632 64 ) 
4 112 179 (-1024 1600 56 ) (-1024 1600 64 ) (-1024 1632 64 ) (-1024 1632 56 ) 
4 113 180 (-1024 1536 192 ) (-1024 1536 448 ) (-1024 1600 448 ) (-1024 1600 192 ) 
4 113 164 (-1024 1536 448 ) (-1024 1536 704 ) (-1024 1600 704 ) (-1024 1600 448 ) 
4 113 114 (-960 1536 192 ) (-960 1536 704 ) (-1024 1536 704 ) (-1024 1536 192 ) 
4 114 181 (-1024 1504 64 ) (-1024 1504 448 ) (-1024 1536 448 ) (-1024 1536 64 ) 
4 114 164 (-1024 1504 448 ) (-1024 1504 704 ) (-1024 1536 704 ) (-1024 1536 448 ) 
4 114 116 (-960 1504 64 ) (-960 1504 704 ) (-1024 1504 704 ) (-1024 1504 64 ) 
4 114 115 (-960 1504 64 ) (-1024 1504 64 ) (-1024 1536 64 ) (-960 1536 64 ) 
4 115 182 (-1024 1504 56 ) (-1024 1504 64 ) (-1024 1536 64 ) (-1024 1536 56 ) 
4 116 183 (-1024 1248 64 ) (-1024 1248 448 ) (-1024 1504 448 ) (-1024 1504 64 ) 
4 116 164 (-1024 1248 448 ) (-1024 1248 704 ) (-1024 1504 704 ) (-1024 1504 448 ) 
24 117 120 (-536.758545 1246 554.603577 ) (-555.928223 1246 553.003784 ) (-567.969543 1246 549.002747 ) (-577.968079 1246 544.002502 ) (-585.087708 1246 537.899963 ) (-594.948730 1246 527.019104 ) (-600.974060 1246 516.003601 ) (-603.974915 1246 505 ) (-604.977356 1246 492.971527 ) (-603.972107 1246 480.989349 ) (-600.962463 1246 469.954132 ) (-594.990051 1246 459.025574 ) (-584.976990 1246 448 ) (-502.973938 1246 448 ) (-492.988800 1246 458.980713 ) (-486.972839 1246 470.009979 ) (-483.974091 1246 481.005371 ) (-482.975861 1246 493.010071 ) (-483.975586 1246 505.006744 ) (-486.971069 1246 515.989197 ) (-492.979980 1246 527.005493 ) (-503.005493 1246 538.031311 ) (-509.958862 1246 543.991943 ) (-519.943237 1246 548.990112 ) 
4 117 118 (-536.793701 1248 554.600586 ) (-536.760864 1246 554.603333 ) (-531.958984 1246 553 ) (-531.974976 1248 552.991943 ) 
3 118 120 (-531.958984 1246 555.004150 ) (-536.758545 1246 554.603577 ) (-531.958984 1246 553.001343 ) 
4 120 121 (-640 1234 576 ) (-640 1234 448 ) (-448 1234 448 ) (-448 1234 576 ) 
4 121 122 (-640 1233 576 ) (-640 1233 448 ) (-448 1233 448 ) (-448 1233 576 ) 
4 122 124 (-480 1216 576 ) (-608 1216 576 ) (-608 1216 448 ) (-480 1216 448 ) 
4 123 126 (-608 1088 640 ) (-608 1152 640 ) (-480 1152 640 ) (-480 1088 640 ) 
4 124 125 (-480 1184 576 ) (-608 1184 576 ) (-608 1184 448 ) (-480 1184 448 ) 
4 125 130 (-448 1152 448 ) (-448 1152 575.401978 ) (-640 1152 575.401978 ) (-640 1152 448 ) 
4 125 128 (-639.619019 1152 576 ) (-640 1152 576 ) (-640 1152 575.401978 ) (-639.619019 1152 575.401978 ) 
4 125 127 (-448 1152 575.401978 ) (-448 1152 576 ) (-639.619019 1152 576 ) (-639.619019 1152 575.401978 ) 
4 126 128 (-639.619019 1152 640 ) (-639.619019 1152 638 ) (-639.619019 1056.939941 638 ) (-639.619019 1056.939941 640 ) 
4 126 127 (-639.619019 1056.939941 638 ) (-639.619019 1152 638 ) (-448 1152 638 ) (-448 1056.939941 638 ) 
4 127 130 (-639.619019 1056.939941 575.401978 ) (-639.619019 1152 575.401978 ) (-448 1152 575.401978 ) (-448 1056.939941 575.401978 ) 
4 127 128 (-639.619019 1152 638 ) (-639.619019 1152 575.401978 ) (-639.619019 1056.939941 575.401978 ) (-639.619019 1056.939941 638 ) 
4 128 130 (-640 1152 575.401978 ) (-639.619019 1152 575.401978 ) (-639.619019 1056.939941 575.401978 ) (-640 1056.939941 575.401978 ) 
4 129 133 (-447.618988 1040.939941 575.401978 ) (-448 1040.939941 575.401978 ) (-448 1040.939941 447.402039 ) (-447.618988 1040.939941 447.402039 ) 
4 129 132 (-448 1040.939941 447.402039 ) (-448 1040.939941 575.401978 ) (-448 1056 575.401978 ) (-448 1056 447.402039 ) 
4 130 131 (-448 1056.939941 448 ) (-448 1056.939941 575.401978 ) (-639.619019 1056.939941 575.401978 ) (-639.619019 1056.939941 448 ) 
4 131 132 (-448 1056 448 ) (-448 1056 575.401978 ) (-639.619019 1056 575.401978 ) (-639.619019 1056 448 ) 
4 132 133 (-639.619019 1040.939941 447.402039 ) (-448 1040.939941 447.402039 ) (-448 1040.939941 575.401978 ) (-639.619019 1040.939941 575.401978 ) 
4 133 333 (-815.619019 1024 379.402039 ) (-815.619019 1024 191.402008 ) (-591.619019 1024 191.402008 ) (-591.619019 1024 379.402039 ) 
4 133 330 (-815.619019 1024 505.402039 ) (-815.619019 1024 379.402039 ) (-591.619019 1024 379.402039 ) (-591.619019 1024 505.402039 ) 
4 133 319 (-591.619019 1024 959.402039 ) (-815.619019 1024 959.402039 ) (-815.619019 1024 505.402039 ) (-591.619019 1024 505.402039 ) 
4 133 296 (-271.618988 1024 959.402039 ) (-495.618988 1024 959.402039 ) (-495.618988 1024 379.402039 ) (-271.618988 1024 379.402039 ) 
4 133 298 (-495.618988 1024 379.402039 ) (-495.618988 1024 191.402008 ) (-271.618988 1024 191.402008 ) (-271.618988 1024 379.402039 ) 
4 133 300 (-495.618988 1024 959.402039 ) (-591.619019 1024 959.402039 ) (-591.619019 1024 191.402008 ) (-495.618988 1024 191.402008 ) 
4 134 168 (-1824 1888 704 ) (-1760 1888 704 ) (-1760 1888 736 ) (-1824 1888 736 ) 
4 134 167 (-1760 1888 704 ) (-1664 1888 704 ) (-1664 1888 736 ) (-1760 1888 736 ) 
4 134 138 (-1984 1920 704 ) (-1984 2048 704 ) (-1760 2048 704 ) (-1760 1920 704 ) 
4 134 137 (-1664 1888 704 ) (-1760 1888 704 ) (-1760 2048 704 ) (-1664 2048 704 ) 
4 135 139 (-1248 1952 448 ) (-1248 2048 448 ) (-1024 2048 448 ) (-1024 1952 448 ) 
4 135 136 (-1248 1952 704 ) (-1248 1952 448 ) (-1024 1952 448 ) (-1024 1952 704 ) 
4 136 164 (-1248 1888 448 ) (-1024 1888 448 ) (-1024 1888 704 ) (-1248 1888 704 ) 
4 136 141 (-1024 1888 448 ) (-1248 1888 448 ) (-1248 1920 448 ) (-1024 1920 448 ) 
4 136 140 (-1248 1920 448 ) (-1248 1952 448 ) (-1024 1952 448 ) (-1024 1920 448 ) 
4 137 167 (-1664 1888 480 ) (-1664 1888 704 ) (-1760 1888 704 ) (-1760 1888 480 ) 
4 137 138 (-1760 1920 704 ) (-1760 2048 704 ) (-1760 2048 480 ) (-1760 1920 480 ) 
4 139 147 (-1024 2016 320 ) (-1024 1952 320 ) (-1248 1952 320 ) (-1248 2016 320 ) 
4 139 142 (-1248 2048 320 ) (-1024 2048 320 ) (-1024 2016 320 ) (-1248 2016 320 ) 
4 139 140 (-1248 1952 320 ) (-1024 1952 320 ) (-1024 1952 448 ) (-1248 1952 448 ) 
4 140 148 (-1248 1952 320 ) (-1024 1952 320 ) (-1024 1920 320 ) (-1248 1920 320 ) 
4 140 141 (-1248 1920 320 ) (-1024 1920 320 ) (-1024 1920 448 ) (-1248 1920 448 ) 
4 141 184 (-1248 1888 320 ) (-1216 1888 320 ) (-1216 1888 448 ) (-1248 1888 448 ) 
4 141 177 (-1216 1888 320 ) (-1024 1888 320 ) (-1024 1888 448 ) (-1216 1888 448 ) 
4 141 148 (-1024 1888 320 ) (-1248 1888 320 ) (-1248 1920 320 ) (-1024 1920 320 ) 
4 142 147 (-1024 2016 192 ) (-1024 2016 320 ) (-1248 2016 320 ) (-1248 2016 192 ) 
4 142 144 (-1152 2016 192 ) (-1248 2016 192 ) (-1248 2048 192 ) (-1152 2048 192 ) 
4 142 143 (-1024 2016 192 ) (-1152 2016 192 ) (-1152 2048 192 ) (-1024 2048 192 ) 
4 143 147 (-1024 2016 64 ) (-1024 2016 192 ) (-1152 2016 192 ) (-1152 2016 64 ) 
4 143 145 (-1152 2048 64 ) (-1152 2016 64 ) (-1152 2016 96 ) (-1152 2048 96 ) 
4 143 144 (-1152 2016 96 ) (-1152 2016 192 ) (-1152 2048 192 ) (-1152 2048 96 ) 
3 144 147 (-1152 2016 192 ) (-1248 2016 192 ) (-1152 2016 96 ) 
4 144 145 (-1152 2048 96 ) (-1152 2016 96 ) (-1248 2016 192 ) (-1248 2048 192 ) 
4 145 147 (-1248 2016 192 ) (-1248 2016 64 ) (-1152 2016 64 ) (-1152 2016 96 ) 
4 145 146 (-1152 2016 64 ) (-1312 2016 64 ) (-1312 2048 64 ) (-1152 2048 64 ) 
4 147 148 (-1248 1952 64 ) (-1024 1952 64 ) (-1024 1952 320 ) (-1248 1952 320 ) 
4 148 191 (-1216 1888 320 ) (-1248 1888 320 ) (-1248 1888 64 ) (-1216 1888 64 ) 
4 148 177 (-1024 1888 64 ) (-1024 1888 320 ) (-1216 1888 320 ) (-1216 1888 64 ) 
4 149 263 (-2048 2048 256 ) (-2048 2048 192 ) (-2048 1920 192 ) (-2048 1920 256 ) 
4 149 157 (-2016 1920 192 ) (-2048 1920 192 ) (-2048 2048 192 ) (-2016 2048 192 ) 
4 149 154 (-1632 1920 192 ) (-2016 1920 192 ) (-2016 2048 192 ) (-1632 2048 192 ) 
4 149 153 (-1568 1920 192 ) (-1632 1920 192 ) (-1632 2048 192 ) (-1568 2048 192 ) 
4 149 150 (-1536 1920 192 ) (-1568 1920 192 ) (-1568 2048 192 ) (-1536 2048 192 ) 
4 150 156 (-1568 2048 -192 ) (-1568 2048 -224 ) (-1568 1920 -224 ) (-1568 1920 -192 ) 
4 150 153 (-1568 1920 192 ) (-1568 2048 192 ) (-1568 2048 -192 ) (-1568 1920 -192 ) 
4 150 152 (-1568 1920 -224 ) (-1568 2048 -224 ) (-1536 2048 -224 ) (-1536 1920 -224 ) 
4 150 151 (-1568 1920 -192 ) (-1568 1920 -224 ) (-1536 1920 -224 ) (-1536 1920 -192 ) 
4 151 156 (-1568 1888 -224 ) (-1568 1888 -192 ) (-1568 1920 -192 ) (-1568 1920 -224 ) 
4 151 152 (-1568 1888 -224 ) (-1568 1920 -224 ) (-1536 1920 -224 ) (-1536 1888 -224 ) 
4 152 156 (-1568 1888 -256 ) (-1568 1888 -224 ) (-1568 2048 -224 ) (-1568 2048 -256 ) 
4 153 156 (-1632 2048 -192 ) (-1568 2048 -192 ) (-1568 1892 -192 ) (-1632 1892 -192 ) 
4 153 155 (-1632 1904 -192 ) (-1632 1892 -192 ) (-1632 1892 192 ) (-1632 1904 192 ) 
4 153 154 (-1632 2048 -192 ) (-1632 1904 -192 ) (-1632 1904 192 ) (-1632 2048 192 ) 
4 154 157 (-2016 1904 192 ) (-2016 2048 192 ) (-2016 2048 64 ) (-2016 1904 64 ) 
4 154 156 (-2016 1904 -192 ) (-2016 2048 -192 ) (-1632 2048 -192 ) (-1632 1904 -192 ) 
4 154 155 (-1760 1904 -192 ) (-1632 1904 -192 ) (-1632 1904 192 ) (-1760 1904 192 ) 
4 155 200 (-1760 1888 -184 ) (-1760 1888 -192 ) (-1632 1888 -192 ) (-1632 1888 -184 ) 
4 155 194 (-1632 1888 192 ) (-1760 1888 192 ) (-1760 1888 -184 ) (-1632 1888 -184 ) 
4 155 156 (-1760 1904 -192 ) (-1632 1904 -192 ) (-1632 1888 -192 ) (-1760 1888 -192 ) 
4 156 159 (-2016 1888 -256 ) (-2016 1888 -224 ) (-2016 2048 -224 ) (-2016 2048 -256 ) 
4 157 274 (-2048 1896 192 ) (-2048 2048 192 ) (-2048 2048 64 ) (-2048 1896 64 ) 
4 157 158 (-2016 1896 64 ) (-2016 1896 192 ) (-2048 1896 192 ) (-2048 1896 64 ) 
4 158 274 (-2048 1888 64 ) (-2048 1888 192 ) (-2048 1896 192 ) (-2048 1896 64 ) 
4 158 198 (-2048 1888 192 ) (-2048 1888 64 ) (-2016 1888 64 ) (-2016 1888 192 ) 
4 159 295 (-2048 1888 -256 ) (-2048 1888 -224 ) (-2048 2048 -224 ) (-2048 2048 -256 ) 
4 160 161 (-1120 1632 736 ) (-1024 1632 736 ) (-1024 1504 736 ) (-1120 1504 736 ) 
4 161 164 (-1248 1888 704 ) (-1024 1888 704 ) (-1024 1376 704 ) (-1248 1376 704 ) 
4 162 164 (-1024 1248 704 ) (-1248 1248 704 ) (-1248 1280 704 ) (-1024 1280 704 ) 
4 163 166 (-1504 1248 704 ) (-1632 1248 704 ) (-1632 1280 704 ) (-1504 1280 704 ) 
4 164 184 (-1216 1248 448 ) (-1376 1248 448 ) (-1376 1888 448 ) (-1216 1888 448 ) 
4 164 183 (-1024 1248 448 ) (-1216 1248 448 ) (-1216 1504 448 ) (-1024 1504 448 ) 
4 164 181 (-1216 1504 448 ) (-1216 1536 448 ) (-1024 1536 448 ) (-1024 1504 448 ) 
4 164 180 (-1216 1536 448 ) (-1216 1600 448 ) (-1024 1600 448 ) (-1024 1536 448 ) 
4 164 178 (-1216 1600 448 ) (-1216 1632 448 ) (-1024 1632 448 ) (-1024 1600 448 ) 
4 164 177 (-1216 1632 448 ) (-1216 1888 448 ) (-1024 1888 448 ) (-1024 1632 448 ) 
4 164 165 (-1376 1888 448 ) (-1376 1248 448 ) (-1376 1248 576 ) (-1376 1888 576 ) 
4 165 222 (-1504 1248 576 ) (-1504 1248 448 ) (-1376 1248 448 ) (-1376 1248 576 ) 
4 165 184 (-1376 1248 448 ) (-1504 1248 448 ) (-1504 1888 448 ) (-1376 1888 448 ) 
4 165 166 (-1504 1888 448 ) (-1504 1248 448 ) (-1504 1248 576 ) (-1504 1888 576 ) 
4 166 222 (-1568 1248 448 ) (-1504 1248 448 ) (-1504 1248 576 ) (-1568 1248 576 ) 
4 166 184 (-1504 1248 448 ) (-1632 1248 448 ) (-1632 1888 448 ) (-1504 1888 448 ) 
4 167 223 (-1760 1248 576 ) (-1760 1248 480 ) (-1664 1248 480 ) (-1664 1248 576 ) 
4 167 221 (-1760 1248 736 ) (-1760 1248 576 ) (-1664 1248 576 ) (-1664 1248 736 ) 
4 167 169 (-1760 1760 480 ) (-1760 1248 480 ) (-1760 1248 704 ) (-1760 1760 704 ) 
4 167 168 (-1760 1888 736 ) (-1760 1888 704 ) (-1760 1248 704 ) (-1760 1248 736 ) 
4 168 221 (-1824 1248 736 ) (-1824 1248 704 ) (-1760 1248 704 ) (-1760 1248 736 ) 
4 168 175 (-1824 1440 704 ) (-1824 1408 704 ) (-1824 1408 736 ) (-1824 1440 736 ) 
4 168 172 (-1824 1696 704 ) (-1824 1440 704 ) (-1824 1440 736 ) (-1824 1696 736 ) 
4 168 171 (-1824 1728 704 ) (-1824 1696 704 ) (-1824 1696 736 ) (-1824 1728 736 ) 
4 168 169 (-1824 1248 704 ) (-1824 1760 704 ) (-1760 1760 704 ) (-1760 1248 704 ) 
4 169 223 (-1824 1248 576 ) (-1824 1248 480 ) (-1760 1248 480 ) (-1760 1248 576 ) 
4 169 221 (-1824 1248 704 ) (-1824 1248 576 ) (-1760 1248 576 ) (-1760 1248 704 ) 
4 169 175 (-1824 1440 480 ) (-1824 1408 480 ) (-1824 1408 704 ) (-1824 1440 704 ) 
4 169 172 (-1824 1696 480 ) (-1824 1440 480 ) (-1824 1440 704 ) (-1824 1696 704 ) 
4 169 171 (-1824 1728 480 ) (-1824 1696 480 ) (-1824 1696 704 ) (-1824 1728 704 ) 
4 170 172 (-2016 1504 736 ) (-2016 1632 736 ) (-1888 1632 736 ) (-1888 1504 736 ) 
4 171 249 (-2048 1728 736 ) (-2048 1728 480 ) (-2048 1696 480 ) (-2048 1696 736 ) 
4 171 172 (-1824 1696 480 ) (-1824 1696 736 ) (-2048 1696 736 ) (-2048 1696 480 ) 
4 172 250 (-2048 1440 472 ) (-2048 1440 480 ) (-2048 1696 480 ) (-2048 1696 472 ) 
4 172 249 (-2048 1440 480 ) (-2048 1440 736 ) (-2048 1696 736 ) (-2048 1696 480 ) 
4 172 175 (-1824 1440 480 ) (-1824 1440 736 ) (-2048 1440 736 ) (-2048 1440 480 ) 
4 172 173 (-1824 1440 472 ) (-2048 1440 472 ) (-2048 1696 472 ) (-1824 1696 472 ) 
4 173 251 (-2048 1440 452 ) (-2048 1440 472 ) (-2048 1696 472 ) (-2048 1696 452 ) 
4 173 174 (-1824 1440 452 ) (-2048 1440 452 ) (-2048 1696 452 ) (-1824 1696 452 ) 
4 174 252 (-2048 1696 448 ) (-2048 1440 448 ) (-2048 1440 452 ) (-2048 1696 452 ) 
4 174 190 (-2048 1440 448 ) (-2048 1696 448 ) (-1824 1696 448 ) (-1824 1440 448 ) 
4 175 249 (-2048 1408 480 ) (-2048 1408 736 ) (-2048 1440 736 ) (-2048 1440 480 ) 
4 176 253 (-2048 1248 448 ) (-2048 1248 472 ) (-2048 1376 472 ) (-2048 1376 448 ) 
4 176 190 (-1824 1248 448 ) (-2048 1248 448 ) (-2048 1376 448 ) (-1824 1376 448 ) 
4 177 191 (-1216 1632 64 ) (-1216 1632 320 ) (-1216 1888 320 ) (-1216 1888 64 ) 
4 177 184 (-1216 1632 320 ) (-1216 1632 448 ) (-1216 1888 448 ) (-1216 1888 320 ) 
4 177 178 (-1216 1632 448 ) (-1216 1632 64 ) (-1024 1632 64 ) (-1024 1632 448 ) 
4 178 191 (-1216 1600 64 ) (-1216 1600 320 ) (-1216 1632 320 ) (-1216 1632 64 ) 
4 178 184 (-1216 1600 320 ) (-1216 1600 448 ) (-1216 1632 448 ) (-1216 1632 320 ) 
4 178 180 (-1216 1600 448 ) (-1216 1600 192 ) (-1024 1600 192 ) (-1024 1600 448 ) 
4 178 179 (-1024 1600 64 ) (-1216 1600 64 ) (-1216 1632 64 ) (-1024 1632 64 ) 
4 180 191 (-1216 1536 192 ) (-1216 1536 320 ) (-1216 1600 320 ) (-1216 1600 192 ) 
4 180 184 (-1216 1536 320 ) (-1216 1536 448 ) (-1216 1600 448 ) (-1216 1600 320 ) 
4 180 181 (-1216 1536 448 ) (-1216 1536 192 ) (-1024 1536 192 ) (-1024 1536 448 ) 
4 181 191 (-1216 1504 64 ) (-1216 1504 320 ) (-1216 1536 320 ) (-1216 1536 64 ) 
4 181 184 (-1216 1504 320 ) (-1216 1504 448 ) (-1216 1536 448 ) (-1216 1536 320 ) 
4 181 183 (-1216 1504 448 ) (-1216 1504 64 ) (-1024 1504 64 ) (-1024 1504 448 ) 
4 181 182 (-1024 1504 64 ) (-1216 1504 64 ) (-1216 1536 64 ) (-1024 1536 64 ) 
4 183 226 (-1120 1248 128 ) (-1120 1248 64 ) (-1056 1248 64 ) (-1056 1248 128 ) 
4 183 191 (-1216 1248 64 ) (-1216 1248 320 ) (-1216 1504 320 ) (-1216 1504 64 ) 
4 183 184 (-1216 1248 320 ) (-1216 1248 448 ) (-1216 1504 448 ) (-1216 1504 320 ) 
4 184 194 (-1632 1888 320 ) (-1504 1888 320 ) (-1504 1776 320 ) (-1632 1776 320 ) 
4 184 197 (-1504 1776 320 ) (-1504 1248 320 ) (-1632 1248 320 ) (-1632 1776 320 ) 
4 184 193 (-1504 1888 320 ) (-1472 1888 320 ) (-1472 1248 320 ) (-1504 1248 320 ) 
4 184 192 (-1472 1888 320 ) (-1360 1888 320 ) (-1360 1248 320 ) (-1472 1248 320 ) 
4 184 191 (-1360 1888 320 ) (-1216 1888 320 ) (-1216 1248 320 ) (-1360 1248 320 ) 
4 184 185 (-1632 1888 320 ) (-1632 1504 320 ) (-1632 1504 448 ) (-1632 1888 448 ) 
4 185 194 (-1640 1888 320 ) (-1632 1888 320 ) (-1632 1776 320 ) (-1640 1776 320 ) 
4 185 197 (-1632 1776 320 ) (-1632 1504 320 ) (-1640 1504 320 ) (-1640 1776 320 ) 
4 185 186 (-1640 1888 320 ) (-1640 1504 320 ) (-1640 1504 448 ) (-1640 1888 448 ) 
4 186 194 (-1752 1888 320 ) (-1640 1888 320 ) (-1640 1776 320 ) (-1752 1776 320 ) 
4 186 197 (-1640 1776 320 ) (-1640 1504 320 ) (-1752 1504 320 ) (-1752 1776 320 ) 
4 186 189 (-1752 1632 320 ) (-1752 1504 320 ) (-1752 1504 332 ) (-1752 1632 332 ) 
4 186 188 (-1752 1888 320 ) (-1752 1760 320 ) (-1752 1760 448 ) (-1752 1888 448 ) 
4 186 187 (-1752 1504 448 ) (-1752 1504 328 ) (-1640 1504 328 ) (-1640 1504 448 ) 
4 188 194 (-1760 1888 320 ) (-1752 1888 320 ) (-1752 1776 320 ) (-1760 1776 320 ) 
4 188 197 (-1752 1776 320 ) (-1752 1760 320 ) (-1760 1760 320 ) (-1760 1776 320 ) 
4 189 197 (-1752 1632 320 ) (-1752 1504 320 ) (-1760 1504 320 ) (-1760 1632 320 ) 
4 189 190 (-1760 1632 320 ) (-1760 1504 320 ) (-1760 1504 332 ) (-1760 1632 332 ) 
4 190 254 (-2048 1248 320 ) (-2048 1248 448 ) (-2048 1760 448 ) (-2048 1760 320 ) 
4 190 199 (-1888 1248 320 ) (-2048 1248 320 ) (-2048 1760 320 ) (-1888 1760 320 ) 
4 190 197 (-1760 1760 320 ) (-1760 1248 320 ) (-1888 1248 320 ) (-1888 1760 320 ) 
4 191 192 (-1360 1248 64 ) (-1360 1248 320 ) (-1360 1888 320 ) (-1360 1888 64 ) 
4 192 193 (-1472 1248 0 ) (-1472 1248 320 ) (-1472 1888 320 ) (-1472 1888 0 ) 
4 193 194 (-1504 1776 320 ) (-1504 1888 320 ) (-1504 1888 0 ) (-1504 1776 0 ) 
4 193 197 (-1504 1248 0 ) (-1504 1248 320 ) (-1504 1776 320 ) (-1504 1776 0 ) 
4 194 200 (-1760 1888 -184 ) (-1504 1888 -184 ) (-1504 1776 -184 ) (-1760 1776 -184 ) 
4 194 195 (-1760 1776 200 ) (-1760 1776 320 ) (-1760 1888 320 ) (-1760 1888 200 ) 
4 194 196 (-1760 1888 -184 ) (-1760 1776 -184 ) (-1760 1776 192 ) (-1760 1888 192 ) 
4 194 197 (-1760 1776 -184 ) (-1504 1776 -184 ) (-1504 1776 320 ) (-1760 1776 320 ) 
4 195 197 (-1888 1776 320 ) (-1888 1776 200 ) (-1760 1776 200 ) (-1760 1776 320 ) 
4 196 200 (-1888 1888 -184 ) (-1760 1888 -184 ) (-1760 1776 -184 ) (-1888 1776 -184 ) 
4 196 198 (-1888 1888 -184 ) (-1888 1776 -184 ) (-1888 1776 192 ) (-1888 1888 192 ) 
4 196 197 (-1888 1776 192 ) (-1888 1776 -184 ) (-1760 1776 -184 ) (-1760 1776 192 ) 
4 197 227 (-1888 1248 -184 ) (-1728 1248 -184 ) (-1728 1248 -64 ) (-1888 1248 -64 ) 
4 197 200 (-1504 1776 -184 ) (-1504 1504 -184 ) (-1888 1504 -184 ) (-1888 1776 -184 ) 
4 197 202 (-1504 1504 -184 ) (-1504 1248 -184 ) (-1888 1248 -184 ) (-1888 1504 -184 ) 
4 197 198 (-1888 1776 -184 ) (-1888 1760 -184 ) (-1888 1760 192 ) (-1888 1776 192 ) 
4 197 199 (-1888 1760 -184 ) (-1888 1248 -184 ) (-1888 1248 320 ) (-1888 1760 320 ) 
4 198 276 (-2048 1888 64 ) (-2048 1888 -184 ) (-2048 1760 -184 ) (-2048 1760 64 ) 
4 198 274 (-2048 1888 192 ) (-2048 1888 64 ) (-2048 1760 64 ) (-2048 1760 192 ) 
4 198 203 (-2048 1888 -184 ) (-1920 1888 -184 ) (-1920 1760 -184 ) (-2048 1760 -184 ) 
4 198 201 (-1920 1888 -184 ) (-1888 1888 -184 ) (-1888 1760 -184 ) (-1920 1760 -184 ) 
4 198 199 (-2048 1760 -184 ) (-1888 1760 -184 ) (-1888 1760 192 ) (-2048 1760 192 ) 
4 199 277 (-2048 1504 64 ) (-2048 1632 64 ) (-2048 1632 -184 ) (-2048 1504 -184 ) 
4 199 276 (-2048 1632 64 ) (-2048 1760 64 ) (-2048 1760 -184 ) (-2048 1632 -184 ) 
4 199 278 (-2048 1248 -184 ) (-2048 1248 64 ) (-2048 1504 64 ) (-2048 1504 -184 ) 
4 199 274 (-2048 1248 64 ) (-2048 1248 192 ) (-2048 1760 192 ) (-2048 1760 64 ) 
4 199 264 (-2048 1248 192 ) (-2048 1248 320 ) (-2048 1760 320 ) (-2048 1760 192 ) 
4 199 227 (-1920 1248 -184 ) (-1888 1248 -184 ) (-1888 1248 -64 ) (-1920 1248 -64 ) 
4 199 225 (-2048 1248 320 ) (-2048 1248 192 ) (-1888 1248 192 ) (-1888 1248 320 ) 
4 199 204 (-2048 1536 -184 ) (-2048 1600 -184 ) (-1920 1600 -184 ) (-1920 1536 -184 ) 
4 199 203 (-2048 1632 -184 ) (-2048 1760 -184 ) (-1920 1760 -184 ) (-1920 1632 -184 ) 
4 199 205 (-1920 1248 -184 ) (-2048 1248 -184 ) (-2048 1504 -184 ) (-1920 1504 -184 ) 
4 199 201 (-1888 1760 -184 ) (-1888 1632 -184 ) (-1920 1632 -184 ) (-1920 1760 -184 ) 
4 199 202 (-1888 1504 -184 ) (-1888 1248 -184 ) (-1920 1248 -184 ) (-1920 1504 -184 ) 
4 200 206 (-1504 1696 -192 ) (-1504 1504 -192 ) (-1888 1504 -192 ) (-1888 1696 -192 ) 
4 200 201 (-1888 1888 -192 ) (-1888 1632 -192 ) (-1888 1632 -184 ) (-1888 1888 -184 ) 
4 200 202 (-1888 1504 -192 ) (-1504 1504 -192 ) (-1504 1504 -184 ) (-1888 1504 -184 ) 
4 201 203 (-1920 1888 -192 ) (-1920 1632 -192 ) (-1920 1632 -184 ) (-1920 1888 -184 ) 
4 202 227 (-1920 1248 -192 ) (-1728 1248 -192 ) (-1728 1248 -184 ) (-1920 1248 -184 ) 
4 202 206 (-1888 1504 -192 ) (-1504 1504 -192 ) (-1504 1440 -192 ) (-1888 1440 -192 ) 
4 202 205 (-1920 1504 -192 ) (-1920 1248 -192 ) (-1920 1248 -184 ) (-1920 1504 -184 ) 
4 203 276 (-2048 1632 -184 ) (-2048 1888 -184 ) (-2048 1888 -192 ) (-2048 1632 -192 ) 
4 204 209 (-2048 1536 -192 ) (-2048 1600 -192 ) (-1920 1600 -192 ) (-1920 1536 -192 ) 
4 205 278 (-2048 1248 -192 ) (-2048 1248 -184 ) (-2048 1504 -184 ) (-2048 1504 -192 ) 
4 206 208 (-1888 1440 -200 ) (-1888 1696 -200 ) (-1536 1696 -200 ) (-1536 1440 -200 ) 
4 207 208 (-1536 1440 -224 ) (-1536 1440 -206 ) (-1536 1696 -206 ) (-1536 1696 -224 ) 
4 208 218 (-1856 1536 -224 ) (-1856 1440 -224 ) (-1888 1440 -224 ) (-1888 1536 -224 ) 
4 208 215 (-1856 1600 -224 ) (-1856 1536 -224 ) (-1888 1536 -224 ) (-1888 1600 -224 ) 
4 208 212 (-1888 1696 -224 ) (-1856 1696 -224 ) (-1856 1600 -224 ) (-1888 1600 -224 ) 
4 208 211 (-1856 1696 -224 ) (-1792 1696 -224 ) (-1792 1440 -224 ) (-1856 1440 -224 ) 
4 208 210 (-1792 1696 -224 ) (-1536 1696 -224 ) (-1536 1440 -224 ) (-1792 1440 -224 ) 
4 210 211 (-1792 1440 -224 ) (-1792 1696 -224 ) (-1792 1696 -256 ) (-1792 1440 -256 ) 
4 211 218 (-1856 1440 -224 ) (-1856 1536 -224 ) (-1856 1536 -320 ) (-1856 1440 -320 ) 
4 211 215 (-1856 1536 -224 ) (-1856 1600 -224 ) (-1856 1600 -320 ) (-1856 1536 -320 ) 
4 211 212 (-1856 1600 -224 ) (-1856 1696 -224 ) (-1856 1696 -320 ) (-1856 1600 -320 ) 
4 212 215 (-1912 1600 -320 ) (-1856 1600 -320 ) (-1856 1600 -224 ) (-1912 1600 -224 ) 
4 212 214 (-1912 1608 -320 ) (-1912 1600 -320 ) (-1912 1600 -288 ) (-1912 1608 -288 ) 
4 212 213 (-1912 1696 -224 ) (-1912 1696 -320 ) (-1912 1608 -320 ) (-1912 1608 -224 ) 
4 213 214 (-1984 1608 -320 ) (-1912 1608 -320 ) (-1912 1608 -288 ) (-1984 1608 -288 ) 
4 214 217 (-1984 1600 -320 ) (-1920 1600 -320 ) (-1920 1600 -288 ) (-1984 1600 -288 ) 
4 214 215 (-1920 1600 -320 ) (-1912 1600 -320 ) (-1912 1600 -288 ) (-1920 1600 -288 ) 
4 215 219 (-1920 1536 -320 ) (-1912 1536 -320 ) (-1912 1536 -288 ) (-1920 1536 -288 ) 
4 215 218 (-1912 1536 -320 ) (-1856 1536 -320 ) (-1856 1536 -224 ) (-1912 1536 -224 ) 
4 215 217 (-1920 1600 -288 ) (-1920 1600 -320 ) (-1920 1536 -320 ) (-1920 1536 -288 ) 
4 215 216 (-1920 1600 -240 ) (-1920 1600 -280 ) (-1920 1536 -280 ) (-1920 1536 -240 ) 
4 217 219 (-1984 1536 -320 ) (-1920 1536 -320 ) (-1920 1536 -288 ) (-1984 1536 -288 ) 
4 218 220 (-1912 1528 -320 ) (-1912 1440 -320 ) (-1912 1440 -224 ) (-1912 1528 -224 ) 
4 218 219 (-1912 1536 -288 ) (-1912 1536 -320 ) (-1912 1528 -320 ) (-1912 1528 -288 ) 
4 219 220 (-1984 1528 -320 ) (-1912 1528 -320 ) (-1912 1528 -288 ) (-1984 1528 -288 ) 
4 221 235 (-1984 1216 576 ) (-1888 1216 576 ) (-1888 1216 736 ) (-1984 1216 736 ) 
4 221 233 (-1888 1216 576 ) (-1824 1216 576 ) (-1824 1216 736 ) (-1888 1216 736 ) 
4 221 232 (-1824 1216 576 ) (-1664 1216 576 ) (-1664 1216 736 ) (-1824 1216 736 ) 
4 221 224 (-1824 1216 576 ) (-1984 1216 576 ) (-1984 1248 576 ) (-1824 1248 576 ) 
4 221 223 (-1664 1216 576 ) (-1824 1216 576 ) (-1824 1248 576 ) (-1664 1248 576 ) 
4 222 231 (-1568 1216 448 ) (-1376 1216 448 ) (-1376 1216 576 ) (-1568 1216 576 ) 
4 223 232 (-1664 1216 480 ) (-1664 1216 576 ) (-1824 1216 576 ) (-1824 1216 480 ) 
4 223 224 (-1824 1216 480 ) (-1824 1216 576 ) (-1824 1248 576 ) (-1824 1248 480 ) 
4 224 235 (-1888 1216 576 ) (-1984 1216 576 ) (-1984 1216 480 ) (-1888 1216 480 ) 
4 224 233 (-1824 1216 480 ) (-1824 1216 576 ) (-1888 1216 576 ) (-1888 1216 480 ) 
4 225 264 (-2048 1216 192 ) (-2048 1216 320 ) (-2048 1248 320 ) (-2048 1248 192 ) 
4 225 238 (-2048 1216 320 ) (-2048 1216 192 ) (-1968 1216 192 ) (-1968 1216 320 ) 
4 225 237 (-1968 1216 192 ) (-1888 1216 192 ) (-1888 1216 320 ) (-1968 1216 320 ) 
4 227 228 (-1920 1231 -64 ) (-1920 1231 -192 ) (-1728 1231 -192 ) (-1728 1231 -64 ) 
4 228 229 (-1920 1230 -64 ) (-1920 1230 -192 ) (-1728 1230 -192 ) (-1728 1230 -64 ) 
25 229 230 (-1864.989014 1218 -192 ) (-1782.989990 1218 -192 ) (-1772.958740 1218 -180.945663 ) (-1767.007324 1218 -170.055481 ) (-1763.991821 1218 -158.998734 ) (-1762.989136 1218 -147.010834 ) (-1763.990112 1218 -135 ) (-1766.989990 1218 -124 ) (-1773.039917 1218 -112.945160 ) (-1782.865601 1218 -102.115234 ) (-1790.014282 1218 -95.987770 ) (-1800 1218 -90.996368 ) (-1812.035400 1218 -86.996483 ) (-1823.982300 1218 -86 ) (-1836.010742 1218 -87.001526 ) (-1847.998047 1218 -91 ) (-1857.991821 1218 -96.001617 ) (-1864.943970 1218 -101.960594 ) (-1874.991699 1218 -113.003021 ) (-1880.986328 1218 -123.986977 ) (-1883.991211 1218 -135.014618 ) (-1884.989014 1218 -146.988159 ) (-1883.989868 1218 -158.998138 ) (-1880.991089 1218 -169.993820 ) (-1874.977661 1218 -181.018478 ) 
25 230 234 (-1773.001953 1216 -113.009018 ) (-1782.955566 1216 -102.038147 ) (-1790.011353 1216 -95.990364 ) (-1799.993652 1216 -91 ) (-1812.043457 1216 -86.995789 ) (-1823.975830 1216 -86 ) (-1835.957031 1216 -86.998093 ) (-1848.077148 1216 -91.041565 ) (-1857.995239 1216 -96.004623 ) (-1864.990479 1216 -102 ) (-1874.976563 1216 -112.975258 ) (-1880.986450 1216 -123.986938 ) (-1883.991211 1216 -135.014557 ) (-1884.989868 1216 -146.998764 ) (-1883.990112 1216 -159.017548 ) (-1881.002075 1216 -169.973877 ) (-1874.975220 1216 -181.023041 ) (-1864.990723 1216 -192 ) (-1782.960083 1216 -192 ) (-1773.034058 1216 -181.061493 ) (-1766.995117 1216 -170.011246 ) (-1763.991821 1216 -158.998978 ) (-1762.989136 1216 -147.011734 ) (-1763.990112 1216 -135 ) (-1766.993042 1216 -123.989189 ) 
4 231 241 (-1568 1088 576 ) (-1568 1088 448 ) (-1376 1088 448 ) (-1376 1088 576 ) 
4 232 233 (-1824 1216 736 ) (-1824 1216 480 ) (-1824 1088 480 ) (-1824 1088 736 ) 
4 233 240 (-1888 1104 480 ) (-1888 1088 480 ) (-1888 1088 736 ) (-1888 1104 736 ) 
4 233 235 (-1888 1216 736 ) (-1888 1216 480 ) (-1888 1104 480 ) (-1888 1104 736 ) 
4 234 245 (-1760 1088 -192 ) (-1760 1088 -64 ) (-1888 1088 -64 ) (-1888 1088 -192 ) 
4 235 240 (-1888 1104 480 ) (-1888 1104 736 ) (-1984 1104 736 ) (-1984 1104 480 ) 
4 236 237 (-1888 1104 376 ) (-1952 1104 376 ) (-1952 1216 376 ) (-1888 1216 376 ) 
4 237 239 (-1968 1104 192 ) (-1968 1104 376 ) (-1968 1120 376 ) (-1968 1120 192 ) 
4 237 238 (-1968 1120 376 ) (-1968 1216 376 ) (-1968 1216 192 ) (-1968 1120 192 ) 
4 238 264 (-2048 1216 320 ) (-2048 1216 192 ) (-2048 1120 192 ) (-2048 1120 320 ) 
4 238 255 (-2048 1120 424 ) (-2048 1216 424 ) (-2048 1216 320 ) (-2048 1120 320 ) 
4 238 239 (-2048 1120 192 ) (-1968 1120 192 ) (-1968 1120 376 ) (-2048 1120 376 ) 
4 239 264 (-2048 1104 192 ) (-2048 1104 320 ) (-2048 1120 320 ) (-2048 1120 192 ) 
4 239 256 (-2048 1104 320 ) (-2048 1104 376 ) (-2048 1120 376 ) (-2048 1120 320 ) 
4 242 346 (-1952 1024 72 ) (-1952 1024 64 ) (-1824 1024 64 ) (-1824 1024 72 ) 
4 242 245 (-1824 1024 64 ) (-1952 1024 64 ) (-1952 1088 64 ) (-1824 1088 64 ) 
4 243 342 (-1690 1024 0 ) (-1696 1024 0 ) (-1696 1024 -64 ) (-1690 1024 -64 ) 
4 243 245 (-1696 1024 -64 ) (-1696 1024 0 ) (-1696 1088 0 ) (-1696 1088 -64 ) 
3 243 244 (-1690 1024 -64 ) (-1696 1024 -64 ) (-1696 1088 -64 ) 
4 244 343 (-1688 1024 -64 ) (-1696 1024 -64 ) (-1696 1024 -128 ) (-1688 1024 -128 ) 
4 244 245 (-1696 1024 -128 ) (-1696 1024 -64 ) (-1696 1088 -64 ) (-1696 1088 -128 ) 
4 245 346 (-1824 1024 64 ) (-1952 1024 64 ) (-1952 1024 -192 ) (-1824 1024 -192 ) 
4 245 344 (-1696 1024 64 ) (-1824 1024 64 ) (-1824 1024 -192 ) (-1696 1024 -192 ) 
4 245 247 (-1824 1088 -192 ) (-1696 1088 -192 ) (-1696 1024 -192 ) (-1824 1024 -192 ) 
4 245 246 (-1952 1088 -192 ) (-1952 1024 -192 ) (-1952 1024 64 ) (-1952 1088 64 ) 
4 247 344 (-1696 1024 -192 ) (-1824 1024 -192 ) (-1824 1024 -256 ) (-1696 1024 -256 ) 
4 248 295 (-2048 2048 -256 ) (-2048 2048 -224 ) (-2528 2048 -224 ) (-2528 2048 -256 ) 
4 248 293 (-2048 2048 -224 ) (-2048 2048 -192 ) (-2528 2048 -192 ) (-2528 2048 -224 ) 
4 248 291 (-2528 2048 64 ) (-2528 2048 -192 ) (-2304 2048 -192 ) (-2304 2048 64 ) 
4 248 290 (-2304 2048 192 ) (-2528 2048 192 ) (-2528 2048 64 ) (-2304 2048 64 ) 
4 248 284 (-2272 2048 192 ) (-2304 2048 192 ) (-2304 2048 -192 ) (-2272 2048 -192 ) 
4 248 281 (-2240 2048 192 ) (-2272 2048 192 ) (-2272 2048 -192 ) (-2240 2048 -192 ) 
4 248 280 (-2144 2048 192 ) (-2240 2048 192 ) (-2240 2048 -192 ) (-2144 2048 -192 ) 
4 248 275 (-2048 2048 -192 ) (-2048 2048 64 ) (-2144 2048 64 ) (-2144 2048 -192 ) 
4 248 274 (-2048 2048 64 ) (-2048 2048 192 ) (-2144 2048 192 ) (-2144 2048 64 ) 
4 248 273 (-2272 2048 256 ) (-2528 2048 256 ) (-2528 2048 192 ) (-2272 2048 192 ) 
4 248 269 (-2240 2048 256 ) (-2272 2048 256 ) (-2272 2048 192 ) (-2240 2048 192 ) 
4 248 267 (-2176 2048 256 ) (-2240 2048 256 ) (-2240 2048 192 ) (-2176 2048 192 ) 
4 248 265 (-2144 2048 256 ) (-2176 2048 256 ) (-2176 2048 192 ) (-2144 2048 192 ) 
4 248 263 (-2048 2048 192 ) (-2048 2048 256 ) (-2144 2048 256 ) (-2144 2048 192 ) 
4 249 250 (-2048 1696 480 ) (-2048 1440 480 ) (-2080 1440 480 ) (-2080 1696 480 ) 
4 250 251 (-2048 1440 472 ) (-2080 1440 472 ) (-2080 1696 472 ) (-2048 1696 472 ) 
4 251 252 (-2048 1440 452 ) (-2080 1440 452 ) (-2080 1696 452 ) (-2048 1696 452 ) 
4 252 254 (-2048 1696 448 ) (-2048 1440 448 ) (-2080 1440 448 ) (-2080 1696 448 ) 
4 253 254 (-2048 1376 448 ) (-2048 1248 448 ) (-2144 1248 448 ) (-2144 1376 448 ) 
4 254 264 (-2144 1248 320 ) (-2144 1760 320 ) (-2048 1760 320 ) (-2048 1248 320 ) 
4 254 262 (-2144 1632 320 ) (-2144 1376 320 ) (-2144 1376 448 ) (-2144 1632 448 ) 
4 254 261 (-2144 1760 320 ) (-2144 1632 320 ) (-2144 1632 384 ) (-2144 1760 384 ) 
4 254 260 (-2144 1632 384 ) (-2144 1632 448 ) (-2144 1760 448 ) (-2144 1760 384 ) 
4 255 264 (-2064 1216 320 ) (-2048 1216 320 ) (-2048 1120 320 ) (-2064 1120 320 ) 
4 255 258 (-2064 1216 376 ) (-2064 1216 320 ) (-2064 1120 320 ) (-2064 1120 376 ) 
4 255 256 (-2064 1120 376 ) (-2064 1120 320 ) (-2048 1120 320 ) (-2048 1120 376 ) 
4 256 264 (-2048 1120 320 ) (-2048 1104 320 ) (-2064 1104 320 ) (-2064 1120 320 ) 
4 256 258 (-2064 1120 320 ) (-2064 1104 320 ) (-2064 1104 376 ) (-2064 1120 376 ) 
4 257 258 (-2144 1216 376 ) (-2079.998047 1216 376 ) (-2079.998047 1104 376 ) (-2144 1104 376 ) 
4 258 264 (-2144 1104 320 ) (-2144 1216 320 ) (-2064 1216 320 ) (-2064 1104 320 ) 
4 259 268 (-2240 1768 320 ) (-2240 1760 320 ) (-2272 1760 320 ) (-2272 1768 320 ) 
4 259 261 (-2272 1760 320 ) (-2240 1760 320 ) (-2240 1760 384 ) (-2272 1760 384 ) 
4 259 260 (-2240 1760 384 ) (-2240 1760 448 ) (-2272 1760 448 ) (-2272 1760 384 ) 
4 260 262 (-2144 1632 384 ) (-2144 1632 448 ) (-2272 1632 448 ) (-2272 1632 384 ) 
4 260 261 (-2144 1632 384 ) (-2272 1632 384 ) (-2272 1760 384 ) (-2144 1760 384 ) 
4 261 272 (-2288 1760 320 ) (-2272 1760 320 ) (-2272 1632 320 ) (-2288 1632 320 ) 
4 261 271 (-2272 1760 320 ) (-2176 1760 320 ) (-2176 1632 320 ) (-2272 1632 320 ) 
4 261 266 (-2176 1760 320 ) (-2144 1760 320 ) (-2144 1632 320 ) (-2176 1632 320 ) 
4 261 262 (-2272 1632 320 ) (-2144 1632 320 ) (-2144 1632 384 ) (-2272 1632 384 ) 
4 262 271 (-2272 1632 320 ) (-2176 1632 320 ) (-2176 1376 320 ) (-2272 1376 320 ) 
4 262 266 (-2176 1632 320 ) (-2144 1632 320 ) (-2144 1376 320 ) (-2176 1376 320 ) 
4 263 274 (-2144 2048 192 ) (-2048 2048 192 ) (-2048 1920 192 ) (-2144 1920 192 ) 
4 263 265 (-2144 2048 192 ) (-2144 1920 192 ) (-2144 1920 256 ) (-2144 2048 256 ) 
4 264 274 (-2048 1760 192 ) (-2048 1248 192 ) (-2144 1248 192 ) (-2144 1760 192 ) 
4 264 266 (-2144 1760 192 ) (-2144 1248 192 ) (-2144 1248 320 ) (-2144 1760 320 ) 
4 265 280 (-2176 2048 192 ) (-2144 2048 192 ) (-2144 1896 192 ) (-2176 1896 192 ) 
4 265 267 (-2176 2048 192 ) (-2176 1896 192 ) (-2176 1896 256 ) (-2176 2048 256 ) 
4 266 283 (-2144 1760 192 ) (-2144 1376 192 ) (-2176 1376 192 ) (-2176 1760 192 ) 
4 266 271 (-2176 1760 192 ) (-2176 1356 192 ) (-2176 1356 320 ) (-2176 1760 320 ) 
4 267 280 (-2240 2048 192 ) (-2176 2048 192 ) (-2176 1896 192 ) (-2240 1896 192 ) 
4 267 269 (-2240 2048 192 ) (-2240 1896 192 ) (-2240 1896 256 ) (-2240 2048 256 ) 
4 268 271 (-2272 1760 320 ) (-2272 1760 256 ) (-2240 1760 256 ) (-2240 1760 320 ) 
4 268 270 (-2240 1768 256 ) (-2240 1760 256 ) (-2272 1760 256 ) (-2272 1768 256 ) 
4 269 281 (-2272 2048 192 ) (-2240 2048 192 ) (-2240 1896 192 ) (-2272 1896 192 ) 
4 269 273 (-2272 2048 192 ) (-2272 1896 192 ) (-2272 1896 256 ) (-2272 2048 256 ) 
4 270 282 (-2240 1768 192 ) (-2240 1760 192 ) (-2272 1760 192 ) (-2272 1768 192 ) 
4 270 271 (-2272 1760 256 ) (-2272 1760 192 ) (-2240 1760 192 ) (-2240 1760 256 ) 
4 271 283 (-2176 1760 192 ) (-2176 1376 192 ) (-2272 1376 192 ) (-2272 1760 192 ) 
4 271 272 (-2272 1632 256 ) (-2272 1632 320 ) (-2272 1760 320 ) (-2272 1760 256 ) 
4 273 290 (-2528 2048 192 ) (-2304 2048 192 ) (-2304 1896 192 ) (-2528 1896 192 ) 
4 273 284 (-2304 2048 192 ) (-2272 2048 192 ) (-2272 1896 192 ) (-2304 1896 192 ) 
4 274 283 (-2144 1376 192 ) (-2144 1760 192 ) (-2144 1760 64 ) (-2144 1376 64 ) 
4 274 280 (-2144 1896 192 ) (-2144 2048 192 ) (-2144 2048 64 ) (-2144 1896 64 ) 
4 274 277 (-2048 1632 64 ) (-2048 1504 64 ) (-2080 1504 64 ) (-2080 1632 64 ) 
4 274 276 (-2080 1888 64 ) (-2048 1888 64 ) (-2048 1632 64 ) (-2080 1632 64 ) 
4 274 278 (-2048 1504 64 ) (-2048 1248 64 ) (-2080 1248 64 ) (-2080 1504 64 ) 
4 274 279 (-2144 1248 64 ) (-2144 1888 64 ) (-2080 1888 64 ) (-2080 1248 64 ) 
4 274 275 (-2144 1896 64 ) (-2144 2048 64 ) (-2048 2048 64 ) (-2048 1896 64 ) 
4 275 293 (-2144 1896 -192 ) (-2144 2048 -192 ) (-2048 2048 -192 ) (-2048 1896 -192 ) 
4 275 280 (-2144 2048 -192 ) (-2144 1896 -192 ) (-2144 1896 64 ) (-2144 2048 64 ) 
4 276 277 (-2080 1632 64 ) (-2080 1632 -184 ) (-2048 1632 -184 ) (-2048 1632 64 ) 
4 276 279 (-2080 1888 64 ) (-2080 1888 -192 ) (-2080 1632 -192 ) (-2080 1632 64 ) 
4 277 279 (-2080 1504 -184 ) (-2080 1504 64 ) (-2080 1632 64 ) (-2080 1632 -184 ) 
4 277 278 (-2080 1504 64 ) (-2080 1504 -184 ) (-2048 1504 -184 ) (-2048 1504 64 ) 
4 278 279 (-2080 1504 -192 ) (-2080 1248 -192 ) (-2080 1248 64 ) (-2080 1504 64 ) 
4 279 283 (-2144 1760 -192 ) (-2144 1376 -192 ) (-2144 1376 64 ) (-2144 1760 64 ) 
4 280 293 (-2240 2048 -192 ) (-2144 2048 -192 ) (-2144 1896 -192 ) (-2240 1896 -192 ) 
4 280 281 (-2240 2048 -192 ) (-2240 1896 -192 ) (-2240 1896 192 ) (-2240 2048 192 ) 
4 281 293 (-2272 1896 -192 ) (-2272 2048 -192 ) (-2240 2048 -192 ) (-2240 1896 -192 ) 
4 281 284 (-2272 2048 -192 ) (-2272 1896 -192 ) (-2272 1896 192 ) (-2272 2048 192 ) 
4 282 283 (-2272 1760 192 ) (-2272 1760 -192 ) (-2240 1760 -192 ) (-2240 1760 192 ) 
4 283 294 (-2272 1376 -192 ) (-2272 1632 -192 ) (-2240 1632 -192 ) (-2240 1376 -192 ) 
4 283 289 (-2272 1376 -64 ) (-2272 1376 64 ) (-2272 1504 64 ) (-2272 1504 -64 ) 
4 283 287 (-2272 1696 -64 ) (-2272 1760 -64 ) (-2272 1760 -128 ) (-2272 1696 -128 ) 
4 283 285 (-2272 1632 0 ) (-2272 1632 64 ) (-2272 1696 64 ) (-2272 1696 0 ) 
4 284 293 (-2304 1896 -192 ) (-2304 2048 -192 ) (-2272 2048 -192 ) (-2272 1896 -192 ) 
4 284 291 (-2304 2048 -192 ) (-2304 1896 -192 ) (-2304 1896 64 ) (-2304 2048 64 ) 
4 284 290 (-2304 1896 64 ) (-2304 1896 192 ) (-2304 2048 192 ) (-2304 2048 64 ) 
4 285 286 (-2274 1696 0 ) (-2274 1632 0 ) (-2274 1632 64 ) (-2274 1696 64 ) 
4 286 292 (-2304 1632 0 ) (-2304 1632 64 ) (-2304 1760 64 ) (-2304 1760 0 ) 
4 287 288 (-2274 1760 -128 ) (-2274 1696 -128 ) (-2274 1696 -64 ) (-2274 1760 -64 ) 
4 288 292 (-2304 1632 -128 ) (-2304 1632 -64 ) (-2304 1760 -64 ) (-2304 1760 -128 ) 
4 290 291 (-2528 1896 64 ) (-2528 2048 64 ) (-2304 2048 64 ) (-2304 1896 64 ) 
4 291 293 (-2528 1896 -192 ) (-2528 2048 -192 ) (-2304 2048 -192 ) (-2304 1896 -192 ) 
4 293 295 (-2528 2048 -224 ) (-2048 2048 -224 ) (-2048 1896 -224 ) (-2528 1896 -224 ) 
4 296 297 (-495.618988 885.941406 959.402039 ) (-495.618988 885.941406 379.402039 ) (-455.617981 860.941772 379.402039 ) (-455.617981 860.941772 959.402039 ) 
5 296 298 (-271.618988 840.942078 379.402039 ) (-423.619141 840.942078 379.402039 ) (-495.618988 885.942017 379.402039 ) (-495.618988 1024 379.402039 ) (-271.618988 1024 379.402039 ) 
4 296 300 (-495.618988 885.942017 959.402039 ) (-495.618988 1024 959.402039 ) (-495.618988 1024 379.402039 ) (-495.618988 885.942017 379.402039 ) 
4 296 299 (-423.619141 840.942078 379.402039 ) (-271.618988 840.942078 379.402039 ) (-271.618988 840.942078 959.402039 ) (-423.619141 840.942078 959.402039 ) 
4 297 300 (-495.618988 872.942078 959.402039 ) (-495.618988 885.942017 959.402039 ) (-495.618988 885.942017 379.402039 ) (-495.618988 872.942078 379.402039 ) 
3 297 298 (-495.618988 872.942078 379.402039 ) (-495.618988 885.942017 379.402039 ) (-455.619171 860.942078 379.402039 ) 
4 298 299 (-495.618988 840.942078 379.402039 ) (-495.618988 840.942078 191.402008 ) (-271.618988 840.942078 191.402008 ) (-271.618988 840.942078 379.402039 ) 
4 298 300 (-495.618988 1024 191.402008 ) (-495.618988 840.942078 191.402008 ) (-495.618988 840.942078 379.402039 ) (-495.618988 1024 379.402039 ) 
4 299 318 (-495.618988 632.942017 191.402008 ) (-271.618988 632.942017 191.402008 ) (-271.618988 632.942017 393.402008 ) (-495.618988 632.942017 393.402008 ) 
4 299 315 (-271.618988 632.942017 393.402008 ) (-271.618988 632.942017 397.402008 ) (-343.618988 632.942017 397.402008 ) (-343.618988 632.942017 393.402008 ) 
4 299 317 (-343.618988 632.942017 397.402008 ) (-495.618988 632.942017 397.402008 ) (-495.618988 632.942017 393.402008 ) (-343.618988 632.942017 393.402008 ) 
4 299 312 (-339.619049 632.942017 505.402039 ) (-343.618988 632.942017 505.402039 ) (-343.618988 632.942017 397.402008 ) (-339.619049 632.942017 397.402008 ) 
4 299 314 (-343.618988 632.942017 505.402039 ) (-495.618988 632.942017 505.402039 ) (-495.618988 632.942017 397.402008 ) (-343.618988 632.942017 397.402008 ) 
4 299 309 (-271.618988 632.942017 397.402008 ) (-271.618988 632.942017 505.402039 ) (-339.619049 632.942017 505.402039 ) (-339.619049 632.942017 397.402008 ) 
4 299 304 (-271.618988 632.942017 505.402039 ) (-271.618988 632.942017 601.401978 ) (-343.618988 632.942017 601.401978 ) (-343.618988 632.942017 505.402039 ) 
4 299 307 (-343.618988 632.942017 601.401978 ) (-495.618988 632.942017 601.401978 ) (-495.618988 632.942017 505.402039 ) (-343.618988 632.942017 505.402039 ) 
4 299 302 (-271.618988 632.942017 601.401978 ) (-271.618988 632.942017 633.401978 ) (-311.618988 632.942017 633.401978 ) (-311.618988 632.942017 601.401978 ) 
4 299 301 (-271.618988 632.942017 633.401978 ) (-271.618988 632.942017 959.402039 ) (-431.618988 632.942017 959.402039 ) (-431.618988 632.942017 633.401978 ) 
4 299 303 (-431.618988 632.942017 959.402039 ) (-495.618988 632.942017 959.402039 ) (-495.618988 632.942017 601.401978 ) (-431.618988 632.942017 601.401978 ) 
4 299 300 (-495.618988 840.942078 191.402008 ) (-495.618988 632.942017 191.402008 ) (-495.618988 632.942017 959.402039 ) (-495.618988 840.942078 959.402039 ) 
4 300 333 (-591.619019 632.942017 191.402008 ) (-591.619019 632.942017 379.402039 ) (-591.619019 1024 379.402039 ) (-591.619019 1024 191.402008 ) 
4 300 331 (-591.619019 872.942017 505.402039 ) (-591.619019 885.942078 505.402039 ) (-591.619019 885.942078 379.402039 ) (-591.619019 872.942017 379.402039 ) 
4 300 330 (-591.619019 885.942078 505.402039 ) (-591.619019 1024 505.402039 ) (-591.619019 1024 379.402039 ) (-591.619019 885.942078 379.402039 ) 
4 300 332 (-591.619019 632.942017 379.402039 ) (-591.619019 632.942017 505.402039 ) (-591.619019 840.942078 505.402039 ) (-591.619019 840.942078 379.402039 ) 
4 300 320 (-591.619019 872.942017 959.402039 ) (-591.619019 885.942078 959.402039 ) (-591.619019 885.942078 505.402039 ) (-591.619019 872.942017 505.402039 ) 
4 300 319 (-591.619019 885.942078 959.402039 ) (-591.619019 1024 959.402039 ) (-591.619019 1024 505.402039 ) (-591.619019 885.942078 505.402039 ) 
4 300 321 (-591.619019 632.942017 505.402039 ) (-591.619019 632.942017 959.402039 ) (-591.619019 840.942078 959.402039 ) (-591.619019 840.942078 505.402039 ) 
4 300 318 (-591.619019 632.942017 393.402008 ) (-591.619019 632.942017 191.402008 ) (-495.618988 632.942017 191.402008 ) (-495.618988 632.942017 393.402008 ) 
4 300 317 (-591.619019 632.942017 397.402008 ) (-591.619019 632.942017 393.402008 ) (-495.618988 632.942017 393.402008 ) (-495.618988 632.942017 397.402008 ) 
4 300 314 (-591.619019 632.942017 505.402039 ) (-591.619019 632.942017 397.402008 ) (-495.618988 632.942017 397.402008 ) (-495.618988 632.942017 505.402039 ) 
4 300 307 (-591.619019 632.942017 601.401978 ) (-591.619019 632.942017 505.402039 ) (-495.618988 632.942017 505.402039 ) (-495.618988 632.942017 601.401978 ) 
4 300 303 (-591.619019 632.942017 959.402039 ) (-591.619019 632.942017 601.401978 ) (-495.618988 632.942017 601.401978 ) (-495.618988 632.942017 959.402039 ) 
4 301 302 (-271.618988 440.941986 633.401978 ) (-311.618988 440.941986 633.401978 ) (-311.618988 632.942017 633.401978 ) (-271.618988 632.942017 633.401978 ) 
4 301 303 (-431.618988 632.942017 959.402039 ) (-431.618988 632.942017 633.401978 ) (-431.618988 440.941986 633.401978 ) (-431.618988 440.941986 959.402039 ) 
4 301 308 (-271.618988 440.941986 633.401978 ) (-271.618988 440.941986 959.402039 ) (-431.618988 440.941986 959.402039 ) (-431.618988 440.941986 633.401978 ) 
4 302 305 (-311.618988 500.942017 601.401978 ) (-311.618988 572.942017 601.401978 ) (-271.618988 572.942017 601.401978 ) (-271.618988 500.942017 601.401978 ) 
4 302 306 (-271.618988 440.941986 601.401978 ) (-311.618988 440.941986 601.401978 ) (-311.618988 500.942017 601.401978 ) (-271.618988 500.942017 601.401978 ) 
4 302 304 (-311.618988 572.942017 601.401978 ) (-311.618988 632.942017 601.401978 ) (-271.618988 632.942017 601.401978 ) (-271.618988 572.942017 601.401978 ) 
4 302 308 (-311.618988 440.941986 601.401978 ) (-271.618988 440.941986 601.401978 ) (-271.618988 440.941986 633.401978 ) (-311.618988 440.941986 633.401978 ) 
4 303 322 (-591.619019 440.941986 959.402039 ) (-591.619019 632.942017 959.402039 ) (-591.619019 632.942017 601.401978 ) (-591.619019 440.941986 601.401978 ) 
4 303 307 (-431.618988 440.941986 601.401978 ) (-591.619019 440.941986 601.401978 ) (-591.619019 632.942017 601.401978 ) (-431.618988 632.942017 601.401978 ) 
4 303 308 (-591.619019 440.941986 959.402039 ) (-591.619019 440.941986 601.401978 ) (-431.618988 440.941986 601.401978 ) (-431.618988 440.941986 959.402039 ) 
4 304 312 (-343.618988 632.942017 505.402039 ) (-339.619049 632.942017 505.402039 ) (-339.619049 572.942017 505.402039 ) (-343.618988 572.942017 505.402039 ) 
4 304 309 (-339.619049 632.942017 505.402039 ) (-271.618988 632.942017 505.402039 ) (-271.618988 572.942017 505.402039 ) (-339.619049 572.942017 505.402039 ) 
4 304 305 (-343.618988 572.942017 601.401978 ) (-343.618988 572.942017 509.402008 ) (-271.618988 572.942017 509.402008 ) (-271.618988 572.942017 601.401978 ) 
4 304 307 (-343.618988 632.942017 505.402039 ) (-343.618988 572.942017 505.402039 ) (-343.618988 572.942017 601.401978 ) (-343.618988 632.942017 601.401978 ) 
4 305 306 (-343.618988 500.942017 601.401978 ) (-343.618988 500.942017 509.402008 ) (-271.618988 500.942017 509.402008 ) (-271.618988 500.942017 601.401978 ) 
4 305 307 (-343.618988 500.942017 509.402008 ) (-343.618988 500.942017 601.401978 ) (-343.618988 572.942017 601.401978 ) (-343.618988 572.942017 509.402008 ) 
4 306 313 (-339.619049 440.941986 505.402039 ) (-343.618988 440.941986 505.402039 ) (-343.618988 500.942017 505.402039 ) (-339.619049 500.942017 505.402039 ) 
4 306 311 (-271.618988 500.942017 505.402039 ) (-271.618988 440.941986 505.402039 ) (-339.619049 440.941986 505.402039 ) (-339.619049 500.942017 505.402039 ) 
4 306 308 (-343.618988 440.941986 505.402039 ) (-271.618988 440.941986 505.402039 ) (-271.618988 440.941986 601.401978 ) (-343.618988 440.941986 601.401978 ) 
4 306 307 (-343.618988 500.942017 505.402039 ) (-343.618988 440.941986 505.402039 ) (-343.618988 440.941986 601.401978 ) (-343.618988 500.942017 601.401978 ) 
4 307 326 (-591.619019 632.942017 509.402008 ) (-591.619019 632.942017 505.402039 ) (-591.619019 440.941986 505.402039 ) (-591.619019 440.941986 509.402008 ) 
4 307 322 (-591.619019 632.942017 601.401978 ) (-591.619019 632.942017 509.402008 ) (-591.619019 440.941986 509.402008 ) (-591.619019 440.941986 601.401978 ) 
4 307 314 (-591.619019 440.941986 505.402039 ) (-591.619019 632.942017 505.402039 ) (-343.618988 632.942017 505.402039 ) (-343.618988 440.941986 505.402039 ) 
4 307 308 (-591.619019 440.941986 601.401978 ) (-591.619019 440.941986 505.402039 ) (-343.618988 440.941986 505.402039 ) (-343.618988 440.941986 601.401978 ) 
4 308 329 (-591.619019 176.942001 505.402039 ) (-591.619019 176.942001 959.402039 ) (-591.619019 440.941986 959.402039 ) (-591.619019 440.941986 505.402039 ) 
4 308 313 (-339.619049 176.942001 505.402039 ) (-343.618988 176.942001 505.402039 ) (-343.618988 440.941986 505.402039 ) (-339.619049 440.941986 505.402039 ) 
4 308 314 (-343.618988 176.942001 505.402039 ) (-591.619019 176.942001 505.402039 ) (-591.619019 440.941986 505.402039 ) (-343.618988 440.941986 505.402039 ) 
4 308 311 (-271.618988 176.942001 505.402039 ) (-339.619049 176.942001 505.402039 ) (-339.619049 440.941986 505.402039 ) (-271.618988 440.941986 505.402039 ) 
4 309 315 (-339.619049 572.942017 397.402008 ) (-339.619049 632.942017 397.402008 ) (-271.618988 632.942017 397.402008 ) (-271.618988 572.942017 397.402008 ) 
4 309 312 (-339.619049 632.942017 397.402008 ) (-339.619049 572.942017 397.402008 ) (-339.619049 572.942017 505.402039 ) (-339.619049 632.942017 505.402039 ) 
4 311 316 (-271.618988 176.942001 397.402008 ) (-339.619049 176.942001 397.402008 ) (-339.619049 500.942017 397.402008 ) (-271.618988 500.942017 397.402008 ) 
4 311 313 (-339.619049 500.942017 397.402008 ) (-339.619049 176.942001 397.402008 ) (-339.619049 176.942001 505.402039 ) (-339.619049 500.942017 505.402039 ) 
4 312 315 (-343.618988 572.942017 397.402008 ) (-343.618988 632.942017 397.402008 ) (-339.619049 632.942017 397.402008 ) (-339.619049 572.942017 397.402008 ) 
4 312 314 (-343.618988 632.942017 397.402008 ) (-343.618988 572.942017 397.402008 ) (-343.618988 572.942017 505.402039 ) (-343.618988 632.942017 505.402039 ) 
4 313 316 (-339.619049 176.942001 397.402008 ) (-343.618988 176.942001 397.402008 ) (-343.618988 500.942017 397.402008 ) (-339.619049 500.942017 397.402008 ) 
4 313 314 (-343.618988 500.942017 397.402008 ) (-343.618988 176.942001 397.402008 ) (-343.618988 176.942001 505.402039 ) (-343.618988 500.942017 505.402039 ) 
4 314 334 (-591.619019 176.942001 397.402008 ) (-591.619019 176.942001 505.402039 ) (-591.619019 572.942017 505.402039 ) (-591.619019 572.942017 397.402008 ) 
4 314 332 (-591.619019 572.942017 505.402039 ) (-591.619019 632.942017 505.402039 ) (-591.619019 632.942017 397.402008 ) (-591.619019 572.942017 397.402008 ) 
4 314 317 (-343.618988 176.942001 397.402008 ) (-591.619019 176.942001 397.402008 ) (-591.619019 632.942017 397.402008 ) (-343.618988 632.942017 397.402008 ) 
4 315 318 (-343.618988 572.942017 393.402008 ) (-343.618988 632.942017 393.402008 ) (-271.618988 632.942017 393.402008 ) (-271.618988 572.942017 393.402008 ) 
4 315 317 (-343.618988 632.942017 393.402008 ) (-343.618988 572.942017 393.402008 ) (-343.618988 572.942017 397.402008 ) (-343.618988 632.942017 397.402008 ) 
4 316 318 (-271.618988 176.942001 393.402008 ) (-343.618988 176.942001 393.402008 ) (-343.618988 500.942017 393.402008 ) (-271.618988 500.942017 393.402008 ) 
4 316 317 (-343.618988 500.942017 393.402008 ) (-343.618988 176.942001 393.402008 ) (-343.618988 176.942001 397.402008 ) (-343.618988 500.942017 397.402008 ) 
4 317 338 (-591.619019 176.942001 393.402008 ) (-591.619019 176.942001 397.402008 ) (-591.619019 572.942017 397.402008 ) (-591.619019 572.942017 393.402008 ) 
4 317 332 (-591.619019 572.942017 397.402008 ) (-591.619019 632.942017 397.402008 ) (-591.619019 632.942017 393.402008 ) (-591.619019 572.942017 393.402008 ) 
4 317 318 (-343.618988 176.942001 393.402008 ) (-591.619019 176.942001 393.402008 ) (-591.619019 632.942017 393.402008 ) (-343.618988 632.942017 393.402008 ) 
4 318 340 (-591.619019 176.942001 191.402008 ) (-591.619019 176.942001 393.402008 ) (-591.619019 572.942017 393.402008 ) (-591.619019 572.942017 191.402008 ) 
4 318 333 (-591.619019 632.942017 379.402039 ) (-591.619019 632.942017 191.402008 ) (-591.619019 572.942017 191.402008 ) (-591.619019 572.942017 379.402039 ) 
4 318 332 (-591.619019 572.942017 393.402008 ) (-591.619019 632.942017 393.402008 ) (-591.619019 632.942017 379.402039 ) (-591.619019 572.942017 379.402039 ) 
5 319 330 (-815.619019 840.942078 505.402039 ) (-815.619019 1024 505.402039 ) (-591.619019 1024 505.402039 ) (-591.619019 885.942078 505.402039 ) (-663.618958 840.942078 505.402039 ) 
4 319 320 (-631.615662 860.942993 505.402039 ) (-591.619019 885.940918 505.402039 ) (-591.619019 885.940918 959.402039 ) (-631.615662 860.942993 959.402039 ) 
4 319 321 (-815.619019 840.942078 959.402039 ) (-815.619019 840.942078 505.402039 ) (-663.618958 840.942078 505.402039 ) (-663.618958 840.942078 959.402039 ) 
3 320 331 (-591.619019 885.942078 505.402039 ) (-591.619019 872.942017 505.402039 ) (-631.619202 860.941956 505.402039 ) 
4 321 332 (-815.619019 632.942017 505.402039 ) (-815.619019 840.942078 505.402039 ) (-591.619019 840.942078 505.402039 ) (-591.619019 632.942017 505.402039 ) 
4 321 327 (-815.619019 632.942017 509.402008 ) (-815.619019 632.942017 505.402039 ) (-743.619019 632.942017 505.402039 ) (-743.619019 632.942017 509.402008 ) 
4 321 326 (-743.619019 632.942017 505.402039 ) (-591.619019 632.942017 505.402039 ) (-591.619019 632.942017 509.402008 ) (-743.619019 632.942017 509.402008 ) 
4 321 324 (-815.619019 632.942017 633.401978 ) (-815.619019 632.942017 601.401978 ) (-775.619019 632.942017 601.401978 ) (-775.619019 632.942017 633.401978 ) 
4 321 323 (-815.619019 632.942017 959.402039 ) (-815.619019 632.942017 633.401978 ) (-655.619019 632.942017 633.401978 ) (-655.619019 632.942017 959.402039 ) 
4 321 325 (-815.619019 632.942017 601.401978 ) (-815.619019 632.942017 509.402008 ) (-655.619019 632.942017 509.402008 ) (-655.619019 632.942017 601.401978 ) 
4 321 322 (-655.619019 632.942017 509.402008 ) (-591.619019 632.942017 509.402008 ) (-591.619019 632.942017 959.402039 ) (-655.619019 632.942017 959.402039 ) 
4 322 326 (-591.619019 440.941986 509.402008 ) (-655.619019 440.941986 509.402008 ) (-655.619019 632.942017 509.402008 ) (-591.619019 632.942017 509.402008 ) 
4 322 323 (-655.619019 632.942017 959.402039 ) (-655.619019 632.942017 633.401978 ) (-655.619019 440.941986 633.401978 ) (-655.619019 440.941986 959.402039 ) 
4 322 325 (-655.619019 632.942017 601.401978 ) (-655.619019 632.942017 509.402008 ) (-655.619019 440.941986 509.402008 ) (-655.619019 440.941986 601.401978 ) 
4 322 329 (-655.619019 440.941986 509.402008 ) (-591.619019 440.941986 509.402008 ) (-591.619019 440.941986 959.402039 ) (-655.619019 440.941986 959.402039 ) 
4 323 324 (-815.619019 632.942017 633.401978 ) (-775.619019 632.942017 633.401978 ) (-775.619019 440.941986 633.401978 ) (-815.619019 440.941986 633.401978 ) 
4 323 329 (-815.619019 440.941986 959.402039 ) (-815.619019 440.941986 633.401978 ) (-655.619019 440.941986 633.401978 ) (-655.619019 440.941986 959.402039 ) 
4 324 329 (-815.619019 440.941986 633.401978 ) (-815.619019 440.941986 601.401978 ) (-775.619019 440.941986 601.401978 ) (-775.619019 440.941986 633.401978 ) 
4 324 325 (-815.619019 632.942017 601.401978 ) (-775.619019 632.942017 601.401978 ) (-775.619019 440.941986 601.401978 ) (-815.619019 440.941986 601.401978 ) 
4 325 327 (-815.619019 572.942017 509.402008 ) (-815.619019 632.942017 509.402008 ) (-743.619019 632.942017 509.402008 ) (-743.619019 572.942017 509.402008 ) 
4 325 328 (-743.619019 440.941986 509.402008 ) (-815.619019 440.941986 509.402008 ) (-815.619019 500.942017 509.402008 ) (-743.619019 500.942017 509.402008 ) 
4 325 326 (-655.619019 440.941986 509.402008 ) (-743.619019 440.941986 509.402008 ) (-743.619019 632.942017 509.402008 ) (-655.619019 632.942017 509.402008 ) 
4 325 329 (-815.619019 440.941986 601.401978 ) (-815.619019 440.941986 509.402008 ) (-655.619019 440.941986 509.402008 ) (-655.619019 440.941986 601.401978 ) 
4 326 334 (-591.619019 572.942017 505.402039 ) (-591.619019 440.941986 505.402039 ) (-743.619019 440.941986 505.402039 ) (-743.619019 572.942017 505.402039 ) 
4 326 332 (-743.619019 632.942017 505.402039 ) (-591.619019 632.942017 505.402039 ) (-591.619019 572.942017 505.402039 ) (-743.619019 572.942017 505.402039 ) 
4 326 327 (-743.619019 572.942017 509.402008 ) (-743.619019 632.942017 509.402008 ) (-743.619019 632.942017 505.402039 ) (-743.619019 572.942017 505.402039 ) 
4 326 328 (-743.619019 440.941986 505.402039 ) (-743.619019 440.941986 509.402008 ) (-743.619019 500.942017 509.402008 ) (-743.619019 500.942017 505.402039 ) 
4 326 329 (-743.619019 440.941986 505.402039 ) (-591.619019 440.941986 505.402039 ) (-591.619019 440.941986 509.402008 ) (-743.619019 440.941986 509.402008 ) 
4 327 332 (-815.619019 572.942017 505.402039 ) (-815.619019 632.942017 505.402039 ) (-743.619019 632.942017 505.402039 ) (-743.619019 572.942017 505.402039 ) 
4 328 337 (-815.619019 440.941986 505.402039 ) (-815.619019 500.942017 505.402039 ) (-747.619019 500.942017 505.402039 ) (-747.619019 440.941986 505.402039 ) 
4 328 335 (-747.619019 500.942017 505.402039 ) (-743.619019 500.942017 505.402039 ) (-743.619019 440.941986 505.402039 ) (-747.619019 440.941986 505.402039 ) 
4 328 329 (-815.619019 440.941986 509.402008 ) (-815.619019 440.941986 505.402039 ) (-743.619019 440.941986 505.402039 ) (-743.619019 440.941986 509.402008 ) 
4 329 337 (-815.619019 176.942001 505.402039 ) (-815.619019 440.941986 505.402039 ) (-747.619019 440.941986 505.402039 ) (-747.619019 176.942001 505.402039 ) 
4 329 335 (-747.619019 440.941986 505.402039 ) (-743.619019 440.941986 505.402039 ) (-743.619019 176.942001 505.402039 ) (-747.619019 176.942001 505.402039 ) 
4 329 334 (-743.619019 440.941986 505.402039 ) (-591.619019 440.941986 505.402039 ) (-591.619019 176.942001 505.402039 ) (-743.619019 176.942001 505.402039 ) 
5 330 333 (-815.619019 840.942078 379.402039 ) (-815.619019 1024 379.402039 ) (-591.619019 1024 379.402039 ) (-591.619019 885.942078 379.402039 ) (-663.618958 840.942078 379.402039 ) 
4 330 331 (-631.615662 860.942993 379.402039 ) (-591.619019 885.940918 379.402039 ) (-591.619019 885.941406 505.402039 ) (-631.616394 860.942810 505.402039 ) 
4 330 332 (-815.619019 840.942078 379.402039 ) (-663.618958 840.942078 379.402039 ) (-663.618958 840.942078 505.402039 ) (-815.619019 840.942078 505.402039 ) 
3 331 333 (-591.619019 885.942078 379.402039 ) (-591.619019 872.942017 379.402039 ) (-631.619202 860.941956 379.402039 ) 
4 332 340 (-591.619019 572.942017 379.402039 ) (-591.619019 572.942017 393.402008 ) (-815.619019 572.942017 393.402008 ) (-815.619019 572.942017 379.402039 ) 
4 332 338 (-591.619019 572.942017 393.402008 ) (-591.619019 572.942017 397.402008 ) (-743.619019 572.942017 397.402008 ) (-743.619019 572.942017 393.402008 ) 
4 332 334 (-591.619019 572.942017 397.402008 ) (-591.619019 572.942017 505.402039 ) (-743.619019 572.942017 505.402039 ) (-743.619019 572.942017 397.402008 ) 
4 332 333 (-591.619019 572.942017 379.402039 ) (-815.619019 572.942017 379.402039 ) (-815.619019 840.942078 379.402039 ) (-591.619019 840.942078 379.402039 ) 
4 333 340 (-591.619019 572.942017 191.402008 ) (-591.619019 572.942017 379.402039 ) (-815.619019 572.942017 379.402039 ) (-815.619019 572.942017 191.402008 ) 
4 334 338 (-743.619019 572.942017 397.402008 ) (-591.619019 572.942017 397.402008 ) (-591.619019 176.942001 397.402008 ) (-743.619019 176.942001 397.402008 ) 
4 334 335 (-743.619019 500.942017 397.402008 ) (-743.619019 176.942001 397.402008 ) (-743.619019 176.942001 505.402039 ) (-743.619019 500.942017 505.402039 ) 
4 335 339 (-743.619019 500.942017 397.402008 ) (-743.619019 176.942001 397.402008 ) (-747.619019 176.942001 397.402008 ) (-747.619019 500.942017 397.402008 ) 
4 335 337 (-747.619019 500.942017 397.402008 ) (-747.619019 176.942001 397.402008 ) (-747.619019 176.942001 505.402039 ) (-747.619019 500.942017 505.402039 ) 
4 337 339 (-815.619019 176.942001 397.402008 ) (-815.619019 500.942017 397.402008 ) (-747.619019 500.942017 397.402008 ) (-747.619019 176.942001 397.402008 ) 
4 338 340 (-743.619019 572.942017 393.402008 ) (-591.619019 572.942017 393.402008 ) (-591.619019 176.942001 393.402008 ) (-743.619019 176.942001 393.402008 ) 
4 338 339 (-743.619019 500.942017 393.402008 ) (-743.619019 176.942001 393.402008 ) (-743.619019 176.942001 397.402008 ) (-743.619019 500.942017 397.402008 ) 
4 339 340 (-815.619019 176.942001 393.402008 ) (-815.619019 500.942017 393.402008 ) (-743.619019 500.942017 393.402008 ) (-743.619019 176.942001 393.402008 ) 
4 342 344 (-1696 960 0 ) (-1696 1024 0 ) (-1696 1024 -64 ) (-1696 960 -64 ) 
3 342 343 (-1696 960 -64 ) (-1696 1024 -64 ) (-1686 1024 -64 ) 
4 343 344 (-1696 960 -64 ) (-1696 1024 -64 ) (-1696 1024 -128 ) (-1696 960 -128 ) 
4 344 346 (-1824 1024 64 ) (-1824 1024 -192 ) (-1824 960 -192 ) (-1824 960 64 ) 
4 344 345 (-1696 960 -192 ) (-1696 960 64 ) (-1824 960 64 ) (-1824 960 -192 ) 
4 345 364 (-1728 832 -190 ) (-1824 832 -190 ) (-1824 832 -192 ) (-1728 832 -192 ) 
4 345 352 (-1728 832 -64 ) (-1824 832 -64 ) (-1824 832 -190 ) (-1728 832 -190 ) 
4 345 347 (-1824 832 -192 ) (-1824 832 64 ) (-1824 960 64 ) (-1824 960 -192 ) 
4 346 349 (-1952 1023 -159 ) (-1952 960 -159 ) (-1952 960 31 ) (-1952 1023 31 ) 
4 346 347 (-1888 960 -192 ) (-1824 960 -192 ) (-1824 960 64 ) (-1888 960 64 ) 
4 346 348 (-1952 960 72 ) (-1952 960 -192 ) (-1888 960 -192 ) (-1888 960 72 ) 
4 347 364 (-1824 832 -192 ) (-1824 832 -190 ) (-1888 832 -190 ) (-1888 832 -192 ) 
4 347 352 (-1824 832 -190 ) (-1824 832 -64 ) (-1888 832 -64 ) (-1888 832 -190 ) 
4 347 348 (-1888 960 -192 ) (-1888 832 -192 ) (-1888 832 64 ) (-1888 960 64 ) 
4 348 364 (-1920 832 -192 ) (-1888 832 -192 ) (-1888 832 -190 ) (-1920 832 -190 ) 
4 348 352 (-1920 832 -190 ) (-1888 832 -190 ) (-1888 832 -64 ) (-1920 832 -64 ) 
4 348 349 (-1952 929 31 ) (-1952 960 31 ) (-1952 960 -159 ) (-1952 929 -159 ) 
4 350 361 (-1938 350 66 ) (-1938 414 66 ) (-1906 414 66 ) (-1906 350 66 ) 
4 350 360 (-1906 414 66 ) (-1874 414 66 ) (-1874 350 66 ) (-1906 350 66 ) 
4 351 361 (-1938 158 66 ) (-1938 222 66 ) (-1906 222 66 ) (-1906 158 66 ) 
4 351 360 (-1906 222 66 ) (-1874 222 66 ) (-1874 158 66 ) (-1906 158 66 ) 
4 352 364 (-1920 832 -190 ) (-1728 832 -190 ) (-1728 704 -190 ) (-1920 704 -190 ) 
4 352 353 (-1888 704 -190 ) (-1760 704 -190 ) (-1760 704 -64 ) (-1888 704 -64 ) 
4 353 365 (-1760 640 -190 ) (-1888 640 -190 ) (-1888 704 -190 ) (-1760 704 -190 ) 
4 353 355 (-1888 640 -190 ) (-1760 640 -190 ) (-1760 640 -64 ) (-1888 640 -64 ) 
4 354 366 (-1746 574 -190 ) (-1760 574 -190 ) (-1760 640 -190 ) (-1746 640 -190 ) 
4 354 360 (-1760 574 -190 ) (-1746 574 -190 ) (-1746 574 -32 ) (-1760 574 -32 ) 
4 354 356 (-1760 576 -190 ) (-1760 574 -190 ) (-1760 574 -32 ) (-1760 576 -32 ) 
4 354 355 (-1760 640 -32 ) (-1760 640 -190 ) (-1760 576 -190 ) (-1760 576 -32 ) 
4 355 366 (-1888 576 -190 ) (-1888 640 -190 ) (-1760 640 -190 ) (-1760 576 -190 ) 
4 355 357 (-1888 640 -32 ) (-1888 640 -190 ) (-1888 576 -190 ) (-1888 576 -32 ) 
4 355 356 (-1888 576 -32 ) (-1888 576 -190 ) (-1760 576 -190 ) (-1760 576 -32 ) 
4 356 366 (-1760 574 -190 ) (-1888 574 -190 ) (-1888 576 -190 ) (-1760 576 -190 ) 
4 356 360 (-1888 574 -190 ) (-1760 574 -190 ) (-1760 574 -32 ) (-1888 574 -32 ) 
4 356 357 (-1888 576 -190 ) (-1888 574 -190 ) (-1888 574 -32 ) (-1888 576 -32 ) 
4 357 366 (-1888 574 -190 ) (-1906 574 -190 ) (-1906 640 -190 ) (-1888 640 -190 ) 
4 357 360 (-1906 574 -190 ) (-1888 574 -190 ) (-1888 574 -32 ) (-1906 574 -32 ) 
4 358 359 (-1682 286 -158 ) (-1682 286 34 ) (-1682 382 34 ) (-1682 382 -158 ) 
4 359 360 (-1746 542 -190 ) (-1746 126 -190 ) (-1746 126 66 ) (-1746 542 66 ) 
4 360 369 (-1746 126 -190 ) (-1746 94 -190 ) (-1906 94 -190 ) (-1906 126 -190 ) 
4 360 361 (-1906 478 -190 ) (-1906 94 -190 ) (-1906 94 66 ) (-1906 478 66 ) 
4 361 369 (-1970 94 -190 ) (-1970 126 -190 ) (-1906 126 -190 ) (-1906 94 -190 ) 
4 361 363 (-1970 254 -190 ) (-1970 94 -190 ) (-1970 94 66 ) (-1970 254 66 ) 
4 361 362 (-1970 446 -190 ) (-1970 318 -190 ) (-1970 318 66 ) (-1970 446 66 ) 
4 362 367 (-2002 318 -190 ) (-2002 446 -190 ) (-1970 446 -190 ) (-1970 318 -190 ) 
4 363 369 (-2002 94 -190 ) (-2002 126 -190 ) (-1970 126 -190 ) (-1970 94 -190 ) 
4 363 368 (-2002 126 -190 ) (-2002 254 -190 ) (-1970 254 -190 ) (-1970 126 -190 ) 
4 364 365 (-1888 704 -192 ) (-1760 704 -192 ) (-1760 704 -190 ) (-1888 704 -190 ) 
4 365 366 (-1888 640 -192 ) (-1760 640 -192 ) (-1760 640 -190 ) (-1888 640 -190 ) 
4 368 369 (-2002 126 -190 ) (-2002 126 -198 ) (-1970 126 -198 ) (-1970 126 -190 ) 
