


materialPath: C:\Program Files (x86)\Steam\steamapps\common\Portal 2\portal2\materials
Loading C:\Program Files (x86)\Steam\steamapps\common\Portal 2\sdk_content\maps\WIP\Chapter 3\mp_coop_a2_pull_the_rug.vmf
ConVarRef gpu_level doesn't point to an existing ConVar
fixing up env_cubemap materials on brush sides...
0...1...2...3...4...5...6...7...8...9...100...1...2...3...4...5...6...7...8...9...10Processing areas...done (0)
Building Faces...done (0)
Chop Details...done (0)
Find Visible Detail Sides...
Merged 934 detail faces...done (0)
Merging details...done (0)
FixTjuncs...
PruneNodes...
WriteBSP...
done (0)
writing C:\Program Files (x86)\Steam\steamapps\common\Portal 2\sdk_content\maps\WIP\Chapter 3\mp_coop_a2_pull_the_rug.prt...Building visibility clusters...
done (0)
Finding displacement neighbors...
Finding lightmap sample positions...
Displacement Alpha : 0...1...2...3...4...5...6...7...8...9...10
Building Physics collision data...
done (1) (588007 bytes)
Encountered obsolete static prop option to do its fade in screen space @ 128.00 432.00 256.00
Encountered obsolete static prop option to do its fade in screen space @ 128.00 432.00 128.00
Encountered obsolete static prop option to do its fade in screen space @ 128.00 560.00 256.00
Encountered obsolete static prop option to do its fade in screen space @ 128.00 560.00 128.00
Encountered obsolete static prop option to do its fade in screen space @ -192.00 -816.00 0.00
Encountered obsolete static prop option to do its fade in screen space @ -192.00 -816.00 -128.00
Encountered obsolete static prop option to do its fade in screen space @ -176.00 -960.00 -64.00
Encountered obsolete static prop option to do its fade in screen space @ 128.00 400.00 256.00
Encountered obsolete static prop option to do its fade in screen space @ 128.00 400.00 128.00
Encountered obsolete static prop option to do its fade in screen space @ 128.00 432.00 0.00
Encountered obsolete static prop option to do its fade in screen space @ 128.00 432.00 -128.00
Encountered obsolete static prop option to do its fade in screen space @ -320.00 -624.00 -64.00
Encountered obsolete static prop option to do its fade in screen space @ -320.00 -624.00 64.00
Encountered obsolete static prop option to do its fade in screen space @ -128.00 -1136.00 -64.00
Encountered obsolete static prop option to do its fade in screen space @ -144.00 -960.00 -64.00
Encountered obsolete static prop option to do its fade in screen space @ 192.00 -624.00 -192.00
Encountered obsolete static prop option to do its fade in screen space @ 128.00 592.00 256.00
Encountered obsolete static prop option to do its fade in screen space @ 128.00 592.00 128.00
Encountered obsolete static prop option to do its fade in screen space @ -128.00 -1168.00 -64.00
Encountered obsolete static prop option to do its fade in screen space @ -128.00 -784.00 64.00
Encountered obsolete static prop option to do its fade in screen space @ -16.00 -960.00 -64.00
Encountered obsolete static prop option to do its fade in screen space @ -256.00 -624.00 128.00
Encountered obsolete static prop option to do its fade in screen space @ 64.00 624.00 320.00
Encountered obsolete static prop option to do its fade in screen space @ 64.00 592.00 320.00
Encountered obsolete static prop option to do its fade in screen space @ -192.00 -784.00 0.00
Encountered obsolete static prop option to do its fade in screen space @ -192.00 -784.00 -128.00
Encountered obsolete static prop option to do its fade in screen space @ -256.00 -592.00 128.00
Encountered obsolete static prop option to do its fade in screen space @ 0.00 -816.00 64.00
Encountered obsolete static prop option to do its fade in screen space @ -128.00 -816.00 64.00
Encountered obsolete static prop option to do its fade in screen space @ -336.00 -1184.00 0.00
Encountered obsolete static prop option to do its fade in screen space @ -304.00 -1184.00 0.00
Encountered obsolete static prop option to do its fade in screen space @ 64.00 784.00 256.00
Encountered obsolete static prop option to do its fade in screen space @ 64.00 752.00 256.00
Placing detail props : 0...1...2...3...4...5...6...7...8...9...10
Compacting texture/material tables...
Reduced 2380 texinfos to 1373
Reduced 130 texdatas to 119 (5076 bytes to 4642)
Writing C:\Program Files (x86)\Steam\steamapps\common\Portal 2\sdk_content\maps\WIP\Chapter 3\mp_coop_a2_pull_the_rug.bsp

nummapplanes:     (  7550 / 65536 )
nummapbrushes:    (  1524 /  8192 )
nummapbrushsides: ( 12079 / 65536 )
num_map_overlays: (    47 /   512 )
nummodels:        (   153 /  1024 )
num_entities:     (   614 / 16384 )

1 second elapsed



24 threads
reading c:\program files (x86)\steam\steamapps\common\portal 2\sdk_content\maps\wip\chapter 3\mp_coop_a2_pull_the_rug.bsp
reading c:\program files (x86)\steam\steamapps\common\portal 2\sdk_content\maps\wip\chapter 3\mp_coop_a2_pull_the_rug.prt
 367 portalclusters
1072 numportals
0...1...2...3...4...5...6...7...8...9...100...1...2...3...4...5...6...7...8...9...10Optimized: 714 visible clusters (0.00%)
Total clusters visible: 41912
Average clusters visible: 114
Building PAS...
Average clusters audible: 289
visdatasize:30199  compressed from 35232
writing c:\program files (x86)\steam\steamapps\common\portal 2\sdk_content\maps\wip\chapter 3\mp_coop_a2_pull_the_rug.bsp
0 seconds elapsed



Could not find lights.rad in lights.rad.
Trying VRAD BIN directory instead...
Warning: Couldn't open texlight file C:\Program Files (x86)\Steam\steamapps\common\Portal 2\bin\lights.rad.
Loading c:\program files (x86)\steam\steamapps\common\portal 2\sdk_content\maps\wip\chapter 3\mp_coop_a2_pull_the_rug.bsp
3216 faces
347374 square feet [50021988.00 square inches]
0 Displacements
0 Square Feet [0.00 Square Inches]
3216 patches before subdivision
25754 patches after subdivision
45 direct lights
0...1...2...3...4...5...6...7...8...9...100...1...2...3...4...5...6...7...8...9...10transfers 1831580, max 441
transfer lists:  14.0 megs
0...1...2...3...4...5...6...7...8...9...10	Bounce #1 added RGB(13700, 12337, 11664)
0...1...2...3...4...5...6...7...8...9...10	Bounce #2 added RGB(5213, 4662, 4418)
0...1...2...3...4...5...6...7...8...9...10	Bounce #3 added RGB(2152, 1909, 1813)
0...1...2...3...4...5...6...7...8...9...10	Bounce #4 added RGB(930, 815, 774)
0...1...2...3...4...5...6...7...8...9...10	Bounce #5 added RGB(413, 356, 337)
0...1...2...3...4...5...6...7...8...9...10	Bounce #6 added RGB(187, 158, 149)
0...1...2...3...4...5...6...7...8...9...10	Bounce #7 added RGB(86, 71, 67)
0...1...2...3...4...5...6...7...8...9...10	Bounce #8 added RGB(40, 33, 31)
0...1...2...3...4...5...6...7...8...9...10	Bounce #9 added RGB(19, 15, 14)
0...1...2...3...4...5...6...7...8...9...10	Bounce #10 added RGB(9, 7, 7)
0...1...2...3...4...5...6...7...8...9...10	Bounce #11 added RGB(4, 3, 3)
0...1...2...3...4...5...6...7...8...9...10	Bounce #12 added RGB(2, 2, 1)
0...1...2...3...4...5...6...7...8...9...10	Bounce #13 added RGB(1, 1, 1)
0...1...2...3...4...5...6...7...8...9...10	Bounce #14 added RGB(0, 0, 0)
Build Patch/Sample Hash Table(s).....Done<0.0037 sec>
0...1...2...3...4...5...6...7...8...9...10FinalLightFace Done
0 of 0 (0% of) surface lights went in leaf ambient cubes.
0...1...2...3...4...5...6...7...8...9...10Writing leaf ambient...done
Ready to Finish

Object names       Objects/Maxobjs  Memory / Maxmem  Fullness 
------------       ---------------  ---------------  -------- 
models                 153/1024         7344/49152    (14.9%) 
brushes               1524/8192        18288/98304    (18.6%) 
brushsides           12086/65536       96688/524288   (18.4%) 
planes                7550/65536      151000/1310720  (11.5%) 
vertexes              6890/65536       82680/786432   (10.5%) 
nodes                 2074/65536       66368/2097152  ( 3.2%) 
texinfos              1373/12288       98856/884736   (11.2%) 
texdata                119/2048         3808/65536    ( 5.8%) 
dispinfos                0/0               0/0        ( 0.0%) 
disp_verts               0/0               0/0        ( 0.0%) 
disp_tris                0/0               0/0        ( 0.0%) 
disp_multiblend          0/0               0/0        ( 0.0%) 
disp_lmsamples           0/0               0/0        ( 0.0%) 
faces                 3216/65536      180096/3670016  ( 4.9%) 
hdr faces                0/65536           0/3670016  ( 0.0%) 
origfaces             2691/65536      150696/3670016  ( 4.1%) 
facebrushes            266/0             532/0        ( 0.0%) 
facebrushlists        3216/0           12864/0        ( 0.0%) 
leaves                2228/65536       71296/2097152  ( 3.4%) 
leaffaces             4899/65536        9798/131072   ( 7.5%) 
leafbrushes           3054/65536        6108/131072   ( 4.7%) 
areas                   16/256           128/2048     ( 6.3%) 
surfedges            26333/512000     105332/2048000  ( 5.1%) 
edges                16126/256000      64504/1024000  ( 6.3%) 
LDR worldlights         45/8192         4500/819200   ( 0.5%) 
HDR worldlights          0/8192            0/819200   ( 0.0%) 
leafwaterdata            0/32768           0/393216   ( 0.0%) 
waterstrips            468/32768        4680/327680   ( 1.4%) 
waterverts               0/65536           0/786432   ( 0.0%) 
waterindices          7095/65536       14190/131072   (10.8%) 
cubemapsamples          20/1024          320/16384    ( 2.0%) 
overlays                47/512         16544/180224   ( 9.2%) 
LDR lightdata         [variable]     1515716/0        ( 0.0%) 
HDR lightdata         [variable]           0/0        ( 0.0%) 
visdata               [variable]       30199/16777216 ( 0.2%) 
entdata               [variable]      221866/393216   (56.4%) 
LDR ambient table     2228/65536        8912/262144   ( 3.4%) 
HDR ambient table     2228/65536        8912/262144   ( 3.4%) 
LDR leaf ambient      6023/65536      168644/1835008  ( 9.2%) 
HDR leaf ambient      2228/65536       62384/1835008  ( 3.4%) 
occluders                0/0               0/0        ( 0.0%) 
occluder polygons        0/0               0/0        ( 0.0%) 
occluder vert ind        0/0               0/0        ( 0.0%) 
detail props          [variable]           1/12       ( 8.3%) 
static props          [variable]           1/27482    ( 0.0%) 
pakfile               [variable]     1576670/0        ( 0.0%) 
physics               [variable]      588007/4194304  (14.0%) 
physics terrain       [variable]           2/1048576  ( 0.0%) 

Level flags = 0

Total triangle count: 9023
Writing c:\program files (x86)\steam\steamapps\common\portal 2\sdk_content\maps\wip\chapter 3\mp_coop_a2_pull_the_rug.bsp
5 seconds elapsed



Could not find lights.rad in lights.rad.
Trying VRAD BIN directory instead...
Warning: Couldn't open texlight file C:\Program Files (x86)\Steam\steamapps\common\Portal 2\bin\lights.rad.
Loading c:\program files (x86)\steam\steamapps\common\portal 2\sdk_content\maps\wip\chapter 3\mp_coop_a2_pull_the_rug.bsp
3216 faces
347374 square feet [50021988.00 square inches]
0 Displacements
0 Square Feet [0.00 Square Inches]
3216 patches before subdivision
25754 patches after subdivision
45 direct lights
0...1...2...3...4...5...6...7...8...9...100...1...2...3...4...5...6...7...8...9...10transfers 1831580, max 441
transfer lists:  14.0 megs
0...1...2...3...4...5...6...7...8...9...10	Bounce #1 added RGB(13700, 12337, 11664)
0...1...2...3...4...5...6...7...8...9...10	Bounce #2 added RGB(5213, 4662, 4418)
0...1...2...3...4...5...6...7...8...9...10	Bounce #3 added RGB(2152, 1909, 1813)
0...1...2...3...4...5...6...7...8...9...10	Bounce #4 added RGB(930, 815, 774)
0...1...2...3...4...5...6...7...8...9...10	Bounce #5 added RGB(413, 356, 337)
0...1...2...3...4...5...6...7...8...9...10	Bounce #6 added RGB(187, 158, 149)
0...1...2...3...4...5...6...7...8...9...10	Bounce #7 added RGB(86, 71, 67)
0...1...2...3...4...5...6...7...8...9...10	Bounce #8 added RGB(40, 33, 31)
0...1...2...3...4...5...6...7...8...9...10	Bounce #9 added RGB(19, 15, 14)
0...1...2...3...4...5...6...7...8...9...10	Bounce #10 added RGB(9, 7, 7)
0...1...2...3...4...5...6...7...8...9...10	Bounce #11 added RGB(4, 3, 3)
0...1...2...3...4...5...6...7...8...9...10	Bounce #12 added RGB(2, 2, 1)
0...1...2...3...4...5...6...7...8...9...10	Bounce #13 added RGB(1, 1, 1)
0...1...2...3...4...5...6...7...8...9...10	Bounce #14 added RGB(0, 0, 0)
Build Patch/Sample Hash Table(s).....Done<0.0039 sec>
0...1...2...3...4...5...6...7...8...9...10FinalLightFace Done
0 of 0 (0% of) surface lights went in leaf ambient cubes.
0...1...2...3...4...5...6...7...8...9...10Writing leaf ambient...done
Ready to Finish

Object names       Objects/Maxobjs  Memory / Maxmem  Fullness 
------------       ---------------  ---------------  -------- 
models                 153/1024         7344/49152    (14.9%) 
brushes               1524/8192        18288/98304    (18.6%) 
brushsides           12086/65536       96688/524288   (18.4%) 
planes                7550/65536      151000/1310720  (11.5%) 
vertexes              6890/65536       82680/786432   (10.5%) 
nodes                 2074/65536       66368/2097152  ( 3.2%) 
texinfos              1373/12288       98856/884736   (11.2%) 
texdata                119/2048         3808/65536    ( 5.8%) 
dispinfos                0/0               0/0        ( 0.0%) 
disp_verts               0/0               0/0        ( 0.0%) 
disp_tris                0/0               0/0        ( 0.0%) 
disp_multiblend          0/0               0/0        ( 0.0%) 
disp_lmsamples           0/0               0/0        ( 0.0%) 
faces                 3216/65536      180096/3670016  ( 4.9%) 
hdr faces             3216/65536      180096/3670016  ( 4.9%) 
origfaces             2691/65536      150696/3670016  ( 4.1%) 
facebrushes            266/0             532/0        ( 0.0%) 
facebrushlists        3216/0           12864/0        ( 0.0%) 
leaves                2228/65536       71296/2097152  ( 3.4%) 
leaffaces             4899/65536        9798/131072   ( 7.5%) 
leafbrushes           3054/65536        6108/131072   ( 4.7%) 
areas                   16/256           128/2048     ( 6.3%) 
surfedges            26333/512000     105332/2048000  ( 5.1%) 
edges                16126/256000      64504/1024000  ( 6.3%) 
LDR worldlights         45/8192         4500/819200   ( 0.5%) 
HDR worldlights         45/8192         4500/819200   ( 0.5%) 
leafwaterdata            0/32768           0/393216   ( 0.0%) 
waterstrips            468/32768        4680/327680   ( 1.4%) 
waterverts               0/65536           0/786432   ( 0.0%) 
waterindices          7095/65536       14190/131072   (10.8%) 
cubemapsamples          20/1024          320/16384    ( 2.0%) 
overlays                47/512         16544/180224   ( 9.2%) 
LDR lightdata         [variable]     1515716/0        ( 0.0%) 
HDR lightdata         [variable]     1515716/0        ( 0.0%) 
visdata               [variable]       30199/16777216 ( 0.2%) 
entdata               [variable]      221866/393216   (56.4%) 
LDR ambient table     2228/65536        8912/262144   ( 3.4%) 
HDR ambient table     2228/65536        8912/262144   ( 3.4%) 
LDR leaf ambient      6023/65536      168644/1835008  ( 9.2%) 
HDR leaf ambient      6023/65536      168644/1835008  ( 9.2%) 
occluders                0/0               0/0        ( 0.0%) 
occluder polygons        0/0               0/0        ( 0.0%) 
occluder vert ind        0/0               0/0        ( 0.0%) 
detail props          [variable]           1/12       ( 8.3%) 
static props          [variable]           1/27482    ( 0.0%) 
pakfile               [variable]     1576670/0        ( 0.0%) 
physics               [variable]      588007/4194304  (14.0%) 
physics terrain       [variable]           2/1048576  ( 0.0%) 

Level flags = 0

Total triangle count: 9023
Writing c:\program files (x86)\steam\steamapps\common\portal 2\sdk_content\maps\wip\chapter 3\mp_coop_a2_pull_the_rug.bsp
5 seconds elapsed



materialPath: C:\Program Files (x86)\Steam\steamapps\common\Portal 2\portal2\materials
Loading C:\Program Files (x86)\Steam\steamapps\common\Portal 2\sdk_content\maps\WIP\Chapter 3\mp_coop_a2_pull_the_rug.vmf
ConVarRef gpu_level doesn't point to an existing ConVar
fixing up env_cubemap materials on brush sides...
0...1...2...3...4...5...6...7...8...9...100...1...2...3...4...5...6...7...8...9...10Processing areas...done (0)
Building Faces...done (0)
Chop Details...done (0)
Find Visible Detail Sides...
Merged 934 detail faces...done (0)
Merging details...done (0)
FixTjuncs...
PruneNodes...
WriteBSP...
done (0)
writing C:\Program Files (x86)\Steam\steamapps\common\Portal 2\sdk_content\maps\WIP\Chapter 3\mp_coop_a2_pull_the_rug.prt...Building visibility clusters...
done (0)
Finding displacement neighbors...
Finding lightmap sample positions...
Displacement Alpha : 0...1...2...3...4...5...6...7...8...9...10
Building Physics collision data...
done (1) (588007 bytes)
Encountered obsolete static prop option to do its fade in screen space @ 128.00 432.00 256.00
Encountered obsolete static prop option to do its fade in screen space @ 128.00 432.00 128.00
Encountered obsolete static prop option to do its fade in screen space @ 128.00 560.00 256.00
Encountered obsolete static prop option to do its fade in screen space @ 128.00 560.00 128.00
Encountered obsolete static prop option to do its fade in screen space @ -192.00 -816.00 0.00
Encountered obsolete static prop option to do its fade in screen space @ -192.00 -816.00 -128.00
Encountered obsolete static prop option to do its fade in screen space @ -176.00 -960.00 -64.00
Encountered obsolete static prop option to do its fade in screen space @ 128.00 400.00 256.00
Encountered obsolete static prop option to do its fade in screen space @ 128.00 400.00 128.00
Encountered obsolete static prop option to do its fade in screen space @ 128.00 432.00 0.00
Encountered obsolete static prop option to do its fade in screen space @ 128.00 432.00 -128.00
Encountered obsolete static prop option to do its fade in screen space @ -320.00 -624.00 -64.00
Encountered obsolete static prop option to do its fade in screen space @ -320.00 -624.00 64.00
Encountered obsolete static prop option to do its fade in screen space @ -128.00 -1136.00 -64.00
Encountered obsolete static prop option to do its fade in screen space @ -144.00 -960.00 -64.00
Encountered obsolete static prop option to do its fade in screen space @ 192.00 -624.00 -192.00
Encountered obsolete static prop option to do its fade in screen space @ 128.00 592.00 256.00
Encountered obsolete static prop option to do its fade in screen space @ 128.00 592.00 128.00
Encountered obsolete static prop option to do its fade in screen space @ -128.00 -1168.00 -64.00
Encountered obsolete static prop option to do its fade in screen space @ -128.00 -784.00 64.00
Encountered obsolete static prop option to do its fade in screen space @ -16.00 -960.00 -64.00
Encountered obsolete static prop option to do its fade in screen space @ -256.00 -624.00 128.00
Encountered obsolete static prop option to do its fade in screen space @ 64.00 624.00 320.00
Encountered obsolete static prop option to do its fade in screen space @ 64.00 592.00 320.00
Encountered obsolete static prop option to do its fade in screen space @ -192.00 -784.00 0.00
Encountered obsolete static prop option to do its fade in screen space @ -192.00 -784.00 -128.00
Encountered obsolete static prop option to do its fade in screen space @ -256.00 -592.00 128.00
Encountered obsolete static prop option to do its fade in screen space @ 0.00 -816.00 64.00
Encountered obsolete static prop option to do its fade in screen space @ -128.00 -816.00 64.00
Encountered obsolete static prop option to do its fade in screen space @ -336.00 -1184.00 0.00
Encountered obsolete static prop option to do its fade in screen space @ -304.00 -1184.00 0.00
Encountered obsolete static prop option to do its fade in screen space @ 64.00 784.00 256.00
Encountered obsolete static prop option to do its fade in screen space @ 64.00 752.00 256.00
Placing detail props : 0...1...2...3...4...5...6...7...8...9...10
Compacting texture/material tables...
Reduced 2380 texinfos to 1373
Reduced 130 texdatas to 119 (5076 bytes to 4642)
Writing C:\Program Files (x86)\Steam\steamapps\common\Portal 2\sdk_content\maps\WIP\Chapter 3\mp_coop_a2_pull_the_rug.bsp

nummapplanes:     (  7550 / 65536 )
nummapbrushes:    (  1524 /  8192 )
nummapbrushsides: ( 12079 / 65536 )
num_map_overlays: (    47 /   512 )
nummodels:        (   153 /  1024 )
num_entities:     (   614 / 16384 )

1 second elapsed



24 threads
reading c:\program files (x86)\steam\steamapps\common\portal 2\sdk_content\maps\wip\chapter 3\mp_coop_a2_pull_the_rug.bsp
reading c:\program files (x86)\steam\steamapps\common\portal 2\sdk_content\maps\wip\chapter 3\mp_coop_a2_pull_the_rug.prt
 367 portalclusters
1072 numportals
0...1...2...3...4...5...6...7...8...9...10Optimized: 5428 visible clusters (0.00%)
Total clusters visible: 92652
Average clusters visible: 252
Building PAS...
Average clusters audible: 337
visdatasize:34233  compressed from 35232
writing c:\program files (x86)\steam\steamapps\common\portal 2\sdk_content\maps\wip\chapter 3\mp_coop_a2_pull_the_rug.bsp
0 seconds elapsed



Could not find lights.rad in lights.rad.
Trying VRAD BIN directory instead...
Warning: Couldn't open texlight file C:\Program Files (x86)\Steam\steamapps\common\Portal 2\bin\lights.rad.
Loading c:\program files (x86)\steam\steamapps\common\portal 2\sdk_content\maps\wip\chapter 3\mp_coop_a2_pull_the_rug.bsp
3216 faces
347374 square feet [50021988.00 square inches]
0 Displacements
0 Square Feet [0.00 Square Inches]
3216 patches before subdivision
25754 patches after subdivision
45 direct lights
0...1...2...3...4...5...6...7...8...9...100...1...2...3...4...5...6...7...8...9...10transfers 1831581, max 441
transfer lists:  14.0 megs
0...1...2...3...4...5...6...7...8...9...10	Bounce #1 added RGB(13863, 12474, 11777)
0...1...2...3...4...5...6...7...8...9...10	Bounce #2 added RGB(5262, 4705, 4454)
0...1...2...3...4...5...6...7...8...9...10	Bounce #3 added RGB(2168, 1925, 1827)
0...1...2...3...4...5...6...7...8...9...10	Bounce #4 added RGB(936, 821, 779)
0...1...2...3...4...5...6...7...8...9...10	Bounce #5 added RGB(415, 358, 339)
0...1...2...3...4...5...6...7...8...9...10	Bounce #6 added RGB(188, 159, 150)
0...1...2...3...4...5...6...7...8...9...10	Bounce #7 added RGB(87, 72, 68)
0...1...2...3...4...5...6...7...8...9...10	Bounce #8 added RGB(40, 33, 31)
0...1...2...3...4...5...6...7...8...9...10	Bounce #9 added RGB(19, 15, 14)
0...1...2...3...4...5...6...7...8...9...10	Bounce #10 added RGB(9, 7, 7)
0...1...2...3...4...5...6...7...8...9...10	Bounce #11 added RGB(4, 3, 3)
0...1...2...3...4...5...6...7...8...9...10	Bounce #12 added RGB(2, 2, 1)
0...1...2...3...4...5...6...7...8...9...10	Bounce #13 added RGB(1, 1, 1)
0...1...2...3...4...5...6...7...8...9...10	Bounce #14 added RGB(0, 0, 0)
Build Patch/Sample Hash Table(s).....Done<0.0036 sec>
0...1...2...3...4...5...6...7...8...9...10FinalLightFace Done
0 of 0 (0% of) surface lights went in leaf ambient cubes.
0...1...2...3...4...5...6...7...8...9...10Writing leaf ambient...done
Ready to Finish

Object names       Objects/Maxobjs  Memory / Maxmem  Fullness 
------------       ---------------  ---------------  -------- 
models                 153/1024         7344/49152    (14.9%) 
brushes               1524/8192        18288/98304    (18.6%) 
brushsides           12086/65536       96688/524288   (18.4%) 
planes                7550/65536      151000/1310720  (11.5%) 
vertexes              6890/65536       82680/786432   (10.5%) 
nodes                 2074/65536       66368/2097152  ( 3.2%) 
texinfos              1373/12288       98856/884736   (11.2%) 
texdata                119/2048         3808/65536    ( 5.8%) 
dispinfos                0/0               0/0        ( 0.0%) 
disp_verts               0/0               0/0        ( 0.0%) 
disp_tris                0/0               0/0        ( 0.0%) 
disp_multiblend          0/0               0/0        ( 0.0%) 
disp_lmsamples           0/0               0/0        ( 0.0%) 
faces                 3216/65536      180096/3670016  ( 4.9%) 
hdr faces                0/65536           0/3670016  ( 0.0%) 
origfaces             2691/65536      150696/3670016  ( 4.1%) 
facebrushes            266/0             532/0        ( 0.0%) 
facebrushlists        3216/0           12864/0        ( 0.0%) 
leaves                2228/65536       71296/2097152  ( 3.4%) 
leaffaces             4899/65536        9798/131072   ( 7.5%) 
leafbrushes           3054/65536        6108/131072   ( 4.7%) 
areas                   16/256           128/2048     ( 6.3%) 
surfedges            26333/512000     105332/2048000  ( 5.1%) 
edges                16126/256000      64504/1024000  ( 6.3%) 
LDR worldlights         45/8192         4500/819200   ( 0.5%) 
HDR worldlights          0/8192            0/819200   ( 0.0%) 
leafwaterdata            0/32768           0/393216   ( 0.0%) 
waterstrips            468/32768        4680/327680   ( 1.4%) 
waterverts               0/65536           0/786432   ( 0.0%) 
waterindices          7095/65536       14190/131072   (10.8%) 
cubemapsamples          20/1024          320/16384    ( 2.0%) 
overlays                47/512         16544/180224   ( 9.2%) 
LDR lightdata         [variable]     1515716/0        ( 0.0%) 
HDR lightdata         [variable]           0/0        ( 0.0%) 
visdata               [variable]       34233/16777216 ( 0.2%) 
entdata               [variable]      221866/393216   (56.4%) 
LDR ambient table     2228/65536        8912/262144   ( 3.4%) 
HDR ambient table     2228/65536        8912/262144   ( 3.4%) 
LDR leaf ambient      6042/65536      169176/1835008  ( 9.2%) 
HDR leaf ambient      2228/65536       62384/1835008  ( 3.4%) 
occluders                0/0               0/0        ( 0.0%) 
occluder polygons        0/0               0/0        ( 0.0%) 
occluder vert ind        0/0               0/0        ( 0.0%) 
detail props          [variable]           1/12       ( 8.3%) 
static props          [variable]           1/27482    ( 0.0%) 
pakfile               [variable]     1576670/0        ( 0.0%) 
physics               [variable]      588007/4194304  (14.0%) 
physics terrain       [variable]           2/1048576  ( 0.0%) 

Level flags = 0

Total triangle count: 9023
Writing c:\program files (x86)\steam\steamapps\common\portal 2\sdk_content\maps\wip\chapter 3\mp_coop_a2_pull_the_rug.bsp
5 seconds elapsed



materialPath: C:\Program Files (x86)\Steam\steamapps\common\Portal 2\portal2\materials
Loading C:\Program Files (x86)\Steam\steamapps\common\Portal 2\sdk_content\maps\WIP\Chapter 3\mp_coop_a2_pull_the_rug.vmf
ConVarRef gpu_level doesn't point to an existing ConVar
fixing up env_cubemap materials on brush sides...
0...1...2...3...4...5...6...7...8...9...100...1...2...3...4...5...6...7...8...9...10Processing areas...done (0)
Building Faces...done (0)
Chop Details...done (0)
Find Visible Detail Sides...
Merged 934 detail faces...done (0)
Merging details...done (0)
FixTjuncs...
PruneNodes...
WriteBSP...
done (0)
writing C:\Program Files (x86)\Steam\steamapps\common\Portal 2\sdk_content\maps\WIP\Chapter 3\mp_coop_a2_pull_the_rug.prt...Building visibility clusters...
done (0)
Finding displacement neighbors...
Finding lightmap sample positions...
Displacement Alpha : 0...1...2...3...4...5...6...7...8...9...10
Building Physics collision data...
done (1) (588007 bytes)
Encountered obsolete static prop option to do its fade in screen space @ 128.00 432.00 256.00
Encountered obsolete static prop option to do its fade in screen space @ 128.00 432.00 128.00
Encountered obsolete static prop option to do its fade in screen space @ 128.00 560.00 256.00
Encountered obsolete static prop option to do its fade in screen space @ 128.00 560.00 128.00
Encountered obsolete static prop option to do its fade in screen space @ -192.00 -816.00 0.00
Encountered obsolete static prop option to do its fade in screen space @ -192.00 -816.00 -128.00
Encountered obsolete static prop option to do its fade in screen space @ -176.00 -960.00 -64.00
Encountered obsolete static prop option to do its fade in screen space @ 128.00 400.00 256.00
Encountered obsolete static prop option to do its fade in screen space @ 128.00 400.00 128.00
Encountered obsolete static prop option to do its fade in screen space @ 128.00 432.00 0.00
Encountered obsolete static prop option to do its fade in screen space @ 128.00 432.00 -128.00
Encountered obsolete static prop option to do its fade in screen space @ -320.00 -624.00 -64.00
Encountered obsolete static prop option to do its fade in screen space @ -320.00 -624.00 64.00
Encountered obsolete static prop option to do its fade in screen space @ -128.00 -1136.00 -64.00
Encountered obsolete static prop option to do its fade in screen space @ -144.00 -960.00 -64.00
Encountered obsolete static prop option to do its fade in screen space @ 192.00 -624.00 -192.00
Encountered obsolete static prop option to do its fade in screen space @ 128.00 592.00 256.00
Encountered obsolete static prop option to do its fade in screen space @ 128.00 592.00 128.00
Encountered obsolete static prop option to do its fade in screen space @ -128.00 -1168.00 -64.00
Encountered obsolete static prop option to do its fade in screen space @ -128.00 -784.00 64.00
Encountered obsolete static prop option to do its fade in screen space @ -16.00 -960.00 -64.00
Encountered obsolete static prop option to do its fade in screen space @ -256.00 -624.00 128.00
Encountered obsolete static prop option to do its fade in screen space @ 64.00 624.00 320.00
Encountered obsolete static prop option to do its fade in screen space @ 64.00 592.00 320.00
Encountered obsolete static prop option to do its fade in screen space @ -192.00 -784.00 0.00
Encountered obsolete static prop option to do its fade in screen space @ -192.00 -784.00 -128.00
Encountered obsolete static prop option to do its fade in screen space @ -256.00 -592.00 128.00
Encountered obsolete static prop option to do its fade in screen space @ 0.00 -816.00 64.00
Encountered obsolete static prop option to do its fade in screen space @ -128.00 -816.00 64.00
Encountered obsolete static prop option to do its fade in screen space @ -336.00 -1184.00 0.00
Encountered obsolete static prop option to do its fade in screen space @ -304.00 -1184.00 0.00
Encountered obsolete static prop option to do its fade in screen space @ 64.00 784.00 256.00
Encountered obsolete static prop option to do its fade in screen space @ 64.00 752.00 256.00
Placing detail props : 0...1...2...3...4...5...6...7...8...9...10
Compacting texture/material tables...
Reduced 2380 texinfos to 1373
Reduced 130 texdatas to 119 (5076 bytes to 4642)
Writing C:\Program Files (x86)\Steam\steamapps\common\Portal 2\sdk_content\maps\WIP\Chapter 3\mp_coop_a2_pull_the_rug.bsp

nummapplanes:     (  7550 / 65536 )
nummapbrushes:    (  1524 /  8192 )
nummapbrushsides: ( 12079 / 65536 )
num_map_overlays: (    47 /   512 )
nummodels:        (   153 /  1024 )
num_entities:     (   614 / 16384 )

1 second elapsed



24 threads
reading c:\program files (x86)\steam\steamapps\common\portal 2\sdk_content\maps\wip\chapter 3\mp_coop_a2_pull_the_rug.bsp
reading c:\program files (x86)\steam\steamapps\common\portal 2\sdk_content\maps\wip\chapter 3\mp_coop_a2_pull_the_rug.prt
 367 portalclusters
1072 numportals
0...1...2...3...4...5...6...7...8...9...10Optimized: 5428 visible clusters (0.00%)
Total clusters visible: 92652
Average clusters visible: 252
Building PAS...
Average clusters audible: 337
visdatasize:34233  compressed from 35232
writing c:\program files (x86)\steam\steamapps\common\portal 2\sdk_content\maps\wip\chapter 3\mp_coop_a2_pull_the_rug.bsp
0 seconds elapsed



[Reading texlights from 'lights.rad']
[59 texlights parsed from 'lights.rad']

Loading c:\program files (x86)\steam\steamapps\common\portal 2\sdk_content\maps\wip\chapter 3\mp_coop_a2_pull_the_rug.bsp
3216 faces
347374 square feet [50021988.00 square inches]
0 Displacements
0 Square Feet [0.00 Square Inches]
3216 patches before subdivision
25862 patches after subdivision
133 direct lights
0...1...2...3...4...5...6...7...8...9...100...1...2...3...4...5...6...7...8...9...10transfers 1846459, max 441
transfer lists:  14.1 megs
0...1...2...3...4...5...6...7...8...9...10	Bounce #1 added RGB(18010, 17560, 16553)
0...1...2...3...4...5...6...7...8...9...10	Bounce #2 added RGB(7242, 7042, 6570)
0...1...2...3...4...5...6...7...8...9...10	Bounce #3 added RGB(3159, 3064, 2829)
0...1...2...3...4...5...6...7...8...9...10	Bounce #4 added RGB(1423, 1367, 1246)
0...1...2...3...4...5...6...7...8...9...10	Bounce #5 added RGB(658, 624, 561)
0...1...2...3...4...5...6...7...8...9...10	Bounce #6 added RGB(309, 289, 256)
0...1...2...3...4...5...6...7...8...9...10	Bounce #7 added RGB(147, 135, 118)
0...1...2...3...4...5...6...7...8...9...10	Bounce #8 added RGB(71, 64, 55)
0...1...2...3...4...5...6...7...8...9...10	Bounce #9 added RGB(34, 31, 26)
0...1...2...3...4...5...6...7...8...9...10	Bounce #10 added RGB(17, 15, 12)
0...1...2...3...4...5...6...7...8...9...10	Bounce #11 added RGB(8, 7, 6)
0...1...2...3...4...5...6...7...8...9...10	Bounce #12 added RGB(4, 3, 3)
0...1...2...3...4...5...6...7...8...9...10	Bounce #13 added RGB(2, 2, 1)
0...1...2...3...4...5...6...7...8...9...10	Bounce #14 added RGB(1, 1, 1)
Build Patch/Sample Hash Table(s).....Done<0.0038 sec>
0...1...2...3...4...5...6...7...8...9...10FinalLightFace Done
88 of 88 (100% of) surface lights went in leaf ambient cubes.
0...1...2...3...4...5...6...7...8...9...10Writing leaf ambient...done
Ready to Finish

Object names       Objects/Maxobjs  Memory / Maxmem  Fullness 
------------       ---------------  ---------------  -------- 
models                 153/1024         7344/49152    (14.9%) 
brushes               1524/8192        18288/98304    (18.6%) 
brushsides           12086/65536       96688/524288   (18.4%) 
planes                7550/65536      151000/1310720  (11.5%) 
vertexes              6890/65536       82680/786432   (10.5%) 
nodes                 2074/65536       66368/2097152  ( 3.2%) 
texinfos              1373/12288       98856/884736   (11.2%) 
texdata                119/2048         3808/65536    ( 5.8%) 
dispinfos                0/0               0/0        ( 0.0%) 
disp_verts               0/0               0/0        ( 0.0%) 
disp_tris                0/0               0/0        ( 0.0%) 
disp_multiblend          0/0               0/0        ( 0.0%) 
disp_lmsamples           0/0               0/0        ( 0.0%) 
faces                 3216/65536      180096/3670016  ( 4.9%) 
hdr faces                0/65536           0/3670016  ( 0.0%) 
origfaces             2691/65536      150696/3670016  ( 4.1%) 
facebrushes            266/0             532/0        ( 0.0%) 
facebrushlists        3216/0           12864/0        ( 0.0%) 
leaves                2228/65536       71296/2097152  ( 3.4%) 
leaffaces             4899/65536        9798/131072   ( 7.5%) 
leafbrushes           3054/65536        6108/131072   ( 4.7%) 
areas                   16/256           128/2048     ( 6.3%) 
surfedges            26333/512000     105332/2048000  ( 5.1%) 
edges                16126/256000      64504/1024000  ( 6.3%) 
LDR worldlights        133/8192        13300/819200   ( 1.6%) 
HDR worldlights          0/8192            0/819200   ( 0.0%) 
leafwaterdata            0/32768           0/393216   ( 0.0%) 
waterstrips            468/32768        4680/327680   ( 1.4%) 
waterverts               0/65536           0/786432   ( 0.0%) 
waterindices          7095/65536       14190/131072   (10.8%) 
cubemapsamples          20/1024          320/16384    ( 2.0%) 
overlays                47/512         16544/180224   ( 9.2%) 
LDR lightdata         [variable]     1515716/0        ( 0.0%) 
HDR lightdata         [variable]           0/0        ( 0.0%) 
visdata               [variable]       34233/16777216 ( 0.2%) 
entdata               [variable]      221869/393216   (56.4%) 
LDR ambient table     2228/65536        8912/262144   ( 3.4%) 
HDR ambient table     2228/65536        8912/262144   ( 3.4%) 
LDR leaf ambient      6141/65536      171948/1835008  ( 9.4%) 
HDR leaf ambient      2228/65536       62384/1835008  ( 3.4%) 
occluders                0/0               0/0        ( 0.0%) 
occluder polygons        0/0               0/0        ( 0.0%) 
occluder vert ind        0/0               0/0        ( 0.0%) 
detail props          [variable]           1/12       ( 8.3%) 
static props          [variable]           1/27482    ( 0.0%) 
pakfile               [variable]     1576670/0        ( 0.0%) 
physics               [variable]      588007/4194304  (14.0%) 
physics terrain       [variable]           2/1048576  ( 0.0%) 

Level flags = 0

Total triangle count: 9023
Writing c:\program files (x86)\steam\steamapps\common\portal 2\sdk_content\maps\wip\chapter 3\mp_coop_a2_pull_the_rug.bsp
8 seconds elapsed



[Reading texlights from 'lights.rad']
[59 texlights parsed from 'lights.rad']

Loading c:\program files (x86)\steam\steamapps\common\portal 2\sdk_content\maps\wip\chapter 3\mp_coop_a2_pull_the_rug.bsp
Loaded alpha texture materials\Metal\backstage_grate_001a.vtf
Loaded alpha texture materials\Tools\toolsinvisible.vtf
Loaded alpha texture materials\Metal\metalgrate018b.vtf
Loaded alpha texture materials\Metal\metalgrate018.vtf
Loaded alpha texture materials\metal\underground_metalgrate001a_mip0.vtf
3216 faces
347374 square feet [50021988.00 square inches]
0 Displacements
0 Square Feet [0.00 Square Inches]
3216 patches before subdivision
25862 patches after subdivision
133 direct lights
0...1...2...3...4...5...6...7...8...9...100...1...2...3...4...5...6...7...8...9...10transfers 1911362, max 445
transfer lists:  14.6 megs
0...1...2...3...4...5...6...7...8...9...10	Bounce #1 added RGB(20204, 19782, 18661)
0...1...2...3...4...5...6...7...8...9...10	Bounce #2 added RGB(7717, 7575, 7125)
0...1...2...3...4...5...6...7...8...9...10	Bounce #3 added RGB(3325, 3249, 3023)
0...1...2...3...4...5...6...7...8...9...10	Bounce #4 added RGB(1497, 1446, 1327)
0...1...2...3...4...5...6...7...8...9...10	Bounce #5 added RGB(692, 659, 595)
0...1...2...3...4...5...6...7...8...9...10	Bounce #6 added RGB(325, 305, 271)
0...1...2...3...4...5...6...7...8...9...10	Bounce #7 added RGB(154, 143, 125)
0...1...2...3...4...5...6...7...8...9...10	Bounce #8 added RGB(74, 67, 58)
0...1...2...3...4...5...6...7...8...9...10	Bounce #9 added RGB(36, 32, 27)
0...1...2...3...4...5...6...7...8...9...10	Bounce #10 added RGB(17, 15, 13)
0...1...2...3...4...5...6...7...8...9...10	Bounce #11 added RGB(9, 7, 6)
0...1...2...3...4...5...6...7...8...9...10	Bounce #12 added RGB(4, 4, 3)
0...1...2...3...4...5...6...7...8...9...10	Bounce #13 added RGB(2, 2, 1)
0...1...2...3...4...5...6...7...8...9...10	Bounce #14 added RGB(1, 1, 1)
0...1...2...3...4...5...6...7...8...9...10	Bounce #15 added RGB(1, 0, 0)
Build Patch/Sample Hash Table(s).....Done<0.0037 sec>
0...1...2...3...4...5...6...7...8...9...10FinalLightFace Done
88 of 88 (100% of) surface lights went in leaf ambient cubes.
0...1...2...3...4...5...6...7...8...9...10Writing leaf ambient...done
Computing static prop lighting : 00...1...2...3...4...5...6...7...8...9...10
Ready to Finish

Object names       Objects/Maxobjs  Memory / Maxmem  Fullness 
------------       ---------------  ---------------  -------- 
models                 153/1024         7344/49152    (14.9%) 
brushes               1524/8192        18288/98304    (18.6%) 
brushsides           12086/65536       96688/524288   (18.4%) 
planes                7550/65536      151000/1310720  (11.5%) 
vertexes              6890/65536       82680/786432   (10.5%) 
nodes                 2074/65536       66368/2097152  ( 3.2%) 
texinfos              1373/12288       98856/884736   (11.2%) 
texdata                119/2048         3808/65536    ( 5.8%) 
dispinfos                0/0               0/0        ( 0.0%) 
disp_verts               0/0               0/0        ( 0.0%) 
disp_tris                0/0               0/0        ( 0.0%) 
disp_multiblend          0/0               0/0        ( 0.0%) 
disp_lmsamples           0/0               0/0        ( 0.0%) 
faces                 3216/65536      180096/3670016  ( 4.9%) 
hdr faces                0/65536           0/3670016  ( 0.0%) 
origfaces             2691/65536      150696/3670016  ( 4.1%) 
facebrushes            266/0             532/0        ( 0.0%) 
facebrushlists        3216/0           12864/0        ( 0.0%) 
leaves                2228/65536       71296/2097152  ( 3.4%) 
leaffaces             4899/65536        9798/131072   ( 7.5%) 
leafbrushes           3054/65536        6108/131072   ( 4.7%) 
areas                   16/256           128/2048     ( 6.3%) 
surfedges            26333/512000     105332/2048000  ( 5.1%) 
edges                16126/256000      64504/1024000  ( 6.3%) 
LDR worldlights        133/8192        13300/819200   ( 1.6%) 
HDR worldlights          0/8192            0/819200   ( 0.0%) 
leafwaterdata            0/32768           0/393216   ( 0.0%) 
waterstrips            468/32768        4680/327680   ( 1.4%) 
waterverts               0/65536           0/786432   ( 0.0%) 
waterindices          7095/65536       14190/131072   (10.8%) 
cubemapsamples          20/1024          320/16384    ( 2.0%) 
overlays                47/512         16544/180224   ( 9.2%) 
LDR lightdata         [variable]     1515716/0        ( 0.0%) 
HDR lightdata         [variable]           0/0        ( 0.0%) 
visdata               [variable]       34233/16777216 ( 0.2%) 
entdata               [variable]      221869/393216   (56.4%) 
LDR ambient table     2228/65536        8912/262144   ( 3.4%) 
HDR ambient table     2228/65536        8912/262144   ( 3.4%) 
LDR leaf ambient      6254/65536      175112/1835008  ( 9.5%) 
HDR leaf ambient      2228/65536       62384/1835008  ( 3.4%) 
occluders                0/0               0/0        ( 0.0%) 
occluder polygons        0/0               0/0        ( 0.0%) 
occluder vert ind        0/0               0/0        ( 0.0%) 
detail props          [variable]           1/12       ( 8.3%) 
static props          [variable]           1/27482    ( 0.0%) 
pakfile               [variable]     3335010/0        ( 0.0%) 
physics               [variable]      588007/4194304  (14.0%) 
physics terrain       [variable]           2/1048576  ( 0.0%) 

Level flags = 1

Total triangle count: 9023
Writing c:\program files (x86)\steam\steamapps\common\portal 2\sdk_content\maps\wip\chapter 3\mp_coop_a2_pull_the_rug.bsp
39 seconds elapsed



[Reading texlights from 'lights.rad']
[59 texlights parsed from 'lights.rad']

Loading c:\program files (x86)\steam\steamapps\common\portal 2\sdk_content\maps\wip\chapter 3\mp_coop_a2_pull_the_rug.bsp
Loaded alpha texture materials\Metal\backstage_grate_001a.vtf
Loaded alpha texture materials\Tools\toolsinvisible.vtf
Loaded alpha texture materials\Metal\metalgrate018b.vtf
Loaded alpha texture materials\Metal\metalgrate018.vtf
Loaded alpha texture materials\metal\underground_metalgrate001a_mip0.vtf
3216 faces
347374 square feet [50021988.00 square inches]
0 Displacements
0 Square Feet [0.00 Square Inches]
3216 patches before subdivision
25862 patches after subdivision
133 direct lights
0...1...2...3...4...5...6...7...8...9...100...1...2...3...4...5...6...7...8...9...10transfers 1911362, max 445
transfer lists:  14.6 megs
0...1...2...3...4...5...6...7...8...9...10	Bounce #1 added RGB(20206, 19784, 18663)
0...1...2...3...4...5...6...7...8...9...10	Bounce #2 added RGB(7718, 7575, 7126)
0...1...2...3...4...5...6...7...8...9...10	Bounce #3 added RGB(3325, 3249, 3023)
0...1...2...3...4...5...6...7...8...9...10	Bounce #4 added RGB(1497, 1446, 1327)
0...1...2...3...4...5...6...7...8...9...10	Bounce #5 added RGB(692, 659, 595)
0...1...2...3...4...5...6...7...8...9...10	Bounce #6 added RGB(325, 305, 271)
0...1...2...3...4...5...6...7...8...9...10	Bounce #7 added RGB(154, 143, 125)
0...1...2...3...4...5...6...7...8...9...10	Bounce #8 added RGB(74, 67, 58)
0...1...2...3...4...5...6...7...8...9...10	Bounce #9 added RGB(36, 32, 27)
0...1...2...3...4...5...6...7...8...9...10	Bounce #10 added RGB(17, 15, 13)
0...1...2...3...4...5...6...7...8...9...10	Bounce #11 added RGB(9, 7, 6)
0...1...2...3...4...5...6...7...8...9...10	Bounce #12 added RGB(4, 4, 3)
0...1...2...3...4...5...6...7...8...9...10	Bounce #13 added RGB(2, 2, 1)
0...1...2...3...4...5...6...7...8...9...10	Bounce #14 added RGB(1, 1, 1)
0...1...2...3...4...5...6...7...8...9...10	Bounce #15 added RGB(1, 0, 0)
Build Patch/Sample Hash Table(s).....Done<0.0039 sec>
0...1...2...3...4...5...6...7...8...9...10FinalLightFace Done
88 of 88 (100% of) surface lights went in leaf ambient cubes.
0...1...2...3...4...5...6...7...8...9...10Writing leaf ambient...done
Computing static prop lighting : 00...1...2...3...4...5...6...7...8...9...10
Ready to Finish

Object names       Objects/Maxobjs  Memory / Maxmem  Fullness 
------------       ---------------  ---------------  -------- 
models                 153/1024         7344/49152    (14.9%) 
brushes               1524/8192        18288/98304    (18.6%) 
brushsides           12086/65536       96688/524288   (18.4%) 
planes                7550/65536      151000/1310720  (11.5%) 
vertexes              6890/65536       82680/786432   (10.5%) 
nodes                 2074/65536       66368/2097152  ( 3.2%) 
texinfos              1373/12288       98856/884736   (11.2%) 
texdata                119/2048         3808/65536    ( 5.8%) 
dispinfos                0/0               0/0        ( 0.0%) 
disp_verts               0/0               0/0        ( 0.0%) 
disp_tris                0/0               0/0        ( 0.0%) 
disp_multiblend          0/0               0/0        ( 0.0%) 
disp_lmsamples           0/0               0/0        ( 0.0%) 
faces                 3216/65536      180096/3670016  ( 4.9%) 
hdr faces             3216/65536      180096/3670016  ( 4.9%) 
origfaces             2691/65536      150696/3670016  ( 4.1%) 
facebrushes            266/0             532/0        ( 0.0%) 
facebrushlists        3216/0           12864/0        ( 0.0%) 
leaves                2228/65536       71296/2097152  ( 3.4%) 
leaffaces             4899/65536        9798/131072   ( 7.5%) 
leafbrushes           3054/65536        6108/131072   ( 4.7%) 
areas                   16/256           128/2048     ( 6.3%) 
surfedges            26333/512000     105332/2048000  ( 5.1%) 
edges                16126/256000      64504/1024000  ( 6.3%) 
LDR worldlights        133/8192        13300/819200   ( 1.6%) 
HDR worldlights        133/8192        13300/819200   ( 1.6%) 
leafwaterdata            0/32768           0/393216   ( 0.0%) 
waterstrips            468/32768        4680/327680   ( 1.4%) 
waterverts               0/65536           0/786432   ( 0.0%) 
waterindices          7095/65536       14190/131072   (10.8%) 
cubemapsamples          20/1024          320/16384    ( 2.0%) 
overlays                47/512         16544/180224   ( 9.2%) 
LDR lightdata         [variable]     1515716/0        ( 0.0%) 
HDR lightdata         [variable]     1515716/0        ( 0.0%) 
visdata               [variable]       34233/16777216 ( 0.2%) 
entdata               [variable]      221869/393216   (56.4%) 
LDR ambient table     2228/65536        8912/262144   ( 3.4%) 
HDR ambient table     2228/65536        8912/262144   ( 3.4%) 
LDR leaf ambient      6254/65536      175112/1835008  ( 9.5%) 
HDR leaf ambient      6254/65536      175112/1835008  ( 9.5%) 
occluders                0/0               0/0        ( 0.0%) 
occluder polygons        0/0               0/0        ( 0.0%) 
occluder vert ind        0/0               0/0        ( 0.0%) 
detail props          [variable]           1/12       ( 8.3%) 
static props          [variable]           1/27482    ( 0.0%) 
pakfile               [variable]     5095470/0        ( 0.0%) 
physics               [variable]      588007/4194304  (14.0%) 
physics terrain       [variable]           2/1048576  ( 0.0%) 

Level flags = 3

Total triangle count: 9023
Writing c:\program files (x86)\steam\steamapps\common\portal 2\sdk_content\maps\wip\chapter 3\mp_coop_a2_pull_the_rug.bsp
37 seconds elapsed
