PRT1
380
1128
4 0 1 (3328 1408 4352 ) (4000 1408 4352 ) (4000 1408 4736 ) (3328 1408 4736 ) 
4 1 4 (3264 1408 4352 ) (3264 1344 4352 ) (3264 1344 4736 ) (3264 1408 4736 ) 
4 2 4 (3264 1216 4352 ) (3264 1152 4352 ) (3264 1152 4736 ) (3264 1216 4736 ) 
4 3 5 (3136 1504 4736 ) (3136 1504 4160 ) (3136 1440 4160 ) (3136 1440 4736 ) 
4 3 4 (3136 1440 4736 ) (3136 1440 4160 ) (3200 1440 4160 ) (3200 1440 4736 ) 
4 4 7 (3200 1088 4736 ) (3136 1088 4736 ) (3136 1088 4160 ) (3200 1088 4160 ) 
4 4 6 (3136 1088 3968 ) (3136 1088 4736 ) (3136 1440 4736 ) (3136 1440 3968 ) 
4 5 8 (3072 1440 4160 ) (3072 1440 4736 ) (3072 1504 4736 ) (3072 1504 4160 ) 
4 5 6 (3136 1440 4160 ) (3136 1440 4736 ) (3072 1440 4736 ) (3072 1440 4160 ) 
4 6 9 (3072 1088 4032 ) (3072 1088 4160 ) (3072 1440 4160 ) (3072 1440 4032 ) 
4 6 8 (3072 1088 4160 ) (3072 1088 4736 ) (3072 1440 4736 ) (3072 1440 4160 ) 
4 6 7 (3136 1088 4160 ) (3136 1088 4736 ) (3072 1088 4736 ) (3072 1088 4160 ) 
4 7 68 (3072 1024 4352 ) (3072 1024 4160 ) (3200 1024 4160 ) (3200 1024 4352 ) 
4 7 66 (3072 1024 4608 ) (3072 1024 4352 ) (3120 1024 4352 ) (3120 1024 4608 ) 
4 7 65 (3120 1024 4352 ) (3200 1024 4352 ) (3200 1024 4608 ) (3120 1024 4608 ) 
4 7 64 (3200 1024 4736 ) (3072 1024 4736 ) (3072 1024 4608 ) (3200 1024 4608 ) 
4 7 8 (3072 1024 4160 ) (3072 1024 4736 ) (3072 1088 4736 ) (3072 1088 4160 ) 
4 8 205 (2995 1024 4352 ) (2880 1024 4352 ) (2880 1024 4160 ) (2995 1024 4160 ) 
4 8 203 (3003 1024 4352 ) (2995 1024 4352 ) (2995 1024 4160 ) (3003 1024 4160 ) 
4 8 202 (3072 1024 4160 ) (3072 1024 4352 ) (3003 1024 4352 ) (3003 1024 4160 ) 
4 8 75 (2995 1024 4736 ) (2880 1024 4736 ) (2880 1024 4352 ) (2995 1024 4352 ) 
4 8 74 (3003 1024 4736 ) (2995 1024 4736 ) (2995 1024 4352 ) (3003 1024 4352 ) 
4 8 73 (3072 1024 4352 ) (3072 1024 4736 ) (3003 1024 4736 ) (3003 1024 4352 ) 
4 8 22 (2880 1024 4160 ) (2880 1024 4344 ) (2880 1032 4344 ) (2880 1032 4160 ) 
4 8 21 (2880 1024 4344 ) (2880 1024 4352 ) (2880 1032 4352 ) (2880 1032 4344 ) 
4 8 19 (2880 1024 4352 ) (2880 1024 4512 ) (2880 1032 4512 ) (2880 1032 4352 ) 
4 8 18 (2880 1024 4512 ) (2880 1024 4736 ) (2880 1032 4736 ) (2880 1032 4512 ) 
4 8 17 (2880 1032 4736 ) (2880 1504 4736 ) (2880 1504 4160 ) (2880 1032 4160 ) 
4 8 9 (3072 1440 4160 ) (3072 1088 4160 ) (2944 1088 4160 ) (2944 1440 4160 ) 
3 10 58 (2880 1208 3456 ) (2880 1208 3488 ) (2880 1249.600098 3488 ) 
4 10 12 (2944 1208 3456 ) (2944 1208 3488 ) (2880 1208 3488 ) (2880 1208 3456 ) 
4 10 11 (2944 1208 3456 ) (2880 1208 3456 ) (2880 1249.600708 3488 ) (2944 1249.600708 3488 ) 
5 11 59 (2880 1280 3328 ) (2880 1208 3328 ) (2880 1208 3456 ) (2880 1249.600098 3488 ) (2880 1280 3488 ) 
4 11 12 (2944 1208 3328 ) (2944 1208 3456 ) (2880 1208 3456 ) (2880 1208 3328 ) 
4 12 60 (2880 1208 3328 ) (2880 1096 3328 ) (2880 1096 3488 ) (2880 1208 3488 ) 
4 12 14 (2944 1096 3328 ) (2944 1096 3456 ) (2880 1096 3456 ) (2880 1096 3328 ) 
4 12 13 (2944 1096 3456 ) (2944 1096 3488 ) (2880 1096 3488 ) (2880 1096 3456 ) 
4 13 61 (2880 1088 3462.153809 ) (2880 1088 3488 ) (2880 1096 3488 ) (2880 1096 3456 ) 
4 13 15 (2944 1088 3462.153809 ) (2944 1088 3488 ) (2880 1088 3488 ) (2880 1088 3462.153809 ) 
4 13 14 (2944 1088 3462.153809 ) (2880 1088 3462.153809 ) (2880 1096 3456 ) (2944 1096 3456 ) 
4 14 62 (2880 1096 3328 ) (2880 1088 3328 ) (2880 1088 3462.153809 ) (2880 1096 3456 ) 
4 14 16 (2944 1088 3328 ) (2944 1088 3462.153809 ) (2880 1088 3462.153809 ) (2880 1088 3328 ) 
3 15 61 (2880 1054.399902 3488 ) (2880 1088 3488 ) (2880 1088 3462.153809 ) 
4 15 16 (2944 1054.398438 3488 ) (2880 1054.398438 3488 ) (2880 1088 3462.152344 ) (2944 1088 3462.152344 ) 
5 16 62 (2880 1088 3328 ) (2880 1024 3328 ) (2880 1024 3488 ) (2880 1054.399902 3488 ) (2880 1088 3462.153809 ) 
4 17 54 (2868 1032 3968 ) (2816 1032 3968 ) (2816 1472 3968 ) (2868 1472 3968 ) 
4 17 52 (2880 1472 3968 ) (2880 1032 3968 ) (2868 1032 3968 ) (2868 1472 3968 ) 
4 17 38 (2880 1504 3968 ) (2880 1472 3968 ) (2816 1472 3968 ) (2816 1504 3968 ) 
4 17 24 (2816 1504 3968 ) (2816 1032 3968 ) (2816 1032 4736 ) (2816 1504 4736 ) 
4 17 22 (2868 1032 3968 ) (2880 1032 3968 ) (2880 1032 4344 ) (2868 1032 4344 ) 
4 17 21 (2880 1032 4344 ) (2880 1032 4352 ) (2868 1032 4352 ) (2868 1032 4344 ) 
4 17 23 (2816 1032 4352 ) (2816 1032 3968 ) (2868 1032 3968 ) (2868 1032 4352 ) 
4 17 19 (2864 1032 4512 ) (2864 1032 4352 ) (2880 1032 4352 ) (2880 1032 4512 ) 
4 17 18 (2880 1032 4736 ) (2864 1032 4736 ) (2864 1032 4512 ) (2880 1032 4512 ) 
4 17 20 (2864 1032 4736 ) (2816 1032 4736 ) (2816 1032 4352 ) (2864 1032 4352 ) 
4 18 76 (2880 1024 4512 ) (2880 1024 4736 ) (2864 1024 4736 ) (2864 1024 4512 ) 
4 18 20 (2864 1032 4736 ) (2864 1032 4512 ) (2864 1024 4512 ) (2864 1024 4736 ) 
4 18 19 (2864 1024 4512 ) (2864 1032 4512 ) (2880 1032 4512 ) (2880 1024 4512 ) 
4 19 78 (2864 1024 4352 ) (2880 1024 4352 ) (2880 1024 4512 ) (2864 1024 4512 ) 
4 19 21 (2868 1032 4352 ) (2880 1032 4352 ) (2880 1024 4352 ) (2868 1024 4352 ) 
4 19 23 (2864 1032 4352 ) (2868 1032 4352 ) (2868 1024 4352 ) (2864 1024 4352 ) 
4 19 20 (2864 1032 4512 ) (2864 1032 4352 ) (2864 1024 4352 ) (2864 1024 4512 ) 
4 20 79 (2816 1024 4736 ) (2816 1024 4352 ) (2864 1024 4352 ) (2864 1024 4736 ) 
4 20 24 (2816 1024 4352 ) (2816 1024 4736 ) (2816 1032 4736 ) (2816 1032 4352 ) 
4 20 23 (2816 1024 4352 ) (2816 1032 4352 ) (2864 1032 4352 ) (2864 1024 4352 ) 
4 21 206 (2880 1024 4344 ) (2880 1024 4352 ) (2868 1024 4352 ) (2868 1024 4344 ) 
4 21 23 (2868 1024 4352 ) (2868 1032 4352 ) (2868 1032 4344 ) (2868 1024 4344 ) 
4 21 22 (2868 1024 4344 ) (2868 1032 4344 ) (2880 1032 4344 ) (2880 1024 4344 ) 
4 22 207 (2868 1024 3968 ) (2880 1024 3968 ) (2880 1024 4344 ) (2868 1024 4344 ) 
4 22 53 (2880 1032 3968 ) (2880 1024 3968 ) (2868 1024 3968 ) (2868 1032 3968 ) 
4 22 23 (2868 1032 4344 ) (2868 1032 3968 ) (2868 1024 3968 ) (2868 1024 4344 ) 
4 23 210 (2816 1024 4352 ) (2816 1024 3968 ) (2864 1024 3968 ) (2864 1024 4352 ) 
4 23 209 (2864 1024 3968 ) (2868 1024 3968 ) (2868 1024 4352 ) (2864 1024 4352 ) 
4 23 54 (2868 1024 3968 ) (2816 1024 3968 ) (2816 1032 3968 ) (2868 1032 3968 ) 
4 23 24 (2816 1032 3968 ) (2816 1024 3968 ) (2816 1024 4352 ) (2816 1032 4352 ) 
4 24 210 (2560 1024 4352 ) (2560 1024 3968 ) (2816 1024 3968 ) (2816 1024 4352 ) 
4 24 87 (2560 1024 4736 ) (2560 1024 4544 ) (2816 1024 4544 ) (2816 1024 4736 ) 
4 24 88 (2560 1024 4544 ) (2560 1024 4352 ) (2816 1024 4352 ) (2816 1024 4544 ) 
4 24 54 (2816 1472 3968 ) (2816 1024 3968 ) (2560 1024 3968 ) (2560 1472 3968 ) 
4 24 46 (2624 1472 3968 ) (2610 1472 3968 ) (2610 1536 3968 ) (2624 1536 3968 ) 
4 24 47 (2610 1472 3968 ) (2560 1472 3968 ) (2560 1536 3968 ) (2610 1536 3968 ) 
4 24 44 (2766 1472 3968 ) (2752 1472 3968 ) (2752 1536 3968 ) (2766 1536 3968 ) 
4 24 43 (2816 1536 3968 ) (2816 1472 3968 ) (2766 1472 3968 ) (2766 1536 3968 ) 
4 24 45 (2752 1472 3968 ) (2624 1472 3968 ) (2624 1536 3968 ) (2752 1536 3968 ) 
4 24 25 (2560 1504 3968 ) (2560 1024 3968 ) (2560 1024 4736 ) (2560 1504 4736 ) 
4 25 210 (2432 1024 4352 ) (2432 1024 3968 ) (2560 1024 3968 ) (2560 1024 4352 ) 
4 25 87 (2432 1024 4736 ) (2432 1024 4544 ) (2560 1024 4544 ) (2560 1024 4736 ) 
4 25 88 (2432 1024 4544 ) (2432 1024 4352 ) (2560 1024 4352 ) (2560 1024 4544 ) 
4 25 54 (2560 1472 3968 ) (2560 1024 3968 ) (2432 1024 3968 ) (2432 1472 3968 ) 
4 25 49 (2560 1504 3968 ) (2560 1472 3968 ) (2432 1472 3968 ) (2432 1504 3968 ) 
4 25 33 (2432 1504 3968 ) (2432 1472 3968 ) (2432 1472 3972.510010 ) (2432 1504 3975.571777 ) 
4 25 28 (2432 1472 3972.510010 ) (2432 1472 4096 ) (2432 1504 4096 ) (2432 1504 3975.571777 ) 
4 25 36 (2432 1472 3968 ) (2432 1024 3968 ) (2432 1024 4096 ) (2432 1472 4096 ) 
4 25 26 (2432 1024 4096 ) (2432 1024 4736 ) (2432 1504 4736 ) (2432 1504 4096 ) 
4 26 210 (2176 1024 4352 ) (2176 1024 4096 ) (2432 1024 4096 ) (2432 1024 4352 ) 
4 26 95 (2176 1024 4480 ) (2176 1024 4352 ) (2432 1024 4352 ) (2432 1024 4480 ) 
4 26 93 (2176 1024 4736 ) (2176 1024 4480 ) (2240 1024 4480 ) (2240 1024 4736 ) 
4 26 91 (2240 1024 4480 ) (2304 1024 4480 ) (2304 1024 4608 ) (2240 1024 4608 ) 
4 26 90 (2304 1024 4608 ) (2304 1024 4736 ) (2240 1024 4736 ) (2240 1024 4608 ) 
4 26 89 (2304 1024 4480 ) (2432 1024 4480 ) (2432 1024 4736 ) (2304 1024 4736 ) 
4 26 37 (2176 1504 4096 ) (2176 1024 4096 ) (2176 1024 4736 ) (2176 1504 4736 ) 
4 26 31 (2226 1536 4096 ) (2240 1536 4096 ) (2240 1472 4096 ) (2226 1472 4096 ) 
4 26 32 (2176 1472 4096 ) (2176 1536 4096 ) (2226 1536 4096 ) (2226 1472 4096 ) 
4 26 29 (2368 1536 4096 ) (2382 1536 4096 ) (2382 1472 4096 ) (2368 1472 4096 ) 
4 26 28 (2382 1536 4096 ) (2432 1536 4096 ) (2432 1472 4096 ) (2382 1472 4096 ) 
4 26 30 (2240 1536 4096 ) (2368 1536 4096 ) (2368 1472 4096 ) (2240 1472 4096 ) 
4 26 36 (2176 1024 4096 ) (2176 1472 4096 ) (2432 1472 4096 ) (2432 1024 4096 ) 
4 27 34 (2226 1822 4002 ) (2226 1822 3968 ) (2382 1822 3968 ) (2382 1822 4002 ) 
4 27 33 (2432 1822 3968 ) (2432 1822 4006 ) (2382 1822 4006 ) (2382 1822 3968 ) 
4 27 35 (2226 1822 4006 ) (2176 1822 4006 ) (2176 1822 3968 ) (2226 1822 3968 ) 
4 27 31 (2240 1822 4096 ) (2226 1822 4096 ) (2226 1822 4038 ) (2240 1822 4038 ) 
4 27 32 (2226 1822 4096 ) (2176 1822 4096 ) (2176 1822 4006 ) (2226 1822 4006 ) 
4 27 29 (2382 1822 4096 ) (2368 1822 4096 ) (2368 1822 4038 ) (2382 1822 4038 ) 
4 27 28 (2432 1822 4006 ) (2432 1822 4096 ) (2382 1822 4096 ) (2382 1822 4006 ) 
4 27 30 (2368 1822 4096 ) (2240 1822 4096 ) (2240 1822 4006 ) (2368 1822 4006 ) 
4 28 33 (2432 1472 3972.509521 ) (2382 1472 3972.509521 ) (2382 1822 4006 ) (2432 1822 4006 ) 
4 28 29 (2382 1822 4096 ) (2382 1822 4038 ) (2382 1472 4004.510010 ) (2382 1472 4096 ) 
4 28 36 (2432 1472 3972.510010 ) (2432 1472 4096 ) (2382 1472 4096 ) (2382 1472 3972.510010 ) 
4 29 36 (2382 1472 4096 ) (2368 1472 4096 ) (2368 1472 4004.510010 ) (2382 1472 4004.510010 ) 
4 29 30 (2368 1822 4096 ) (2368 1822 4038 ) (2368 1472 4004.510010 ) (2368 1472 4096 ) 
4 30 31 (2240 1822 4096 ) (2240 1822 4038 ) (2240 1472 4004.510010 ) (2240 1472 4096 ) 
4 30 36 (2368 1472 4096 ) (2240 1472 4096 ) (2240 1472 3972.510010 ) (2368 1472 3972.510010 ) 
4 31 32 (2226 1822 4096 ) (2226 1822 4038 ) (2226 1472 4004.510010 ) (2226 1472 4096 ) 
4 31 36 (2240 1472 4096 ) (2226 1472 4096 ) (2226 1472 4004.510010 ) (2240 1472 4004.510010 ) 
4 32 37 (2176 1472 3972.510010 ) (2176 1472 4096 ) (2176 1504 4096 ) (2176 1504 3975.572021 ) 
4 32 35 (2226 1472 3972.509521 ) (2176 1472 3972.509521 ) (2176 1822 4006 ) (2226 1822 4006 ) 
4 32 36 (2226 1472 4096 ) (2176 1472 4096 ) (2176 1472 3972.510010 ) (2226 1472 3972.510010 ) 
4 33 50 (2432 1536 3968 ) (2432 1472 3968 ) (2382 1472 3968 ) (2382 1536 3968 ) 
4 33 34 (2382 1472 3968 ) (2382 1472 3968.510010 ) (2382 1822 4002 ) (2382 1822 3968 ) 
4 33 36 (2432 1472 3968 ) (2432 1472 3972.510010 ) (2382 1472 3972.510010 ) (2382 1472 3968 ) 
4 34 50 (2382 1472 3968 ) (2226 1472 3968 ) (2226 1536 3968 ) (2382 1536 3968 ) 
4 34 36 (2226 1472 3968.510254 ) (2226 1472 3968 ) (2382 1472 3968 ) (2382 1472 3968.510254 ) 
4 34 35 (2226 1472 3968 ) (2226 1472 3968.510010 ) (2226 1822 4002 ) (2226 1822 3968 ) 
4 35 50 (2226 1472 3968 ) (2176 1472 3968 ) (2176 1536 3968 ) (2226 1536 3968 ) 
4 35 37 (2176 1504 3968 ) (2176 1472 3968 ) (2176 1472 3972.510010 ) (2176 1504 3975.572021 ) 
4 35 36 (2226 1472 3972.510010 ) (2176 1472 3972.510010 ) (2176 1472 3968 ) (2226 1472 3968 ) 
4 36 210 (2176 1024 4096 ) (2176 1024 3968 ) (2432 1024 3968 ) (2432 1024 4096 ) 
4 36 54 (2432 1472 3968 ) (2432 1024 3968 ) (2176 1024 3968 ) (2176 1472 3968 ) 
4 36 37 (2176 1472 3968 ) (2176 1024 3968 ) (2176 1024 4096 ) (2176 1472 4096 ) 
4 37 260 (2048 1024 3968 ) (2048 1024 4736 ) (2048 1424 4736 ) (2048 1424 3968 ) 
4 37 256 (2048 1424 4736 ) (2048 1488 4736 ) (2048 1488 3968 ) (2048 1424 3968 ) 
4 37 255 (2048 1488 4736 ) (2048 1504 4736 ) (2048 1504 3968 ) (2048 1488 3968 ) 
4 37 210 (2048 1024 4352 ) (2048 1024 3968 ) (2176 1024 3968 ) (2176 1024 4352 ) 
4 37 96 (2048 1024 4480 ) (2048 1024 4352 ) (2176 1024 4352 ) (2176 1024 4480 ) 
4 37 94 (2048 1024 4736 ) (2048 1024 4480 ) (2176 1024 4480 ) (2176 1024 4736 ) 
4 37 54 (2048 1024 3968 ) (2048 1472 3968 ) (2176 1472 3968 ) (2176 1024 3968 ) 
4 37 51 (2048 1472 3968 ) (2048 1504 3968 ) (2176 1504 3968 ) (2176 1472 3968 ) 
4 38 57 (2880 1472 3712 ) (2880 1472 3776 ) (2816 1472 3776 ) (2816 1472 3712 ) 
4 38 54 (2868 1472 3968 ) (2816 1472 3968 ) (2816 1472 3776 ) (2868 1472 3776 ) 
4 38 52 (2880 1472 3776 ) (2880 1472 3968 ) (2868 1472 3968 ) (2868 1472 3776 ) 
4 38 48 (2816 1472 3712 ) (2816 1472 3840 ) (2816 1504 3840 ) (2816 1504 3712 ) 
4 38 43 (2816 1472 3844.510010 ) (2816 1472 3968 ) (2816 1504 3968 ) (2816 1504 3847.571777 ) 
4 38 40 (2816 1472 3840 ) (2816 1472 3844.510010 ) (2816 1504 3847.571777 ) (2816 1504 3840 ) 
4 39 46 (2624 1822 3910 ) (2624 1822 3968 ) (2610 1822 3968 ) (2610 1822 3910 ) 
4 39 47 (2560 1822 3968 ) (2560 1822 3878 ) (2610 1822 3878 ) (2610 1822 3968 ) 
4 39 44 (2766 1822 3910 ) (2766 1822 3968 ) (2752 1822 3968 ) (2752 1822 3910 ) 
4 39 43 (2766 1822 3878 ) (2816 1822 3878 ) (2816 1822 3968 ) (2766 1822 3968 ) 
4 39 45 (2624 1822 3878 ) (2752 1822 3878 ) (2752 1822 3968 ) (2624 1822 3968 ) 
4 39 41 (2610 1822 3840 ) (2766 1822 3840 ) (2766 1822 3874 ) (2610 1822 3874 ) 
4 39 40 (2766 1822 3840 ) (2816 1822 3840 ) (2816 1822 3878 ) (2766 1822 3878 ) 
4 39 42 (2560 1822 3878 ) (2560 1822 3840 ) (2610 1822 3840 ) (2610 1822 3878 ) 
4 40 54 (2816 1472 3840 ) (2816 1472 3844.510010 ) (2766 1472 3844.510010 ) (2766 1472 3840 ) 
4 40 48 (2816 1536 3840 ) (2816 1472 3840 ) (2766 1472 3840 ) (2766 1536 3840 ) 
4 40 43 (2816 1822 3878 ) (2766 1822 3878 ) (2766 1472 3844.510742 ) (2816 1472 3844.510742 ) 
4 40 41 (2766 1822 3874 ) (2766 1822 3840 ) (2766 1472 3840 ) (2766 1472 3840.509766 ) 
4 41 54 (2610 1472 3840.509766 ) (2610 1472 3840 ) (2766 1472 3840 ) (2766 1472 3840.509766 ) 
4 41 48 (2766 1536 3840 ) (2766 1472 3840 ) (2610 1472 3840 ) (2610 1536 3840 ) 
4 41 42 (2610 1822 3874 ) (2610 1822 3840 ) (2610 1472 3840 ) (2610 1472 3840.509766 ) 
4 42 54 (2610 1472 3844.510010 ) (2560 1472 3844.510010 ) (2560 1472 3840 ) (2610 1472 3840 ) 
4 42 49 (2560 1472 3840 ) (2560 1472 3844.510010 ) (2560 1504 3847.572021 ) (2560 1504 3840 ) 
4 42 48 (2560 1472 3840 ) (2560 1536 3840 ) (2610 1536 3840 ) (2610 1472 3840 ) 
4 42 47 (2610 1822 3878 ) (2560 1822 3878 ) (2560 1472 3844.510742 ) (2610 1472 3844.510742 ) 
4 43 54 (2816 1472 3844.510010 ) (2816 1472 3968 ) (2766 1472 3968 ) (2766 1472 3844.510010 ) 
4 43 44 (2766 1822 3968 ) (2766 1822 3910 ) (2766 1472 3876.510010 ) (2766 1472 3968 ) 
4 44 54 (2766 1472 3968 ) (2752 1472 3968 ) (2752 1472 3876.510010 ) (2766 1472 3876.510010 ) 
4 44 45 (2752 1822 3968 ) (2752 1822 3910 ) (2752 1472 3876.510010 ) (2752 1472 3968 ) 
4 45 54 (2752 1472 3968 ) (2624 1472 3968 ) (2624 1472 3844.510010 ) (2752 1472 3844.510010 ) 
4 45 46 (2624 1822 3968 ) (2624 1822 3910 ) (2624 1472 3876.510010 ) (2624 1472 3968 ) 
4 46 54 (2624 1472 3968 ) (2610 1472 3968 ) (2610 1472 3876.510010 ) (2624 1472 3876.510010 ) 
4 46 47 (2610 1822 3968 ) (2610 1822 3910 ) (2610 1472 3876.510010 ) (2610 1472 3968 ) 
4 47 54 (2610 1472 3968 ) (2560 1472 3968 ) (2560 1472 3844.510010 ) (2610 1472 3844.510010 ) 
4 47 49 (2560 1472 3844.510010 ) (2560 1472 3968 ) (2560 1504 3968 ) (2560 1504 3847.572021 ) 
4 48 57 (2816 1472 3712 ) (2816 1472 3776 ) (2560 1472 3776 ) (2560 1472 3712 ) 
4 48 54 (2816 1472 3776 ) (2816 1472 3840 ) (2560 1472 3840 ) (2560 1472 3776 ) 
4 48 49 (2560 1472 3712 ) (2560 1472 3840 ) (2560 1504 3840 ) (2560 1504 3712 ) 
4 49 57 (2560 1472 3712 ) (2560 1472 3776 ) (2432 1472 3776 ) (2432 1472 3712 ) 
4 49 54 (2560 1472 3776 ) (2560 1472 3968 ) (2432 1472 3968 ) (2432 1472 3776 ) 
4 49 50 (2432 1472 3712 ) (2432 1472 3968 ) (2432 1504 3968 ) (2432 1504 3712 ) 
4 50 57 (2432 1472 3712 ) (2432 1472 3776 ) (2176 1472 3776 ) (2176 1472 3712 ) 
4 50 54 (2432 1472 3776 ) (2432 1472 3968 ) (2176 1472 3968 ) (2176 1472 3776 ) 
4 50 51 (2176 1472 3712 ) (2176 1472 3968 ) (2176 1504 3968 ) (2176 1504 3712 ) 
4 51 256 (2048 1472 3968 ) (2048 1488 3968 ) (2048 1488 3712 ) (2048 1472 3712 ) 
4 51 255 (2048 1488 3968 ) (2048 1504 3968 ) (2048 1504 3712 ) (2048 1488 3712 ) 
4 51 57 (2176 1472 3712 ) (2176 1472 3776 ) (2048 1472 3776 ) (2048 1472 3712 ) 
4 51 54 (2176 1472 3776 ) (2176 1472 3968 ) (2048 1472 3968 ) (2048 1472 3776 ) 
4 52 57 (2868 1472 3775.993164 ) (2880 1472 3775.993164 ) (2880 1344.012085 3584.011963 ) (2868 1344.012329 3584.012207 ) 
5 52 54 (2868 1472 3968 ) (2868 1472 3775.996094 ) (2868 1332.003906 3566.001953 ) (2868 1032 3566.001953 ) (2868 1032 3968 ) 
4 52 53 (2868 1032 3968 ) (2868 1032 3566.003906 ) (2880 1032 3584.003906 ) (2880 1032 3968 ) 
4 53 207 (2868 1024 3566 ) (2880 1024 3584 ) (2880 1024 3968 ) (2868 1024 3968 ) 
4 53 54 (2868 1032 3566.001953 ) (2868 1024 3566.001953 ) (2868 1024 3968 ) (2868 1032 3968 ) 
4 54 264 (2048 1280 3511.384521 ) (2048 1249.600098 3488 ) (2048 1248 3488 ) (2048 1280 3520 ) 
4 54 262 (2048 1344 3584 ) (2048 1312 3536 ) (2048 1280 3511.384521 ) (2048 1280 3520 ) 
7 54 260 (2048 1024 3511.384521 ) (2048 1024 3968 ) (2048 1424 3968 ) (2048 1424 3704 ) (2048 1344 3584 ) (2048 1248 3488 ) (2048 1054.399902 3488 ) 
3 54 257 (2048 1429.333374 3712 ) (2048 1424 3704 ) (2048 1424 3712 ) 
5 54 256 (2048 1424 3968 ) (2048 1472 3968 ) (2048 1472 3776 ) (2048 1429.333374 3712 ) (2048 1424 3712 ) 
5 54 210 (2048 1024 3968 ) (2048 1024 3511.384521 ) (2831.589600 1024 3511.384521 ) (2864 1024 3560 ) (2864 1024 3968 ) 
4 54 209 (2864 1024 3560 ) (2868 1024 3566 ) (2868 1024 3968 ) (2864 1024 3968 ) 
4 54 61 (2048 1054.399902 3488 ) (2048 1096 3488 ) (2816 1096 3488 ) (2816 1054.399902 3488 ) 
4 54 60 (2048 1096 3488 ) (2048 1208 3488 ) (2816 1208 3488 ) (2816 1096 3488 ) 
4 54 58 (2048 1208 3488 ) (2048 1249.600098 3488 ) (2816 1249.600098 3488 ) (2816 1208 3488 ) 
4 54 57 (2048 1344.012451 3584.012451 ) (2048 1472 3775.993164 ) (2868 1472 3775.993164 ) (2868 1344.012329 3584.012207 ) 
4 54 56 (2048 1312 3536 ) (2848 1312 3536 ) (2816 1249.599976 3488 ) (2048 1249.600098 3488 ) 
4 54 55 (2048 1054.399658 3488 ) (2816.001221 1054.399658 3488 ) (2831.590332 1024 3511.384277 ) (2048 1024 3511.384277 ) 
3 55 261 (2048 1024 3488 ) (2048 1024 3511.384521 ) (2048 1054.399902 3488 ) 
4 55 211 (2048 1024 3511.384521 ) (2048 1024 3488 ) (2816 1024 3488 ) (2831.589600 1024 3511.384521 ) 
4 55 62 (2048 1024 3488 ) (2048 1054.399902 3488 ) (2816 1054.399902 3488 ) (2816 1024 3488 ) 
3 56 265 (2048 1280 3488 ) (2048 1249.600098 3488 ) (2048 1280 3511.384521 ) 
3 56 263 (2048 1312 3536 ) (2048 1280 3488 ) (2048 1280 3511.384521 ) 
4 56 59 (2048 1249.600098 3488 ) (2048 1280 3488 ) (2816 1280 3488 ) (2816 1249.600098 3488 ) 
3 57 260 (2048 1424 3664 ) (2048 1344 3584 ) (2048 1424 3704 ) 
4 57 257 (2048 1472 3712 ) (2048 1424 3664 ) (2048 1424 3704 ) (2048 1429.333374 3712 ) 
3 57 256 (2048 1472 3776 ) (2048 1472 3712 ) (2048 1429.333374 3712 ) 
3 58 266 (2048 1208 3488 ) (2048 1249.600098 3488 ) (2048 1208 3456 ) 
4 58 60 (2880 1208 3456 ) (2880 1208 3488 ) (2048 1208 3488 ) (2048 1208 3456 ) 
4 58 59 (2880 1208 3456 ) (2048 1208 3456 ) (2048 1249.600708 3488 ) (2880 1249.600708 3488 ) 
5 59 267 (2048 1249.600098 3488 ) (2048 1280 3488 ) (2048 1280 3328 ) (2048 1208 3328 ) (2048 1208 3456 ) 
4 59 63 (2048 1208 3328 ) (2048 1280 3328 ) (2880 1280 3328 ) (2880 1208 3328 ) 
4 59 60 (2048 1208 3328 ) (2880 1208 3328 ) (2880 1208 3456 ) (2048 1208 3456 ) 
4 60 268 (2048 1096 3488 ) (2048 1208 3488 ) (2048 1208 3328 ) (2048 1096 3328 ) 
4 60 63 (2048 1096 3328 ) (2048 1208 3328 ) (2880 1208 3328 ) (2880 1096 3328 ) 
4 60 62 (2048 1096 3328 ) (2880 1096 3328 ) (2880 1096 3456 ) (2048 1096 3456 ) 
4 60 61 (2880 1096 3456 ) (2880 1096 3488 ) (2048 1096 3488 ) (2048 1096 3456 ) 
3 61 269 (2048 1054.399902 3488 ) (2048 1096 3488 ) (2048 1096 3456 ) 
4 61 62 (2880 1054.399292 3488 ) (2048 1054.399292 3488 ) (2048 1096 3456 ) (2880 1096 3456 ) 
5 62 270 (2048 1024 3328 ) (2048 1024 3488 ) (2048 1054.399902 3488 ) (2048 1096 3456 ) (2048 1096 3328 ) 
4 62 63 (2880 1024 3328 ) (2048 1024 3328 ) (2048 1096 3328 ) (2880 1096 3328 ) 
4 63 271 (2048 1024 3136 ) (2048 1024 3328 ) (2048 1280 3328 ) (2048 1280 3136 ) 
4 64 80 (3072 938 4608 ) (3072 832 4608 ) (3072 832 4736 ) (3072 938 4736 ) 
4 64 73 (3072 1024 4736 ) (3072 1024 4608 ) (3072 938 4608 ) (3072 938 4736 ) 
4 64 66 (3072 1024 4608 ) (3120 1024 4608 ) (3120 832 4608 ) (3072 832 4608 ) 
4 64 65 (3120 1024 4608 ) (3264 1024 4608 ) (3264 832 4608 ) (3120 832 4608 ) 
4 65 68 (3120 1024 4352 ) (3264 1024 4352 ) (3264 768 4352 ) (3120 768 4352 ) 
4 65 66 (3120 1024 4352 ) (3120 768 4352 ) (3120 768 4608 ) (3120 1024 4608 ) 
4 66 86 (3072 832 4352 ) (3072 768 4352 ) (3072 768 4608 ) (3072 832 4608 ) 
4 66 80 (3072 938 4352 ) (3072 832 4352 ) (3072 832 4608 ) (3072 938 4608 ) 
4 66 73 (3072 1024 4608 ) (3072 1024 4352 ) (3072 938 4352 ) (3072 938 4608 ) 
4 66 68 (3072 768 4352 ) (3072 1024 4352 ) (3120 1024 4352 ) (3120 768 4352 ) 
4 66 67 (3120 768 4440 ) (3120 768 4504 ) (3072 768 4504 ) (3072 768 4440 ) 
4 67 170 (3072 736 4440 ) (3072 736 4480 ) (3072 752 4480 ) (3072 752 4440 ) 
4 67 126 (3072 736 4480 ) (3072 736 4504 ) (3072 752 4504 ) (3072 752 4480 ) 
4 67 102 (3072 768 4480 ) (3072 768 4440 ) (3072 752 4440 ) (3072 752 4480 ) 
4 67 97 (3072 752 4504 ) (3072 768 4504 ) (3072 768 4480 ) (3072 752 4480 ) 
4 68 202 (3072 1024 4352 ) (3072 1024 3584 ) (3072 768 3584 ) (3072 768 4352 ) 
4 69 299 (3424 0 4800 ) (3424 0 5056 ) (3312 0 5056 ) (3312 0 4800 ) 
4 69 70 (3312 256 5056 ) (3312 256 4864 ) (3312 0 4864 ) (3312 0 5056 ) 
4 70 300 (3312 0 4864 ) (3312 0 5056 ) (3280 0 5056 ) (3280 0 4864 ) 
4 70 71 (3280 256 5056 ) (3280 256 4864 ) (3280 0 4864 ) (3280 0 5056 ) 
4 71 301 (3280 0 2048 ) (3280 0 5120 ) (3072 0 5120 ) (3072 0 2048 ) 
4 71 239 (3072 0 2048 ) (3072 0 4352 ) (3072 256 4352 ) (3072 256 2048 ) 
4 71 190 (3072 0 4352 ) (3072 0 4480 ) (3072 256 4480 ) (3072 256 4352 ) 
4 71 130 (3072 66 4608 ) (3072 126 4608 ) (3072 126 4480 ) (3072 66 4480 ) 
4 71 129 (3072 126 4608 ) (3072 256 4608 ) (3072 256 4480 ) (3072 126 4480 ) 
4 71 133 (3072 64 4608 ) (3072 66 4608 ) (3072 66 4480 ) (3072 64 4480 ) 
4 71 152 (3072 0 4480 ) (3072 0 4608 ) (3072 64 4608 ) (3072 64 4480 ) 
4 71 120 (3072 64 4613 ) (3072 192 4613 ) (3072 192 4608 ) (3072 64 4608 ) 
4 71 119 (3072 192 4613 ) (3072 256 4613 ) (3072 256 4608 ) (3072 192 4608 ) 
4 71 125 (3072 0 4608 ) (3072 0 4613 ) (3072 64 4613 ) (3072 64 4608 ) 
4 71 118 (3072 0 4613 ) (3072 0 5120 ) (3072 256 5120 ) (3072 256 4613 ) 
4 72 302 (3280 0 -1024 ) (3280 0 1024 ) (3072 0 1024 ) (3072 0 -1024 ) 
4 72 251 (3072 0 -1024 ) (3072 0 544.278992 ) (3072 256 544.278992 ) (3072 256 -1024 ) 
4 72 244 (3072 0 544.278992 ) (3072 0 672.278992 ) (3072 256 672.278992 ) (3072 256 544.278992 ) 
4 72 240 (3072 0 672.278992 ) (3072 0 1024 ) (3072 256 1024 ) (3072 256 672.278992 ) 
4 73 202 (3072 1024 4352 ) (3072 938 4352 ) (3003 938 4352 ) (3003 1024 4352 ) 
4 73 80 (3003 938 4352 ) (3072 938 4352 ) (3072 938 4736 ) (3003 938 4736 ) 
4 73 74 (3003 1024 4736 ) (3003 1024 4352 ) (3003 950 4352 ) (3003 950 4736 ) 
4 74 203 (2995 950 4352 ) (2995 1024 4352 ) (3003 1024 4352 ) (3003 950 4352 ) 
4 74 75 (2995 1024 4352 ) (2995 950 4352 ) (2995 950 4736 ) (2995 1024 4736 ) 
4 75 205 (2995 938 4352 ) (2880 938 4352 ) (2880 1024 4352 ) (2995 1024 4352 ) 
4 75 80 (2880 938 4352 ) (2995 938 4352 ) (2995 938 4736 ) (2880 938 4736 ) 
4 75 78 (2880 1024 4352 ) (2880 980 4352 ) (2880 980 4512 ) (2880 1024 4512 ) 
4 75 77 (2880 980 4352 ) (2880 938 4352 ) (2880 938 4512 ) (2880 980 4512 ) 
4 75 76 (2880 938 4512 ) (2880 938 4736 ) (2880 1024 4736 ) (2880 1024 4512 ) 
4 76 81 (2880 938 4512 ) (2880 938 4736 ) (2864 938 4736 ) (2864 938 4512 ) 
4 76 78 (2864 986 4512 ) (2864 1024 4512 ) (2880 1024 4512 ) (2880 980 4512 ) 
4 76 77 (2864 938 4512 ) (2864 986 4512 ) (2880 980 4512 ) (2880 938 4512 ) 
4 76 79 (2864 938 4512 ) (2864 938 4736 ) (2864 1024 4736 ) (2864 1024 4512 ) 
3 77 206 (2868 980 4352 ) (2868 984.500000 4352 ) (2880 980 4352 ) 
4 77 208 (2880 938 4352 ) (2868 938 4352 ) (2868 980 4352 ) (2880 980 4352 ) 
4 77 209 (2868 938 4352 ) (2864 938 4352 ) (2864 986 4352 ) (2868 984.500000 4352 ) 
4 77 82 (2864 938 4352 ) (2880 938 4352 ) (2880 938 4512 ) (2864 938 4512 ) 
4 77 79 (2864 986 4352 ) (2864 938 4352 ) (2864 938 4512 ) (2864 986 4512 ) 
4 77 78 (2864 986.001953 4352 ) (2864 986.001953 4512 ) (2880 980.001953 4512 ) (2880 980.001953 4352 ) 
4 78 206 (2868 1024 4352 ) (2880 1024 4352 ) (2880 980 4352 ) (2868 984.500000 4352 ) 
4 78 209 (2864 986 4352 ) (2864 1024 4352 ) (2868 1024 4352 ) (2868 984.500000 4352 ) 
4 78 79 (2864 1024 4352 ) (2864 986 4352 ) (2864 986 4512 ) (2864 1024 4512 ) 
4 79 212 (2816 984 4352 ) (2816 992 4352 ) (2864 992 4352 ) (2864 984 4352 ) 
4 79 214 (2864 938 4352 ) (2816 938 4352 ) (2816 984 4352 ) (2864 984 4352 ) 
4 79 210 (2816 992 4352 ) (2816 1024 4352 ) (2864 1024 4352 ) (2864 992 4352 ) 
4 79 87 (2816 938 4544 ) (2816 938 4736 ) (2816 1024 4736 ) (2816 1024 4544 ) 
4 79 88 (2816 1024 4352 ) (2816 938 4352 ) (2816 938 4544 ) (2816 1024 4544 ) 
4 79 85 (2816 938 4736 ) (2816 938 4352 ) (2864 938 4352 ) (2864 938 4736 ) 
4 80 217 (2995 832 4352 ) (2880 832 4352 ) (2880 896 4352 ) (2995 896 4352 ) 
4 80 205 (2880 896 4352 ) (2880 938 4352 ) (2995 938 4352 ) (2995 896 4352 ) 
4 80 204 (3003 832 4352 ) (2995 832 4352 ) (2995 938 4352 ) (3003 938 4352 ) 
4 80 202 (3072 938 4352 ) (3072 832 4352 ) (3003 832 4352 ) (3003 938 4352 ) 
4 80 86 (2880 832 4608 ) (2880 832 4352 ) (3072 832 4352 ) (3072 832 4608 ) 
4 80 83 (2880 908 4352 ) (2880 856 4352 ) (2880 856 4512 ) (2880 908 4512 ) 
4 80 82 (2880 938 4512 ) (2880 938 4352 ) (2880 908 4352 ) (2880 908 4512 ) 
4 80 81 (2880 856 4736 ) (2880 938 4736 ) (2880 938 4512 ) (2880 856 4512 ) 
4 80 84 (2880 832 4352 ) (2880 832 4736 ) (2880 856 4736 ) (2880 856 4352 ) 
4 81 83 (2880 856 4512 ) (2864 856 4512 ) (2864 901.143982 4512 ) (2880 908 4512 ) 
4 81 82 (2864 901.143982 4512 ) (2864 938 4512 ) (2880 938 4512 ) (2880 908 4512 ) 
4 81 84 (2864 856 4736 ) (2864 856 4512 ) (2880 856 4512 ) (2880 856 4736 ) 
4 81 85 (2864 856 4736 ) (2864 938 4736 ) (2864 938 4512 ) (2864 856 4512 ) 
4 82 208 (2868 938 4352 ) (2880 938 4352 ) (2880 908 4352 ) (2868 902.858032 4352 ) 
4 82 209 (2864 901.143982 4352 ) (2864 938 4352 ) (2868 938 4352 ) (2868 902.858032 4352 ) 
4 82 85 (2864 938 4512 ) (2864 938 4352 ) (2864 901.143982 4352 ) (2864 901.143982 4512 ) 
4 82 83 (2880 908.001953 4352 ) (2880 908.001953 4512 ) (2864 901.145813 4512 ) (2864 901.145813 4352 ) 
4 83 217 (2864 856 4352 ) (2864 896 4352 ) (2880 896 4352 ) (2880 856 4352 ) 
4 83 208 (2868 902.858032 4352 ) (2880 908 4352 ) (2880 896 4352 ) (2868 896 4352 ) 
4 83 209 (2864 896 4352 ) (2864 901.143982 4352 ) (2868 902.858032 4352 ) (2868 896 4352 ) 
4 83 85 (2864 901.143982 4352 ) (2864 856 4352 ) (2864 856 4512 ) (2864 901.143982 4512 ) 
4 83 84 (2864 856 4512 ) (2864 856 4352 ) (2880 856 4352 ) (2880 856 4512 ) 
4 84 217 (2880 832 4352 ) (2864 832 4352 ) (2864 856 4352 ) (2880 856 4352 ) 
4 84 86 (2864 832 4608 ) (2864 832 4352 ) (2880 832 4352 ) (2880 832 4608 ) 
4 84 85 (2864 832 4352 ) (2864 832 4736 ) (2864 856 4736 ) (2864 856 4352 ) 
4 85 217 (2864 832 4352 ) (2816 832 4352 ) (2816 896 4352 ) (2864 896 4352 ) 
4 85 214 (2816 896 4352 ) (2816 938 4352 ) (2864 938 4352 ) (2864 896 4352 ) 
4 85 87 (2816 896 4736 ) (2816 938 4736 ) (2816 938 4544 ) (2816 896 4544 ) 
4 85 88 (2816 938 4352 ) (2816 832 4352 ) (2816 832 4544 ) (2816 938 4544 ) 
4 85 86 (2816 832 4608 ) (2816 832 4352 ) (2864 832 4352 ) (2864 832 4608 ) 
4 86 217 (2995 768 4352 ) (2816 768 4352 ) (2816 832 4352 ) (2995 832 4352 ) 
4 86 204 (3003 768 4352 ) (2995 768 4352 ) (2995 832 4352 ) (3003 832 4352 ) 
4 86 202 (3072 832 4352 ) (3072 768 4352 ) (3003 768 4352 ) (3003 832 4352 ) 
4 86 102 (3072 768 4440 ) (3072 768 4480 ) (3056 768 4480 ) (3056 768 4440 ) 
4 86 97 (3072 768 4480 ) (3072 768 4504 ) (3056 768 4504 ) (3056 768 4480 ) 
4 86 88 (2816 832 4352 ) (2816 768 4352 ) (2816 768 4544 ) (2816 832 4544 ) 
4 87 89 (2432 1024 4736 ) (2432 1024 4544 ) (2432 896 4544 ) (2432 896 4736 ) 
4 87 88 (2432 896 4544 ) (2432 1024 4544 ) (2816 1024 4544 ) (2816 896 4544 ) 
4 88 217 (2816 768 4352 ) (2432 768 4352 ) (2432 896 4352 ) (2816 896 4352 ) 
4 88 212 (2432 984 4352 ) (2432 992 4352 ) (2816 992 4352 ) (2816 984 4352 ) 
4 88 214 (2432 896 4352 ) (2432 984 4352 ) (2816 984 4352 ) (2816 896 4352 ) 
4 88 210 (2432 992 4352 ) (2432 1024 4352 ) (2816 1024 4352 ) (2816 992 4352 ) 
4 88 103 (2496 768 4352 ) (2624 768 4352 ) (2624 768 4480 ) (2496 768 4480 ) 
4 88 98 (2496 768 4484 ) (2496 768 4480 ) (2624 768 4480 ) (2624 768 4484 ) 
4 88 95 (2432 1024 4480 ) (2432 1024 4352 ) (2432 896 4352 ) (2432 896 4480 ) 
4 88 89 (2432 1024 4544 ) (2432 1024 4480 ) (2432 896 4480 ) (2432 896 4544 ) 
4 89 95 (2432 1024 4480 ) (2432 896 4480 ) (2304 896 4480 ) (2304 1024 4480 ) 
4 89 91 (2304 1024 4480 ) (2304 896 4480 ) (2304 896 4608 ) (2304 1024 4608 ) 
4 89 90 (2304 896 4608 ) (2304 896 4736 ) (2304 1024 4736 ) (2304 1024 4608 ) 
4 90 93 (2240 896 4736 ) (2240 1024 4736 ) (2240 1024 4608 ) (2240 896 4608 ) 
4 90 91 (2240 896 4608 ) (2240 1024 4608 ) (2304 1024 4608 ) (2304 896 4608 ) 
4 91 95 (2240 896 4480 ) (2240 1024 4480 ) (2304 1024 4480 ) (2304 896 4480 ) 
4 91 93 (2240 1024 4480 ) (2240 896 4480 ) (2240 896 4608 ) (2240 1024 4608 ) 
4 92 101 (2240 768 4608 ) (2240 768 4480 ) (2304 768 4480 ) (2304 768 4608 ) 
4 93 95 (2176 896 4480 ) (2176 1024 4480 ) (2240 1024 4480 ) (2240 896 4480 ) 
4 93 94 (2176 1024 4480 ) (2176 896 4480 ) (2176 896 4736 ) (2176 1024 4736 ) 
4 94 274 (2048 1024 4736 ) (2048 1024 4480 ) (2048 768 4480 ) (2048 768 4736 ) 
4 94 96 (2176 768 4480 ) (2048 768 4480 ) (2048 1024 4480 ) (2176 1024 4480 ) 
4 95 212 (2176 984 4352 ) (2176 992 4352 ) (2432 992 4352 ) (2432 984 4352 ) 
4 95 214 (2176 896 4352 ) (2176 984 4352 ) (2432 984 4352 ) (2432 896 4352 ) 
4 95 210 (2176 992 4352 ) (2176 1024 4352 ) (2432 1024 4352 ) (2432 992 4352 ) 
4 95 96 (2176 1024 4352 ) (2176 896 4352 ) (2176 896 4480 ) (2176 1024 4480 ) 
4 96 274 (2048 1024 4480 ) (2048 1024 4352 ) (2048 768 4352 ) (2048 768 4480 ) 
4 96 218 (2176 768 4352 ) (2048 768 4352 ) (2048 896 4352 ) (2176 896 4352 ) 
4 96 212 (2152 992 4352 ) (2176 992 4352 ) (2176 984 4352 ) (2152 984 4352 ) 
4 96 214 (2176 984 4352 ) (2176 896 4352 ) (2152 896 4352 ) (2152 984 4352 ) 
4 96 215 (2048 896 4352 ) (2048 992 4352 ) (2152 992 4352 ) (2152 896 4352 ) 
4 96 210 (2048 992 4352 ) (2048 1024 4352 ) (2176 1024 4352 ) (2176 992 4352 ) 
4 97 126 (3056 752 4480 ) (3072 752 4480 ) (3072 752 4504 ) (3056 752 4504 ) 
4 97 102 (3072 752 4480 ) (3056 752 4480 ) (3056 768 4480 ) (3072 768 4480 ) 
4 98 103 (2496 760 4480 ) (2496 768 4480 ) (2624 768 4480 ) (2624 760 4480 ) 
4 98 99 (2624 760 4480 ) (2624 760 4484 ) (2496 760 4484 ) (2496 760 4480 ) 
4 99 104 (2496 759 4480 ) (2496 760 4480 ) (2624 760 4480 ) (2624 759 4480 ) 
4 99 100 (2624 759 4480 ) (2624 759 4484 ) (2496 759 4484 ) (2496 759 4480 ) 
4 100 127 (2496 752 4480 ) (2624 752 4480 ) (2624 752 4484 ) (2496 752 4484 ) 
4 100 105 (2624 752 4480 ) (2496 752 4480 ) (2496 759 4480 ) (2624 759 4480 ) 
4 101 153 (2304 752 4512 ) (2304 752 4608 ) (2240 752 4608 ) (2240 752 4512 ) 
4 102 170 (3072 752 4440 ) (3072 752 4480 ) (3056 752 4480 ) (3056 752 4440 ) 
4 103 222 (2496 760 4352 ) (2496 768 4352 ) (2624 768 4352 ) (2624 760 4352 ) 
4 103 104 (2496 760 4480 ) (2496 760 4352 ) (2624 760 4352 ) (2624 760 4480 ) 
4 104 223 (2496 759 4352 ) (2496 760 4352 ) (2624 760 4352 ) (2624 759 4352 ) 
4 104 105 (2496 759 4480 ) (2496 759 4352 ) (2624 759 4352 ) (2624 759 4480 ) 
4 105 224 (2624 752 4352 ) (2496 752 4352 ) (2496 759 4352 ) (2624 759 4352 ) 
4 105 171 (2496 752 4352 ) (2624 752 4352 ) (2624 752 4480 ) (2496 752 4480 ) 
4 106 158 (2496 320 4608 ) (2493 320 4608 ) (2493 512 4608 ) (2496 512 4608 ) 
4 106 127 (2624 512 4608 ) (2624 320 4608 ) (2496 320 4608 ) (2496 512 4608 ) 
4 106 112 (2493 320 4608 ) (2495 320 4608 ) (2495 320 4736 ) (2493 320 4736 ) 
4 106 111 (2495 320 4608 ) (2624 320 4608 ) (2624 320 4613 ) (2495 320 4613 ) 
4 106 107 (2493 320 4608 ) (2493 320 4736 ) (2493 321 4736 ) (2493 321 4608 ) 
4 107 159 (2493 320 4608 ) (2491 320 4608 ) (2491 321 4608 ) (2493 321 4608 ) 
4 107 112 (2491 320 4608 ) (2493 320 4608 ) (2493 320 4736 ) (2491 320 4736 ) 
4 107 108 (2491 321 4608 ) (2491 320 4608 ) (2491 320 4736 ) (2491 321 4736 ) 
4 108 160 (2491 320 4608 ) (2488 320 4608 ) (2488 512 4608 ) (2491 512 4608 ) 
4 108 112 (2488 320 4608 ) (2491 320 4608 ) (2491 320 4736 ) (2488 320 4736 ) 
4 108 109 (2488 512 4736 ) (2488 512 4608 ) (2488 320 4608 ) (2488 320 4736 ) 
4 109 167 (2488 320 4608 ) (2480 320 4608 ) (2480 512 4608 ) (2488 512 4608 ) 
4 109 113 (2480 320 4608 ) (2488 320 4608 ) (2488 320 4736 ) (2480 320 4736 ) 
4 109 110 (2480 512 4736 ) (2480 512 4608 ) (2480 320 4608 ) (2480 320 4736 ) 
4 110 168 (2480 320 4608 ) (2432 320 4608 ) (2432 512 4608 ) (2480 512 4608 ) 
4 110 169 (2432 320 4608 ) (2112 320 4608 ) (2112 512 4608 ) (2432 512 4608 ) 
4 110 114 (2112 320 4608 ) (2480 320 4608 ) (2480 320 4736 ) (2112 320 4736 ) 
4 111 165 (2495 320 4608 ) (2496 320 4608 ) (2496 304 4608 ) (2495 304 4608 ) 
4 111 139 (2503 304 4608 ) (2501 304 4608 ) (2501 319 4608 ) (2503 319 4608 ) 
4 111 138 (2624 319 4608 ) (2624 304 4608 ) (2503 304 4608 ) (2503 319 4608 ) 
4 111 140 (2501 304 4608 ) (2496 304 4608 ) (2496 319 4608 ) (2501 319 4608 ) 
4 111 137 (2496 320 4608 ) (2624 320 4608 ) (2624 319 4608 ) (2496 319 4608 ) 
4 111 128 (2624 320 4608 ) (2632 320 4608 ) (2632 304 4608 ) (2624 304 4608 ) 
4 111 115 (2495 304 4608 ) (2496 304 4608 ) (2496 304 4613 ) (2495 304 4613 ) 
4 111 112 (2495 304 4608 ) (2495 304 4613 ) (2495 320 4613 ) (2495 320 4608 ) 
4 112 115 (2488 304 4608 ) (2495 304 4608 ) (2495 304 5120 ) (2488 304 5120 ) 
4 112 113 (2488 304 4608 ) (2488 304 5120 ) (2488 320 5120 ) (2488 320 4608 ) 
4 113 167 (2480 320 4608 ) (2488 320 4608 ) (2488 304 4608 ) (2480 304 4608 ) 
4 113 116 (2480 304 4608 ) (2488 304 4608 ) (2488 304 5120 ) (2480 304 5120 ) 
4 113 114 (2480 304 4608 ) (2480 304 5120 ) (2480 320 5120 ) (2480 320 4608 ) 
4 114 168 (2432 320 4608 ) (2480 320 4608 ) (2480 304 4608 ) (2432 304 4608 ) 
4 114 169 (2112 320 4608 ) (2432 320 4608 ) (2432 304 4608 ) (2112 304 4608 ) 
4 114 117 (2112 304 4608 ) (2480 304 4608 ) (2480 304 5120 ) (2112 304 5120 ) 
4 115 166 (2488 304 4608 ) (2495 304 4608 ) (2495 256 4608 ) (2488 256 4608 ) 
4 115 165 (2495 304 4608 ) (2496 304 4608 ) (2496 256 4608 ) (2495 256 4608 ) 
4 115 119 (2488 256 4608 ) (2496 256 4608 ) (2496 256 4613 ) (2488 256 4613 ) 
4 115 118 (2496 256 4613 ) (2496 256 5120 ) (2488 256 5120 ) (2488 256 4613 ) 
4 115 116 (2488 304 5120 ) (2488 304 4608 ) (2488 256 4608 ) (2488 256 5120 ) 
4 116 167 (2480 304 4608 ) (2488 304 4608 ) (2488 256 4608 ) (2480 256 4608 ) 
4 116 119 (2480 256 4608 ) (2488 256 4608 ) (2488 256 4613 ) (2480 256 4613 ) 
4 116 118 (2488 256 4613 ) (2488 256 5120 ) (2480 256 5120 ) (2480 256 4613 ) 
4 116 117 (2480 256 4608 ) (2480 256 5120 ) (2480 304 5120 ) (2480 304 4608 ) 
4 117 168 (2432 304 4608 ) (2480 304 4608 ) (2480 256 4608 ) (2432 256 4608 ) 
4 117 169 (2112 304 4608 ) (2432 304 4608 ) (2432 256 4608 ) (2112 256 4608 ) 
4 117 119 (2112 256 4608 ) (2480 256 4608 ) (2480 256 4613 ) (2112 256 4613 ) 
4 117 118 (2480 256 4613 ) (2480 256 5120 ) (2112 256 5120 ) (2112 256 4613 ) 
4 118 312 (2160 0 5120 ) (2080 0 5120 ) (2080 0 4613 ) (2160 0 4613 ) 
4 118 309 (2608 0 5120 ) (2496 0 5120 ) (2496 0 4613 ) (2608 0 4613 ) 
4 118 308 (3072 0 4613 ) (3072 0 5120 ) (2608 0 5120 ) (2608 0 4613 ) 
4 118 311 (2496 0 5120 ) (2160 0 5120 ) (2160 0 4613 ) (2496 0 4613 ) 
4 118 196 (2080 0 4613 ) (2080 0 5120 ) (2080 256 5120 ) (2080 256 4613 ) 
4 118 122 (2505 192 4613 ) (2632 192 4613 ) (2632 64 4613 ) (2505 64 4613 ) 
4 118 121 (2632 192 4613 ) (2695 192 4613 ) (2695 64 4613 ) (2632 64 4613 ) 
4 118 124 (2080 64 4613 ) (2080 192 4613 ) (2505 192 4613 ) (2505 64 4613 ) 
4 118 120 (2695 192 4613 ) (3072 192 4613 ) (3072 64 4613 ) (2695 64 4613 ) 
4 118 119 (2080 192 4613 ) (2080 256 4613 ) (3072 256 4613 ) (3072 192 4613 ) 
4 118 125 (3072 0 4613 ) (2080 0 4613 ) (2080 64 4613 ) (3072 64 4613 ) 
4 119 196 (2080 256 4608 ) (2080 192 4608 ) (2080 192 4613 ) (2080 256 4613 ) 
4 119 168 (2432 256 4608 ) (2480 256 4608 ) (2480 192 4608 ) (2432 192 4608 ) 
4 119 167 (2480 256 4608 ) (2488 256 4608 ) (2488 192 4608 ) (2480 192 4608 ) 
4 119 169 (2080 192 4608 ) (2080 256 4608 ) (2432 256 4608 ) (2432 192 4608 ) 
4 119 166 (2488 256 4608 ) (2495 256 4608 ) (2495 192 4608 ) (2488 192 4608 ) 
4 119 165 (2495 256 4608 ) (2496 256 4608 ) (2496 192 4608 ) (2495 192 4608 ) 
4 119 150 (2496 256 4608 ) (2501 256 4608 ) (2501 192 4608 ) (2496 192 4608 ) 
4 119 149 (2501 256 4608 ) (2502 256 4608 ) (2502 192 4608 ) (2501 192 4608 ) 
4 119 142 (2502 256 4608 ) (2503 256 4608 ) (2503 192 4608 ) (2502 192 4608 ) 
4 119 141 (2503 256 4608 ) (2624 256 4608 ) (2624 192 4608 ) (2503 192 4608 ) 
4 119 134 (2624 256 4608 ) (2760 256 4608 ) (2760 192 4608 ) (2624 192 4608 ) 
4 119 129 (2760 256 4608 ) (3072 256 4608 ) (3072 192 4608 ) (2760 192 4608 ) 
4 119 122 (2632 192 4613 ) (2505 192 4613 ) (2505 192 4611 ) (2632 192 4611 ) 
4 119 121 (2695 192 4611 ) (2695 192 4613 ) (2632 192 4613 ) (2632 192 4611 ) 
4 119 123 (2505 192 4608 ) (2695 192 4608 ) (2695 192 4611 ) (2505 192 4611 ) 
4 119 124 (2080 192 4608 ) (2505 192 4608 ) (2505 192 4613 ) (2080 192 4613 ) 
4 119 120 (2695 192 4608 ) (3072 192 4608 ) (3072 192 4613 ) (2695 192 4613 ) 
4 120 135 (2695 192 4608 ) (2760 192 4608 ) (2760 64 4608 ) (2695 64 4608 ) 
4 120 131 (2765 66 4608 ) (2763 66 4608 ) (2763 126 4608 ) (2765 126 4608 ) 
4 120 130 (3072 126 4608 ) (3072 66 4608 ) (2765 66 4608 ) (2765 126 4608 ) 
4 120 132 (2763 66 4608 ) (2760 66 4608 ) (2760 126 4608 ) (2763 126 4608 ) 
4 120 129 (2760 192 4608 ) (3072 192 4608 ) (3072 126 4608 ) (2760 126 4608 ) 
4 120 133 (3072 66 4608 ) (3072 64 4608 ) (2760 64 4608 ) (2760 66 4608 ) 
4 120 121 (2695 192 4613 ) (2695 192 4611 ) (2695 64 4611 ) (2695 64 4613 ) 
4 120 123 (2695 192 4611 ) (2695 192 4608 ) (2695 64 4608 ) (2695 64 4611 ) 
4 120 125 (2695 64 4608 ) (3072 64 4608 ) (3072 64 4613 ) (2695 64 4613 ) 
4 121 123 (2632 192 4611 ) (2695 192 4611 ) (2695 64 4611 ) (2632 64 4611 ) 
4 121 125 (2695 64 4611 ) (2695 64 4613 ) (2632 64 4613 ) (2632 64 4611 ) 
4 121 122 (2632 192 4613 ) (2632 192 4611 ) (2632 64 4611 ) (2632 64 4613 ) 
4 122 123 (2505 64 4611 ) (2505 192 4611 ) (2632 192 4611 ) (2632 64 4611 ) 
4 122 125 (2632 64 4613 ) (2505 64 4613 ) (2505 64 4611 ) (2632 64 4611 ) 
4 122 124 (2505 192 4613 ) (2505 192 4611 ) (2505 64 4611 ) (2505 64 4613 ) 
4 123 147 (2624 65 4608 ) (2624 64 4608 ) (2505 64 4608 ) (2505 65 4608 ) 
4 123 143 (2505 192 4608 ) (2624 192 4608 ) (2624 65 4608 ) (2505 65 4608 ) 
4 123 135 (2624 192 4608 ) (2695 192 4608 ) (2695 64 4608 ) (2624 64 4608 ) 
4 123 124 (2505 192 4611 ) (2505 192 4608 ) (2505 64 4608 ) (2505 64 4611 ) 
4 123 125 (2505 64 4608 ) (2695 64 4608 ) (2695 64 4611 ) (2505 64 4611 ) 
4 124 196 (2080 192 4608 ) (2080 64 4608 ) (2080 64 4613 ) (2080 192 4613 ) 
4 124 168 (2432 192 4608 ) (2480 192 4608 ) (2480 64 4608 ) (2432 64 4608 ) 
4 124 167 (2480 192 4608 ) (2488 192 4608 ) (2488 64 4608 ) (2480 64 4608 ) 
4 124 169 (2080 64 4608 ) (2080 192 4608 ) (2432 192 4608 ) (2432 64 4608 ) 
4 124 166 (2488 192 4608 ) (2495 192 4608 ) (2495 64 4608 ) (2488 64 4608 ) 
4 124 165 (2495 192 4608 ) (2496 192 4608 ) (2496 64 4608 ) (2495 64 4608 ) 
4 124 150 (2496 192 4608 ) (2501 192 4608 ) (2501 65 4608 ) (2496 65 4608 ) 
4 124 149 (2501 192 4608 ) (2502 192 4608 ) (2502 65 4608 ) (2501 65 4608 ) 
4 124 151 (2502 65 4608 ) (2502 64 4608 ) (2496 64 4608 ) (2496 65 4608 ) 
4 124 147 (2505 65 4608 ) (2505 64 4608 ) (2502 64 4608 ) (2502 65 4608 ) 
4 124 144 (2502 192 4608 ) (2503 192 4608 ) (2503 65 4608 ) (2502 65 4608 ) 
4 124 143 (2503 192 4608 ) (2505 192 4608 ) (2505 65 4608 ) (2503 65 4608 ) 
4 124 125 (2080 64 4608 ) (2505 64 4608 ) (2505 64 4613 ) (2080 64 4613 ) 
4 125 312 (2160 0 4613 ) (2080 0 4613 ) (2080 0 4608 ) (2160 0 4608 ) 
4 125 309 (2608 0 4613 ) (2496 0 4613 ) (2496 0 4608 ) (2608 0 4608 ) 
4 125 308 (3072 0 4608 ) (3072 0 4613 ) (2608 0 4613 ) (2608 0 4608 ) 
4 125 311 (2496 0 4613 ) (2160 0 4613 ) (2160 0 4608 ) (2496 0 4608 ) 
4 125 196 (2080 64 4608 ) (2080 0 4608 ) (2080 0 4613 ) (2080 64 4613 ) 
4 125 168 (2480 0 4608 ) (2432 0 4608 ) (2432 64 4608 ) (2480 64 4608 ) 
4 125 167 (2488 0 4608 ) (2480 0 4608 ) (2480 64 4608 ) (2488 64 4608 ) 
4 125 169 (2432 0 4608 ) (2080 0 4608 ) (2080 64 4608 ) (2432 64 4608 ) 
4 125 166 (2495 0 4608 ) (2488 0 4608 ) (2488 64 4608 ) (2495 64 4608 ) 
4 125 165 (2496 0 4608 ) (2495 0 4608 ) (2495 64 4608 ) (2496 64 4608 ) 
4 125 152 (3072 0 4608 ) (2496 0 4608 ) (2496 64 4608 ) (3072 64 4608 ) 
4 126 170 (3056 752 4480 ) (3072 752 4480 ) (3072 736 4480 ) (3056 736 4480 ) 
4 127 171 (2496 752 4480 ) (2624 752 4480 ) (2624 320 4480 ) (2496 320 4480 ) 
4 127 161 (2496 512 4480 ) (2496 320 4480 ) (2496 320 4607 ) (2496 512 4607 ) 
4 127 158 (2496 320 4607 ) (2496 320 4608 ) (2496 512 4608 ) (2496 512 4607 ) 
4 127 154 (2496 704 4480 ) (2496 512 4480 ) (2496 512 4608 ) (2496 704 4608 ) 
4 127 137 (2496 320 4608 ) (2496 320 4480 ) (2624 320 4480 ) (2624 320 4608 ) 
4 128 185 (2632 304 4480 ) (2624 304 4480 ) (2624 320 4480 ) (2632 320 4480 ) 
4 128 138 (2624 319 4480 ) (2624 304 4480 ) (2624 304 4608 ) (2624 319 4608 ) 
4 128 137 (2624 320 4608 ) (2624 320 4480 ) (2624 319 4480 ) (2624 319 4608 ) 
4 129 190 (3072 256 4480 ) (3072 126 4480 ) (2760 126 4480 ) (2760 256 4480 ) 
4 129 136 (2760 192 4480 ) (2760 126 4480 ) (2760 126 4482 ) (2760 192 4482 ) 
4 129 135 (2760 126 4482 ) (2760 126 4608 ) (2760 192 4608 ) (2760 192 4482 ) 
4 129 134 (2760 256 4608 ) (2760 256 4480 ) (2760 192 4480 ) (2760 192 4608 ) 
4 129 131 (2763 126 4480 ) (2765 126 4480 ) (2765 126 4608 ) (2763 126 4608 ) 
4 129 130 (2765 126 4480 ) (3072 126 4480 ) (3072 126 4608 ) (2765 126 4608 ) 
4 129 132 (2760 126 4608 ) (2760 126 4480 ) (2763 126 4480 ) (2763 126 4608 ) 
4 130 190 (3072 126 4480 ) (3072 66 4480 ) (2765 66 4480 ) (2765 126 4480 ) 
4 130 133 (2765 66 4480 ) (3072 66 4480 ) (3072 66 4608 ) (2765 66 4608 ) 
4 130 131 (2765 126 4608 ) (2765 126 4480 ) (2765 66 4480 ) (2765 66 4608 ) 
4 131 190 (2765 66 4480 ) (2763 66 4480 ) (2763 126 4480 ) (2765 126 4480 ) 
4 131 132 (2763 126 4608 ) (2763 126 4480 ) (2763 66 4480 ) (2763 66 4608 ) 
4 131 133 (2763 66 4480 ) (2765 66 4480 ) (2765 66 4608 ) (2763 66 4608 ) 
4 132 190 (2763 66 4480 ) (2760 66 4480 ) (2760 126 4480 ) (2763 126 4480 ) 
4 132 136 (2760 126 4480 ) (2760 66 4480 ) (2760 66 4482 ) (2760 126 4482 ) 
4 132 135 (2760 66 4482 ) (2760 66 4608 ) (2760 126 4608 ) (2760 126 4482 ) 
4 132 133 (2760 66 4608 ) (2760 66 4480 ) (2763 66 4480 ) (2763 66 4608 ) 
4 133 190 (3072 66 4480 ) (3072 64 4480 ) (2760 64 4480 ) (2760 66 4480 ) 
4 133 136 (2760 66 4480 ) (2760 64 4480 ) (2760 64 4482 ) (2760 66 4482 ) 
4 133 135 (2760 64 4482 ) (2760 64 4608 ) (2760 66 4608 ) (2760 66 4482 ) 
4 133 152 (2760 64 4480 ) (3072 64 4480 ) (3072 64 4608 ) (2760 64 4608 ) 
4 134 191 (2624 192 4480 ) (2624 256 4480 ) (2760 256 4480 ) (2760 192 4480 ) 
4 134 141 (2624 256 4480 ) (2624 192 4480 ) (2624 192 4608 ) (2624 256 4608 ) 
4 134 136 (2624 192 4482 ) (2624 192 4480 ) (2760 192 4480 ) (2760 192 4482 ) 
4 134 135 (2624 192 4608 ) (2624 192 4482 ) (2760 192 4482 ) (2760 192 4608 ) 
4 135 147 (2624 64 4482 ) (2624 64 4608 ) (2624 65 4608 ) (2624 65 4482 ) 
4 135 143 (2624 65 4608 ) (2624 192 4608 ) (2624 192 4482 ) (2624 65 4482 ) 
4 135 152 (2760 64 4482 ) (2760 64 4608 ) (2624 64 4608 ) (2624 64 4482 ) 
4 135 136 (2624 64 4482 ) (2624 192 4482 ) (2760 192 4482 ) (2760 64 4482 ) 
4 136 192 (2760 64 4480 ) (2624 64 4480 ) (2624 192 4480 ) (2760 192 4480 ) 
4 136 148 (2624 65 4480 ) (2624 64 4480 ) (2624 64 4482 ) (2624 65 4482 ) 
4 136 145 (2624 192 4480 ) (2624 65 4480 ) (2624 65 4482 ) (2624 192 4482 ) 
4 136 152 (2624 64 4480 ) (2760 64 4480 ) (2760 64 4482 ) (2624 64 4482 ) 
4 137 185 (2496 319 4480 ) (2496 320 4480 ) (2624 320 4480 ) (2624 319 4480 ) 
4 137 165 (2496 320 4480 ) (2496 319 4480 ) (2496 319 4608 ) (2496 320 4608 ) 
4 137 139 (2501 319 4480 ) (2503 319 4480 ) (2503 319 4608 ) (2501 319 4608 ) 
4 137 138 (2503 319 4480 ) (2624 319 4480 ) (2624 319 4608 ) (2503 319 4608 ) 
4 137 140 (2496 319 4608 ) (2496 319 4480 ) (2501 319 4480 ) (2501 319 4608 ) 
4 138 185 (2503 319 4480 ) (2624 319 4480 ) (2624 303.988831 4480 ) (2503 303.988831 4480 ) 
4 138 141 (2503 256 4482 ) (2624 256 4482 ) (2624 256 4608 ) (2503 256 4608 ) 
5 138 139 (2503 319 4608 ) (2503 319 4480 ) (2503 304.023438 4480 ) (2503 256 4482 ) (2503 256 4608 ) 
4 139 185 (2501 319 4480 ) (2503 319 4480 ) (2503 303.988831 4480 ) (2501 303.988831 4480 ) 
4 139 149 (2501 256 4482 ) (2502 256 4482 ) (2502 256 4608 ) (2501 256 4608 ) 
4 139 142 (2502 256 4482 ) (2503 256 4482 ) (2503 256 4608 ) (2502 256 4608 ) 
5 139 140 (2501 319 4608 ) (2501 319 4480 ) (2501 304.023438 4480 ) (2501 256 4482 ) (2501 256 4608 ) 
4 140 185 (2496 303.988831 4480 ) (2496 319 4480 ) (2501 319 4480 ) (2501 303.988831 4480 ) 
5 140 165 (2496 319 4480 ) (2496 303.988831 4480 ) (2496 256 4482 ) (2496 256 4608 ) (2496 319 4608 ) 
4 140 150 (2496 256 4608 ) (2496 256 4482 ) (2501 256 4482 ) (2501 256 4608 ) 
4 141 191 (2503 256 4480 ) (2624 256 4480 ) (2624 192 4480 ) (2503 192 4480 ) 
4 141 145 (2503 192 4480 ) (2624 192 4480 ) (2624 192 4482 ) (2503 192 4482 ) 
4 141 143 (2624 192 4482 ) (2624 192 4608 ) (2503 192 4608 ) (2503 192 4482 ) 
4 141 142 (2503 256 4608 ) (2503 256 4480 ) (2503 192 4480 ) (2503 192 4608 ) 
4 142 191 (2502 192 4480 ) (2502 256 4480 ) (2503 256 4480 ) (2503 192 4480 ) 
4 142 149 (2502 256 4608 ) (2502 256 4480 ) (2502 192 4480 ) (2502 192 4608 ) 
4 142 146 (2502 192 4482 ) (2502 192 4480 ) (2503 192 4480 ) (2503 192 4482 ) 
4 142 144 (2502 192 4608 ) (2502 192 4482 ) (2503 192 4482 ) (2503 192 4608 ) 
4 143 147 (2503 65 4482 ) (2624 65 4482 ) (2624 65 4608 ) (2503 65 4608 ) 
4 143 145 (2624 65 4482 ) (2503 65 4482 ) (2503 192 4482 ) (2624 192 4482 ) 
4 143 144 (2503 192 4608 ) (2503 192 4482 ) (2503 65 4482 ) (2503 65 4608 ) 
4 144 149 (2502 65 4482 ) (2502 65 4608 ) (2502 192 4608 ) (2502 192 4482 ) 
4 144 147 (2502 65 4608 ) (2502 65 4482 ) (2503 65 4482 ) (2503 65 4608 ) 
4 144 146 (2503 65 4482 ) (2502 65 4482 ) (2502 192 4482 ) (2503 192 4482 ) 
4 145 192 (2503 192 4480 ) (2624 192 4480 ) (2624 65 4480 ) (2503 65 4480 ) 
4 145 148 (2503 65 4480 ) (2624 65 4480 ) (2624 65 4482 ) (2503 65 4482 ) 
4 145 146 (2503 65 4480 ) (2503 65 4482 ) (2503 192 4482 ) (2503 192 4480 ) 
4 146 192 (2502 65 4480 ) (2502 192 4480 ) (2503 192 4480 ) (2503 65 4480 ) 
4 146 149 (2502 192 4480 ) (2502 65 4480 ) (2502 65 4482 ) (2502 192 4482 ) 
4 146 148 (2502 65 4482 ) (2502 65 4480 ) (2503 65 4480 ) (2503 65 4482 ) 
4 147 151 (2502 64 4482 ) (2502 64 4608 ) (2502 65 4608 ) (2502 65 4482 ) 
4 147 152 (2624 64 4482 ) (2624 64 4608 ) (2502 64 4608 ) (2502 64 4482 ) 
4 147 148 (2502 64 4482 ) (2502 65 4482 ) (2624 65 4482 ) (2624 64 4482 ) 
4 148 192 (2624 64 4480 ) (2502 64 4480 ) (2502 65 4480 ) (2624 65 4480 ) 
4 148 151 (2502 65 4480 ) (2502 64 4480 ) (2502 64 4482 ) (2502 65 4482 ) 
4 148 152 (2502 64 4480 ) (2624 64 4480 ) (2624 64 4482 ) (2502 64 4482 ) 
4 149 195 (2501 256 4480 ) (2502 256 4480 ) (2502 65 4480 ) (2501 65 4480 ) 
4 149 151 (2501 65 4480 ) (2502 65 4480 ) (2502 65 4608 ) (2501 65 4608 ) 
4 149 150 (2501 256 4608 ) (2501 256 4480 ) (2501 65 4480 ) (2501 65 4608 ) 
4 150 195 (2496 65 4480 ) (2496 256 4480 ) (2501 256 4480 ) (2501 65 4480 ) 
4 150 165 (2496 256 4480 ) (2496 65 4480 ) (2496 65 4608 ) (2496 256 4608 ) 
4 150 151 (2496 65 4608 ) (2496 65 4480 ) (2501 65 4480 ) (2501 65 4608 ) 
4 151 195 (2502 64 4480 ) (2496 64 4480 ) (2496 65 4480 ) (2502 65 4480 ) 
4 151 165 (2496 65 4480 ) (2496 64 4480 ) (2496 64 4608 ) (2496 65 4608 ) 
4 151 152 (2496 64 4608 ) (2496 64 4480 ) (2502 64 4480 ) (2502 64 4608 ) 
4 152 309 (2608 0 4608 ) (2496 0 4608 ) (2496 0 4480 ) (2608 0 4480 ) 
4 152 308 (3072 0 4480 ) (3072 0 4608 ) (2608 0 4608 ) (2608 0 4480 ) 
4 152 194 (2760 0 4480 ) (2502 0 4480 ) (2502 64 4480 ) (2760 64 4480 ) 
4 152 190 (3072 64 4480 ) (3072 0 4480 ) (2760 0 4480 ) (2760 64 4480 ) 
4 152 195 (2502 0 4480 ) (2496 0 4480 ) (2496 64 4480 ) (2502 64 4480 ) 
4 152 165 (2496 64 4480 ) (2496 0 4480 ) (2496 0 4608 ) (2496 64 4608 ) 
4 153 169 (2304 736 4512 ) (2304 736 4608 ) (2240 736 4608 ) (2240 736 4512 ) 
4 154 173 (2496 702 4480 ) (2496 640 4480 ) (2493 640 4480 ) (2493 702 4480 ) 
4 154 172 (2496 704 4480 ) (2496 702 4480 ) (2493 702 4480 ) (2493 704 4480 ) 
4 154 177 (2496 640 4480 ) (2496 512 4480 ) (2493 512 4480 ) (2493 640 4480 ) 
4 154 161 (2493 512 4480 ) (2496 512 4480 ) (2496 512 4607 ) (2493 512 4607 ) 
4 154 158 (2496 512 4607 ) (2496 512 4608 ) (2493 512 4608 ) (2493 512 4607 ) 
4 154 156 (2493 640 4480 ) (2493 512 4480 ) (2493 512 4608 ) (2493 640 4608 ) 
4 154 155 (2493 704 4608 ) (2493 704 4480 ) (2493 640 4480 ) (2493 640 4608 ) 
4 155 174 (2491 640 4480 ) (2491 702 4480 ) (2493 702 4480 ) (2493 640 4480 ) 
4 155 172 (2491 702 4480 ) (2491 704 4480 ) (2493 704 4480 ) (2493 702 4480 ) 
4 155 157 (2491 704 4608 ) (2491 704 4480 ) (2491 640 4480 ) (2491 640 4608 ) 
4 155 156 (2491 640 4608 ) (2491 640 4480 ) (2493 640 4480 ) (2493 640 4608 ) 
4 156 177 (2493 512 4480 ) (2491 512 4480 ) (2491 640 4480 ) (2493 640 4480 ) 
4 156 162 (2491 512 4480 ) (2493 512 4480 ) (2493 512 4607 ) (2491 512 4607 ) 
4 156 157 (2491 640 4480 ) (2491 512 4480 ) (2491 512 4608 ) (2491 640 4608 ) 
4 157 176 (2488 640 4480 ) (2488 702 4480 ) (2491 702 4480 ) (2491 640 4480 ) 
4 157 172 (2488 702 4480 ) (2488 704 4480 ) (2491 704 4480 ) (2491 702 4480 ) 
4 157 177 (2491 512 4480 ) (2488 512 4480 ) (2488 640 4480 ) (2491 640 4480 ) 
4 157 167 (2488 704 4480 ) (2488 512 4480 ) (2488 512 4608 ) (2488 704 4608 ) 
4 157 164 (2488 512 4607 ) (2488 512 4480 ) (2491 512 4480 ) (2491 512 4607 ) 
4 157 160 (2488 512 4608 ) (2488 512 4607 ) (2491 512 4607 ) (2491 512 4608 ) 
4 158 165 (2495 320 4607 ) (2496 320 4607 ) (2496 320 4608 ) (2495 320 4608 ) 
4 158 161 (2496 320 4607 ) (2493 320 4607 ) (2493 512 4607 ) (2496 512 4607 ) 
4 158 159 (2493 321 4607 ) (2493 320 4607 ) (2493 320 4608 ) (2493 321 4608 ) 
4 159 163 (2493 320 4607 ) (2491 320 4607 ) (2491 321 4607 ) (2493 321 4607 ) 
4 159 160 (2491 321 4607 ) (2491 320 4607 ) (2491 320 4608 ) (2491 321 4608 ) 
4 160 167 (2488 320 4607 ) (2488 320 4608 ) (2488 512 4608 ) (2488 512 4607 ) 
4 160 164 (2491 320 4607 ) (2488 320 4607 ) (2488 512 4607 ) (2491 512 4607 ) 
4 161 178 (2496 448 4480 ) (2496 320 4480 ) (2493 320 4480 ) (2493 448 4480 ) 
4 161 177 (2496 512 4480 ) (2496 448 4480 ) (2493 448 4480 ) (2493 512 4480 ) 
4 161 165 (2495 320 4480 ) (2496 320 4480 ) (2496 320 4607 ) (2495 320 4607 ) 
4 161 163 (2493 320 4480 ) (2493 320 4607 ) (2493 384 4607 ) (2493 384 4480 ) 
4 161 162 (2493 384 4607 ) (2493 512 4607 ) (2493 512 4480 ) (2493 384 4480 ) 
4 162 179 (2491 384 4480 ) (2491 448 4480 ) (2493 448 4480 ) (2493 384 4480 ) 
4 162 177 (2491 448 4480 ) (2491 512 4480 ) (2493 512 4480 ) (2493 448 4480 ) 
4 162 164 (2491 384 4607 ) (2491 512 4607 ) (2491 512 4480 ) (2491 384 4480 ) 
4 162 163 (2491 384 4607 ) (2491 384 4480 ) (2493 384 4480 ) (2493 384 4607 ) 
4 163 179 (2493 320 4480 ) (2491 320 4480 ) (2491 384 4480 ) (2493 384 4480 ) 
4 163 164 (2491 320 4480 ) (2491 320 4607 ) (2491 384 4607 ) (2491 384 4480 ) 
4 164 181 (2491 320 4480 ) (2488 320 4480 ) (2488 448 4480 ) (2491 448 4480 ) 
4 164 177 (2488 448 4480 ) (2488 512 4480 ) (2491 512 4480 ) (2491 448 4480 ) 
4 164 167 (2488 512 4480 ) (2488 320 4480 ) (2488 320 4607 ) (2488 512 4607 ) 
4 165 311 (2496 0 4608 ) (2495 0 4608 ) (2495 0 4480 ) (2496 0 4480 ) 
4 165 195 (2496 256 4480 ) (2496 0 4480 ) (2495 0 4480 ) (2495 256 4480 ) 
4 165 185 (2496 320 4480 ) (2496 304 4480 ) (2495 304 4480 ) (2495 320 4480 ) 
4 165 166 (2495 304 4480 ) (2495 0 4480 ) (2495 0 4608 ) (2495 304 4608 ) 
4 166 311 (2495 0 4608 ) (2488 0 4608 ) (2488 0 4480 ) (2495 0 4480 ) 
4 166 195 (2495 0 4480 ) (2488 0 4480 ) (2488 256 4480 ) (2495 256 4480 ) 
4 166 167 (2488 304 4480 ) (2488 0 4480 ) (2488 0 4608 ) (2488 304 4608 ) 
4 167 311 (2488 0 4608 ) (2480 0 4608 ) (2480 0 4480 ) (2488 0 4480 ) 
4 167 195 (2488 256 4480 ) (2488 0 4480 ) (2480 0 4480 ) (2480 256 4480 ) 
4 167 188 (2488 304 4480 ) (2488 256 4480 ) (2480 256 4480 ) (2480 304 4480 ) 
4 167 186 (2488 320 4480 ) (2488 304 4480 ) (2480 304 4480 ) (2480 320 4480 ) 
4 167 182 (2488 712 4480 ) (2488 320 4480 ) (2480 320 4480 ) (2480 712 4480 ) 
4 167 168 (2480 712 4480 ) (2480 0 4480 ) (2480 0 4608 ) (2480 712 4608 ) 
4 168 311 (2480 0 4608 ) (2432 0 4608 ) (2432 0 4480 ) (2480 0 4480 ) 
4 168 195 (2480 256 4480 ) (2480 0 4480 ) (2432 0 4480 ) (2432 256 4480 ) 
4 168 189 (2480 304 4480 ) (2480 256 4480 ) (2432 256 4480 ) (2432 304 4480 ) 
4 168 187 (2480 320 4480 ) (2480 304 4480 ) (2432 304 4480 ) (2432 320 4480 ) 
4 168 183 (2480 712 4480 ) (2480 320 4480 ) (2432 320 4480 ) (2432 712 4480 ) 
4 168 169 (2432 712 4480 ) (2432 0 4480 ) (2432 0 4608 ) (2432 712 4608 ) 
4 169 312 (2160 0 4608 ) (2080 0 4608 ) (2080 0 4480 ) (2160 0 4480 ) 
4 169 311 (2432 0 4608 ) (2160 0 4608 ) (2160 0 4480 ) (2432 0 4480 ) 
11 169 197 (2080 545.849426 4480 ) (2080 478.151398 4480 ) (2080 469.998810 4488.004883 ) (2080 464 4512 ) (2080 470 4536 ) (2080 488.007629 4553.672363 ) (2080 511.994537 4560.001953 ) (2080 536.004944 4553.665039 ) (2080 554 4536.003906 ) (2080 560 4512 ) (2080 554 4488 ) 
4 169 198 (2080 256 4480 ) (2080 0 4480 ) (2080 0 4608 ) (2080 256 4608 ) 
4 169 195 (2080 0 4480 ) (2080 256 4480 ) (2432 256 4480 ) (2432 0 4480 ) 
4 169 189 (2080 256 4480 ) (2080 304 4480 ) (2432 304 4480 ) (2432 256 4480 ) 
4 169 187 (2080 304 4480 ) (2080 320 4480 ) (2432 320 4480 ) (2432 304 4480 ) 
4 169 184 (2080 320 4480 ) (2080 736 4480 ) (2432 736 4480 ) (2432 320 4480 ) 
4 171 185 (2624 320 4480 ) (2496 320 4480 ) (2496 320 4472 ) (2624 320 4472 ) 
4 171 178 (2496 320 4352 ) (2496 320 4480 ) (2496 448 4480 ) (2496 448 4352 ) 
4 171 173 (2496 640 4480 ) (2496 702 4480 ) (2496 702 4352 ) (2496 640 4352 ) 
4 171 172 (2496 702 4480 ) (2496 704 4480 ) (2496 704 4352 ) (2496 702 4352 ) 
4 171 177 (2496 448 4480 ) (2496 640 4480 ) (2496 640 4352 ) (2496 448 4352 ) 
4 172 182 (2488 702 4480 ) (2488 704 4480 ) (2488 704 4352 ) (2488 702 4352 ) 
4 172 175 (2491 702 4352 ) (2493 702 4352 ) (2493 702 4465 ) (2491 702 4465 ) 
4 172 174 (2493 702 4465 ) (2493 702 4480 ) (2491 702 4480 ) (2491 702 4465 ) 
4 172 173 (2493 702 4352 ) (2496 702 4352 ) (2496 702 4480 ) (2493 702 4480 ) 
4 172 176 (2488 702 4480 ) (2488 702 4352 ) (2491 702 4352 ) (2491 702 4480 ) 
4 173 175 (2493 702 4465 ) (2493 702 4352 ) (2493 640 4352 ) (2493 640 4465 ) 
4 173 174 (2493 702 4480 ) (2493 702 4465 ) (2493 640 4465 ) (2493 640 4480 ) 
4 173 177 (2493 640 4352 ) (2496 640 4352 ) (2496 640 4480 ) (2493 640 4480 ) 
4 174 177 (2493 640 4465 ) (2493 640 4480 ) (2491 640 4480 ) (2491 640 4465 ) 
4 174 176 (2491 702 4480 ) (2491 702 4465 ) (2491 640 4465 ) (2491 640 4480 ) 
4 174 175 (2491 640 4465 ) (2491 702 4465 ) (2493 702 4465 ) (2493 640 4465 ) 
4 175 177 (2491 640 4352 ) (2493 640 4352 ) (2493 640 4465 ) (2491 640 4465 ) 
4 175 176 (2491 702 4465 ) (2491 702 4352 ) (2491 640 4352 ) (2491 640 4465 ) 
4 176 182 (2488 640 4480 ) (2488 702 4480 ) (2488 702 4352 ) (2488 640 4352 ) 
4 176 177 (2488 640 4480 ) (2488 640 4352 ) (2491 640 4352 ) (2491 640 4480 ) 
4 177 182 (2488 448 4480 ) (2488 640 4480 ) (2488 640 4352 ) (2488 448 4352 ) 
4 177 180 (2491 448 4352 ) (2493 448 4352 ) (2493 448 4353.500000 ) (2491 448 4353.500000 ) 
4 177 179 (2493 448 4353.500000 ) (2493 448 4480 ) (2491 448 4480 ) (2491 448 4353.500000 ) 
4 177 178 (2493 448 4352 ) (2496 448 4352 ) (2496 448 4480 ) (2493 448 4480 ) 
4 177 181 (2488 448 4480 ) (2488 448 4352 ) (2491 448 4352 ) (2491 448 4480 ) 
4 178 228 (2496 320 4352 ) (2493 320 4352 ) (2493 448 4352 ) (2496 448 4352 ) 
4 178 185 (2496 320 4480 ) (2493 320 4480 ) (2493 320 4472 ) (2496 320 4472 ) 
4 178 180 (2493 448 4353.500000 ) (2493 448 4352 ) (2493 320 4352 ) (2493 320 4353.500000 ) 
4 178 179 (2493 448 4480 ) (2493 448 4353.500000 ) (2493 320 4353.500000 ) (2493 320 4480 ) 
4 179 185 (2493 320 4480 ) (2492 320 4480 ) (2492 320 4472 ) (2493 320 4472 ) 
4 179 181 (2491 448 4480 ) (2491 448 4353.500000 ) (2491 320 4353.500000 ) (2491 320 4480 ) 
4 179 180 (2491 320 4353.500000 ) (2491 448 4353.500000 ) (2493 448 4353.500000 ) (2493 320 4353.500000 ) 
4 180 228 (2493 320 4352 ) (2491 320 4352 ) (2491 448 4352 ) (2493 448 4352 ) 
4 180 181 (2491 448 4353.500000 ) (2491 448 4352 ) (2491 320 4352 ) (2491 320 4353.500000 ) 
4 181 228 (2491 320 4352 ) (2488 320 4352 ) (2488 448 4352 ) (2491 448 4352 ) 
4 181 182 (2488 320 4352 ) (2488 320 4480 ) (2488 448 4480 ) (2488 448 4352 ) 
4 182 228 (2488 320 4352 ) (2480 320 4352 ) (2480 448 4352 ) (2488 448 4352 ) 
4 182 186 (2488 320 4480 ) (2480 320 4480 ) (2480 320 4352 ) (2488 320 4352 ) 
4 182 183 (2480 320 4352 ) (2480 320 4480 ) (2480 712 4480 ) (2480 712 4352 ) 
4 183 228 (2480 320 4352 ) (2432 320 4352 ) (2432 448 4352 ) (2480 448 4352 ) 
4 183 187 (2480 320 4480 ) (2432 320 4480 ) (2432 320 4352 ) (2480 320 4352 ) 
4 183 184 (2432 320 4352 ) (2432 320 4480 ) (2432 712 4480 ) (2432 712 4352 ) 
4 184 228 (2432 320 4352 ) (2080 320 4352 ) (2080 448 4352 ) (2432 448 4352 ) 
5 184 197 (2080 478.151398 4480 ) (2080 545.849426 4480 ) (2080 535.997253 4470.329102 ) (2080 512.002869 4464 ) (2080 487.998169 4470.332031 ) 
4 184 187 (2432 320 4480 ) (2080 320 4480 ) (2080 320 4352 ) (2432 320 4352 ) 
4 186 237 (2488 304 4352 ) (2480 304 4352 ) (2480 320 4352 ) (2488 320 4352 ) 
4 186 188 (2488 304 4480 ) (2480 304 4480 ) (2480 304 4352 ) (2488 304 4352 ) 
4 186 187 (2480 320 4480 ) (2480 320 4352 ) (2480 304 4352 ) (2480 304 4480 ) 
4 187 237 (2480 304 4352 ) (2080 304 4352 ) (2080 320 4352 ) (2480 320 4352 ) 
4 187 189 (2480 304 4480 ) (2080 304 4480 ) (2080 304 4352 ) (2480 304 4352 ) 
4 188 237 (2488 256 4352 ) (2480 256 4352 ) (2480 304 4352 ) (2488 304 4352 ) 
4 188 195 (2488 256 4480 ) (2480 256 4480 ) (2480 256 4352 ) (2488 256 4352 ) 
4 188 189 (2480 304 4480 ) (2480 304 4352 ) (2480 256 4352 ) (2480 256 4480 ) 
4 189 237 (2480 256 4352 ) (2080 256 4352 ) (2080 304 4352 ) (2480 304 4352 ) 
4 189 195 (2480 256 4480 ) (2080 256 4480 ) (2080 256 4352 ) (2480 256 4352 ) 
4 190 308 (3072 0 4352 ) (3072 0 4480 ) (2760 0 4480 ) (2760 0 4352 ) 
4 190 239 (3072 256 4352 ) (3072 0 4352 ) (2760 0 4352 ) (2760 256 4352 ) 
4 190 193 (2760 192 4352 ) (2760 64 4352 ) (2760 64 4474 ) (2760 192 4474 ) 
4 190 192 (2760 64 4474 ) (2760 64 4480 ) (2760 192 4480 ) (2760 192 4474 ) 
4 190 191 (2760 256 4480 ) (2760 256 4352 ) (2760 192 4352 ) (2760 192 4480 ) 
4 190 194 (2760 64 4352 ) (2760 0 4352 ) (2760 0 4480 ) (2760 64 4480 ) 
4 191 239 (2502 192 4352 ) (2502 256 4352 ) (2760 256 4352 ) (2760 192 4352 ) 
4 191 193 (2502 192 4474 ) (2502 192 4352 ) (2760 192 4352 ) (2760 192 4474 ) 
4 191 192 (2502 192 4480 ) (2502 192 4474 ) (2760 192 4474 ) (2760 192 4480 ) 
4 191 195 (2502 256 4480 ) (2502 256 4352 ) (2502 192 4352 ) (2502 192 4480 ) 
4 192 195 (2502 64 4474 ) (2502 64 4480 ) (2502 192 4480 ) (2502 192 4474 ) 
4 192 194 (2502 64 4480 ) (2502 64 4474 ) (2760 64 4474 ) (2760 64 4480 ) 
4 192 193 (2760 64 4474 ) (2502 64 4474 ) (2502 192 4474 ) (2760 192 4474 ) 
4 193 239 (2502 64 4352 ) (2502 192 4352 ) (2760 192 4352 ) (2760 64 4352 ) 
4 193 195 (2502 192 4352 ) (2502 64 4352 ) (2502 64 4474 ) (2502 192 4474 ) 
4 193 194 (2502 64 4474 ) (2502 64 4352 ) (2760 64 4352 ) (2760 64 4474 ) 
4 194 309 (2608 0 4480 ) (2502 0 4480 ) (2502 0 4352 ) (2608 0 4352 ) 
4 194 308 (2760 0 4480 ) (2608 0 4480 ) (2608 0 4352 ) (2760 0 4352 ) 
4 194 239 (2760 0 4352 ) (2502 0 4352 ) (2502 64 4352 ) (2760 64 4352 ) 
4 194 195 (2502 64 4352 ) (2502 0 4352 ) (2502 0 4480 ) (2502 64 4480 ) 
4 195 312 (2160 0 4480 ) (2080 0 4480 ) (2080 0 4352 ) (2160 0 4352 ) 
4 195 309 (2502 0 4480 ) (2496 0 4480 ) (2496 0 4352 ) (2502 0 4352 ) 
4 195 311 (2496 0 4480 ) (2160 0 4480 ) (2160 0 4352 ) (2496 0 4352 ) 
4 195 239 (2502 0 4352 ) (2080 0 4352 ) (2080 256 4352 ) (2502 256 4352 ) 
4 195 198 (2080 256 4352 ) (2080 0 4352 ) (2080 0 4480 ) (2080 256 4480 ) 
4 196 312 (2064 0 5120 ) (2064 0 4608 ) (2080 0 4608 ) (2080 0 5120 ) 
4 196 200 (2064 256 4608 ) (2064 0 4608 ) (2064 0 5120 ) (2064 256 5120 ) 
4 196 198 (2064 0 4608 ) (2064 256 4608 ) (2080 256 4608 ) (2080 0 4608 ) 
12 197 199 (2064 554 4536.003906 ) (2064 560 4511.998047 ) (2064 554.001526 4488.001953 ) (2064 535.996094 4470.327637 ) (2064 512.005554 4463.998535 ) (2064 488 4470.331543 ) (2064 470 4488.006348 ) (2064 464 4512.002441 ) (2064 470 4536 ) (2064 488.007385 4553.672363 ) (2064 511.994812 4560.001953 ) (2064 536.005005 4553.665039 ) 
4 198 312 (2064 0 4608 ) (2064 0 4352 ) (2080 0 4352 ) (2080 0 4608 ) 
4 198 239 (2080 0 4352 ) (2064 0 4352 ) (2064 256 4352 ) (2080 256 4352 ) 
4 198 201 (2064 256 4352 ) (2064 0 4352 ) (2064 0 4608 ) (2064 256 4608 ) 
4 199 277 (2048 568 4568 ) (2048 568 4456 ) (2048 456 4456 ) (2048 456 4568 ) 
4 200 312 (2048 0 5120 ) (2048 0 4608 ) (2064 0 4608 ) (2064 0 5120 ) 
4 200 282 (2048 0 4608 ) (2048 0 5120 ) (2048 256 5120 ) (2048 256 4608 ) 
4 200 201 (2048 0 4608 ) (2048 256 4608 ) (2064 256 4608 ) (2064 0 4608 ) 
4 201 312 (2048 0 4608 ) (2048 0 4352 ) (2064 0 4352 ) (2064 0 4608 ) 
4 201 282 (2048 0 4352 ) (2048 0 4608 ) (2048 256 4608 ) (2048 256 4352 ) 
4 201 239 (2064 0 4352 ) (2048 0 4352 ) (2048 256 4352 ) (2064 256 4352 ) 
4 202 203 (3003 1024 3584 ) (3003 950 3584 ) (3003 950 4352 ) (3003 1024 4352 ) 
4 202 204 (3003 938 3584 ) (3003 768 3584 ) (3003 768 4352 ) (3003 938 4352 ) 
3 203 219 (2995 960 3584 ) (2995 950 3584 ) (2995 950 3599 ) 
5 203 216 (2995 1024 3756.500000 ) (2995 1024 3584 ) (2995 960 3584 ) (2995 950 3599 ) (2995 950 3756.500244 ) 
4 203 205 (2995 950 4352 ) (2995 1024 4352 ) (2995 1024 3756.500000 ) (2995 950 3756.500244 ) 
4 204 219 (2995 768 3584 ) (2995 768 3872 ) (2995 938 3617 ) (2995 938 3584 ) 
4 204 217 (2995 768 3872 ) (2995 768 4352 ) (2995 896 4352 ) (2995 896 3680 ) 
4 204 216 (2995 938 3756.500000 ) (2995 938 3617 ) (2995 896 3680 ) (2995 896 3756.500000 ) 
4 204 205 (2995 896 4352 ) (2995 938 4352 ) (2995 938 3756.500000 ) (2995 896 3756.500000 ) 
3 205 219 (2880 960 3584 ) (2944 896 3680 ) (2880 896 3680 ) 
5 205 217 (2880 896 3680 ) (2944 896 3680 ) (2995 896 3756.500000 ) (2995 896 4352 ) (2880 896 4352 ) 
5 205 216 (2995 896 3756.503906 ) (2943.996094 896 3680 ) (2880 959.996094 3584.005859 ) (2880 1024 3584.005127 ) (2995 1024 3756.503906 ) 
4 205 207 (2880 1024 3584.001953 ) (2880 980 3584.001953 ) (2880 980 4344 ) (2880 1024 4344 ) 
4 205 206 (2880 980 4344 ) (2880 980 4352 ) (2880 1024 4352 ) (2880 1024 4344 ) 
5 205 208 (2880 980 3584.001953 ) (2880 960 3584.001953 ) (2880 896 3680 ) (2880 896 4352 ) (2880 980 4352 ) 
4 206 208 (2868 980 4352 ) (2868 980 4344 ) (2880 980 4344 ) (2880 980 4352 ) 
4 206 209 (2868 980 4344 ) (2868 980 4352 ) (2868 1024 4352 ) (2868 1024 4344 ) 
4 206 207 (2880 980 4344 ) (2868 980 4344 ) (2868 1024 4344 ) (2880 1024 4344 ) 
4 207 208 (2868 980 4344 ) (2868 980 3566.003906 ) (2880 980 3584 ) (2880 980 4344 ) 
4 207 209 (2868 1024 3566.001953 ) (2868 980 3566.001953 ) (2868 980 4344 ) (2868 1024 4344 ) 
4 208 219 (2880 960 3584 ) (2880 896 3680 ) (2868 896 3680 ) (2868 960 3584 ) 
4 208 217 (2868 896 3680 ) (2880 896 3680 ) (2880 896 4352 ) (2868 896 4352 ) 
5 208 209 (2868 980 3566.001953 ) (2868 971.996094 3566.001953 ) (2868 896 3680 ) (2868 896 4352 ) (2868 980 4352 ) 
4 209 219 (2868 960 3584 ) (2868 896 3680 ) (2864 896 3680 ) (2864 960 3584 ) 
4 209 217 (2864 896 3680 ) (2868 896 3680 ) (2868 896 4352 ) (2864 896 4352 ) 
4 209 213 (2864 992 3560.001953 ) (2864 984 3560.001953 ) (2864 984 4351.948730 ) (2864 992 4071.878418 ) 
4 209 212 (2864 984 4351.948730 ) (2864 984 4352 ) (2864 992 4352 ) (2864 992 4071.878418 ) 
5 209 214 (2864 984 3560.001953 ) (2864 975.996094 3560.001953 ) (2864 896 3680 ) (2864 896 4352 ) (2864 984 4352 ) 
4 209 210 (2864 1024 3560.001953 ) (2864 992 3560.001953 ) (2864 992 4352 ) (2864 1024 4352 ) 
4 210 274 (2048 992 4352 ) (2048 1024 4352 ) (2048 1024 3511.384521 ) (2048 992 3536 ) 
5 210 213 (2152 992 3536 ) (2848 992 3536 ) (2864 992 3560 ) (2864 992 4071.879395 ) (2152 992 4071.879883 ) 
4 210 212 (2864 992 4071.879395 ) (2864 992 4352 ) (2152 992 4352 ) (2152 992 4071.879883 ) 
4 210 215 (2048 992 3536 ) (2152 992 3536 ) (2152 992 4352 ) (2048 992 4352 ) 
4 210 211 (2848 992 3536 ) (2048 992 3536 ) (2048 1024 3511.384033 ) (2831.589355 1024 3511.384033 ) 
3 211 275 (2048 1024 3511.384521 ) (2048 1024 3488 ) (2048 992 3536 ) 
4 212 215 (2152 992 4352 ) (2152 992 4071.879883 ) (2152 984 4351.948730 ) (2152 984 4352 ) 
4 212 213 (2864 984 4351.951172 ) (2152 984 4351.951172 ) (2152 992 4071.880859 ) (2864 992 4071.880859 ) 
5 213 214 (2152 984 4352 ) (2152 984 3547.996094 ) (2856 984 3548 ) (2864 984 3560 ) (2864 984 4352 ) 
4 213 215 (2152 992 4071.879883 ) (2152 992 3536 ) (2152 984 3548 ) (2152 984 4351.948730 ) 
4 214 220 (2432 896 3680 ) (2176 896 3680 ) (2176 960 3584 ) (2432 960 3584 ) 
4 214 219 (2864 960 3584 ) (2864 896 3680 ) (2432 896 3680 ) (2432 960 3584 ) 
4 214 221 (2176 896 3680 ) (2152 896 3680 ) (2152 960 3584 ) (2176 960 3584 ) 
4 214 218 (2152 896 3680 ) (2176 896 3680 ) (2176 896 4352 ) (2152 896 4352 ) 
4 214 217 (2432 896 3680 ) (2864 896 3680 ) (2864 896 4352 ) (2432 896 4352 ) 
4 214 215 (2152 984 3548 ) (2152 896 3680 ) (2152 896 4352 ) (2152 984 4352 ) 
4 215 274 (2048 896 4352 ) (2048 992 4352 ) (2048 992 3536 ) (2048 896 3680 ) 
4 215 221 (2152 896 3680 ) (2048 896 3680 ) (2048 960 3584 ) (2152 960 3584 ) 
4 215 218 (2048 896 3680 ) (2152 896 3680 ) (2152 896 4352 ) (2048 896 4352 ) 
4 216 219 (2995 960 3584 ) (2995 896 3680 ) (2944 896 3680 ) (2880 960 3584 ) 
3 216 217 (2944 896 3680 ) (2995 896 3680 ) (2995 896 3756.500000 ) 
4 217 222 (2624 768 4352 ) (2496 768 4352 ) (2496 768 4348 ) (2624 768 4348 ) 
4 217 219 (2995 896 3680 ) (2995 768 3872 ) (2432 768 3872 ) (2432 896 3680 ) 
4 218 274 (2048 768 3872 ) (2048 768 4352 ) (2048 896 4352 ) (2048 896 3680 ) 
4 218 225 (2048 768 3968 ) (2048 768 3872 ) (2176 768 3872 ) (2176 768 3968 ) 
4 218 221 (2176 768 3872 ) (2048 768 3872 ) (2048 896 3680 ) (2176 896 3680 ) 
3 219 220 (2432 896 3679.994873 ) (2432 959.996094 3584 ) (2432 896 3584 ) 
3 220 221 (2176 896 3679.994873 ) (2176 959.996094 3584 ) (2176 896 3584 ) 
3 221 276 (2048 768 3584 ) (2048 768 3872 ) (2048 960 3584 ) 
4 221 225 (2048 768 3872 ) (2048 768 3648 ) (2176 768 3648 ) (2176 768 3872 ) 
4 222 223 (2496 760 4352 ) (2496 760 4348 ) (2624 760 4348 ) (2624 760 4352 ) 
4 223 224 (2496 759 4352 ) (2496 759 4348 ) (2624 759 4348 ) (2624 759 4352 ) 
4 225 227 (2048 640 3784 ) (2048 640 3648 ) (2176 640 3648 ) (2176 640 3784 ) 
4 225 226 (2048 640 3968 ) (2048 640 3904 ) (2112 640 3904 ) (2112 640 3968 ) 
4 226 229 (2112 624 3968 ) (2048 624 3968 ) (2048 624 3904 ) (2112 624 3904 ) 
4 227 278 (2048 624 3640 ) (2048 624 3784 ) (2048 640 3784 ) (2048 640 3640 ) 
4 227 231 (2048 624 3776 ) (2048 624 3648 ) (2176 624 3648 ) (2176 624 3776 ) 
4 228 237 (2496 320 4352 ) (2080 320 4352 ) (2080 320 4096 ) (2496 320 4096 ) 
4 230 233 (2112 336 3968 ) (2048 336 3968 ) (2048 336 3904 ) (2112 336 3904 ) 
4 231 232 (2048 616 3648 ) (2176 616 3648 ) (2176 616 3776 ) (2048 616 3776 ) 
4 232 234 (2048 336 3776 ) (2048 336 3648 ) (2176 336 3648 ) (2176 336 3776 ) 
4 233 238 (2048 320 3968 ) (2048 320 3904 ) (2112 320 3904 ) (2112 320 3968 ) 
4 234 279 (2048 329 3784 ) (2048 336 3784 ) (2048 336 3640 ) (2048 329 3640 ) 
4 234 235 (2048 329 3640 ) (2184 329 3640 ) (2184 329 3784 ) (2048 329 3784 ) 
4 235 280 (2048 327 3784 ) (2048 329 3784 ) (2048 329 3640 ) (2048 327 3640 ) 
4 235 236 (2048 327 3640 ) (2184 327 3640 ) (2184 327 3784 ) (2048 327 3784 ) 
4 236 281 (2048 320 3640 ) (2048 320 3784 ) (2048 327 3784 ) (2048 327 3640 ) 
4 236 238 (2048 320 3784 ) (2048 320 3648 ) (2176 320 3648 ) (2176 320 3784 ) 
4 237 239 (2496 256 4352 ) (2080 256 4352 ) (2080 256 4096 ) (2496 256 4096 ) 
4 238 239 (2048 256 3968 ) (2048 256 3648 ) (2176 256 3648 ) (2176 256 3968 ) 
4 239 312 (2160 0 4352 ) (2048 0 4352 ) (2048 0 2048 ) (2160 0 2048 ) 
4 239 309 (2608 0 4352 ) (2496 0 4352 ) (2496 0 2048 ) (2608 0 2048 ) 
4 239 308 (3072 0 2048 ) (3072 0 4352 ) (2608 0 4352 ) (2608 0 2048 ) 
4 239 311 (2496 0 4352 ) (2160 0 4352 ) (2160 0 2048 ) (2496 0 2048 ) 
4 239 282 (2048 0 2048 ) (2048 0 4352 ) (2048 256 4352 ) (2048 256 2048 ) 
4 240 318 (3072 0 672.278992 ) (3072 0 1024 ) (2202.760254 0 1024 ) (2202.760254 0 672.278992 ) 
4 240 244 (2202.760254 256 672.278992 ) (3072 256 672.278992 ) (3072 0 672.278992 ) (2202.760254 0 672.278992 ) 
4 240 242 (2202.760254 208 688.278992 ) (2202.760254 208 1024 ) (2202.760254 240 1024 ) (2202.760254 240 688.278992 ) 
4 240 241 (2202.760254 256 672.278992 ) (2202.760254 240 672.278992 ) (2202.760254 240 1024 ) (2202.760254 256 1024 ) 
4 240 243 (2202.760254 208 672.278992 ) (2202.760254 0 672.278992 ) (2202.760254 0 1024 ) (2202.760254 208 1024 ) 
4 241 283 (2048 240 1024 ) (2048 256 1024 ) (2048 256 672.278992 ) (2048 240 672.278992 ) 
4 241 249 (2048 256 672.278992 ) (2058.760254 256 672.278992 ) (2058.760254 240 672.278992 ) (2048 240 672.278992 ) 
4 241 245 (2186.760254 256 672.278992 ) (2202.760254 256 672.278992 ) (2202.760254 240 672.278992 ) (2186.760254 240 672.278992 ) 
4 241 242 (2202.760254 240 688.278992 ) (2202.760254 240 1024 ) (2048 240 1024 ) (2048 240 688.278992 ) 
4 242 284 (2048 208 1024 ) (2048 240 1024 ) (2048 240 688.278992 ) (2048 208 688.278992 ) 
4 242 243 (2202.760254 208 688.278992 ) (2202.760254 208 1024 ) (2048 208 1024 ) (2048 208 688.278992 ) 
4 243 318 (2202.760254 0 1024 ) (2048 0 1024 ) (2048 0 672.278992 ) (2202.760254 0 672.278992 ) 
4 243 285 (2048 0 672.278992 ) (2048 0 1024 ) (2048 208 1024 ) (2048 208 672.278992 ) 
4 243 250 (2058.760254 0 672.278992 ) (2048 0 672.278992 ) (2048 208 672.278992 ) (2058.760254 208 672.278992 ) 
4 243 248 (2186.760254 0 672.278992 ) (2058.760254 0 672.278992 ) (2058.760254 192 672.278992 ) (2186.760254 192 672.278992 ) 
4 243 246 (2202.760254 208 672.278992 ) (2202.760254 0 672.278992 ) (2186.760254 0 672.278992 ) (2186.760254 208 672.278992 ) 
4 244 318 (3072 0 544.278992 ) (3072 0 672.278992 ) (2202.760254 0 672.278992 ) (2202.760254 0 544.278992 ) 
4 244 251 (3072 0 544.278992 ) (2202.760254 0 544.278992 ) (2202.760254 256 544.278992 ) (3072 256 544.278992 ) 
4 244 245 (2202.760254 256 544.278992 ) (2202.760254 240 544.278992 ) (2202.760254 240 672.278992 ) (2202.760254 256 672.278992 ) 
4 244 246 (2202.760254 208 544.278992 ) (2202.760254 0 544.278992 ) (2202.760254 0 672.278992 ) (2202.760254 208 672.278992 ) 
4 245 252 (2186.760254 240 544.278992 ) (2186.760254 256 544.278992 ) (2202.760254 256 544.278992 ) (2202.760254 240 544.278992 ) 
4 246 318 (2202.760254 0 672.278992 ) (2186.760254 0 672.278992 ) (2186.760254 0 544.278992 ) (2202.760254 0 544.278992 ) 
4 246 254 (2202.760254 0 544.278992 ) (2186.760254 0 544.278992 ) (2186.760254 208 544.278992 ) (2202.760254 208 544.278992 ) 
4 246 248 (2186.760254 192 544.278992 ) (2186.760254 0 544.278992 ) (2186.760254 0 672.278992 ) (2186.760254 192 672.278992 ) 
4 248 318 (2186.760254 0 672.278992 ) (2058.760254 0 672.278992 ) (2058.760254 0 544.278992 ) (2186.760254 0 544.278992 ) 
4 248 254 (2186.760254 0 544.278992 ) (2058.760254 0 544.278992 ) (2058.760254 192 544.278992 ) (2186.760254 192 544.278992 ) 
4 248 250 (2058.760254 192 544.278992 ) (2058.760254 0 544.278992 ) (2058.760254 0 672.278992 ) (2058.760254 192 672.278992 ) 
4 249 287 (2048 240 672.278992 ) (2048 256 672.278992 ) (2048 256 544.278992 ) (2048 240 544.278992 ) 
4 249 252 (2048 240 544.278992 ) (2048 256 544.278992 ) (2058.760254 256 544.278992 ) (2058.760254 240 544.278992 ) 
4 250 318 (2058.760254 0 672.278992 ) (2048 0 672.278992 ) (2048 0 544.278992 ) (2058.760254 0 544.278992 ) 
4 250 288 (2048 0 544.278992 ) (2048 0 672.278992 ) (2048 208 672.278992 ) (2048 208 544.278992 ) 
4 250 254 (2058.760254 0 544.278992 ) (2048 0 544.278992 ) (2048 208 544.278992 ) (2058.760254 208 544.278992 ) 
4 251 318 (3072 0 -1024 ) (3072 0 544.278992 ) (2202.760254 0 544.278992 ) (2202.760254 0 -1024 ) 
4 251 253 (2202.760254 240 -1024 ) (2202.760254 208 -1024 ) (2202.760254 208 528.278992 ) (2202.760254 240 528.278992 ) 
4 251 252 (2202.760254 256 -1024 ) (2202.760254 240 -1024 ) (2202.760254 240 544.278992 ) (2202.760254 256 544.278992 ) 
4 251 254 (2202.760254 208 -1024 ) (2202.760254 0 -1024 ) (2202.760254 0 544.278992 ) (2202.760254 208 544.278992 ) 
4 252 293 (2048 256 528.278992 ) (2048 256 -1024 ) (2048 240 -1024 ) (2048 240 528.278992 ) 
4 252 290 (2048 240 544.278992 ) (2048 256 544.278992 ) (2048 256 528.278992 ) (2048 240 528.278992 ) 
4 252 253 (2048 240 -1024 ) (2202.760254 240 -1024 ) (2202.760254 240 528.278992 ) (2048 240 528.278992 ) 
4 253 293 (2048 240 528.278992 ) (2048 240 -1024 ) (2048 208 -1024 ) (2048 208 528.278992 ) 
4 253 254 (2048 208 -1024 ) (2202.760254 208 -1024 ) (2202.760254 208 528.278992 ) (2048 208 528.278992 ) 
4 254 318 (2202.760254 0 544.278992 ) (2048 0 544.278992 ) (2048 0 -1024 ) (2202.760254 0 -1024 ) 
4 254 293 (2048 0 -1024 ) (2048 0 528.278992 ) (2048 208 528.278992 ) (2048 208 -1024 ) 
4 254 291 (2048 0 528.278992 ) (2048 0 544.278992 ) (2048 208 544.278992 ) (2048 208 528.278992 ) 
4 255 258 (1968 1488 4736 ) (1920 1488 4736 ) (1920 1488 3712 ) (1968 1488 3712 ) 
4 255 256 (2048 1488 3712 ) (2048 1488 4736 ) (2032 1488 4736 ) (2032 1488 3712 ) 
4 256 260 (2048 1424 3712 ) (2048 1424 4736 ) (2032 1424 4736 ) (2032 1424 3712 ) 
4 256 257 (2048 1424 3712 ) (2032 1424 3712 ) (2032 1472 3712 ) (2048 1472 3712 ) 
4 257 260 (2048 1424 3664 ) (2048 1424 3712 ) (2032 1424 3712 ) (2032 1424 3664 ) 
4 258 260 (1968 1424 3712 ) (1968 1424 4736 ) (1920 1424 4736 ) (1920 1424 3712 ) 
4 258 259 (1968 1472 3712 ) (1968 1424 3712 ) (1920 1424 3712 ) (1920 1472 3712 ) 
4 259 260 (1968 1424 3664 ) (1968 1424 3712 ) (1920 1424 3712 ) (1920 1424 3664 ) 
5 260 274 (2048 1024 3511.384521 ) (2048 1024 4736 ) (1920 1024 4736 ) (1920 1024 3584 ) (1968.410278 1024 3511.384521 ) 
4 260 272 (1920 1344 4736 ) (1920 1408 4736 ) (1920 1408 4352 ) (1920 1344 4352 ) 
4 260 273 (1920 1152 4736 ) (1920 1216 4736 ) (1920 1216 4352 ) (1920 1152 4352 ) 
4 260 269 (1984 1054.399902 3488 ) (1984 1096 3488 ) (2048 1096 3488 ) (2048 1054.399902 3488 ) 
4 260 268 (1984 1096 3488 ) (1984 1208 3488 ) (2048 1208 3488 ) (2048 1096 3488 ) 
4 260 266 (1984 1208 3488 ) (1984 1248 3488 ) (2048 1248 3488 ) (2048 1208 3488 ) 
4 260 264 (2048 1248 3488 ) (1984 1248 3488 ) (1962.666626 1280 3520 ) (2048 1280 3520 ) 
4 260 262 (1962.666626 1280 3520 ) (1920 1344 3584 ) (2048 1344 3584 ) (2048 1280 3520 ) 
4 260 261 (1968.407104 1024 3511.386475 ) (1983.998047 1054.402344 3488 ) (2048 1054.402344 3488 ) (2048 1024 3511.386475 ) 
4 261 275 (2048 1024 3488 ) (2048 1024 3511.384521 ) (1968.410278 1024 3511.384521 ) (1984 1024 3488 ) 
4 261 270 (2048 1024 3488 ) (1984 1024 3488 ) (1984 1054.399902 3488 ) (2048 1054.399902 3488 ) 
4 262 264 (2048 1280 3511.384521 ) (2048 1280 3520 ) (1962.666870 1280 3520 ) (1968.410522 1280 3511.384521 ) 
4 262 263 (2048 1280 3511.382813 ) (1968.408203 1280 3511.382813 ) (1952 1311.996094 3535.994141 ) (2048 1311.996094 3535.994141 ) 
4 263 265 (1984 1280 3488 ) (2048 1280 3488 ) (2048 1280 3511.384521 ) (1968.410522 1280 3511.384521 ) 
4 264 266 (2048 1249.599976 3488 ) (2048 1248 3488 ) (1984 1248 3488 ) (1984 1249.599976 3488 ) 
4 264 265 (2048 1249.601074 3488 ) (1984.001221 1249.601074 3488 ) (1968.412109 1280 3511.382813 ) (2048 1280 3511.382813 ) 
4 265 267 (1984 1280 3488 ) (2048 1280 3488 ) (2048 1249.599976 3488 ) (1984 1249.599976 3488 ) 
4 266 268 (2048 1208 3456 ) (2048 1208 3488 ) (1920 1208 3488 ) (1920 1208 3456 ) 
4 266 267 (2048 1208 3456 ) (1920 1208 3456 ) (1920 1249.600708 3488 ) (2048 1249.600708 3488 ) 
4 267 271 (1984 1280 3328 ) (2048 1280 3328 ) (2048 1208 3328 ) (1984 1208 3328 ) 
4 267 268 (1920 1208 3328 ) (2048 1208 3328 ) (2048 1208 3456 ) (1920 1208 3456 ) 
4 268 271 (1984 1208 3328 ) (2048 1208 3328 ) (2048 1096 3328 ) (1984 1096 3328 ) 
4 268 270 (1920 1096 3328 ) (2048 1096 3328 ) (2048 1096 3456 ) (1920 1096 3456 ) 
4 268 269 (2048 1096 3456 ) (2048 1096 3488 ) (1920 1096 3488 ) (1920 1096 3456 ) 
4 269 270 (2048 1054.399292 3488 ) (1920 1054.399292 3488 ) (1920 1096 3456 ) (2048 1096 3456 ) 
4 270 271 (1984 1096 3328 ) (2048 1096 3328 ) (2048 1024 3328 ) (1984 1024 3328 ) 
4 274 276 (2048 960.001343 3584 ) (2048 768 3872.001953 ) (1920 768 3872.001953 ) (1920 960.001465 3584 ) 
4 274 275 (2048 992.002258 3535.996582 ) (1952.006104 992.002258 3535.996582 ) (1968.415161 1024 3511.382813 ) (2048 1024 3511.382813 ) 
4 277 294 (1920 568 4568 ) (1920 568 4456 ) (1920 456 4456 ) (1920 456 4568 ) 
4 279 280 (2040 329 3640 ) (2048 329 3640 ) (2048 329 3784 ) (2040 329 3784 ) 
4 280 281 (2040 327 3640 ) (2048 327 3640 ) (2048 327 3784 ) (2040 327 3784 ) 
4 282 368 (1960 0 5120 ) (1920 0 5120 ) (1920 0 2048 ) (1960 0 2048 ) 
4 282 362 (2048 0 2048 ) (2048 0 5120 ) (1984 0 5120 ) (1984 0 2048 ) 
4 282 367 (1984 0 5120 ) (1960 0 5120 ) (1960 0 2048 ) (1984 0 2048 ) 
4 283 287 (2042.760132 256 672.278992 ) (2048 256 672.278992 ) (2048 240 672.278992 ) (2042.760132 240 672.278992 ) 
4 283 284 (2042.760132 240 1024 ) (2042.760132 240 688.278992 ) (2048 240 688.278992 ) (2048 240 1024 ) 
4 283 286 (2042.760132 256 672.278992 ) (2042.760132 240 672.278992 ) (2042.760132 240 1024 ) (2042.760132 256 1024 ) 
4 284 286 (2042.760132 208 688.278992 ) (2042.760132 208 1024 ) (2042.760132 240 1024 ) (2042.760132 240 688.278992 ) 
4 284 285 (2042.760132 208 1024 ) (2042.760132 208 688.278992 ) (2048 208 688.278992 ) (2048 208 1024 ) 
4 285 374 (2048 0 672.278992 ) (2048 0 1024 ) (2042.760132 0 1024 ) (2042.760132 0 672.278992 ) 
4 285 288 (2048 208 672.278992 ) (2048 0 672.278992 ) (2042.760132 0 672.278992 ) (2042.760132 208 672.278992 ) 
4 285 286 (2042.760132 208 672.278992 ) (2042.760132 0 672.278992 ) (2042.760132 0 1024 ) (2042.760132 208 1024 ) 
4 286 374 (2042.760132 0 1024 ) (1920 0 1024 ) (1920 0 672.278992 ) (2042.760132 0 672.278992 ) 
4 286 289 (1920 0 672.278992 ) (1920 256 672.278992 ) (2042.760132 256 672.278992 ) (2042.760132 0 672.278992 ) 
4 287 290 (2042.760132 240 544.278992 ) (2042.760132 256 544.278992 ) (2048 256 544.278992 ) (2048 240 544.278992 ) 
4 287 289 (2042.760132 256 544.278992 ) (2042.760132 240 544.278992 ) (2042.760132 240 672.278992 ) (2042.760132 256 672.278992 ) 
4 288 374 (2048 0 544.278992 ) (2048 0 672.278992 ) (2042.760132 0 672.278992 ) (2042.760132 0 544.278992 ) 
4 288 291 (2048 0 544.278992 ) (2042.760132 0 544.278992 ) (2042.760132 208 544.278992 ) (2048 208 544.278992 ) 
4 288 289 (2042.760132 208 544.278992 ) (2042.760132 0 544.278992 ) (2042.760132 0 672.278992 ) (2042.760132 208 672.278992 ) 
4 289 374 (2042.760132 0 672.278992 ) (1920 0 672.278992 ) (1920 0 544.278992 ) (2042.760132 0 544.278992 ) 
4 289 292 (2042.760132 0 544.278992 ) (1920 0 544.278992 ) (1920 256 544.278992 ) (2042.760132 256 544.278992 ) 
4 290 293 (2042.760132 256 528.278992 ) (2048 256 528.278992 ) (2048 240 528.278992 ) (2042.760132 240 528.278992 ) 
4 290 292 (2042.760132 256 528.278992 ) (2042.760132 240 528.278992 ) (2042.760132 240 544.278992 ) (2042.760132 256 544.278992 ) 
4 291 374 (2048 0 528.278992 ) (2048 0 544.278992 ) (2042.760132 0 544.278992 ) (2042.760132 0 528.278992 ) 
4 291 293 (2048 208 528.278992 ) (2048 0 528.278992 ) (2042.760132 0 528.278992 ) (2042.760132 208 528.278992 ) 
4 291 292 (2042.760132 208 528.278992 ) (2042.760132 0 528.278992 ) (2042.760132 0 544.278992 ) (2042.760132 208 544.278992 ) 
4 292 374 (2042.760132 0 544.278992 ) (1920 0 544.278992 ) (1920 0 528.278992 ) (2042.760132 0 528.278992 ) 
4 292 293 (1920 0 528.278992 ) (1920 256 528.278992 ) (2042.760132 256 528.278992 ) (2042.760132 0 528.278992 ) 
4 293 374 (2048 0 -1024 ) (2048 0 528.278992 ) (1920 0 528.278992 ) (1920 0 -1024 ) 
4 294 296 (1024 568 4568 ) (1024 568 4456 ) (1024 456 4456 ) (1024 456 4568 ) 
4 295 297 (788 1024 569 ) (788 1024 697 ) (468 1024 697 ) (468 1024 569 ) 
4 299 300 (3312 0 5056 ) (3312 0 4864 ) (3312 -128 4864 ) (3312 -128 5056 ) 
4 300 301 (3280 0 5056 ) (3280 0 4864 ) (3280 -128 4864 ) (3280 -128 5056 ) 
4 301 327 (3280 -1024 2048 ) (3280 -1024 3456 ) (3072 -1024 3456 ) (3072 -1024 2048 ) 
4 301 324 (3280 -1024 3456 ) (3280 -1024 4864 ) (3072 -1024 4864 ) (3072 -1024 3456 ) 
4 301 308 (3072 0 5120 ) (3072 0 2048 ) (3072 -1024 2048 ) (3072 -1024 5120 ) 
4 302 328 (3280 -1024 -1024 ) (3280 -1024 1024 ) (3072 -1024 1024 ) (3072 -1024 -1024 ) 
4 302 318 (3072 0 1024 ) (3072 0 -1024 ) (3072 -1024 -1024 ) (3072 -1024 1024 ) 
4 303 308 (2704 -513 5120 ) (2704 -640 5120 ) (2640 -640 5120 ) (2640 -513 5120 ) 
4 303 304 (2640 -513 5120 ) (2640 -640 5120 ) (2640 -640 5126 ) (2640 -513 5126 ) 
4 304 309 (2608 -640 5120 ) (2496 -640 5120 ) (2496 -192 5120 ) (2608 -192 5120 ) 
4 304 308 (2640 -192 5120 ) (2640 -640 5120 ) (2608 -640 5120 ) (2608 -192 5120 ) 
4 304 311 (2496 -640 5120 ) (2448 -640 5120 ) (2448 -192 5120 ) (2496 -192 5120 ) 
4 304 305 (2448 -192 5120 ) (2448 -640 5120 ) (2448 -640 5126 ) (2448 -192 5126 ) 
4 305 311 (2448 -64 5120 ) (2448 -640 5120 ) (2384 -640 5120 ) (2384 -64 5120 ) 
4 305 306 (2384 -64 5120 ) (2384 -576 5120 ) (2384 -576 5126 ) (2384 -64 5126 ) 
4 306 311 (2256 0 5120 ) (2384 0 5120 ) (2384 -576 5120 ) (2256 -576 5120 ) 
4 306 307 (2256 -128 5120 ) (2256 -320 5120 ) (2256 -320 5126 ) (2256 -128 5126 ) 
4 307 311 (2192 -320 5120 ) (2192 -128 5120 ) (2256 -128 5120 ) (2256 -320 5120 ) 
4 308 342 (2704 -1024 5120 ) (2608 -1024 5120 ) (2608 -1024 2048 ) (2704 -1024 2048 ) 
4 308 333 (3072 -1024 2048 ) (3072 -1024 4864 ) (2976 -1024 4864 ) (2976 -1024 2048 ) 
4 308 336 (2976 -1024 4864 ) (2704 -1024 4864 ) (2704 -1024 2048 ) (2976 -1024 2048 ) 
4 308 330 (2944 -1024 5120 ) (2704 -1024 5120 ) (2704 -1024 4864 ) (2944 -1024 4864 ) 
13 308 317 (2658.992188 -883.001038 2048 ) (2608 -889.696960 2048 ) (2608 -134.303040 2048 ) (2658.985840 -140.998154 2048 ) (2752.010986 -179.008469 2048 ) (2832.004150 -240.003296 2048 ) (2893 -319.995636 2048 ) (2931 -413 2048 ) (2944 -512 2048 ) (2931 -611 2048 ) (2892.996338 -704.008911 2048 ) (2832 -784.004211 2048 ) (2752.012207 -844.994934 2048 ) 
5 308 310 (2608 -928 2048 ) (2608 -1024 2048 ) (2608 -1024 4880 ) (2608 -992 4944 ) (2608 -928 5008 ) 
4 308 309 (2608 0 2048 ) (2608 -928 2048 ) (2608 -928 5120 ) (2608 0 5120 ) 
6 309 317 (2608 -134.303055 2048 ) (2608 -889.696960 2048 ) (2560 -896 2048 ) (2496 -887.595886 2048 ) (2496 -136.404053 2048 ) (2560 -128 2048 ) 
4 309 310 (2496 -928 5008 ) (2496 -928 2048 ) (2608 -928 2048 ) (2608 -928 5008 ) 
4 309 311 (2496 0 2048 ) (2496 -928 2048 ) (2496 -928 5120 ) (2496 0 5120 ) 
4 310 343 (2496 -1024 4880 ) (2496 -1024 2048 ) (2608 -1024 2048 ) (2608 -1024 4880 ) 
5 310 311 (2496 -928 2048 ) (2496 -1024 2048 ) (2496 -1024 4880 ) (2496 -992 4944 ) (2496 -928 5008 ) 
4 311 349 (2160 -1024 4800 ) (2160 -1024 2048 ) (2496 -1024 2048 ) (2496 -1024 4800 ) 
4 311 348 (2176 -1024 4800 ) (2496 -1024 4800 ) (2496 -1024 4864 ) (2176 -1024 4864 ) 
4 311 344 (2496 -1024 5120 ) (2176 -1024 5120 ) (2176 -1024 4864 ) (2496 -1024 4864 ) 
13 311 317 (2496 -136.404068 2048 ) (2496 -887.595886 2048 ) (2461.003418 -883 2048 ) (2367.994385 -844.995789 2048 ) (2288.017090 -784.012939 2048 ) (2227.002686 -703.998291 2048 ) (2188.998291 -610.987610 2048 ) (2176 -512 2048 ) (2189 -413 2048 ) (2226.992676 -320.017639 2048 ) (2288.007324 -239.994537 2048 ) (2368.006104 -178.995453 2048 ) (2460.985352 -141.001953 2048 ) 
4 311 315 (2160 -642 2048 ) (2160 -946 2048 ) (2160 -946 4992.310059 ) (2160 -642 4992.310059 ) 
4 311 314 (2160 -577 2048 ) (2160 -642 2048 ) (2160 -642 5120 ) (2160 -577 5120 ) 
4 311 316 (2160 -946 2048 ) (2160 -1024 2048 ) (2160 -1024 5120 ) (2160 -946 5120 ) 
4 311 313 (2160 -187 2048 ) (2160 -577 2048 ) (2160 -577 4992.479980 ) (2160 -187 4992.479980 ) 
4 311 312 (2160 0 2048 ) (2160 -187 2048 ) (2160 -187 5120 ) (2160 0 5120 ) 
4 312 362 (2048 0 5120 ) (2048 0 2048 ) (2048 -187 2048 ) (2048 -187 5120 ) 
4 312 313 (2048 -187 2048 ) (2160 -187 2048 ) (2160 -187 4992.479980 ) (2048 -187 4992.479980 ) 
4 313 363 (2048 -187 2048 ) (2048 -577 2048 ) (2048 -577 4992.479980 ) (2048 -187 4992.479980 ) 
4 313 314 (2048 -577 2048 ) (2160 -577 2048 ) (2160 -577 4992.479980 ) (2048 -577 4992.479980 ) 
4 314 364 (2048 -577 2048 ) (2048 -642 2048 ) (2048 -642 5120 ) (2048 -577 5120 ) 
4 314 315 (2048 -642 2048 ) (2160 -642 2048 ) (2160 -642 4992.310059 ) (2048 -642 4992.310059 ) 
4 315 365 (2048 -642 2048 ) (2048 -946 2048 ) (2048 -946 4992.310059 ) (2048 -642 4992.310059 ) 
4 315 316 (2048 -946 2048 ) (2160 -946 2048 ) (2160 -946 4992.310059 ) (2048 -946 4992.310059 ) 
4 316 366 (2048 -946 2048 ) (2048 -1024 2048 ) (2048 -1024 5120 ) (2048 -946 5120 ) 
4 316 350 (2048 -1024 4800 ) (2048 -1024 2048 ) (2112 -1024 2048 ) (2112 -1024 4800 ) 
4 316 349 (2112 -1024 2048 ) (2160 -1024 2048 ) (2160 -1024 4800 ) (2112 -1024 4800 ) 
4 316 346 (2128 -1024 5120 ) (2048 -1024 5120 ) (2048 -1024 4928 ) (2128 -1024 4928 ) 
24 317 318 (2189 -413 1024 ) (2227 -320 1024 ) (2287.992676 -240.005585 1024 ) (2367.994385 -179.004211 1024 ) (2461 -141 1024 ) (2560 -128 1024 ) (2659 -141 1024 ) (2752 -179 1024 ) (2831.996582 -239.997467 1024 ) (2893.003174 -320.004059 1024 ) (2931 -413 1024 ) (2944 -512 1024 ) (2931 -611 1024 ) (2893.003662 -703.991211 1024 ) (2831.992920 -784.005310 1024 ) (2752 -845 1024 ) (2658.991943 -883.001160 1024 ) (2560 -896 1024 ) (2460.996338 -883 1024 ) (2368 -845 1024 ) (2288.002441 -784.001892 1024 ) (2227.002686 -704.006226 1024 ) (2189 -611 1024 ) (2176 -512.001343 1024 ) 
4 318 374 (2048 0 1024 ) (2048 0 -1024 ) (2048 -1024 -1024 ) (2048 -1024 1024 ) 
4 318 351 (3072 -1024 -1024 ) (3072 -1024 1024 ) (2048 -1024 1024 ) (2048 -1024 -1024 ) 
4 319 320 (3904 -1792 3392 ) (3904 -1792 3528 ) (3904 -1664 3528 ) (3904 -1664 3392 ) 
4 320 321 (3648 -1664 3528 ) (3648 -1664 3392 ) (3648 -1792 3392 ) (3648 -1792 3528 ) 
4 321 322 (3632 -1792 3528 ) (3632 -1664 3528 ) (3632 -1664 3392 ) (3632 -1792 3392 ) 
4 322 323 (3424 -1792 3712 ) (3424 -1664 3712 ) (3424 -1664 3392 ) (3424 -1792 3392 ) 
4 323 329 (3280 -1792 3712 ) (3280 -1664 3712 ) (3280 -1664 3328 ) (3280 -1792 3328 ) 
4 324 333 (3072 -1024 4864 ) (3072 -1024 3456 ) (3072 -1088 3456 ) (3072 -1088 4864 ) 
4 324 327 (3072 -1088 3456 ) (3072 -1024 3456 ) (3280 -1024 3456 ) (3280 -1088 3456 ) 
4 324 325 (3280 -1088 3840 ) (3280 -1088 4864 ) (3072 -1088 4864 ) (3072 -1088 3840 ) 
4 325 334 (3072 -1120 3840 ) (3072 -1120 4864 ) (3072 -1088 4864 ) (3072 -1088 3840 ) 
4 325 331 (3072 -1120 4864 ) (3072 -1120 5120 ) (3072 -1088 5120 ) (3072 -1088 4864 ) 
4 325 326 (3280 -1120 3840 ) (3280 -1120 5120 ) (3072 -1120 5120 ) (3072 -1120 3840 ) 
4 326 337 (3072 -1312 3488 ) (3072 -1312 4864 ) (3072 -1120 4864 ) (3072 -1120 3488 ) 
4 326 331 (3072 -1312 4864 ) (3072 -1312 5120 ) (3072 -1120 5120 ) (3072 -1120 4864 ) 
4 327 340 (3072 -1120 2048 ) (3072 -1312 2048 ) (3072 -1312 3456 ) (3072 -1120 3456 ) 
4 327 335 (3072 -1088 2048 ) (3072 -1120 2048 ) (3072 -1120 3456 ) (3072 -1088 3456 ) 
4 327 333 (3072 -1024 3456 ) (3072 -1024 2048 ) (3072 -1088 2048 ) (3072 -1088 3456 ) 
4 328 351 (3072 -1024 1024 ) (3072 -1024 -1024 ) (3072 -1312 -1024 ) (3072 -1312 1024 ) 
4 329 355 (3072 -1792 3712 ) (3072 -1664 3712 ) (3072 -1664 3328 ) (3072 -1792 3328 ) 
4 330 342 (2704 -1024 5120 ) (2704 -1024 4864 ) (2704 -1088 4864 ) (2704 -1088 5120 ) 
4 330 336 (2704 -1088 4864 ) (2704 -1024 4864 ) (2944 -1024 4864 ) (2944 -1088 4864 ) 
4 330 332 (2704 -1088 5120 ) (2704 -1088 4864 ) (2944 -1088 4864 ) (2944 -1088 5120 ) 
4 331 337 (3072 -1312 4864 ) (3008 -1312 4864 ) (3008 -1120 4864 ) (3072 -1120 4864 ) 
4 331 334 (3008 -1120 4864 ) (3008 -1088 4864 ) (3072 -1088 4864 ) (3072 -1120 4864 ) 
4 332 342 (2704 -1312 4864 ) (2704 -1312 5120 ) (2704 -1088 5120 ) (2704 -1088 4864 ) 
4 332 339 (2944 -1312 4864 ) (2704 -1312 4864 ) (2704 -1120 4864 ) (2944 -1120 4864 ) 
4 332 336 (2704 -1120 4864 ) (2704 -1088 4864 ) (2944 -1088 4864 ) (2944 -1120 4864 ) 
4 333 334 (2976 -1088 4864 ) (2976 -1088 3840 ) (3072 -1088 3840 ) (3072 -1088 4864 ) 
4 333 335 (2976 -1088 3456 ) (2976 -1088 2048 ) (3072 -1088 2048 ) (3072 -1088 3456 ) 
4 333 336 (2976 -1024 2048 ) (2976 -1088 2048 ) (2976 -1088 4864 ) (2976 -1024 4864 ) 
4 334 338 (3008 -1120 4864 ) (2976 -1120 4864 ) (2976 -1120 3840 ) (3008 -1120 3840 ) 
4 334 337 (3072 -1120 4864 ) (3008 -1120 4864 ) (3008 -1120 3840 ) (3072 -1120 3840 ) 
4 334 336 (2976 -1120 3840 ) (2976 -1120 4864 ) (2976 -1088 4864 ) (2976 -1088 3840 ) 
4 335 340 (2976 -1120 3456 ) (2976 -1120 2048 ) (3072 -1120 2048 ) (3072 -1120 3456 ) 
4 335 336 (2976 -1088 2048 ) (2976 -1120 2048 ) (2976 -1120 3456 ) (2976 -1088 3456 ) 
4 336 342 (2704 -1024 2048 ) (2704 -1120 2048 ) (2704 -1120 4864 ) (2704 -1024 4864 ) 
4 336 341 (2704 -1120 3488 ) (2704 -1120 2048 ) (2976 -1120 2048 ) (2976 -1120 3488 ) 
4 336 339 (2976 -1120 4864 ) (2704 -1120 4864 ) (2704 -1120 3488 ) (2976 -1120 3488 ) 
4 337 338 (3008 -1120 4864 ) (3008 -1120 3840 ) (3008 -1312 3840 ) (3008 -1312 4864 ) 
4 338 339 (2976 -1120 4864 ) (2976 -1120 3840 ) (2976 -1312 3840 ) (2976 -1312 4864 ) 
4 339 353 (2752 -1312 3488 ) (2912 -1312 3488 ) (2912 -1312 3520 ) (2752 -1312 3520 ) 
4 339 352 (2752 -1312 3520 ) (2912 -1312 3520 ) (2912 -1312 3712 ) (2752 -1312 3712 ) 
4 339 342 (2704 -1312 3488 ) (2704 -1312 4864 ) (2704 -1120 4864 ) (2704 -1120 3488 ) 
4 339 341 (2976 -1312 3488 ) (2704 -1312 3488 ) (2704 -1120 3488 ) (2976 -1120 3488 ) 
4 340 341 (2976 -1120 3456 ) (2976 -1120 2048 ) (2976 -1312 2048 ) (2976 -1312 3456 ) 
4 341 353 (2912 -1312 3488 ) (2752 -1312 3488 ) (2752 -1312 3328 ) (2912 -1312 3328 ) 
4 341 342 (2704 -1120 2048 ) (2704 -1312 2048 ) (2704 -1312 3488 ) (2704 -1120 3488 ) 
5 342 343 (2608 -1024 2048 ) (2608 -1120 2048 ) (2608 -1120 4624 ) (2608 -1056 4816 ) (2608 -1024 4880 ) 
5 343 349 (2496 -1024 2048 ) (2496 -1120 2048 ) (2496 -1120 4624 ) (2496 -1061.333252 4800 ) (2496 -1024 4800 ) 
5 343 348 (2496 -1061.333252 4800 ) (2496 -1056 4816 ) (2496 -1032 4864 ) (2496 -1024 4864 ) (2496 -1024 4800 ) 
3 343 344 (2496 -1032 4864 ) (2496 -1024 4880 ) (2496 -1024 4864 ) 
4 344 348 (2496 -1024 4864 ) (2496 -1312 4864 ) (2176 -1312 4864 ) (2176 -1024 4864 ) 
4 345 347 (2128 -1056 4864 ) (2128 -1312 4864 ) (2128 -1312 5120 ) (2128 -1056 5120 ) 
4 346 375 (2048 -1040 5120 ) (2048 -1024 5120 ) (2048 -1024 4928 ) (2048 -1040 4928 ) 
4 346 347 (2128 -1040 4928 ) (2128 -1040 5120 ) (2048 -1040 5120 ) (2048 -1040 4928 ) 
4 347 376 (2048 -1312 4864 ) (2048 -1312 5120 ) (2048 -1040 5120 ) (2048 -1040 4864 ) 
4 348 349 (2176 -1024 4800 ) (2496 -1024 4800 ) (2496 -1312 4800 ) (2176 -1312 4800 ) 
4 349 354 (2176 -1312 3648 ) (2176 -1312 3520 ) (2240 -1312 3520 ) (2240 -1312 3648 ) 
4 349 350 (2112 -1024 2048 ) (2112 -1120 2048 ) (2112 -1120 4800 ) (2112 -1024 4800 ) 
4 350 377 (2048 -1120 4800 ) (2048 -1024 4800 ) (2048 -1024 2048 ) (2048 -1120 2048 ) 
4 351 379 (2048 -1312 -1024 ) (2048 -1312 1024 ) (2048 -1024 1024 ) (2048 -1024 -1024 ) 
4 352 360 (2768 -1344 3712 ) (2752 -1344 3712 ) (2752 -1344 3520 ) (2768 -1344 3520 ) 
4 352 359 (2816 -1344 3712 ) (2768 -1344 3712 ) (2768 -1344 3520 ) (2816 -1344 3520 ) 
4 352 358 (2816 -1344 3584 ) (2816 -1344 3520 ) (2880 -1344 3520 ) (2880 -1344 3584 ) 
4 352 357 (2880 -1344 3712 ) (2816 -1344 3712 ) (2816 -1344 3584 ) (2880 -1344 3584 ) 
4 352 356 (2912 -1344 3520 ) (2912 -1344 3712 ) (2880 -1344 3712 ) (2880 -1344 3520 ) 
4 352 353 (2752 -1312 3520 ) (2912 -1312 3520 ) (2912 -1344 3520 ) (2752 -1344 3520 ) 
4 353 360 (2752 -1344 3328 ) (2768 -1344 3328 ) (2768 -1344 3520 ) (2752 -1344 3520 ) 
4 353 359 (2768 -1344 3328 ) (2816 -1344 3328 ) (2816 -1344 3520 ) (2768 -1344 3520 ) 
4 353 358 (2816 -1344 3328 ) (2880 -1344 3328 ) (2880 -1344 3520 ) (2816 -1344 3520 ) 
4 353 356 (2880 -1344 3328 ) (2912 -1344 3328 ) (2912 -1344 3520 ) (2880 -1344 3520 ) 
4 355 356 (2912 -1664 3328 ) (2912 -1792 3328 ) (2912 -1792 3712 ) (2912 -1664 3712 ) 
4 356 358 (2880 -1344 3328 ) (2880 -1792 3328 ) (2880 -1792 3584 ) (2880 -1344 3584 ) 
4 356 357 (2880 -1792 3584 ) (2880 -1792 3712 ) (2880 -1344 3712 ) (2880 -1344 3584 ) 
4 357 361 (2816 -1792 3712 ) (2816 -1664 3712 ) (2816 -1664 3584 ) (2816 -1792 3584 ) 
4 357 359 (2816 -1664 3712 ) (2816 -1344 3712 ) (2816 -1344 3584 ) (2816 -1664 3584 ) 
4 357 358 (2816 -1792 3584 ) (2816 -1344 3584 ) (2880 -1344 3584 ) (2880 -1792 3584 ) 
4 358 361 (2816 -1664 3328 ) (2816 -1792 3328 ) (2816 -1792 3584 ) (2816 -1664 3584 ) 
4 358 359 (2816 -1344 3328 ) (2816 -1664 3328 ) (2816 -1664 3584 ) (2816 -1344 3584 ) 
4 359 361 (2768 -1664 3328 ) (2816 -1664 3328 ) (2816 -1664 3712 ) (2768 -1664 3712 ) 
4 359 360 (2768 -1344 3328 ) (2768 -1536 3328 ) (2768 -1536 3712 ) (2768 -1344 3712 ) 
4 362 363 (1984 -187 4992.479980 ) (1984 -187 2048 ) (2048 -187 2048 ) (2048 -187 4992.479980 ) 
4 362 367 (1984 0 2048 ) (1984 -187 2048 ) (1984 -187 5120 ) (1984 0 5120 ) 
4 363 364 (1984 -577 4992.479980 ) (1984 -577 2048 ) (2048 -577 2048 ) (2048 -577 4992.479980 ) 
4 363 367 (1984 -187 2048 ) (1984 -577 2048 ) (1984 -577 4992.479980 ) (1984 -187 4992.479980 ) 
4 364 365 (1984 -642 4992.310059 ) (1984 -642 2048 ) (2048 -642 2048 ) (2048 -642 4992.310059 ) 
4 364 367 (1984 -577 2048 ) (1984 -642 2048 ) (1984 -642 5120 ) (1984 -577 5120 ) 
4 365 367 (1984 -642 2048 ) (1984 -946 2048 ) (1984 -946 4992.310059 ) (1984 -642 4992.310059 ) 
4 365 366 (1984 -946 4992.310059 ) (1984 -946 2048 ) (2048 -946 2048 ) (2048 -946 4992.310059 ) 
4 366 377 (2048 -1024 2048 ) (2048 -1024 4800 ) (2000 -1024 4800 ) (2000 -1024 2048 ) 
4 366 378 (2000 -1024 4800 ) (1984 -1024 4800 ) (1984 -1024 2048 ) (2000 -1024 2048 ) 
4 366 375 (2048 -1024 4928 ) (2048 -1024 5120 ) (1984 -1024 5120 ) (1984 -1024 4928 ) 
4 366 367 (1984 -946 2048 ) (1984 -1024 2048 ) (1984 -1024 5120 ) (1984 -946 5120 ) 
4 367 378 (1960 -1024 4800 ) (1960 -1024 2048 ) (1984 -1024 2048 ) (1984 -1024 4800 ) 
4 367 375 (1984 -1024 5120 ) (1960 -1024 5120 ) (1960 -1024 4928 ) (1984 -1024 4928 ) 
4 367 373 (1960 -576 2048 ) (1960 -1024 2048 ) (1960 -1024 3904 ) (1960 -576 3904 ) 
4 367 371 (1960 -512 4096 ) (1960 -448 4096 ) (1960 -448 3968 ) (1960 -512 3968 ) 
4 367 372 (1960 -1024 3904 ) (1960 -1024 4096 ) (1960 -512 4096 ) (1960 -512 3904 ) 
4 367 369 (1960 -576 5120 ) (1960 -448 5120 ) (1960 -448 4288 ) (1960 -576 4288 ) 
4 367 370 (1960 -1024 4096 ) (1960 -1024 5120 ) (1960 -576 5120 ) (1960 -576 4096 ) 
4 367 368 (1960 0 2048 ) (1960 -448 2048 ) (1960 -448 5120 ) (1960 0 5120 ) 
4 368 371 (1960 -448 3968 ) (1960 -448 4096 ) (1920 -448 4096 ) (1920 -448 3968 ) 
4 368 369 (1960 -448 4288 ) (1960 -448 5120 ) (1920 -448 5120 ) (1920 -448 4288 ) 
4 369 370 (1960 -576 4288 ) (1960 -576 5120 ) (1920 -576 5120 ) (1920 -576 4288 ) 
4 370 378 (1920 -1024 4800 ) (1920 -1024 4096 ) (1960 -1024 4096 ) (1960 -1024 4800 ) 
4 370 375 (1960 -1024 5120 ) (1920 -1024 5120 ) (1920 -1024 4928 ) (1960 -1024 4928 ) 
4 370 372 (1920 -1024 4096 ) (1920 -576 4096 ) (1960 -576 4096 ) (1960 -1024 4096 ) 
4 371 372 (1960 -512 3968 ) (1960 -512 4096 ) (1920 -512 4096 ) (1920 -512 3968 ) 
4 372 378 (1920 -1024 4096 ) (1920 -1024 3904 ) (1960 -1024 3904 ) (1960 -1024 4096 ) 
4 372 373 (1920 -1024 3904 ) (1920 -576 3904 ) (1960 -576 3904 ) (1960 -1024 3904 ) 
4 373 378 (1920 -1024 3904 ) (1920 -1024 2048 ) (1960 -1024 2048 ) (1960 -1024 3904 ) 
4 374 379 (2048 -1024 -1024 ) (2048 -1024 1024 ) (1920 -1024 1024 ) (1920 -1024 -1024 ) 
4 375 376 (2048 -1040 4928 ) (2048 -1040 5120 ) (1920 -1040 5120 ) (1920 -1040 4928 ) 
4 377 378 (2000 -1024 2048 ) (2000 -1120 2048 ) (2000 -1120 4800 ) (2000 -1024 4800 ) 
