


materialPath: C:\Program Files (x86)\Steam\steamapps\common\Portal 2\portal2\materials
Loading C:\Program Files (x86)\Steam\steamapps\common\Portal 2\sdk_content\maps\WIP\Chapter 5\mp_coop_a2_bts4.vmf
ConVarRef gpu_level doesn't point to an existing ConVar
fixing up env_cubemap materials on brush sides...
0...1...2...3...4...5...6...7...8...9...100...1...2...3...4...5...6...7...8...9...10Processing areas...done (0)
Building Faces...done (0)
Chop Details...done (0)
Find Visible Detail Sides...
Merged 14 detail faces...done (0)
Merging details...done (0)
FixTjuncs...
PruneNodes...
WriteBSP...
done (0)
writing C:\Program Files (x86)\Steam\steamapps\common\Portal 2\sdk_content\maps\WIP\Chapter 5\mp_coop_a2_bts4.prt...Building visibility clusters...
done (0)
Finding displacement neighbors...
Finding lightmap sample positions...
Displacement Alpha : 0...1...2...3...4...5...6...7...8...9...10
Building Physics collision data...
done (0) (428730 bytes)
Encountered obsolete static prop option to do its fade in screen space @ 1808.00 -3440.00 6800.00
Encountered obsolete static prop option to do its fade in screen space @ 1808.00 -3616.00 6848.00
Encountered obsolete static prop option to do its fade in screen space @ 1808.00 -3872.00 6848.00
Encountered obsolete static prop option to do its fade in screen space @ 1872.00 -3680.00 6753.40
Encountered obsolete static prop option to do its fade in screen space @ 1872.00 -3424.00 6753.40
Encountered obsolete static prop option to do its fade in screen space @ 1808.00 -3440.00 6800.00
Encountered obsolete static prop option to do its fade in screen space @ 1808.00 -3264.00 6753.40
Encountered obsolete static prop option to do its fade in screen space @ 1872.00 -3168.00 6753.40
Encountered obsolete static prop option to do its fade in screen space @ 1808.00 -3008.00 6753.40
Encountered obsolete static prop option to do its fade in screen space @ 1872.00 -2912.00 6753.40
Encountered obsolete static prop option to do its fade in screen space @ 1808.00 -2752.00 6753.40
Encountered obsolete static prop option to do its fade in screen space @ 1920.00 -2736.00 6753.40
Encountered obsolete static prop option to do its fade in screen space @ 2320.00 -3440.00 7024.00
Encountered obsolete static prop option to do its fade in screen space @ 2320.00 -3616.00 7072.00
Encountered obsolete static prop option to do its fade in screen space @ 2320.00 -3872.00 7072.00
Encountered obsolete static prop option to do its fade in screen space @ 2336.00 -3856.00 6977.40
Encountered obsolete static prop option to do its fade in screen space @ 2336.00 -3856.00 6977.40
Encountered obsolete static prop option to do its fade in screen space @ 2384.00 -3680.00 6977.40
Encountered obsolete static prop option to do its fade in screen space @ 2384.00 -3424.00 6977.40
Encountered obsolete static prop option to do its fade in screen space @ 2320.00 -3440.00 7024.00
Encountered obsolete static prop option to do its fade in screen space @ 2320.00 -3264.00 6977.40
Encountered obsolete static prop option to do its fade in screen space @ 2384.00 -3168.00 6977.40
Encountered obsolete static prop option to do its fade in screen space @ 2320.00 -3008.00 6977.40
Encountered obsolete static prop option to do its fade in screen space @ 2384.00 -2912.00 6977.40
Encountered obsolete static prop option to do its fade in screen space @ 2320.00 -2752.00 6977.40
Can't create hull for mesh 4/0 of model props_sabotage/potato04.mdl
Encountered obsolete static prop option to do its fade in screen space @ 2448.00 -4908.00 6336.00
Encountered obsolete static prop option to do its fade in screen space @ 2352.00 -5260.00 6432.00
Encountered obsolete static prop option to do its fade in screen space @ 2352.00 -5084.00 6384.00
Encountered obsolete static prop option to do its fade in screen space @ 2400.00 -5084.00 6336.00
Encountered obsolete static prop option to do its fade in screen space @ 2400.00 -5084.00 6336.00
Encountered obsolete static prop option to do its fade in screen space @ 960.00 -6168.00 6593.40
Encountered obsolete static prop option to do its fade in screen space @ 864.00 -6336.00 7000.00
Encountered obsolete static prop option to do its fade in screen space @ 960.00 -6240.00 6649.40
Encountered obsolete static prop option to do its fade in screen space @ 912.00 -6336.00 6825.40
Encountered obsolete static prop option to do its fade in screen space @ 864.00 -6336.00 7256.00
Encountered obsolete static prop option to do its fade in screen space @ 960.00 -6288.00 6825.40
Encountered obsolete static prop option to do its fade in screen space @ 960.00 -6168.00 6848.00
Encountered obsolete static prop option to do its fade in screen space @ 960.00 -6288.00 6825.40
Placing detail props : 0...1...2...3...4...5...6...7...8...9...10
Compacting texture/material tables...
Reduced 1486 texinfos to 982
Reduced 108 texdatas to 102 (3970 bytes to 3827)
Writing C:\Program Files (x86)\Steam\steamapps\common\Portal 2\sdk_content\maps\WIP\Chapter 5\mp_coop_a2_bts4.bsp

nummapplanes:     (  4600 / 65536 )
nummapbrushes:    (  1140 /  8192 )
nummapbrushsides: (  7511 / 65536 )
num_map_overlays: (    39 /   512 )
nummodels:        (   152 /  1024 )
num_entities:     (   834 / 16384 )

4 seconds elapsed



24 threads
reading c:\program files (x86)\steam\steamapps\common\portal 2\sdk_content\maps\wip\chapter 5\mp_coop_a2_bts4.bsp
reading c:\program files (x86)\steam\steamapps\common\portal 2\sdk_content\maps\wip\chapter 5\mp_coop_a2_bts4.prt
 613 portalclusters
1643 numportals
0...1...2...3...4...5...6...7...8...9...10Optimized: 2376 visible clusters (0.00%)
Total clusters visible: 135086
Average clusters visible: 220
Building PAS...
Average clusters audible: 408
visdatasize:67979  compressed from 98080
writing c:\program files (x86)\steam\steamapps\common\portal 2\sdk_content\maps\wip\chapter 5\mp_coop_a2_bts4.bsp
0 seconds elapsed



Could not find lights.rad in lights.rad.
Trying VRAD BIN directory instead...
Warning: Couldn't open texlight file C:\Program Files (x86)\Steam\steamapps\common\Portal 2\bin\lights.rad.
Loading c:\program files (x86)\steam\steamapps\common\portal 2\sdk_content\maps\wip\chapter 5\mp_coop_a2_bts4.bsp
3554 faces
1 degenerate faces
943244 square feet [135827232.00 square inches]
0 Displacements
0 Square Feet [0.00 Square Inches]
3553 patches before subdivision
93107 patches after subdivision
101 direct lights
0...1...2...3...4...5...6...7...8...9...100...1...2...3...4...5...6...7...8...9...10transfers 7148924, max 378
transfer lists:  54.5 megs
0...1...2...3...4...5...6...7...8...9...10	Bounce #1 added RGB(11064, 12266, 12601)
0...1...2...3...4...5...6...7...8...9...10	Bounce #2 added RGB(1848, 1909, 1771)
0...1...2...3...4...5...6...7...8...9...10	Bounce #3 added RGB(426, 413, 322)
0...1...2...3...4...5...6...7...8...9...10	Bounce #4 added RGB(128, 120, 74)
0...1...2...3...4...5...6...7...8...9...10	Bounce #5 added RGB(48, 44, 22)
0...1...2...3...4...5...6...7...8...9...10	Bounce #6 added RGB(20, 19, 8)
0...1...2...3...4...5...6...7...8...9...10	Bounce #7 added RGB(9, 9, 3)
0...1...2...3...4...5...6...7...8...9...10	Bounce #8 added RGB(5, 4, 1)
0...1...2...3...4...5...6...7...8...9...10	Bounce #9 added RGB(2, 2, 1)
0...1...2...3...4...5...6...7...8...9...10	Bounce #10 added RGB(1, 1, 0)
0...1...2...3...4...5...6...7...8...9...10	Bounce #11 added RGB(1, 1, 0)
Build Patch/Sample Hash Table(s).....Done<0.1987 sec>
0...1...2...3...4...5...6...7...8...9...10FinalLightFace Done
0 of 0 (0% of) surface lights went in leaf ambient cubes.
0...1...2...3...4...5...6...7...8...9...10Writing leaf ambient...done
Ready to Finish

Object names       Objects/Maxobjs  Memory / Maxmem  Fullness 
------------       ---------------  ---------------  -------- 
models                 152/1024         7296/49152    (14.8%) 
brushes               1140/8192        13680/98304    (13.9%) 
brushsides            7511/65536       60088/524288   (11.5%) 
planes                4600/65536       92000/1310720  ( 7.0%) 
vertexes              6423/65536       77076/786432   ( 9.8%) 
nodes                 2244/65536       71808/2097152  ( 3.4%) 
texinfos               982/12288       70704/884736   ( 8.0%) 
texdata                102/2048         3264/65536    ( 5.0%) 
dispinfos                0/0               0/0        ( 0.0%) 
disp_verts               0/0               0/0        ( 0.0%) 
disp_tris                0/0               0/0        ( 0.0%) 
disp_multiblend          0/0               0/0        ( 0.0%) 
disp_lmsamples           0/0               0/0        ( 0.0%) 
faces                 3554/65536      199024/3670016  ( 5.4%) 
hdr faces                0/65536           0/3670016  ( 0.0%) 
origfaces             2116/65536      118496/3670016  ( 3.2%) 
facebrushes            481/0             962/0        ( 0.0%) 
facebrushlists        3554/0           14216/0        ( 0.0%) 
leaves                2397/65536       76704/2097152  ( 3.7%) 
leaffaces             4686/65536        9372/131072   ( 7.2%) 
leafbrushes           2476/65536        4952/131072   ( 3.8%) 
areas                   13/256           104/2048     ( 5.1%) 
surfedges            24946/512000      99784/2048000  ( 4.9%) 
edges                14681/256000      58724/1024000  ( 5.7%) 
LDR worldlights        101/8192        10100/819200   ( 1.2%) 
HDR worldlights          0/8192            0/819200   ( 0.0%) 
leafwaterdata            0/32768           0/393216   ( 0.0%) 
waterstrips            455/32768        4550/327680   ( 1.4%) 
waterverts               0/65536           0/786432   ( 0.0%) 
waterindices          6408/65536       12816/131072   ( 9.8%) 
cubemapsamples          18/1024          288/16384    ( 1.8%) 
overlays                39/512         13728/180224   ( 7.6%) 
LDR lightdata         [variable]     6526012/0        ( 0.0%) 
HDR lightdata         [variable]           0/0        ( 0.0%) 
visdata               [variable]       67979/16777216 ( 0.4%) 
entdata               [variable]      275200/393216   (70.0%) 
LDR ambient table     2397/65536        9588/262144   ( 3.7%) 
HDR ambient table     2397/65536        9588/262144   ( 3.7%) 
LDR leaf ambient      4789/65536      134092/1835008  ( 7.3%) 
HDR leaf ambient      2397/65536       67116/1835008  ( 3.7%) 
occluders                0/0               0/0        ( 0.0%) 
occluder polygons        0/0               0/0        ( 0.0%) 
occluder vert ind        0/0               0/0        ( 0.0%) 
detail props          [variable]           1/12       ( 8.3%) 
static props          [variable]           1/94952    ( 0.0%) 
pakfile               [variable]     1425020/0        ( 0.0%) 
physics               [variable]      428730/4194304  (10.2%) 
physics terrain       [variable]           2/1048576  ( 0.0%) 

Level flags = 0

Total triangle count: 9378
Writing c:\program files (x86)\steam\steamapps\common\portal 2\sdk_content\maps\wip\chapter 5\mp_coop_a2_bts4.bsp
10 seconds elapsed



materialPath: C:\Program Files (x86)\Steam\steamapps\common\Portal 2\portal2\materials
Loading C:\Program Files (x86)\Steam\steamapps\common\Portal 2\sdk_content\maps\WIP\Chapter 5\mp_coop_a2_bts4.vmf
ConVarRef gpu_level doesn't point to an existing ConVar
fixing up env_cubemap materials on brush sides...
0...1...2...3...4...5...6...7...8...9...100...1...2...3...4...5...6...7...8...9...10Processing areas...done (0)
Building Faces...done (0)
Chop Details...done (0)
Find Visible Detail Sides...
Merged 14 detail faces...done (0)
Merging details...done (0)
FixTjuncs...
PruneNodes...
WriteBSP...
done (0)
writing C:\Program Files (x86)\Steam\steamapps\common\Portal 2\sdk_content\maps\WIP\Chapter 5\mp_coop_a2_bts4.prt...Building visibility clusters...
done (0)
Finding displacement neighbors...
Finding lightmap sample positions...
Displacement Alpha : 0...1...2...3...4...5...6...7...8...9...10
Building Physics collision data...
done (0) (428730 bytes)
Encountered obsolete static prop option to do its fade in screen space @ 1808.00 -3440.00 6800.00
Encountered obsolete static prop option to do its fade in screen space @ 1808.00 -3616.00 6848.00
Encountered obsolete static prop option to do its fade in screen space @ 1808.00 -3872.00 6848.00
Encountered obsolete static prop option to do its fade in screen space @ 1872.00 -3680.00 6753.40
Encountered obsolete static prop option to do its fade in screen space @ 1872.00 -3424.00 6753.40
Encountered obsolete static prop option to do its fade in screen space @ 1808.00 -3440.00 6800.00
Encountered obsolete static prop option to do its fade in screen space @ 1808.00 -3264.00 6753.40
Encountered obsolete static prop option to do its fade in screen space @ 1872.00 -3168.00 6753.40
Encountered obsolete static prop option to do its fade in screen space @ 1808.00 -3008.00 6753.40
Encountered obsolete static prop option to do its fade in screen space @ 1872.00 -2912.00 6753.40
Encountered obsolete static prop option to do its fade in screen space @ 1808.00 -2752.00 6753.40
Encountered obsolete static prop option to do its fade in screen space @ 1920.00 -2736.00 6753.40
Encountered obsolete static prop option to do its fade in screen space @ 2320.00 -3440.00 7024.00
Encountered obsolete static prop option to do its fade in screen space @ 2320.00 -3616.00 7072.00
Encountered obsolete static prop option to do its fade in screen space @ 2320.00 -3872.00 7072.00
Encountered obsolete static prop option to do its fade in screen space @ 2336.00 -3856.00 6977.40
Encountered obsolete static prop option to do its fade in screen space @ 2336.00 -3856.00 6977.40
Encountered obsolete static prop option to do its fade in screen space @ 2384.00 -3680.00 6977.40
Encountered obsolete static prop option to do its fade in screen space @ 2384.00 -3424.00 6977.40
Encountered obsolete static prop option to do its fade in screen space @ 2320.00 -3440.00 7024.00
Encountered obsolete static prop option to do its fade in screen space @ 2320.00 -3264.00 6977.40
Encountered obsolete static prop option to do its fade in screen space @ 2384.00 -3168.00 6977.40
Encountered obsolete static prop option to do its fade in screen space @ 2320.00 -3008.00 6977.40
Encountered obsolete static prop option to do its fade in screen space @ 2384.00 -2912.00 6977.40
Encountered obsolete static prop option to do its fade in screen space @ 2320.00 -2752.00 6977.40
Can't create hull for mesh 4/0 of model props_sabotage/potato04.mdl
Encountered obsolete static prop option to do its fade in screen space @ 2448.00 -4908.00 6336.00
Encountered obsolete static prop option to do its fade in screen space @ 2352.00 -5260.00 6432.00
Encountered obsolete static prop option to do its fade in screen space @ 2352.00 -5084.00 6384.00
Encountered obsolete static prop option to do its fade in screen space @ 2400.00 -5084.00 6336.00
Encountered obsolete static prop option to do its fade in screen space @ 2400.00 -5084.00 6336.00
Encountered obsolete static prop option to do its fade in screen space @ 960.00 -6168.00 6593.40
Encountered obsolete static prop option to do its fade in screen space @ 864.00 -6336.00 7000.00
Encountered obsolete static prop option to do its fade in screen space @ 960.00 -6240.00 6649.40
Encountered obsolete static prop option to do its fade in screen space @ 912.00 -6336.00 6825.40
Encountered obsolete static prop option to do its fade in screen space @ 864.00 -6336.00 7256.00
Encountered obsolete static prop option to do its fade in screen space @ 960.00 -6288.00 6825.40
Encountered obsolete static prop option to do its fade in screen space @ 960.00 -6168.00 6848.00
Encountered obsolete static prop option to do its fade in screen space @ 960.00 -6288.00 6825.40
Placing detail props : 0...1...2...3...4...5...6...7...8...9...10
Compacting texture/material tables...
Reduced 1486 texinfos to 982
Reduced 108 texdatas to 102 (3970 bytes to 3827)
Writing C:\Program Files (x86)\Steam\steamapps\common\Portal 2\sdk_content\maps\WIP\Chapter 5\mp_coop_a2_bts4.bsp

nummapplanes:     (  4600 / 65536 )
nummapbrushes:    (  1140 /  8192 )
nummapbrushsides: (  7511 / 65536 )
num_map_overlays: (    39 /   512 )
nummodels:        (   152 /  1024 )
num_entities:     (   835 / 16384 )

4 seconds elapsed



24 threads
reading c:\program files (x86)\steam\steamapps\common\portal 2\sdk_content\maps\wip\chapter 5\mp_coop_a2_bts4.bsp
reading c:\program files (x86)\steam\steamapps\common\portal 2\sdk_content\maps\wip\chapter 5\mp_coop_a2_bts4.prt
 613 portalclusters
1643 numportals
0...1...2...3...4...5...6...7...8...9...10Optimized: 2376 visible clusters (0.00%)
Total clusters visible: 135086
Average clusters visible: 220
Building PAS...
Average clusters audible: 408
visdatasize:67979  compressed from 98080
writing c:\program files (x86)\steam\steamapps\common\portal 2\sdk_content\maps\wip\chapter 5\mp_coop_a2_bts4.bsp
0 seconds elapsed



[Reading texlights from 'lights.rad']
[59 texlights parsed from 'lights.rad']

Loading c:\program files (x86)\steam\steamapps\common\portal 2\sdk_content\maps\wip\chapter 5\mp_coop_a2_bts4.bsp
3554 faces
1 degenerate faces
943244 square feet [135827232.00 square inches]
0 Displacements
0 Square Feet [0.00 Square Inches]
3553 patches before subdivision
94177 patches after subdivision
662 direct lights
0...1...2...3...4...5...6...7...8...9...100...1...2...3...4...5...6...7...8...9...10transfers 7263770, max 378
transfer lists:  55.4 megs
0...1...2...3...4...5...6...7...8...9...10	Bounce #1 added RGB(26971, 18055, 13589)
0...1...2...3...4...5...6...7...8...9...10	Bounce #2 added RGB(4341, 2724, 1931)
0...1...2...3...4...5...6...7...8...9...10	Bounce #3 added RGB(960, 577, 358)
0...1...2...3...4...5...6...7...8...9...10	Bounce #4 added RGB(247, 156, 84)
0...1...2...3...4...5...6...7...8...9...10	Bounce #5 added RGB(74, 53, 24)
0...1...2...3...4...5...6...7...8...9...10	Bounce #6 added RGB(26, 21, 8)
0...1...2...3...4...5...6...7...8...9...10	Bounce #7 added RGB(11, 9, 3)
0...1...2...3...4...5...6...7...8...9...10	Bounce #8 added RGB(5, 4, 1)
0...1...2...3...4...5...6...7...8...9...10	Bounce #9 added RGB(2, 2, 1)
0...1...2...3...4...5...6...7...8...9...10	Bounce #10 added RGB(1, 1, 0)
0...1...2...3...4...5...6...7...8...9...10	Bounce #11 added RGB(1, 1, 0)
Build Patch/Sample Hash Table(s).....Done<0.2985 sec>
0...1...2...3...4...5...6...7...8...9...10FinalLightFace Done
552 of 561 (98% of) surface lights went in leaf ambient cubes.
0...1...2...3...4...5...6...7...8...9...10Writing leaf ambient...done
Ready to Finish

Object names       Objects/Maxobjs  Memory / Maxmem  Fullness 
------------       ---------------  ---------------  -------- 
models                 152/1024         7296/49152    (14.8%) 
brushes               1140/8192        13680/98304    (13.9%) 
brushsides            7511/65536       60088/524288   (11.5%) 
planes                4600/65536       92000/1310720  ( 7.0%) 
vertexes              6423/65536       77076/786432   ( 9.8%) 
nodes                 2244/65536       71808/2097152  ( 3.4%) 
texinfos               982/12288       70704/884736   ( 8.0%) 
texdata                102/2048         3264/65536    ( 5.0%) 
dispinfos                0/0               0/0        ( 0.0%) 
disp_verts               0/0               0/0        ( 0.0%) 
disp_tris                0/0               0/0        ( 0.0%) 
disp_multiblend          0/0               0/0        ( 0.0%) 
disp_lmsamples           0/0               0/0        ( 0.0%) 
faces                 3554/65536      199024/3670016  ( 5.4%) 
hdr faces                0/65536           0/3670016  ( 0.0%) 
origfaces             2116/65536      118496/3670016  ( 3.2%) 
facebrushes            481/0             962/0        ( 0.0%) 
facebrushlists        3554/0           14216/0        ( 0.0%) 
leaves                2397/65536       76704/2097152  ( 3.7%) 
leaffaces             4686/65536        9372/131072   ( 7.2%) 
leafbrushes           2476/65536        4952/131072   ( 3.8%) 
areas                   13/256           104/2048     ( 5.1%) 
surfedges            24946/512000      99784/2048000  ( 4.9%) 
edges                14681/256000      58724/1024000  ( 5.7%) 
LDR worldlights        662/8192        66200/819200   ( 8.1%) 
HDR worldlights          0/8192            0/819200   ( 0.0%) 
leafwaterdata            0/32768           0/393216   ( 0.0%) 
waterstrips            455/32768        4550/327680   ( 1.4%) 
waterverts               0/65536           0/786432   ( 0.0%) 
waterindices          6408/65536       12816/131072   ( 9.8%) 
cubemapsamples          18/1024          288/16384    ( 1.8%) 
overlays                39/512         13728/180224   ( 7.6%) 
LDR lightdata         [variable]     6526012/0        ( 0.0%) 
HDR lightdata         [variable]           0/0        ( 0.0%) 
visdata               [variable]       67979/16777216 ( 0.4%) 
entdata               [variable]      275375/393216   (70.0%) 
LDR ambient table     2397/65536        9588/262144   ( 3.7%) 
HDR ambient table     2397/65536        9588/262144   ( 3.7%) 
LDR leaf ambient      5183/65536      145124/1835008  ( 7.9%) 
HDR leaf ambient      2397/65536       67116/1835008  ( 3.7%) 
occluders                0/0               0/0        ( 0.0%) 
occluder polygons        0/0               0/0        ( 0.0%) 
occluder vert ind        0/0               0/0        ( 0.0%) 
detail props          [variable]           1/12       ( 8.3%) 
static props          [variable]           1/94952    ( 0.0%) 
pakfile               [variable]     1425020/0        ( 0.0%) 
physics               [variable]      428730/4194304  (10.2%) 
physics terrain       [variable]           2/1048576  ( 0.0%) 

Level flags = 0

Total triangle count: 9378
Writing c:\program files (x86)\steam\steamapps\common\portal 2\sdk_content\maps\wip\chapter 5\mp_coop_a2_bts4.bsp
45 seconds elapsed



[Reading texlights from 'lights.rad']
[59 texlights parsed from 'lights.rad']

Loading c:\program files (x86)\steam\steamapps\common\portal 2\sdk_content\maps\wip\chapter 5\mp_coop_a2_bts4.bsp
Loaded alpha texture materials\models\props_foliage\Vines_thick_384.vtf
3554 faces
1 degenerate faces
943244 square feet [135827232.00 square inches]
0 Displacements
0 Square Feet [0.00 Square Inches]
3553 patches before subdivision
94177 patches after subdivision
662 direct lights
0...1...2...3...4...5...6...7...8...9...100...1...2...3...4...5...6...7...8...9...10transfers 7755911, max 379
transfer lists:  59.2 megs
0...1...2...3...4...5...6...7...8...9...10	Bounce #1 added RGB(30764, 21299, 16266)
0...1...2...3...4...5...6...7...8...9...10	Bounce #2 added RGB(5236, 3409, 2458)
0...1...2...3...4...5...6...7...8...9...10	Bounce #3 added RGB(1195, 744, 475)
0...1...2...3...4...5...6...7...8...9...10	Bounce #4 added RGB(315, 204, 113)
0...1...2...3...4...5...6...7...8...9...10	Bounce #5 added RGB(97, 69, 33)
0...1...2...3...4...5...6...7...8...9...10	Bounce #6 added RGB(34, 27, 11)
0...1...2...3...4...5...6...7...8...9...10	Bounce #7 added RGB(14, 12, 4)
0...1...2...3...4...5...6...7...8...9...10	Bounce #8 added RGB(6, 6, 2)
0...1...2...3...4...5...6...7...8...9...10	Bounce #9 added RGB(3, 3, 1)
0...1...2...3...4...5...6...7...8...9...10	Bounce #10 added RGB(1, 1, 0)
0...1...2...3...4...5...6...7...8...9...10	Bounce #11 added RGB(1, 1, 0)
Build Patch/Sample Hash Table(s).....Done<0.3723 sec>
0...1...2...3...4...5...6...7...8...9...10FinalLightFace Done
552 of 561 (98% of) surface lights went in leaf ambient cubes.
0...1...2...3...4...5...6...7...8...9...10Writing leaf ambient...done
Computing static prop lighting : 00...1...2...3...4...5...6...7...8...9...10
Ready to Finish

Object names       Objects/Maxobjs  Memory / Maxmem  Fullness 
------------       ---------------  ---------------  -------- 
models                 152/1024         7296/49152    (14.8%) 
brushes               1140/8192        13680/98304    (13.9%) 
brushsides            7511/65536       60088/524288   (11.5%) 
planes                4600/65536       92000/1310720  ( 7.0%) 
vertexes              6423/65536       77076/786432   ( 9.8%) 
nodes                 2244/65536       71808/2097152  ( 3.4%) 
texinfos               982/12288       70704/884736   ( 8.0%) 
texdata                102/2048         3264/65536    ( 5.0%) 
dispinfos                0/0               0/0        ( 0.0%) 
disp_verts               0/0               0/0        ( 0.0%) 
disp_tris                0/0               0/0        ( 0.0%) 
disp_multiblend          0/0               0/0        ( 0.0%) 
disp_lmsamples           0/0               0/0        ( 0.0%) 
faces                 3554/65536      199024/3670016  ( 5.4%) 
hdr faces                0/65536           0/3670016  ( 0.0%) 
origfaces             2116/65536      118496/3670016  ( 3.2%) 
facebrushes            481/0             962/0        ( 0.0%) 
facebrushlists        3554/0           14216/0        ( 0.0%) 
leaves                2397/65536       76704/2097152  ( 3.7%) 
leaffaces             4686/65536        9372/131072   ( 7.2%) 
leafbrushes           2476/65536        4952/131072   ( 3.8%) 
areas                   13/256           104/2048     ( 5.1%) 
surfedges            24946/512000      99784/2048000  ( 4.9%) 
edges                14681/256000      58724/1024000  ( 5.7%) 
LDR worldlights        662/8192        66200/819200   ( 8.1%) 
HDR worldlights          0/8192            0/819200   ( 0.0%) 
leafwaterdata            0/32768           0/393216   ( 0.0%) 
waterstrips            455/32768        4550/327680   ( 1.4%) 
waterverts               0/65536           0/786432   ( 0.0%) 
waterindices          6408/65536       12816/131072   ( 9.8%) 
cubemapsamples          18/1024          288/16384    ( 1.8%) 
overlays                39/512         13728/180224   ( 7.6%) 
LDR lightdata         [variable]     6583944/0        ( 0.0%) 
HDR lightdata         [variable]           0/0        ( 0.0%) 
visdata               [variable]       67979/16777216 ( 0.4%) 
entdata               [variable]      275375/393216   (70.0%) 
LDR ambient table     2397/65536        9588/262144   ( 3.7%) 
HDR ambient table     2397/65536        9588/262144   ( 3.7%) 
LDR leaf ambient      5524/65536      154672/1835008  ( 8.4%) 
HDR leaf ambient      2397/65536       67116/1835008  ( 3.7%) 
occluders                0/0               0/0        ( 0.0%) 
occluder polygons        0/0               0/0        ( 0.0%) 
occluder vert ind        0/0               0/0        ( 0.0%) 
detail props          [variable]           1/12       ( 8.3%) 
static props          [variable]           1/94952    ( 0.0%) 
pakfile               [variable]     7596442/0        ( 0.0%) 
physics               [variable]      428730/4194304  (10.2%) 
physics terrain       [variable]           2/1048576  ( 0.0%) 

Level flags = 1

Total triangle count: 9378
Writing c:\program files (x86)\steam\steamapps\common\portal 2\sdk_content\maps\wip\chapter 5\mp_coop_a2_bts4.bsp
5 minutes, 2 seconds elapsed



[Reading texlights from 'lights.rad']
[59 texlights parsed from 'lights.rad']

Loading c:\program files (x86)\steam\steamapps\common\portal 2\sdk_content\maps\wip\chapter 5\mp_coop_a2_bts4.bsp
Loaded alpha texture materials\models\props_foliage\Vines_thick_384.vtf
3554 faces
1 degenerate faces
943244 square feet [135827232.00 square inches]
0 Displacements
0 Square Feet [0.00 Square Inches]
3553 patches before subdivision
94177 patches after subdivision
662 direct lights
0...1...2...3...4...5...6...7...8...9...100...1...2...3...4...5...6...7...8...9...10transfers 7755911, max 379
transfer lists:  59.2 megs
0...1...2...3...4...5...6...7...8...9...10	Bounce #1 added RGB(24171, 19099, 16051)
0...1...2...3...4...5...6...7...8...9...10	Bounce #2 added RGB(4153, 3103, 2431)
0...1...2...3...4...5...6...7...8...9...10	Bounce #3 added RGB(956, 684, 470)
0...1...2...3...4...5...6...7...8...9...10	Bounce #4 added RGB(261, 192, 113)
0...1...2...3...4...5...6...7...8...9...10	Bounce #5 added RGB(84, 66, 33)
0...1...2...3...4...5...6...7...8...9...10	Bounce #6 added RGB(32, 27, 11)
0...1...2...3...4...5...6...7...8...9...10	Bounce #7 added RGB(13, 12, 4)
0...1...2...3...4...5...6...7...8...9...10	Bounce #8 added RGB(6, 6, 2)
0...1...2...3...4...5...6...7...8...9...10	Bounce #9 added RGB(3, 3, 1)
0...1...2...3...4...5...6...7...8...9...10	Bounce #10 added RGB(1, 1, 0)
0...1...2...3...4...5...6...7...8...9...10	Bounce #11 added RGB(1, 1, 0)
Build Patch/Sample Hash Table(s).....Done<0.3832 sec>
0...1...2...3...4...5...6...7...8...9...10FinalLightFace Done
555 of 561 (98% of) surface lights went in leaf ambient cubes.
0...1...2...3...4...5...6...7...8...9...10Writing leaf ambient...done
Computing static prop lighting : 00...1...2...3...4...5...6...7...8...9...10
Ready to Finish

Object names       Objects/Maxobjs  Memory / Maxmem  Fullness 
------------       ---------------  ---------------  -------- 
models                 152/1024         7296/49152    (14.8%) 
brushes               1140/8192        13680/98304    (13.9%) 
brushsides            7511/65536       60088/524288   (11.5%) 
planes                4600/65536       92000/1310720  ( 7.0%) 
vertexes              6423/65536       77076/786432   ( 9.8%) 
nodes                 2244/65536       71808/2097152  ( 3.4%) 
texinfos               982/12288       70704/884736   ( 8.0%) 
texdata                102/2048         3264/65536    ( 5.0%) 
dispinfos                0/0               0/0        ( 0.0%) 
disp_verts               0/0               0/0        ( 0.0%) 
disp_tris                0/0               0/0        ( 0.0%) 
disp_multiblend          0/0               0/0        ( 0.0%) 
disp_lmsamples           0/0               0/0        ( 0.0%) 
faces                 3554/65536      199024/3670016  ( 5.4%) 
hdr faces             3554/65536      199024/3670016  ( 5.4%) 
origfaces             2116/65536      118496/3670016  ( 3.2%) 
facebrushes            481/0             962/0        ( 0.0%) 
facebrushlists        3554/0           14216/0        ( 0.0%) 
leaves                2397/65536       76704/2097152  ( 3.7%) 
leaffaces             4686/65536        9372/131072   ( 7.2%) 
leafbrushes           2476/65536        4952/131072   ( 3.8%) 
areas                   13/256           104/2048     ( 5.1%) 
surfedges            24946/512000      99784/2048000  ( 4.9%) 
edges                14681/256000      58724/1024000  ( 5.7%) 
LDR worldlights        662/8192        66200/819200   ( 8.1%) 
HDR worldlights        662/8192        66200/819200   ( 8.1%) 
leafwaterdata            0/32768           0/393216   ( 0.0%) 
waterstrips            455/32768        4550/327680   ( 1.4%) 
waterverts               0/65536           0/786432   ( 0.0%) 
waterindices          6408/65536       12816/131072   ( 9.8%) 
cubemapsamples          18/1024          288/16384    ( 1.8%) 
overlays                39/512         13728/180224   ( 7.6%) 
LDR lightdata         [variable]     6583944/0        ( 0.0%) 
HDR lightdata         [variable]     6583944/0        ( 0.0%) 
visdata               [variable]       67979/16777216 ( 0.4%) 
entdata               [variable]      275375/393216   (70.0%) 
LDR ambient table     2397/65536        9588/262144   ( 3.7%) 
HDR ambient table     2397/65536        9588/262144   ( 3.7%) 
LDR leaf ambient      5524/65536      154672/1835008  ( 8.4%) 
HDR leaf ambient      5491/65536      153748/1835008  ( 8.4%) 
occluders                0/0               0/0        ( 0.0%) 
occluder polygons        0/0               0/0        ( 0.0%) 
occluder vert ind        0/0               0/0        ( 0.0%) 
detail props          [variable]           1/12       ( 8.3%) 
static props          [variable]           1/94952    ( 0.0%) 
pakfile               [variable]    13775968/0        ( 0.0%) 
physics               [variable]      428730/4194304  (10.2%) 
physics terrain       [variable]           2/1048576  ( 0.0%) 

Level flags = 3

Total triangle count: 9378
Writing c:\program files (x86)\steam\steamapps\common\portal 2\sdk_content\maps\wip\chapter 5\mp_coop_a2_bts4.bsp
36 minutes, 7 seconds elapsed
