


materialPath: C:\Program Files (x86)\Steam\steamapps\common\Portal 2\portal2\materials
Loading C:\Program Files (x86)\Steam\steamapps\common\Portal 2\sdk_content\maps\WIP\Chapter 1\mp_coop_a1_intro5.vmf
ConVarRef gpu_level doesn't point to an existing ConVar
fixing up env_cubemap materials on brush sides...
0...1...2...3...4...5...6...7...8...9...100...1...2...3...4...5...6...7...8...9...10Processing areas...done (0)
Building Faces...done (0)
Chop Details...done (0)
Find Visible Detail Sides...
Merged 476 detail faces...done (0)
Merging details...done (0)
FixTjuncs...
PruneNodes...
WriteBSP...
done (0)
writing C:\Program Files (x86)\Steam\steamapps\common\Portal 2\sdk_content\maps\WIP\Chapter 1\mp_coop_a1_intro5.prt...Building visibility clusters...
done (0)
Finding displacement neighbors...
Finding lightmap sample positions...
Displacement Alpha : 0...1...2...3...4...5...6...7...8...9...10
Building Physics collision data...
done (0) (405110 bytes)
Encountered obsolete static prop option to do its fade in screen space @ -288.00 -32.00 1005.47
Encountered obsolete static prop option to do its fade in screen space @ -352.00 -512.00 903.17
Encountered obsolete static prop option to do its fade in screen space @ 0.00 -912.00 320.00
Encountered obsolete static prop option to do its fade in screen space @ 0.00 -880.00 320.00
Encountered obsolete static prop option to do its fade in screen space @ -64.00 752.00 448.00
Encountered obsolete static prop option to do its fade in screen space @ -64.00 784.00 448.00
Placing detail props : 0...1...2...3...4...5...6...7...8...9...10
Compacting texture/material tables...
Reduced 1503 texinfos to 829
Reduced 98 texdatas to 88 (3259 bytes to 2913)
Writing C:\Program Files (x86)\Steam\steamapps\common\Portal 2\sdk_content\maps\WIP\Chapter 1\mp_coop_a1_intro5.bsp

nummapplanes:     (  5252 / 65536 )
nummapbrushes:    (  1080 /  8192 )
nummapbrushsides: (  8222 / 65536 )
num_map_overlays: (    57 /   512 )
nummodels:        (    78 /  1024 )
num_entities:     (   429 / 16384 )

1 second elapsed



24 threads
reading c:\program files (x86)\steam\steamapps\common\portal 2\sdk_content\maps\wip\chapter 1\mp_coop_a1_intro5.bsp
reading c:\program files (x86)\steam\steamapps\common\portal 2\sdk_content\maps\wip\chapter 1\mp_coop_a1_intro5.prt
 415 portalclusters
1154 numportals
0...1...2...3...4...5...6...7...8...9...10Optimized: 2841 visible clusters (0.00%)
Total clusters visible: 137364
Average clusters visible: 330
Building PAS...
Average clusters audible: 395
visdatasize:44885  compressed from 46480
writing c:\program files (x86)\steam\steamapps\common\portal 2\sdk_content\maps\wip\chapter 1\mp_coop_a1_intro5.bsp
0 seconds elapsed



Could not find lights.rad in lights.rad.
Trying VRAD BIN directory instead...
Warning: Couldn't open texlight file C:\Program Files (x86)\Steam\steamapps\common\Portal 2\bin\lights.rad.
Loading c:\program files (x86)\steam\steamapps\common\portal 2\sdk_content\maps\wip\chapter 1\mp_coop_a1_intro5.bsp
2403 faces
187437 square feet [26990988.00 square inches]
0 Displacements
0 Square Feet [0.00 Square Inches]
2403 patches before subdivision
27199 patches after subdivision
19 direct lights
0...1...2...3...4...5...6...7...8...9...100...1...2...3...4...5...6...7...8...9...10transfers 2486956, max 516
transfer lists:  19.0 megs
0...1...2...3...4...5...6...7...8...9...10	Bounce #1 added RGB(26698, 24914, 19367)
0...1...2...3...4...5...6...7...8...9...10	Bounce #2 added RGB(10497, 9697, 7388)
0...1...2...3...4...5...6...7...8...9...10	Bounce #3 added RGB(4809, 4413, 3308)
0...1...2...3...4...5...6...7...8...9...10	Bounce #4 added RGB(2148, 1956, 1445)
0...1...2...3...4...5...6...7...8...9...10	Bounce #5 added RGB(992, 896, 652)
0...1...2...3...4...5...6...7...8...9...10	Bounce #6 added RGB(455, 408, 293)
0...1...2...3...4...5...6...7...8...9...10	Bounce #7 added RGB(211, 187, 133)
0...1...2...3...4...5...6...7...8...9...10	Bounce #8 added RGB(98, 86, 60)
0...1...2...3...4...5...6...7...8...9...10	Bounce #9 added RGB(45, 40, 27)
0...1...2...3...4...5...6...7...8...9...10	Bounce #10 added RGB(21, 18, 12)
0...1...2...3...4...5...6...7...8...9...10	Bounce #11 added RGB(10, 8, 6)
0...1...2...3...4...5...6...7...8...9...10	Bounce #12 added RGB(5, 4, 3)
0...1...2...3...4...5...6...7...8...9...10	Bounce #13 added RGB(2, 2, 1)
0...1...2...3...4...5...6...7...8...9...10	Bounce #14 added RGB(1, 1, 1)
Build Patch/Sample Hash Table(s).....Done<0.0040 sec>
0...1...2...3...4...5...6...7...8...9...10FinalLightFace Done
0 of 0 (0% of) surface lights went in leaf ambient cubes.
0...1...2...3...4...5...6...7...8...9...10Writing leaf ambient...done
Ready to Finish

Object names       Objects/Maxobjs  Memory / Maxmem  Fullness 
------------       ---------------  ---------------  -------- 
models                  78/1024         3744/49152    ( 7.6%) 
brushes               1080/8192        12960/98304    (13.2%) 
brushsides            8225/65536       65800/524288   (12.6%) 
planes                5252/65536      105040/1310720  ( 8.0%) 
vertexes              4901/65536       58812/786432   ( 7.5%) 
nodes                 1414/65536       45248/2097152  ( 2.2%) 
texinfos               829/12288       59688/884736   ( 6.7%) 
texdata                 88/2048         2816/65536    ( 4.3%) 
dispinfos                0/0               0/0        ( 0.0%) 
disp_verts               0/0               0/0        ( 0.0%) 
disp_tris                0/0               0/0        ( 0.0%) 
disp_multiblend          0/0               0/0        ( 0.0%) 
disp_lmsamples           0/0               0/0        ( 0.0%) 
faces                 2403/65536      134568/3670016  ( 3.7%) 
hdr faces                0/65536           0/3670016  ( 0.0%) 
origfaces             1965/65536      110040/3670016  ( 3.0%) 
facebrushes            278/0             556/0        ( 0.0%) 
facebrushlists        2403/0            9612/0        ( 0.0%) 
leaves                1493/65536       47776/2097152  ( 2.3%) 
leaffaces             3225/65536        6450/131072   ( 4.9%) 
leafbrushes           2172/65536        4344/131072   ( 3.3%) 
areas                   12/256            96/2048     ( 4.7%) 
surfedges            19029/512000      76116/2048000  ( 3.7%) 
edges                11707/256000      46828/1024000  ( 4.6%) 
LDR worldlights         19/8192         1900/819200   ( 0.2%) 
HDR worldlights          0/8192            0/819200   ( 0.0%) 
leafwaterdata            1/32768          12/393216   ( 0.0%) 
waterstrips            202/32768        2020/327680   ( 0.6%) 
waterverts               0/65536           0/786432   ( 0.0%) 
waterindices          3456/65536        6912/131072   ( 5.3%) 
cubemapsamples          10/1024          160/16384    ( 1.0%) 
overlays                57/512         20064/180224   (11.1%) 
LDR lightdata         [variable]     1746056/0        ( 0.0%) 
HDR lightdata         [variable]           0/0        ( 0.0%) 
visdata               [variable]       44885/16777216 ( 0.3%) 
entdata               [variable]      163516/393216   (41.6%) 
LDR ambient table     1493/65536        5972/262144   ( 2.3%) 
HDR ambient table     1493/65536        5972/262144   ( 2.3%) 
LDR leaf ambient      5911/65536      165508/1835008  ( 9.0%) 
HDR leaf ambient      1493/65536       41804/1835008  ( 2.3%) 
occluders                0/0               0/0        ( 0.0%) 
occluder polygons        0/0               0/0        ( 0.0%) 
occluder vert ind        0/0               0/0        ( 0.0%) 
detail props          [variable]           1/12       ( 8.3%) 
static props          [variable]           1/25576    ( 0.0%) 
pakfile               [variable]      825199/0        ( 0.0%) 
physics               [variable]      405110/4194304  ( 9.7%) 
physics terrain       [variable]           2/1048576  ( 0.0%) 

Level flags = 0

Total triangle count: 6434
Writing c:\program files (x86)\steam\steamapps\common\portal 2\sdk_content\maps\wip\chapter 1\mp_coop_a1_intro5.bsp
5 seconds elapsed



materialPath: C:\Program Files (x86)\Steam\steamapps\common\Portal 2\portal2\materials
Loading C:\Program Files (x86)\Steam\steamapps\common\Portal 2\sdk_content\maps\WIP\Chapter 1\mp_coop_a1_intro5.vmf
ConVarRef gpu_level doesn't point to an existing ConVar
fixing up env_cubemap materials on brush sides...
0...1...2...3...4...5...6...7...8...9...100...1...2...3...4...5...6...7...8...9...10Processing areas...done (0)
Building Faces...done (0)
Chop Details...done (0)
Find Visible Detail Sides...
Merged 476 detail faces...done (0)
Merging details...done (0)
FixTjuncs...
PruneNodes...
WriteBSP...
done (0)
writing C:\Program Files (x86)\Steam\steamapps\common\Portal 2\sdk_content\maps\WIP\Chapter 1\mp_coop_a1_intro5.prt...Building visibility clusters...
done (0)
Finding displacement neighbors...
Finding lightmap sample positions...
Displacement Alpha : 0...1...2...3...4...5...6...7...8...9...10
Building Physics collision data...
done (0) (405110 bytes)
Encountered obsolete static prop option to do its fade in screen space @ -288.00 -32.00 1005.47
Encountered obsolete static prop option to do its fade in screen space @ -352.00 -512.00 903.17
Encountered obsolete static prop option to do its fade in screen space @ 0.00 -912.00 320.00
Encountered obsolete static prop option to do its fade in screen space @ 0.00 -880.00 320.00
Encountered obsolete static prop option to do its fade in screen space @ -64.00 752.00 448.00
Encountered obsolete static prop option to do its fade in screen space @ -64.00 784.00 448.00
Placing detail props : 0...1...2...3...4...5...6...7...8...9...10
Compacting texture/material tables...
Reduced 1503 texinfos to 829
Reduced 98 texdatas to 88 (3259 bytes to 2913)
Writing C:\Program Files (x86)\Steam\steamapps\common\Portal 2\sdk_content\maps\WIP\Chapter 1\mp_coop_a1_intro5.bsp

nummapplanes:     (  5252 / 65536 )
nummapbrushes:    (  1080 /  8192 )
nummapbrushsides: (  8222 / 65536 )
num_map_overlays: (    57 /   512 )
nummodels:        (    78 /  1024 )
num_entities:     (   430 / 16384 )

1 second elapsed



24 threads
reading c:\program files (x86)\steam\steamapps\common\portal 2\sdk_content\maps\wip\chapter 1\mp_coop_a1_intro5.bsp
reading c:\program files (x86)\steam\steamapps\common\portal 2\sdk_content\maps\wip\chapter 1\mp_coop_a1_intro5.prt
 415 portalclusters
1154 numportals
0...1...2...3...4...5...6...7...8...9...10Optimized: 2841 visible clusters (0.00%)
Total clusters visible: 137364
Average clusters visible: 330
Building PAS...
Average clusters audible: 395
visdatasize:44885  compressed from 46480
writing c:\program files (x86)\steam\steamapps\common\portal 2\sdk_content\maps\wip\chapter 1\mp_coop_a1_intro5.bsp
0 seconds elapsed



Could not find lights.rad in lights.rad.
Trying VRAD BIN directory instead...
Warning: Couldn't open texlight file C:\Program Files (x86)\Steam\steamapps\common\Portal 2\bin\lights.rad.
Loading c:\program files (x86)\steam\steamapps\common\portal 2\sdk_content\maps\wip\chapter 1\mp_coop_a1_intro5.bsp
2403 faces
187437 square feet [26990988.00 square inches]
0 Displacements
0 Square Feet [0.00 Square Inches]
2403 patches before subdivision
27199 patches after subdivision
19 direct lights
0...1...2...3...4...5...6...7...8...9...100...1...2...3...4...5...6...7...8...9...10transfers 2486956, max 516
transfer lists:  19.0 megs
0...1...2...3...4...5...6...7...8...9...10	Bounce #1 added RGB(26698, 24914, 19367)
0...1...2...3...4...5...6...7...8...9...10	Bounce #2 added RGB(10497, 9697, 7388)
0...1...2...3...4...5...6...7...8...9...10	Bounce #3 added RGB(4809, 4413, 3308)
0...1...2...3...4...5...6...7...8...9...10	Bounce #4 added RGB(2148, 1956, 1445)
0...1...2...3...4...5...6...7...8...9...10	Bounce #5 added RGB(992, 896, 652)
0...1...2...3...4...5...6...7...8...9...10	Bounce #6 added RGB(455, 408, 293)
0...1...2...3...4...5...6...7...8...9...10	Bounce #7 added RGB(211, 187, 133)
0...1...2...3...4...5...6...7...8...9...10	Bounce #8 added RGB(98, 86, 60)
0...1...2...3...4...5...6...7...8...9...10	Bounce #9 added RGB(45, 40, 27)
0...1...2...3...4...5...6...7...8...9...10	Bounce #10 added RGB(21, 18, 12)
0...1...2...3...4...5...6...7...8...9...10	Bounce #11 added RGB(10, 8, 6)
0...1...2...3...4...5...6...7...8...9...10	Bounce #12 added RGB(5, 4, 3)
0...1...2...3...4...5...6...7...8...9...10	Bounce #13 added RGB(2, 2, 1)
0...1...2...3...4...5...6...7...8...9...10	Bounce #14 added RGB(1, 1, 1)
Build Patch/Sample Hash Table(s).....Done<0.0046 sec>
0...1...2...3...4...5...6...7...8...9...10FinalLightFace Done
0 of 0 (0% of) surface lights went in leaf ambient cubes.
0...1...2...3...4...5...6...7...8...9...10Writing leaf ambient...done
Ready to Finish

Object names       Objects/Maxobjs  Memory / Maxmem  Fullness 
------------       ---------------  ---------------  -------- 
models                  78/1024         3744/49152    ( 7.6%) 
brushes               1080/8192        12960/98304    (13.2%) 
brushsides            8225/65536       65800/524288   (12.6%) 
planes                5252/65536      105040/1310720  ( 8.0%) 
vertexes              4901/65536       58812/786432   ( 7.5%) 
nodes                 1414/65536       45248/2097152  ( 2.2%) 
texinfos               829/12288       59688/884736   ( 6.7%) 
texdata                 88/2048         2816/65536    ( 4.3%) 
dispinfos                0/0               0/0        ( 0.0%) 
disp_verts               0/0               0/0        ( 0.0%) 
disp_tris                0/0               0/0        ( 0.0%) 
disp_multiblend          0/0               0/0        ( 0.0%) 
disp_lmsamples           0/0               0/0        ( 0.0%) 
faces                 2403/65536      134568/3670016  ( 3.7%) 
hdr faces                0/65536           0/3670016  ( 0.0%) 
origfaces             1965/65536      110040/3670016  ( 3.0%) 
facebrushes            278/0             556/0        ( 0.0%) 
facebrushlists        2403/0            9612/0        ( 0.0%) 
leaves                1493/65536       47776/2097152  ( 2.3%) 
leaffaces             3225/65536        6450/131072   ( 4.9%) 
leafbrushes           2172/65536        4344/131072   ( 3.3%) 
areas                   12/256            96/2048     ( 4.7%) 
surfedges            19029/512000      76116/2048000  ( 3.7%) 
edges                11707/256000      46828/1024000  ( 4.6%) 
LDR worldlights         19/8192         1900/819200   ( 0.2%) 
HDR worldlights          0/8192            0/819200   ( 0.0%) 
leafwaterdata            1/32768          12/393216   ( 0.0%) 
waterstrips            202/32768        2020/327680   ( 0.6%) 
waterverts               0/65536           0/786432   ( 0.0%) 
waterindices          3456/65536        6912/131072   ( 5.3%) 
cubemapsamples          10/1024          160/16384    ( 1.0%) 
overlays                57/512         20064/180224   (11.1%) 
LDR lightdata         [variable]     1746056/0        ( 0.0%) 
HDR lightdata         [variable]           0/0        ( 0.0%) 
visdata               [variable]       44885/16777216 ( 0.3%) 
entdata               [variable]      163688/393216   (41.6%) 
LDR ambient table     1493/65536        5972/262144   ( 2.3%) 
HDR ambient table     1493/65536        5972/262144   ( 2.3%) 
LDR leaf ambient      5911/65536      165508/1835008  ( 9.0%) 
HDR leaf ambient      1493/65536       41804/1835008  ( 2.3%) 
occluders                0/0               0/0        ( 0.0%) 
occluder polygons        0/0               0/0        ( 0.0%) 
occluder vert ind        0/0               0/0        ( 0.0%) 
detail props          [variable]           1/12       ( 8.3%) 
static props          [variable]           1/25576    ( 0.0%) 
pakfile               [variable]      825199/0        ( 0.0%) 
physics               [variable]      405110/4194304  ( 9.7%) 
physics terrain       [variable]           2/1048576  ( 0.0%) 

Level flags = 0

Total triangle count: 6434
Writing c:\program files (x86)\steam\steamapps\common\portal 2\sdk_content\maps\wip\chapter 1\mp_coop_a1_intro5.bsp
5 seconds elapsed



materialPath: C:\Program Files (x86)\Steam\steamapps\common\Portal 2\portal2\materials
Loading C:\Program Files (x86)\Steam\steamapps\common\Portal 2\sdk_content\maps\WIP\Chapter 1\mp_coop_a1_intro5.vmf
ConVarRef gpu_level doesn't point to an existing ConVar
fixing up env_cubemap materials on brush sides...
0...1...2...3...4...5...6...7...8...9...100...1...2...3...4...5...6...7...8...9...10Processing areas...done (0)
Building Faces...done (0)
Chop Details...done (0)
Find Visible Detail Sides...
Merged 476 detail faces...done (0)
Merging details...done (0)
FixTjuncs...
PruneNodes...
WriteBSP...
done (0)
writing C:\Program Files (x86)\Steam\steamapps\common\Portal 2\sdk_content\maps\WIP\Chapter 1\mp_coop_a1_intro5.prt...Building visibility clusters...
done (0)
Finding displacement neighbors...
Finding lightmap sample positions...
Displacement Alpha : 0...1...2...3...4...5...6...7...8...9...10
Building Physics collision data...
done (0) (405110 bytes)
Encountered obsolete static prop option to do its fade in screen space @ -288.00 -32.00 1005.47
Encountered obsolete static prop option to do its fade in screen space @ -352.00 -512.00 903.17
Encountered obsolete static prop option to do its fade in screen space @ 0.00 -912.00 320.00
Encountered obsolete static prop option to do its fade in screen space @ 0.00 -880.00 320.00
Encountered obsolete static prop option to do its fade in screen space @ -64.00 752.00 448.00
Encountered obsolete static prop option to do its fade in screen space @ -64.00 784.00 448.00
Placing detail props : 0...1...2...3...4...5...6...7...8...9...10
Compacting texture/material tables...
Reduced 1503 texinfos to 829
Reduced 98 texdatas to 88 (3259 bytes to 2913)
Writing C:\Program Files (x86)\Steam\steamapps\common\Portal 2\sdk_content\maps\WIP\Chapter 1\mp_coop_a1_intro5.bsp

nummapplanes:     (  5252 / 65536 )
nummapbrushes:    (  1080 /  8192 )
nummapbrushsides: (  8222 / 65536 )
num_map_overlays: (    57 /   512 )
nummodels:        (    78 /  1024 )
num_entities:     (   429 / 16384 )

1 second elapsed



24 threads
reading c:\program files (x86)\steam\steamapps\common\portal 2\sdk_content\maps\wip\chapter 1\mp_coop_a1_intro5.bsp
reading c:\program files (x86)\steam\steamapps\common\portal 2\sdk_content\maps\wip\chapter 1\mp_coop_a1_intro5.prt
 415 portalclusters
1154 numportals
0...1...2...3...4...5...6...7...8...9...10Optimized: 2841 visible clusters (0.00%)
Total clusters visible: 137364
Average clusters visible: 330
Building PAS...
Average clusters audible: 395
visdatasize:44885  compressed from 46480
writing c:\program files (x86)\steam\steamapps\common\portal 2\sdk_content\maps\wip\chapter 1\mp_coop_a1_intro5.bsp
0 seconds elapsed



Could not find lights.rad in lights.rad.
Trying VRAD BIN directory instead...
Warning: Couldn't open texlight file C:\Program Files (x86)\Steam\steamapps\common\Portal 2\bin\lights.rad.
Loading c:\program files (x86)\steam\steamapps\common\portal 2\sdk_content\maps\wip\chapter 1\mp_coop_a1_intro5.bsp
2403 faces
187437 square feet [26990988.00 square inches]
0 Displacements
0 Square Feet [0.00 Square Inches]
2403 patches before subdivision
27199 patches after subdivision
19 direct lights
0...1...2...3...4...5...6...7...8...9...100...1...2...3...4...5...6...7...8...9...10transfers 2486956, max 516
transfer lists:  19.0 megs
0...1...2...3...4...5...6...7...8...9...10	Bounce #1 added RGB(26698, 24914, 19367)
0...1...2...3...4...5...6...7...8...9...10	Bounce #2 added RGB(10497, 9697, 7388)
0...1...2...3...4...5...6...7...8...9...10	Bounce #3 added RGB(4809, 4413, 3308)
0...1...2...3...4...5...6...7...8...9...10	Bounce #4 added RGB(2148, 1956, 1445)
0...1...2...3...4...5...6...7...8...9...10	Bounce #5 added RGB(992, 896, 652)
0...1...2...3...4...5...6...7...8...9...10	Bounce #6 added RGB(455, 408, 293)
0...1...2...3...4...5...6...7...8...9...10	Bounce #7 added RGB(211, 187, 133)
0...1...2...3...4...5...6...7...8...9...10	Bounce #8 added RGB(98, 86, 60)
0...1...2...3...4...5...6...7...8...9...10	Bounce #9 added RGB(45, 40, 27)
0...1...2...3...4...5...6...7...8...9...10	Bounce #10 added RGB(21, 18, 12)
0...1...2...3...4...5...6...7...8...9...10	Bounce #11 added RGB(10, 8, 6)
0...1...2...3...4...5...6...7...8...9...10	Bounce #12 added RGB(5, 4, 3)
0...1...2...3...4...5...6...7...8...9...10	Bounce #13 added RGB(2, 2, 1)
0...1...2...3...4...5...6...7...8...9...10	Bounce #14 added RGB(1, 1, 1)
Build Patch/Sample Hash Table(s).....Done<0.0039 sec>
0...1...2...3...4...5...6...7...8...9...10FinalLightFace Done
0 of 0 (0% of) surface lights went in leaf ambient cubes.
0...1...2...3...4...5...6...7...8...9...10Writing leaf ambient...done
Ready to Finish

Object names       Objects/Maxobjs  Memory / Maxmem  Fullness 
------------       ---------------  ---------------  -------- 
models                  78/1024         3744/49152    ( 7.6%) 
brushes               1080/8192        12960/98304    (13.2%) 
brushsides            8225/65536       65800/524288   (12.6%) 
planes                5252/65536      105040/1310720  ( 8.0%) 
vertexes              4901/65536       58812/786432   ( 7.5%) 
nodes                 1414/65536       45248/2097152  ( 2.2%) 
texinfos               829/12288       59688/884736   ( 6.7%) 
texdata                 88/2048         2816/65536    ( 4.3%) 
dispinfos                0/0               0/0        ( 0.0%) 
disp_verts               0/0               0/0        ( 0.0%) 
disp_tris                0/0               0/0        ( 0.0%) 
disp_multiblend          0/0               0/0        ( 0.0%) 
disp_lmsamples           0/0               0/0        ( 0.0%) 
faces                 2403/65536      134568/3670016  ( 3.7%) 
hdr faces                0/65536           0/3670016  ( 0.0%) 
origfaces             1965/65536      110040/3670016  ( 3.0%) 
facebrushes            278/0             556/0        ( 0.0%) 
facebrushlists        2403/0            9612/0        ( 0.0%) 
leaves                1493/65536       47776/2097152  ( 2.3%) 
leaffaces             3225/65536        6450/131072   ( 4.9%) 
leafbrushes           2172/65536        4344/131072   ( 3.3%) 
areas                   12/256            96/2048     ( 4.7%) 
surfedges            19029/512000      76116/2048000  ( 3.7%) 
edges                11707/256000      46828/1024000  ( 4.6%) 
LDR worldlights         19/8192         1900/819200   ( 0.2%) 
HDR worldlights          0/8192            0/819200   ( 0.0%) 
leafwaterdata            1/32768          12/393216   ( 0.0%) 
waterstrips            202/32768        2020/327680   ( 0.6%) 
waterverts               0/65536           0/786432   ( 0.0%) 
waterindices          3456/65536        6912/131072   ( 5.3%) 
cubemapsamples          10/1024          160/16384    ( 1.0%) 
overlays                57/512         20064/180224   (11.1%) 
LDR lightdata         [variable]     1746056/0        ( 0.0%) 
HDR lightdata         [variable]           0/0        ( 0.0%) 
visdata               [variable]       44885/16777216 ( 0.3%) 
entdata               [variable]      163126/393216   (41.5%) 
LDR ambient table     1493/65536        5972/262144   ( 2.3%) 
HDR ambient table     1493/65536        5972/262144   ( 2.3%) 
LDR leaf ambient      5911/65536      165508/1835008  ( 9.0%) 
HDR leaf ambient      1493/65536       41804/1835008  ( 2.3%) 
occluders                0/0               0/0        ( 0.0%) 
occluder polygons        0/0               0/0        ( 0.0%) 
occluder vert ind        0/0               0/0        ( 0.0%) 
detail props          [variable]           1/12       ( 8.3%) 
static props          [variable]           1/25576    ( 0.0%) 
pakfile               [variable]      825199/0        ( 0.0%) 
physics               [variable]      405110/4194304  ( 9.7%) 
physics terrain       [variable]           2/1048576  ( 0.0%) 

Level flags = 0

Total triangle count: 6434
Writing c:\program files (x86)\steam\steamapps\common\portal 2\sdk_content\maps\wip\chapter 1\mp_coop_a1_intro5.bsp
5 seconds elapsed



materialPath: C:\Program Files (x86)\Steam\steamapps\common\Portal 2\portal2\materials
Loading C:\Program Files (x86)\Steam\steamapps\common\Portal 2\sdk_content\maps\WIP\Chapter 1\mp_coop_a1_intro5.vmf
ConVarRef gpu_level doesn't point to an existing ConVar
fixing up env_cubemap materials on brush sides...
0...1...2...3...4...5...6...7...8...9...100...1...2...3...4...5...6...7...8...9...10Processing areas...done (0)
Building Faces...done (0)
Chop Details...done (0)
Find Visible Detail Sides...
Merged 476 detail faces...done (0)
Merging details...done (0)
FixTjuncs...
PruneNodes...
WriteBSP...
done (0)
writing C:\Program Files (x86)\Steam\steamapps\common\Portal 2\sdk_content\maps\WIP\Chapter 1\mp_coop_a1_intro5.prt...Building visibility clusters...
done (0)
Finding displacement neighbors...
Finding lightmap sample positions...
Displacement Alpha : 0...1...2...3...4...5...6...7...8...9...10
Building Physics collision data...
done (0) (405110 bytes)
Encountered obsolete static prop option to do its fade in screen space @ -288.00 -32.00 1005.47
Encountered obsolete static prop option to do its fade in screen space @ -352.00 -512.00 903.17
Encountered obsolete static prop option to do its fade in screen space @ 0.00 -912.00 320.00
Encountered obsolete static prop option to do its fade in screen space @ 0.00 -880.00 320.00
Encountered obsolete static prop option to do its fade in screen space @ -64.00 752.00 448.00
Encountered obsolete static prop option to do its fade in screen space @ -64.00 784.00 448.00
Placing detail props : 0...1...2...3...4...5...6...7...8...9...10
Compacting texture/material tables...
Reduced 1503 texinfos to 829
Reduced 98 texdatas to 88 (3259 bytes to 2913)
Writing C:\Program Files (x86)\Steam\steamapps\common\Portal 2\sdk_content\maps\WIP\Chapter 1\mp_coop_a1_intro5.bsp

nummapplanes:     (  5252 / 65536 )
nummapbrushes:    (  1080 /  8192 )
nummapbrushsides: (  8222 / 65536 )
num_map_overlays: (    57 /   512 )
nummodels:        (    78 /  1024 )
num_entities:     (   429 / 16384 )

1 second elapsed



24 threads
reading c:\program files (x86)\steam\steamapps\common\portal 2\sdk_content\maps\wip\chapter 1\mp_coop_a1_intro5.bsp
reading c:\program files (x86)\steam\steamapps\common\portal 2\sdk_content\maps\wip\chapter 1\mp_coop_a1_intro5.prt
 415 portalclusters
1154 numportals
0...1...2...3...4...5...6...7...8...9...10Optimized: 2841 visible clusters (0.00%)
Total clusters visible: 137364
Average clusters visible: 330
Building PAS...
Average clusters audible: 395
visdatasize:44885  compressed from 46480
writing c:\program files (x86)\steam\steamapps\common\portal 2\sdk_content\maps\wip\chapter 1\mp_coop_a1_intro5.bsp
0 seconds elapsed



Could not find lights.rad in lights.rad.
Trying VRAD BIN directory instead...
Warning: Couldn't open texlight file C:\Program Files (x86)\Steam\steamapps\common\Portal 2\bin\lights.rad.
Loading c:\program files (x86)\steam\steamapps\common\portal 2\sdk_content\maps\wip\chapter 1\mp_coop_a1_intro5.bsp
2403 faces
187437 square feet [26990988.00 square inches]
0 Displacements
0 Square Feet [0.00 Square Inches]
2403 patches before subdivision
27199 patches after subdivision
19 direct lights
0...1...2...3...4...5...6...7...8...9...100...1...2...3...4...5...6...7...8...9...10transfers 2486956, max 516
transfer lists:  19.0 megs
0...1...2...3...4...5...6...7...8...9...10	Bounce #1 added RGB(26698, 24914, 19367)
0...1...2...3...4...5...6...7...8...9...10	Bounce #2 added RGB(10497, 9697, 7388)
0...1...2...3...4...5...6...7...8...9...10	Bounce #3 added RGB(4809, 4413, 3308)
0...1...2...3...4...5...6...7...8...9...10	Bounce #4 added RGB(2148, 1956, 1445)
0...1...2...3...4...5...6...7...8...9...10	Bounce #5 added RGB(992, 896, 652)
0...1...2...3...4...5...6...7...8...9...10	Bounce #6 added RGB(455, 408, 293)
0...1...2...3...4...5...6...7...8...9...10	Bounce #7 added RGB(211, 187, 133)
0...1...2...3...4...5...6...7...8...9...10	Bounce #8 added RGB(98, 86, 60)
0...1...2...3...4...5...6...7...8...9...10	Bounce #9 added RGB(45, 40, 27)
0...1...2...3...4...5...6...7...8...9...10	Bounce #10 added RGB(21, 18, 12)
0...1...2...3...4...5...6...7...8...9...10	Bounce #11 added RGB(10, 8, 6)
0...1...2...3...4...5...6...7...8...9...10	Bounce #12 added RGB(5, 4, 3)
0...1...2...3...4...5...6...7...8...9...10	Bounce #13 added RGB(2, 2, 1)
0...1...2...3...4...5...6...7...8...9...10	Bounce #14 added RGB(1, 1, 1)
Build Patch/Sample Hash Table(s).....Done<0.0041 sec>
0...1...2...3...4...5...6...7...8...9...10FinalLightFace Done
0 of 0 (0% of) surface lights went in leaf ambient cubes.
0...1...2...3...4...5...6...7...8...9...10Writing leaf ambient...done
Ready to Finish

Object names       Objects/Maxobjs  Memory / Maxmem  Fullness 
------------       ---------------  ---------------  -------- 
models                  78/1024         3744/49152    ( 7.6%) 
brushes               1080/8192        12960/98304    (13.2%) 
brushsides            8225/65536       65800/524288   (12.6%) 
planes                5252/65536      105040/1310720  ( 8.0%) 
vertexes              4901/65536       58812/786432   ( 7.5%) 
nodes                 1414/65536       45248/2097152  ( 2.2%) 
texinfos               829/12288       59688/884736   ( 6.7%) 
texdata                 88/2048         2816/65536    ( 4.3%) 
dispinfos                0/0               0/0        ( 0.0%) 
disp_verts               0/0               0/0        ( 0.0%) 
disp_tris                0/0               0/0        ( 0.0%) 
disp_multiblend          0/0               0/0        ( 0.0%) 
disp_lmsamples           0/0               0/0        ( 0.0%) 
faces                 2403/65536      134568/3670016  ( 3.7%) 
hdr faces                0/65536           0/3670016  ( 0.0%) 
origfaces             1965/65536      110040/3670016  ( 3.0%) 
facebrushes            278/0             556/0        ( 0.0%) 
facebrushlists        2403/0            9612/0        ( 0.0%) 
leaves                1493/65536       47776/2097152  ( 2.3%) 
leaffaces             3225/65536        6450/131072   ( 4.9%) 
leafbrushes           2172/65536        4344/131072   ( 3.3%) 
areas                   12/256            96/2048     ( 4.7%) 
surfedges            19029/512000      76116/2048000  ( 3.7%) 
edges                11707/256000      46828/1024000  ( 4.6%) 
LDR worldlights         19/8192         1900/819200   ( 0.2%) 
HDR worldlights          0/8192            0/819200   ( 0.0%) 
leafwaterdata            1/32768          12/393216   ( 0.0%) 
waterstrips            202/32768        2020/327680   ( 0.6%) 
waterverts               0/65536           0/786432   ( 0.0%) 
waterindices          3456/65536        6912/131072   ( 5.3%) 
cubemapsamples          10/1024          160/16384    ( 1.0%) 
overlays                57/512         20064/180224   (11.1%) 
LDR lightdata         [variable]     1746056/0        ( 0.0%) 
HDR lightdata         [variable]           0/0        ( 0.0%) 
visdata               [variable]       44885/16777216 ( 0.3%) 
entdata               [variable]      163162/393216   (41.5%) 
LDR ambient table     1493/65536        5972/262144   ( 2.3%) 
HDR ambient table     1493/65536        5972/262144   ( 2.3%) 
LDR leaf ambient      5911/65536      165508/1835008  ( 9.0%) 
HDR leaf ambient      1493/65536       41804/1835008  ( 2.3%) 
occluders                0/0               0/0        ( 0.0%) 
occluder polygons        0/0               0/0        ( 0.0%) 
occluder vert ind        0/0               0/0        ( 0.0%) 
detail props          [variable]           1/12       ( 8.3%) 
static props          [variable]           1/25576    ( 0.0%) 
pakfile               [variable]      825199/0        ( 0.0%) 
physics               [variable]      405110/4194304  ( 9.7%) 
physics terrain       [variable]           2/1048576  ( 0.0%) 

Level flags = 0

Total triangle count: 6434
Writing c:\program files (x86)\steam\steamapps\common\portal 2\sdk_content\maps\wip\chapter 1\mp_coop_a1_intro5.bsp
5 seconds elapsed



materialPath: C:\Program Files (x86)\Steam\steamapps\common\Portal 2\portal2\materials
Loading C:\Program Files (x86)\Steam\steamapps\common\Portal 2\sdk_content\maps\WIP\Chapter 1\mp_coop_a1_intro5.vmf
ConVarRef gpu_level doesn't point to an existing ConVar
fixing up env_cubemap materials on brush sides...
0...1...2...3...4...5...6...7...8...9...100...1...2...3...4...5...6...7...8...9...10Processing areas...done (0)
Building Faces...done (0)
Chop Details...done (0)
Find Visible Detail Sides...
Merged 476 detail faces...done (0)
Merging details...done (0)
FixTjuncs...
PruneNodes...
WriteBSP...
done (0)
writing C:\Program Files (x86)\Steam\steamapps\common\Portal 2\sdk_content\maps\WIP\Chapter 1\mp_coop_a1_intro5.prt...Building visibility clusters...
done (0)
Finding displacement neighbors...
Finding lightmap sample positions...
Displacement Alpha : 0...1...2...3...4...5...6...7...8...9...10
Building Physics collision data...
done (0) (405110 bytes)
Encountered obsolete static prop option to do its fade in screen space @ -288.00 -32.00 1005.47
Encountered obsolete static prop option to do its fade in screen space @ -352.00 -512.00 903.17
Encountered obsolete static prop option to do its fade in screen space @ 0.00 -912.00 320.00
Encountered obsolete static prop option to do its fade in screen space @ 0.00 -880.00 320.00
Encountered obsolete static prop option to do its fade in screen space @ -64.00 752.00 448.00
Encountered obsolete static prop option to do its fade in screen space @ -64.00 784.00 448.00
Placing detail props : 0...1...2...3...4...5...6...7...8...9...10
Compacting texture/material tables...
Reduced 1503 texinfos to 829
Reduced 98 texdatas to 88 (3259 bytes to 2913)
Writing C:\Program Files (x86)\Steam\steamapps\common\Portal 2\sdk_content\maps\WIP\Chapter 1\mp_coop_a1_intro5.bsp

nummapplanes:     (  5252 / 65536 )
nummapbrushes:    (  1080 /  8192 )
nummapbrushsides: (  8222 / 65536 )
num_map_overlays: (    57 /   512 )
nummodels:        (    78 /  1024 )
num_entities:     (   429 / 16384 )

1 second elapsed



24 threads
reading c:\program files (x86)\steam\steamapps\common\portal 2\sdk_content\maps\wip\chapter 1\mp_coop_a1_intro5.bsp
reading c:\program files (x86)\steam\steamapps\common\portal 2\sdk_content\maps\wip\chapter 1\mp_coop_a1_intro5.prt
 415 portalclusters
1154 numportals
0...1...2...3...4...5...6...7...8...9...10Optimized: 2841 visible clusters (0.00%)
Total clusters visible: 137364
Average clusters visible: 330
Building PAS...
Average clusters audible: 395
visdatasize:44885  compressed from 46480
writing c:\program files (x86)\steam\steamapps\common\portal 2\sdk_content\maps\wip\chapter 1\mp_coop_a1_intro5.bsp
0 seconds elapsed



Could not find lights.rad in lights.rad.
Trying VRAD BIN directory instead...
Warning: Couldn't open texlight file C:\Program Files (x86)\Steam\steamapps\common\Portal 2\bin\lights.rad.
Loading c:\program files (x86)\steam\steamapps\common\portal 2\sdk_content\maps\wip\chapter 1\mp_coop_a1_intro5.bsp
2403 faces
187437 square feet [26990988.00 square inches]
0 Displacements
0 Square Feet [0.00 Square Inches]
2403 patches before subdivision
27199 patches after subdivision
19 direct lights
0...1...2...3...4...5...6...7...8...9...100...1...2...3...4...5...6...7...8...9...10transfers 2486956, max 516
transfer lists:  19.0 megs
0...1...2...3...4...5...6...7...8...9...10	Bounce #1 added RGB(26698, 24914, 19367)
0...1...2...3...4...5...6...7...8...9...10	Bounce #2 added RGB(10497, 9697, 7388)
0...1...2...3...4...5...6...7...8...9...10	Bounce #3 added RGB(4809, 4413, 3308)
0...1...2...3...4...5...6...7...8...9...10	Bounce #4 added RGB(2148, 1956, 1445)
0...1...2...3...4...5...6...7...8...9...10	Bounce #5 added RGB(992, 896, 652)
0...1...2...3...4...5...6...7...8...9...10	Bounce #6 added RGB(455, 408, 293)
0...1...2...3...4...5...6...7...8...9...10	Bounce #7 added RGB(211, 187, 133)
0...1...2...3...4...5...6...7...8...9...10	Bounce #8 added RGB(98, 86, 60)
0...1...2...3...4...5...6...7...8...9...10	Bounce #9 added RGB(45, 40, 27)
0...1...2...3...4...5...6...7...8...9...10	Bounce #10 added RGB(21, 18, 12)
0...1...2...3...4...5...6...7...8...9...10	Bounce #11 added RGB(10, 8, 6)
0...1...2...3...4...5...6...7...8...9...10	Bounce #12 added RGB(5, 4, 3)
0...1...2...3...4...5...6...7...8...9...10	Bounce #13 added RGB(2, 2, 1)
0...1...2...3...4...5...6...7...8...9...10	Bounce #14 added RGB(1, 1, 1)
Build Patch/Sample Hash Table(s).....Done<0.0041 sec>
0...1...2...3...4...5...6...7...8...9...10FinalLightFace Done
0 of 0 (0% of) surface lights went in leaf ambient cubes.
0...1...2...3...4...5...6...7...8...9...10Writing leaf ambient...done
Ready to Finish

Object names       Objects/Maxobjs  Memory / Maxmem  Fullness 
------------       ---------------  ---------------  -------- 
models                  78/1024         3744/49152    ( 7.6%) 
brushes               1080/8192        12960/98304    (13.2%) 
brushsides            8225/65536       65800/524288   (12.6%) 
planes                5252/65536      105040/1310720  ( 8.0%) 
vertexes              4901/65536       58812/786432   ( 7.5%) 
nodes                 1414/65536       45248/2097152  ( 2.2%) 
texinfos               829/12288       59688/884736   ( 6.7%) 
texdata                 88/2048         2816/65536    ( 4.3%) 
dispinfos                0/0               0/0        ( 0.0%) 
disp_verts               0/0               0/0        ( 0.0%) 
disp_tris                0/0               0/0        ( 0.0%) 
disp_multiblend          0/0               0/0        ( 0.0%) 
disp_lmsamples           0/0               0/0        ( 0.0%) 
faces                 2403/65536      134568/3670016  ( 3.7%) 
hdr faces                0/65536           0/3670016  ( 0.0%) 
origfaces             1965/65536      110040/3670016  ( 3.0%) 
facebrushes            278/0             556/0        ( 0.0%) 
facebrushlists        2403/0            9612/0        ( 0.0%) 
leaves                1493/65536       47776/2097152  ( 2.3%) 
leaffaces             3225/65536        6450/131072   ( 4.9%) 
leafbrushes           2172/65536        4344/131072   ( 3.3%) 
areas                   12/256            96/2048     ( 4.7%) 
surfedges            19029/512000      76116/2048000  ( 3.7%) 
edges                11707/256000      46828/1024000  ( 4.6%) 
LDR worldlights         19/8192         1900/819200   ( 0.2%) 
HDR worldlights          0/8192            0/819200   ( 0.0%) 
leafwaterdata            1/32768          12/393216   ( 0.0%) 
waterstrips            202/32768        2020/327680   ( 0.6%) 
waterverts               0/65536           0/786432   ( 0.0%) 
waterindices          3456/65536        6912/131072   ( 5.3%) 
cubemapsamples          10/1024          160/16384    ( 1.0%) 
overlays                57/512         20064/180224   (11.1%) 
LDR lightdata         [variable]     1746056/0        ( 0.0%) 
HDR lightdata         [variable]           0/0        ( 0.0%) 
visdata               [variable]       44885/16777216 ( 0.3%) 
entdata               [variable]      163162/393216   (41.5%) 
LDR ambient table     1493/65536        5972/262144   ( 2.3%) 
HDR ambient table     1493/65536        5972/262144   ( 2.3%) 
LDR leaf ambient      5911/65536      165508/1835008  ( 9.0%) 
HDR leaf ambient      1493/65536       41804/1835008  ( 2.3%) 
occluders                0/0               0/0        ( 0.0%) 
occluder polygons        0/0               0/0        ( 0.0%) 
occluder vert ind        0/0               0/0        ( 0.0%) 
detail props          [variable]           1/12       ( 8.3%) 
static props          [variable]           1/25576    ( 0.0%) 
pakfile               [variable]      825199/0        ( 0.0%) 
physics               [variable]      405110/4194304  ( 9.7%) 
physics terrain       [variable]           2/1048576  ( 0.0%) 

Level flags = 0

Total triangle count: 6434
Writing c:\program files (x86)\steam\steamapps\common\portal 2\sdk_content\maps\wip\chapter 1\mp_coop_a1_intro5.bsp
5 seconds elapsed



materialPath: C:\Program Files (x86)\Steam\steamapps\common\Portal 2\portal2\materials
Loading C:\Program Files (x86)\Steam\steamapps\common\Portal 2\sdk_content\maps\WIP\Chapter 1\mp_coop_a1_intro5.vmf
ConVarRef gpu_level doesn't point to an existing ConVar
fixing up env_cubemap materials on brush sides...
0...1...2...3...4...5...6...7...8...9...100...1...2...3...4...5...6...7...8...9...10Processing areas...done (0)
Building Faces...done (0)
Chop Details...done (0)
Find Visible Detail Sides...
Merged 476 detail faces...done (0)
Merging details...done (0)
FixTjuncs...
PruneNodes...
WriteBSP...
done (0)
writing C:\Program Files (x86)\Steam\steamapps\common\Portal 2\sdk_content\maps\WIP\Chapter 1\mp_coop_a1_intro5.prt...Building visibility clusters...
done (0)
Finding displacement neighbors...
Finding lightmap sample positions...
Displacement Alpha : 0...1...2...3...4...5...6...7...8...9...10
Building Physics collision data...
done (0) (405110 bytes)
Encountered obsolete static prop option to do its fade in screen space @ -288.00 -32.00 1005.47
Encountered obsolete static prop option to do its fade in screen space @ -352.00 -512.00 903.17
Encountered obsolete static prop option to do its fade in screen space @ 0.00 -912.00 320.00
Encountered obsolete static prop option to do its fade in screen space @ 0.00 -880.00 320.00
Encountered obsolete static prop option to do its fade in screen space @ -64.00 752.00 448.00
Encountered obsolete static prop option to do its fade in screen space @ -64.00 784.00 448.00
Placing detail props : 0...1...2...3...4...5...6...7...8...9...10
Compacting texture/material tables...
Reduced 1503 texinfos to 829
Reduced 98 texdatas to 88 (3259 bytes to 2913)
Writing C:\Program Files (x86)\Steam\steamapps\common\Portal 2\sdk_content\maps\WIP\Chapter 1\mp_coop_a1_intro5.bsp

nummapplanes:     (  5252 / 65536 )
nummapbrushes:    (  1080 /  8192 )
nummapbrushsides: (  8222 / 65536 )
num_map_overlays: (    57 /   512 )
nummodels:        (    78 /  1024 )
num_entities:     (   429 / 16384 )

1 second elapsed



24 threads
reading c:\program files (x86)\steam\steamapps\common\portal 2\sdk_content\maps\wip\chapter 1\mp_coop_a1_intro5.bsp
reading c:\program files (x86)\steam\steamapps\common\portal 2\sdk_content\maps\wip\chapter 1\mp_coop_a1_intro5.prt
 415 portalclusters
1154 numportals
0...1...2...3...4...5...6...7...8...9...10Optimized: 2841 visible clusters (0.00%)
Total clusters visible: 137364
Average clusters visible: 330
Building PAS...
Average clusters audible: 395
visdatasize:44885  compressed from 46480
writing c:\program files (x86)\steam\steamapps\common\portal 2\sdk_content\maps\wip\chapter 1\mp_coop_a1_intro5.bsp
0 seconds elapsed



[Reading texlights from 'lights.rad']
[59 texlights parsed from 'lights.rad']

Loading c:\program files (x86)\steam\steamapps\common\portal 2\sdk_content\maps\wip\chapter 1\mp_coop_a1_intro5.bsp
2403 faces
187437 square feet [26990988.00 square inches]
0 Displacements
0 Square Feet [0.00 Square Inches]
2403 patches before subdivision
27217 patches after subdivision
35 direct lights
0...1...2...3...4...5...6...7...8...9...100...1...2...3...4...5...6...7...8...9...10transfers 2488690, max 516
transfer lists:  19.0 megs
0...1...2...3...4...5...6...7...8...9...10	Bounce #1 added RGB(27852, 26838, 21516)
0...1...2...3...4...5...6...7...8...9...10	Bounce #2 added RGB(10964, 10456, 8224)
0...1...2...3...4...5...6...7...8...9...10	Bounce #3 added RGB(5033, 4774, 3704)
0...1...2...3...4...5...6...7...8...9...10	Bounce #4 added RGB(2248, 2114, 1617)
0...1...2...3...4...5...6...7...8...9...10	Bounce #5 added RGB(1038, 968, 730)
0...1...2...3...4...5...6...7...8...9...10	Bounce #6 added RGB(476, 440, 327)
0...1...2...3...4...5...6...7...8...9...10	Bounce #7 added RGB(220, 202, 148)
0...1...2...3...4...5...6...7...8...9...10	Bounce #8 added RGB(102, 93, 67)
0...1...2...3...4...5...6...7...8...9...10	Bounce #9 added RGB(47, 43, 30)
0...1...2...3...4...5...6...7...8...9...10	Bounce #10 added RGB(22, 20, 14)
0...1...2...3...4...5...6...7...8...9...10	Bounce #11 added RGB(10, 9, 6)
0...1...2...3...4...5...6...7...8...9...10	Bounce #12 added RGB(5, 4, 3)
0...1...2...3...4...5...6...7...8...9...10	Bounce #13 added RGB(2, 2, 1)
0...1...2...3...4...5...6...7...8...9...10	Bounce #14 added RGB(1, 1, 1)
0...1...2...3...4...5...6...7...8...9...10	Bounce #15 added RGB(0, 0, 0)
Build Patch/Sample Hash Table(s).....Done<0.0042 sec>
0...1...2...3...4...5...6...7...8...9...10FinalLightFace Done
16 of 16 (100% of) surface lights went in leaf ambient cubes.
0...1...2...3...4...5...6...7...8...9...10Writing leaf ambient...done
Ready to Finish

Object names       Objects/Maxobjs  Memory / Maxmem  Fullness 
------------       ---------------  ---------------  -------- 
models                  78/1024         3744/49152    ( 7.6%) 
brushes               1080/8192        12960/98304    (13.2%) 
brushsides            8225/65536       65800/524288   (12.6%) 
planes                5252/65536      105040/1310720  ( 8.0%) 
vertexes              4901/65536       58812/786432   ( 7.5%) 
nodes                 1414/65536       45248/2097152  ( 2.2%) 
texinfos               829/12288       59688/884736   ( 6.7%) 
texdata                 88/2048         2816/65536    ( 4.3%) 
dispinfos                0/0               0/0        ( 0.0%) 
disp_verts               0/0               0/0        ( 0.0%) 
disp_tris                0/0               0/0        ( 0.0%) 
disp_multiblend          0/0               0/0        ( 0.0%) 
disp_lmsamples           0/0               0/0        ( 0.0%) 
faces                 2403/65536      134568/3670016  ( 3.7%) 
hdr faces                0/65536           0/3670016  ( 0.0%) 
origfaces             1965/65536      110040/3670016  ( 3.0%) 
facebrushes            278/0             556/0        ( 0.0%) 
facebrushlists        2403/0            9612/0        ( 0.0%) 
leaves                1493/65536       47776/2097152  ( 2.3%) 
leaffaces             3225/65536        6450/131072   ( 4.9%) 
leafbrushes           2172/65536        4344/131072   ( 3.3%) 
areas                   12/256            96/2048     ( 4.7%) 
surfedges            19029/512000      76116/2048000  ( 3.7%) 
edges                11707/256000      46828/1024000  ( 4.6%) 
LDR worldlights         35/8192         3500/819200   ( 0.4%) 
HDR worldlights          0/8192            0/819200   ( 0.0%) 
leafwaterdata            1/32768          12/393216   ( 0.0%) 
waterstrips            202/32768        2020/327680   ( 0.6%) 
waterverts               0/65536           0/786432   ( 0.0%) 
waterindices          3456/65536        6912/131072   ( 5.3%) 
cubemapsamples          10/1024          160/16384    ( 1.0%) 
overlays                57/512         20064/180224   (11.1%) 
LDR lightdata         [variable]     1746056/0        ( 0.0%) 
HDR lightdata         [variable]           0/0        ( 0.0%) 
visdata               [variable]       44885/16777216 ( 0.3%) 
entdata               [variable]      163166/393216   (41.5%) 
LDR ambient table     1493/65536        5972/262144   ( 2.3%) 
HDR ambient table     1493/65536        5972/262144   ( 2.3%) 
LDR leaf ambient      5933/65536      166124/1835008  ( 9.1%) 
HDR leaf ambient      1493/65536       41804/1835008  ( 2.3%) 
occluders                0/0               0/0        ( 0.0%) 
occluder polygons        0/0               0/0        ( 0.0%) 
occluder vert ind        0/0               0/0        ( 0.0%) 
detail props          [variable]           1/12       ( 8.3%) 
static props          [variable]           1/25576    ( 0.0%) 
pakfile               [variable]      825199/0        ( 0.0%) 
physics               [variable]      405110/4194304  ( 9.7%) 
physics terrain       [variable]           2/1048576  ( 0.0%) 

Level flags = 0

Total triangle count: 6434
Writing c:\program files (x86)\steam\steamapps\common\portal 2\sdk_content\maps\wip\chapter 1\mp_coop_a1_intro5.bsp
5 seconds elapsed



materialPath: C:\Program Files (x86)\Steam\steamapps\common\Portal 2\portal2\materials
Loading C:\Program Files (x86)\Steam\steamapps\common\Portal 2\sdk_content\maps\WIP\Chapter 1\mp_coop_a1_intro5.vmf
ConVarRef gpu_level doesn't point to an existing ConVar
fixing up env_cubemap materials on brush sides...
0...1...2...3...4...5...6...7...8...9...100...1...2...3...4...5...6...7...8...9...10Processing areas...done (0)
Building Faces...done (0)
Chop Details...done (0)
Find Visible Detail Sides...
Merged 476 detail faces...done (0)
Merging details...done (0)
FixTjuncs...
PruneNodes...
WriteBSP...
done (0)
writing C:\Program Files (x86)\Steam\steamapps\common\Portal 2\sdk_content\maps\WIP\Chapter 1\mp_coop_a1_intro5.prt...Building visibility clusters...
done (0)
Finding displacement neighbors...
Finding lightmap sample positions...
Displacement Alpha : 0...1...2...3...4...5...6...7...8...9...10
Building Physics collision data...
done (0) (405659 bytes)
Encountered obsolete static prop option to do its fade in screen space @ -288.00 -32.00 1005.47
Encountered obsolete static prop option to do its fade in screen space @ -352.00 -512.00 903.17
Encountered obsolete static prop option to do its fade in screen space @ 0.00 -912.00 320.00
Encountered obsolete static prop option to do its fade in screen space @ 0.00 -880.00 320.00
Encountered obsolete static prop option to do its fade in screen space @ -64.00 752.00 448.00
Encountered obsolete static prop option to do its fade in screen space @ -64.00 784.00 448.00
Placing detail props : 0...1...2...3...4...5...6...7...8...9...10
Compacting texture/material tables...
Reduced 1506 texinfos to 829
Reduced 98 texdatas to 88 (3259 bytes to 2913)
Writing C:\Program Files (x86)\Steam\steamapps\common\Portal 2\sdk_content\maps\WIP\Chapter 1\mp_coop_a1_intro5.bsp

nummapplanes:     (  5274 / 65536 )
nummapbrushes:    (  1081 /  8192 )
nummapbrushsides: (  8228 / 65536 )
num_map_overlays: (    57 /   512 )
nummodels:        (    79 /  1024 )
num_entities:     (   430 / 16384 )

1 second elapsed



24 threads
reading c:\program files (x86)\steam\steamapps\common\portal 2\sdk_content\maps\wip\chapter 1\mp_coop_a1_intro5.bsp
reading c:\program files (x86)\steam\steamapps\common\portal 2\sdk_content\maps\wip\chapter 1\mp_coop_a1_intro5.prt
 415 portalclusters
1154 numportals
0...1...2...3...4...5...6...7...8...9...10Optimized: 2841 visible clusters (0.00%)
Total clusters visible: 137364
Average clusters visible: 330
Building PAS...
Average clusters audible: 395
visdatasize:44885  compressed from 46480
writing c:\program files (x86)\steam\steamapps\common\portal 2\sdk_content\maps\wip\chapter 1\mp_coop_a1_intro5.bsp
0 seconds elapsed



[Reading texlights from 'lights.rad']
[59 texlights parsed from 'lights.rad']

Loading c:\program files (x86)\steam\steamapps\common\portal 2\sdk_content\maps\wip\chapter 1\mp_coop_a1_intro5.bsp
2403 faces
187437 square feet [26990988.00 square inches]
0 Displacements
0 Square Feet [0.00 Square Inches]
2403 patches before subdivision
27217 patches after subdivision
35 direct lights
0...1...2...3...4...5...6...7...8...9...100...1...2...3...4...5...6...7...8...9...10transfers 2488690, max 516
transfer lists:  19.0 megs
0...1...2...3...4...5...6...7...8...9...10	Bounce #1 added RGB(27852, 26838, 21516)
0...1...2...3...4...5...6...7...8...9...10	Bounce #2 added RGB(10964, 10456, 8224)
0...1...2...3...4...5...6...7...8...9...10	Bounce #3 added RGB(5033, 4774, 3704)
0...1...2...3...4...5...6...7...8...9...10	Bounce #4 added RGB(2248, 2114, 1617)
0...1...2...3...4...5...6...7...8...9...10	Bounce #5 added RGB(1038, 968, 730)
0...1...2...3...4...5...6...7...8...9...10	Bounce #6 added RGB(476, 440, 327)
0...1...2...3...4...5...6...7...8...9...10	Bounce #7 added RGB(220, 202, 148)
0...1...2...3...4...5...6...7...8...9...10	Bounce #8 added RGB(102, 93, 67)
0...1...2...3...4...5...6...7...8...9...10	Bounce #9 added RGB(47, 43, 30)
0...1...2...3...4...5...6...7...8...9...10	Bounce #10 added RGB(22, 20, 14)
0...1...2...3...4...5...6...7...8...9...10	Bounce #11 added RGB(10, 9, 6)
0...1...2...3...4...5...6...7...8...9...10	Bounce #12 added RGB(5, 4, 3)
0...1...2...3...4...5...6...7...8...9...10	Bounce #13 added RGB(2, 2, 1)
0...1...2...3...4...5...6...7...8...9...10	Bounce #14 added RGB(1, 1, 1)
0...1...2...3...4...5...6...7...8...9...10	Bounce #15 added RGB(0, 0, 0)
Build Patch/Sample Hash Table(s).....Done<0.0038 sec>
0...1...2...3...4...5...6...7...8...9...10FinalLightFace Done
16 of 16 (100% of) surface lights went in leaf ambient cubes.
0...1...2...3...4...5...6...7...8...9...10Writing leaf ambient...done
Ready to Finish

Object names       Objects/Maxobjs  Memory / Maxmem  Fullness 
------------       ---------------  ---------------  -------- 
models                  79/1024         3792/49152    ( 7.7%) 
brushes               1081/8192        12972/98304    (13.2%) 
brushsides            8231/65536       65848/524288   (12.6%) 
planes                5274/65536      105480/1310720  ( 8.0%) 
vertexes              4909/65536       58908/786432   ( 7.5%) 
nodes                 1420/65536       45440/2097152  ( 2.2%) 
texinfos               829/12288       59688/884736   ( 6.7%) 
texdata                 88/2048         2816/65536    ( 4.3%) 
dispinfos                0/0               0/0        ( 0.0%) 
disp_verts               0/0               0/0        ( 0.0%) 
disp_tris                0/0               0/0        ( 0.0%) 
disp_multiblend          0/0               0/0        ( 0.0%) 
disp_lmsamples           0/0               0/0        ( 0.0%) 
faces                 2403/65536      134568/3670016  ( 3.7%) 
hdr faces                0/65536           0/3670016  ( 0.0%) 
origfaces             1965/65536      110040/3670016  ( 3.0%) 
facebrushes            278/0             556/0        ( 0.0%) 
facebrushlists        2403/0            9612/0        ( 0.0%) 
leaves                1500/65536       48000/2097152  ( 2.3%) 
leaffaces             3225/65536        6450/131072   ( 4.9%) 
leafbrushes           2173/65536        4346/131072   ( 3.3%) 
areas                   12/256            96/2048     ( 4.7%) 
surfedges            19029/512000      76116/2048000  ( 3.7%) 
edges                11707/256000      46828/1024000  ( 4.6%) 
LDR worldlights         35/8192         3500/819200   ( 0.4%) 
HDR worldlights          0/8192            0/819200   ( 0.0%) 
leafwaterdata            1/32768          12/393216   ( 0.0%) 
waterstrips            202/32768        2020/327680   ( 0.6%) 
waterverts               0/65536           0/786432   ( 0.0%) 
waterindices          3456/65536        6912/131072   ( 5.3%) 
cubemapsamples          10/1024          160/16384    ( 1.0%) 
overlays                57/512         20064/180224   (11.1%) 
LDR lightdata         [variable]     1746056/0        ( 0.0%) 
HDR lightdata         [variable]           0/0        ( 0.0%) 
visdata               [variable]       44885/16777216 ( 0.3%) 
entdata               [variable]      163698/393216   (41.6%) 
LDR ambient table     1500/65536        6000/262144   ( 2.3%) 
HDR ambient table     1500/65536        6000/262144   ( 2.3%) 
LDR leaf ambient      5940/65536      166320/1835008  ( 9.1%) 
HDR leaf ambient      1500/65536       42000/1835008  ( 2.3%) 
occluders                0/0               0/0        ( 0.0%) 
occluder polygons        0/0               0/0        ( 0.0%) 
occluder vert ind        0/0               0/0        ( 0.0%) 
detail props          [variable]           1/12       ( 8.3%) 
static props          [variable]           1/25576    ( 0.0%) 
pakfile               [variable]      825199/0        ( 0.0%) 
physics               [variable]      405659/4194304  ( 9.7%) 
physics terrain       [variable]           2/1048576  ( 0.0%) 

Level flags = 0

Total triangle count: 6434
Writing c:\program files (x86)\steam\steamapps\common\portal 2\sdk_content\maps\wip\chapter 1\mp_coop_a1_intro5.bsp
5 seconds elapsed



materialPath: C:\Program Files (x86)\Steam\steamapps\common\Portal 2\portal2\materials
Loading C:\Program Files (x86)\Steam\steamapps\common\Portal 2\sdk_content\maps\WIP\Chapter 1\mp_coop_a1_intro5.vmf
ConVarRef gpu_level doesn't point to an existing ConVar
fixing up env_cubemap materials on brush sides...
0...1...2...3...4...5...6...7...8...9...100...1...2...3...4...5...6...7...8...9...10Processing areas...done (0)
Building Faces...done (0)
Chop Details...done (0)
Find Visible Detail Sides...
Merged 476 detail faces...done (0)
Merging details...done (0)
FixTjuncs...
PruneNodes...
WriteBSP...
done (0)
writing C:\Program Files (x86)\Steam\steamapps\common\Portal 2\sdk_content\maps\WIP\Chapter 1\mp_coop_a1_intro5.prt...Building visibility clusters...
done (0)
Finding displacement neighbors...
Finding lightmap sample positions...
Displacement Alpha : 0...1...2...3...4...5...6...7...8...9...10
Building Physics collision data...
done (0) (405659 bytes)
Encountered obsolete static prop option to do its fade in screen space @ -288.00 -32.00 1005.47
Encountered obsolete static prop option to do its fade in screen space @ -352.00 -512.00 903.17
Encountered obsolete static prop option to do its fade in screen space @ 0.00 -912.00 320.00
Encountered obsolete static prop option to do its fade in screen space @ 0.00 -880.00 320.00
Encountered obsolete static prop option to do its fade in screen space @ -64.00 752.00 448.00
Encountered obsolete static prop option to do its fade in screen space @ -64.00 784.00 448.00
Placing detail props : 0...1...2...3...4...5...6...7...8...9...10
Compacting texture/material tables...
Reduced 1506 texinfos to 829
Reduced 98 texdatas to 88 (3259 bytes to 2913)
Writing C:\Program Files (x86)\Steam\steamapps\common\Portal 2\sdk_content\maps\WIP\Chapter 1\mp_coop_a1_intro5.bsp

nummapplanes:     (  5274 / 65536 )
nummapbrushes:    (  1081 /  8192 )
nummapbrushsides: (  8228 / 65536 )
num_map_overlays: (    57 /   512 )
nummodels:        (    79 /  1024 )
num_entities:     (   430 / 16384 )

1 second elapsed



24 threads
reading c:\program files (x86)\steam\steamapps\common\portal 2\sdk_content\maps\wip\chapter 1\mp_coop_a1_intro5.bsp
reading c:\program files (x86)\steam\steamapps\common\portal 2\sdk_content\maps\wip\chapter 1\mp_coop_a1_intro5.prt
 415 portalclusters
1154 numportals
0...1...2...3...4...5...6...7...8...9...10Optimized: 2841 visible clusters (0.00%)
Total clusters visible: 137364
Average clusters visible: 330
Building PAS...
Average clusters audible: 395
visdatasize:44885  compressed from 46480
writing c:\program files (x86)\steam\steamapps\common\portal 2\sdk_content\maps\wip\chapter 1\mp_coop_a1_intro5.bsp
0 seconds elapsed



[Reading texlights from 'lights.rad']
[59 texlights parsed from 'lights.rad']

Loading c:\program files (x86)\steam\steamapps\common\portal 2\sdk_content\maps\wip\chapter 1\mp_coop_a1_intro5.bsp
2403 faces
187437 square feet [26990988.00 square inches]
0 Displacements
0 Square Feet [0.00 Square Inches]
2403 patches before subdivision
27217 patches after subdivision
35 direct lights
0...1...2...3...4...5...6...7...8...9...100...1...2...3...4...5...6...7...8...9...10transfers 2488690, max 516
transfer lists:  19.0 megs
0...1...2...3...4...5...6...7...8...9...10	Bounce #1 added RGB(27852, 26838, 21516)
0...1...2...3...4...5...6...7...8...9...10	Bounce #2 added RGB(10964, 10456, 8224)
0...1...2...3...4...5...6...7...8...9...10	Bounce #3 added RGB(5033, 4774, 3704)
0...1...2...3...4...5...6...7...8...9...10	Bounce #4 added RGB(2248, 2114, 1617)
0...1...2...3...4...5...6...7...8...9...10	Bounce #5 added RGB(1038, 968, 730)
0...1...2...3...4...5...6...7...8...9...10	Bounce #6 added RGB(476, 440, 327)
0...1...2...3...4...5...6...7...8...9...10	Bounce #7 added RGB(220, 202, 148)
0...1...2...3...4...5...6...7...8...9...10	Bounce #8 added RGB(102, 93, 67)
0...1...2...3...4...5...6...7...8...9...10	Bounce #9 added RGB(47, 43, 30)
0...1...2...3...4...5...6...7...8...9...10	Bounce #10 added RGB(22, 20, 14)
0...1...2...3...4...5...6...7...8...9...10	Bounce #11 added RGB(10, 9, 6)
0...1...2...3...4...5...6...7...8...9...10	Bounce #12 added RGB(5, 4, 3)
0...1...2...3...4...5...6...7...8...9...10	Bounce #13 added RGB(2, 2, 1)
0...1...2...3...4...5...6...7...8...9...10	Bounce #14 added RGB(1, 1, 1)
0...1...2...3...4...5...6...7...8...9...10	Bounce #15 added RGB(0, 0, 0)
Build Patch/Sample Hash Table(s).....Done<0.0038 sec>
0...1...2...3...4...5...6...7...8...9...10FinalLightFace Done
16 of 16 (100% of) surface lights went in leaf ambient cubes.
0...1...2...3...4...5...6...7...8...9...10Writing leaf ambient...done
Ready to Finish

Object names       Objects/Maxobjs  Memory / Maxmem  Fullness 
------------       ---------------  ---------------  -------- 
models                  79/1024         3792/49152    ( 7.7%) 
brushes               1081/8192        12972/98304    (13.2%) 
brushsides            8231/65536       65848/524288   (12.6%) 
planes                5274/65536      105480/1310720  ( 8.0%) 
vertexes              4909/65536       58908/786432   ( 7.5%) 
nodes                 1420/65536       45440/2097152  ( 2.2%) 
texinfos               829/12288       59688/884736   ( 6.7%) 
texdata                 88/2048         2816/65536    ( 4.3%) 
dispinfos                0/0               0/0        ( 0.0%) 
disp_verts               0/0               0/0        ( 0.0%) 
disp_tris                0/0               0/0        ( 0.0%) 
disp_multiblend          0/0               0/0        ( 0.0%) 
disp_lmsamples           0/0               0/0        ( 0.0%) 
faces                 2403/65536      134568/3670016  ( 3.7%) 
hdr faces                0/65536           0/3670016  ( 0.0%) 
origfaces             1965/65536      110040/3670016  ( 3.0%) 
facebrushes            278/0             556/0        ( 0.0%) 
facebrushlists        2403/0            9612/0        ( 0.0%) 
leaves                1500/65536       48000/2097152  ( 2.3%) 
leaffaces             3225/65536        6450/131072   ( 4.9%) 
leafbrushes           2173/65536        4346/131072   ( 3.3%) 
areas                   12/256            96/2048     ( 4.7%) 
surfedges            19029/512000      76116/2048000  ( 3.7%) 
edges                11707/256000      46828/1024000  ( 4.6%) 
LDR worldlights         35/8192         3500/819200   ( 0.4%) 
HDR worldlights          0/8192            0/819200   ( 0.0%) 
leafwaterdata            1/32768          12/393216   ( 0.0%) 
waterstrips            202/32768        2020/327680   ( 0.6%) 
waterverts               0/65536           0/786432   ( 0.0%) 
waterindices          3456/65536        6912/131072   ( 5.3%) 
cubemapsamples          10/1024          160/16384    ( 1.0%) 
overlays                57/512         20064/180224   (11.1%) 
LDR lightdata         [variable]     1746056/0        ( 0.0%) 
HDR lightdata         [variable]           0/0        ( 0.0%) 
visdata               [variable]       44885/16777216 ( 0.3%) 
entdata               [variable]      163699/393216   (41.6%) 
LDR ambient table     1500/65536        6000/262144   ( 2.3%) 
HDR ambient table     1500/65536        6000/262144   ( 2.3%) 
LDR leaf ambient      5940/65536      166320/1835008  ( 9.1%) 
HDR leaf ambient      1500/65536       42000/1835008  ( 2.3%) 
occluders                0/0               0/0        ( 0.0%) 
occluder polygons        0/0               0/0        ( 0.0%) 
occluder vert ind        0/0               0/0        ( 0.0%) 
detail props          [variable]           1/12       ( 8.3%) 
static props          [variable]           1/25576    ( 0.0%) 
pakfile               [variable]      825199/0        ( 0.0%) 
physics               [variable]      405659/4194304  ( 9.7%) 
physics terrain       [variable]           2/1048576  ( 0.0%) 

Level flags = 0

Total triangle count: 6434
Writing c:\program files (x86)\steam\steamapps\common\portal 2\sdk_content\maps\wip\chapter 1\mp_coop_a1_intro5.bsp
5 seconds elapsed



materialPath: C:\Program Files (x86)\Steam\steamapps\common\Portal 2\portal2\materials
Loading c:\program files (x86)\steam\steamapps\common\portal 2\sdk_content\maps\wip\chapter 1\mp_coop_a1_intro5.vmf
ConVarRef gpu_level doesn't point to an existing ConVar
fixing up env_cubemap materials on brush sides...
0...1...2...3...4...5...6...7...8...9...100...1...2...3...4...5...6...7...8...9...10Processing areas...done (0)
Building Faces...done (0)
Chop Details...done (0)
Find Visible Detail Sides...
Merged 476 detail faces...done (0)
Merging details...done (0)
FixTjuncs...
PruneNodes...
WriteBSP...
done (0)
writing c:\program files (x86)\steam\steamapps\common\portal 2\sdk_content\maps\wip\chapter 1\mp_coop_a1_intro5.prt...Building visibility clusters...
done (0)
Finding displacement neighbors...
Finding lightmap sample positions...
Displacement Alpha : 0...1...2...3...4...5...6...7...8...9...10
Building Physics collision data...
done (0) (405659 bytes)
Encountered obsolete static prop option to do its fade in screen space @ -288.00 -32.00 1005.47
Encountered obsolete static prop option to do its fade in screen space @ -352.00 -512.00 903.17
Encountered obsolete static prop option to do its fade in screen space @ 0.00 -912.00 320.00
Encountered obsolete static prop option to do its fade in screen space @ 0.00 -880.00 320.00
Encountered obsolete static prop option to do its fade in screen space @ -64.00 752.00 448.00
Encountered obsolete static prop option to do its fade in screen space @ -64.00 784.00 448.00
Placing detail props : 0...1...2...3...4...5...6...7...8...9...10
Compacting texture/material tables...
Reduced 1506 texinfos to 829
Reduced 98 texdatas to 88 (3259 bytes to 2913)
Writing c:\program files (x86)\steam\steamapps\common\portal 2\sdk_content\maps\wip\chapter 1\mp_coop_a1_intro5.bsp

nummapplanes:     (  5274 / 65536 )
nummapbrushes:    (  1081 /  8192 )
nummapbrushsides: (  8228 / 65536 )
num_map_overlays: (    57 /   512 )
nummodels:        (    79 /  1024 )
num_entities:     (   430 / 16384 )

1 second elapsed



24 threads
reading c:\program files (x86)\steam\steamapps\common\portal 2\sdk_content\maps\wip\chapter 1\mp_coop_a1_intro5.bsp
reading c:\program files (x86)\steam\steamapps\common\portal 2\sdk_content\maps\wip\chapter 1\mp_coop_a1_intro5.prt
 415 portalclusters
1154 numportals
0...1...2...3...4...5...6...7...8...9...100...1...2...3...4...5...6...7...8...9...10Optimized: 810 visible clusters (0.00%)
Total clusters visible: 85067
Average clusters visible: 204
Building PAS...
Average clusters audible: 392
visdatasize:43252  compressed from 46480
writing c:\program files (x86)\steam\steamapps\common\portal 2\sdk_content\maps\wip\chapter 1\mp_coop_a1_intro5.bsp
1 second elapsed



[Reading texlights from 'lights.rad']
[59 texlights parsed from 'lights.rad']

Loading c:\program files (x86)\steam\steamapps\common\portal 2\sdk_content\maps\wip\chapter 1\mp_coop_a1_intro5.bsp
Loaded alpha texture materials\models\props_foliage\leaves_dead.vtf
Loaded alpha texture materials\Metal\metalgrate018.vtf
Loaded alpha texture materials\Metal\metalgrate018b.vtf
Loaded alpha texture materials\Tools\toolsinvisible.vtf
2403 faces
187437 square feet [26990988.00 square inches]
0 Displacements
0 Square Feet [0.00 Square Inches]
2403 patches before subdivision
27217 patches after subdivision
35 direct lights
0...1...2...3...4...5...6...7...8...9...100...1...2...3...4...5...6...7...8...9...10transfers 2785357, max 561
transfer lists:  21.3 megs
0...1...2...3...4...5...6...7...8...9...10	Bounce #1 added RGB(32865, 31390, 24992)
0...1...2...3...4...5...6...7...8...9...10	Bounce #2 added RGB(12815, 12151, 9501)
0...1...2...3...4...5...6...7...8...9...10	Bounce #3 added RGB(5824, 5493, 4234)
0...1...2...3...4...5...6...7...8...9...10	Bounce #4 added RGB(2619, 2448, 1858)
0...1...2...3...4...5...6...7...8...9...10	Bounce #5 added RGB(1214, 1124, 840)
0...1...2...3...4...5...6...7...8...9...10	Bounce #6 added RGB(561, 515, 379)
0...1...2...3...4...5...6...7...8...9...10	Bounce #7 added RGB(262, 238, 172)
0...1...2...3...4...5...6...7...8...9...10	Bounce #8 added RGB(122, 110, 78)
0...1...2...3...4...5...6...7...8...9...10	Bounce #9 added RGB(57, 51, 36)
0...1...2...3...4...5...6...7...8...9...10	Bounce #10 added RGB(27, 24, 16)
0...1...2...3...4...5...6...7...8...9...10	Bounce #11 added RGB(13, 11, 8)
0...1...2...3...4...5...6...7...8...9...10	Bounce #12 added RGB(6, 5, 3)
0...1...2...3...4...5...6...7...8...9...10	Bounce #13 added RGB(3, 2, 2)
0...1...2...3...4...5...6...7...8...9...10	Bounce #14 added RGB(1, 1, 1)
0...1...2...3...4...5...6...7...8...9...10	Bounce #15 added RGB(1, 1, 0)
Build Patch/Sample Hash Table(s).....Done<0.0042 sec>
0...1...2...3...4...5...6...7...8...9...10FinalLightFace Done
16 of 16 (100% of) surface lights went in leaf ambient cubes.
0...1...2...3...4...5...6...7...8...9...10Writing leaf ambient...done
Computing static prop lighting : 00...1...2...3...4...5...6...7...8...9...10
Ready to Finish

Object names       Objects/Maxobjs  Memory / Maxmem  Fullness 
------------       ---------------  ---------------  -------- 
models                  79/1024         3792/49152    ( 7.7%) 
brushes               1081/8192        12972/98304    (13.2%) 
brushsides            8231/65536       65848/524288   (12.6%) 
planes                5274/65536      105480/1310720  ( 8.0%) 
vertexes              4909/65536       58908/786432   ( 7.5%) 
nodes                 1420/65536       45440/2097152  ( 2.2%) 
texinfos               829/12288       59688/884736   ( 6.7%) 
texdata                 88/2048         2816/65536    ( 4.3%) 
dispinfos                0/0               0/0        ( 0.0%) 
disp_verts               0/0               0/0        ( 0.0%) 
disp_tris                0/0               0/0        ( 0.0%) 
disp_multiblend          0/0               0/0        ( 0.0%) 
disp_lmsamples           0/0               0/0        ( 0.0%) 
faces                 2403/65536      134568/3670016  ( 3.7%) 
hdr faces                0/65536           0/3670016  ( 0.0%) 
origfaces             1965/65536      110040/3670016  ( 3.0%) 
facebrushes            278/0             556/0        ( 0.0%) 
facebrushlists        2403/0            9612/0        ( 0.0%) 
leaves                1500/65536       48000/2097152  ( 2.3%) 
leaffaces             3225/65536        6450/131072   ( 4.9%) 
leafbrushes           2173/65536        4346/131072   ( 3.3%) 
areas                   12/256            96/2048     ( 4.7%) 
surfedges            19029/512000      76116/2048000  ( 3.7%) 
edges                11707/256000      46828/1024000  ( 4.6%) 
LDR worldlights         35/8192         3500/819200   ( 0.4%) 
HDR worldlights          0/8192            0/819200   ( 0.0%) 
leafwaterdata            1/32768          12/393216   ( 0.0%) 
waterstrips            202/32768        2020/327680   ( 0.6%) 
waterverts               0/65536           0/786432   ( 0.0%) 
waterindices          3456/65536        6912/131072   ( 5.3%) 
cubemapsamples          10/1024          160/16384    ( 1.0%) 
overlays                57/512         20064/180224   (11.1%) 
LDR lightdata         [variable]     1746056/0        ( 0.0%) 
HDR lightdata         [variable]           0/0        ( 0.0%) 
visdata               [variable]       43252/16777216 ( 0.3%) 
entdata               [variable]      163699/393216   (41.6%) 
LDR ambient table     1500/65536        6000/262144   ( 2.3%) 
HDR ambient table     1500/65536        6000/262144   ( 2.3%) 
LDR leaf ambient      6016/65536      168448/1835008  ( 9.2%) 
HDR leaf ambient      1500/65536       42000/1835008  ( 2.3%) 
occluders                0/0               0/0        ( 0.0%) 
occluder polygons        0/0               0/0        ( 0.0%) 
occluder vert ind        0/0               0/0        ( 0.0%) 
detail props          [variable]           1/12       ( 8.3%) 
static props          [variable]           1/25576    ( 0.0%) 
pakfile               [variable]     2918419/0        ( 0.0%) 
physics               [variable]      405659/4194304  ( 9.7%) 
physics terrain       [variable]           2/1048576  ( 0.0%) 

Level flags = 1

Total triangle count: 6434
Writing c:\program files (x86)\steam\steamapps\common\portal 2\sdk_content\maps\wip\chapter 1\mp_coop_a1_intro5.bsp
18 seconds elapsed



[Reading texlights from 'lights.rad']
[59 texlights parsed from 'lights.rad']

Loading c:\program files (x86)\steam\steamapps\common\portal 2\sdk_content\maps\wip\chapter 1\mp_coop_a1_intro5.bsp
Loaded alpha texture materials\models\props_foliage\leaves_dead.vtf
Loaded alpha texture materials\Metal\metalgrate018.vtf
Loaded alpha texture materials\Metal\metalgrate018b.vtf
Loaded alpha texture materials\Tools\toolsinvisible.vtf
2403 faces
187437 square feet [26990988.00 square inches]
0 Displacements
0 Square Feet [0.00 Square Inches]
2403 patches before subdivision
27217 patches after subdivision
35 direct lights
0...1...2...3...4...5...6...7...8...9...100...1...2...3...4...5...6...7...8...9...10transfers 2785357, max 561
transfer lists:  21.3 megs
0...1...2...3...4...5...6...7...8...9...10	Bounce #1 added RGB(32865, 31390, 24992)
0...1...2...3...4...5...6...7...8...9...10	Bounce #2 added RGB(12815, 12151, 9501)
0...1...2...3...4...5...6...7...8...9...10	Bounce #3 added RGB(5824, 5493, 4234)
0...1...2...3...4...5...6...7...8...9...10	Bounce #4 added RGB(2619, 2448, 1858)
0...1...2...3...4...5...6...7...8...9...10	Bounce #5 added RGB(1214, 1124, 840)
0...1...2...3...4...5...6...7...8...9...10	Bounce #6 added RGB(561, 515, 379)
0...1...2...3...4...5...6...7...8...9...10	Bounce #7 added RGB(262, 238, 172)
0...1...2...3...4...5...6...7...8...9...10	Bounce #8 added RGB(122, 110, 78)
0...1...2...3...4...5...6...7...8...9...10	Bounce #9 added RGB(57, 51, 36)
0...1...2...3...4...5...6...7...8...9...10	Bounce #10 added RGB(27, 24, 16)
0...1...2...3...4...5...6...7...8...9...10	Bounce #11 added RGB(13, 11, 8)
0...1...2...3...4...5...6...7...8...9...10	Bounce #12 added RGB(6, 5, 3)
0...1...2...3...4...5...6...7...8...9...10	Bounce #13 added RGB(3, 2, 2)
0...1...2...3...4...5...6...7...8...9...10	Bounce #14 added RGB(1, 1, 1)
0...1...2...3...4...5...6...7...8...9...10	Bounce #15 added RGB(1, 1, 0)
Build Patch/Sample Hash Table(s).....Done<0.0044 sec>
0...1...2...3...4...5...6...7...8...9...10FinalLightFace Done
16 of 16 (100% of) surface lights went in leaf ambient cubes.
0...1...2...3...4...5...6...7...8...9...10Writing leaf ambient...done
Computing static prop lighting : 00...1...2...3...4...5...6...7...8...9...10
Ready to Finish

Object names       Objects/Maxobjs  Memory / Maxmem  Fullness 
------------       ---------------  ---------------  -------- 
models                  79/1024         3792/49152    ( 7.7%) 
brushes               1081/8192        12972/98304    (13.2%) 
brushsides            8231/65536       65848/524288   (12.6%) 
planes                5274/65536      105480/1310720  ( 8.0%) 
vertexes              4909/65536       58908/786432   ( 7.5%) 
nodes                 1420/65536       45440/2097152  ( 2.2%) 
texinfos               829/12288       59688/884736   ( 6.7%) 
texdata                 88/2048         2816/65536    ( 4.3%) 
dispinfos                0/0               0/0        ( 0.0%) 
disp_verts               0/0               0/0        ( 0.0%) 
disp_tris                0/0               0/0        ( 0.0%) 
disp_multiblend          0/0               0/0        ( 0.0%) 
disp_lmsamples           0/0               0/0        ( 0.0%) 
faces                 2403/65536      134568/3670016  ( 3.7%) 
hdr faces             2403/65536      134568/3670016  ( 3.7%) 
origfaces             1965/65536      110040/3670016  ( 3.0%) 
facebrushes            278/0             556/0        ( 0.0%) 
facebrushlists        2403/0            9612/0        ( 0.0%) 
leaves                1500/65536       48000/2097152  ( 2.3%) 
leaffaces             3225/65536        6450/131072   ( 4.9%) 
leafbrushes           2173/65536        4346/131072   ( 3.3%) 
areas                   12/256            96/2048     ( 4.7%) 
surfedges            19029/512000      76116/2048000  ( 3.7%) 
edges                11707/256000      46828/1024000  ( 4.6%) 
LDR worldlights         35/8192         3500/819200   ( 0.4%) 
HDR worldlights         35/8192         3500/819200   ( 0.4%) 
leafwaterdata            1/32768          12/393216   ( 0.0%) 
waterstrips            202/32768        2020/327680   ( 0.6%) 
waterverts               0/65536           0/786432   ( 0.0%) 
waterindices          3456/65536        6912/131072   ( 5.3%) 
cubemapsamples          10/1024          160/16384    ( 1.0%) 
overlays                57/512         20064/180224   (11.1%) 
LDR lightdata         [variable]     1746056/0        ( 0.0%) 
HDR lightdata         [variable]     1746056/0        ( 0.0%) 
visdata               [variable]       43252/16777216 ( 0.3%) 
entdata               [variable]      163699/393216   (41.6%) 
LDR ambient table     1500/65536        6000/262144   ( 2.3%) 
HDR ambient table     1500/65536        6000/262144   ( 2.3%) 
LDR leaf ambient      6016/65536      168448/1835008  ( 9.2%) 
HDR leaf ambient      6016/65536      168448/1835008  ( 9.2%) 
occluders                0/0               0/0        ( 0.0%) 
occluder polygons        0/0               0/0        ( 0.0%) 
occluder vert ind        0/0               0/0        ( 0.0%) 
detail props          [variable]           1/12       ( 8.3%) 
static props          [variable]           1/25576    ( 0.0%) 
pakfile               [variable]     5013463/0        ( 0.0%) 
physics               [variable]      405659/4194304  ( 9.7%) 
physics terrain       [variable]           2/1048576  ( 0.0%) 

Level flags = 3

Total triangle count: 6434
Writing c:\program files (x86)\steam\steamapps\common\portal 2\sdk_content\maps\wip\chapter 1\mp_coop_a1_intro5.bsp
18 seconds elapsed
