PRT1
415
1154
4 0 23 (0 1712 372 ) (0 1712 314 ) (0 1448 314 ) (0 1448 372 ) 
4 0 22 (0 1448 768 ) (0 1712 768 ) (0 1712 372 ) (0 1448 372 ) 
4 0 11 (0 1448 314 ) (0 1712 314 ) (140 1712 314 ) (140 1448 314 ) 
4 0 8 (140 1712 314 ) (208 1712 314 ) (208 1448 314 ) (140 1448 314 ) 
4 0 5 (136 1448 314 ) (208 1448 314 ) (208 1448 318 ) (136 1448 318 ) 
4 0 7 (0 1448 314 ) (136 1448 314 ) (136 1448 318 ) (0 1448 318 ) 
4 0 2 (208 1448 410 ) (208 1448 442 ) (168 1448 442 ) (168 1448 410 ) 
4 0 1 (208 1448 442 ) (208 1448 768 ) (48 1448 768 ) (48 1448 442 ) 
4 0 3 (208 1448 318 ) (208 1448 410 ) (48 1448 410 ) (48 1448 318 ) 
4 0 4 (48 1448 768 ) (0 1448 768 ) (0 1448 318 ) (48 1448 318 ) 
4 1 18 (208 1256 442 ) (208 1256 768 ) (48 1256 768 ) (48 1256 442 ) 
4 1 2 (208 1256 442 ) (168 1256 442 ) (168 1448 442 ) (208 1448 442 ) 
4 1 4 (48 1448 768 ) (48 1448 442 ) (48 1256 442 ) (48 1256 768 ) 
4 2 18 (208 1256 410 ) (208 1256 442 ) (168 1256 442 ) (168 1256 410 ) 
4 2 3 (208 1256 410 ) (168 1256 410 ) (168 1448 410 ) (208 1448 410 ) 
4 3 18 (208 1256 318 ) (208 1256 410 ) (48 1256 410 ) (48 1256 318 ) 
4 3 6 (208 1256 318 ) (136 1256 318 ) (136 1316 318 ) (208 1316 318 ) 
4 3 5 (136 1388 318 ) (136 1448 318 ) (208 1448 318 ) (208 1388 318 ) 
4 3 7 (136 1256 318 ) (48 1256 318 ) (48 1448 318 ) (136 1448 318 ) 
4 3 4 (48 1448 410 ) (48 1448 318 ) (48 1256 318 ) (48 1256 410 ) 
4 4 28 (0 1256 768 ) (0 1448 768 ) (0 1448 318 ) (0 1256 318 ) 
4 4 18 (48 1256 768 ) (0 1256 768 ) (0 1256 318 ) (48 1256 318 ) 
4 4 7 (48 1256 318 ) (0 1256 318 ) (0 1448 318 ) (48 1448 318 ) 
4 5 11 (136 1388 314 ) (136 1448 314 ) (140 1448 314 ) (140 1388 314 ) 
4 5 8 (140 1448 314 ) (208 1448 314 ) (208 1388 314 ) (140 1388 314 ) 
4 5 7 (136 1388 318 ) (136 1448 318 ) (136 1448 314 ) (136 1388 314 ) 
4 6 18 (208 1256 314 ) (208 1256 318 ) (136 1256 318 ) (136 1256 314 ) 
4 6 12 (140 1256 314 ) (136 1256 314 ) (136 1316 314 ) (140 1316 314 ) 
4 6 10 (208 1256 314 ) (140 1256 314 ) (140 1316 314 ) (208 1316 314 ) 
4 6 7 (136 1256 318 ) (136 1316 318 ) (136 1316 314 ) (136 1256 314 ) 
4 7 32 (0 1448 318 ) (0 1448 314 ) (0 1256 314 ) (0 1256 318 ) 
4 7 18 (136 1256 318 ) (0 1256 318 ) (0 1256 314 ) (136 1256 314 ) 
4 7 13 (136 1256 314 ) (0 1256 314 ) (0 1388 314 ) (136 1388 314 ) 
4 7 11 (0 1388 314 ) (0 1448 314 ) (136 1448 314 ) (136 1388 314 ) 
4 8 14 (140 1388 206 ) (140 1712 206 ) (208 1712 206 ) (208 1388 206 ) 
4 8 11 (140 1712 206 ) (140 1388 206 ) (140 1388 314 ) (140 1712 314 ) 
4 10 18 (208 1256 206 ) (208 1256 314 ) (140 1256 314 ) (140 1256 206 ) 
4 10 16 (208 1256 206 ) (140 1256 206 ) (140 1316 206 ) (208 1316 206 ) 
4 10 12 (140 1316 206 ) (140 1256 206 ) (140 1256 314 ) (140 1316 314 ) 
4 11 35 (0 1448 206 ) (0 1388 206 ) (0 1388 314 ) (0 1448 314 ) 
4 11 27 (0 1712 206 ) (0 1448 206 ) (0 1448 276 ) (0 1712 276 ) 
4 11 23 (0 1448 276 ) (0 1448 314 ) (0 1712 314 ) (0 1712 276 ) 
4 11 14 (0 1388 206 ) (0 1712 206 ) (140 1712 206 ) (140 1388 206 ) 
4 11 13 (0 1388 206 ) (136 1388 206 ) (136 1388 314 ) (0 1388 314 ) 
4 12 18 (140 1256 314 ) (136 1256 314 ) (136 1256 206 ) (140 1256 206 ) 
4 12 16 (140 1256 206 ) (136 1256 206 ) (136 1316 206 ) (140 1316 206 ) 
4 12 13 (136 1316 206 ) (136 1256 206 ) (136 1256 314 ) (136 1316 314 ) 
4 13 35 (0 1388 206 ) (0 1256 206 ) (0 1256 314 ) (0 1388 314 ) 
4 13 18 (136 1256 314 ) (0 1256 314 ) (0 1256 206 ) (136 1256 206 ) 
4 13 17 (136 1256 206 ) (0 1256 206 ) (0 1388 206 ) (136 1388 206 ) 
4 14 44 (0 1448 0 ) (0 1388 0 ) (0 1388 202 ) (0 1448 202 ) 
4 14 41 (0 1388 202 ) (0 1388 206 ) (0 1448 206 ) (0 1448 202 ) 
4 14 27 (0 1712 0 ) (0 1448 0 ) (0 1448 206 ) (0 1712 206 ) 
4 14 15 (136 1388 0 ) (208 1388 0 ) (208 1388 202 ) (136 1388 202 ) 
4 14 17 (0 1388 0 ) (136 1388 0 ) (136 1388 206 ) (0 1388 206 ) 
4 15 16 (136 1316 202 ) (136 1316 0 ) (208 1316 0 ) (208 1316 202 ) 
4 15 17 (136 1388 202 ) (136 1388 0 ) (136 1316 0 ) (136 1316 202 ) 
4 16 18 (136 1256 0 ) (208 1256 0 ) (208 1256 206 ) (136 1256 206 ) 
4 16 17 (136 1316 0 ) (136 1256 0 ) (136 1256 206 ) (136 1316 206 ) 
4 17 44 (0 1388 0 ) (0 1256 0 ) (0 1256 202 ) (0 1388 202 ) 
4 17 41 (0 1256 202 ) (0 1256 206 ) (0 1388 206 ) (0 1388 202 ) 
4 17 18 (0 1256 0 ) (136 1256 0 ) (136 1256 206 ) (0 1256 206 ) 
4 18 49 (0 1256 188 ) (0 1256 0 ) (0 1048 0 ) (0 1048 188 ) 
4 18 45 (0 1048 768 ) (0 1256 768 ) (0 1256 188 ) (0 1048 188 ) 
4 18 19 (208 1048 188 ) (208 1048 768 ) (56 1048 768 ) (56 1048 188 ) 
4 18 21 (0 1048 0 ) (208 1048 0 ) (208 1048 188 ) (0 1048 188 ) 
4 19 96 (208 1024 188 ) (208 1024 256 ) (17.599922 1024 256 ) (17.599922 1024 188 ) 
4 19 71 (17.599920 1024 384 ) (17.599922 1024 256 ) (32 1024 256 ) (32 1024 384 ) 
4 19 69 (32 1024 768 ) (17.599915 1024 768 ) (17.599920 1024 384 ) (32 1024 384 ) 
4 19 68 (192 1024 768 ) (32 1024 768 ) (32 1024 256 ) (192 1024 256 ) 
4 19 66 (208 1024 256 ) (208 1024 384 ) (192 1024 384 ) (192 1024 256 ) 
4 19 62 (208 1024 384 ) (208 1024 640 ) (192 1024 640 ) (192 1024 384 ) 
4 19 50 (208 1024 640 ) (208 1024 768 ) (192 1024 768 ) (192 1024 640 ) 
4 19 20 (24 1028 188 ) (17.600002 1024 188 ) (17.597656 1024 768 ) (23.996157 1027.998779 768 ) 
4 19 21 (56 1048 188 ) (208 1048 188 ) (208 1024 188 ) (17.599915 1024 188 ) 
4 20 96 (10.666709 1024 256 ) (10.666710 1024 188 ) (17.599922 1024 188 ) (17.599922 1024 256 ) 
4 20 71 (10.666708 1024 384 ) (10.666709 1024 256 ) (17.599922 1024 256 ) (17.599920 1024 384 ) 
4 20 69 (17.599915 1024 768 ) (10.666704 1024 768 ) (10.666708 1024 384 ) (17.599920 1024 384 ) 
3 20 21 (24 1028 188 ) (17.599915 1024 188 ) (10.666704 1024 188 ) 
4 21 100 (208 1024 0 ) (208 1024 128 ) (0 1024 128 ) (0 1024 0 ) 
4 21 97 (208 1024 128 ) (208 1024 188 ) (0 1024 188 ) (0 1024 128 ) 
4 21 49 (0 1024 0 ) (0 1024 188 ) (0 1048 188 ) (0 1048 0 ) 
4 22 30 (-336 1448 442 ) (-336 1448 410 ) (-296 1448 410 ) (-296 1448 442 ) 
4 22 29 (-176 1448 768 ) (-336 1448 768 ) (-336 1448 442 ) (-176 1448 442 ) 
4 22 31 (-336 1448 410 ) (-336 1448 372 ) (-176 1448 372 ) (-176 1448 410 ) 
4 22 28 (0 1448 372 ) (0 1448 768 ) (-176 1448 768 ) (-176 1448 372 ) 
4 22 26 (-320 1448 372 ) (-336 1448 372 ) (-336 1712 372 ) (-320 1712 372 ) 
4 22 25 (-144 1448 372 ) (-320 1448 372 ) (-320 1712 372 ) (-144 1712 372 ) 
4 22 23 (0 1448 372 ) (-144 1448 372 ) (-144 1712 372 ) (0 1712 372 ) 
4 23 35 (0 1448 276 ) (0 1448 314 ) (-144 1448 314 ) (-144 1448 276 ) 
4 23 32 (0 1448 314 ) (0 1448 318 ) (-144 1448 318 ) (-144 1448 314 ) 
4 23 28 (0 1448 318 ) (0 1448 372 ) (-144 1448 372 ) (-144 1448 318 ) 
4 23 27 (0 1448 276 ) (-144 1448 276 ) (-144 1712 276 ) (0 1712 276 ) 
4 23 25 (-144 1712 276 ) (-144 1448 276 ) (-144 1448 372 ) (-144 1712 372 ) 
4 25 38 (-320 1448 314 ) (-320 1448 276 ) (-268 1448 276 ) (-268 1448 314 ) 
4 25 36 (-268 1448 276 ) (-264 1448 276 ) (-264 1448 314 ) (-268 1448 314 ) 
4 25 35 (-264 1448 276 ) (-144 1448 276 ) (-144 1448 314 ) (-264 1448 314 ) 
4 25 33 (-320 1448 318 ) (-320 1448 314 ) (-264 1448 314 ) (-264 1448 318 ) 
4 25 32 (-264 1448 314 ) (-144 1448 314 ) (-144 1448 318 ) (-264 1448 318 ) 
4 25 31 (-176 1448 372 ) (-320 1448 372 ) (-320 1448 318 ) (-176 1448 318 ) 
4 25 28 (-144 1448 372 ) (-176 1448 372 ) (-176 1448 318 ) (-144 1448 318 ) 
4 25 27 (-144 1448 276 ) (-320 1448 276 ) (-320 1712 276 ) (-144 1712 276 ) 
4 25 26 (-320 1712 276 ) (-320 1448 276 ) (-320 1448 372 ) (-320 1712 372 ) 
4 26 38 (-336 1448 314 ) (-336 1448 276 ) (-320 1448 276 ) (-320 1448 314 ) 
4 26 33 (-336 1448 318 ) (-336 1448 314 ) (-320 1448 314 ) (-320 1448 318 ) 
4 26 31 (-320 1448 372 ) (-336 1448 372 ) (-336 1448 318 ) (-320 1448 318 ) 
4 26 27 (-320 1448 276 ) (-336 1448 276 ) (-336 1712 276 ) (-320 1712 276 ) 
4 27 44 (0 1448 0 ) (0 1448 202 ) (-336 1448 202 ) (-336 1448 0 ) 
4 27 42 (-264 1448 206 ) (-336 1448 206 ) (-336 1448 202 ) (-264 1448 202 ) 
4 27 41 (0 1448 202 ) (0 1448 206 ) (-264 1448 206 ) (-264 1448 202 ) 
4 27 38 (-268 1448 276 ) (-336 1448 276 ) (-336 1448 206 ) (-268 1448 206 ) 
4 27 36 (-264 1448 276 ) (-268 1448 276 ) (-268 1448 206 ) (-264 1448 206 ) 
4 27 35 (0 1448 206 ) (0 1448 276 ) (-264 1448 276 ) (-264 1448 206 ) 
4 28 45 (0 1256 768 ) (-176 1256 768 ) (-176 1256 318 ) (0 1256 318 ) 
4 28 32 (0 1256 318 ) (-176 1256 318 ) (-176 1448 318 ) (0 1448 318 ) 
4 28 29 (-176 1448 768 ) (-176 1448 442 ) (-176 1256 442 ) (-176 1256 768 ) 
4 28 31 (-176 1448 410 ) (-176 1448 318 ) (-176 1256 318 ) (-176 1256 410 ) 
4 29 45 (-176 1256 768 ) (-336 1256 768 ) (-336 1256 442 ) (-176 1256 442 ) 
4 29 30 (-336 1448 442 ) (-296 1448 442 ) (-296 1256 442 ) (-336 1256 442 ) 
4 30 45 (-336 1256 442 ) (-336 1256 410 ) (-296 1256 410 ) (-296 1256 442 ) 
4 30 31 (-336 1448 410 ) (-296 1448 410 ) (-296 1256 410 ) (-336 1256 410 ) 
4 31 45 (-336 1256 410 ) (-336 1256 318 ) (-176 1256 318 ) (-176 1256 410 ) 
4 31 33 (-336 1388 318 ) (-336 1448 318 ) (-264 1448 318 ) (-264 1388 318 ) 
4 31 34 (-264 1256 318 ) (-336 1256 318 ) (-336 1316 318 ) (-264 1316 318 ) 
4 31 32 (-176 1256 318 ) (-264 1256 318 ) (-264 1448 318 ) (-176 1448 318 ) 
4 32 45 (-264 1256 314 ) (0 1256 314 ) (0 1256 318 ) (-264 1256 318 ) 
4 32 35 (0 1256 314 ) (-264 1256 314 ) (-264 1448 314 ) (0 1448 314 ) 
4 32 33 (-264 1448 314 ) (-264 1388 314 ) (-264 1388 318 ) (-264 1448 318 ) 
4 32 34 (-264 1316 314 ) (-264 1256 314 ) (-264 1256 318 ) (-264 1316 318 ) 
4 33 38 (-336 1388 314 ) (-336 1448 314 ) (-268 1448 314 ) (-268 1388 314 ) 
4 33 36 (-268 1448 314 ) (-264 1448 314 ) (-264 1388 314 ) (-268 1388 314 ) 
4 34 45 (-336 1256 318 ) (-336 1256 314 ) (-264 1256 314 ) (-264 1256 318 ) 
4 34 40 (-268 1256 314 ) (-336 1256 314 ) (-336 1316 314 ) (-268 1316 314 ) 
4 34 37 (-264 1256 314 ) (-268 1256 314 ) (-268 1316 314 ) (-264 1316 314 ) 
4 35 45 (-264 1256 206 ) (0 1256 206 ) (0 1256 314 ) (-264 1256 314 ) 
4 35 41 (0 1256 206 ) (-264 1256 206 ) (-264 1448 206 ) (0 1448 206 ) 
4 35 36 (-264 1448 206 ) (-264 1388 206 ) (-264 1388 314 ) (-264 1448 314 ) 
4 35 37 (-264 1316 206 ) (-264 1256 206 ) (-264 1256 314 ) (-264 1316 314 ) 
4 36 42 (-268 1388 206 ) (-268 1448 206 ) (-264 1448 206 ) (-264 1388 206 ) 
4 36 38 (-268 1448 206 ) (-268 1388 206 ) (-268 1388 314 ) (-268 1448 314 ) 
4 37 45 (-268 1256 206 ) (-264 1256 206 ) (-264 1256 314 ) (-268 1256 314 ) 
4 37 43 (-264 1256 206 ) (-268 1256 206 ) (-268 1316 206 ) (-264 1316 206 ) 
4 37 40 (-268 1316 206 ) (-268 1256 206 ) (-268 1256 314 ) (-268 1316 314 ) 
4 38 42 (-336 1388 206 ) (-336 1448 206 ) (-268 1448 206 ) (-268 1388 206 ) 
4 40 45 (-336 1256 314 ) (-336 1256 206 ) (-268 1256 206 ) (-268 1256 314 ) 
4 40 43 (-268 1256 206 ) (-336 1256 206 ) (-336 1316 206 ) (-268 1316 206 ) 
4 41 45 (-264 1256 202 ) (0 1256 202 ) (0 1256 206 ) (-264 1256 206 ) 
4 41 44 (0 1256 202 ) (-264 1256 202 ) (-264 1448 202 ) (0 1448 202 ) 
4 41 42 (-264 1448 202 ) (-264 1388 202 ) (-264 1388 206 ) (-264 1448 206 ) 
4 41 43 (-264 1316 202 ) (-264 1256 202 ) (-264 1256 206 ) (-264 1316 206 ) 
4 42 44 (-336 1388 202 ) (-336 1448 202 ) (-264 1448 202 ) (-264 1388 202 ) 
4 43 45 (-336 1256 206 ) (-336 1256 202 ) (-264 1256 202 ) (-264 1256 206 ) 
4 43 44 (-264 1256 202 ) (-336 1256 202 ) (-336 1316 202 ) (-264 1316 202 ) 
4 44 49 (-336 1256 188 ) (-336 1256 0 ) (0 1256 0 ) (0 1256 188 ) 
4 44 45 (-336 1256 202 ) (-336 1256 188 ) (0 1256 188 ) (0 1256 202 ) 
4 45 49 (-336 1048 188 ) (-336 1256 188 ) (0 1256 188 ) (0 1048 188 ) 
4 45 47 (-336 1048 188 ) (-184 1048 188 ) (-184 1048 768 ) (-336 1048 768 ) 
4 45 46 (-112 1048 188 ) (-16 1048 188 ) (-16 1048 768 ) (-112 1048 768 ) 
4 46 111 (-16 1024 768 ) (-112 1024 768 ) (-112 1024 188 ) (-16 1024 188 ) 
4 46 49 (-112 1048 188 ) (-16 1048 188 ) (-16 1024 188 ) (-112 1024 188 ) 
4 47 112 (-145.599915 1024 768 ) (-336 1024 768 ) (-336 1024 188 ) (-145.599915 1024 188 ) 
4 47 49 (-336 1024 188 ) (-336 1048 188 ) (-184 1048 188 ) (-145.599915 1024 188 ) 
4 47 48 (-145.600006 1024 188 ) (-152 1028 188 ) (-152 1028 768 ) (-145.600006 1024 768 ) 
4 48 112 (-138.666672 1024 768 ) (-145.599915 1024 768 ) (-145.599915 1024 188 ) (-138.666672 1024 188 ) 
3 48 49 (-138.666672 1024 188 ) (-145.599915 1024 188 ) (-152 1028 188 ) 
4 49 113 (-112 1024 188 ) (-336 1024 188 ) (-336 1024 0 ) (-112 1024 0 ) 
4 49 110 (0 1024 0 ) (0 1024 188 ) (-16 1024 188 ) (-16 1024 0 ) 
4 49 111 (-16 1024 188 ) (-112 1024 188 ) (-112 1024 0 ) (-16 1024 0 ) 
4 50 68 (192 1024 768 ) (192 1024 640 ) (192 848 640 ) (192 848 768 ) 
4 50 62 (192 848 640 ) (192 1024 640 ) (208 1024 640 ) (208 848 640 ) 
4 51 78 (192 480 1248 ) (192 480 896 ) (192 288 896 ) (192 288 1248 ) 
4 51 55 (192 288 912 ) (192 288 896 ) (256 288 896 ) (256 288 912 ) 
4 51 53 (192 288 1248 ) (192 288 912 ) (256 288 912 ) (256 288 1248 ) 
4 52 167 (656 0 1280 ) (656 0 912 ) (752 0 912 ) (752 0 1280 ) 
4 52 54 (752 0 912 ) (656 0 912 ) (656 48 912 ) (752 48 912 ) 
4 53 168 (192 0 1248 ) (192 0 912 ) (576 0 912 ) (576 0 1248 ) 
4 53 81 (192 128 1248 ) (192 256 1248 ) (192 256 912 ) (192 128 912 ) 
4 53 83 (192 0 912 ) (192 0 1248 ) (192 128 1248 ) (192 128 912 ) 
4 53 78 (192 256 1248 ) (192 288 1248 ) (192 288 912 ) (192 256 912 ) 
4 53 55 (192 0 912 ) (192 288 912 ) (256 288 912 ) (256 0 912 ) 
4 54 170 (640 0 896 ) (768 0 896 ) (768 0 912 ) (640 0 912 ) 
4 54 56 (768 64 896 ) (768 0 896 ) (640 0 896 ) (640 64 896 ) 
4 55 171 (192 0 912 ) (192 0 896 ) (256 0 896 ) (256 0 912 ) 
4 55 81 (192 128 912 ) (192 256 912 ) (192 256 896 ) (192 128 896 ) 
4 55 83 (192 0 896 ) (192 0 912 ) (192 128 912 ) (192 128 896 ) 
4 55 78 (192 256 912 ) (192 288 912 ) (192 288 896 ) (192 256 896 ) 
4 55 56 (192 0 896 ) (192 128 896 ) (256 128 896 ) (256 0 896 ) 
4 56 172 (192 0 896 ) (192 0 640 ) (768 0 640 ) (768 0 896 ) 
4 56 83 (192 0 640 ) (192 0 896 ) (192 128 896 ) (192 128 640 ) 
4 56 65 (192 0 640 ) (192 128 640 ) (224 128 640 ) (224 0 640 ) 
4 56 60 (256 128 640 ) (384 128 640 ) (384 0 640 ) (256 0 640 ) 
4 56 57 (384 128 640 ) (768 128 640 ) (768 0 640 ) (384 0 640 ) 
4 56 61 (224 128 640 ) (256 128 640 ) (256 0 640 ) (224 0 640 ) 
4 57 173 (768 0 640 ) (384 0 640 ) (384 0 256 ) (768 0 256 ) 
4 57 92 (768 0 256 ) (384 0 256 ) (384 64 256 ) (768 64 256 ) 
4 57 91 (384 64 256 ) (384 384 256 ) (768 384 256 ) (768 64 256 ) 
4 57 59 (384 192 264 ) (384 192 640 ) (384 224 640 ) (384 224 264 ) 
4 57 58 (384 384 640 ) (384 384 256 ) (384 224 256 ) (384 224 640 ) 
4 57 60 (384 192 256 ) (384 0 256 ) (384 0 640 ) (384 192 640 ) 
4 58 59 (256 224 640 ) (256 224 264 ) (384 224 264 ) (384 224 640 ) 
4 58 61 (256 384 640 ) (256 384 256 ) (256 224 256 ) (256 224 640 ) 
4 59 61 (256 192 264 ) (256 192 640 ) (256 224 640 ) (256 224 264 ) 
4 59 60 (256 192 640 ) (256 192 264 ) (384 192 264 ) (384 192 640 ) 
4 60 173 (384 0 640 ) (256 0 640 ) (256 0 256 ) (384 0 256 ) 
4 60 98 (384 0 256 ) (256 0 256 ) (256 192 256 ) (384 192 256 ) 
4 60 61 (256 192 256 ) (256 0 256 ) (256 0 640 ) (256 192 640 ) 
4 61 173 (256 0 640 ) (224 0 640 ) (224 0 256 ) (256 0 256 ) 
4 61 99 (256 0 256 ) (224 0 256 ) (224 288 256 ) (256 288 256 ) 
4 61 67 (224 384 256 ) (224 0 256 ) (224 0 384 ) (224 384 384 ) 
4 61 65 (224 0 384 ) (224 0 640 ) (224 384 640 ) (224 384 384 ) 
4 62 68 (192 848 640 ) (192 1024 640 ) (192 1024 384 ) (192 848 384 ) 
4 62 66 (192 848 384 ) (192 1024 384 ) (208 1024 384 ) (208 848 384 ) 
4 63 86 (192 640 512 ) (192 640 384 ) (192 576 384 ) (192 576 512 ) 
4 63 64 (192 576 384 ) (224 576 384 ) (224 576 512 ) (192 576 512 ) 
4 64 87 (192 448 640 ) (192 512 640 ) (192 512 384 ) (192 448 384 ) 
4 64 86 (192 512 640 ) (192 576 640 ) (192 576 384 ) (192 512 384 ) 
4 65 173 (224 0 640 ) (192 0 640 ) (192 0 384 ) (224 0 384 ) 
4 65 87 (192 0 384 ) (192 0 640 ) (192 384 640 ) (192 384 384 ) 
4 65 67 (192 0 384 ) (192 384 384 ) (224 384 384 ) (224 0 384 ) 
4 66 96 (192 1024 256 ) (208 1024 256 ) (208 848 256 ) (192 848 256 ) 
4 66 68 (192 1024 256 ) (192 848 256 ) (192 848 384 ) (192 1024 384 ) 
4 67 173 (192 0 384 ) (192 0 256 ) (224 0 256 ) (224 0 384 ) 
4 67 99 (224 288 256 ) (224 0 256 ) (192 0 256 ) (192 288 256 ) 
4 67 87 (192 384 256 ) (192 0 256 ) (192 0 384 ) (192 384 384 ) 
4 68 96 (32 1024 256 ) (192 1024 256 ) (192 848 256 ) (32 848 256 ) 
4 68 71 (32 1024 256 ) (32 848 256 ) (32 848 384 ) (32 1024 384 ) 
4 68 69 (32 848 384 ) (32 848 768 ) (32 1024 768 ) (32 1024 384 ) 
4 69 109 (0 1020.799988 384 ) (0 848 384 ) (0 848 768 ) (0 1020.799988 768 ) 
5 69 71 (32 1024 384 ) (32 848 384 ) (0 848 384 ) (0 1020.799988 384 ) (10.666738 1024 384 ) 
4 70 117 (0 800 384 ) (0 736 384 ) (0 736 446 ) (0 800 446 ) 
4 70 116 (0 736 446 ) (0 736 448 ) (0 800 448 ) (0 800 446 ) 
4 70 115 (0 832 384 ) (0 800 384 ) (0 800 448 ) (0 832 448 ) 
4 70 71 (32 832 384 ) (32 736 384 ) (0 736 384 ) (0 832 384 ) 
4 71 117 (0 800 256 ) (0 736 256 ) (0 736 384 ) (0 800 384 ) 
4 71 115 (0 832 256 ) (0 800 256 ) (0 800 384 ) (0 832 384 ) 
4 71 114 (0 848 256 ) (0 832 256 ) (0 832 384 ) (0 848 384 ) 
4 71 109 (0 1020.799988 256 ) (0 848 256 ) (0 848 384 ) (0 1020.799988 384 ) 
5 71 96 (0 848 256 ) (0 1020.799988 256 ) (10.666738 1024 256 ) (32 1024 256 ) (32 848 256 ) 
4 72 119 (0 728 256 ) (0 712 256 ) (0 712 384 ) (0 728 384 ) 
4 73 86 (96 640 384 ) (64 640 384 ) (64 640 352 ) (96 640 352 ) 
4 74 123 (0 672 256 ) (0 655 256 ) (0 655 384 ) (0 672 384 ) 
4 74 75 (0 655 256 ) (32 655 256 ) (32 655 384 ) (0 655 384 ) 
4 75 124 (0 655 256 ) (0 654 256 ) (0 654 384 ) (0 655 384 ) 
4 75 76 (0 654 256 ) (32 654 256 ) (32 654 384 ) (0 654 384 ) 
4 76 125 (0 654 256 ) (0 640 256 ) (0 640 384 ) (0 654 384 ) 
4 76 86 (0 640 256 ) (32 640 256 ) (32 640 384 ) (0 640 384 ) 
4 77 191 (0 0 1408 ) (0 0 1248 ) (128 0 1248 ) (128 0 1408 ) 
4 77 169 (128 0 1248 ) (160 0 1248 ) (160 0 1408 ) (128 0 1408 ) 
4 77 148 (0 0 1248 ) (0 0 1408 ) (0 128 1408 ) (0 128 1248 ) 
4 77 130 (0 128 1408 ) (0 288 1408 ) (0 288 1248 ) (0 128 1248 ) 
4 77 84 (0 192 1248 ) (0 256 1248 ) (64 256 1248 ) (64 192 1248 ) 
4 77 85 (64 0 1248 ) (0 0 1248 ) (0 192 1248 ) (64 192 1248 ) 
4 77 81 (64 128 1248 ) (64 256 1248 ) (160 256 1248 ) (160 128 1248 ) 
4 77 83 (160 0 1248 ) (64 0 1248 ) (64 128 1248 ) (160 128 1248 ) 
4 77 78 (64 288 1248 ) (160 288 1248 ) (160 256 1248 ) (64 256 1248 ) 
4 77 79 (0 256 1248 ) (0 288 1248 ) (64 288 1248 ) (64 256 1248 ) 
4 78 81 (192 256 896 ) (192 256 1248 ) (64 256 1248 ) (64 256 896 ) 
4 78 79 (64 256 896 ) (64 256 1248 ) (64 480 1248 ) (64 480 896 ) 
4 79 133 (0 448 736 ) (0 448 704 ) (0 352 704 ) (0 352 736 ) 
4 79 132 (0 448 896 ) (0 448 736 ) (0 256 736 ) (0 256 896 ) 
4 79 130 (0 256 1248 ) (0 288 1248 ) (0 288 896 ) (0 256 896 ) 
4 79 129 (0 288 1248 ) (0 448 1248 ) (0 448 896 ) (0 288 896 ) 
4 79 127 (0 480 896 ) (0 480 704 ) (0 448 704 ) (0 448 896 ) 
4 79 126 (0 448 1248 ) (0 480 1248 ) (0 480 896 ) (0 448 896 ) 
4 79 84 (64 256 1248 ) (0 256 1248 ) (0 256 832 ) (64 256 832 ) 
4 79 80 (0 448 704 ) (0 480 704 ) (64 480 704 ) (64 448 704 ) 
4 80 127 (0 480 704 ) (0 480 672 ) (0 448 672 ) (0 448 704 ) 
4 81 84 (64 256 1248 ) (64 256 896 ) (64 192 896 ) (64 192 1248 ) 
4 81 85 (64 192 896 ) (64 128 896 ) (64 128 1248 ) (64 192 1248 ) 
4 81 83 (64 128 1248 ) (64 128 896 ) (192 128 896 ) (192 128 1248 ) 
4 82 89 (64 256 640 ) (128 256 640 ) (128 128 640 ) (64 128 640 ) 
4 82 87 (128 256 640 ) (192 256 640 ) (192 128 640 ) (128 128 640 ) 
4 82 85 (64 192 640 ) (64 128 640 ) (64 128 704 ) (64 192 704 ) 
4 82 83 (64 128 704 ) (64 128 640 ) (192 128 640 ) (192 128 704 ) 
4 83 192 (64 0 640 ) (128 0 640 ) (128 0 1152 ) (64 0 1152 ) 
4 83 191 (128 0 1152 ) (128 0 1248 ) (64 0 1248 ) (64 0 1152 ) 
4 83 172 (128 0 640 ) (192 0 640 ) (192 0 896 ) (128 0 896 ) 
4 83 171 (192 0 896 ) (192 0 912 ) (128 0 912 ) (128 0 896 ) 
4 83 168 (192 0 912 ) (192 0 1248 ) (160 0 1248 ) (160 0 912 ) 
4 83 169 (160 0 1248 ) (128 0 1248 ) (128 0 912 ) (160 0 912 ) 
4 83 89 (128 0 640 ) (64 0 640 ) (64 128 640 ) (128 128 640 ) 
4 83 87 (192 128 640 ) (192 0 640 ) (128 0 640 ) (128 128 640 ) 
4 83 85 (64 128 640 ) (64 0 640 ) (64 0 1248 ) (64 128 1248 ) 
4 84 132 (0 256 896 ) (0 256 832 ) (0 224 832 ) (0 224 896 ) 
4 84 137 (0 224 832 ) (0 192 832 ) (0 192 896 ) (0 224 896 ) 
4 84 130 (0 192 1248 ) (0 256 1248 ) (0 256 896 ) (0 192 896 ) 
4 84 85 (64 192 832 ) (64 192 1248 ) (0 192 1248 ) (0 192 832 ) 
4 85 192 (0 0 1152 ) (0 0 640 ) (64 0 640 ) (64 0 1152 ) 
4 85 191 (0 0 1248 ) (0 0 1152 ) (64 0 1152 ) (64 0 1248 ) 
4 85 150 (0 0 640 ) (0 0 896 ) (0 128 896 ) (0 128 640 ) 
4 85 148 (0 0 896 ) (0 0 1248 ) (0 128 1248 ) (0 128 896 ) 
4 85 137 (0 192 896 ) (0 192 640 ) (0 128 640 ) (0 128 896 ) 
4 85 130 (0 128 1248 ) (0 192 1248 ) (0 192 896 ) (0 128 896 ) 
4 85 89 (0 0 640 ) (0 192 640 ) (64 192 640 ) (64 0 640 ) 
4 86 128 (0 640 256 ) (0 512 256 ) (0 512 640 ) (0 640 640 ) 
4 86 88 (128 512 258 ) (128 512 640 ) (0 512 640 ) (0 512 258 ) 
4 86 87 (128 512 256 ) (192 512 256 ) (192 512 640 ) (128 512 640 ) 
4 87 173 (128 0 256 ) (192 0 256 ) (192 0 640 ) (128 0 640 ) 
4 87 99 (192 288 256 ) (192 0 256 ) (128 0 256 ) (128 288 256 ) 
4 87 88 (128 512 640 ) (128 512 258 ) (128 384 258 ) (128 384 640 ) 
4 87 89 (128 384 256 ) (128 0 256 ) (128 0 640 ) (128 384 640 ) 
4 88 143 (0 384 258 ) (0 384 640 ) (0 448 640 ) (0 448 258 ) 
4 88 128 (0 448 640 ) (0 512 640 ) (0 512 258 ) (0 448 258 ) 
4 88 89 (128 384 258 ) (128 384 640 ) (0 384 640 ) (0 384 258 ) 
4 89 204 (0 0 384 ) (0 0 256 ) (128 0 256 ) (128 0 384 ) 
4 89 202 (0 0 416 ) (0 0 384 ) (64 0 384 ) (64 0 416 ) 
4 89 201 (64 0 384 ) (128 0 384 ) (128 0 416 ) (64 0 416 ) 
4 89 196 (64 0 416 ) (128 0 416 ) (128 0 640 ) (64 0 640 ) 
4 89 197 (0 0 640 ) (0 0 416 ) (64 0 416 ) (64 0 640 ) 
4 89 155 (0 0 323.172974 ) (0 0 448 ) (0 64 448 ) (0 64 323.172974 ) 
4 89 154 (0 64 256 ) (0 0 256 ) (0 0 323.172974 ) (0 64 323.172974 ) 
4 89 152 (0 128 256 ) (0 64 256 ) (0 64 448 ) (0 128 448 ) 
4 89 150 (0 0 448 ) (0 0 640 ) (0 128 640 ) (0 128 448 ) 
4 89 143 (0 384 256 ) (0 128 256 ) (0 128 640 ) (0 384 640 ) 
4 89 99 (0 0 256 ) (0 288 256 ) (128 288 256 ) (128 0 256 ) 
4 90 91 (516 384 192 ) (516 384 256 ) (452 384 256 ) (452 384 192 ) 
4 91 101 (384 64 128 ) (384 384 128 ) (768 384 128 ) (768 64 128 ) 
4 91 98 (384 192 128 ) (384 64 128 ) (384 64 256 ) (384 192 256 ) 
4 91 95 (768 64 211.585693 ) (768 64 219.870667 ) (755.925476 64 216.635300 ) (758 64 208.906067 ) 
4 91 94 (647.156494 64 128 ) (768 64 128 ) (768 64 211.585693 ) (634.357544 64 175.774765 ) 
3 91 93 (425.134186 64 128 ) (647.156494 64 128 ) (632.286255 64 183.506256 ) 
5 91 92 (384 64 256 ) (384 64 128 ) (425.134186 64 128 ) (768 64 219.870667 ) (768 64 256 ) 
5 92 173 (768 0 256 ) (384 0 256 ) (384 0 128 ) (425.133179 0 128 ) (768 0 219.870941 ) 
4 92 101 (425.133179 0 128 ) (384 0 128 ) (384 64 128 ) (425.134186 64 128 ) 
4 92 98 (384 64 128 ) (384 0 128 ) (384 0 256 ) (384 64 256 ) 
4 92 95 (755.925781 64 216.633865 ) (768 64 219.869141 ) (768 0 219.869415 ) (755.925293 0 216.634003 ) 
4 92 93 (425.138977 0 128 ) (425.139984 64 128 ) (632.286621 64 183.504822 ) (632.286682 0 183.505112 ) 
3 93 174 (425.133179 0 128 ) (647.156616 0 128 ) (632.286316 0 183.506546 ) 
4 93 101 (647.156616 0 128 ) (425.133179 0 128 ) (425.134186 64 128 ) (647.156494 64 128 ) 
4 93 94 (647.157104 0 128 ) (647.156982 64 128 ) (634.358154 64 175.774933 ) (634.358398 0 175.774429 ) 
4 94 175 (647.156616 0 128 ) (768 0 128 ) (768 0 211.585114 ) (634.357788 0 175.774277 ) 
4 94 101 (768 0 128 ) (647.156616 0 128 ) (647.156494 64 128 ) (768 64 128 ) 
4 94 95 (768 64 211.585938 ) (758 64 208.906296 ) (758 0 208.905640 ) (768 0 211.585358 ) 
4 95 176 (768 0 211.585114 ) (768 0 219.870941 ) (755.924866 0 216.635422 ) (758 0 208.905426 ) 
4 96 109 (0 1020.799988 188 ) (0 848 188 ) (0 848 256 ) (0 1020.799988 256 ) 
5 96 97 (10.666732 1024 188 ) (208 1024 188 ) (208 848 188 ) (0 848 188 ) (0 1020.799988 188 ) 
4 97 110 (0 1024 188 ) (0 1024 128 ) (0 848 128 ) (0 848 188 ) 
4 97 100 (0 848 128 ) (0 1024 128 ) (208 1024 128 ) (208 848 128 ) 
4 98 173 (384 0 256 ) (256 0 256 ) (256 0 128 ) (384 0 128 ) 
4 98 102 (384 0 128 ) (256 0 128 ) (256 192 128 ) (384 192 128 ) 
4 98 99 (256 192 128 ) (256 0 128 ) (256 0 256 ) (256 192 256 ) 
4 99 206 (96 0 256 ) (0 0 256 ) (0 0 128 ) (96 0 128 ) 
4 99 205 (128 0 256 ) (96 0 256 ) (96 0 128 ) (128 0 128 ) 
4 99 173 (256 0 256 ) (128 0 256 ) (128 0 128 ) (256 0 128 ) 
4 99 154 (0 64 128 ) (0 0 128 ) (0 0 256 ) (0 64 256 ) 
4 99 152 (0 128 128 ) (0 64 128 ) (0 64 256 ) (0 128 256 ) 
4 99 144 (0 288 128 ) (0 128 128 ) (0 128 256 ) (0 288 256 ) 
4 99 104 (160 0 128 ) (64 0 128 ) (64 128 128 ) (160 128 128 ) 
4 99 103 (192 0 128 ) (160 0 128 ) (160 160 128 ) (192 160 128 ) 
4 99 102 (256 0 128 ) (192 0 128 ) (192 192 128 ) (256 192 128 ) 
4 100 110 (0 1024 128 ) (0 1024 0 ) (0 848 0 ) (0 848 128 ) 
4 101 189 (576 0 128 ) (384 0 128 ) (384 0 112 ) (576 0 112 ) 
4 101 188 (768 0 128 ) (576 0 128 ) (576 0 112 ) (768 0 112 ) 
4 101 105 (384 384 112 ) (768 384 112 ) (768 0 112 ) (384 0 112 ) 
4 101 102 (384 192 112 ) (384 0 112 ) (384 0 128 ) (384 192 128 ) 
4 102 189 (384 0 128 ) (192 0 128 ) (192 0 112 ) (384 0 112 ) 
4 102 106 (384 192 112 ) (384 0 112 ) (192 0 112 ) (192 192 112 ) 
4 102 103 (192 160 112 ) (192 0 112 ) (192 0 128 ) (192 160 128 ) 
4 103 189 (192 0 128 ) (160 0 128 ) (160 0 112 ) (192 0 112 ) 
4 103 106 (160 160 112 ) (192 160 112 ) (192 0 112 ) (160 0 112 ) 
4 103 104 (160 128 112 ) (160 0 112 ) (160 0 128 ) (160 128 128 ) 
4 104 270 (64 0 116 ) (64 0 112 ) (128 0 112 ) (128 0 116 ) 
4 104 216 (128 0 128 ) (64 0 128 ) (64 0 116 ) (128 0 116 ) 
4 104 189 (160 0 128 ) (128 0 128 ) (128 0 112 ) (160 0 112 ) 
4 104 106 (64 0 112 ) (64 128 112 ) (160 128 112 ) (160 0 112 ) 
4 105 189 (576 0 112 ) (384 0 112 ) (384 0 0 ) (576 0 0 ) 
4 105 188 (768 0 112 ) (576 0 112 ) (576 0 0 ) (768 0 0 ) 
4 105 107 (768 0 0 ) (384 0 0 ) (384 384 0 ) (768 384 0 ) 
4 105 106 (384 0 112 ) (384 192 112 ) (384 192 0 ) (384 0 0 ) 
4 106 270 (128 0 112 ) (64 0 112 ) (64 0 0 ) (128 0 0 ) 
4 106 189 (384 0 112 ) (128 0 112 ) (128 0 0 ) (384 0 0 ) 
4 106 108 (384 0 0 ) (64 0 0 ) (64 192 0 ) (384 192 0 ) 
4 107 272 (576 0 0 ) (384 0 0 ) (384 0 -128 ) (576 0 -128 ) 
4 107 271 (768 0 0 ) (576 0 0 ) (576 0 -128 ) (768 0 -128 ) 
4 107 108 (384 192 -128 ) (384 0 -128 ) (384 0 0 ) (384 192 0 ) 
4 108 273 (384 0 0 ) (64 0 0 ) (64 0 -128 ) (384 0 -128 ) 
4 109 114 (-16 848 384 ) (-16 848 256 ) (0 848 256 ) (0 848 384 ) 
4 109 110 (0 848 188 ) (-16 848 188 ) (-16 1016 188 ) (0 1020.799988 188 ) 
4 109 111 (-16 848 188 ) (-16 848 768 ) (-16 1016 768 ) (-16 1016 188 ) 
4 110 111 (-16 1024 0 ) (-16 848 0 ) (-16 848 188 ) (-16 1024 188 ) 
4 111 114 (-112 848 384 ) (-112 848 256 ) (-16 848 256 ) (-16 848 384 ) 
4 111 112 (-112 848 188 ) (-112 848 768 ) (-112 1016 768 ) (-112 1016 188 ) 
4 111 113 (-112 1024 0 ) (-112 848 0 ) (-112 848 188 ) (-112 1024 188 ) 
4 112 114 (-160 848 384 ) (-160 848 256 ) (-112 848 256 ) (-112 848 384 ) 
5 112 113 (-336 848 188 ) (-336 1024 188 ) (-138.666626 1024 188 ) (-112 1016 188 ) (-112 848 188 ) 
4 114 118 (-160 832 256 ) (-128 832 256 ) (-128 832 384 ) (-160 832 384 ) 
4 114 115 (-128 832 256 ) (0 832 256 ) (0 832 384 ) (-128 832 384 ) 
4 115 118 (-128 832 448 ) (-128 832 256 ) (-128 800 256 ) (-128 800 448 ) 
4 115 117 (-128 800 446 ) (-128 800 256 ) (0 800 256 ) (0 800 446 ) 
4 115 116 (-128 800 448 ) (-128 800 446 ) (0 800 446 ) (0 800 448 ) 
4 116 118 (-128 736 446 ) (-128 736 448 ) (-128 800 448 ) (-128 800 446 ) 
4 116 117 (0 736 446 ) (-128 736 446 ) (-128 800 446 ) (0 800 446 ) 
4 117 119 (0 736 256 ) (0 736 384 ) (-128 736 384 ) (-128 736 256 ) 
4 117 118 (-128 736 256 ) (-128 736 446 ) (-128 800 446 ) (-128 800 256 ) 
4 119 123 (-128 672 256 ) (0 672 256 ) (0 672 384 ) (-128 672 384 ) 
4 119 120 (-128 728 256 ) (-128 712 256 ) (-128 712 384 ) (-128 728 384 ) 
4 121 128 (-192 640 640 ) (-256 640 640 ) (-256 640 512 ) (-192 640 512 ) 
4 122 128 (-32 640 416 ) (-96 640 416 ) (-96 640 384 ) (-32 640 384 ) 
4 122 125 (-32 640 384 ) (-96 640 384 ) (-96 644 384 ) (-32 644 384 ) 
4 123 124 (-160 655 384 ) (-160 655 256 ) (0 655 256 ) (0 655 384 ) 
4 124 125 (-160 654 384 ) (-160 654 256 ) (0 654 256 ) (0 654 384 ) 
4 125 128 (0 640 256 ) (0 640 384 ) (-160 640 384 ) (-160 640 256 ) 
4 126 129 (0 448 896 ) (0 448 1248 ) (-576 448 1248 ) (-576 448 896 ) 
4 126 127 (0 448 896 ) (-256 448 896 ) (-256 480 896 ) (0 480 896 ) 
4 127 139 (-192 448 896 ) (-256 448 896 ) (-256 448 672 ) (-192 448 672 ) 
4 127 138 (-128 448 896 ) (-192 448 896 ) (-192 448 672 ) (-128 448 672 ) 
4 127 134 (-64 448 736 ) (-128 448 736 ) (-128 448 672 ) (-64 448 672 ) 
4 127 133 (0 448 704 ) (0 448 736 ) (-64 448 736 ) (-64 448 704 ) 
4 127 132 (0 448 736 ) (0 448 896 ) (-128 448 896 ) (-128 448 736 ) 
4 128 145 (-64 448 640 ) (-320 448 640 ) (-320 448 256 ) (-64 448 256 ) 
4 128 143 (0 448 256 ) (0 448 640 ) (-64 448 640 ) (-64 448 256 ) 
4 129 141 (-256 352 896 ) (-256 384 896 ) (-224 384 896 ) (-224 352 896 ) 
4 129 142 (-224 288 896 ) (-256 288 896 ) (-256 352 896 ) (-224 352 896 ) 
4 129 140 (-128 384 896 ) (-128 288 896 ) (-224 288 896 ) (-224 384 896 ) 
4 129 139 (-256 448 896 ) (-192 448 896 ) (-192 384 896 ) (-256 384 896 ) 
4 129 138 (-192 448 896 ) (-128 448 896 ) (-128 384 896 ) (-192 384 896 ) 
4 129 132 (-128 448 896 ) (0 448 896 ) (0 288 896 ) (-128 288 896 ) 
4 129 131 (-576 288 1248 ) (-576 288 896 ) (-477 288 896 ) (-477 288 1248 ) 
4 129 130 (-477 288 896 ) (0 288 896 ) (0 288 1248 ) (-477 288 1248 ) 
4 130 148 (-477 128 896 ) (0 128 896 ) (0 128 1408 ) (-477 128 1408 ) 
4 130 142 (-224 128 896 ) (-256 128 896 ) (-256 288 896 ) (-224 288 896 ) 
4 130 140 (-128 128 896 ) (-224 128 896 ) (-224 288 896 ) (-128 288 896 ) 
4 130 132 (-128 224 896 ) (-128 288 896 ) (0 288 896 ) (0 224 896 ) 
4 130 137 (0 128 896 ) (-128 128 896 ) (-128 224 896 ) (0 224 896 ) 
4 130 131 (-477 288 1248 ) (-477 288 896 ) (-477 128 896 ) (-477 128 1248 ) 
4 131 149 (-576 128 896 ) (-477 128 896 ) (-477 128 1248 ) (-576 128 1248 ) 
4 132 140 (-128 224 736 ) (-128 224 896 ) (-128 384 896 ) (-128 384 736 ) 
4 132 138 (-128 384 896 ) (-128 448 896 ) (-128 448 736 ) (-128 384 736 ) 
4 132 134 (-128 352 736 ) (-128 448 736 ) (-64 448 736 ) (-64 352 736 ) 
4 132 133 (-64 448 736 ) (0 448 736 ) (0 352 736 ) (-64 352 736 ) 
4 132 137 (-128 224 896 ) (-128 224 736 ) (0 224 736 ) (0 224 896 ) 
4 133 134 (-64 352 704 ) (-64 352 736 ) (-64 448 736 ) (-64 448 704 ) 
4 134 140 (-128 352 736 ) (-128 384 736 ) (-128 384 672 ) (-128 352 672 ) 
4 134 138 (-128 384 736 ) (-128 448 736 ) (-128 448 672 ) (-128 384 672 ) 
4 134 135 (-128 352 672 ) (-128 448 672 ) (-64 448 672 ) (-64 352 672 ) 
4 135 145 (-128 256 640 ) (-128 448 640 ) (-64 448 640 ) (-64 256 640 ) 
4 135 140 (-128 384 640 ) (-128 256 640 ) (-128 256 672 ) (-128 384 672 ) 
4 135 138 (-128 448 640 ) (-128 384 640 ) (-128 384 672 ) (-128 448 672 ) 
4 135 136 (-128 256 672 ) (-128 256 640 ) (-64 256 640 ) (-64 256 672 ) 
4 136 145 (-128 224 640 ) (-128 256 640 ) (-64 256 640 ) (-64 224 640 ) 
4 136 143 (-64 256 640 ) (0 256 640 ) (0 224 640 ) (-64 224 640 ) 
4 136 140 (-128 256 640 ) (-128 224 640 ) (-128 224 672 ) (-128 256 672 ) 
4 136 137 (-128 224 672 ) (-128 224 640 ) (0 224 640 ) (0 224 672 ) 
4 137 150 (-128 128 640 ) (0 128 640 ) (0 128 896 ) (-128 128 896 ) 
4 137 145 (-64 128 640 ) (-128 128 640 ) (-128 224 640 ) (-64 224 640 ) 
4 137 143 (0 128 640 ) (-64 128 640 ) (-64 224 640 ) (0 224 640 ) 
4 137 140 (-128 224 640 ) (-128 128 640 ) (-128 128 896 ) (-128 224 896 ) 
4 138 145 (-192 448 640 ) (-128 448 640 ) (-128 384 640 ) (-192 384 640 ) 
4 138 140 (-192 384 640 ) (-128 384 640 ) (-128 384 896 ) (-192 384 896 ) 
4 138 139 (-192 384 672 ) (-192 384 896 ) (-192 448 896 ) (-192 448 672 ) 
4 139 141 (-256 384 896 ) (-256 384 672 ) (-224 384 672 ) (-224 384 896 ) 
4 139 140 (-224 384 672 ) (-192 384 672 ) (-192 384 896 ) (-224 384 896 ) 
4 140 150 (-224 128 640 ) (-128 128 640 ) (-128 128 896 ) (-224 128 896 ) 
4 140 145 (-128 128 640 ) (-224 128 640 ) (-224 384 640 ) (-128 384 640 ) 
4 140 141 (-224 384 896 ) (-224 384 672 ) (-224 352 672 ) (-224 352 896 ) 
4 140 142 (-224 352 640 ) (-224 128 640 ) (-224 128 896 ) (-224 352 896 ) 
4 141 142 (-256 352 896 ) (-256 352 672 ) (-224 352 672 ) (-224 352 896 ) 
4 142 150 (-256 128 640 ) (-224 128 640 ) (-224 128 896 ) (-256 128 896 ) 
4 142 145 (-224 128 640 ) (-256 128 640 ) (-256 352 640 ) (-224 352 640 ) 
4 143 152 (0 128 256 ) (0 128 448 ) (-64 128 448 ) (-64 128 256 ) 
4 143 150 (0 128 448 ) (0 128 640 ) (-64 128 640 ) (-64 128 448 ) 
4 143 145 (-64 128 256 ) (-64 128 640 ) (-64 448 640 ) (-64 448 256 ) 
4 143 144 (0 128 256 ) (-64 128 256 ) (-64 288 256 ) (0 288 256 ) 
4 144 152 (0 128 128 ) (0 128 256 ) (-64 128 256 ) (-64 128 128 ) 
4 144 145 (-64 288 128 ) (-64 128 128 ) (-64 128 256 ) (-64 288 256 ) 
4 145 152 (-448 128 448 ) (-448 128 128 ) (-64 128 128 ) (-64 128 448 ) 
4 145 150 (-64 128 640 ) (-448 128 640 ) (-448 128 448 ) (-64 128 448 ) 
4 145 147 (-320 448 128 ) (-64 448 128 ) (-64 320 128 ) (-320 320 128 ) 
4 145 146 (-448 448 128 ) (-448 128 128 ) (-448 128 576 ) (-448 448 576 ) 
4 146 163 (-512 128 256 ) (-512 128 128 ) (-448 128 128 ) (-448 128 256 ) 
4 148 274 (0 0 896 ) (0 0 1408 ) (-477 0 1408 ) (-477 0 896 ) 
4 148 150 (-448 128 896 ) (0 128 896 ) (0 0 896 ) (-448 0 896 ) 
4 148 149 (-477 128 896 ) (-477 0 896 ) (-477 0 1248 ) (-477 128 1248 ) 
4 149 275 (-576 0 1248 ) (-576 0 896 ) (-477 0 896 ) (-477 0 1248 ) 
4 150 287 (-390.167664 0 640 ) (-398.170288 0 640 ) (-396.491699 0 448 ) (-388.492096 0 448 ) 
4 150 286 (-128 0 640 ) (-390.167664 0 640 ) (-388.492096 0 448 ) (-128 0 448 ) 
4 150 284 (-398.170288 0 640 ) (-448 0 640 ) (-448 0 448 ) (-396.491699 0 448 ) 
4 150 280 (0 0 448 ) (0 0 512 ) (-128 0 512 ) (-128 0 448 ) 
4 150 279 (-64 0 640 ) (-128 0 640 ) (-128 0 512 ) (-64 0 512 ) 
4 150 278 (0 0 512 ) (0 0 640 ) (-64 0 640 ) (-64 0 512 ) 
4 150 276 (0 0 640 ) (0 0 896 ) (-448 0 896 ) (-448 0 640 ) 
4 150 156 (-388.492096 0 448 ) (-396.491699 0 448 ) (-396.491699 64 448 ) (-388.492096 64 448 ) 
4 150 155 (0 0 448 ) (-388.492096 0 448 ) (-388.492096 64 448 ) (0 64 448 ) 
4 150 153 (-396.491699 0 448 ) (-448 0 448 ) (-448 64 448 ) (-396.491699 64 448 ) 
4 150 152 (-448 64 448 ) (-448 128 448 ) (0 128 448 ) (0 64 448 ) 
4 150 151 (-448 0 640 ) (-448 0 768 ) (-448 128 768 ) (-448 128 640 ) 
4 151 277 (-592 0 768 ) (-592 0 640 ) (-448 0 640 ) (-448 0 768 ) 
4 152 163 (-448 128 256 ) (-448 128 128 ) (-448 64 128 ) (-448 64 256 ) 
4 152 155 (0 64 323.172974 ) (0 64 448 ) (-388.492096 64 448 ) (-387.373993 64 319.878967 ) 
4 152 154 (-393.694000 64 128 ) (0 64 128 ) (0 64 323.172974 ) (-395.370972 64 319.810974 ) 
4 152 153 (-448 64 448 ) (-448 64 128 ) (-393.694000 64 128 ) (-396.491699 64 448 ) 
4 153 284 (-396.491699 0 448 ) (-448 0 448 ) (-448 0 128 ) (-393.694000 0 128 ) 
4 153 163 (-448 64 256 ) (-448 64 128 ) (-448 0 128 ) (-448 0 256 ) 
4 153 159 (-448 32 416.250000 ) (-448 32 352.750000 ) (-448 0 352.750000 ) (-448 0 416.250000 ) 
4 153 158 (-448 0 448 ) (-448 32 448 ) (-448 32 416.250000 ) (-448 0 416.250000 ) 
4 153 160 (-448 32 352.750000 ) (-448 32 321 ) (-448 0 321 ) (-448 0 352.750000 ) 
4 153 157 (-448 32 448 ) (-448 64 448 ) (-448 64 321 ) (-448 32 321 ) 
4 153 161 (-448 64 321 ) (-448 64 320 ) (-448 0 320 ) (-448 0 321 ) 
4 153 154 (-393.694031 0 128 ) (-393.694031 64 128 ) (-395.370972 64 319.810944 ) (-395.370972 0 319.810974 ) 
4 154 285 (-128 0 322.084503 ) (-395.370972 0 319.810974 ) (-393.694000 0 128 ) (-128 0 128 ) 
4 154 282 (0 0 128 ) (0 0 323.172943 ) (-128 0 322.084503 ) (-128 0 128 ) 
4 154 155 (0 64 323.173035 ) (-387.374023 64 319.879028 ) (-387.373993 0 319.878998 ) (0 0 323.172974 ) 
4 155 286 (-128 0 448 ) (-388.492096 0 448 ) (-387.373993 0 319.878967 ) (-128 0 322.084503 ) 
4 155 282 (0 0 323.172943 ) (0 0 416 ) (-128 0 416 ) (-128 0 322.084503 ) 
4 155 280 (0 0 416 ) (0 0 448 ) (-128 0 448 ) (-128 0 416 ) 
4 157 162 (-449 32 448 ) (-449 64 448 ) (-449 64 321 ) (-449 32 321 ) 
4 157 159 (-449 32 416.250000 ) (-449 32 352.750000 ) (-448 32 352.750000 ) (-448 32 416.250000 ) 
4 157 158 (-449 32 448 ) (-449 32 416.250000 ) (-448 32 416.250000 ) (-448 32 448 ) 
4 157 160 (-449 32 352.750000 ) (-449 32 321 ) (-448 32 321 ) (-448 32 352.750000 ) 
4 157 161 (-449 32 321 ) (-449 64 321 ) (-448 64 321 ) (-448 32 321 ) 
4 158 295 (-448 0 416.250000 ) (-448 0 448 ) (-449 0 448 ) (-449 0 416.250000 ) 
4 158 162 (-449 0 416.250000 ) (-449 0 448 ) (-449 32 448 ) (-449 32 416.250000 ) 
4 158 159 (-449 0 416.250000 ) (-449 32 416.250000 ) (-448 32 416.250000 ) (-448 0 416.250000 ) 
4 159 296 (-448 0 352.750000 ) (-448 0 416.250000 ) (-449 0 416.250000 ) (-449 0 352.750000 ) 
4 159 162 (-449 0 352.750000 ) (-449 0 416.250000 ) (-449 32 416.250000 ) (-449 32 352.750000 ) 
4 159 160 (-449 0 352.750000 ) (-449 32 352.750000 ) (-448 32 352.750000 ) (-448 0 352.750000 ) 
4 160 297 (-448 0 321 ) (-448 0 352.750000 ) (-449 0 352.750000 ) (-449 0 321 ) 
4 160 162 (-449 0 321 ) (-449 0 352.750000 ) (-449 32 352.750000 ) (-449 32 321 ) 
4 160 161 (-449 0 321 ) (-449 32 321 ) (-448 32 321 ) (-448 0 321 ) 
4 161 299 (-448 0 320 ) (-448 0 321 ) (-449 0 321 ) (-449 0 320 ) 
4 161 162 (-449 64 320 ) (-449 0 320 ) (-449 0 321 ) (-449 64 321 ) 
4 162 300 (-449 0 448 ) (-512 0 448 ) (-512 0 320 ) (-449 0 320 ) 
4 162 164 (-512 0 320 ) (-512 0 448 ) (-512 64 448 ) (-512 64 320 ) 
4 163 302 (-448 0 128 ) (-448 0 256 ) (-512 0 256 ) (-512 0 128 ) 
4 164 304 (-512 0 320 ) (-512 0 448 ) (-592 0 448 ) (-592 0 320 ) 
4 167 170 (656 -48 912 ) (656 0 912 ) (752 0 912 ) (752 -48 912 ) 
4 168 171 (256 -160 912 ) (160 -160 912 ) (160 0 912 ) (256 0 912 ) 
4 168 169 (160 0 912 ) (160 -160 912 ) (160 -160 1248 ) (160 0 1248 ) 
4 169 193 (128 -128 912 ) (128 -160 912 ) (128 -160 1152 ) (128 -128 1152 ) 
4 169 192 (128 0 1152 ) (128 0 912 ) (128 -128 912 ) (128 -128 1152 ) 
4 169 191 (128 0 1408 ) (128 0 1152 ) (128 -160 1152 ) (128 -160 1408 ) 
4 169 171 (160 -160 912 ) (128 -160 912 ) (128 0 912 ) (160 0 912 ) 
4 170 172 (640 -64 896 ) (640 0 896 ) (768 0 896 ) (768 -64 896 ) 
4 171 193 (128 -128 896 ) (128 -160 896 ) (128 -160 912 ) (128 -128 912 ) 
4 171 192 (128 0 912 ) (128 0 896 ) (128 -128 896 ) (128 -128 912 ) 
4 171 172 (128 -128 896 ) (128 0 896 ) (256 0 896 ) (256 -128 896 ) 
4 172 192 (128 0 896 ) (128 0 640 ) (128 -128 640 ) (128 -128 896 ) 
4 172 173 (128 -64 640 ) (128 0 640 ) (768 0 640 ) (768 -64 640 ) 
4 172 177 (128 -128 640 ) (128 -64 640 ) (768 -64 640 ) (768 -128 640 ) 
4 173 205 (128 0 256 ) (128 0 128 ) (128 -64 128 ) (128 -64 256 ) 
4 173 204 (128 0 384 ) (128 0 256 ) (128 -64 256 ) (128 -64 384 ) 
4 173 201 (128 0 416 ) (128 0 384 ) (128 -64 384 ) (128 -64 416 ) 
4 173 196 (128 0 640 ) (128 0 416 ) (128 -64 416 ) (128 -64 640 ) 
4 173 189 (128 -64 128 ) (128 0 128 ) (425.133179 0 128 ) (425.132202 -64 128 ) 
4 173 176 (768 -64 219.871094 ) (755.924377 -64 216.635437 ) (755.924927 0 216.635315 ) (768 0 219.870819 ) 
4 173 174 (632.286377 -64 183.506714 ) (425.132660 -64 128 ) (425.133667 0 128 ) (632.286316 0 183.506424 ) 
5 173 177 (128 -64 128 ) (425.132172 -64 128 ) (768 -64 219.871216 ) (768 -64 640 ) (128 -64 640 ) 
4 174 189 (425.133179 0 128 ) (576 0 128 ) (576 -64 128 ) (425.132202 -64 128 ) 
4 174 188 (576 0 128 ) (647.156616 0 128 ) (647.156738 -64 128 ) (576 -64 128 ) 
4 174 175 (634.358704 -64 175.773956 ) (647.157471 -64 128 ) (647.157349 0 128 ) (634.358459 0 175.774445 ) 
3 174 177 (425.132172 -64 128 ) (647.156738 -64 128 ) (632.286377 -64 183.506836 ) 
4 175 188 (647.156616 0 128 ) (768 0 128 ) (768 -64 128 ) (647.156738 -64 128 ) 
4 175 176 (758 -64 208.904999 ) (768 -64 211.584808 ) (768 0 211.585388 ) (758 0 208.905670 ) 
4 175 177 (647.156738 -64 128 ) (768 -64 128 ) (768 -64 211.584564 ) (634.358093 -64 175.773773 ) 
4 176 177 (768 -64 211.584564 ) (768 -64 219.871216 ) (755.924316 -64 216.635544 ) (758 -64 208.904770 ) 
4 177 205 (128 -64 128 ) (128 -320 128 ) (128 -320 256 ) (128 -64 256 ) 
4 177 204 (128 -320 256 ) (128 -320 384 ) (128 -64 384 ) (128 -64 256 ) 
4 177 201 (128 -256 416 ) (128 -64 416 ) (128 -64 384 ) (128 -256 384 ) 
4 177 196 (128 -256 640 ) (128 -64 640 ) (128 -64 416 ) (128 -256 416 ) 
4 177 190 (384 -192 128 ) (576 -192 128 ) (576 -320 128 ) (384 -320 128 ) 
4 177 189 (128 -192 128 ) (128 -64 128 ) (576 -64 128 ) (576 -192 128 ) 
4 177 188 (576 -64 128 ) (768 -64 128 ) (768 -320 128 ) (576 -320 128 ) 
4 177 179 (256 -320 128 ) (768 -320 128 ) (768 -320 384 ) (256 -320 384 ) 
4 177 178 (576 -320 640 ) (256 -320 640 ) (256 -320 384 ) (576 -320 384 ) 
4 178 186 (256 -352 384 ) (576 -352 384 ) (576 -352 640 ) (256 -352 640 ) 
4 178 179 (576 -352 384 ) (256 -352 384 ) (256 -320 384 ) (576 -320 384 ) 
4 179 190 (384 -320 128 ) (576 -320 128 ) (576 -352 128 ) (384 -352 128 ) 
4 179 188 (576 -320 128 ) (768 -320 128 ) (768 -352 128 ) (576 -352 128 ) 
4 179 186 (256 -352 128 ) (576 -352 128 ) (576 -352 384 ) (256 -352 384 ) 
4 179 185 (576 -352 128 ) (640 -352 128 ) (640 -352 384 ) (576 -352 384 ) 
4 179 184 (640 -352 128 ) (656 -352 128 ) (656 -352 384 ) (640 -352 384 ) 
4 179 181 (656 -352 128 ) (752 -352 128 ) (752 -352 384 ) (656 -352 384 ) 
4 179 180 (752 -352 128 ) (768 -352 128 ) (768 -352 384 ) (752 -352 384 ) 
4 180 183 (752 -464 128 ) (752 -480 128 ) (752 -480 392 ) (752 -464 392 ) 
4 180 182 (752 -368 128 ) (752 -464 128 ) (752 -464 392 ) (752 -368 392 ) 
4 180 181 (752 -352 392 ) (752 -352 128 ) (752 -368 128 ) (752 -368 392 ) 
4 181 184 (656 -352 392 ) (656 -352 128 ) (656 -368 128 ) (656 -368 392 ) 
4 181 182 (656 -368 392 ) (656 -368 128 ) (752 -368 128 ) (752 -368 392 ) 
4 182 184 (656 -368 128 ) (656 -464 128 ) (656 -464 392 ) (656 -368 392 ) 
4 182 183 (656 -464 392 ) (656 -464 128 ) (752 -464 128 ) (752 -464 392 ) 
4 183 184 (656 -464 128 ) (656 -480 128 ) (656 -480 392 ) (656 -464 392 ) 
4 184 185 (640 -480 128 ) (640 -480 384 ) (640 -352 384 ) (640 -352 128 ) 
4 185 186 (576 -448 384 ) (576 -352 384 ) (576 -352 128 ) (576 -448 128 ) 
4 186 190 (384 -352 128 ) (576 -352 128 ) (576 -448 128 ) (384 -448 128 ) 
4 187 205 (128 -545 256 ) (128 -545 129 ) (128 -639 129 ) (128 -639 256 ) 
4 187 204 (128 -639 319 ) (128 -545 319 ) (128 -545 256 ) (128 -639 256 ) 
4 188 271 (576 0 0 ) (768 0 0 ) (768 -352 0 ) (576 -352 0 ) 
4 188 190 (576 -192 0 ) (576 -352 0 ) (576 -352 128 ) (576 -192 128 ) 
4 188 189 (576 0 0 ) (576 -192 0 ) (576 -192 128 ) (576 0 128 ) 
4 189 273 (128 0 0 ) (384 0 0 ) (384 -192 0 ) (128 -192 0 ) 
4 189 272 (384 0 0 ) (576 0 0 ) (576 -192 0 ) (384 -192 0 ) 
4 189 270 (128 0 0 ) (128 -192 0 ) (128 -192 116 ) (128 0 116 ) 
4 189 216 (128 -192 116 ) (128 -192 128 ) (128 0 128 ) (128 0 116 ) 
4 189 190 (576 -192 0 ) (576 -192 128 ) (384 -192 128 ) (384 -192 0 ) 
4 190 272 (576 -192 0 ) (576 -448 0 ) (384 -448 0 ) (384 -192 0 ) 
4 191 274 (0 -160 1408 ) (0 0 1408 ) (0 0 1152 ) (0 -160 1152 ) 
4 191 193 (128 -128 1152 ) (128 -160 1152 ) (0 -160 1152 ) (0 -128 1152 ) 
4 191 192 (0 0 1152 ) (128 0 1152 ) (128 -128 1152 ) (0 -128 1152 ) 
4 192 276 (0 0 896 ) (0 0 640 ) (0 -128 640 ) (0 -128 896 ) 
4 192 274 (0 -128 1152 ) (0 0 1152 ) (0 0 896 ) (0 -128 896 ) 
4 192 196 (64 0 640 ) (128 0 640 ) (128 -128 640 ) (64 -128 640 ) 
4 192 197 (0 -128 640 ) (0 0 640 ) (64 0 640 ) (64 -128 640 ) 
4 192 193 (128 -128 896 ) (128 -128 1152 ) (0 -128 1152 ) (0 -128 896 ) 
4 193 274 (0 -160 1152 ) (0 -128 1152 ) (0 -128 896 ) (0 -160 896 ) 
4 194 305 (0 -768 1152 ) (0 -384 1152 ) (0 -384 640 ) (0 -768 640 ) 
4 194 199 (0 -768 640 ) (0 -384 640 ) (128 -384 640 ) (128 -768 640 ) 
4 194 195 (0 -768 640 ) (128 -768 640 ) (128 -768 864 ) (0 -768 864 ) 
4 195 318 (0 -1024 640 ) (0 -1024 864 ) (0 -768 864 ) (0 -768 640 ) 
4 196 201 (64 0 416 ) (128 0 416 ) (128 -256 416 ) (64 -256 416 ) 
4 196 197 (64 0 416 ) (64 -256 416 ) (64 -256 640 ) (64 0 640 ) 
4 197 280 (0 0 512 ) (0 0 416 ) (0 -256 416 ) (0 -256 512 ) 
4 197 278 (0 -288 640 ) (0 0 640 ) (0 0 512 ) (0 -288 512 ) 
4 197 202 (0 0 416 ) (64 0 416 ) (64 -288 416 ) (0 -288 416 ) 
4 197 198 (0 -288 416 ) (64 -288 416 ) (64 -288 640 ) (0 -288 640 ) 
4 198 281 (0 -320 640 ) (0 -288 640 ) (0 -288 416 ) (0 -320 416 ) 
4 199 306 (0 -768 640 ) (0 -384 640 ) (0 -384 432 ) (0 -768 432 ) 
4 199 200 (0 -576 432 ) (0 -512 432 ) (128 -512 432 ) (128 -576 432 ) 
4 200 307 (0 -576 432 ) (0 -512 432 ) (0 -512 416 ) (0 -576 416 ) 
4 200 203 (128 -512 416 ) (128 -576 416 ) (0 -576 416 ) (0 -512 416 ) 
4 201 204 (64 0 384 ) (128 0 384 ) (128 -256 384 ) (64 -256 384 ) 
4 201 202 (64 0 384 ) (64 -256 384 ) (64 -256 416 ) (64 0 416 ) 
4 202 282 (0 -256 416 ) (0 0 416 ) (0 0 384 ) (0 -256 384 ) 
4 202 204 (0 -288 384 ) (0 0 384 ) (64 0 384 ) (64 -288 384 ) 
4 203 308 (0 -768 416 ) (0 -320 416 ) (0 -320 384 ) (0 -768 384 ) 
4 203 204 (0 -768 384 ) (0 -320 384 ) (128 -320 384 ) (128 -768 384 ) 
4 204 319 (0 -768 384 ) (0 -320 384 ) (0 -320 256 ) (0 -768 256 ) 
4 204 283 (0 -320 384 ) (0 -256 384 ) (0 -256 256 ) (0 -320 256 ) 
4 204 282 (0 -256 384 ) (0 0 384 ) (0 0 256 ) (0 -256 256 ) 
4 204 206 (0 -768 256 ) (0 0 256 ) (96 0 256 ) (96 -768 256 ) 
4 204 205 (96 0 256 ) (128 0 256 ) (128 -768 256 ) (96 -768 256 ) 
4 205 217 (128 -512 128 ) (128 -704 128 ) (96 -704 128 ) (96 -512 128 ) 
4 205 216 (96 0 128 ) (128 0 128 ) (128 -192 128 ) (96 -192 128 ) 
4 205 206 (96 0 128 ) (96 -768 128 ) (96 -768 256 ) (96 0 256 ) 
4 206 320 (0 -320 128 ) (0 -785 128 ) (0 -785 256 ) (0 -320 256 ) 
4 206 283 (0 -256 128 ) (0 -320 128 ) (0 -320 256 ) (0 -256 256 ) 
4 206 282 (0 0 256 ) (0 0 128 ) (0 -256 128 ) (0 -256 256 ) 
4 206 219 (64 -768 128 ) (0 -768 128 ) (0 -704 128 ) (64 -704 128 ) 
4 206 218 (32 -704 128 ) (0 -704 128 ) (0 -544 128 ) (32 -544 128 ) 
4 206 217 (96 -512 128 ) (96 -704 128 ) (32 -704 128 ) (32 -512 128 ) 
4 206 216 (64 0 128 ) (96 0 128 ) (96 -192 128 ) (64 -192 128 ) 
4 206 207 (0 -785 128 ) (96 -785 128 ) (96 -785 256 ) (0 -785 256 ) 
4 207 321 (0 -785 128 ) (0 -786 128 ) (0 -786 256 ) (0 -785 256 ) 
4 207 208 (0 -786 128 ) (96 -786 128 ) (96 -786 256 ) (0 -786 256 ) 
4 208 322 (0 -786 128 ) (0 -800 128 ) (0 -800 256 ) (0 -786 256 ) 
4 208 209 (0 -800 128 ) (64 -800 128 ) (64 -800 256 ) (0 -800 256 ) 
4 209 323 (0 -800 128 ) (0 -864 128 ) (0 -864 256 ) (0 -800 256 ) 
4 209 213 (0 -864 128 ) (64 -864 128 ) (64 -864 256 ) (0 -864 256 ) 
4 210 214 (64 -928 128 ) (64 -960 128 ) (64 -960 320 ) (64 -928 320 ) 
4 210 213 (64 -864 320 ) (64 -864 128 ) (64 -928 128 ) (64 -928 320 ) 
4 210 212 (64 -960 320 ) (64 -960 128 ) (96 -960 128 ) (96 -960 320 ) 
4 211 398 (96 -1024 128 ) (128 -1024 128 ) (128 -1024 384 ) (96 -1024 384 ) 
4 211 212 (96 -992 128 ) (96 -1024 128 ) (96 -1024 384 ) (96 -992 384 ) 
4 212 398 (64 -1024 128 ) (96 -1024 128 ) (96 -1024 384 ) (64 -1024 384 ) 
4 212 215 (64 -960 128 ) (64 -1024 128 ) (64 -1024 384 ) (64 -960 384 ) 
4 213 325 (0 -864 328 ) (0 -864 128 ) (0 -928 128 ) (0 -928 328 ) 
4 213 214 (0 -928 128 ) (64 -928 128 ) (64 -928 320 ) (0 -928 320 ) 
4 214 326 (0 -928 320 ) (0 -928 128 ) (0 -960 128 ) (0 -960 320 ) 
4 214 215 (0 -960 128 ) (64 -960 128 ) (64 -960 320 ) (0 -960 320 ) 
4 215 399 (0 -1024 384 ) (0 -1024 128 ) (64 -1024 128 ) (64 -1024 384 ) 
4 215 328 (0 -1024 128 ) (0 -1024 384 ) (0 -960 384 ) (0 -960 128 ) 
4 216 270 (64 0 116 ) (128 0 116 ) (128 -192 116 ) (64 -192 116 ) 
4 217 252 (64 -704 127 ) (32 -704 127 ) (32 -576 127 ) (64 -576 127 ) 
4 217 246 (32 -576 127 ) (32 -544 127 ) (64 -544 127 ) (64 -576 127 ) 
4 217 230 (96 -704 127 ) (64 -704 127 ) (64 -640 127 ) (96 -640 127 ) 
4 217 229 (128 -544 127 ) (128 -640 127 ) (64 -640 127 ) (64 -544 127 ) 
4 217 220 (32 -512 127 ) (128 -512 127 ) (128 -544 127 ) (32 -544 127 ) 
4 217 219 (32 -704 127 ) (64 -704 127 ) (64 -704 128 ) (32 -704 128 ) 
4 217 218 (32 -544 127 ) (32 -704 127 ) (32 -704 128 ) (32 -544 128 ) 
4 218 329 (0 -704 128 ) (0 -544 128 ) (0 -544 127 ) (0 -704 127 ) 
4 218 268 (0 -704 127 ) (0 -702 127 ) (2 -702 127 ) (2 -704 127 ) 
4 218 266 (0 -702 127 ) (0 -642 127 ) (2 -642 127 ) (2 -702 127 ) 
4 218 264 (0 -642 127 ) (0 -576 127 ) (2 -576 127 ) (2 -642 127 ) 
4 218 252 (2 -576 127 ) (32 -576 127 ) (32 -704 127 ) (2 -704 127 ) 
4 218 219 (0 -704 127 ) (32 -704 127 ) (32 -704 128 ) (0 -704 128 ) 
4 219 374 (0 -736 128 ) (0 -704 128 ) (0 -704 127 ) (0 -736 127 ) 
4 219 268 (2 -768 127 ) (0 -768 127 ) (0 -704 127 ) (2 -704 127 ) 
4 219 252 (64 -768 127 ) (2 -768 127 ) (2 -704 127 ) (64 -704 127 ) 
4 220 246 (64 -544 127 ) (32 -544 127 ) (32 -544 126 ) (64 -544 126 ) 
4 220 229 (128 -544 126 ) (128 -544 127 ) (64 -544 127 ) (64 -544 126 ) 
4 220 225 (62 -544 126 ) (32 -544 126 ) (32 -514 126 ) (62 -514 126 ) 
4 220 224 (66 -544 126 ) (62 -544 126 ) (62 -514 126 ) (66 -514 126 ) 
4 220 223 (126 -544 126 ) (66 -544 126 ) (66 -514 126 ) (126 -514 126 ) 
4 220 222 (32 -514 126 ) (32 -512 126 ) (126 -512 126 ) (126 -514 126 ) 
4 220 221 (128 -544 126 ) (126 -544 126 ) (126 -512 126 ) (128 -512 126 ) 
4 221 231 (126 -544 116 ) (128 -544 116 ) (128 -544 126 ) (126 -544 126 ) 
4 221 223 (126 -544 116 ) (126 -544 126 ) (126 -514 126 ) (126 -514 116 ) 
4 221 222 (126 -514 126 ) (126 -512 126 ) (126 -512 116 ) (126 -514 116 ) 
4 222 226 (32 -514 126 ) (32 -512 126 ) (32 -512 116 ) (32 -514 116 ) 
4 222 225 (62 -514 126 ) (32 -514 126 ) (32 -514 116 ) (62 -514 116 ) 
4 222 224 (66 -514 126 ) (62 -514 126 ) (62 -514 116 ) (66 -514 116 ) 
4 222 223 (126 -514 116 ) (126 -514 126 ) (66 -514 126 ) (66 -514 116 ) 
4 223 232 (66 -544 116 ) (126 -544 116 ) (126 -544 126 ) (66 -544 126 ) 
4 223 224 (66 -514 126 ) (66 -514 116 ) (66 -544 116 ) (66 -544 126 ) 
4 224 247 (62 -544 116 ) (64 -544 116 ) (64 -544 126 ) (62 -544 126 ) 
4 224 238 (64 -544 116 ) (66 -544 116 ) (66 -544 126 ) (64 -544 126 ) 
4 224 225 (62 -514 126 ) (62 -514 116 ) (62 -544 116 ) (62 -544 126 ) 
4 225 248 (32 -544 116 ) (62 -544 116 ) (62 -544 126 ) (32 -544 126 ) 
4 225 227 (32 -544 116 ) (32 -544 126 ) (32 -514 126 ) (32 -514 116 ) 
4 226 333 (0 -512 126 ) (0 -512 116 ) (0 -514 116 ) (0 -514 126 ) 
4 226 228 (0 -514 116 ) (2 -514 116 ) (2 -514 126 ) (0 -514 126 ) 
4 226 227 (2 -514 116 ) (32 -514 116 ) (32 -514 126 ) (2 -514 126 ) 
4 227 248 (2 -544 116 ) (32 -544 116 ) (32 -544 126 ) (2 -544 126 ) 
4 227 228 (2 -514 126 ) (2 -514 116 ) (2 -544 116 ) (2 -544 126 ) 
4 228 334 (0 -514 116 ) (0 -544 116 ) (0 -544 126 ) (0 -514 126 ) 
4 228 251 (0 -544 116 ) (2 -544 116 ) (2 -544 126 ) (0 -544 126 ) 
4 229 252 (64 -576 126 ) (64 -640 126 ) (64 -640 127 ) (64 -576 127 ) 
4 229 246 (64 -544 127 ) (64 -544 126 ) (64 -576 126 ) (64 -576 127 ) 
4 229 239 (64 -578 126 ) (64 -574 126 ) (66 -574 126 ) (66 -578 126 ) 
4 229 238 (64 -574 126 ) (64 -544 126 ) (66 -544 126 ) (66 -574 126 ) 
4 229 240 (64 -640 126 ) (64 -578 126 ) (66 -578 126 ) (66 -640 126 ) 
4 229 235 (126 -638 126 ) (126 -640 126 ) (66 -640 126 ) (66 -638 126 ) 
4 229 234 (126 -578 126 ) (126 -638 126 ) (66 -638 126 ) (66 -578 126 ) 
4 229 233 (126 -574 126 ) (126 -578 126 ) (66 -578 126 ) (66 -574 126 ) 
4 229 232 (66 -544 126 ) (126 -544 126 ) (126 -574 126 ) (66 -574 126 ) 
4 229 231 (126 -544 126 ) (128 -544 126 ) (128 -640 126 ) (126 -640 126 ) 
4 229 230 (64 -640 127 ) (64 -640 126 ) (96 -640 126 ) (96 -640 127 ) 
4 230 252 (64 -640 126 ) (64 -704 126 ) (64 -704 127 ) (64 -640 127 ) 
4 230 240 (66 -704 126 ) (64 -704 126 ) (64 -640 126 ) (66 -640 126 ) 
4 230 237 (96 -704 126 ) (66 -704 126 ) (66 -702 126 ) (96 -702 126 ) 
4 230 236 (66 -702 126 ) (66 -642 126 ) (96 -642 126 ) (96 -702 126 ) 
4 230 235 (66 -642 126 ) (66 -640 126 ) (96 -640 126 ) (96 -642 126 ) 
4 231 241 (126 -704 116 ) (128 -704 116 ) (128 -704 126 ) (126 -704 126 ) 
4 231 237 (126 -704 116 ) (126 -704 126 ) (126 -702 126 ) (126 -702 116 ) 
4 231 236 (126 -702 126 ) (126 -642 126 ) (126 -642 116 ) (126 -702 116 ) 
4 231 235 (126 -642 126 ) (126 -638 126 ) (126 -638 116 ) (126 -642 116 ) 
4 231 234 (126 -638 126 ) (126 -578 126 ) (126 -578 116 ) (126 -638 116 ) 
4 231 233 (126 -578 126 ) (126 -574 126 ) (126 -574 116 ) (126 -578 116 ) 
4 231 232 (126 -574 126 ) (126 -544 126 ) (126 -544 116 ) (126 -574 116 ) 
4 232 238 (66 -574 126 ) (66 -544 126 ) (66 -544 116 ) (66 -574 116 ) 
4 232 233 (66 -574 126 ) (66 -574 116 ) (126 -574 116 ) (126 -574 126 ) 
4 233 239 (66 -578 126 ) (66 -574 126 ) (66 -574 116 ) (66 -578 116 ) 
4 233 234 (66 -578 126 ) (66 -578 116 ) (126 -578 116 ) (126 -578 126 ) 
4 234 240 (66 -638 126 ) (66 -578 126 ) (66 -578 116 ) (66 -638 116 ) 
4 234 235 (66 -638 126 ) (66 -638 116 ) (126 -638 116 ) (126 -638 126 ) 
4 235 240 (66 -642 126 ) (66 -638 126 ) (66 -638 116 ) (66 -642 116 ) 
4 235 236 (66 -642 126 ) (66 -642 116 ) (126 -642 116 ) (126 -642 126 ) 
4 236 240 (66 -702 126 ) (66 -642 126 ) (66 -642 116 ) (66 -702 116 ) 
4 236 237 (66 -702 126 ) (66 -702 116 ) (126 -702 116 ) (126 -702 126 ) 
4 237 242 (66 -704 116 ) (126 -704 116 ) (126 -704 126 ) (66 -704 126 ) 
4 237 240 (66 -704 116 ) (66 -704 126 ) (66 -702 126 ) (66 -702 116 ) 
4 238 247 (64 -544 126 ) (64 -544 116 ) (64 -574 116 ) (64 -574 126 ) 
4 238 239 (66 -574 116 ) (66 -574 126 ) (64 -574 126 ) (64 -574 116 ) 
4 239 253 (64 -576 116 ) (64 -578 116 ) (64 -578 126 ) (64 -576 126 ) 
4 239 249 (64 -574 116 ) (64 -576 116 ) (64 -576 126 ) (64 -574 126 ) 
4 239 240 (66 -578 116 ) (66 -578 126 ) (64 -578 126 ) (64 -578 116 ) 
4 240 254 (64 -578 116 ) (64 -704 116 ) (64 -704 126 ) (64 -578 126 ) 
4 240 244 (64 -704 126 ) (64 -704 116 ) (66 -704 116 ) (66 -704 126 ) 
4 241 243 (126 -766 116 ) (126 -766 126 ) (126 -706 126 ) (126 -706 116 ) 
4 241 242 (126 -706 126 ) (126 -704 126 ) (126 -704 116 ) (126 -706 116 ) 
4 241 245 (128 -766 126 ) (126 -766 126 ) (126 -766 116 ) (128 -766 116 ) 
4 242 244 (66 -706 126 ) (66 -704 126 ) (66 -704 116 ) (66 -706 116 ) 
4 242 243 (66 -706 126 ) (66 -706 116 ) (126 -706 116 ) (126 -706 126 ) 
4 243 244 (66 -766 116 ) (66 -766 126 ) (66 -706 126 ) (66 -706 116 ) 
4 243 245 (126 -766 126 ) (66 -766 126 ) (66 -766 116 ) (126 -766 116 ) 
4 244 254 (64 -704 116 ) (64 -766 116 ) (64 -766 126 ) (64 -704 126 ) 
4 244 245 (66 -766 126 ) (64 -766 126 ) (64 -766 116 ) (66 -766 116 ) 
4 245 263 (64 -766 116 ) (64 -768 116 ) (64 -768 126 ) (64 -766 126 ) 
4 246 252 (64 -576 126 ) (64 -576 127 ) (32 -576 127 ) (32 -576 126 ) 
4 246 250 (62 -576 126 ) (32 -576 126 ) (32 -574 126 ) (62 -574 126 ) 
4 246 249 (64 -576 126 ) (62 -576 126 ) (62 -574 126 ) (64 -574 126 ) 
4 246 248 (32 -574 126 ) (32 -544 126 ) (62 -544 126 ) (62 -574 126 ) 
4 246 247 (62 -544 126 ) (64 -544 126 ) (64 -574 126 ) (62 -574 126 ) 
4 247 249 (62 -574 116 ) (64 -574 116 ) (64 -574 126 ) (62 -574 126 ) 
4 247 248 (62 -574 116 ) (62 -574 126 ) (62 -544 126 ) (62 -544 116 ) 
4 248 250 (2 -574 126 ) (2 -574 116 ) (62 -574 116 ) (62 -574 126 ) 
4 248 251 (2 -574 126 ) (2 -544 126 ) (2 -544 116 ) (2 -574 116 ) 
4 249 253 (62 -576 116 ) (64 -576 116 ) (64 -576 126 ) (62 -576 126 ) 
4 249 250 (62 -574 126 ) (62 -574 116 ) (62 -576 116 ) (62 -576 126 ) 
4 250 255 (2 -576 116 ) (62 -576 116 ) (62 -576 126 ) (2 -576 126 ) 
4 250 251 (2 -576 116 ) (2 -576 126 ) (2 -574 126 ) (2 -574 116 ) 
4 251 334 (0 -544 116 ) (0 -576 116 ) (0 -576 126 ) (0 -544 126 ) 
4 251 265 (0 -576 116 ) (2 -576 116 ) (2 -576 126 ) (0 -576 126 ) 
4 252 268 (2 -702 126 ) (2 -768 126 ) (2 -768 127 ) (2 -702 127 ) 
4 252 266 (2 -642 126 ) (2 -702 126 ) (2 -702 127 ) (2 -642 127 ) 
4 252 264 (2 -576 127 ) (2 -576 126 ) (2 -642 126 ) (2 -642 127 ) 
4 252 260 (2 -706 126 ) (2 -702 126 ) (62 -702 126 ) (62 -706 126 ) 
4 252 259 (2 -702 126 ) (2 -642 126 ) (62 -642 126 ) (62 -702 126 ) 
4 252 262 (2 -766 126 ) (2 -706 126 ) (62 -706 126 ) (62 -766 126 ) 
4 252 257 (2 -642 126 ) (2 -638 126 ) (62 -638 126 ) (62 -642 126 ) 
4 252 256 (2 -638 126 ) (2 -578 126 ) (62 -578 126 ) (62 -638 126 ) 
4 252 255 (2 -578 126 ) (2 -576 126 ) (62 -576 126 ) (62 -578 126 ) 
4 252 254 (64 -578 126 ) (64 -766 126 ) (62 -766 126 ) (62 -578 126 ) 
4 252 253 (62 -576 126 ) (64 -576 126 ) (64 -578 126 ) (62 -578 126 ) 
4 252 263 (2 -768 126 ) (2 -766 126 ) (64 -766 126 ) (64 -768 126 ) 
4 253 255 (62 -578 126 ) (62 -576 126 ) (62 -576 116 ) (62 -578 116 ) 
4 253 254 (62 -578 126 ) (62 -578 116 ) (64 -578 116 ) (64 -578 126 ) 
4 254 261 (62 -706 126 ) (62 -702 126 ) (62 -702 116 ) (62 -706 116 ) 
4 254 259 (62 -702 126 ) (62 -642 126 ) (62 -642 116 ) (62 -702 116 ) 
4 254 262 (62 -766 116 ) (62 -766 126 ) (62 -706 126 ) (62 -706 116 ) 
4 254 258 (62 -642 126 ) (62 -638 126 ) (62 -638 116 ) (62 -642 116 ) 
4 254 256 (62 -638 126 ) (62 -578 126 ) (62 -578 116 ) (62 -638 116 ) 
4 254 263 (64 -766 116 ) (64 -766 126 ) (62 -766 126 ) (62 -766 116 ) 
4 255 265 (2 -576 126 ) (2 -576 116 ) (2 -578 116 ) (2 -578 126 ) 
4 255 256 (62 -578 116 ) (62 -578 126 ) (2 -578 126 ) (2 -578 116 ) 
4 256 265 (2 -578 116 ) (2 -638 116 ) (2 -638 126 ) (2 -578 126 ) 
4 256 258 (62 -638 116 ) (62 -638 125.812508 ) (2 -638 120.187500 ) (2 -638 116 ) 
4 256 257 (62 -638 125.812508 ) (62 -638 126 ) (2 -638 126 ) (2 -638 120.187500 ) 
4 257 265 (2 -642 120.187500 ) (2 -642 126 ) (2 -638 126 ) (2 -638 120.187500 ) 
4 257 259 (62 -642 125.812508 ) (62 -642 126 ) (2 -642 126 ) (2 -642 120.187500 ) 
4 257 258 (62 -642 125.812500 ) (2 -642 120.187500 ) (2 -638 120.187988 ) (62 -638 125.812988 ) 
4 258 265 (2 -638 116 ) (2 -642 116 ) (2 -642 120.187500 ) (2 -638 120.187500 ) 
4 258 259 (62 -642 116 ) (62 -642 125.812508 ) (2 -642 120.187500 ) (2 -642 116 ) 
4 259 267 (2 -642 116 ) (2 -702 116 ) (2 -702 120 ) (2 -642 120 ) 
4 259 266 (2 -702 120 ) (2 -702 126 ) (2 -642 126 ) (2 -642 120 ) 
4 259 261 (62 -702 116 ) (62 -702 125.812508 ) (2 -702 120.187500 ) (2 -702 116 ) 
4 259 260 (62 -702 125.812508 ) (62 -702 126 ) (2 -702 126 ) (2 -702 120.187500 ) 
4 260 269 (2 -706 120.187500 ) (2 -706 126 ) (2 -702 126 ) (2 -702 120.187500 ) 
4 260 262 (62 -706 125.812508 ) (62 -706 126 ) (2 -706 126 ) (2 -706 120.187500 ) 
4 260 261 (62 -706 125.812500 ) (2 -706 120.187500 ) (2 -702 120.187988 ) (62 -702 125.812988 ) 
4 261 269 (2 -702 116 ) (2 -706 116 ) (2 -706 120.187500 ) (2 -702 120.187500 ) 
4 261 262 (62 -706 116 ) (62 -706 125.812508 ) (2 -706 120.187500 ) (2 -706 116 ) 
4 262 269 (2 -706 116 ) (2 -766 116 ) (2 -766 126 ) (2 -706 126 ) 
4 262 263 (62 -766 126 ) (2 -766 126 ) (2 -766 116 ) (62 -766 116 ) 
4 263 269 (2 -766 116 ) (2 -768 116 ) (2 -768 126 ) (2 -766 126 ) 
4 264 350 (0 -642 126 ) (0 -642 127 ) (0 -608 127 ) (0 -608 126 ) 
4 264 266 (2 -642 126 ) (2 -642 127 ) (0 -642 127 ) (0 -642 126 ) 
4 264 265 (2 -642 126 ) (0 -642 126 ) (0 -576 126 ) (2 -576 126 ) 
4 265 353 (0 -608 116 ) (0 -642 116 ) (0 -642 126 ) (0 -608 126 ) 
4 265 334 (0 -576 116 ) (0 -608 116 ) (0 -608 126 ) (0 -576 126 ) 
4 265 267 (0 -642 116 ) (2 -642 116 ) (2 -642 120 ) (0 -642 120 ) 
4 265 266 (2 -642 120 ) (2 -642 126 ) (0 -642 126 ) (0 -642 120 ) 
4 266 354 (0 -702 120 ) (0 -702 126 ) (0 -642 126 ) (0 -642 120 ) 
4 266 350 (0 -702 126 ) (0 -702 127 ) (0 -642 127 ) (0 -642 126 ) 
4 266 269 (2 -702 120 ) (2 -702 126 ) (0 -702 126 ) (0 -702 120 ) 
4 266 268 (2 -702 126 ) (2 -702 127 ) (0 -702 127 ) (0 -702 126 ) 
4 266 267 (2 -702 120 ) (0 -702 120 ) (0 -642 120 ) (2 -642 120 ) 
4 267 355 (0 -642 116 ) (0 -702 116 ) (0 -702 120 ) (0 -642 120 ) 
4 267 269 (0 -702 116 ) (2 -702 116 ) (2 -702 120 ) (0 -702 120 ) 
4 268 377 (0 -736 127 ) (0 -706 127 ) (0 -706 126 ) (0 -736 126 ) 
4 268 375 (0 -706 127 ) (0 -704 127 ) (0 -704 126 ) (0 -706 126 ) 
4 268 350 (0 -704 127 ) (0 -702 127 ) (0 -702 126 ) (0 -704 126 ) 
4 268 269 (0 -702 126 ) (2 -702 126 ) (2 -768 126 ) (0 -768 126 ) 
4 269 380 (0 -736 116 ) (0 -768 116 ) (0 -768 126 ) (0 -736 126 ) 
4 269 378 (0 -706 116 ) (0 -736 116 ) (0 -736 126 ) (0 -706 126 ) 
4 269 376 (0 -704 116 ) (0 -706 116 ) (0 -706 126 ) (0 -704 126 ) 
4 269 356 (0 -702 116 ) (0 -704 116 ) (0 -704 126 ) (0 -702 126 ) 
4 270 273 (64 0 0 ) (128 0 0 ) (128 -192 0 ) (64 -192 0 ) 
4 271 272 (576 0 -128 ) (576 -352 -128 ) (576 -352 0 ) (576 0 0 ) 
4 272 273 (384 0 -128 ) (384 -192 -128 ) (384 -192 0 ) (384 0 0 ) 
4 274 276 (-448 0 896 ) (0 0 896 ) (0 -128 896 ) (-448 -128 896 ) 
4 274 275 (-477 0 896 ) (-477 -160 896 ) (-477 -160 1248 ) (-477 0 1248 ) 
4 276 291 (-352 -128 640 ) (-384 -128 640 ) (-384 -64 640 ) (-352 -64 640 ) 
4 276 290 (-256 -128 640 ) (-352 -128 640 ) (-352 -64 640 ) (-256 -64 640 ) 
4 276 293 (-384 -128 640 ) (-448 -128 640 ) (-448 -64 640 ) (-384 -64 640 ) 
4 276 288 (-128 -64 640 ) (-128 -128 640 ) (-256 -128 640 ) (-256 -64 640 ) 
4 276 287 (-398.170288 0 640 ) (-390.167664 0 640 ) (-390.167664 -64 640 ) (-398.170288 -64 640 ) 
4 276 286 (-390.167664 0 640 ) (-128 0 640 ) (-128 -64 640 ) (-390.167664 -64 640 ) 
4 276 284 (-448 0 640 ) (-398.170288 0 640 ) (-398.170288 -64 640 ) (-448 -64 640 ) 
4 276 279 (-128 0 640 ) (-64 0 640 ) (-64 -128 640 ) (-128 -128 640 ) 
4 276 278 (-64 0 640 ) (0 0 640 ) (0 -128 640 ) (-64 -128 640 ) 
4 276 277 (-448 0 640 ) (-448 -128 640 ) (-448 -128 768 ) (-448 0 768 ) 
4 278 281 (-64 -288 512 ) (0 -288 512 ) (0 -288 640 ) (-64 -288 640 ) 
4 278 280 (-64 -256 512 ) (-64 0 512 ) (0 0 512 ) (0 -256 512 ) 
4 278 279 (-64 0 512 ) (-64 -256 512 ) (-64 -256 640 ) (-64 0 640 ) 
4 279 288 (-128 -192 640 ) (-128 -64 640 ) (-128 -64 512 ) (-128 -192 512 ) 
4 279 289 (-128 -256 640 ) (-128 -192 640 ) (-128 -192 512 ) (-128 -256 512 ) 
4 279 286 (-128 -64 640 ) (-128 0 640 ) (-128 0 512 ) (-128 -64 512 ) 
4 279 280 (-128 -256 512 ) (-128 0 512 ) (-64 0 512 ) (-64 -256 512 ) 
4 280 288 (-128 -64 416 ) (-128 -192 416 ) (-128 -192 512 ) (-128 -64 512 ) 
4 280 289 (-128 -192 416 ) (-128 -256 416 ) (-128 -256 512 ) (-128 -192 512 ) 
4 280 286 (-128 0 512 ) (-128 0 416 ) (-128 -64 416 ) (-128 -64 512 ) 
4 280 282 (-128 -256 416 ) (-128 0 416 ) (0 0 416 ) (0 -256 416 ) 
4 282 288 (-128 -192 130 ) (-128 -192 416 ) (-128 -64 416 ) (-128 -64 130 ) 
4 282 289 (-128 -192 128 ) (-128 -256 128 ) (-128 -256 416 ) (-128 -192 416 ) 
4 282 286 (-128 -64 322.084473 ) (-128 -64 416 ) (-128 0 416 ) (-128 0 322.084503 ) 
4 282 285 (-128 0 128 ) (-128 -64 128 ) (-128 -64 322.084473 ) (-128 0 322.084503 ) 
4 282 283 (-128 -256 384 ) (-128 -256 128 ) (0 -256 128 ) (0 -256 384 ) 
4 283 324 (-96 -320 256 ) (-128 -320 256 ) (-128 -320 128 ) (-96 -320 128 ) 
4 283 320 (0 -320 128 ) (0 -320 256 ) (-96 -320 256 ) (-96 -320 128 ) 
4 283 319 (0 -320 256 ) (0 -320 384 ) (-128 -320 384 ) (-128 -320 256 ) 
4 283 289 (-128 -256 128 ) (-128 -320 128 ) (-128 -320 384 ) (-128 -256 384 ) 
4 284 302 (-448 0 256 ) (-448 0 128 ) (-448 -64 128 ) (-448 -64 256 ) 
4 284 296 (-448 0 416.250000 ) (-448 0 352.750000 ) (-448 -32 352.750000 ) (-448 -32 416.250000 ) 
4 284 295 (-448 0 448 ) (-448 0 416.250000 ) (-448 -32 416.250000 ) (-448 -32 448 ) 
4 284 297 (-448 0 352.750000 ) (-448 0 321 ) (-448 -32 321 ) (-448 -32 352.750000 ) 
4 284 298 (-448 -32 321 ) (-448 -64 321 ) (-448 -64 448 ) (-448 -32 448 ) 
4 284 299 (-448 0 321 ) (-448 0 320 ) (-448 -64 320 ) (-448 -64 321 ) 
4 284 293 (-448 -64 640 ) (-448 -64 128 ) (-393.694000 -64 128 ) (-398.170288 -64 640 ) 
4 284 287 (-398.170349 -64 640 ) (-396.490051 -64 447.803955 ) (-396.490051 0 447.803955 ) (-398.170349 0 640 ) 
4 284 285 (-395.371033 -64 319.810944 ) (-393.694092 -64 128 ) (-393.694092 0 128 ) (-395.371033 0 319.810974 ) 
4 285 291 (-352 -64 136 ) (-352 -64 320.179749 ) (-384 -64 319.907623 ) (-384 -64 136 ) 
4 285 290 (-352 -64 128 ) (-256 -64 128 ) (-256 -64 320.996063 ) (-352 -64 320.179749 ) 
4 285 293 (-393.694000 -64 128 ) (-384 -64 128 ) (-384 -64 319.907623 ) (-395.370941 -64 319.810944 ) 
4 285 288 (-128 -64 130 ) (-128 -64 322.084503 ) (-256 -64 320.996063 ) (-256 -64 130 ) 
4 285 286 (-387.373993 -64 319.878998 ) (-128 -64 322.084564 ) (-128 0 322.084595 ) (-387.374023 0 319.879028 ) 
4 286 291 (-352 -64 640 ) (-384 -64 640 ) (-384 -64 319.907623 ) (-352 -64 320.179749 ) 
4 286 290 (-256 -64 640 ) (-352 -64 640 ) (-352 -64 320.179749 ) (-256 -64 320.996063 ) 
4 286 293 (-384 -64 640 ) (-390.167664 -64 640 ) (-387.373993 -64 319.878937 ) (-384 -64 319.907623 ) 
4 286 288 (-128 -64 322.084503 ) (-128 -64 640 ) (-256 -64 640 ) (-256 -64 320.996063 ) 
4 286 287 (-388.491058 -64 447.873962 ) (-390.167725 -64 640 ) (-390.167725 0 640 ) (-388.491058 0 447.873962 ) 
4 287 293 (-390.167664 -64 640 ) (-398.170288 -64 640 ) (-396.489960 -64 447.803955 ) (-388.490997 -64 447.873962 ) 
4 288 290 (-256 -64 640 ) (-256 -64 130 ) (-256 -192 130 ) (-256 -192 640 ) 
4 288 289 (-256 -192 640 ) (-256 -192 130 ) (-128 -192 130 ) (-128 -192 640 ) 
4 289 316 (-256 -320 432 ) (-256 -320 384 ) (-192 -320 384 ) (-192 -320 432 ) 
4 289 314 (-256 -320 448 ) (-256 -320 432 ) (-192 -320 432 ) (-192 -320 448 ) 
4 289 290 (-256 -192 128 ) (-256 -320 128 ) (-256 -320 640 ) (-256 -192 640 ) 
4 290 316 (-320 -320 432 ) (-320 -320 384 ) (-256 -320 384 ) (-256 -320 432 ) 
4 290 314 (-320 -320 448 ) (-320 -320 432 ) (-256 -320 432 ) (-256 -320 448 ) 
4 290 312 (-320 -320 512 ) (-320 -320 448 ) (-256 -320 448 ) (-256 -320 512 ) 
4 290 291 (-352 -64 640 ) (-352 -64 136 ) (-352 -160 136 ) (-352 -160 640 ) 
4 290 292 (-352 -160 128 ) (-352 -320 128 ) (-352 -320 640 ) (-352 -160 640 ) 
4 291 292 (-384 -160 640 ) (-384 -160 136 ) (-352 -160 136 ) (-352 -160 640 ) 
4 291 293 (-384 -64 640 ) (-384 -64 136 ) (-384 -160 136 ) (-384 -160 640 ) 
4 292 293 (-384 -160 128 ) (-384 -320 128 ) (-384 -320 640 ) (-384 -160 640 ) 
4 293 302 (-448 -64 256 ) (-448 -64 128 ) (-448 -128 128 ) (-448 -128 256 ) 
4 293 303 (-448 -320 128 ) (-448 -320 320 ) (-448 -128 320 ) (-448 -128 128 ) 
4 293 301 (-448 -320 320 ) (-448 -320 448 ) (-448 -128 448 ) (-448 -128 320 ) 
4 293 294 (-448 -320 448 ) (-448 -320 576 ) (-448 -128 576 ) (-448 -128 448 ) 
4 294 301 (-512 -320 448 ) (-512 -128 448 ) (-448 -128 448 ) (-448 -320 448 ) 
4 295 300 (-449 -32 448 ) (-449 0 448 ) (-449 0 416.250000 ) (-449 -32 416.250000 ) 
4 295 298 (-449 -32 448 ) (-449 -32 416.250000 ) (-448 -32 416.250000 ) (-448 -32 448 ) 
4 295 296 (-448 -32 416.250000 ) (-449 -32 416.250000 ) (-449 0 416.250000 ) (-448 0 416.250000 ) 
4 296 297 (-448 -32 352.750000 ) (-449 -32 352.750000 ) (-449 0 352.750000 ) (-448 0 352.750000 ) 
4 296 300 (-449 0 416.250000 ) (-449 0 352.750000 ) (-449 -32 352.750000 ) (-449 -32 416.250000 ) 
4 296 298 (-449 -32 416.250000 ) (-449 -32 352.750000 ) (-448 -32 352.750000 ) (-448 -32 416.250000 ) 
4 297 298 (-449 -32 352.750000 ) (-449 -32 321 ) (-448 -32 321 ) (-448 -32 352.750000 ) 
4 297 300 (-449 0 352.750000 ) (-449 0 321 ) (-449 -32 321 ) (-449 -32 352.750000 ) 
4 297 299 (-449 -32 321 ) (-449 0 321 ) (-448 0 321 ) (-448 -32 321 ) 
4 298 299 (-448 -64 321 ) (-449 -64 321 ) (-449 -32 321 ) (-448 -32 321 ) 
4 298 300 (-449 -64 321 ) (-449 -64 448 ) (-449 -32 448 ) (-449 -32 321 ) 
4 299 300 (-449 0 320 ) (-449 -64 320 ) (-449 -64 321 ) (-449 0 321 ) 
4 300 304 (-512 -64 448 ) (-512 0 448 ) (-512 0 320 ) (-512 -64 320 ) 
4 301 303 (-512 -320 320 ) (-512 -128 320 ) (-448 -128 320 ) (-448 -320 320 ) 
4 302 303 (-512 -128 128 ) (-448 -128 128 ) (-448 -128 256 ) (-512 -128 256 ) 
4 305 318 (0 -768 640 ) (0 -768 864 ) (-128 -768 864 ) (-128 -768 640 ) 
4 305 309 (-128 -384 640 ) (-128 -768 640 ) (-128 -768 1152 ) (-128 -384 1152 ) 
4 305 306 (0 -768 640 ) (-128 -768 640 ) (-128 -384 640 ) (0 -384 640 ) 
4 306 309 (-128 -384 432 ) (-128 -768 432 ) (-128 -768 640 ) (-128 -384 640 ) 
4 306 307 (-128 -640 432 ) (-128 -512 432 ) (0 -512 432 ) (0 -640 432 ) 
4 307 308 (-128 -640 416 ) (-128 -512 416 ) (0 -512 416 ) (0 -640 416 ) 
4 308 319 (-128 -320 384 ) (0 -320 384 ) (0 -768 384 ) (-128 -768 384 ) 
4 309 318 (-128 -768 640 ) (-128 -768 864 ) (-192 -768 864 ) (-192 -768 640 ) 
4 309 315 (-192 -768 432 ) (-192 -768 448 ) (-192 -384 448 ) (-192 -384 432 ) 
4 309 311 (-192 -768 448 ) (-192 -768 512 ) (-192 -384 512 ) (-192 -384 448 ) 
4 309 310 (-192 -768 512 ) (-192 -768 1152 ) (-192 -384 1152 ) (-192 -384 512 ) 
4 310 318 (-192 -768 640 ) (-192 -768 864 ) (-320 -768 864 ) (-320 -768 640 ) 
4 310 317 (-320 -768 512 ) (-320 -768 1152 ) (-320 -384 1152 ) (-320 -384 512 ) 
4 310 313 (-320 -768 512 ) (-320 -384 512 ) (-256 -384 512 ) (-256 -768 512 ) 
4 310 311 (-256 -384 512 ) (-192 -384 512 ) (-192 -768 512 ) (-256 -768 512 ) 
4 311 315 (-192 -384 448 ) (-192 -768 448 ) (-256 -768 448 ) (-256 -384 448 ) 
4 311 313 (-256 -384 448 ) (-256 -768 448 ) (-256 -768 512 ) (-256 -384 512 ) 
4 312 314 (-320 -336 448 ) (-320 -320 448 ) (-256 -320 448 ) (-256 -336 448 ) 
4 313 317 (-320 -768 448 ) (-320 -768 512 ) (-320 -384 512 ) (-320 -384 448 ) 
4 313 315 (-320 -768 448 ) (-320 -384 448 ) (-256 -384 448 ) (-256 -768 448 ) 
4 314 316 (-320 -336 432 ) (-320 -320 432 ) (-192 -320 432 ) (-192 -336 432 ) 
4 315 317 (-320 -768 432 ) (-320 -768 448 ) (-320 -384 448 ) (-320 -384 432 ) 
4 317 318 (-512 -768 864 ) (-512 -768 640 ) (-320 -768 640 ) (-320 -768 864 ) 
4 319 324 (-128 -768 256 ) (-128 -320 256 ) (-96 -320 256 ) (-96 -768 256 ) 
4 319 320 (-96 -320 256 ) (0 -320 256 ) (0 -768 256 ) (-96 -768 256 ) 
4 320 374 (0 -704 128 ) (0 -736 128 ) (-64 -736 128 ) (-64 -704 128 ) 
4 320 329 (0 -544 128 ) (0 -704 128 ) (-32 -704 128 ) (-32 -544 128 ) 
4 320 330 (-32 -704 128 ) (-96 -704 128 ) (-96 -512 128 ) (-32 -512 128 ) 
4 320 324 (-96 -320 128 ) (-96 -768 128 ) (-96 -768 256 ) (-96 -320 256 ) 
4 320 321 (-96 -785 256 ) (-96 -785 128 ) (0 -785 128 ) (0 -785 256 ) 
4 321 322 (-96 -786 256 ) (-96 -786 128 ) (0 -786 128 ) (0 -786 256 ) 
4 322 323 (-64 -800 128 ) (0 -800 128 ) (0 -800 256 ) (-64 -800 256 ) 
4 323 325 (-64 -864 128 ) (0 -864 128 ) (0 -864 256 ) (-64 -864 256 ) 
4 324 331 (-96 -512 128 ) (-96 -608 128 ) (-128 -608 128 ) (-128 -512 128 ) 
4 325 327 (-64 -864 320 ) (-64 -864 128 ) (-64 -928 128 ) (-64 -928 320 ) 
4 325 326 (-64 -928 320 ) (-64 -928 128 ) (0 -928 128 ) (0 -928 320 ) 
4 326 328 (-64 -960 128 ) (0 -960 128 ) (0 -960 320 ) (-64 -960 320 ) 
4 326 327 (-64 -928 128 ) (-64 -960 128 ) (-64 -960 320 ) (-64 -928 320 ) 
4 327 328 (-96 -960 128 ) (-64 -960 128 ) (-64 -960 320 ) (-96 -960 320 ) 
4 328 403 (0 -1024 128 ) (0 -1024 384 ) (-96 -1024 384 ) (-96 -1024 128 ) 
4 329 374 (-32 -704 127 ) (0 -704 127 ) (0 -704 128 ) (-32 -704 128 ) 
4 329 350 (0 -704 127 ) (-32 -704 127 ) (-32 -608 127 ) (0 -608 127 ) 
4 329 330 (-32 -544 127 ) (-32 -704 127 ) (-32 -704 128 ) (-32 -544 128 ) 
4 330 374 (-64 -704 127 ) (-32 -704 127 ) (-32 -704 128 ) (-64 -704 128 ) 
4 330 352 (-96 -640 127 ) (-96 -608 127 ) (-64 -608 127 ) (-64 -640 127 ) 
4 330 351 (-64 -672 127 ) (-64 -608 127 ) (-32 -608 127 ) (-32 -672 127 ) 
4 330 341 (-96 -608 127 ) (-96 -512 127 ) (-64 -512 127 ) (-64 -608 127 ) 
4 330 332 (-64 -512 127 ) (-32 -512 127 ) (-32 -544 127 ) (-64 -544 127 ) 
4 330 331 (-96 -512 128 ) (-96 -512 127 ) (-96 -608 127 ) (-96 -608 128 ) 
4 331 341 (-128 -608 127 ) (-128 -512 127 ) (-96 -512 127 ) (-96 -608 127 ) 
4 332 341 (-64 -544 127 ) (-64 -512 127 ) (-64 -512 126 ) (-64 -544 126 ) 
4 332 337 (-64 -544 126 ) (-64 -514 126 ) (-62 -514 126 ) (-62 -544 126 ) 
4 332 335 (-62 -514 126 ) (-32 -514 126 ) (-32 -544 126 ) (-62 -544 126 ) 
4 332 333 (-64 -514 126 ) (-64 -512 126 ) (-32 -512 126 ) (-32 -514 126 ) 
4 333 342 (-64 -514 126 ) (-64 -512 126 ) (-64 -512 116 ) (-64 -514 116 ) 
4 333 337 (-62 -514 126 ) (-64 -514 126 ) (-64 -514 116 ) (-62 -514 116 ) 
4 333 335 (-2 -514 126 ) (-62 -514 126 ) (-62 -514 116 ) (-2 -514 116 ) 
4 333 334 (0 -514 126 ) (-2 -514 126 ) (-2 -514 116 ) (0 -514 116 ) 
4 334 353 (-2 -608 116 ) (0 -608 116 ) (0 -608 126 ) (-2 -608 126 ) 
4 334 339 (-2 -578 116 ) (-2 -608 116 ) (-2 -608 126 ) (-2 -578 126 ) 
4 334 336 (-2 -574 116 ) (-2 -578 116 ) (-2 -578 126 ) (-2 -574 126 ) 
4 334 335 (-2 -514 126 ) (-2 -514 116 ) (-2 -574 116 ) (-2 -574 126 ) 
4 335 337 (-62 -514 126 ) (-62 -514 116 ) (-62 -574 116 ) (-62 -574 126 ) 
4 335 336 (-62 -574 126 ) (-62 -574 116 ) (-2 -574 116 ) (-2 -574 126 ) 
4 336 339 (-2 -578 116 ) (-2 -578 126 ) (-62 -578 126 ) (-62 -578 116 ) 
4 336 338 (-62 -574 116 ) (-62 -578 116 ) (-62 -578 126 ) (-62 -574 126 ) 
4 337 343 (-64 -574 126 ) (-64 -514 126 ) (-64 -514 116 ) (-64 -574 116 ) 
4 337 338 (-62 -574 116 ) (-62 -574 126 ) (-64 -574 126 ) (-64 -574 116 ) 
4 338 344 (-64 -578 126 ) (-64 -574 126 ) (-64 -574 116 ) (-64 -578 116 ) 
4 338 340 (-62 -578 126 ) (-64 -578 126 ) (-64 -578 116 ) (-62 -578 116 ) 
4 339 357 (-62 -608 116 ) (-2 -608 116 ) (-2 -608 126 ) (-62 -608 126 ) 
4 339 340 (-62 -578 126 ) (-62 -578 116 ) (-62 -608 116 ) (-62 -608 126 ) 
4 340 359 (-64 -608 116 ) (-62 -608 116 ) (-62 -608 126 ) (-64 -608 126 ) 
4 340 347 (-64 -608 116 ) (-64 -608 126 ) (-64 -578 126 ) (-64 -578 116 ) 
4 341 352 (-64 -608 126 ) (-64 -608 127 ) (-96 -608 127 ) (-96 -608 126 ) 
4 341 348 (-66 -608 126 ) (-126 -608 126 ) (-126 -578 126 ) (-66 -578 126 ) 
4 341 347 (-64 -578 126 ) (-64 -608 126 ) (-66 -608 126 ) (-66 -578 126 ) 
4 341 346 (-66 -578 126 ) (-126 -578 126 ) (-126 -574 126 ) (-66 -574 126 ) 
4 341 345 (-126 -574 126 ) (-126 -514 126 ) (-66 -514 126 ) (-66 -574 126 ) 
4 341 344 (-64 -574 126 ) (-64 -578 126 ) (-66 -578 126 ) (-66 -574 126 ) 
4 341 343 (-64 -514 126 ) (-64 -574 126 ) (-66 -574 126 ) (-66 -514 126 ) 
4 341 342 (-126 -512 126 ) (-64 -512 126 ) (-64 -514 126 ) (-126 -514 126 ) 
4 341 349 (-128 -512 126 ) (-126 -512 126 ) (-126 -608 126 ) (-128 -608 126 ) 
4 342 345 (-126 -514 126 ) (-126 -514 116 ) (-66 -514 116 ) (-66 -514 126 ) 
4 342 343 (-66 -514 116 ) (-64 -514 116 ) (-64 -514 126 ) (-66 -514 126 ) 
4 342 349 (-126 -514 126 ) (-126 -512 126 ) (-126 -512 116 ) (-126 -514 116 ) 
4 343 345 (-66 -514 126 ) (-66 -514 116 ) (-66 -574 116 ) (-66 -574 126 ) 
4 343 344 (-66 -574 126 ) (-66 -574 116 ) (-64 -574 116 ) (-64 -574 126 ) 
4 344 347 (-66 -578 116 ) (-64 -578 116 ) (-64 -578 126 ) (-66 -578 126 ) 
4 344 346 (-66 -574 116 ) (-66 -578 116 ) (-66 -578 126 ) (-66 -574 126 ) 
4 345 349 (-126 -574 126 ) (-126 -514 126 ) (-126 -514 116 ) (-126 -574 116 ) 
4 345 346 (-126 -574 126 ) (-126 -574 116 ) (-66 -574 116 ) (-66 -574 126 ) 
4 346 348 (-126 -578 126 ) (-126 -578 116 ) (-66 -578 116 ) (-66 -578 126 ) 
4 346 349 (-126 -578 126 ) (-126 -574 126 ) (-126 -574 116 ) (-126 -578 116 ) 
4 347 359 (-66 -608 116 ) (-64 -608 116 ) (-64 -608 126 ) (-66 -608 126 ) 
4 347 348 (-66 -578 126 ) (-66 -578 116 ) (-66 -608 116 ) (-66 -608 126 ) 
4 348 369 (-126 -608 116 ) (-96 -608 116 ) (-96 -608 126 ) (-126 -608 126 ) 
4 348 363 (-96 -608 116 ) (-66 -608 116 ) (-66 -608 126 ) (-96 -608 126 ) 
4 348 349 (-126 -608 116 ) (-126 -608 126 ) (-126 -578 126 ) (-126 -578 116 ) 
4 349 373 (-128 -608 116 ) (-126 -608 116 ) (-126 -608 126 ) (-128 -608 126 ) 
4 350 375 (0 -704 126 ) (0 -704 127 ) (-32 -704 127 ) (-32 -704 126 ) 
4 350 366 (-2 -704 126 ) (-32 -704 126 ) (-32 -702 126 ) (-2 -702 126 ) 
4 350 361 (-32 -702 126 ) (-32 -642 126 ) (-2 -642 126 ) (-2 -702 126 ) 
4 350 358 (-32 -642 126 ) (-32 -638 126 ) (-2 -638 126 ) (-2 -642 126 ) 
4 350 357 (-32 -638 126 ) (-32 -608 126 ) (-2 -608 126 ) (-2 -638 126 ) 
4 350 354 (-2 -702 126 ) (-2 -642 126 ) (0 -642 126 ) (0 -702 126 ) 
4 350 353 (-2 -642 126 ) (-2 -608 126 ) (0 -608 126 ) (0 -642 126 ) 
4 350 356 (0 -704 126 ) (-2 -704 126 ) (-2 -702 126 ) (0 -702 126 ) 
4 350 351 (-32 -608 127 ) (-32 -608 126 ) (-32 -672 126 ) (-32 -672 127 ) 
4 351 362 (-64 -672 126 ) (-64 -642 126 ) (-62 -642 126 ) (-62 -672 126 ) 
4 351 361 (-62 -642 126 ) (-32 -642 126 ) (-32 -672 126 ) (-62 -672 126 ) 
4 351 360 (-64 -642 126 ) (-64 -638 126 ) (-62 -638 126 ) (-62 -642 126 ) 
4 351 359 (-64 -638 126 ) (-64 -608 126 ) (-62 -608 126 ) (-62 -638 126 ) 
4 351 358 (-32 -638 126 ) (-32 -642 126 ) (-62 -642 126 ) (-62 -638 126 ) 
4 351 357 (-62 -608 126 ) (-32 -608 126 ) (-32 -638 126 ) (-62 -638 126 ) 
4 351 352 (-64 -608 127 ) (-64 -608 126 ) (-64 -640 126 ) (-64 -640 127 ) 
4 352 364 (-96 -640 126 ) (-96 -638 126 ) (-66 -638 126 ) (-66 -640 126 ) 
4 352 363 (-96 -638 126 ) (-96 -608 126 ) (-66 -608 126 ) (-66 -638 126 ) 
4 352 360 (-64 -638 126 ) (-64 -640 126 ) (-66 -640 126 ) (-66 -638 126 ) 
4 352 359 (-66 -608 126 ) (-64 -608 126 ) (-64 -638 126 ) (-66 -638 126 ) 
4 353 358 (-2 -642 126 ) (-2 -638 126 ) (-2 -638 116 ) (-2 -642 116 ) 
4 353 357 (-2 -638 126 ) (-2 -608 126 ) (-2 -608 116 ) (-2 -638 116 ) 
4 353 355 (-2 -642 120 ) (-2 -642 116 ) (0 -642 116 ) (0 -642 120 ) 
4 353 354 (-2 -642 126 ) (-2 -642 120 ) (0 -642 120 ) (0 -642 126 ) 
4 354 361 (-2 -702 126 ) (-2 -642 126 ) (-2 -642 120 ) (-2 -702 120 ) 
4 354 356 (-2 -702 126 ) (-2 -702 120 ) (0 -702 120 ) (0 -702 126 ) 
4 354 355 (0 -702 120 ) (-2 -702 120 ) (-2 -642 120 ) (0 -642 120 ) 
4 355 361 (-2 -642 120 ) (-2 -642 116 ) (-2 -702 116 ) (-2 -702 120 ) 
4 355 356 (-2 -702 120 ) (-2 -702 116 ) (0 -702 116 ) (0 -702 120 ) 
4 356 376 (-2 -704 116 ) (0 -704 116 ) (0 -704 126 ) (-2 -704 126 ) 
4 356 366 (-2 -704 116 ) (-2 -704 126 ) (-2 -702 126 ) (-2 -702 116 ) 
4 357 359 (-62 -638 126 ) (-62 -608 126 ) (-62 -608 116 ) (-62 -638 116 ) 
4 357 358 (-62 -638 126 ) (-62 -638 116 ) (-2 -638 116 ) (-2 -638 126 ) 
4 358 361 (-62 -642 116 ) (-2 -642 116 ) (-2 -642 126 ) (-62 -642 126 ) 
4 358 360 (-62 -642 116 ) (-62 -642 126 ) (-62 -638 126 ) (-62 -638 116 ) 
4 359 363 (-66 -638 126 ) (-66 -608 126 ) (-66 -608 116 ) (-66 -638 116 ) 
4 359 360 (-66 -638 126 ) (-66 -638 116 ) (-62 -638 116 ) (-62 -638 126 ) 
4 360 364 (-66 -642 126 ) (-66 -638 126 ) (-66 -638 116 ) (-66 -642 116 ) 
4 360 362 (-66 -642 126 ) (-66 -642 116 ) (-62 -642 116 ) (-62 -642 126 ) 
4 361 366 (-2 -702 116 ) (-2 -702 126 ) (-62 -702 126 ) (-62 -702 116 ) 
4 361 362 (-62 -642 126 ) (-62 -642 116 ) (-62 -702 116 ) (-62 -702 126 ) 
4 362 367 (-62 -702 126 ) (-66 -702 126 ) (-66 -702 116 ) (-62 -702 116 ) 
4 362 365 (-66 -702 116 ) (-66 -702 126 ) (-66 -642 126 ) (-66 -642 116 ) 
4 363 369 (-96 -608 126 ) (-96 -608 116 ) (-96 -638 116 ) (-96 -638 126 ) 
4 363 364 (-66 -638 116 ) (-66 -638 126 ) (-96 -638 126 ) (-96 -638 116 ) 
4 364 370 (-96 -638 116 ) (-96 -642 116 ) (-96 -642 126 ) (-96 -638 126 ) 
4 364 365 (-66 -642 116 ) (-66 -642 126 ) (-96 -642 126 ) (-96 -642 116 ) 
4 365 371 (-96 -642 116 ) (-96 -702 116 ) (-96 -702 126 ) (-96 -642 126 ) 
4 365 368 (-66 -702 126 ) (-96 -702 126 ) (-96 -702 116 ) (-66 -702 116 ) 
4 366 383 (-62 -704 116 ) (-32 -704 116 ) (-32 -704 126 ) (-62 -704 126 ) 
4 366 376 (-32 -704 116 ) (-2 -704 116 ) (-2 -704 126 ) (-32 -704 126 ) 
4 366 367 (-62 -702 126 ) (-62 -702 116 ) (-62 -704 116 ) (-62 -704 126 ) 
4 367 387 (-66 -704 116 ) (-64 -704 116 ) (-64 -704 126 ) (-66 -704 126 ) 
4 367 384 (-64 -704 116 ) (-62 -704 116 ) (-62 -704 126 ) (-64 -704 126 ) 
4 367 368 (-66 -702 126 ) (-66 -702 116 ) (-66 -704 116 ) (-66 -704 126 ) 
4 368 389 (-96 -704 116 ) (-66 -704 116 ) (-66 -704 126 ) (-96 -704 126 ) 
4 368 372 (-96 -702 116 ) (-96 -704 116 ) (-96 -704 126 ) (-96 -702 126 ) 
4 369 373 (-126 -638 126 ) (-126 -608 126 ) (-126 -608 116 ) (-126 -638 116 ) 
4 369 370 (-126 -638 126 ) (-126 -638 116 ) (-96 -638 116 ) (-96 -638 126 ) 
4 370 371 (-126 -642 126 ) (-126 -642 116 ) (-96 -642 116 ) (-96 -642 126 ) 
4 370 373 (-126 -642 126 ) (-126 -638 126 ) (-126 -638 116 ) (-126 -642 116 ) 
4 371 372 (-126 -702 126 ) (-126 -702 116 ) (-96 -702 116 ) (-96 -702 126 ) 
4 371 373 (-126 -702 126 ) (-126 -642 126 ) (-126 -642 116 ) (-126 -702 116 ) 
4 372 389 (-126 -704 116 ) (-96 -704 116 ) (-96 -704 126 ) (-126 -704 126 ) 
4 372 373 (-126 -704 116 ) (-126 -704 126 ) (-126 -702 126 ) (-126 -702 116 ) 
4 373 391 (-128 -704 126 ) (-128 -704 116 ) (-126 -704 116 ) (-126 -704 126 ) 
4 374 377 (0 -706 127 ) (0 -736 127 ) (-2 -736 127 ) (-2 -706 127 ) 
4 374 379 (-2 -736 127 ) (-32 -736 127 ) (-32 -706 127 ) (-2 -706 127 ) 
4 374 375 (-32 -704 127 ) (0 -704 127 ) (0 -706 127 ) (-32 -706 127 ) 
4 375 377 (-2 -706 126 ) (0 -706 126 ) (0 -706 127 ) (-2 -706 127 ) 
4 375 379 (-32 -706 127 ) (-32 -706 126 ) (-2 -706 126 ) (-2 -706 127 ) 
4 375 376 (0 -706 126 ) (-32 -706 126 ) (-32 -704 126 ) (0 -704 126 ) 
4 376 383 (-32 -704 126 ) (-32 -704 116 ) (-32 -706 116 ) (-32 -706 126 ) 
4 376 378 (-2 -706 116 ) (0 -706 116 ) (0 -706 126 ) (-2 -706 126 ) 
4 376 379 (-32 -706 126 ) (-32 -706 116 ) (-2 -706 116 ) (-2 -706 126 ) 
4 377 379 (-2 -706 127 ) (-2 -706 126 ) (-2 -736 126 ) (-2 -736 127 ) 
4 377 378 (0 -736 126 ) (-2 -736 126 ) (-2 -706 126 ) (0 -706 126 ) 
4 378 380 (-2 -736 116 ) (0 -736 116 ) (0 -736 126 ) (-2 -736 126 ) 
4 378 379 (-2 -706 126 ) (-2 -706 116 ) (-2 -736 116 ) (-2 -736 126 ) 
4 379 385 (-32 -706 126 ) (-32 -706 116 ) (-32 -736 116 ) (-32 -736 126 ) 
4 379 381 (-32 -736 126 ) (-32 -736 116 ) (-2 -736 116 ) (-2 -736 126 ) 
4 380 382 (-2 -768 116 ) (-2 -768 126 ) (-2 -766 126 ) (-2 -766 116 ) 
4 380 381 (-2 -766 126 ) (-2 -736 126 ) (-2 -736 116 ) (-2 -766 116 ) 
4 381 392 (-32 -766 126 ) (-32 -736 126 ) (-32 -736 116 ) (-32 -766 116 ) 
4 381 382 (-2 -766 116 ) (-2 -766 126 ) (-32 -766 126 ) (-32 -766 116 ) 
4 382 396 (-32 -768 116 ) (-32 -768 126 ) (-32 -766 126 ) (-32 -766 116 ) 
4 383 385 (-32 -706 116 ) (-32 -706 126 ) (-62 -706 126 ) (-62 -706 116 ) 
4 383 384 (-62 -706 116 ) (-62 -706 126 ) (-62 -704 126 ) (-62 -704 116 ) 
4 384 387 (-64 -706 126 ) (-64 -704 126 ) (-64 -704 116 ) (-64 -706 116 ) 
4 384 386 (-62 -706 126 ) (-64 -706 126 ) (-64 -706 116 ) (-62 -706 116 ) 
4 385 392 (-62 -736 116 ) (-32 -736 116 ) (-32 -736 126 ) (-62 -736 126 ) 
4 385 386 (-62 -706 126 ) (-62 -706 116 ) (-62 -736 116 ) (-62 -736 126 ) 
4 386 393 (-64 -736 116 ) (-62 -736 116 ) (-62 -736 126 ) (-64 -736 126 ) 
4 386 388 (-64 -736 116 ) (-64 -736 126 ) (-64 -706 126 ) (-64 -706 116 ) 
4 387 389 (-66 -706 126 ) (-66 -704 126 ) (-66 -704 116 ) (-66 -706 116 ) 
4 387 388 (-66 -706 126 ) (-66 -706 116 ) (-64 -706 116 ) (-64 -706 126 ) 
4 388 393 (-66 -736 116 ) (-64 -736 116 ) (-64 -736 126 ) (-66 -736 126 ) 
4 388 390 (-66 -736 116 ) (-66 -736 126 ) (-66 -706 126 ) (-66 -706 116 ) 
4 389 391 (-126 -706 126 ) (-126 -704 126 ) (-126 -704 116 ) (-126 -706 116 ) 
4 389 390 (-126 -706 126 ) (-126 -706 116 ) (-66 -706 116 ) (-66 -706 126 ) 
4 390 394 (-126 -736 116 ) (-66 -736 116 ) (-66 -736 126 ) (-126 -736 126 ) 
4 390 391 (-126 -736 116 ) (-126 -736 126 ) (-126 -706 126 ) (-126 -706 116 ) 
4 391 395 (-128 -736 116 ) (-126 -736 116 ) (-126 -736 126 ) (-128 -736 126 ) 
4 392 396 (-62 -766 116 ) (-32 -766 116 ) (-32 -766 126 ) (-62 -766 126 ) 
4 392 393 (-62 -766 116 ) (-62 -766 126 ) (-62 -736 126 ) (-62 -736 116 ) 
4 393 394 (-66 -766 116 ) (-66 -766 126 ) (-66 -736 126 ) (-66 -736 116 ) 
4 393 396 (-66 -766 116 ) (-62 -766 116 ) (-62 -766 126 ) (-66 -766 126 ) 
4 394 395 (-126 -766 116 ) (-126 -766 126 ) (-126 -736 126 ) (-126 -736 116 ) 
4 394 396 (-126 -766 116 ) (-66 -766 116 ) (-66 -766 126 ) (-126 -766 126 ) 
4 395 396 (-128 -766 116 ) (-126 -766 116 ) (-126 -766 126 ) (-128 -766 126 ) 
4 397 398 (128 -1248 160 ) (128 -1248 352 ) (128 -1152 352 ) (128 -1152 160 ) 
4 398 399 (64 -1024 128 ) (64 -1408 128 ) (64 -1408 384 ) (64 -1024 384 ) 
4 399 403 (0 -1024 384 ) (0 -1024 128 ) (0 -1440 128 ) (0 -1440 384 ) 
4 399 400 (0 -1440 128 ) (0 -1408 128 ) (64 -1408 128 ) (64 -1440 128 ) 
4 400 409 (0 -1440 120 ) (0 -1440 128 ) (0 -1408 128 ) (0 -1408 120 ) 
4 401 404 (-128 -1184 384 ) (-128 -1120 384 ) (-96 -1120 384 ) (-96 -1184 384 ) 
4 401 403 (-96 -1120 384 ) (-64 -1120 384 ) (-64 -1184 384 ) (-96 -1184 384 ) 
4 402 404 (-128 -1376 384 ) (-128 -1312 384 ) (-96 -1312 384 ) (-96 -1376 384 ) 
4 402 403 (-96 -1312 384 ) (-64 -1312 384 ) (-64 -1376 384 ) (-96 -1376 384 ) 
4 403 409 (0 -1408 128 ) (0 -1440 128 ) (-96 -1440 128 ) (-96 -1408 128 ) 
4 403 404 (-96 -1056 128 ) (-96 -1440 128 ) (-96 -1440 384 ) (-96 -1056 384 ) 
4 404 409 (-96 -1440 128 ) (-160 -1440 128 ) (-160 -1408 128 ) (-96 -1408 128 ) 
4 404 406 (-160 -1280 128 ) (-160 -1440 128 ) (-160 -1440 384 ) (-160 -1280 384 ) 
4 404 405 (-160 -1088 128 ) (-160 -1216 128 ) (-160 -1216 384 ) (-160 -1088 384 ) 
4 405 407 (-192 -1216 128 ) (-192 -1088 128 ) (-160 -1088 128 ) (-160 -1216 128 ) 
4 406 409 (-192 -1440 128 ) (-192 -1408 128 ) (-160 -1408 128 ) (-160 -1440 128 ) 
4 406 408 (-192 -1408 128 ) (-192 -1280 128 ) (-160 -1280 128 ) (-160 -1408 128 ) 
4 408 409 (-192 -1408 128 ) (-192 -1408 120 ) (-160 -1408 120 ) (-160 -1408 128 ) 
4 411 413 (-2048 -376 -968 ) (-2048 -408 -968 ) (-2048 -408 -840 ) (-2048 -376 -840 ) 
4 412 414 (-2048 -488 -968 ) (-2048 -616 -968 ) (-2048 -616 -840 ) (-2048 -488 -840 ) 
