PRT1
242
649
4 0 1 (-350.185974 1600.199951 84.506401 ) (-350.185974 1600.199951 447.506042 ) (-350.185974 1616.540039 447.506042 ) (-350.185974 1616.540039 84.506401 ) 
4 0 2 (-350.185974 1616.540039 -320.493988 ) (-350.185974 1600.199951 -320.493988 ) (-350.185974 1600.199951 -43.493599 ) (-350.185974 1616.540039 -43.493599 ) 
4 0 3 (-350.185974 1600.199951 -320.493988 ) (-47.588905 1600.199951 -320.493988 ) (-47.588905 1600.199951 447.506042 ) (-350.185974 1600.199951 447.506042 ) 
4 1 34 (-382.185974 1600.199951 116.506401 ) (-382.185974 1600.199951 447.506042 ) (-382.185974 1616.540039 447.506042 ) (-382.185974 1616.540039 116.506401 ) 
4 1 3 (-350.185974 1600.199951 84.506401 ) (-350.185974 1600.199951 447.506042 ) (-382.185974 1600.199951 447.506042 ) (-382.185974 1600.199951 84.506401 ) 
4 2 36 (-382.185974 1616.540039 -320.493988 ) (-382.185974 1600.199951 -320.493988 ) (-382.185974 1600.199951 -75.493599 ) (-382.185974 1616.540039 -75.493599 ) 
4 2 3 (-382.185974 1600.199951 -320.493988 ) (-350.185974 1600.199951 -320.493988 ) (-350.185974 1600.199951 -43.493599 ) (-382.185974 1600.199951 -43.493599 ) 
4 3 55 (-382.185974 1600.199951 -320.493988 ) (-382.185974 1352.540039 -320.493988 ) (-382.185974 1352.540039 -114.494003 ) (-382.185974 1600.199951 -114.494003 ) 
4 3 47 (-382.185974 1600.199951 -43.493599 ) (-382.185974 1600.199951 -114.494003 ) (-382.185974 1568.199951 -114.494003 ) (-382.185974 1568.199951 -43.493599 ) 
4 3 48 (-382.185974 1352.540039 -114.494003 ) (-382.185974 1352.540039 -6.493560 ) (-382.185974 1568.199951 -6.493560 ) (-382.185974 1568.199951 -114.494003 ) 
4 3 37 (-382.185974 1568.199951 447.506042 ) (-382.185974 1600.199951 447.506042 ) (-382.185974 1600.199951 84.506401 ) (-382.185974 1568.199951 84.506401 ) 
4 3 38 (-382.185974 1352.540039 -6.493560 ) (-382.185974 1352.540039 447.506042 ) (-382.185974 1568.199951 447.506042 ) (-382.185974 1568.199951 -6.493560 ) 
4 3 18 (-119.589111 1352.540039 -320.493988 ) (-47.588905 1352.540039 -320.493988 ) (-47.588905 1352.540039 -114.494003 ) (-119.589111 1352.540039 -114.494003 ) 
4 3 21 (-382.185974 1352.540039 -320.493988 ) (-119.589111 1352.540039 -320.493988 ) (-119.589111 1352.540039 -114.494003 ) (-382.185974 1352.540039 -114.494003 ) 
4 3 15 (-115.589005 1352.540039 -6.493560 ) (-119.589111 1352.540039 -6.493560 ) (-119.589111 1352.540039 -114.494003 ) (-115.589005 1352.540039 -114.494003 ) 
4 3 17 (-119.589111 1352.540039 -6.493560 ) (-382.185974 1352.540039 -6.493560 ) (-382.185974 1352.540039 -114.494003 ) (-119.589111 1352.540039 -114.494003 ) 
4 3 12 (-47.588905 1352.540039 -114.494003 ) (-47.588905 1352.540039 -6.493560 ) (-115.589005 1352.540039 -6.493560 ) (-115.589005 1352.540039 -114.494003 ) 
4 3 8 (-47.588905 1352.540039 -6.493560 ) (-47.588905 1352.540039 -2.494003 ) (-119.589111 1352.540039 -2.494003 ) (-119.589111 1352.540039 -6.493560 ) 
4 3 10 (-119.589111 1352.540039 -2.494003 ) (-382.185974 1352.540039 -2.494003 ) (-382.185974 1352.540039 -6.493560 ) (-119.589111 1352.540039 -6.493560 ) 
4 3 5 (-47.588905 1352.540039 89.506401 ) (-47.588905 1352.540039 121.506004 ) (-87.588898 1352.540039 121.506004 ) (-87.588898 1352.540039 89.506401 ) 
4 3 4 (-47.588905 1352.540039 121.506004 ) (-47.588905 1352.540039 447.506042 ) (-207.589020 1352.540039 447.506042 ) (-207.589020 1352.540039 121.506004 ) 
4 3 6 (-47.588905 1352.540039 -2.494003 ) (-47.588905 1352.540039 89.506401 ) (-207.589020 1352.540039 89.506401 ) (-207.589020 1352.540039 -2.494003 ) 
4 3 7 (-207.589020 1352.540039 447.506042 ) (-382.185974 1352.540039 447.506042 ) (-382.185974 1352.540039 -2.494003 ) (-207.589020 1352.540039 -2.494003 ) 
4 4 5 (-47.588905 1160.540039 121.506004 ) (-87.588898 1160.540039 121.506004 ) (-87.588898 1352.540039 121.506004 ) (-47.588905 1352.540039 121.506004 ) 
4 4 11 (-47.588905 1160.540039 121.506004 ) (-47.588905 1160.540039 447.506042 ) (-207.589020 1160.540039 447.506042 ) (-207.589020 1160.540039 121.506004 ) 
4 4 7 (-207.589020 1352.540039 447.506042 ) (-207.589020 1352.540039 121.506004 ) (-207.589020 1160.540039 121.506004 ) (-207.589020 1160.540039 447.506042 ) 
4 5 11 (-47.588905 1160.540039 89.506401 ) (-47.588905 1160.540039 121.506004 ) (-87.588898 1160.540039 121.506004 ) (-87.588898 1160.540039 89.506401 ) 
4 5 6 (-47.588905 1160.540039 89.506401 ) (-87.588898 1160.540039 89.506401 ) (-87.588898 1352.540039 89.506401 ) (-47.588905 1352.540039 89.506401 ) 
4 6 9 (-47.588905 1160.540039 -2.494003 ) (-119.589111 1160.540039 -2.494003 ) (-119.589111 1220.540039 -2.494003 ) (-47.588905 1220.540039 -2.494003 ) 
4 6 8 (-119.589111 1292.540039 -2.494003 ) (-119.589111 1352.540039 -2.494003 ) (-47.588905 1352.540039 -2.494003 ) (-47.588905 1292.540039 -2.494003 ) 
4 6 10 (-119.589111 1160.540039 -2.494003 ) (-207.589020 1160.540039 -2.494003 ) (-207.589020 1352.540039 -2.494003 ) (-119.589111 1352.540039 -2.494003 ) 
4 6 7 (-207.589020 1352.540039 89.506401 ) (-207.589020 1352.540039 -2.494003 ) (-207.589020 1160.540039 -2.494003 ) (-207.589020 1160.540039 89.506401 ) 
4 6 11 (-47.588905 1160.540039 -2.494003 ) (-47.588905 1160.540039 89.506401 ) (-207.589020 1160.540039 89.506401 ) (-207.589020 1160.540039 -2.494003 ) 
4 7 39 (-382.185974 1160.540039 447.506042 ) (-382.185974 1352.540039 447.506042 ) (-382.185974 1352.540039 -2.494003 ) (-382.185974 1160.540039 -2.494003 ) 
4 7 10 (-207.589020 1160.540039 -2.494003 ) (-382.185974 1160.540039 -2.494003 ) (-382.185974 1352.540039 -2.494003 ) (-207.589020 1352.540039 -2.494003 ) 
4 7 11 (-207.589020 1160.540039 447.506042 ) (-382.185974 1160.540039 447.506042 ) (-382.185974 1160.540039 -2.494003 ) (-207.589020 1160.540039 -2.494003 ) 
4 8 15 (-119.589111 1352.540039 -6.493560 ) (-115.589005 1352.540039 -6.493560 ) (-115.589005 1292.540039 -6.493560 ) (-119.589111 1292.540039 -6.493560 ) 
4 8 12 (-115.589005 1352.540039 -6.493560 ) (-47.588905 1352.540039 -6.493560 ) (-47.588905 1292.540039 -6.493560 ) (-115.589005 1292.540039 -6.493560 ) 
4 8 10 (-119.589111 1352.540039 -6.493560 ) (-119.589111 1292.540039 -6.493560 ) (-119.589111 1292.540039 -2.494003 ) (-119.589111 1352.540039 -2.494003 ) 
4 9 16 (-115.589005 1160.540039 -6.493560 ) (-119.589111 1160.540039 -6.493560 ) (-119.589111 1220.540039 -6.493560 ) (-115.589005 1220.540039 -6.493560 ) 
4 9 14 (-47.588905 1220.540039 -6.493560 ) (-47.588905 1160.540039 -6.493560 ) (-115.589005 1160.540039 -6.493560 ) (-115.589005 1220.540039 -6.493560 ) 
4 9 11 (-119.589111 1160.540039 -6.493560 ) (-47.588905 1160.540039 -6.493560 ) (-47.588905 1160.540039 -2.494003 ) (-119.589111 1160.540039 -2.494003 ) 
4 9 10 (-119.589111 1220.540039 -6.493560 ) (-119.589111 1160.540039 -6.493560 ) (-119.589111 1160.540039 -2.494003 ) (-119.589111 1220.540039 -2.494003 ) 
4 10 43 (-382.185974 1352.540039 -2.494003 ) (-382.185974 1352.540039 -6.493560 ) (-382.185974 1160.540039 -6.493560 ) (-382.185974 1160.540039 -2.494003 ) 
4 10 17 (-382.185974 1160.540039 -6.493560 ) (-382.185974 1352.540039 -6.493560 ) (-119.589111 1352.540039 -6.493560 ) (-119.589111 1160.540039 -6.493560 ) 
4 10 11 (-382.185974 1160.540039 -6.493560 ) (-119.589111 1160.540039 -6.493560 ) (-119.589111 1160.540039 -2.494003 ) (-382.185974 1160.540039 -2.494003 ) 
4 11 87 (-367.588989 1024 447.506042 ) (-382.185974 1024 447.506042 ) (-382.185974 1024 -6.493560 ) (-367.588989 1024 -6.493560 ) 
4 11 82 (-47.588905 1024 447.506042 ) (-271.588989 1024 447.506042 ) (-271.588989 1024 -6.493560 ) (-47.588905 1024 -6.493560 ) 
4 11 86 (-271.588989 1024 447.506042 ) (-367.588989 1024 447.506042 ) (-367.588989 1024 -6.493560 ) (-271.588989 1024 -6.493560 ) 
4 11 46 (-382.185974 1024 -6.493560 ) (-382.185974 1024 447.506042 ) (-382.185974 1160.540039 447.506042 ) (-382.185974 1160.540039 -6.493560 ) 
4 11 16 (-119.589111 1160.540039 -6.493560 ) (-115.589005 1160.540039 -6.493560 ) (-115.589005 1024 -6.493560 ) (-119.589111 1024 -6.493560 ) 
4 11 17 (-382.185974 1024 -6.493560 ) (-382.185974 1160.540039 -6.493560 ) (-119.589111 1160.540039 -6.493560 ) (-119.589111 1024 -6.493560 ) 
4 11 14 (-115.589005 1160.540039 -6.493560 ) (-47.588905 1160.540039 -6.493560 ) (-47.588905 1024 -6.493560 ) (-115.589005 1024 -6.493560 ) 
4 12 18 (-115.589005 1352.540039 -114.494003 ) (-47.588905 1352.540039 -114.494003 ) (-47.588905 1292.540039 -114.494003 ) (-115.589005 1292.540039 -114.494003 ) 
4 12 15 (-115.589005 1352.540039 -114.494003 ) (-115.589005 1292.540039 -114.494003 ) (-115.589005 1292.540039 -6.493560 ) (-115.589005 1352.540039 -6.493560 ) 
4 14 82 (-115.589005 1024 -114.494003 ) (-47.588905 1024 -114.494003 ) (-47.588905 1024 -6.493560 ) (-115.589005 1024 -6.493560 ) 
4 14 20 (-47.588905 1220.540039 -114.494003 ) (-47.588905 1024 -114.494003 ) (-115.589005 1024 -114.494003 ) (-115.589005 1220.540039 -114.494003 ) 
4 14 16 (-115.589005 1220.540039 -114.494003 ) (-115.589005 1024 -114.494003 ) (-115.589005 1024 -6.493560 ) (-115.589005 1220.540039 -6.493560 ) 
4 15 18 (-119.589111 1352.540039 -114.494003 ) (-115.589005 1352.540039 -114.494003 ) (-115.589005 1292.540039 -114.494003 ) (-119.589111 1292.540039 -114.494003 ) 
4 15 17 (-119.589111 1352.540039 -114.494003 ) (-119.589111 1292.540039 -114.494003 ) (-119.589111 1292.540039 -6.493560 ) (-119.589111 1352.540039 -6.493560 ) 
4 16 82 (-119.589111 1024 -114.494003 ) (-115.589005 1024 -114.494003 ) (-115.589005 1024 -6.493560 ) (-119.589111 1024 -6.493560 ) 
4 16 20 (-115.589005 1220.540039 -114.494003 ) (-115.589005 1024 -114.494003 ) (-119.589111 1024 -114.494003 ) (-119.589111 1220.540039 -114.494003 ) 
4 16 17 (-119.589111 1220.540039 -114.494003 ) (-119.589111 1024 -114.494003 ) (-119.589111 1024 -6.493560 ) (-119.589111 1220.540039 -6.493560 ) 
4 17 87 (-382.185974 1024 -6.493560 ) (-382.185974 1024 -114.494003 ) (-367.588989 1024 -114.494003 ) (-367.588989 1024 -6.493560 ) 
4 17 82 (-271.588989 1024 -114.494003 ) (-119.589111 1024 -114.494003 ) (-119.589111 1024 -6.493560 ) (-271.588989 1024 -6.493560 ) 
4 17 86 (-367.588989 1024 -114.494003 ) (-271.588989 1024 -114.494003 ) (-271.588989 1024 -6.493560 ) (-367.588989 1024 -6.493560 ) 
4 17 49 (-382.185974 1024 -114.494003 ) (-382.185974 1024 -6.493560 ) (-382.185974 1292.540039 -6.493560 ) (-382.185974 1292.540039 -114.494003 ) 
4 17 48 (-382.185974 1292.540039 -6.493560 ) (-382.185974 1352.540039 -6.493560 ) (-382.185974 1352.540039 -114.494003 ) (-382.185974 1292.540039 -114.494003 ) 
4 17 21 (-382.185974 1024 -114.494003 ) (-382.185974 1352.540039 -114.494003 ) (-119.589111 1352.540039 -114.494003 ) (-119.589111 1024 -114.494003 ) 
4 18 19 (-119.589111 1292.540039 -118.494003 ) (-119.589111 1292.540039 -320.493988 ) (-47.588905 1292.540039 -320.493988 ) (-47.588905 1292.540039 -118.494003 ) 
4 18 21 (-119.589111 1292.540039 -114.494003 ) (-119.589111 1352.540039 -114.494003 ) (-119.589111 1352.540039 -320.493988 ) (-119.589111 1292.540039 -320.493988 ) 
4 19 20 (-119.589111 1220.540039 -118.494003 ) (-119.589111 1220.540039 -320.493988 ) (-47.588905 1220.540039 -320.493988 ) (-47.588905 1220.540039 -118.494003 ) 
4 19 21 (-119.589111 1292.540039 -118.494003 ) (-119.589111 1292.540039 -320.493988 ) (-119.589111 1220.540039 -320.493988 ) (-119.589111 1220.540039 -118.494003 ) 
4 20 82 (-119.589111 1024 -320.493988 ) (-47.588905 1024 -320.493988 ) (-47.588905 1024 -114.494003 ) (-119.589111 1024 -114.494003 ) 
4 20 21 (-119.589111 1024 -114.494003 ) (-119.589111 1220.540039 -114.494003 ) (-119.589111 1220.540039 -320.493988 ) (-119.589111 1024 -320.493988 ) 
4 21 87 (-382.185974 1024 -114.494003 ) (-382.185974 1024 -320.493988 ) (-367.588989 1024 -320.493988 ) (-367.588989 1024 -114.494003 ) 
4 21 82 (-271.588989 1024 -320.493988 ) (-119.589111 1024 -320.493988 ) (-119.589111 1024 -114.494003 ) (-271.588989 1024 -114.494003 ) 
4 21 86 (-367.588989 1024 -320.493988 ) (-271.588989 1024 -320.493988 ) (-271.588989 1024 -114.494003 ) (-367.588989 1024 -114.494003 ) 
4 21 55 (-382.185974 1352.540039 -320.493988 ) (-382.185974 1024 -320.493988 ) (-382.185974 1024 -114.494003 ) (-382.185974 1352.540039 -114.494003 ) 
4 22 32 (-382.185974 1648.540039 51.506401 ) (-382.185974 1648.540039 84.506401 ) (-383.588989 1648.540039 84.506401 ) (-383.588989 1648.540039 51.506401 ) 
4 22 26 (-382.185974 1648.540039 51.506401 ) (-383.588989 1648.540039 51.506401 ) (-383.588989 1856.199951 51.506401 ) (-382.185974 1856.199951 51.506401 ) 
4 22 24 (-383.588989 1648.540039 67.506401 ) (-383.588989 1648.540039 84.506401 ) (-383.588989 1776.540039 84.506401 ) (-383.588989 1776.540039 67.506401 ) 
4 22 23 (-383.588989 1856.199951 51.506401 ) (-383.588989 1776.540039 51.506401 ) (-383.588989 1776.540039 84.506401 ) (-383.588989 1856.199951 84.506401 ) 
4 23 30 (-591.588989 1776.540039 51.506401 ) (-591.588989 1856.199951 51.506401 ) (-575.588989 1856.199951 51.506401 ) (-575.588989 1776.540039 51.506401 ) 
4 23 28 (-575.588989 1856.199951 51.506401 ) (-399.588989 1856.199951 51.506401 ) (-399.588989 1776.540039 51.506401 ) (-575.588989 1776.540039 51.506401 ) 
4 23 27 (-399.588989 1856.199951 51.506401 ) (-383.588989 1856.199951 51.506401 ) (-383.588989 1776.540039 51.506401 ) (-399.588989 1776.540039 51.506401 ) 
4 23 24 (-591.588989 1776.540039 84.506401 ) (-591.588989 1776.540039 67.506401 ) (-383.588989 1776.540039 67.506401 ) (-383.588989 1776.540039 84.506401 ) 
4 23 25 (-591.588989 1856.199951 51.506401 ) (-591.588989 1776.540039 51.506401 ) (-591.588989 1776.540039 84.506401 ) (-591.588989 1856.199951 84.506401 ) 
4 24 32 (-383.588989 1648.540039 84.506401 ) (-591.588989 1648.540039 84.506401 ) (-591.588989 1648.540039 67.506401 ) (-383.588989 1648.540039 67.506401 ) 
4 24 25 (-591.588989 1648.540039 67.506401 ) (-591.588989 1648.540039 84.506401 ) (-591.588989 1776.540039 84.506401 ) (-591.588989 1776.540039 67.506401 ) 
4 25 33 (-607.588989 1648.540039 84.506401 ) (-702.185974 1648.540039 84.506401 ) (-702.185974 1648.540039 51.506401 ) (-607.588989 1648.540039 51.506401 ) 
4 25 32 (-591.588989 1648.540039 84.506401 ) (-607.588989 1648.540039 84.506401 ) (-607.588989 1648.540039 51.506401 ) (-591.588989 1648.540039 51.506401 ) 
4 25 31 (-591.588989 1648.540039 51.506401 ) (-702.185974 1648.540039 51.506401 ) (-702.185974 1856.199951 51.506401 ) (-591.588989 1856.199951 51.506401 ) 
4 26 32 (-382.185974 1648.540039 -43.493599 ) (-382.185974 1648.540039 51.506401 ) (-383.588989 1648.540039 51.506401 ) (-383.588989 1648.540039 -43.493599 ) 
4 26 27 (-383.588989 1856.199951 -43.493599 ) (-383.588989 1776.540039 -43.493599 ) (-383.588989 1776.540039 51.506401 ) (-383.588989 1856.199951 51.506401 ) 
4 27 28 (-399.588989 1856.199951 -43.493599 ) (-399.588989 1776.540039 -43.493599 ) (-399.588989 1776.540039 51.506401 ) (-399.588989 1856.199951 51.506401 ) 
4 28 30 (-575.588989 1856.199951 -43.493599 ) (-575.588989 1776.540039 -43.493599 ) (-575.588989 1776.540039 51.506401 ) (-575.588989 1856.199951 51.506401 ) 
4 30 31 (-591.588989 1856.199951 -43.493599 ) (-591.588989 1776.540039 -43.493599 ) (-591.588989 1776.540039 51.506401 ) (-591.588989 1856.199951 51.506401 ) 
4 31 33 (-607.588989 1648.540039 51.506401 ) (-702.185974 1648.540039 51.506401 ) (-702.185974 1648.540039 -43.493599 ) (-607.588989 1648.540039 -43.493599 ) 
4 31 32 (-591.588989 1648.540039 51.506401 ) (-607.588989 1648.540039 51.506401 ) (-607.588989 1648.540039 -43.493599 ) (-591.588989 1648.540039 -43.493599 ) 
4 32 33 (-607.588989 1648.540039 84.506401 ) (-607.588989 1648.540039 -43.493599 ) (-607.588989 1632.540039 -43.493599 ) (-607.588989 1632.540039 84.506401 ) 
4 33 35 (-702.185974 1616.540039 84.506401 ) (-702.185974 1616.540039 -43.493599 ) (-607.588989 1616.540039 -43.493599 ) (-607.588989 1616.540039 84.506401 ) 
4 34 37 (-382.185974 1600.199951 116.506401 ) (-382.185974 1600.199951 447.506042 ) (-591.588989 1600.199951 447.506042 ) (-591.588989 1600.199951 116.506401 ) 
4 36 56 (-591.588989 1600.199951 -320.493988 ) (-519.588989 1600.199951 -320.493988 ) (-519.588989 1600.199951 -114.494003 ) (-591.588989 1600.199951 -114.494003 ) 
4 36 55 (-519.588989 1600.199951 -320.493988 ) (-382.185974 1600.199951 -320.493988 ) (-382.185974 1600.199951 -114.494003 ) (-519.588989 1600.199951 -114.494003 ) 
4 36 51 (-523.588745 1600.199951 -75.493599 ) (-591.588989 1600.199951 -75.493599 ) (-591.588989 1600.199951 -114.494003 ) (-523.588745 1600.199951 -114.494003 ) 
4 36 47 (-382.185974 1600.199951 -114.494003 ) (-382.185974 1600.199951 -75.493599 ) (-523.588745 1600.199951 -75.493599 ) (-523.588745 1600.199951 -114.494003 ) 
4 37 38 (-591.588989 1568.199951 447.506042 ) (-591.588989 1568.199951 84.506401 ) (-382.185974 1568.199951 84.506401 ) (-382.185974 1568.199951 447.506042 ) 
4 38 52 (-523.588745 1352.540039 -6.493560 ) (-591.588989 1352.540039 -6.493560 ) (-591.588989 1568.199951 -6.493560 ) (-523.588745 1568.199951 -6.493560 ) 
4 38 48 (-382.185974 1568.199951 -6.493560 ) (-382.185974 1352.540039 -6.493560 ) (-523.588745 1352.540039 -6.493560 ) (-523.588745 1568.199951 -6.493560 ) 
4 38 44 (-591.588989 1352.540039 -2.494003 ) (-591.588989 1352.540039 -6.493560 ) (-519.588989 1352.540039 -6.493560 ) (-519.588989 1352.540039 -2.494003 ) 
4 38 43 (-519.588989 1352.540039 -6.493560 ) (-382.185974 1352.540039 -6.493560 ) (-382.185974 1352.540039 -2.494003 ) (-519.588989 1352.540039 -2.494003 ) 
4 38 41 (-591.588989 1352.540039 121.506004 ) (-591.588989 1352.540039 89.506401 ) (-551.588989 1352.540039 89.506401 ) (-551.588989 1352.540039 121.506004 ) 
4 38 40 (-591.588989 1352.540039 447.506042 ) (-591.588989 1352.540039 121.506004 ) (-431.588989 1352.540039 121.506004 ) (-431.588989 1352.540039 447.506042 ) 
4 38 42 (-591.588989 1352.540039 89.506401 ) (-591.588989 1352.540039 -2.494003 ) (-431.588989 1352.540039 -2.494003 ) (-431.588989 1352.540039 89.506401 ) 
4 38 39 (-431.588989 1352.540039 -2.494003 ) (-382.185974 1352.540039 -2.494003 ) (-382.185974 1352.540039 447.506042 ) (-431.588989 1352.540039 447.506042 ) 
4 39 43 (-382.185974 1160.540039 -2.494003 ) (-431.588989 1160.540039 -2.494003 ) (-431.588989 1352.540039 -2.494003 ) (-382.185974 1352.540039 -2.494003 ) 
4 39 40 (-431.588989 1352.540039 447.506042 ) (-431.588989 1352.540039 121.506004 ) (-431.588989 1160.540039 121.506004 ) (-431.588989 1160.540039 447.506042 ) 
4 39 42 (-431.588989 1352.540039 89.506401 ) (-431.588989 1352.540039 -2.494003 ) (-431.588989 1160.540039 -2.494003 ) (-431.588989 1160.540039 89.506401 ) 
4 39 46 (-431.588989 1160.540039 -2.494003 ) (-382.185974 1160.540039 -2.494003 ) (-382.185974 1160.540039 447.506042 ) (-431.588989 1160.540039 447.506042 ) 
4 40 41 (-591.588989 1352.540039 121.506004 ) (-551.588989 1352.540039 121.506004 ) (-551.588989 1160.540039 121.506004 ) (-591.588989 1160.540039 121.506004 ) 
4 40 46 (-591.588989 1160.540039 447.506042 ) (-591.588989 1160.540039 121.506004 ) (-431.588989 1160.540039 121.506004 ) (-431.588989 1160.540039 447.506042 ) 
4 41 46 (-591.588989 1160.540039 121.506004 ) (-591.588989 1160.540039 89.506401 ) (-551.588989 1160.540039 89.506401 ) (-551.588989 1160.540039 121.506004 ) 
4 41 42 (-591.588989 1352.540039 89.506401 ) (-551.588989 1352.540039 89.506401 ) (-551.588989 1160.540039 89.506401 ) (-591.588989 1160.540039 89.506401 ) 
4 42 44 (-591.588989 1292.540039 -2.494003 ) (-591.588989 1352.540039 -2.494003 ) (-519.588989 1352.540039 -2.494003 ) (-519.588989 1292.540039 -2.494003 ) 
4 42 45 (-519.588989 1160.540039 -2.494003 ) (-591.588989 1160.540039 -2.494003 ) (-591.588989 1220.540039 -2.494003 ) (-519.588989 1220.540039 -2.494003 ) 
4 42 43 (-431.588989 1160.540039 -2.494003 ) (-519.588989 1160.540039 -2.494003 ) (-519.588989 1352.540039 -2.494003 ) (-431.588989 1352.540039 -2.494003 ) 
4 42 46 (-591.588989 1160.540039 89.506401 ) (-591.588989 1160.540039 -2.494003 ) (-431.588989 1160.540039 -2.494003 ) (-431.588989 1160.540039 89.506401 ) 
4 43 49 (-382.185974 1292.540039 -6.493560 ) (-382.185974 1160.540039 -6.493560 ) (-519.588989 1160.540039 -6.493560 ) (-519.588989 1292.540039 -6.493560 ) 
4 43 48 (-382.185974 1352.540039 -6.493560 ) (-382.185974 1292.540039 -6.493560 ) (-519.588989 1292.540039 -6.493560 ) (-519.588989 1352.540039 -6.493560 ) 
4 43 44 (-519.588989 1292.540039 -2.494003 ) (-519.588989 1352.540039 -2.494003 ) (-519.588989 1352.540039 -6.493560 ) (-519.588989 1292.540039 -6.493560 ) 
4 43 45 (-519.588989 1160.540039 -6.493560 ) (-519.588989 1160.540039 -2.494003 ) (-519.588989 1220.540039 -2.494003 ) (-519.588989 1220.540039 -6.493560 ) 
4 43 46 (-519.588989 1160.540039 -6.493560 ) (-382.185974 1160.540039 -6.493560 ) (-382.185974 1160.540039 -2.494003 ) (-519.588989 1160.540039 -2.494003 ) 
4 44 52 (-591.588989 1292.540039 -6.493560 ) (-591.588989 1352.540039 -6.493560 ) (-523.588745 1352.540039 -6.493560 ) (-523.588745 1292.540039 -6.493560 ) 
4 44 48 (-523.588745 1352.540039 -6.493560 ) (-519.588989 1352.540039 -6.493560 ) (-519.588989 1292.540039 -6.493560 ) (-523.588745 1292.540039 -6.493560 ) 
4 45 54 (-523.588745 1160.540039 -6.493560 ) (-591.588989 1160.540039 -6.493560 ) (-591.588989 1220.540039 -6.493560 ) (-523.588745 1220.540039 -6.493560 ) 
4 45 50 (-519.588989 1160.540039 -6.493560 ) (-523.588745 1160.540039 -6.493560 ) (-523.588745 1220.540039 -6.493560 ) (-519.588989 1220.540039 -6.493560 ) 
4 45 46 (-591.588989 1160.540039 -2.494003 ) (-591.588989 1160.540039 -6.493560 ) (-519.588989 1160.540039 -6.493560 ) (-519.588989 1160.540039 -2.494003 ) 
4 46 87 (-382.185974 1024 -6.493560 ) (-382.185974 1024 447.506042 ) (-591.588989 1024 447.506042 ) (-591.588989 1024 -6.493560 ) 
4 46 54 (-523.588745 1024 -6.493560 ) (-591.588989 1024 -6.493560 ) (-591.588989 1160.540039 -6.493560 ) (-523.588745 1160.540039 -6.493560 ) 
4 46 50 (-519.588989 1024 -6.493560 ) (-523.588745 1024 -6.493560 ) (-523.588745 1160.540039 -6.493560 ) (-519.588989 1160.540039 -6.493560 ) 
4 46 49 (-382.185974 1160.540039 -6.493560 ) (-382.185974 1024 -6.493560 ) (-519.588989 1024 -6.493560 ) (-519.588989 1160.540039 -6.493560 ) 
4 47 56 (-523.588745 1600.199951 -114.494003 ) (-519.588989 1600.199951 -114.494003 ) (-519.588989 1568.199951 -114.494003 ) (-523.588745 1568.199951 -114.494003 ) 
4 47 55 (-519.588989 1600.199951 -114.494003 ) (-382.185974 1600.199951 -114.494003 ) (-382.185974 1568.199951 -114.494003 ) (-519.588989 1568.199951 -114.494003 ) 
4 47 51 (-523.588745 1600.199951 -114.494003 ) (-523.588745 1568.199951 -114.494003 ) (-523.588745 1568.199951 -43.493599 ) (-523.588745 1600.199951 -43.493599 ) 
4 47 48 (-523.588745 1568.199951 -43.493599 ) (-523.588745 1568.199951 -114.494003 ) (-382.185974 1568.199951 -114.494003 ) (-382.185974 1568.199951 -43.493599 ) 
4 48 56 (-519.588989 1292.540039 -114.494003 ) (-523.588745 1292.540039 -114.494003 ) (-523.588745 1568.199951 -114.494003 ) (-519.588989 1568.199951 -114.494003 ) 
4 48 55 (-382.185974 1568.199951 -114.494003 ) (-382.185974 1292.540039 -114.494003 ) (-519.588989 1292.540039 -114.494003 ) (-519.588989 1568.199951 -114.494003 ) 
4 48 52 (-523.588745 1568.199951 -114.494003 ) (-523.588745 1292.540039 -114.494003 ) (-523.588745 1292.540039 -6.493560 ) (-523.588745 1568.199951 -6.493560 ) 
4 48 49 (-519.588989 1292.540039 -114.494003 ) (-382.185974 1292.540039 -114.494003 ) (-382.185974 1292.540039 -6.493560 ) (-519.588989 1292.540039 -6.493560 ) 
4 49 87 (-382.185974 1024 -114.494003 ) (-382.185974 1024 -6.493560 ) (-519.588989 1024 -6.493560 ) (-519.588989 1024 -114.494003 ) 
4 49 55 (-382.185974 1292.540039 -114.494003 ) (-382.185974 1024 -114.494003 ) (-519.588989 1024 -114.494003 ) (-519.588989 1292.540039 -114.494003 ) 
4 49 50 (-519.588989 1220.540039 -114.494003 ) (-519.588989 1024 -114.494003 ) (-519.588989 1024 -6.493560 ) (-519.588989 1220.540039 -6.493560 ) 
4 50 87 (-519.588989 1024 -6.493560 ) (-523.588745 1024 -6.493560 ) (-523.588745 1024 -114.494003 ) (-519.588989 1024 -114.494003 ) 
4 50 58 (-519.588989 1024 -114.494003 ) (-523.588745 1024 -114.494003 ) (-523.588745 1220.540039 -114.494003 ) (-519.588989 1220.540039 -114.494003 ) 
4 50 54 (-523.588745 1220.540039 -114.494003 ) (-523.588745 1024 -114.494003 ) (-523.588745 1024 -6.493560 ) (-523.588745 1220.540039 -6.493560 ) 
4 51 56 (-591.588989 1600.199951 -114.494003 ) (-523.588745 1600.199951 -114.494003 ) (-523.588745 1568.199951 -114.494003 ) (-591.588989 1568.199951 -114.494003 ) 
4 51 52 (-591.588989 1568.199951 -43.493599 ) (-591.588989 1568.199951 -114.494003 ) (-523.588745 1568.199951 -114.494003 ) (-523.588745 1568.199951 -43.493599 ) 
4 52 56 (-523.588745 1568.199951 -114.494003 ) (-523.588745 1292.540039 -114.494003 ) (-591.588989 1292.540039 -114.494003 ) (-591.588989 1568.199951 -114.494003 ) 
4 54 87 (-523.588745 1024 -6.493560 ) (-591.588989 1024 -6.493560 ) (-591.588989 1024 -114.494003 ) (-523.588745 1024 -114.494003 ) 
4 54 58 (-523.588745 1220.540039 -114.494003 ) (-523.588745 1024 -114.494003 ) (-591.588989 1024 -114.494003 ) (-591.588989 1220.540039 -114.494003 ) 
4 55 87 (-382.185974 1024 -320.493988 ) (-382.185974 1024 -114.494003 ) (-519.588989 1024 -114.494003 ) (-519.588989 1024 -320.493988 ) 
4 55 57 (-519.588989 1292.540039 -118.494003 ) (-519.588989 1292.540039 -320.493988 ) (-519.588989 1220.540039 -320.493988 ) (-519.588989 1220.540039 -118.494003 ) 
4 55 56 (-519.588989 1292.540039 -114.494003 ) (-519.588989 1600.199951 -114.494003 ) (-519.588989 1600.199951 -320.493988 ) (-519.588989 1292.540039 -320.493988 ) 
4 55 58 (-519.588989 1024 -114.494003 ) (-519.588989 1220.540039 -114.494003 ) (-519.588989 1220.540039 -320.493988 ) (-519.588989 1024 -320.493988 ) 
4 56 57 (-591.588989 1292.540039 -118.494003 ) (-591.588989 1292.540039 -320.493988 ) (-519.588989 1292.540039 -320.493988 ) (-519.588989 1292.540039 -118.494003 ) 
4 57 58 (-591.588989 1220.540039 -118.494003 ) (-591.588989 1220.540039 -320.493988 ) (-519.588989 1220.540039 -320.493988 ) (-519.588989 1220.540039 -118.494003 ) 
4 58 87 (-519.588989 1024 -114.494003 ) (-591.588989 1024 -114.494003 ) (-591.588989 1024 -320.493988 ) (-519.588989 1024 -320.493988 ) 
4 59 64 (1184 0 128 ) (1104 0 128 ) (1104 0 56 ) (1184 0 56 ) 
4 59 63 (1184 0 56 ) (1104 0 56 ) (1104 128 56 ) (1184 128 56 ) 
4 59 62 (1104 128 56 ) (1104 0 56 ) (1104 0 128 ) (1104 128 128 ) 
4 60 73 (1024 688 56 ) (1024 656 56 ) (1024 656 64 ) (1024 688 64 ) 
4 60 66 (1024 656 64 ) (1024 656 184 ) (1024 688 184 ) (1024 688 64 ) 
4 61 74 (1024 576 56 ) (1024 448 56 ) (1024 448 64 ) (1024 576 64 ) 
4 61 67 (1024 448 64 ) (1024 448 184 ) (1024 576 184 ) (1024 576 64 ) 
4 62 76 (1024 128 56 ) (1024 0 56 ) (1024 0 64 ) (1024 128 64 ) 
4 62 70 (1024 0 64 ) (1024 0 128 ) (1024 128 128 ) (1024 128 64 ) 
4 62 64 (1024 0 128 ) (1024 0 56 ) (1104 0 56 ) (1104 0 128 ) 
4 62 63 (1024 0 56 ) (1024 128 56 ) (1104 128 56 ) (1104 0 56 ) 
4 63 76 (1024 0 0 ) (1024 0 56 ) (1024 128 56 ) (1024 128 0 ) 
4 63 64 (1184 0 0 ) (1184 0 56 ) (1024 0 56 ) (1024 0 0 ) 
4 64 189 (1024 -128 128 ) (1024 0 128 ) (1024 0 0 ) (1024 -128 0 ) 
4 65 190 (1024 -512 128 ) (1024 -256 128 ) (1024 -256 0 ) (1024 -512 0 ) 
4 66 73 (1024 688 64 ) (1024 656 64 ) (976 656 64 ) (976 688 64 ) 
4 67 74 (1024 576 64 ) (1024 448 64 ) (976 448 64 ) (976 576 64 ) 
4 68 78 (64 224 192 ) (64 352 192 ) (64 352 64 ) (64 224 64 ) 
4 69 78 (64 128 192 ) (64 224 192 ) (64 224 64 ) (64 128 64 ) 
4 69 71 (64 128 64 ) (192 128 64 ) (192 128 192 ) (64 128 192 ) 
4 70 189 (1024 0 64 ) (1024 0 128 ) (768 0 128 ) (768 0 64 ) 
4 70 76 (1024 0 64 ) (768 0 64 ) (768 128 64 ) (1024 128 64 ) 
4 71 78 (64 96 192 ) (64 128 192 ) (64 128 64 ) (64 96 64 ) 
4 72 78 (64 32 192 ) (64 96 192 ) (64 96 64 ) (64 32 64 ) 
4 75 78 (64 128 64 ) (64 224 64 ) (64 224 -64 ) (64 128 -64 ) 
3 75 77 (64 128 -64 ) (72 128 -64 ) (64 128 64 ) 
4 76 189 (1024 0 0 ) (1024 0 64 ) (768 0 64 ) (768 0 0 ) 
4 77 78 (64 32 64 ) (64 128 64 ) (64 128 -64 ) (64 32 -64 ) 
4 78 122 (0 412 -64 ) (0 32 -64 ) (0 32 192 ) (0 412 192 ) 
4 78 120 (0 416 192 ) (0 416 -64 ) (0 412 -64 ) (0 412 192 ) 
4 78 116 (0 32 640 ) (0 416 640 ) (0 416 192 ) (0 32 192 ) 
4 78 80 (64 32 -64 ) (64 32 192 ) (0 32 192 ) (0 32 -64 ) 
4 78 79 (64 32 -64 ) (0 32 -64 ) (0 416 -64 ) (64 416 -64 ) 
4 79 170 (0 416 -64 ) (0 416 -80 ) (0 32 -80 ) (0 32 -64 ) 
4 79 81 (0 32 -80 ) (64 32 -80 ) (64 32 -64 ) (0 32 -64 ) 
4 80 159 (0 3 64 ) (0 3 -60 ) (0 2 -60 ) (0 2 64 ) 
4 80 158 (0 2 192 ) (0 3 192 ) (0 3 64 ) (0 2 64 ) 
4 80 157 (0 3 192 ) (0 8 192 ) (0 8 -60 ) (0 3 -60 ) 
4 80 160 (0 0 -60 ) (0 0 192 ) (0 2 192 ) (0 2 -60 ) 
4 80 161 (0 0 -64 ) (0 0 -60 ) (0 8 -60 ) (0 8 -64 ) 
4 80 122 (0 8 192 ) (0 32 192 ) (0 32 -64 ) (0 8 -64 ) 
4 80 81 (0 32 -64 ) (64 32 -64 ) (64 0 -64 ) (0 0 -64 ) 
4 81 170 (0 0 -80 ) (0 0 -64 ) (0 32 -64 ) (0 32 -80 ) 
4 82 83 (-199.588928 952.543091 -132.494003 ) (-47.588905 952.543091 -132.494003 ) (-47.588905 952.543091 447.506042 ) (-199.588928 952.543091 447.506042 ) 
4 82 85 (-271.588989 952.543091 -132.494003 ) (-271.588989 952.543091 -320.493988 ) (-47.588905 952.543091 -320.493988 ) (-47.588905 952.543091 -132.494003 ) 
4 82 86 (-271.588989 1024 -320.493988 ) (-271.588989 952.543091 -320.493988 ) (-271.588989 952.543091 447.506042 ) (-271.588989 1024 447.506042 ) 
4 83 94 (-271.588989 752.543091 -64 ) (-271.588989 752.543091 -64.493607 ) (-224 752.543091 -64.493607 ) (-224 752.543091 -64 ) 
4 83 93 (-271.588989 752.543091 63.506401 ) (-271.588989 752.543091 -64 ) (-224 752.543091 -64 ) (-224 752.543091 63.506401 ) 
4 83 84 (-231.598419 932.540161 -132.494003 ) (-271.588989 907.546082 -132.494003 ) (-271.588989 907.546082 447.506042 ) (-231.598389 932.540161 447.506042 ) 
5 83 85 (-271.588989 752.543091 -132.494003 ) (-271.588989 907.543030 -132.494003 ) (-199.588928 952.543091 -132.494003 ) (-47.588905 952.543091 -132.494003 ) (-47.588905 752.543091 -132.494003 ) 
4 83 86 (-271.588989 752.543091 -132.494003 ) (-271.588989 752.543091 447.506042 ) (-271.588989 907.543030 447.506042 ) (-271.588989 907.543030 -132.494003 ) 
4 84 86 (-271.588989 907.543030 447.506042 ) (-271.588989 920.543030 447.506042 ) (-271.588989 920.543030 -132.494003 ) (-271.588989 907.543030 -132.494003 ) 
3 84 85 (-271.588989 907.543030 -132.494003 ) (-271.588989 920.543030 -132.494003 ) (-231.589142 932.542969 -132.494003 ) 
4 85 86 (-271.588989 952.543091 -320.493988 ) (-271.588989 752.543091 -320.493988 ) (-271.588989 752.543091 -132.494003 ) (-271.588989 952.543091 -132.494003 ) 
4 86 94 (-367.588989 752.543091 -64 ) (-367.588989 752.543091 -64.493607 ) (-271.588989 752.543091 -64.493607 ) (-271.588989 752.543091 -64 ) 
4 86 93 (-367.588989 752.543091 63.506401 ) (-367.588989 752.543091 -64 ) (-271.588989 752.543091 -64 ) (-271.588989 752.543091 63.506401 ) 
4 86 89 (-367.588989 907.543030 447.506042 ) (-367.588989 920.543030 447.506042 ) (-367.588989 920.543030 -132.494003 ) (-367.588989 907.543030 -132.494003 ) 
4 86 88 (-367.588989 752.543091 -132.494003 ) (-367.588989 752.543091 447.506042 ) (-367.588989 907.543030 447.506042 ) (-367.588989 907.543030 -132.494003 ) 
4 86 90 (-367.588989 952.543091 -320.493988 ) (-367.588989 752.543091 -320.493988 ) (-367.588989 752.543091 -132.494003 ) (-367.588989 952.543091 -132.494003 ) 
4 86 87 (-367.588989 1024 -320.493988 ) (-367.588989 952.543091 -320.493988 ) (-367.588989 952.543091 447.506042 ) (-367.588989 1024 447.506042 ) 
4 87 88 (-591.588989 952.543091 447.506042 ) (-591.588989 952.543091 -132.494003 ) (-439.589081 952.543091 -132.494003 ) (-439.589081 952.543091 447.506042 ) 
4 87 90 (-591.588989 952.543091 -132.494003 ) (-591.588989 952.543091 -320.493988 ) (-367.588989 952.543091 -320.493988 ) (-367.588989 952.543091 -132.494003 ) 
4 88 95 (-415.588989 752.543091 -64.493607 ) (-415 752.543091 -64.493607 ) (-415 752.543091 63.506401 ) (-415.588989 752.543091 63.506401 ) 
4 88 94 (-367.588989 752.543091 -64.493607 ) (-367.588989 752.543091 -64 ) (-415 752.543091 -64 ) (-415 752.543091 -64.493607 ) 
4 88 93 (-367.588989 752.543091 -64 ) (-367.588989 752.543091 63.506401 ) (-415 752.543091 63.506401 ) (-415 752.543091 -64 ) 
4 88 89 (-367.588989 907.542969 447.506042 ) (-367.588989 907.542969 -132.494003 ) (-407.589783 932.543213 -132.494003 ) (-407.589783 932.543213 447.506042 ) 
5 88 90 (-591.588989 752.543091 -132.494003 ) (-591.588989 952.543091 -132.494003 ) (-439.589081 952.543091 -132.494003 ) (-367.588989 907.543030 -132.494003 ) (-367.588989 752.543091 -132.494003 ) 
3 89 90 (-367.588989 920.543030 -132.494003 ) (-367.588989 907.543030 -132.494003 ) (-407.588959 932.543030 -132.494003 ) 
4 91 92 (-224 736.543091 126 ) (-224 672 126 ) (-415 672 126 ) (-415 736.543091 126 ) 
4 92 100 (-384 672 63.506401 ) (-256 672 63.506401 ) (-256 672 64 ) (-384 672 64 ) 
4 92 93 (-224 736.543091 63.506401 ) (-224 672 63.506401 ) (-415 672 63.506401 ) (-415 736.543091 63.506401 ) 
4 93 100 (-256 672 63.506401 ) (-384 672 63.506401 ) (-384 672 -64 ) (-256 672 -64 ) 
4 93 95 (-415 737 63.506401 ) (-415 752.543091 63.506401 ) (-415 752.543091 -64 ) (-415 737 -64 ) 
4 93 94 (-415 737 -64 ) (-415 752.543091 -64 ) (-224 752.543091 -64 ) (-224 737 -64 ) 
4 94 95 (-415 737 -64 ) (-415 752.543091 -64 ) (-415 752.543091 -64.493607 ) (-415 737 -64.493607 ) 
4 96 97 (-320 456 96 ) (-320 456 80 ) (-224 456 80 ) (-224 456 96 ) 
4 97 98 (-288 452 80 ) (-224 452 80 ) (-224 452 96 ) (-288 452 96 ) 
4 98 117 (-288 448 64 ) (-224 448 64 ) (-224 448 96 ) (-288 448 96 ) 
4 98 108 (-224 448 64 ) (-288 448 64 ) (-288 452 64 ) (-224 452 64 ) 
4 99 100 (-256 664 -64 ) (-256 648 -64 ) (-256 648 64 ) (-256 664 64 ) 
4 100 103 (-384 664 -64 ) (-384 648 -64 ) (-384 648 64 ) (-384 664 64 ) 
4 100 101 (-384 591 64 ) (-384 591 -64 ) (-256 591 -64 ) (-256 591 64 ) 
4 101 102 (-384 590 64 ) (-384 590 -64 ) (-256 590 -64 ) (-256 590 64 ) 
4 102 105 (-384 576 -64 ) (-256 576 -64 ) (-256 576 64 ) (-384 576 64 ) 
4 104 117 (-160 448 64 ) (-192 448 64 ) (-192 448 32 ) (-160 448 32 ) 
4 105 114 (-448 456 -64 ) (-448 576 -64 ) (-192 576 -64 ) (-192 456 -64 ) 
4 105 106 (-448 456 64 ) (-448 456 -64 ) (-192 456 -64 ) (-192 456 64 ) 
4 106 114 (-448 452 -64 ) (-448 456 -64 ) (-192 456 -64 ) (-192 452 -64 ) 
4 106 109 (-196 452 -60 ) (-196 452 60 ) (-444 452 60 ) (-444 452 -60 ) 
4 106 108 (-196 452 60 ) (-196 452 64 ) (-444 452 64 ) (-444 452 60 ) 
4 106 112 (-444 452 -64 ) (-196 452 -64 ) (-196 452 -60 ) (-444 452 -60 ) 
4 106 107 (-196 452 -64 ) (-192 452 -64 ) (-192 452 64 ) (-196 452 64 ) 
4 106 113 (-448 452 64 ) (-448 452 -64 ) (-444 452 -64 ) (-444 452 64 ) 
4 107 117 (-192 448 64 ) (-196 448 64 ) (-196 448 -64 ) (-192 448 -64 ) 
4 107 114 (-192 448 -64 ) (-196 448 -64 ) (-196 452 -64 ) (-192 452 -64 ) 
4 107 110 (-196 451 -60 ) (-196 450 -60 ) (-196 450 60 ) (-196 451 60 ) 
4 107 109 (-196 452 60 ) (-196 452 -60 ) (-196 451 -60 ) (-196 451 60 ) 
4 107 111 (-196 450 -60 ) (-196 448 -60 ) (-196 448 60 ) (-196 450 60 ) 
4 107 108 (-196 452 64 ) (-196 452 60 ) (-196 448 60 ) (-196 448 64 ) 
4 107 112 (-196 452 -60 ) (-196 452 -64 ) (-196 448 -64 ) (-196 448 -60 ) 
4 108 118 (-368 448 64 ) (-432 448 64 ) (-432 448 60 ) (-368 448 60 ) 
4 108 117 (-196 448 64 ) (-368 448 64 ) (-368 448 60 ) (-196 448 60 ) 
4 108 119 (-432 448 64 ) (-444 448 64 ) (-444 448 60 ) (-432 448 60 ) 
4 108 110 (-444 450 60 ) (-444 451 60 ) (-196 451 60 ) (-196 450 60 ) 
4 108 109 (-444 451 60 ) (-444 452 60 ) (-196 452 60 ) (-196 451 60 ) 
4 108 111 (-444 448 60 ) (-444 450 60 ) (-196 450 60 ) (-196 448 60 ) 
4 108 113 (-444 452 64 ) (-444 452 60 ) (-444 448 60 ) (-444 448 64 ) 
4 109 112 (-444 451 -60 ) (-444 452 -60 ) (-196 452 -60 ) (-196 451 -60 ) 
4 109 113 (-444 452 60 ) (-444 452 -60 ) (-444 451 -60 ) (-444 451 60 ) 
4 109 110 (-444 451 -60 ) (-196 451 -60 ) (-196 451 60 ) (-444 451 60 ) 
4 110 111 (-444 450 -60 ) (-196 450 -60 ) (-196 450 60 ) (-444 450 60 ) 
4 110 112 (-444 450 -60 ) (-444 451 -60 ) (-196 451 -60 ) (-196 450 -60 ) 
4 110 113 (-444 451 -60 ) (-444 450 -60 ) (-444 450 60 ) (-444 451 60 ) 
4 111 118 (-368 448 -56 ) (-368 448 60 ) (-432 448 60 ) (-432 448 -56 ) 
4 111 117 (-368 448 -60 ) (-196 448 -60 ) (-196 448 60 ) (-368 448 60 ) 
4 111 119 (-444 448 60 ) (-444 448 -60 ) (-432 448 -60 ) (-432 448 60 ) 
4 111 113 (-444 450 -60 ) (-444 448 -60 ) (-444 448 60 ) (-444 450 60 ) 
4 111 112 (-444 448 -60 ) (-444 450 -60 ) (-196 450 -60 ) (-196 448 -60 ) 
4 112 117 (-368 448 -64 ) (-196 448 -64 ) (-196 448 -60 ) (-368 448 -60 ) 
4 112 119 (-444 448 -60 ) (-444 448 -64 ) (-432 448 -64 ) (-432 448 -60 ) 
4 112 114 (-196 448 -64 ) (-444 448 -64 ) (-444 452 -64 ) (-196 452 -64 ) 
4 112 113 (-444 452 -60 ) (-444 452 -64 ) (-444 448 -64 ) (-444 448 -60 ) 
4 113 119 (-444 448 64 ) (-448 448 64 ) (-448 448 -64 ) (-444 448 -64 ) 
4 113 114 (-444 448 -64 ) (-448 448 -64 ) (-448 452 -64 ) (-444 452 -64 ) 
4 115 118 (-432 448 192 ) (-368 448 192 ) (-368 416 192 ) (-432 416 192 ) 
4 115 117 (-368 448 192 ) (-128 448 192 ) (-128 416 192 ) (-368 416 192 ) 
4 115 119 (-512 448 192 ) (-432 448 192 ) (-432 416 192 ) (-512 416 192 ) 
4 115 116 (-512 416 192 ) (-128 416 192 ) (-128 416 640 ) (-512 416 640 ) 
4 116 142 (-512 32 192 ) (-704 32 192 ) (-704 412 192 ) (-512 412 192 ) 
4 116 141 (-704 412 192 ) (-704 416 192 ) (-512 416 192 ) (-512 412 192 ) 
4 116 137 (-128 32 192 ) (-256 32 192 ) (-256 96 192 ) (-128 96 192 ) 
4 116 140 (-384 32 192 ) (-512 32 192 ) (-512 96 192 ) (-384 96 192 ) 
4 116 135 (-160 160 192 ) (-128 160 192 ) (-128 96 192 ) (-160 96 192 ) 
4 116 136 (-512 96 192 ) (-512 160 192 ) (-160 160 192 ) (-160 96 192 ) 
4 116 134 (-512 160 192 ) (-512 224 192 ) (-480 224 192 ) (-480 160 192 ) 
4 116 133 (-512 224 192 ) (-512 416 192 ) (-480 416 192 ) (-480 224 192 ) 
4 116 132 (-480 416 192 ) (-128 416 192 ) (-128 160 192 ) (-480 160 192 ) 
4 116 123 (-124 32 192 ) (-128 32 192 ) (-128 412 192 ) (-124 412 192 ) 
4 116 122 (0 412 192 ) (0 32 192 ) (-124 32 192 ) (-124 412 192 ) 
4 116 121 (-124 412 192 ) (-128 412 192 ) (-128 416 192 ) (-124 416 192 ) 
4 116 120 (0 416 192 ) (0 412 192 ) (-124 412 192 ) (-124 416 192 ) 
4 117 132 (-368 416 -64 ) (-128 416 -64 ) (-128 416 192 ) (-368 416 192 ) 
4 117 118 (-368 416 -56 ) (-368 416 192 ) (-368 448 192 ) (-368 448 -56 ) 
4 118 132 (-368 416 -56 ) (-368 416 192 ) (-432 416 192 ) (-432 416 -56 ) 
4 118 119 (-432 416 -56 ) (-432 416 192 ) (-432 448 192 ) (-432 448 -56 ) 
4 119 133 (-512 416 -64 ) (-480 416 -64 ) (-480 416 192 ) (-512 416 192 ) 
4 119 132 (-480 416 -64 ) (-432 416 -64 ) (-432 416 192 ) (-480 416 192 ) 
4 120 170 (-124 416 -64 ) (0 416 -64 ) (0 412 -64 ) (-124 412 -64 ) 
4 120 122 (-124 412 -64 ) (0 412 -64 ) (0 412 192 ) (-124 412 192 ) 
4 120 121 (-124 416 192 ) (-124 416 -64 ) (-124 412 -64 ) (-124 412 192 ) 
4 121 170 (-128 416 -64 ) (-124 416 -64 ) (-124 412 -64 ) (-128 412 -64 ) 
4 121 132 (-128 416 192 ) (-128 416 -64 ) (-128 412 -64 ) (-128 412 192 ) 
4 121 129 (-126 412 -59 ) (-125 412 -59 ) (-125 412 64 ) (-126 412 64 ) 
4 121 128 (-125 412 -59 ) (-124 412 -59 ) (-124 412 64 ) (-125 412 64 ) 
4 121 130 (-128 412 64 ) (-128 412 -59 ) (-126 412 -59 ) (-126 412 64 ) 
4 121 127 (-128 412 65 ) (-128 412 64 ) (-124 412 64 ) (-124 412 65 ) 
4 121 131 (-128 412 -59 ) (-128 412 -64 ) (-124 412 -64 ) (-124 412 -59 ) 
4 121 125 (-126 412 65 ) (-125 412 65 ) (-125 412 188 ) (-126 412 188 ) 
4 121 124 (-125 412 65 ) (-124 412 65 ) (-124 412 188 ) (-125 412 188 ) 
4 121 126 (-128 412 188 ) (-128 412 65 ) (-126 412 65 ) (-126 412 188 ) 
4 121 123 (-128 412 192 ) (-128 412 188 ) (-124 412 188 ) (-124 412 192 ) 
4 122 170 (0 412 -64 ) (0 8 -64 ) (-124 8 -64 ) (-124 412 -64 ) 
4 122 157 (0 8 -60 ) (0 8 192 ) (-124 8 192 ) (-124 8 -60 ) 
4 122 161 (-124 8 -64 ) (0 8 -64 ) (0 8 -60 ) (-124 8 -60 ) 
4 122 128 (-124 412 64 ) (-124 412 -59 ) (-124 8 -59 ) (-124 8 64 ) 
4 122 127 (-124 412 65 ) (-124 412 64 ) (-124 8 64 ) (-124 8 65 ) 
4 122 131 (-124 412 -59 ) (-124 412 -64 ) (-124 8 -64 ) (-124 8 -59 ) 
4 122 124 (-124 412 188 ) (-124 412 65 ) (-124 8 65 ) (-124 8 188 ) 
4 122 123 (-124 412 192 ) (-124 412 188 ) (-124 8 188 ) (-124 8 192 ) 
4 123 137 (-128 8 188 ) (-128 8 192 ) (-128 96 192 ) (-128 96 188 ) 
4 123 135 (-128 96 192 ) (-128 160 192 ) (-128 160 188 ) (-128 96 188 ) 
4 123 132 (-128 160 192 ) (-128 412 192 ) (-128 412 188 ) (-128 160 188 ) 
4 123 125 (-126 412 188 ) (-125 412 188 ) (-125 8 188 ) (-126 8 188 ) 
4 123 124 (-125 412 188 ) (-124 412 188 ) (-124 8 188 ) (-125 8 188 ) 
4 123 126 (-128 8 188 ) (-128 412 188 ) (-126 412 188 ) (-126 8 188 ) 
4 124 127 (-125 412 65 ) (-124 412 65 ) (-124 8 65 ) (-125 8 65 ) 
4 124 125 (-125 412 65 ) (-125 8 65 ) (-125 8 188 ) (-125 412 188 ) 
4 125 127 (-126 412 65 ) (-125 412 65 ) (-125 8 65 ) (-126 8 65 ) 
4 125 126 (-126 412 65 ) (-126 8 65 ) (-126 8 188 ) (-126 412 188 ) 
4 126 137 (-128 8 65 ) (-128 8 188 ) (-128 96 188 ) (-128 96 65 ) 
4 126 135 (-128 96 188 ) (-128 160 188 ) (-128 160 65 ) (-128 96 65 ) 
4 126 132 (-128 160 188 ) (-128 412 188 ) (-128 412 65 ) (-128 160 65 ) 
4 126 127 (-128 8 65 ) (-128 412 65 ) (-126 412 65 ) (-126 8 65 ) 
4 127 137 (-128 8 64 ) (-128 8 65 ) (-128 96 65 ) (-128 96 64 ) 
4 127 135 (-128 96 65 ) (-128 160 65 ) (-128 160 64 ) (-128 96 64 ) 
4 127 132 (-128 160 65 ) (-128 412 65 ) (-128 412 64 ) (-128 160 64 ) 
4 127 129 (-126 412 64 ) (-125 412 64 ) (-125 8 64 ) (-126 8 64 ) 
4 127 128 (-125 412 64 ) (-124 412 64 ) (-124 8 64 ) (-125 8 64 ) 
4 127 130 (-128 8 64 ) (-128 412 64 ) (-126 412 64 ) (-126 8 64 ) 
4 128 131 (-125 412 -59 ) (-124 412 -59 ) (-124 8 -59 ) (-125 8 -59 ) 
4 128 129 (-125 412 -59 ) (-125 8 -59 ) (-125 8 64 ) (-125 412 64 ) 
4 129 130 (-126 412 -59 ) (-126 8 -59 ) (-126 8 64 ) (-126 412 64 ) 
4 129 131 (-126 412 -59 ) (-125 412 -59 ) (-125 8 -59 ) (-126 8 -59 ) 
4 130 137 (-128 8 -59 ) (-128 8 64 ) (-128 96 64 ) (-128 96 -59 ) 
4 130 135 (-128 96 64 ) (-128 160 64 ) (-128 160 -56 ) (-128 96 -56 ) 
4 130 132 (-128 160 64 ) (-128 412 64 ) (-128 412 -59 ) (-128 160 -59 ) 
4 130 131 (-128 8 -59 ) (-128 412 -59 ) (-126 412 -59 ) (-126 8 -59 ) 
4 131 170 (-124 8 -64 ) (-128 8 -64 ) (-128 412 -64 ) (-124 412 -64 ) 
4 131 137 (-128 96 -64 ) (-128 8 -64 ) (-128 8 -59 ) (-128 96 -59 ) 
4 131 132 (-128 412 -64 ) (-128 160 -64 ) (-128 160 -59 ) (-128 412 -59 ) 
4 132 186 (-320 288.014008 -64 ) (-320 224 -64 ) (-384 224 -64 ) (-384 288.014008 -64 ) 
4 132 184 (-320 352 -64 ) (-320 320 -64 ) (-352 320 -64 ) (-352 352 -64 ) 
4 132 185 (-320 320 -64 ) (-320 288.014008 -64 ) (-352 288.014008 -64 ) (-352 320 -64 ) 
4 132 182 (-256 160 -64 ) (-320 160 -64 ) (-320 192 -64 ) (-256 192 -64 ) 
4 132 181 (-320 192 -64 ) (-320 256 -64 ) (-256 256 -64 ) (-256 192 -64 ) 
4 132 180 (-128 256 -64 ) (-128 160 -64 ) (-256 160 -64 ) (-256 256 -64 ) 
4 132 176 (-192 256 -64 ) (-320 256 -64 ) (-320 352 -64 ) (-192 352 -64 ) 
4 132 175 (-160 256 -64 ) (-192 256 -64 ) (-192 352 -64 ) (-160 352 -64 ) 
4 132 174 (-128 352 -64 ) (-128 320 -64 ) (-160 320 -64 ) (-160 352 -64 ) 
4 132 172 (-128 384 -64 ) (-128 352 -64 ) (-320 352 -64 ) (-320 384 -64 ) 
4 132 171 (-224 416 -64 ) (-128 416 -64 ) (-128 384 -64 ) (-224 384 -64 ) 
4 132 135 (-128 160 -56 ) (-128 160 192 ) (-160 160 192 ) (-160 160 -56 ) 
4 132 136 (-480 160 -64 ) (-160 160 -64 ) (-160 160 192 ) (-480 160 192 ) 
4 132 134 (-480 160 -56 ) (-480 160 192 ) (-480 224 192 ) (-480 224 -56 ) 
4 132 133 (-480 416 192 ) (-480 416 -64 ) (-480 224 -64 ) (-480 224 192 ) 
4 133 149 (-512 224 -56 ) (-512 224 64 ) (-512 412 64 ) (-512 412 -56 ) 
4 133 152 (-512 412 -64 ) (-512 224 -64 ) (-512 224 -56 ) (-512 412 -56 ) 
4 133 148 (-512 416 -56 ) (-512 416 -64 ) (-512 412 -64 ) (-512 412 -56 ) 
4 133 147 (-512 416 64 ) (-512 416 -56 ) (-512 412 -56 ) (-512 412 64 ) 
4 133 146 (-512 416 65 ) (-512 416 64 ) (-512 224 64 ) (-512 224 65 ) 
4 133 143 (-512 412 65 ) (-512 224 65 ) (-512 224 188 ) (-512 412 188 ) 
4 133 142 (-512 224 188 ) (-512 224 192 ) (-512 412 192 ) (-512 412 188 ) 
4 133 141 (-512 416 192 ) (-512 416 65 ) (-512 412 65 ) (-512 412 192 ) 
4 133 134 (-512 224 192 ) (-512 224 -56 ) (-480 224 -56 ) (-480 224 192 ) 
4 134 149 (-512 160 -56 ) (-512 160 64 ) (-512 224 64 ) (-512 224 -56 ) 
4 134 146 (-512 160 64 ) (-512 160 65 ) (-512 224 65 ) (-512 224 64 ) 
4 134 143 (-512 160 65 ) (-512 160 188 ) (-512 224 188 ) (-512 224 65 ) 
4 134 142 (-512 160 188 ) (-512 160 192 ) (-512 224 192 ) (-512 224 188 ) 
4 134 136 (-512 160 192 ) (-512 160 -56 ) (-480 160 -56 ) (-480 160 192 ) 
4 135 137 (-128 96 -56 ) (-128 96 192 ) (-160 96 192 ) (-160 96 -56 ) 
4 135 136 (-160 160 192 ) (-160 160 -56 ) (-160 96 -56 ) (-160 96 192 ) 
4 136 149 (-512 96 -56 ) (-512 96 64 ) (-512 160 64 ) (-512 160 -56 ) 
4 136 152 (-512 160 -64 ) (-512 96 -64 ) (-512 96 -56 ) (-512 160 -56 ) 
4 136 146 (-512 96 64 ) (-512 96 65 ) (-512 160 65 ) (-512 160 64 ) 
4 136 143 (-512 96 65 ) (-512 96 188 ) (-512 160 188 ) (-512 160 65 ) 
4 136 142 (-512 96 188 ) (-512 96 192 ) (-512 160 192 ) (-512 160 188 ) 
4 136 138 (-384 96 -64 ) (-256 96 -64 ) (-256 96 191 ) (-384 96 191 ) 
4 136 137 (-256 96 -64 ) (-160 96 -64 ) (-160 96 192 ) (-256 96 192 ) 
4 136 140 (-512 96 192 ) (-512 96 -64 ) (-384 96 -64 ) (-384 96 192 ) 
4 137 163 (-256 8 -64 ) (-128 8 -64 ) (-128 8 192 ) (-256 8 192 ) 
4 137 138 (-256 96 191 ) (-256 96 -64 ) (-256 32 -64 ) (-256 32 191 ) 
4 137 139 (-256 32 -64 ) (-256 8 -64 ) (-256 8 192 ) (-256 32 192 ) 
4 138 139 (-384 32 191 ) (-384 32 -64 ) (-256 32 -64 ) (-256 32 191 ) 
4 138 140 (-384 96 191 ) (-384 96 -64 ) (-384 32 -64 ) (-384 32 191 ) 
4 139 163 (-384 8 -64 ) (-256 8 -64 ) (-256 8 192 ) (-384 8 192 ) 
4 139 140 (-384 32 -64 ) (-384 8 -64 ) (-384 8 192 ) (-384 32 192 ) 
4 140 163 (-512 8 -64 ) (-384 8 -64 ) (-384 8 192 ) (-512 8 192 ) 
4 140 149 (-512 8 -56 ) (-512 8 64 ) (-512 96 64 ) (-512 96 -56 ) 
4 140 152 (-512 96 -64 ) (-512 8 -64 ) (-512 8 -56 ) (-512 96 -56 ) 
4 140 146 (-512 8 64 ) (-512 8 65 ) (-512 96 65 ) (-512 96 64 ) 
4 140 143 (-512 8 65 ) (-512 8 188 ) (-512 96 188 ) (-512 96 65 ) 
4 140 142 (-512 8 188 ) (-512 8 192 ) (-512 96 192 ) (-512 96 188 ) 
4 141 146 (-512 416 65 ) (-512 412 65 ) (-704 412 65 ) (-704 416 65 ) 
4 141 144 (-515 412 65 ) (-514 412 65 ) (-514 412 188 ) (-515 412 188 ) 
4 141 143 (-514 412 65 ) (-512 412 65 ) (-512 412 188 ) (-514 412 188 ) 
4 141 145 (-704 412 188 ) (-704 412 65 ) (-515 412 65 ) (-515 412 188 ) 
4 141 142 (-704 412 192 ) (-704 412 188 ) (-512 412 188 ) (-512 412 192 ) 
4 142 166 (-704 8 192 ) (-704 8 188 ) (-516 8 188 ) (-516 8 192 ) 
4 142 144 (-515 412 188 ) (-514 412 188 ) (-514 8 188 ) (-515 8 188 ) 
4 142 143 (-514 412 188 ) (-512 412 188 ) (-512 8 188 ) (-514 8 188 ) 
4 142 145 (-704 412 188 ) (-515 412 188 ) (-515 8 188 ) (-704 8 188 ) 
4 143 146 (-512 412 65 ) (-512 8 65 ) (-514 8 65 ) (-514 412 65 ) 
4 143 144 (-514 8 188 ) (-514 412 188 ) (-514 412 65 ) (-514 8 65 ) 
4 144 146 (-514 8 65 ) (-515 8 65 ) (-515 412 65 ) (-514 412 65 ) 
4 144 145 (-515 8 188 ) (-515 412 188 ) (-515 412 65 ) (-515 8 65 ) 
4 145 166 (-704 8 188 ) (-704 8 65 ) (-516 8 65 ) (-516 8 188 ) 
4 145 146 (-515 8 65 ) (-704 8 65 ) (-704 412 65 ) (-515 412 65 ) 
4 146 166 (-704 8 65 ) (-704 8 64 ) (-516 8 64 ) (-516 8 65 ) 
4 146 150 (-514 8 64 ) (-515 8 64 ) (-515 412 64 ) (-514 412 64 ) 
4 146 149 (-512 412 64 ) (-512 8 64 ) (-514 8 64 ) (-514 412 64 ) 
4 146 151 (-515 8 64 ) (-704 8 64 ) (-704 412 64 ) (-515 412 64 ) 
4 146 147 (-512 416 64 ) (-512 412 64 ) (-704 412 64 ) (-704 416 64 ) 
4 147 150 (-514 412 64 ) (-515 412 64 ) (-515 412 -56 ) (-514 412 -56 ) 
4 147 149 (-512 412 -56 ) (-512 412 64 ) (-514 412 64 ) (-514 412 -56 ) 
4 147 151 (-515 412 64 ) (-704 412 64 ) (-704 412 -56 ) (-515 412 -56 ) 
4 147 148 (-512 412 -56 ) (-704 412 -56 ) (-704 416 -56 ) (-512 416 -56 ) 
4 148 153 (-704 412 -58.966515 ) (-704 416 -58.966515 ) (-607.955750 416 -64 ) (-607.955750 412 -64 ) 
5 148 152 (-704 412 -58.966072 ) (-607.947266 412 -64 ) (-512 412 -64 ) (-512 412 -56 ) (-704 412 -56 ) 
4 149 152 (-514 412 -56 ) (-512 412 -56 ) (-512 8 -56 ) (-514 8 -56 ) 
4 149 150 (-514 412 64 ) (-514 412 -56 ) (-514 8 -56 ) (-514 8 64 ) 
4 150 151 (-515 412 64 ) (-515 412 -56 ) (-515 8 -56 ) (-515 8 64 ) 
4 150 152 (-515 412 -56 ) (-514 412 -56 ) (-514 8 -56 ) (-515 8 -56 ) 
4 151 166 (-704 8 64 ) (-704 8 -56 ) (-516 8 -56 ) (-516 8 64 ) 
4 151 152 (-704 412 -56 ) (-515 412 -56 ) (-515 8 -56 ) (-704 8 -56 ) 
4 152 188 (-544 32 -64 ) (-607.948242 32 -64 ) (-607.948242 128 -64 ) (-544 128 -64 ) 
5 152 167 (-704 8 -56 ) (-704 8 -58.966125 ) (-607.948242 8 -64 ) (-516 8 -64 ) (-516 8 -56 ) 
4 152 154 (-704 224 -58.966515 ) (-704 352 -58.966515 ) (-671.808044 352 -60.653629 ) (-671.807861 224 -60.653641 ) 
4 152 153 (-704 352 -58.966515 ) (-704 412 -58.966515 ) (-607.955750 412 -64 ) (-607.955750 352 -64 ) 
4 152 156 (-607.955750 8 -64 ) (-704 8 -58.966515 ) (-704 224 -58.966515 ) (-607.955750 224 -64 ) 
3 153 155 (-671.912048 352 -62.650253 ) (-671.982361 352 -64 ) (-646.157593 352 -64 ) 
4 153 154 (-671.808044 352 -60.653355 ) (-704 352 -58.966240 ) (-704 352 -64 ) (-671.982361 352 -64 ) 
4 154 155 (-671.911926 224 -62.650261 ) (-671.982239 224 -64 ) (-671.982300 352 -64 ) (-671.911987 352 -62.650257 ) 
4 154 156 (-671.807861 224 -60.653366 ) (-704 224 -58.966240 ) (-704 224 -64 ) (-671.982178 224 -64 ) 
3 155 156 (-671.911865 224 -62.650261 ) (-671.982178 224 -64 ) (-646.157532 224 -64 ) 
4 156 188 (-672 128 -64 ) (-607.948242 128 -64 ) (-607.948242 32 -64 ) (-672 32 -64 ) 
3 156 167 (-704 8 -58.966125 ) (-704 8 -64 ) (-607.948242 8 -64 ) 
4 157 162 (-124 4 -60 ) (-124 3 -60 ) (-124 3 192 ) (-124 4 192 ) 
4 157 159 (-124 3 64 ) (-124 3 -60 ) (0 3 -60 ) (0 3 64 ) 
4 157 158 (-124 3 192 ) (-124 3 64 ) (0 3 64 ) (0 3 192 ) 
4 157 161 (-124 3 -60 ) (-124 8 -60 ) (0 8 -60 ) (0 3 -60 ) 
4 158 162 (-124 2 64 ) (-124 2 192 ) (-124 3 192 ) (-124 3 64 ) 
4 158 160 (-124 2 192 ) (-124 2 64 ) (0 2 64 ) (0 2 192 ) 
4 158 159 (0 2 64 ) (-124 2 64 ) (-124 3 64 ) (0 3 64 ) 
4 159 162 (-124 3 -60 ) (-124 2 -60 ) (-124 2 64 ) (-124 3 64 ) 
4 159 161 (-124 2 -60 ) (-124 3 -60 ) (0 3 -60 ) (0 2 -60 ) 
4 159 160 (-124 2 64 ) (-124 2 -60 ) (0 2 -60 ) (0 2 64 ) 
4 160 192 (0 0 -60 ) (0 0 64 ) (-124 0 64 ) (-124 0 -60 ) 
4 160 191 (0 0 64 ) (0 0 192 ) (-124 0 192 ) (-124 0 64 ) 
4 160 162 (-124 2 -60 ) (-124 0 -60 ) (-124 0 192 ) (-124 2 192 ) 
4 160 161 (0 0 -60 ) (-124 0 -60 ) (-124 2 -60 ) (0 2 -60 ) 
4 161 192 (0 0 -64 ) (0 0 -60 ) (-124 0 -60 ) (-124 0 -64 ) 
4 161 170 (0 0 -64 ) (-124 0 -64 ) (-124 8 -64 ) (0 8 -64 ) 
4 161 162 (-124 4 -64 ) (-124 0 -64 ) (-124 0 -60 ) (-124 4 -60 ) 
4 162 192 (-128 0 64 ) (-128 0 -64 ) (-124 0 -64 ) (-124 0 64 ) 
4 162 191 (-124 0 192 ) (-128 0 192 ) (-128 0 64 ) (-124 0 64 ) 
4 162 170 (-124 0 -64 ) (-128 0 -64 ) (-128 4 -64 ) (-124 4 -64 ) 
4 162 163 (-128 4 -64 ) (-128 0 -64 ) (-128 0 192 ) (-128 4 192 ) 
4 163 193 (-384 0 -64 ) (-256 0 -64 ) (-256 0 64 ) (-384 0 64 ) 
4 163 192 (-256 0 -64 ) (-128 0 -64 ) (-128 0 64 ) (-256 0 64 ) 
4 163 194 (-512 0 64 ) (-512 0 -64 ) (-384 0 -64 ) (-384 0 64 ) 
4 163 191 (-128 0 192 ) (-512 0 192 ) (-512 0 64 ) (-128 0 64 ) 
4 163 165 (-512 4 -64 ) (-512 0 -64 ) (-512 0 -56 ) (-512 4 -56 ) 
4 163 164 (-512 0 -56 ) (-512 0 192 ) (-512 4 192 ) (-512 4 -56 ) 
4 164 194 (-516 0 64 ) (-516 0 -56 ) (-512 0 -56 ) (-512 0 64 ) 
4 164 191 (-512 0 192 ) (-516 0 192 ) (-516 0 64 ) (-512 0 64 ) 
4 164 168 (-516 0 -56 ) (-516 0 192 ) (-516 4 192 ) (-516 4 -56 ) 
4 164 165 (-516 0 -56 ) (-516 4 -56 ) (-512 4 -56 ) (-512 0 -56 ) 
4 165 194 (-516 0 -56 ) (-516 0 -64 ) (-512 0 -64 ) (-512 0 -56 ) 
4 165 169 (-516 4 -64 ) (-516 0 -64 ) (-516 0 -56 ) (-516 4 -56 ) 
4 166 168 (-704 4 192 ) (-704 4 -56 ) (-516 4 -56 ) (-516 4 192 ) 
4 166 167 (-516 4 -56 ) (-704 4 -56 ) (-704 8 -56 ) (-516 8 -56 ) 
4 167 169 (-704 4 -56 ) (-704 4 -64 ) (-516 4 -64 ) (-516 4 -56 ) 
4 168 194 (-638 0 -56 ) (-516 0 -56 ) (-516 0 64 ) (-638 0 64 ) 
4 168 191 (-516 0 192 ) (-640 0 192 ) (-640 0 64 ) (-516 0 64 ) 
4 168 169 (-704 0 -56 ) (-704 4 -56 ) (-516 4 -56 ) (-516 0 -56 ) 
4 169 194 (-638 0 -64 ) (-516 0 -64 ) (-516 0 -56 ) (-638 0 -56 ) 
4 170 183 (-128 160 -76 ) (-128 160 -66 ) (-128 416 -66 ) (-128 416 -76 ) 
4 170 180 (-128 160 -64 ) (-128 256 -64 ) (-128 256 -66 ) (-128 160 -66 ) 
4 170 174 (-128 320 -64 ) (-128 352 -64 ) (-128 352 -66 ) (-128 320 -66 ) 
4 170 173 (-128 384 -65 ) (-128 384 -66 ) (-128 352 -66 ) (-128 352 -65 ) 
4 170 172 (-128 352 -64 ) (-128 384 -64 ) (-128 384 -65 ) (-128 352 -65 ) 
4 170 171 (-128 384 -64 ) (-128 416 -64 ) (-128 416 -66 ) (-128 384 -66 ) 
4 171 183 (-224 416 -66 ) (-128 416 -66 ) (-128 384 -66 ) (-224 384 -66 ) 
4 171 173 (-224 384 -66 ) (-128 384 -66 ) (-128 384 -65 ) (-224 384 -65 ) 
4 171 172 (-128 384 -65 ) (-128 384 -64 ) (-224 384 -64 ) (-224 384 -65 ) 
4 172 176 (-320 352 -64 ) (-320 352 -65 ) (-192 352 -65 ) (-192 352 -64 ) 
4 172 175 (-192 352 -65 ) (-160 352 -65 ) (-160 352 -64 ) (-192 352 -64 ) 
4 172 174 (-160 352 -65 ) (-128 352 -65 ) (-128 352 -64 ) (-160 352 -64 ) 
4 172 173 (-128 352 -65 ) (-256 352 -65 ) (-256 384 -65 ) (-128 384 -65 ) 
4 173 183 (-256 384 -66 ) (-128 384 -66 ) (-128 352 -66 ) (-256 352 -66 ) 
4 173 178 (-256 352 -66 ) (-224 352 -66 ) (-224 352 -65 ) (-256 352 -65 ) 
4 173 174 (-160 352 -66 ) (-128 352 -66 ) (-128 352 -65 ) (-160 352 -65 ) 
4 174 183 (-160 352 -66 ) (-128 352 -66 ) (-128 320 -66 ) (-160 320 -66 ) 
4 174 175 (-160 352 -64 ) (-160 352 -65 ) (-160 320 -65 ) (-160 320 -64 ) 
4 175 180 (-160 256 -65 ) (-160 256 -64 ) (-192 256 -64 ) (-192 256 -65 ) 
4 175 176 (-192 352 -64 ) (-192 352 -65 ) (-192 256 -65 ) (-192 256 -64 ) 
4 176 186 (-320 256 -64 ) (-320 288.014008 -64 ) (-320 288.014008 -65 ) (-320 256 -65 ) 
4 176 184 (-320 320 -64 ) (-320 352 -64 ) (-320 352 -65 ) (-320 320 -65 ) 
4 176 185 (-320 288.014008 -64 ) (-320 320 -64 ) (-320 320 -65 ) (-320 288.014008 -65 ) 
4 176 181 (-320 256 -64 ) (-320 256 -65 ) (-256 256 -65 ) (-256 256 -64 ) 
4 176 180 (-256 256 -65 ) (-192 256 -65 ) (-192 256 -64 ) (-256 256 -64 ) 
4 176 179 (-288 320 -65 ) (-288 256 -65 ) (-320 256 -65 ) (-320 320 -65 ) 
4 176 177 (-192 287.992035 -65 ) (-192 256 -65 ) (-224 256 -65 ) (-224 288 -65 ) 
4 176 178 (-288 352 -65 ) (-224 352 -65 ) (-224 256 -65 ) (-288 256 -65 ) 
4 177 183 (-192 288 -66 ) (-192 256 -66 ) (-224 256 -66 ) (-224 288.008026 -66 ) 
4 177 180 (-224 256 -66 ) (-192 256 -66 ) (-192 256 -65 ) (-224 256 -65 ) 
4 177 178 (-224 256 -66 ) (-224 256 -65 ) (-224 288 -65 ) (-224 288.008026 -66 ) 
4 178 183 (-288 352 -66 ) (-224 352 -66 ) (-224 256 -66 ) (-288 256 -66 ) 
4 178 181 (-288 256 -66 ) (-256 256 -66 ) (-256 256 -65 ) (-288 256 -65 ) 
4 178 180 (-256 256 -66 ) (-224 256 -66 ) (-224 256 -65 ) (-256 256 -65 ) 
4 178 179 (-288 256 -66 ) (-288 256 -65 ) (-288 320 -65 ) (-288 320 -66 ) 
4 179 186 (-320 288.014008 -66 ) (-320 256 -66 ) (-320 256 -65 ) (-320 288.014008 -65 ) 
4 179 185 (-320 320 -66 ) (-320 288.014008 -66 ) (-320 288.014008 -65 ) (-320 320 -65 ) 
4 179 183 (-320 256 -66 ) (-320 320 -66 ) (-288 320 -66 ) (-288 256 -66 ) 
4 179 181 (-320 256 -65 ) (-320 256 -66 ) (-288 256 -66 ) (-288 256 -65 ) 
4 180 183 (-256 256 -66 ) (-128 256 -66 ) (-128 160 -66 ) (-256 160 -66 ) 
4 180 182 (-256 160 -65 ) (-256 160 -64 ) (-256 192 -64 ) (-256 192 -65 ) 
4 180 181 (-256 256 -64 ) (-256 256 -66 ) (-256 192 -66 ) (-256 192 -64 ) 
4 181 186 (-320 224 -64 ) (-320 256 -64 ) (-320 256 -66 ) (-320 224 -66 ) 
4 181 183 (-320 192 -66 ) (-320 256 -66 ) (-256 256 -66 ) (-256 192 -66 ) 
4 181 182 (-320 192 -64 ) (-320 192 -65 ) (-256 192 -65 ) (-256 192 -64 ) 
4 183 187 (-320 160 -76 ) (-320 160 -66 ) (-320 416 -66 ) (-320 416 -76 ) 
4 184 185 (-352 320 -64 ) (-352 320 -65 ) (-320 320 -65 ) (-320 320 -64 ) 
4 185 187 (-320 320 -66 ) (-320 288.014008 -66 ) (-352 288.014008 -66 ) (-352 320 -66 ) 
4 185 186 (-352 288.014008 -66 ) (-320 288.014008 -66 ) (-320 288.014008 -64 ) (-352 288.014008 -64 ) 
4 186 187 (-384 224 -66 ) (-384 288.014008 -66 ) (-320 288.014008 -66 ) (-320 224 -66 ) 
4 191 199 (-256 -256 320 ) (-384 -256 320 ) (-384 -256 64 ) (-256 -256 64 ) 
4 191 195 (-638 -256 64 ) (-640 -256 64 ) (-640 -64 64 ) (-638 -64 64 ) 
4 191 193 (-384 -248 64 ) (-384 0 64 ) (-256 0 64 ) (-256 -248 64 ) 
4 191 192 (0 -256 64 ) (-256 -256 64 ) (-256 0 64 ) (0 0 64 ) 
4 191 194 (-384 -256 64 ) (-638 -256 64 ) (-638 0 64 ) (-384 0 64 ) 
4 192 193 (-256 0 -64 ) (-256 -248 -64 ) (-256 -248 64 ) (-256 0 64 ) 
4 193 194 (-384 0 -64 ) (-384 -248 -64 ) (-384 -248 64 ) (-384 0 64 ) 
4 194 198 (-512 -256 -64 ) (-638 -256 -64 ) (-638 -64 -64 ) (-512 -64 -64 ) 
4 194 197 (-638 -64 -64 ) (-638 0 -64 ) (-512 0 -64 ) (-512 -64 -64 ) 
4 194 195 (-638 -64 -64 ) (-638 -256 -64 ) (-638 -256 64 ) (-638 -64 64 ) 
4 195 198 (-638 -256 -64 ) (-640 -256 -64 ) (-640 -64 -64 ) (-638 -64 -64 ) 
4 195 196 (-640 -64 -64 ) (-640 -256 -64 ) (-640 -256 64 ) (-640 -64 64 ) 
4 197 198 (-638 -64 -80 ) (-512 -64 -80 ) (-512 -64 -64 ) (-638 -64 -64 ) 
6 199 203 (-256 -288 89.523056 ) (-256 -288 104.630859 ) (-269.725769 -288 279.030029 ) (-384 -288 270.032654 ) (-384 -288 99.618820 ) (-382.421967 -288 79.568207 ) 
4 199 202 (-381.196686 -288 64 ) (-256 -288 64 ) (-256 -288 89.523056 ) (-382.421967 -288 79.568207 ) 
3 199 201 (-384 -288 64 ) (-381.196686 -288 64 ) (-384 -288 99.618820 ) 
4 199 200 (-272.950226 -288 320 ) (-384 -288 320 ) (-384 -288 270.032654 ) (-269.725769 -288 279.030029 ) 
3 200 205 (-297.422882 -385 630.942627 ) (-297.638794 -385 630.925659 ) (-270.021637 -385 282.783173 ) 
5 200 204 (-297.638794 -385 630.925659 ) (-425.026428 -385 620.899414 ) (-397.329498 -385 268.983215 ) (-269.726257 -385 279.030029 ) (-270.021637 -385 282.783173 ) 
4 200 203 (-269.726227 -385 279.029877 ) (-397.329498 -385 268.983032 ) (-397.329498 -288 268.983032 ) (-269.725769 -288 279.029907 ) 
4 201 228 (-395.983917 -288 48 ) (-379.937408 -288 48 ) (-379.937408 -385 48 ) (-395.982941 -385 48 ) 
4 201 207 (-395.982941 -385 48 ) (-379.937408 -385 48 ) (-382.421906 -385 79.567879 ) (-398.368622 -385 78.312187 ) 
4 201 208 (-382.421906 -385 79.567879 ) (-389.876129 -385 174.280914 ) (-405.822906 -385 173.025330 ) (-398.368622 -385 78.312187 ) 
4 201 203 (-389.875763 -385 174.280930 ) (-382.421539 -385 79.567909 ) (-382.421570 -288 79.568237 ) (-389.875763 -288 174.280945 ) 
4 201 202 (-382.421539 -385 79.567909 ) (-379.937042 -385 48 ) (-379.937042 -288 48 ) (-382.421570 -288 79.568237 ) 
4 202 228 (-379.937408 -288 48 ) (-362.995667 -288 48 ) (-362.995667 -385 48 ) (-379.937408 -385 48 ) 
5 202 207 (-362.996094 -385 48 ) (-252.209045 -385 56.719280 ) (-254.817886 -385 89.615807 ) (-382.421906 -385 79.567886 ) (-379.937408 -385 48 ) 
4 202 203 (-382.423767 -288 79.567642 ) (-382.423737 -385 79.567322 ) (-254.817841 -385 89.615395 ) (-254.818542 -288 89.615669 ) 
4 203 208 (-389.876129 -385 174.280914 ) (-382.421906 -385 79.567886 ) (-254.818726 -385 89.615738 ) (-262.272888 -385 184.327866 ) 
4 203 206 (-269.726257 -385 279.030029 ) (-397.329498 -385 268.983215 ) (-389.876129 -385 174.280914 ) (-262.272888 -385 184.327866 ) 
4 204 209 (-297.638794 -414 630.925598 ) (-425.026428 -414 620.899414 ) (-397.329498 -414 268.983185 ) (-269.723938 -414 279.030212 ) 
4 204 206 (-269.723907 -414 279.030060 ) (-397.329498 -414 268.983032 ) (-397.329498 -385 268.983032 ) (-269.723938 -385 279.030060 ) 
4 204 205 (-297.639160 -414 630.925781 ) (-269.724365 -414 279.031250 ) (-269.724365 -385 279.031250 ) (-297.639069 -385 630.924805 ) 
3 205 209 (-297.423889 -414 630.942505 ) (-297.638794 -414 630.925598 ) (-269.723938 -414 279.030212 ) 
4 206 210 (-260.273376 -414 184.485321 ) (-267.726410 -414 279.187500 ) (-397.329498 -414 268.983185 ) (-389.876129 -414 174.280899 ) 
4 206 208 (-260.277344 -414 184.485352 ) (-389.876160 -414 174.281250 ) (-389.876129 -385 174.280930 ) (-260.273438 -385 184.485352 ) 
4 207 228 (-395.982910 -385 48 ) (-362.995667 -385 48 ) (-362.995667 -414 48 ) (-395.982605 -414 48 ) 
5 207 211 (-362.996094 -414 48 ) (-252.208832 -414 56.719296 ) (-254.817673 -414 89.615730 ) (-398.368286 -414 78.312111 ) (-395.982605 -414 48 ) 
4 207 208 (-254.817856 -385 89.615471 ) (-398.367065 -385 78.311775 ) (-398.366760 -414 78.311699 ) (-254.817642 -414 89.615196 ) 
5 208 212 (-252.819534 -414 89.773071 ) (-260.273376 -414 184.485321 ) (-400 -414 173.483795 ) (-400 -414 99.044380 ) (-398.368286 -414 78.312111 ) 
4 209 219 (-297.423828 -416 630.941772 ) (-425.026398 -416 620.898682 ) (-397.329498 -416 268.983185 ) (-269.724365 -416 279.030151 ) 
4 209 210 (-269.724335 -416 279.030029 ) (-397.329498 -416 268.983032 ) (-397.329498 -414 268.983032 ) (-269.724365 -414 279.030029 ) 
3 210 226 (-390.011444 -416 176 ) (-389.876160 -416 174.280914 ) (-368.042633 -416 176 ) 
5 210 220 (-260.276855 -416 184.485046 ) (-267.729950 -416 279.187195 ) (-397.329529 -416 268.983185 ) (-390.011444 -416 176 ) (-368.042633 -416 176 ) 
4 210 212 (-260.277344 -416 184.485352 ) (-389.876160 -416 174.281250 ) (-389.876160 -414 174.280945 ) (-260.273438 -414 184.485352 ) 
4 211 228 (-395.982605 -414 48 ) (-362.995667 -414 48 ) (-362.995667 -416 48 ) (-395.982574 -416 48 ) 
5 211 213 (-395.982574 -416 48 ) (-363 -416 48 ) (-252.208832 -416 56.719566 ) (-254.817642 -416 89.615730 ) (-398.368256 -416 78.312111 ) 
4 211 212 (-254.817627 -414 89.615005 ) (-398.366760 -414 78.311699 ) (-398.366730 -416 78.311691 ) (-254.817627 -416 89.615189 ) 
5 212 226 (-252.822952 -416 89.772797 ) (-259.609070 -416 176 ) (-368.042542 -416 176 ) (-389.876129 -416 174.280914 ) (-382.421875 -416 79.567780 ) 
5 212 223 (-389.876129 -416 174.280914 ) (-400 -416 173.483795 ) (-400 -416 99.044777 ) (-398.368256 -416 78.312111 ) (-382.421875 -416 79.567780 ) 
3 212 220 (-259.609070 -416 176 ) (-260.276855 -416 184.485046 ) (-368.042542 -416 176 ) 
4 213 229 (-362.995667 -544 48 ) (-400 -544 48 ) (-400 -416 48 ) (-362.995667 -416 48 ) 
4 213 227 (-382.421875 -479 79.567215 ) (-382.421844 -544 79.567001 ) (-254.814484 -544 89.615189 ) (-254.814880 -479 89.615372 ) 
4 213 226 (-254.815262 -416 89.615555 ) (-382.421875 -416 79.567421 ) (-382.421875 -479 79.567215 ) (-254.814880 -479 89.615372 ) 
4 213 223 (-382.421875 -416 79.567421 ) (-414.321930 -416 77.055511 ) (-414.321533 -544 77.055122 ) (-382.421844 -544 79.567001 ) 
4 213 216 (-414.321930 -416 77.055511 ) (-417 -416 76.844635 ) (-417 -544 76.844208 ) (-414.321533 -544 77.055122 ) 
4 213 214 (-417 -544 76.843636 ) (-417 -416 76.844063 ) (-417 -416 48 ) (-417 -544 48 ) 
4 214 217 (-417 -416 76.844635 ) (-418 -416 76.765892 ) (-418 -544 76.765465 ) (-417 -544 76.844208 ) 
4 214 215 (-418 -544 76.765266 ) (-418 -416 76.765694 ) (-418 -416 48 ) (-418 -544 48 ) 
4 215 230 (-432 -544 50 ) (-432 -544 75.663422 ) (-432 -416 75.663879 ) (-432 -416 50 ) 
4 215 218 (-418 -416 76.765892 ) (-432 -416 75.663490 ) (-432 -544 75.663063 ) (-418 -544 76.765465 ) 
4 216 223 (-414.321564 -544 77.056908 ) (-414.321960 -416 77.057304 ) (-417 -416 111.084366 ) (-417 -544 111.089012 ) 
4 216 217 (-417 -416 76.844032 ) (-417 -544 76.843605 ) (-417 -544 111.088936 ) (-417 -416 111.084328 ) 
4 217 224 (-417 -416 111.084366 ) (-418 -416 123.790329 ) (-418 -544 123.794968 ) (-417 -544 111.089012 ) 
4 217 218 (-418 -416 76.765602 ) (-418 -544 76.765175 ) (-418 -544 123.793472 ) (-418 -416 123.788864 ) 
4 218 230 (-432 -544 75.663422 ) (-432 -544 176 ) (-432 -416 176 ) (-432 -416 75.663879 ) 
4 218 225 (-418 -416 123.790329 ) (-421.776093 -416 171.769226 ) (-421.775726 -544 171.769257 ) (-418 -544 123.794968 ) 
4 219 221 (-397.329529 -479 268.983154 ) (-269.723999 -479 279.030182 ) (-297.423492 -479 630.941833 ) (-425.026367 -479 620.898682 ) 
4 219 220 (-269.723969 -479 279.030060 ) (-397.329498 -479 268.982941 ) (-397.329498 -416 268.982941 ) (-269.724335 -416 279.029907 ) 
4 220 226 (-390.011444 -416 176 ) (-259.610168 -416 176 ) (-259.610382 -479 176 ) (-390.011444 -479 176 ) 
4 220 222 (-390.011444 -479 176 ) (-261.614349 -479 176 ) (-269.723969 -479 279.030182 ) (-397.329529 -479 268.983154 ) 
4 221 222 (-397.330078 -544 268.983154 ) (-397.330078 -479 268.983154 ) (-269.726685 -479 279.029999 ) (-269.727020 -544 279.029968 ) 
4 222 227 (-390.011444 -479 176 ) (-261.614349 -479 176 ) (-261.613953 -544 176 ) (-390.011475 -544 176 ) 
4 223 227 (-382.421173 -544 79.566322 ) (-382.421204 -479 79.566536 ) (-389.875366 -479 174.279968 ) (-389.875366 -544 174.279984 ) 
4 223 226 (-382.421204 -479 79.566536 ) (-382.421204 -416 79.566750 ) (-389.875366 -416 174.279968 ) (-389.875366 -479 174.279968 ) 
4 223 224 (-417 -416 111.084442 ) (-417 -544 111.089050 ) (-417 -544 172.142563 ) (-417 -416 172.142563 ) 
4 224 225 (-418 -416 123.789001 ) (-418 -544 123.793610 ) (-418 -544 172.064438 ) (-418 -416 172.064438 ) 
4 226 227 (-390.011719 -479 176 ) (-382.422150 -479 79.567558 ) (-254.814880 -479 89.615730 ) (-261.614349 -479 176 ) 
3 228 229 (-362.995636 -416 48 ) (-395.982605 -416 48 ) (-395.779541 -416 45.419876 ) 
4 230 236 (-496 -544 50 ) (-496 -544 176 ) (-496 -416 176 ) (-496 -416 50 ) 
4 231 235 (-720 -379 306 ) (-656 -379 306 ) (-656 -416 306 ) (-720 -416 306 ) 
4 231 236 (-656 -416 306 ) (-656 -443 306 ) (-720 -443 306 ) (-720 -416 306 ) 
4 232 235 (-912 -379 306 ) (-848 -379 306 ) (-848 -416 306 ) (-912 -416 306 ) 
4 232 236 (-848 -416 306 ) (-848 -443 306 ) (-912 -443 306 ) (-912 -416 306 ) 
4 233 239 (-624 -347 50 ) (-752 -347 50 ) (-752 -315 50 ) (-624 -315 50 ) 
4 233 235 (-752 -347 50 ) (-624 -347 50 ) (-624 -347 306 ) (-752 -347 306 ) 
4 234 241 (-944 -347 50 ) (-976 -347 50 ) (-976 -315 50 ) (-944 -315 50 ) 
4 234 240 (-816 -347 50 ) (-944 -347 50 ) (-944 -315 50 ) (-816 -315 50 ) 
4 234 235 (-976 -347 50 ) (-816 -347 50 ) (-816 -347 306 ) (-976 -347 306 ) 
4 235 241 (-944 -416 50 ) (-976 -416 50 ) (-976 -347 50 ) (-944 -347 50 ) 
4 235 236 (-976 -416 306 ) (-976 -416 50 ) (-592 -416 50 ) (-592 -416 306 ) 
4 236 241 (-944 -571 50 ) (-976 -571 50 ) (-976 -416 50 ) (-944 -416 50 ) 
4 236 237 (-944 -571 50 ) (-528 -571 50 ) (-528 -571 306 ) (-944 -571 306 ) 
4 237 238 (-688 -635 82 ) (-688 -635 274 ) (-784 -635 274 ) (-784 -635 82 ) 
4 240 241 (-944 -315 50 ) (-944 -315 42 ) (-944 -347 42 ) (-944 -347 50 ) 
