PRT1
149
450
4 0 10 (127 0 589 ) (64 0 589 ) (64 0 -208 ) (127 0 -208 ) 
4 0 2 (64 0 195.470993 ) (64 0 589 ) (64 120 589 ) (64 120 195.470993 ) 
4 0 3 (64 120 -208 ) (64 0 -208 ) (64 0 67.470505 ) (64 120 67.470505 ) 
4 0 1 (64 528 589 ) (64 528 -208 ) (64 120 -208 ) (64 120 589 ) 
4 1 5 (32 120 195.470993 ) (32 120 589 ) (32 152 589 ) (32 152 195.470993 ) 
4 1 6 (32 152 -208 ) (32 120 -208 ) (32 120 67.470505 ) (32 152 67.470505 ) 
4 1 4 (32 528 -208 ) (32 152 -208 ) (32 152 589 ) (32 528 589 ) 
4 1 2 (32 120 589 ) (32 120 195.470993 ) (64 120 195.470993 ) (64 120 589 ) 
4 1 3 (32 120 67.470505 ) (32 120 -208 ) (64 120 -208 ) (64 120 67.470505 ) 
4 2 11 (64 0 589 ) (32 0 589 ) (32 0 195.470993 ) (64 0 195.470993 ) 
4 2 7 (32 0 227.470993 ) (32 0 589 ) (32 120 589 ) (32 120 227.470993 ) 
4 3 12 (32 0 67.470505 ) (32 0 -208 ) (64 0 -208 ) (64 0 67.470505 ) 
4 3 9 (32 120 -208 ) (32 0 -208 ) (32 0 35.470501 ) (32 120 35.470501 ) 
4 4 73 (0 192 -2 ) (0 192 -208 ) (0 152 -208 ) (0 152 -2 ) 
4 4 59 (0 192 195.470993 ) (0 192 -2 ) (0 152 -2 ) (0 152 195.470993 ) 
4 4 58 (0 192 227.470993 ) (0 192 195.470993 ) (0 152 195.470993 ) (0 152 227.470993 ) 
4 4 57 (0 152 589 ) (0 192 589 ) (0 192 227.470993 ) (0 152 227.470993 ) 
4 4 56 (0 384 -130 ) (0 384 -208 ) (0 192 -208 ) (0 192 -130 ) 
4 4 52 (0 384 -2 ) (0 384 -130 ) (0 192 -130 ) (0 192 -2 ) 
4 4 46 (0 384 19 ) (0 384 -2 ) (0 192 -2 ) (0 192 19 ) 
4 4 35 (0 384 127 ) (0 384 19 ) (0 192 19 ) (0 192 127 ) 
4 4 26 (0 384 320 ) (0 384 127 ) (0 192 127 ) (0 192 320 ) 
4 4 25 (0 192 589 ) (0 384 589 ) (0 384 320 ) (0 192 320 ) 
4 4 21 (0 384 589 ) (0 480 589 ) (0 480 -208 ) (0 384 -208 ) 
4 4 20 (0 480 589 ) (0 528 589 ) (0 528 -208 ) (0 480 -208 ) 
4 4 5 (32 152 195.470993 ) (32 152 589 ) (0 152 589 ) (0 152 195.470993 ) 
4 4 6 (0 152 -208 ) (32 152 -208 ) (32 152 67.470505 ) (0 152 67.470505 ) 
4 5 58 (0 152 227.470993 ) (0 152 195.470993 ) (0 120 195.470993 ) (0 120 227.470993 ) 
4 5 57 (0 120 589 ) (0 152 589 ) (0 152 227.470993 ) (0 120 227.470993 ) 
4 5 7 (32 120 227.470993 ) (32 120 589 ) (0 120 589 ) (0 120 227.470993 ) 
4 6 73 (0 152 -2 ) (0 152 -208 ) (0 120 -208 ) (0 120 -2 ) 
4 6 60 (0 152 67.470505 ) (0 152 -2 ) (0 120 -2 ) (0 120 67.470505 ) 
4 6 9 (0 120 -208 ) (32 120 -208 ) (32 120 35.470501 ) (0 120 35.470501 ) 
4 7 57 (0 0 227.470993 ) (0 0 589 ) (0 120 589 ) (0 120 227.470993 ) 
4 7 14 (32 0 589 ) (0 0 589 ) (0 0 227.470993 ) (32 0 227.470993 ) 
4 8 61 (0 0 67.470505 ) (0 0 195.470993 ) (0 120 195.470993 ) (0 120 67.470505 ) 
4 8 15 (0 0 195.470993 ) (0 0 67.470505 ) (32 0 67.470505 ) (32 0 195.470993 ) 
4 9 73 (0 0 -208 ) (0 0 -2 ) (0 120 -2 ) (0 120 -208 ) 
4 9 62 (0 0 -2 ) (0 0 35.470501 ) (0 120 35.470501 ) (0 120 -2 ) 
4 9 16 (0 0 35.470501 ) (0 0 -208 ) (32 0 -208 ) (32 0 35.470501 ) 
4 10 11 (64 -296 195.470993 ) (64 -296 589 ) (64 0 589 ) (64 0 195.470993 ) 
4 10 12 (64 0 -208 ) (64 -296 -208 ) (64 -296 67.470505 ) (64 0 67.470505 ) 
4 10 13 (64 -296 -208 ) (64 -771 -208 ) (64 -771 589 ) (64 -296 589 ) 
4 11 14 (32 -296 227.470993 ) (32 -296 589 ) (32 0 589 ) (32 0 227.470993 ) 
4 11 13 (32 -296 589 ) (32 -296 195.470993 ) (64 -296 195.470993 ) (64 -296 589 ) 
4 12 16 (32 0 -208 ) (32 -296 -208 ) (32 -296 35.470501 ) (32 0 35.470501 ) 
4 12 13 (32 -296 67.470505 ) (32 -296 -208 ) (64 -296 -208 ) (64 -296 67.470505 ) 
4 13 17 (32 -328 195.470993 ) (32 -328 589 ) (32 -296 589 ) (32 -296 195.470993 ) 
4 13 18 (32 -296 -208 ) (32 -328 -208 ) (32 -328 67.470505 ) (32 -296 67.470505 ) 
4 13 19 (32 -328 -208 ) (32 -771 -208 ) (32 -771 589 ) (32 -328 589 ) 
4 14 96 (0 0 256 ) (0 0 227.470993 ) (0 -296 227.470993 ) (0 -296 256 ) 
4 14 79 (0 -256 256 ) (0 -296 256 ) (0 -296 544 ) (0 -256 544 ) 
4 14 76 (0 0 544 ) (0 0 256 ) (0 -256 256 ) (0 -256 544 ) 
4 14 75 (0 -296 589 ) (0 0 589 ) (0 0 544 ) (0 -296 544 ) 
4 14 17 (32 -296 227.470993 ) (32 -296 589 ) (0 -296 589 ) (0 -296 227.470993 ) 
4 15 97 (0 0 195.470993 ) (0 0 67.470505 ) (0 -296 67.470505 ) (0 -296 195.470993 ) 
4 16 143 (0 0 -32 ) (0 0 -208 ) (0 -296 -208 ) (0 -296 -32 ) 
4 16 129 (0 -256 -32 ) (0 -296 -32 ) (0 -296 -2 ) (0 -256 -2 ) 
4 16 124 (0 0 -2 ) (0 0 -32 ) (0 -256 -32 ) (0 -256 -2 ) 
4 16 98 (0 0 35.470501 ) (0 0 -2 ) (0 -296 -2 ) (0 -296 35.470501 ) 
4 16 18 (0 -296 -208 ) (32 -296 -208 ) (32 -296 35.470501 ) (0 -296 35.470501 ) 
4 17 99 (0 -296 256 ) (0 -296 195.470993 ) (0 -328 195.470993 ) (0 -328 256 ) 
4 17 79 (0 -296 544 ) (0 -296 256 ) (0 -328 256 ) (0 -328 544 ) 
4 17 75 (0 -328 589 ) (0 -296 589 ) (0 -296 544 ) (0 -328 544 ) 
4 17 19 (32 -328 195.470993 ) (32 -328 589 ) (0 -328 589 ) (0 -328 195.470993 ) 
4 18 143 (0 -296 -32 ) (0 -296 -208 ) (0 -328 -208 ) (0 -328 -32 ) 
4 18 129 (0 -296 -2 ) (0 -296 -32 ) (0 -328 -32 ) (0 -328 -2 ) 
4 18 100 (0 -296 67.470505 ) (0 -296 -2 ) (0 -328 -2 ) (0 -328 67.470505 ) 
4 18 19 (0 -328 -208 ) (32 -328 -208 ) (32 -328 67.470505 ) (0 -328 67.470505 ) 
4 19 143 (0 -328 -32 ) (0 -328 -208 ) (0 -771 -208 ) (0 -771 -32 ) 
4 19 142 (0 -768 -32 ) (0 -771 -32 ) (0 -771 -2 ) (0 -768 -2 ) 
4 19 140 (0 -736 -32 ) (0 -768 -32 ) (0 -768 -2 ) (0 -736 -2 ) 
4 19 136 (0 -704 -32 ) (0 -736 -32 ) (0 -736 -2 ) (0 -704 -2 ) 
4 19 131 (0 -352 -32 ) (0 -704 -32 ) (0 -704 -2 ) (0 -352 -2 ) 
4 19 129 (0 -328 -2 ) (0 -328 -32 ) (0 -352 -32 ) (0 -352 -2 ) 
4 19 123 (0 -768 -2 ) (0 -771 -2 ) (0 -771 256 ) (0 -768 256 ) 
4 19 121 (0 -736 -2 ) (0 -768 -2 ) (0 -768 256 ) (0 -736 256 ) 
4 19 101 (0 -328 256 ) (0 -328 -2 ) (0 -736 -2 ) (0 -736 256 ) 
4 19 95 (0 -768 256 ) (0 -771 256 ) (0 -771 544 ) (0 -768 544 ) 
4 19 92 (0 -736 256 ) (0 -768 256 ) (0 -768 544 ) (0 -736 544 ) 
4 19 79 (0 -328 544 ) (0 -328 256 ) (0 -736 256 ) (0 -736 544 ) 
4 19 75 (0 -771 589 ) (0 -328 589 ) (0 -328 544 ) (0 -771 544 ) 
4 20 74 (-1024 480 589 ) (-1024 528 589 ) (-1024 528 -208 ) (-1024 480 -208 ) 
4 20 22 (-256 480 320 ) (-256 480 589 ) (-768 480 589 ) (-768 480 320 ) 
4 20 23 (-768 480 -208 ) (-256 480 -208 ) (-256 480 -128 ) (-768 480 -128 ) 
4 20 21 (-256 480 -208 ) (0 480 -208 ) (0 480 589 ) (-256 480 589 ) 
4 20 24 (-1024 480 -208 ) (-768 480 -208 ) (-768 480 589 ) (-1024 480 589 ) 
4 21 56 (0 384 -208 ) (0 384 -130 ) (-256 384 -130 ) (-256 384 -208 ) 
4 21 53 (-256 384 -128 ) (-256 384 -130 ) (-192 384 -130 ) (-192 384 -128 ) 
4 21 52 (0 384 -130 ) (0 384 -2 ) (-192 384 -2 ) (-192 384 -130 ) 
4 21 46 (0 384 -2 ) (0 384 19 ) (-192 384 19 ) (-192 384 -2 ) 
4 21 35 (0 384 19 ) (0 384 127 ) (-192 384 127 ) (-192 384 19 ) 
4 21 26 (0 384 127 ) (0 384 320 ) (-192 384 320 ) (-192 384 127 ) 
4 21 25 (0 384 320 ) (0 384 589 ) (-256 384 589 ) (-256 384 320 ) 
4 21 22 (-256 480 589 ) (-256 480 320 ) (-256 384 320 ) (-256 384 589 ) 
4 21 23 (-256 480 -128 ) (-256 480 -208 ) (-256 384 -208 ) (-256 384 -128 ) 
4 22 27 (-256 384 589 ) (-768 384 589 ) (-768 384 320 ) (-256 384 320 ) 
4 22 24 (-768 480 589 ) (-768 480 320 ) (-768 384 320 ) (-768 384 589 ) 
4 23 56 (-768 384 -130 ) (-768 384 -208 ) (-256 384 -208 ) (-256 384 -130 ) 
4 23 24 (-768 480 -128 ) (-768 480 -208 ) (-768 384 -208 ) (-768 384 -128 ) 
4 24 74 (-1024 384 -208 ) (-1024 384 589 ) (-1024 480 589 ) (-1024 480 -208 ) 
4 24 56 (-1024 384 -130 ) (-1024 384 -208 ) (-768 384 -208 ) (-768 384 -130 ) 
4 24 54 (-832 384 -130 ) (-768 384 -130 ) (-768 384 -128 ) (-832 384 -128 ) 
4 24 55 (-1024 384 -2 ) (-1024 384 -130 ) (-832 384 -130 ) (-832 384 -2 ) 
4 24 51 (-1024 384 19 ) (-1024 384 -2 ) (-832 384 -2 ) (-832 384 19 ) 
4 24 45 (-1024 384 127 ) (-1024 384 19 ) (-832 384 19 ) (-832 384 127 ) 
4 24 33 (-768 384 589 ) (-832 384 589 ) (-832 384 320 ) (-768 384 320 ) 
4 24 34 (-832 384 589 ) (-1024 384 589 ) (-1024 384 127 ) (-832 384 127 ) 
4 25 63 (-224 192 589 ) (-256 192 589 ) (-256 192 320 ) (-224 192 320 ) 
4 25 57 (0 192 320 ) (0 192 589 ) (-224 192 589 ) (-224 192 320 ) 
4 25 27 (-256 384 589 ) (-256 384 320 ) (-256 192 320 ) (-256 192 589 ) 
4 25 26 (0 192 320 ) (-192 192 320 ) (-192 384 320 ) (0 384 320 ) 
4 26 59 (-192 192 127 ) (0 192 127 ) (0 192 195.470993 ) (-192 192 195.470993 ) 
4 26 58 (0 192 195.470993 ) (0 192 227.470993 ) (-192 192 227.470993 ) (-192 192 195.470993 ) 
4 26 57 (0 192 227.470993 ) (0 192 320 ) (-192 192 320 ) (-192 192 227.470993 ) 
4 26 35 (0 192 127 ) (-192 192 127 ) (-192 384 127 ) (0 384 127 ) 
4 27 63 (-256 192 320 ) (-256 192 589 ) (-768 192 589 ) (-768 192 320 ) 
4 27 33 (-768 384 589 ) (-768 384 320 ) (-768 192 320 ) (-768 192 589 ) 
4 27 28 (-257 384 287 ) (-256 384 287 ) (-256 192 287 ) (-257 192 287 ) 
4 28 29 (-257 384 223 ) (-256 384 223 ) (-256 192 223 ) (-257 192 223 ) 
4 29 67 (-607 192 160 ) (-607 192 131 ) (-416 192 131 ) (-416 192 160 ) 
4 29 31 (-696 324 131 ) (-328 324 131 ) (-328 252 131 ) (-696 252 131 ) 
4 29 30 (-768 324 131 ) (-768 384 131 ) (-256 384 131 ) (-256 324 131 ) 
4 29 32 (-768 192 131 ) (-768 252 131 ) (-256 252 131 ) (-256 192 131 ) 
4 30 42 (-768 324 127 ) (-768 384 127 ) (-700 384 127 ) (-700 324 127 ) 
4 30 39 (-700 384 127 ) (-324 384 127 ) (-324 324 127 ) (-700 324 127 ) 
4 30 36 (-324 384 127 ) (-256 384 127 ) (-256 324 127 ) (-324 324 127 ) 
4 30 31 (-328 324 131 ) (-696 324 131 ) (-696 324 127 ) (-328 324 127 ) 
4 31 40 (-696 324 127 ) (-328 324 127 ) (-328 252 127 ) (-696 252 127 ) 
4 31 32 (-328 252 131 ) (-696 252 131 ) (-696 252 127 ) (-328 252 127 ) 
4 32 67 (-607 192 127 ) (-416 192 127 ) (-416 192 131 ) (-607 192 131 ) 
4 32 44 (-700 192 127 ) (-768 192 127 ) (-768 252 127 ) (-700 252 127 ) 
4 32 41 (-324 192 127 ) (-700 192 127 ) (-700 252 127 ) (-324 252 127 ) 
4 32 38 (-256 192 127 ) (-324 192 127 ) (-324 252 127 ) (-256 252 127 ) 
4 33 63 (-768 192 320 ) (-768 192 589 ) (-832 192 589 ) (-832 192 320 ) 
4 33 34 (-832 192 320 ) (-832 192 589 ) (-832 384 589 ) (-832 384 320 ) 
4 34 74 (-1024 192 127 ) (-1024 192 589 ) (-1024 384 589 ) (-1024 384 127 ) 
4 34 69 (-1024 192 160 ) (-1024 192 127 ) (-832 192 127 ) (-832 192 160 ) 
4 34 68 (-1024 192 320 ) (-1024 192 160 ) (-832 192 160 ) (-832 192 320 ) 
4 34 63 (-1024 192 589 ) (-1024 192 320 ) (-832 192 320 ) (-832 192 589 ) 
4 34 45 (-832 192 127 ) (-1024 192 127 ) (-1024 384 127 ) (-832 384 127 ) 
4 35 59 (-192 192 19 ) (0 192 19 ) (0 192 127 ) (-192 192 127 ) 
4 35 46 (0 192 19 ) (-192 192 19 ) (-192 384 19 ) (0 384 19 ) 
4 36 47 (-324 324 19 ) (-324 384 19 ) (-256 384 19 ) (-256 324 19 ) 
4 36 39 (-324 384 19 ) (-324 324 19 ) (-324 324 127 ) (-324 384 127 ) 
4 38 50 (-256 192 19 ) (-324 192 19 ) (-324 252 19 ) (-256 252 19 ) 
4 38 41 (-324 252 19 ) (-324 192 19 ) (-324 192 127 ) (-324 252 127 ) 
4 39 47 (-700 324 19 ) (-700 384 19 ) (-324 384 19 ) (-324 324 19 ) 
4 39 42 (-700 384 19 ) (-700 324 19 ) (-700 324 127 ) (-700 384 127 ) 
4 39 40 (-696 324 19 ) (-328 324 19 ) (-328 324 127 ) (-696 324 127 ) 
4 40 48 (-696 324 19 ) (-328 324 19 ) (-328 252 19 ) (-696 252 19 ) 
4 40 41 (-696 252 19 ) (-328 252 19 ) (-328 252 127 ) (-696 252 127 ) 
4 41 67 (-607 192 19 ) (-416 192 19 ) (-416 192 127 ) (-607 192 127 ) 
4 41 50 (-324 192 19 ) (-700 192 19 ) (-700 252 19 ) (-324 252 19 ) 
4 41 44 (-700 252 19 ) (-700 192 19 ) (-700 192 127 ) (-700 252 127 ) 
4 42 47 (-768 324 19 ) (-768 384 19 ) (-700 384 19 ) (-700 324 19 ) 
4 44 50 (-700 192 19 ) (-768 192 19 ) (-768 252 19 ) (-700 252 19 ) 
4 45 74 (-1024 192 19 ) (-1024 192 127 ) (-1024 384 127 ) (-1024 384 19 ) 
4 45 69 (-1024 192 127 ) (-1024 192 19 ) (-832 192 19 ) (-832 192 127 ) 
4 45 51 (-832 192 19 ) (-1024 192 19 ) (-1024 384 19 ) (-832 384 19 ) 
4 46 59 (-192 192 -2 ) (0 192 -2 ) (0 192 19 ) (-192 192 19 ) 
4 46 52 (0 192 -2 ) (-192 192 -2 ) (-192 384 -2 ) (0 384 -2 ) 
4 47 48 (-696 324 15 ) (-328 324 15 ) (-328 324 19 ) (-696 324 19 ) 
4 47 49 (-768 324 15 ) (-768 324 -2 ) (-256 324 -2 ) (-256 324 15 ) 
4 48 50 (-696 252 15 ) (-328 252 15 ) (-328 252 19 ) (-696 252 19 ) 
4 48 49 (-328 252 15 ) (-696 252 15 ) (-696 324 15 ) (-328 324 15 ) 
4 49 50 (-768 252 15 ) (-768 252 -2 ) (-256 252 -2 ) (-256 252 15 ) 
4 50 67 (-607 192 -2 ) (-416 192 -2 ) (-416 192 19 ) (-607 192 19 ) 
4 51 74 (-1024 192 -2 ) (-1024 192 19 ) (-1024 384 19 ) (-1024 384 -2 ) 
4 51 69 (-1024 192 19 ) (-1024 192 -2 ) (-832 192 -2 ) (-832 192 19 ) 
4 51 55 (-832 192 -2 ) (-1024 192 -2 ) (-1024 384 -2 ) (-832 384 -2 ) 
4 52 73 (-192 192 -130 ) (0 192 -130 ) (0 192 -2 ) (-192 192 -2 ) 
4 52 56 (0 192 -130 ) (-192 192 -130 ) (-192 384 -130 ) (0 384 -130 ) 
4 52 53 (-192 384 -130 ) (-192 192 -130 ) (-192 192 -128 ) (-192 384 -128 ) 
4 53 73 (-256 192 -130 ) (-192 192 -130 ) (-192 192 -128 ) (-256 192 -128 ) 
4 53 56 (-192 192 -130 ) (-256 192 -130 ) (-256 384 -130 ) (-192 384 -130 ) 
4 54 73 (-832 192 -130 ) (-768 192 -130 ) (-768 192 -128 ) (-832 192 -128 ) 
4 54 56 (-768 192 -130 ) (-832 192 -130 ) (-832 384 -130 ) (-768 384 -130 ) 
4 54 55 (-832 384 -130 ) (-832 192 -130 ) (-832 192 -128 ) (-832 384 -128 ) 
4 55 74 (-1024 192 -130 ) (-1024 192 -2 ) (-1024 384 -2 ) (-1024 384 -130 ) 
4 55 73 (-1024 192 -2 ) (-1024 192 -130 ) (-832 192 -130 ) (-832 192 -2 ) 
4 55 56 (-832 192 -130 ) (-1024 192 -130 ) (-1024 384 -130 ) (-832 384 -130 ) 
4 56 74 (-1024 192 -208 ) (-1024 192 -130 ) (-1024 384 -130 ) (-1024 384 -208 ) 
4 56 73 (-1024 192 -130 ) (-1024 192 -208 ) (0 192 -208 ) (0 192 -130 ) 
4 57 96 (0 0 227.470993 ) (0 0 256 ) (-224 0 256 ) (-224 0 227.470993 ) 
4 57 76 (0 0 256 ) (0 0 544 ) (-224 0 544 ) (-224 0 256 ) 
4 57 75 (0 0 544 ) (0 0 589 ) (-224 0 589 ) (-224 0 544 ) 
4 57 65 (-224 120 227.470993 ) (-224 0 227.470993 ) (-224 0 320 ) (-224 120 320 ) 
4 57 64 (-224 192 320 ) (-224 192 227.470993 ) (-224 120 227.470993 ) (-224 120 320 ) 
4 57 63 (-224 192 589 ) (-224 192 320 ) (-224 0 320 ) (-224 0 589 ) 
4 57 58 (-224 120 227.470993 ) (-224 192 227.470993 ) (0 192 227.470993 ) (0 120 227.470993 ) 
4 58 64 (-224 192 227.470993 ) (-224 192 195.470993 ) (-224 120 195.470993 ) (-224 120 227.470993 ) 
4 58 59 (-224 152 195.470993 ) (-224 192 195.470993 ) (0 192 195.470993 ) (0 152 195.470993 ) 
4 59 73 (-224 152 -2 ) (-224 192 -2 ) (0 192 -2 ) (0 152 -2 ) 
4 59 64 (-224 192 195.470993 ) (-224 192 -2 ) (-224 152 -2 ) (-224 152 195.470993 ) 
4 59 60 (-224 152 67.470505 ) (-224 152 -2 ) (0 152 -2 ) (0 152 67.470505 ) 
4 60 73 (-224 120 -2 ) (-224 152 -2 ) (0 152 -2 ) (0 120 -2 ) 
4 60 64 (-224 152 -2 ) (-224 120 -2 ) (-224 120 67.470505 ) (-224 152 67.470505 ) 
4 60 62 (-224 120 35.470501 ) (-224 120 -2 ) (0 120 -2 ) (0 120 35.470501 ) 
4 61 97 (0 0 67.470505 ) (0 0 195.470993 ) (-224 0 195.470993 ) (-224 0 67.470505 ) 
4 62 98 (0 0 -2 ) (0 0 35.470501 ) (-224 0 35.470501 ) (-224 0 -2 ) 
4 62 73 (0 0 -2 ) (-224 0 -2 ) (-224 120 -2 ) (0 120 -2 ) 
4 62 66 (-224 120 -2 ) (-224 0 -2 ) (-224 0 35.470501 ) (-224 120 35.470501 ) 
4 63 86 (-768 0 320 ) (-640 0 320 ) (-640 0 544 ) (-768 0 544 ) 
4 63 87 (-1024 0 544 ) (-1024 0 320 ) (-768 0 320 ) (-768 0 544 ) 
4 63 82 (-640 0 320 ) (-576 0 320 ) (-576 0 544 ) (-640 0 544 ) 
4 63 78 (-576 0 320 ) (-416 0 320 ) (-416 0 544 ) (-576 0 544 ) 
4 63 77 (-416 0 320 ) (-256 0 320 ) (-256 0 544 ) (-416 0 544 ) 
4 63 76 (-256 0 320 ) (-224 0 320 ) (-224 0 544 ) (-256 0 544 ) 
4 63 75 (-1024 0 589 ) (-1024 0 544 ) (-224 0 544 ) (-224 0 589 ) 
4 63 74 (-1024 0 320 ) (-1024 0 589 ) (-1024 192 589 ) (-1024 192 320 ) 
4 63 68 (-1024 192 320 ) (-768 192 320 ) (-768 0 320 ) (-1024 0 320 ) 
4 63 65 (-224 120 320 ) (-224 0 320 ) (-256 0 320 ) (-256 120 320 ) 
4 63 64 (-256 192 320 ) (-224 192 320 ) (-224 120 320 ) (-256 120 320 ) 
4 64 73 (-256 120 -2 ) (-256 192 -2 ) (-224 192 -2 ) (-224 120 -2 ) 
4 64 65 (-256 120 320 ) (-256 120 195.470993 ) (-224 120 195.470993 ) (-224 120 320 ) 
4 64 66 (-256 120 67.470505 ) (-256 120 -2 ) (-224 120 -2 ) (-224 120 67.470505 ) 
4 65 102 (-224 0 195.470993 ) (-224 0 256 ) (-256 0 256 ) (-256 0 195.470993 ) 
4 65 76 (-224 0 256 ) (-224 0 320 ) (-256 0 320 ) (-256 0 256 ) 
4 66 103 (-256 0 -2 ) (-224 0 -2 ) (-224 0 67.470505 ) (-256 0 67.470505 ) 
4 66 73 (-224 0 -2 ) (-256 0 -2 ) (-256 120 -2 ) (-224 120 -2 ) 
4 67 106 (-607 0 -2 ) (-416 0 -2 ) (-416 0 160 ) (-607 0 160 ) 
4 67 73 (-416 0 -2 ) (-607 0 -2 ) (-607 192 -2 ) (-416 192 -2 ) 
4 67 70 (-607 96 -2 ) (-607 0 -2 ) (-607 0 128 ) (-607 96 128 ) 
4 68 120 (-1024 0 256 ) (-1024 0 160 ) (-768 0 160 ) (-768 0 256 ) 
4 68 87 (-1024 0 320 ) (-1024 0 256 ) (-768 0 256 ) (-768 0 320 ) 
4 68 74 (-1024 0 160 ) (-1024 0 320 ) (-1024 192 320 ) (-1024 192 160 ) 
4 68 72 (-768 160 160 ) (-768 0 160 ) (-1024 0 160 ) (-1024 160 160 ) 
4 68 69 (-1024 192 160 ) (-768 192 160 ) (-768 160 160 ) (-1024 160 160 ) 
4 69 74 (-1024 160 160 ) (-1024 192 160 ) (-1024 192 -2 ) (-1024 160 -2 ) 
4 69 73 (-1024 160 -2 ) (-1024 192 -2 ) (-768 192 -2 ) (-768 160 -2 ) 
4 69 72 (-1024 160 -2 ) (-768 160 -2 ) (-768 160 160 ) (-1024 160 160 ) 
4 70 107 (-640 0 -2 ) (-607 0 -2 ) (-607 0 128 ) (-640 0 128 ) 
4 70 73 (-607 0 -2 ) (-640 0 -2 ) (-640 96 -2 ) (-607 96 -2 ) 
4 70 71 (-640 0 30 ) (-640 0 128 ) (-640 96 128 ) (-640 96 30 ) 
4 71 108 (-640 0 30 ) (-640 0 160 ) (-704 0 160 ) (-704 0 30 ) 
4 72 118 (-768 0 -2 ) (-736 0 -2 ) (-736 0 160 ) (-768 0 160 ) 
4 72 120 (-1024 0 160 ) (-1024 0 -2 ) (-768 0 -2 ) (-768 0 160 ) 
4 72 74 (-1024 0 -2 ) (-1024 0 160 ) (-1024 160 160 ) (-1024 160 -2 ) 
4 72 73 (-736 0 -2 ) (-1024 0 -2 ) (-1024 160 -2 ) (-736 160 -2 ) 
4 73 144 (-704 0 -32 ) (-736 0 -32 ) (-736 0 -208 ) (-704 0 -208 ) 
4 73 143 (0 0 -208 ) (0 0 -32 ) (-704 0 -32 ) (-704 0 -208 ) 
4 73 147 (-736 0 -32 ) (-1024 0 -32 ) (-1024 0 -208 ) (-736 0 -208 ) 
4 73 125 (-672 0 -2 ) (-704 0 -2 ) (-704 0 -32 ) (-672 0 -32 ) 
4 73 124 (0 0 -32 ) (0 0 -2 ) (-672 0 -2 ) (-672 0 -32 ) 
4 73 128 (-704 0 -2 ) (-1024 0 -2 ) (-1024 0 -32 ) (-704 0 -32 ) 
4 73 74 (-1024 0 -208 ) (-1024 0 -2 ) (-1024 192 -2 ) (-1024 192 -208 ) 
4 74 148 (-1024 0 -208 ) (-1024 0 589 ) (-1576 0 589 ) (-1576 0 -208 ) 
4 75 148 (-1024 0 589 ) (-1024 0 544 ) (-1024 -771 544 ) (-1024 -771 589 ) 
4 75 95 (-1024 -771 544 ) (-1024 -768 544 ) (0 -768 544 ) (0 -771 544 ) 
4 75 93 (-736 -736 544 ) (-384 -736 544 ) (-384 -768 544 ) (-736 -768 544 ) 
4 75 92 (-384 -736 544 ) (0 -736 544 ) (0 -768 544 ) (-384 -768 544 ) 
4 75 94 (-1024 -768 544 ) (-1024 -736 544 ) (-736 -736 544 ) (-736 -768 544 ) 
4 75 90 (-736 -352 544 ) (-704 -352 544 ) (-704 -736 544 ) (-736 -736 544 ) 
4 75 91 (-1024 -736 544 ) (-1024 -352 544 ) (-736 -352 544 ) (-736 -736 544 ) 
4 75 88 (-736 -256 544 ) (-640 -256 544 ) (-640 -352 544 ) (-736 -352 544 ) 
4 75 89 (-1024 -352 544 ) (-1024 -256 544 ) (-736 -256 544 ) (-736 -352 544 ) 
4 75 86 (-768 0 544 ) (-640 0 544 ) (-640 -256 544 ) (-768 -256 544 ) 
4 75 87 (-1024 -256 544 ) (-1024 0 544 ) (-768 0 544 ) (-768 -256 544 ) 
4 75 83 (-576 -256 544 ) (-576 -352 544 ) (-640 -352 544 ) (-640 -256 544 ) 
4 75 82 (-640 0 544 ) (-576 0 544 ) (-576 -256 544 ) (-640 -256 544 ) 
4 75 81 (-576 -352 544 ) (-576 -256 544 ) (-512 -256 544 ) (-512 -352 544 ) 
4 75 80 (-288 -736 544 ) (-512 -736 544 ) (-512 -256 544 ) (-288 -256 544 ) 
4 75 79 (0 -256 544 ) (0 -736 544 ) (-288 -736 544 ) (-288 -256 544 ) 
4 75 78 (-576 0 544 ) (-416 0 544 ) (-416 -256 544 ) (-576 -256 544 ) 
4 75 77 (-416 0 544 ) (-256 0 544 ) (-256 -256 544 ) (-416 -256 544 ) 
4 75 76 (-256 0 544 ) (0 0 544 ) (0 -256 544 ) (-256 -256 544 ) 
4 76 102 (-256 0 256 ) (-224 0 256 ) (-224 -256 256 ) (-256 -256 256 ) 
4 76 96 (-224 0 256 ) (0 0 256 ) (0 -256 256 ) (-224 -256 256 ) 
4 76 79 (-256 -256 256 ) (0 -256 256 ) (0 -256 544 ) (-256 -256 544 ) 
4 76 77 (-256 -256 320 ) (-256 -256 544 ) (-256 0 544 ) (-256 0 320 ) 
4 77 80 (-288 -256 544 ) (-416 -256 544 ) (-416 -256 320 ) (-288 -256 320 ) 
4 77 79 (-256 -256 320 ) (-256 -256 544 ) (-288 -256 544 ) (-288 -256 320 ) 
4 77 78 (-416 -256 320 ) (-416 -256 544 ) (-416 0 544 ) (-416 0 320 ) 
4 78 82 (-576 -256 320 ) (-576 -256 544 ) (-576 0 544 ) (-576 0 320 ) 
4 78 81 (-576 -256 544 ) (-576 -256 320 ) (-512 -256 320 ) (-512 -256 544 ) 
4 78 80 (-512 -256 320 ) (-416 -256 320 ) (-416 -256 544 ) (-512 -256 544 ) 
4 79 105 (-256 -736 256 ) (-288 -736 256 ) (-288 -256 256 ) (-256 -256 256 ) 
4 79 102 (-256 -328 256 ) (-256 -256 256 ) (-224 -256 256 ) (-224 -328 256 ) 
4 79 104 (-224 -736 256 ) (-256 -736 256 ) (-256 -328 256 ) (-224 -328 256 ) 
4 79 99 (0 -296 256 ) (0 -328 256 ) (-224 -328 256 ) (-224 -296 256 ) 
4 79 101 (0 -328 256 ) (0 -736 256 ) (-224 -736 256 ) (-224 -328 256 ) 
4 79 96 (0 -256 256 ) (0 -296 256 ) (-224 -296 256 ) (-224 -256 256 ) 
4 79 92 (-288 -736 256 ) (0 -736 256 ) (0 -736 544 ) (-288 -736 544 ) 
4 79 80 (-288 -256 544 ) (-288 -256 320 ) (-288 -736 320 ) (-288 -736 544 ) 
4 80 93 (-384 -736 544 ) (-512 -736 544 ) (-512 -736 320 ) (-384 -736 320 ) 
4 80 92 (-288 -736 320 ) (-288 -736 544 ) (-384 -736 544 ) (-384 -736 320 ) 
4 80 81 (-512 -256 544 ) (-512 -256 320 ) (-512 -352 320 ) (-512 -352 544 ) 
4 81 83 (-576 -352 320 ) (-576 -352 544 ) (-576 -256 544 ) (-576 -256 320 ) 
4 82 86 (-640 -256 320 ) (-640 -256 544 ) (-640 0 544 ) (-640 0 320 ) 
4 82 83 (-640 -256 544 ) (-640 -256 320 ) (-576 -256 320 ) (-576 -256 544 ) 
4 83 88 (-640 -352 320 ) (-640 -352 544 ) (-640 -256 544 ) (-640 -256 320 ) 
4 84 113 (-576 -416 256 ) (-576 -480 256 ) (-640 -480 256 ) (-640 -416 256 ) 
4 85 113 (-576 -608 256 ) (-576 -672 256 ) (-640 -672 256 ) (-640 -608 256 ) 
4 86 88 (-640 -256 320 ) (-640 -256 544 ) (-736 -256 544 ) (-736 -256 320 ) 
4 86 89 (-736 -256 544 ) (-768 -256 544 ) (-768 -256 320 ) (-736 -256 320 ) 
4 86 87 (-768 -256 320 ) (-768 -256 544 ) (-768 0 544 ) (-768 0 320 ) 
4 87 148 (-1024 0 544 ) (-1024 0 256 ) (-1024 -256 256 ) (-1024 -256 544 ) 
4 87 120 (-1024 -256 256 ) (-1024 0 256 ) (-768 0 256 ) (-768 -256 256 ) 
4 87 89 (-1024 -256 256 ) (-768 -256 256 ) (-768 -256 544 ) (-1024 -256 544 ) 
4 88 90 (-704 -352 544 ) (-736 -352 544 ) (-736 -352 320 ) (-704 -352 320 ) 
4 88 89 (-736 -256 544 ) (-736 -256 320 ) (-736 -352 320 ) (-736 -352 544 ) 
4 89 148 (-1024 -256 256 ) (-1024 -352 256 ) (-1024 -352 544 ) (-1024 -256 544 ) 
4 89 119 (-768 -256 256 ) (-736 -256 256 ) (-736 -352 256 ) (-768 -352 256 ) 
4 89 120 (-1024 -352 256 ) (-1024 -256 256 ) (-768 -256 256 ) (-768 -352 256 ) 
4 89 91 (-1024 -352 256 ) (-736 -352 256 ) (-736 -352 544 ) (-1024 -352 544 ) 
4 90 93 (-704 -736 288 ) (-704 -736 544 ) (-736 -736 544 ) (-736 -736 288 ) 
4 90 91 (-736 -352 544 ) (-736 -352 288 ) (-736 -736 288 ) (-736 -736 544 ) 
4 91 148 (-1024 -352 256 ) (-1024 -736 256 ) (-1024 -736 544 ) (-1024 -352 544 ) 
4 91 119 (-768 -352 256 ) (-736 -352 256 ) (-736 -736 256 ) (-768 -736 256 ) 
4 91 120 (-1024 -736 256 ) (-1024 -352 256 ) (-768 -352 256 ) (-768 -736 256 ) 
4 91 94 (-1024 -736 256 ) (-736 -736 256 ) (-736 -736 544 ) (-1024 -736 544 ) 
4 92 121 (-384 -736 256 ) (0 -736 256 ) (0 -768 256 ) (-384 -768 256 ) 
4 92 95 (-384 -768 256 ) (0 -768 256 ) (0 -768 544 ) (-384 -768 544 ) 
4 92 93 (-384 -736 544 ) (-384 -736 288 ) (-384 -768 288 ) (-384 -768 544 ) 
4 93 95 (-384 -768 288 ) (-384 -768 544 ) (-736 -768 544 ) (-736 -768 288 ) 
4 93 94 (-736 -736 544 ) (-736 -736 288 ) (-736 -768 288 ) (-736 -768 544 ) 
4 94 148 (-1024 -736 256 ) (-1024 -768 256 ) (-1024 -768 544 ) (-1024 -736 544 ) 
4 94 122 (-1024 -768 256 ) (-1024 -736 256 ) (-736 -736 256 ) (-736 -768 256 ) 
4 94 95 (-1024 -768 256 ) (-736 -768 256 ) (-736 -768 544 ) (-1024 -768 544 ) 
4 95 148 (-1024 -768 256 ) (-1024 -771 256 ) (-1024 -771 544 ) (-1024 -768 544 ) 
4 95 123 (-1024 -771 256 ) (-1024 -768 256 ) (0 -768 256 ) (0 -771 256 ) 
4 96 102 (-224 -296 227.470993 ) (-224 -296 256 ) (-224 0 256 ) (-224 0 227.470993 ) 
4 96 99 (-224 -296 256 ) (-224 -296 227.470993 ) (0 -296 227.470993 ) (0 -296 256 ) 
4 98 129 (0 -256 -2 ) (0 -296 -2 ) (-224 -296 -2 ) (-224 -256 -2 ) 
4 98 124 (-224 0 -2 ) (0 0 -2 ) (0 -256 -2 ) (-224 -256 -2 ) 
4 98 103 (-224 0 -2 ) (-224 -296 -2 ) (-224 -296 35.470501 ) (-224 0 35.470501 ) 
4 98 100 (-224 -296 35.470501 ) (-224 -296 -2 ) (0 -296 -2 ) (0 -296 35.470501 ) 
4 99 102 (-224 -328 195.470993 ) (-224 -328 256 ) (-224 -296 256 ) (-224 -296 195.470993 ) 
4 99 101 (-224 -328 256 ) (-224 -328 195.470993 ) (0 -328 195.470993 ) (0 -328 256 ) 
4 100 129 (0 -296 -2 ) (0 -328 -2 ) (-224 -328 -2 ) (-224 -296 -2 ) 
4 100 103 (-224 -296 -2 ) (-224 -328 -2 ) (-224 -328 67.470505 ) (-224 -296 67.470505 ) 
4 100 101 (-224 -328 67.470505 ) (-224 -328 -2 ) (0 -328 -2 ) (0 -328 67.470505 ) 
4 101 136 (0 -704 -2 ) (0 -736 -2 ) (-224 -736 -2 ) (-224 -704 -2 ) 
4 101 131 (0 -352 -2 ) (0 -704 -2 ) (-224 -704 -2 ) (-224 -352 -2 ) 
4 101 129 (0 -328 -2 ) (0 -352 -2 ) (-224 -352 -2 ) (-224 -328 -2 ) 
4 101 121 (-224 -736 -2 ) (0 -736 -2 ) (0 -736 256 ) (-224 -736 256 ) 
4 101 104 (-224 -328 -2 ) (-224 -736 -2 ) (-224 -736 256 ) (-224 -328 256 ) 
4 102 105 (-256 -328 195.470993 ) (-256 -328 256 ) (-256 -256 256 ) (-256 -256 195.470993 ) 
4 102 104 (-256 -328 256 ) (-256 -328 195.470993 ) (-224 -328 195.470993 ) (-224 -328 256 ) 
4 103 129 (-224 -256 -2 ) (-224 -328 -2 ) (-256 -328 -2 ) (-256 -256 -2 ) 
4 103 124 (-256 0 -2 ) (-224 0 -2 ) (-224 -256 -2 ) (-256 -256 -2 ) 
4 103 105 (-256 -256 -2 ) (-256 -328 -2 ) (-256 -328 67.470505 ) (-256 -256 67.470505 ) 
4 103 104 (-256 -328 67.470505 ) (-256 -328 -2 ) (-224 -328 -2 ) (-224 -328 67.470505 ) 
4 104 136 (-224 -704 -2 ) (-224 -736 -2 ) (-256 -736 -2 ) (-256 -704 -2 ) 
4 104 131 (-224 -352 -2 ) (-224 -704 -2 ) (-256 -704 -2 ) (-256 -352 -2 ) 
4 104 129 (-224 -328 -2 ) (-224 -352 -2 ) (-256 -352 -2 ) (-256 -328 -2 ) 
4 104 121 (-256 -736 -2 ) (-224 -736 -2 ) (-224 -736 256 ) (-256 -736 256 ) 
4 104 105 (-256 -328 -2 ) (-256 -736 -2 ) (-256 -736 256 ) (-256 -328 256 ) 
4 105 136 (-256 -704 -2 ) (-256 -736 -2 ) (-288 -736 -2 ) (-288 -704 -2 ) 
4 105 131 (-256 -352 -2 ) (-256 -704 -2 ) (-288 -704 -2 ) (-288 -352 -2 ) 
4 105 129 (-256 -256 -2 ) (-256 -352 -2 ) (-288 -352 -2 ) (-288 -256 -2 ) 
4 105 121 (-288 -736 -2 ) (-256 -736 -2 ) (-256 -736 256 ) (-288 -736 256 ) 
4 106 124 (-607 0 -2 ) (-416 0 -2 ) (-416 -256 -2 ) (-607 -256 -2 ) 
4 106 112 (-607 -256 -2 ) (-448 -256 -2 ) (-448 -256 160 ) (-607 -256 160 ) 
4 106 109 (-607 -128 -2 ) (-607 -256 -2 ) (-607 -256 160 ) (-607 -128 160 ) 
4 106 107 (-607 0 -2 ) (-607 -32 -2 ) (-607 -32 128 ) (-607 0 128 ) 
4 107 124 (-640 0 -2 ) (-607 0 -2 ) (-607 -32 -2 ) (-640 -32 -2 ) 
4 107 108 (-640 -32 30 ) (-640 -32 128 ) (-640 0 128 ) (-640 0 30 ) 
4 109 126 (-672 -256 -2 ) (-704 -256 -2 ) (-704 -128 -2 ) (-672 -128 -2 ) 
4 109 124 (-607 -128 -2 ) (-607 -256 -2 ) (-672 -256 -2 ) (-672 -128 -2 ) 
4 109 112 (-608 -256 -2 ) (-607 -256 -2 ) (-607 -256 160 ) (-608 -256 160 ) 
4 110 114 (-448 -352 -2 ) (-448 -416 -2 ) (-448 -416 0 ) (-448 -352 0 ) 
4 110 113 (-448 -416 0 ) (-448 -416 256 ) (-448 -352 256 ) (-448 -352 0 ) 
4 110 112 (-448 -288 -2 ) (-448 -352 -2 ) (-448 -352 256 ) (-448 -288 256 ) 
4 110 111 (-448 -416 256 ) (-448 -416 -2 ) (-384 -416 -2 ) (-384 -416 256 ) 
4 111 114 (-448 -416 -2 ) (-448 -704 -2 ) (-448 -704 0 ) (-448 -416 0 ) 
4 111 113 (-448 -704 0 ) (-448 -704 256 ) (-448 -416 256 ) (-448 -416 0 ) 
4 112 114 (-608 -352 -2 ) (-448 -352 -2 ) (-448 -352 0 ) (-608 -352 0 ) 
4 112 113 (-448 -352 0 ) (-448 -352 256 ) (-608 -352 256 ) (-608 -352 0 ) 
4 113 116 (-672 -736 0 ) (-672 -736 256 ) (-672 -576 256 ) (-672 -576 0 ) 
4 113 115 (-672 -512 256 ) (-672 -384 256 ) (-672 -384 0 ) (-672 -512 0 ) 
4 113 114 (-672 -736 0 ) (-672 -352 0 ) (-448 -352 0 ) (-448 -736 0 ) 
4 114 137 (-448 -736 -2 ) (-672 -736 -2 ) (-672 -704 -2 ) (-448 -704 -2 ) 
4 114 117 (-672 -576 -2 ) (-672 -736 -2 ) (-672 -736 0 ) (-672 -576 0 ) 
4 114 115 (-672 -384 -2 ) (-672 -512 -2 ) (-672 -512 0 ) (-672 -384 0 ) 
4 115 132 (-704 -512 -2 ) (-704 -384 -2 ) (-672 -384 -2 ) (-672 -512 -2 ) 
4 116 117 (-704 -736 0 ) (-704 -576 0 ) (-672 -576 0 ) (-672 -736 0 ) 
4 117 137 (-672 -736 -2 ) (-704 -736 -2 ) (-704 -704 -2 ) (-672 -704 -2 ) 
4 117 134 (-704 -704 -2 ) (-704 -576 -2 ) (-672 -576 -2 ) (-672 -704 -2 ) 
4 118 128 (-768 0 -2 ) (-736 0 -2 ) (-736 -256 -2 ) (-768 -256 -2 ) 
4 118 119 (-768 -256 160 ) (-768 -256 -2 ) (-736 -256 -2 ) (-736 -256 160 ) 
4 118 120 (-768 0 -2 ) (-768 -256 -2 ) (-768 -256 160 ) (-768 0 160 ) 
4 119 139 (-736 -352 -2 ) (-736 -736 -2 ) (-768 -736 -2 ) (-768 -352 -2 ) 
4 119 130 (-736 -256 -2 ) (-736 -352 -2 ) (-768 -352 -2 ) (-768 -256 -2 ) 
4 119 122 (-768 -736 -2 ) (-736 -736 -2 ) (-736 -736 256 ) (-768 -736 256 ) 
4 119 120 (-768 -256 -2 ) (-768 -736 -2 ) (-768 -736 256 ) (-768 -256 256 ) 
4 120 148 (-1024 0 256 ) (-1024 0 -2 ) (-1024 -736 -2 ) (-1024 -736 256 ) 
4 120 139 (-1024 -736 -2 ) (-1024 -352 -2 ) (-768 -352 -2 ) (-768 -736 -2 ) 
4 120 130 (-1024 -352 -2 ) (-1024 -256 -2 ) (-768 -256 -2 ) (-768 -352 -2 ) 
4 120 128 (-1024 -256 -2 ) (-1024 0 -2 ) (-768 0 -2 ) (-768 -256 -2 ) 
4 120 122 (-1024 -736 -2 ) (-768 -736 -2 ) (-768 -736 256 ) (-1024 -736 256 ) 
4 121 140 (-448 -736 -2 ) (0 -736 -2 ) (0 -768 -2 ) (-448 -768 -2 ) 
4 121 123 (-448 -768 -2 ) (0 -768 -2 ) (0 -768 256 ) (-448 -768 256 ) 
4 122 148 (-1024 -736 -2 ) (-1024 -768 -2 ) (-1024 -768 256 ) (-1024 -736 256 ) 
4 122 141 (-1024 -768 -2 ) (-1024 -736 -2 ) (-736 -736 -2 ) (-736 -768 -2 ) 
4 122 123 (-1024 -768 -2 ) (-736 -768 -2 ) (-736 -768 256 ) (-1024 -768 256 ) 
4 123 148 (-1024 -768 -2 ) (-1024 -771 -2 ) (-1024 -771 256 ) (-1024 -768 256 ) 
4 123 142 (-1024 -771 -2 ) (-1024 -768 -2 ) (0 -768 -2 ) (0 -771 -2 ) 
4 124 143 (-672 0 -32 ) (0 0 -32 ) (0 -256 -32 ) (-672 -256 -32 ) 
4 124 129 (-288 -256 -32 ) (0 -256 -32 ) (0 -256 -2 ) (-288 -256 -2 ) 
4 124 126 (-672 -256 -10 ) (-672 -256 -2 ) (-672 -128 -2 ) (-672 -128 -10 ) 
4 124 127 (-672 -128 -32 ) (-672 -256 -32 ) (-672 -256 -16 ) (-672 -128 -16 ) 
4 124 125 (-672 0 -32 ) (-672 -128 -32 ) (-672 -128 -2 ) (-672 0 -2 ) 
4 125 143 (-704 0 -32 ) (-672 0 -32 ) (-672 -128 -32 ) (-704 -128 -32 ) 
4 125 126 (-704 -128 -2 ) (-704 -128 -10 ) (-672 -128 -10 ) (-672 -128 -2 ) 
4 125 127 (-704 -128 -16 ) (-704 -128 -32 ) (-672 -128 -32 ) (-672 -128 -16 ) 
4 125 128 (-704 0 -32 ) (-704 -128 -32 ) (-704 -128 -2 ) (-704 0 -2 ) 
4 126 128 (-704 -256 -10 ) (-704 -256 -2 ) (-704 -128 -2 ) (-704 -128 -10 ) 
4 127 143 (-672 -128 -32 ) (-672 -256 -32 ) (-704 -256 -32 ) (-704 -128 -32 ) 
4 127 128 (-704 -128 -32 ) (-704 -256 -32 ) (-704 -256 -16 ) (-704 -128 -16 ) 
4 128 148 (-1024 0 -2 ) (-1024 0 -32 ) (-1024 -256 -32 ) (-1024 -256 -2 ) 
4 128 144 (-736 0 -32 ) (-704 0 -32 ) (-704 -256 -32 ) (-736 -256 -32 ) 
4 128 147 (-1024 -256 -32 ) (-1024 0 -32 ) (-736 0 -32 ) (-736 -256 -32 ) 
4 128 130 (-1024 -256 -32 ) (-736 -256 -32 ) (-736 -256 -2 ) (-1024 -256 -2 ) 
4 129 143 (-288 -256 -32 ) (0 -256 -32 ) (0 -352 -32 ) (-288 -352 -32 ) 
4 129 131 (-288 -352 -32 ) (0 -352 -32 ) (0 -352 -2 ) (-288 -352 -2 ) 
4 130 148 (-1024 -256 -32 ) (-1024 -352 -32 ) (-1024 -352 -2 ) (-1024 -256 -2 ) 
4 130 147 (-1024 -352 -32 ) (-1024 -256 -32 ) (-736 -256 -32 ) (-736 -352 -32 ) 
4 130 139 (-1024 -352 -32 ) (-736 -352 -32 ) (-736 -352 -2 ) (-1024 -352 -2 ) 
4 131 143 (-320 -352 -32 ) (0 -352 -32 ) (0 -704 -32 ) (-320 -704 -32 ) 
4 131 136 (-320 -704 -32 ) (0 -704 -32 ) (0 -704 -2 ) (-320 -704 -2 ) 
4 133 143 (-672 -384 -32 ) (-672 -512 -32 ) (-704 -512 -32 ) (-704 -384 -32 ) 
4 134 137 (-704 -704 -2 ) (-704 -704 -8 ) (-672 -704 -8 ) (-672 -704 -2 ) 
4 135 143 (-672 -576 -32 ) (-672 -704 -32 ) (-704 -704 -32 ) (-704 -576 -32 ) 
4 135 138 (-704 -704 -14 ) (-704 -704 -32 ) (-672 -704 -32 ) (-672 -704 -14 ) 
4 136 143 (0 -704 -32 ) (0 -736 -32 ) (-320 -736 -32 ) (-320 -704 -32 ) 
4 136 140 (-320 -736 -32 ) (0 -736 -32 ) (0 -736 -2 ) (-320 -736 -2 ) 
4 138 143 (-448 -736 -32 ) (-704 -736 -32 ) (-704 -704 -32 ) (-448 -704 -32 ) 
4 139 148 (-1024 -352 -32 ) (-1024 -736 -32 ) (-1024 -736 -2 ) (-1024 -352 -2 ) 
4 139 147 (-1024 -736 -32 ) (-1024 -352 -32 ) (-736 -352 -32 ) (-736 -736 -32 ) 
4 139 141 (-1024 -736 -32 ) (-736 -736 -32 ) (-736 -736 -2 ) (-1024 -736 -2 ) 
4 140 143 (-448 -736 -32 ) (0 -736 -32 ) (0 -768 -32 ) (-448 -768 -32 ) 
4 140 142 (-448 -768 -32 ) (0 -768 -32 ) (0 -768 -2 ) (-448 -768 -2 ) 
4 141 148 (-1024 -736 -32 ) (-1024 -768 -32 ) (-1024 -768 -2 ) (-1024 -736 -2 ) 
4 141 147 (-1024 -768 -32 ) (-1024 -736 -32 ) (-736 -736 -32 ) (-736 -768 -32 ) 
4 141 142 (-1024 -768 -32 ) (-736 -768 -32 ) (-736 -768 -2 ) (-1024 -768 -2 ) 
4 142 148 (-1024 -768 -32 ) (-1024 -771 -32 ) (-1024 -771 -2 ) (-1024 -768 -2 ) 
4 142 146 (-736 -768 -32 ) (-704 -768 -32 ) (-704 -771 -32 ) (-736 -771 -32 ) 
4 142 143 (-704 -768 -32 ) (0 -768 -32 ) (0 -771 -32 ) (-704 -771 -32 ) 
4 142 147 (-1024 -771 -32 ) (-1024 -768 -32 ) (-736 -768 -32 ) (-736 -771 -32 ) 
4 143 145 (-704 -352 -208 ) (-704 -736 -208 ) (-704 -736 -36 ) (-704 -352 -36 ) 
4 143 144 (-704 0 -208 ) (-704 -352 -208 ) (-704 -352 -32 ) (-704 0 -32 ) 
4 143 146 (-704 -736 -208 ) (-704 -771 -208 ) (-704 -771 -32 ) (-704 -736 -32 ) 
4 144 145 (-736 -352 -36 ) (-736 -352 -208 ) (-704 -352 -208 ) (-704 -352 -36 ) 
4 144 147 (-736 0 -208 ) (-736 -352 -208 ) (-736 -352 -32 ) (-736 0 -32 ) 
4 145 147 (-736 -352 -208 ) (-736 -736 -208 ) (-736 -736 -36 ) (-736 -352 -36 ) 
4 145 146 (-736 -736 -36 ) (-736 -736 -208 ) (-704 -736 -208 ) (-704 -736 -36 ) 
4 146 147 (-736 -736 -208 ) (-736 -771 -208 ) (-736 -771 -32 ) (-736 -736 -32 ) 
4 147 148 (-1024 0 -32 ) (-1024 0 -208 ) (-1024 -771 -208 ) (-1024 -771 -32 ) 
