


materialPath: C:\Program Files (x86)\Steam\steamapps\common\Portal 2\portal2\materials
Loading C:\Program Files (x86)\Steam\steamapps\common\Portal 2\sdk_content\maps\WIP\Chapter 6\mp_coop_a3_bomb_flings.vmf
ConVarRef gpu_level doesn't point to an existing ConVar
Error! Variable "$envmap" is multiply defined in material "metal/underground_wall_metal004a_bottom"!
fixing up env_cubemap materials on brush sides...
0...1...2...3...4...5...6...7...8...9...100...1...2...3...4...5...6...7...8...9...10Processing areas...done (0)
Building Faces...done (0)
Chop Details...done (0)
Find Visible Detail Sides...
Merged 316 detail faces...done (0)
Merging details...done (0)
FixTjuncs...
PruneNodes...
WriteBSP...
done (0)
writing C:\Program Files (x86)\Steam\steamapps\common\Portal 2\sdk_content\maps\WIP\Chapter 6\mp_coop_a3_bomb_flings.prt...Building visibility clusters...
done (0)
Finding displacement neighbors...
Finding lightmap sample positions...
Displacement Alpha : 0...1...2...3...4...5...6...7...8...9...10
Building Physics collision data...
done (0) (280675 bytes)
Encountered obsolete static prop option to do its fade in screen space @ 0.00 512.00 -128.00
Encountered obsolete static prop option to do its fade in screen space @ 0.00 512.00 -128.00
Encountered obsolete static prop option to do its fade in screen space @ 0.00 512.00 -128.00
Encountered obsolete static prop option to do its fade in screen space @ 0.00 512.00 -128.00
Encountered obsolete static prop option to do its fade in screen space @ 0.00 512.00 -128.00
Encountered obsolete static prop option to do its fade in screen space @ 1024.00 1472.00 385.25
Encountered obsolete static prop option to do its fade in screen space @ 1024.00 1472.00 129.25
Encountered obsolete static prop option to do its fade in screen space @ 1024.00 1472.00 -126.75
Encountered obsolete static prop option to do its fade in screen space @ 1024.00 1472.00 -382.75
Encountered obsolete static prop option to do its fade in screen space @ 1024.00 1472.00 -638.75
Encountered obsolete static prop option to do its fade in screen space @ 1024.00 1472.00 -1150.75
Encountered obsolete static prop option to do its fade in screen space @ 1024.00 1472.00 -894.75
Encountered obsolete static prop option to do its fade in screen space @ 1024.00 1472.00 -1406.75
Encountered obsolete static prop option to do its fade in screen space @ 1024.00 1472.00 -1662.75
Placing detail props : 0...1...2...3...4...5...6...7...8...9...10
Compacting texture/material tables...
Reduced 1478 texinfos to 1035
Reduced 112 texdatas to 99 (5217 bytes to 4533)
Writing C:\Program Files (x86)\Steam\steamapps\common\Portal 2\sdk_content\maps\WIP\Chapter 6\mp_coop_a3_bomb_flings.bsp

nummapplanes:     (  7170 / 65536 )
nummapbrushes:    (   655 /  8192 )
nummapbrushsides: (  6682 / 65536 )
num_map_overlays: (    47 /   512 )
nummodels:        (    41 /  1024 )
num_entities:     (   422 / 16384 )

2 seconds elapsed



24 threads
reading c:\program files (x86)\steam\steamapps\common\portal 2\sdk_content\maps\wip\chapter 6\mp_coop_a3_bomb_flings.bsp
reading c:\program files (x86)\steam\steamapps\common\portal 2\sdk_content\maps\wip\chapter 6\mp_coop_a3_bomb_flings.prt
 853 portalclusters
3512 numportals
0...1...2...3...4...5...6...7...8...9...10Optimized: 14677 visible clusters (0.00%)
Total clusters visible: 675917
Average clusters visible: 792
Building PAS...
Average clusters audible: 831
visdatasize:186635  compressed from 191072
writing c:\program files (x86)\steam\steamapps\common\portal 2\sdk_content\maps\wip\chapter 6\mp_coop_a3_bomb_flings.bsp
0 seconds elapsed



Could not find lights.rad in lights.rad.
Trying VRAD BIN directory instead...
Warning: Couldn't open texlight file C:\Program Files (x86)\Steam\steamapps\common\Portal 2\bin\lights.rad.
Loading c:\program files (x86)\steam\steamapps\common\portal 2\sdk_content\maps\wip\chapter 6\mp_coop_a3_bomb_flings.bsp
2350 faces
822984 square feet [118509832.00 square inches]
0 Displacements
0 Square Feet [0.00 Square Inches]
2350 patches before subdivision
43038 patches after subdivision
128 direct lights
0...1...2...3...4...5...6...7...8...9...100...1...2...3...4...5...6...7...8...9...10transfers 4249637, max 533
transfer lists:  32.4 megs
0...1...2...3...4...5...6...7...8...9...10	Bounce #1 added RGB(25072, 22313, 15866)
0...1...2...3...4...5...6...7...8...9...10	Bounce #2 added RGB(3082, 2787, 1821)
0...1...2...3...4...5...6...7...8...9...10	Bounce #3 added RGB(662, 596, 383)
0...1...2...3...4...5...6...7...8...9...10	Bounce #4 added RGB(141, 125, 75)
0...1...2...3...4...5...6...7...8...9...10	Bounce #5 added RGB(36, 31, 18)
0...1...2...3...4...5...6...7...8...9...10	Bounce #6 added RGB(9, 7, 4)
0...1...2...3...4...5...6...7...8...9...10	Bounce #7 added RGB(2, 2, 1)
0...1...2...3...4...5...6...7...8...9...10	Bounce #8 added RGB(1, 0, 0)
Build Patch/Sample Hash Table(s).....Done<0.0087 sec>
0...1...2...3...4...5...6...7...8...9...10FinalLightFace Done
0 of 0 (0% of) surface lights went in leaf ambient cubes.
0...1...2...3...4...5...6...7...8...9...10Writing leaf ambient...done
Ready to Finish

Object names       Objects/Maxobjs  Memory / Maxmem  Fullness 
------------       ---------------  ---------------  -------- 
models                  41/1024         1968/49152    ( 4.0%) 
brushes                655/8192         7860/98304    ( 8.0%) 
brushsides            6683/65536       53464/524288   (10.2%) 
planes                7170/65536      143400/1310720  (10.9%) 
vertexes              4087/65536       49044/786432   ( 6.2%) 
nodes                 1510/65536       48320/2097152  ( 2.3%) 
texinfos              1035/12288       74520/884736   ( 8.4%) 
texdata                 99/2048         3168/65536    ( 4.8%) 
dispinfos                0/0               0/0        ( 0.0%) 
disp_verts               0/0               0/0        ( 0.0%) 
disp_tris                0/0               0/0        ( 0.0%) 
disp_multiblend          0/0               0/0        ( 0.0%) 
disp_lmsamples           0/0               0/0        ( 0.0%) 
faces                 2350/65536      131600/3670016  ( 3.6%) 
hdr faces                0/65536           0/3670016  ( 0.0%) 
origfaces             1777/65536       99512/3670016  ( 2.7%) 
facebrushes            336/0             672/0        ( 0.0%) 
facebrushlists        2350/0            9400/0        ( 0.0%) 
leaves                1552/65536       49664/2097152  ( 2.4%) 
leaffaces             3143/65536        6286/131072   ( 4.8%) 
leafbrushes           1513/65536        3026/131072   ( 2.3%) 
areas                    8/256            64/2048     ( 3.1%) 
surfedges            18665/512000      74660/2048000  ( 3.6%) 
edges                11351/256000      45404/1024000  ( 4.4%) 
LDR worldlights        128/8192        12800/819200   ( 1.6%) 
HDR worldlights          0/8192            0/819200   ( 0.0%) 
leafwaterdata            1/32768          12/393216   ( 0.0%) 
waterstrips            381/32768        3810/327680   ( 1.2%) 
waterverts               0/65536           0/786432   ( 0.0%) 
waterindices          5871/65536       11742/131072   ( 9.0%) 
cubemapsamples          33/1024          528/16384    ( 3.2%) 
overlays                47/512         16544/180224   ( 9.2%) 
LDR lightdata         [variable]     2235588/0        ( 0.0%) 
HDR lightdata         [variable]           0/0        ( 0.0%) 
visdata               [variable]      186635/16777216 ( 1.1%) 
entdata               [variable]      130076/393216   (33.1%) 
LDR ambient table     1552/65536        6208/262144   ( 2.4%) 
HDR ambient table     1552/65536        6208/262144   ( 2.4%) 
LDR leaf ambient      6583/65536      184324/1835008  (10.0%) 
HDR leaf ambient      1552/65536       43456/1835008  ( 2.4%) 
occluders                0/0               0/0        ( 0.0%) 
occluder polygons        0/0               0/0        ( 0.0%) 
occluder vert ind        0/0               0/0        ( 0.0%) 
detail props          [variable]           1/12       ( 8.3%) 
static props          [variable]           1/51468    ( 0.0%) 
pakfile               [variable]     2547548/0        ( 0.0%) 
physics               [variable]      280675/4194304  ( 6.7%) 
physics terrain       [variable]           2/1048576  ( 0.0%) 

Level flags = 0

Total triangle count: 6627
Writing c:\program files (x86)\steam\steamapps\common\portal 2\sdk_content\maps\wip\chapter 6\mp_coop_a3_bomb_flings.bsp
8 seconds elapsed



materialPath: C:\Program Files (x86)\Steam\steamapps\common\Portal 2\portal2\materials
Loading C:\Program Files (x86)\Steam\steamapps\common\Portal 2\sdk_content\maps\WIP\Chapter 6\mp_coop_a3_bomb_flings.vmf
ConVarRef gpu_level doesn't point to an existing ConVar
Error! Variable "$envmap" is multiply defined in material "metal/underground_wall_metal004a_bottom"!
fixing up env_cubemap materials on brush sides...
0...1...2...3...4...5...6...7...8...9...100...1...2...3...4...5...6...7...8...9...10Processing areas...done (0)
Building Faces...done (0)
Chop Details...done (0)
Find Visible Detail Sides...
Merged 316 detail faces...done (0)
Merging details...done (0)
FixTjuncs...
PruneNodes...
WriteBSP...
done (0)
writing C:\Program Files (x86)\Steam\steamapps\common\Portal 2\sdk_content\maps\WIP\Chapter 6\mp_coop_a3_bomb_flings.prt...Building visibility clusters...
done (0)
Finding displacement neighbors...
Finding lightmap sample positions...
Displacement Alpha : 0...1...2...3...4...5...6...7...8...9...10
Building Physics collision data...
done (0) (285975 bytes)
Encountered obsolete static prop option to do its fade in screen space @ 0.00 512.00 -128.00
Encountered obsolete static prop option to do its fade in screen space @ 0.00 512.00 -128.00
Encountered obsolete static prop option to do its fade in screen space @ 0.00 512.00 -128.00
Encountered obsolete static prop option to do its fade in screen space @ 0.00 512.00 -128.00
Encountered obsolete static prop option to do its fade in screen space @ 0.00 512.00 -128.00
Encountered obsolete static prop option to do its fade in screen space @ 1024.00 1472.00 385.25
Encountered obsolete static prop option to do its fade in screen space @ 1024.00 1472.00 129.25
Encountered obsolete static prop option to do its fade in screen space @ 1024.00 1472.00 -126.75
Encountered obsolete static prop option to do its fade in screen space @ 1024.00 1472.00 -382.75
Encountered obsolete static prop option to do its fade in screen space @ 1024.00 1472.00 -638.75
Encountered obsolete static prop option to do its fade in screen space @ 1024.00 1472.00 -1150.75
Encountered obsolete static prop option to do its fade in screen space @ 1024.00 1472.00 -894.75
Encountered obsolete static prop option to do its fade in screen space @ 1024.00 1472.00 -1406.75
Encountered obsolete static prop option to do its fade in screen space @ 1024.00 1472.00 -1662.75
Placing detail props : 0...1...2...3...4...5...6...7...8...9...10
Compacting texture/material tables...
Reduced 1494 texinfos to 1046
Reduced 112 texdatas to 99 (5217 bytes to 4533)
Writing C:\Program Files (x86)\Steam\steamapps\common\Portal 2\sdk_content\maps\WIP\Chapter 6\mp_coop_a3_bomb_flings.bsp

nummapplanes:     (  7230 / 65536 )
nummapbrushes:    (   669 /  8192 )
nummapbrushsides: (  6766 / 65536 )
num_map_overlays: (    47 /   512 )
nummodels:        (    43 /  1024 )
num_entities:     (   426 / 16384 )

2 seconds elapsed



24 threads
reading c:\program files (x86)\steam\steamapps\common\portal 2\sdk_content\maps\wip\chapter 6\mp_coop_a3_bomb_flings.bsp
reading c:\program files (x86)\steam\steamapps\common\portal 2\sdk_content\maps\wip\chapter 6\mp_coop_a3_bomb_flings.prt
 857 portalclusters
3520 numportals
0...1...2...3...4...5...6...7...8...9...10Optimized: 14693 visible clusters (0.00%)
Total clusters visible: 679255
Average clusters visible: 792
Building PAS...
Average clusters audible: 831
visdatasize:190425  compressed from 191968
writing c:\program files (x86)\steam\steamapps\common\portal 2\sdk_content\maps\wip\chapter 6\mp_coop_a3_bomb_flings.bsp
0 seconds elapsed



Could not find lights.rad in lights.rad.
Trying VRAD BIN directory instead...
Warning: Couldn't open texlight file C:\Program Files (x86)\Steam\steamapps\common\Portal 2\bin\lights.rad.
Loading c:\program files (x86)\steam\steamapps\common\portal 2\sdk_content\maps\wip\chapter 6\mp_coop_a3_bomb_flings.bsp
2374 faces
825851 square feet [118922648.00 square inches]
0 Displacements
0 Square Feet [0.00 Square Inches]
2374 patches before subdivision
43246 patches after subdivision
128 direct lights
0...1...2...3...4...5...6...7...8...9...100...1...2...3...4...5...6...7...8...9...10transfers 4253669, max 533
transfer lists:  32.5 megs
0...1...2...3...4...5...6...7...8...9...10	Bounce #1 added RGB(25072, 22313, 15866)
0...1...2...3...4...5...6...7...8...9...10	Bounce #2 added RGB(3082, 2787, 1821)
0...1...2...3...4...5...6...7...8...9...10	Bounce #3 added RGB(662, 596, 383)
0...1...2...3...4...5...6...7...8...9...10	Bounce #4 added RGB(141, 125, 75)
0...1...2...3...4...5...6...7...8...9...10	Bounce #5 added RGB(36, 31, 18)
0...1...2...3...4...5...6...7...8...9...10	Bounce #6 added RGB(9, 7, 4)
0...1...2...3...4...5...6...7...8...9...10	Bounce #7 added RGB(2, 2, 1)
0...1...2...3...4...5...6...7...8...9...10	Bounce #8 added RGB(1, 0, 0)
Build Patch/Sample Hash Table(s).....Done<0.0087 sec>
0...1...2...3...4...5...6...7...8...9...10FinalLightFace Done
0 of 0 (0% of) surface lights went in leaf ambient cubes.
0...1...2...3...4...5...6...7...8...9...10Writing leaf ambient...done
Ready to Finish

Object names       Objects/Maxobjs  Memory / Maxmem  Fullness 
------------       ---------------  ---------------  -------- 
models                  43/1024         2064/49152    ( 4.2%) 
brushes                669/8192         8028/98304    ( 8.2%) 
brushsides            6767/65536       54136/524288   (10.3%) 
planes                7230/65536      144600/1310720  (11.0%) 
vertexes              4155/65536       49860/786432   ( 6.3%) 
nodes                 1532/65536       49024/2097152  ( 2.3%) 
texinfos              1046/12288       75312/884736   ( 8.5%) 
texdata                 99/2048         3168/65536    ( 4.8%) 
dispinfos                0/0               0/0        ( 0.0%) 
disp_verts               0/0               0/0        ( 0.0%) 
disp_tris                0/0               0/0        ( 0.0%) 
disp_multiblend          0/0               0/0        ( 0.0%) 
disp_lmsamples           0/0               0/0        ( 0.0%) 
faces                 2374/65536      132944/3670016  ( 3.6%) 
hdr faces                0/65536           0/3670016  ( 0.0%) 
origfaces             1801/65536      100856/3670016  ( 2.7%) 
facebrushes            336/0             672/0        ( 0.0%) 
facebrushlists        2374/0            9496/0        ( 0.0%) 
leaves                1576/65536       50432/2097152  ( 2.4%) 
leaffaces             3167/65536        6334/131072   ( 4.8%) 
leafbrushes           1531/65536        3062/131072   ( 2.3%) 
areas                   10/256            80/2048     ( 3.9%) 
surfedges            18857/512000      75428/2048000  ( 3.7%) 
edges                11471/256000      45884/1024000  ( 4.5%) 
LDR worldlights        128/8192        12800/819200   ( 1.6%) 
HDR worldlights          0/8192            0/819200   ( 0.0%) 
leafwaterdata            1/32768          12/393216   ( 0.0%) 
waterstrips            381/32768        3810/327680   ( 1.2%) 
waterverts               0/65536           0/786432   ( 0.0%) 
waterindices          5871/65536       11742/131072   ( 9.0%) 
cubemapsamples          33/1024          528/16384    ( 3.2%) 
overlays                47/512         16544/180224   ( 9.2%) 
LDR lightdata         [variable]     2267188/0        ( 0.0%) 
HDR lightdata         [variable]           0/0        ( 0.0%) 
visdata               [variable]      190425/16777216 ( 1.1%) 
entdata               [variable]      130797/393216   (33.3%) 
LDR ambient table     1576/65536        6304/262144   ( 2.4%) 
HDR ambient table     1576/65536        6304/262144   ( 2.4%) 
LDR leaf ambient      6630/65536      185640/1835008  (10.1%) 
HDR leaf ambient      1576/65536       44128/1835008  ( 2.4%) 
occluders                0/0               0/0        ( 0.0%) 
occluder polygons        0/0               0/0        ( 0.0%) 
occluder vert ind        0/0               0/0        ( 0.0%) 
detail props          [variable]           1/12       ( 8.3%) 
static props          [variable]           1/51468    ( 0.0%) 
pakfile               [variable]     2547548/0        ( 0.0%) 
physics               [variable]      285975/4194304  ( 6.8%) 
physics terrain       [variable]           2/1048576  ( 0.0%) 

Level flags = 0

Total triangle count: 6675
Writing c:\program files (x86)\steam\steamapps\common\portal 2\sdk_content\maps\wip\chapter 6\mp_coop_a3_bomb_flings.bsp
8 seconds elapsed



materialPath: C:\Program Files (x86)\Steam\steamapps\common\Portal 2\portal2\materials
Loading C:\Program Files (x86)\Steam\steamapps\common\Portal 2\sdk_content\maps\WIP\Chapter 6\mp_coop_a3_bomb_flings.vmf
ConVarRef gpu_level doesn't point to an existing ConVar
Error! Variable "$envmap" is multiply defined in material "metal/underground_wall_metal004a_bottom"!
fixing up env_cubemap materials on brush sides...
0...1...2...3...4...5...6...7...8...9...100...1...2...3...4...5...6...7...8...9...10Processing areas...done (0)
Building Faces...done (0)
Chop Details...done (0)
Find Visible Detail Sides...
Merged 316 detail faces...done (0)
Merging details...done (0)
FixTjuncs...
PruneNodes...
WriteBSP...
done (0)
writing C:\Program Files (x86)\Steam\steamapps\common\Portal 2\sdk_content\maps\WIP\Chapter 6\mp_coop_a3_bomb_flings.prt...Building visibility clusters...
done (0)
Finding displacement neighbors...
Finding lightmap sample positions...
Displacement Alpha : 0...1...2...3...4...5...6...7...8...9...10
Building Physics collision data...
done (0) (285975 bytes)
Encountered obsolete static prop option to do its fade in screen space @ 0.00 512.00 -128.00
Encountered obsolete static prop option to do its fade in screen space @ 0.00 512.00 -128.00
Encountered obsolete static prop option to do its fade in screen space @ 0.00 512.00 -128.00
Encountered obsolete static prop option to do its fade in screen space @ 0.00 512.00 -128.00
Encountered obsolete static prop option to do its fade in screen space @ 0.00 512.00 -128.00
Encountered obsolete static prop option to do its fade in screen space @ 1024.00 1472.00 385.25
Encountered obsolete static prop option to do its fade in screen space @ 1024.00 1472.00 129.25
Encountered obsolete static prop option to do its fade in screen space @ 1024.00 1472.00 -126.75
Encountered obsolete static prop option to do its fade in screen space @ 1024.00 1472.00 -382.75
Encountered obsolete static prop option to do its fade in screen space @ 1024.00 1472.00 -638.75
Encountered obsolete static prop option to do its fade in screen space @ 1024.00 1472.00 -1150.75
Encountered obsolete static prop option to do its fade in screen space @ 1024.00 1472.00 -894.75
Encountered obsolete static prop option to do its fade in screen space @ 1024.00 1472.00 -1406.75
Encountered obsolete static prop option to do its fade in screen space @ 1024.00 1472.00 -1662.75
Placing detail props : 0...1...2...3...4...5...6...7...8...9...10
Compacting texture/material tables...
Reduced 1494 texinfos to 1046
Reduced 112 texdatas to 99 (5217 bytes to 4533)
Writing C:\Program Files (x86)\Steam\steamapps\common\Portal 2\sdk_content\maps\WIP\Chapter 6\mp_coop_a3_bomb_flings.bsp

nummapplanes:     (  7230 / 65536 )
nummapbrushes:    (   669 /  8192 )
nummapbrushsides: (  6766 / 65536 )
num_map_overlays: (    47 /   512 )
nummodels:        (    43 /  1024 )
num_entities:     (   426 / 16384 )

2 seconds elapsed



24 threads
reading c:\program files (x86)\steam\steamapps\common\portal 2\sdk_content\maps\wip\chapter 6\mp_coop_a3_bomb_flings.bsp
reading c:\program files (x86)\steam\steamapps\common\portal 2\sdk_content\maps\wip\chapter 6\mp_coop_a3_bomb_flings.prt
 857 portalclusters
3520 numportals
0...1...2...3...4...5...6...7...8...9...10Optimized: 14693 visible clusters (0.00%)
Total clusters visible: 679255
Average clusters visible: 792
Building PAS...
Average clusters audible: 831
visdatasize:190425  compressed from 191968
writing c:\program files (x86)\steam\steamapps\common\portal 2\sdk_content\maps\wip\chapter 6\mp_coop_a3_bomb_flings.bsp
0 seconds elapsed



Could not find lights.rad in lights.rad.
Trying VRAD BIN directory instead...
Warning: Couldn't open texlight file C:\Program Files (x86)\Steam\steamapps\common\Portal 2\bin\lights.rad.
Loading c:\program files (x86)\steam\steamapps\common\portal 2\sdk_content\maps\wip\chapter 6\mp_coop_a3_bomb_flings.bsp
2374 faces
825851 square feet [118922648.00 square inches]
0 Displacements
0 Square Feet [0.00 Square Inches]
2374 patches before subdivision
43246 patches after subdivision
128 direct lights
0...1...2...3...4...5...6...7...8...9...100...1...2...3...4...5...6...7...8...9...10transfers 4253669, max 533
transfer lists:  32.5 megs
0...1...2...3...4...5...6...7...8...9...10	Bounce #1 added RGB(25072, 22313, 15866)
0...1...2...3...4...5...6...7...8...9...10	Bounce #2 added RGB(3082, 2787, 1821)
0...1...2...3...4...5...6...7...8...9...10	Bounce #3 added RGB(662, 596, 383)
0...1...2...3...4...5...6...7...8...9...10	Bounce #4 added RGB(141, 125, 75)
0...1...2...3...4...5...6...7...8...9...10	Bounce #5 added RGB(36, 31, 18)
0...1...2...3...4...5...6...7...8...9...10	Bounce #6 added RGB(9, 7, 4)
0...1...2...3...4...5...6...7...8...9...10	Bounce #7 added RGB(2, 2, 1)
0...1...2...3...4...5...6...7...8...9...10	Bounce #8 added RGB(1, 0, 0)
Build Patch/Sample Hash Table(s).....Done<0.0098 sec>
0...1...2...3...4...5...6...7...8...9...10FinalLightFace Done
0 of 0 (0% of) surface lights went in leaf ambient cubes.
0...1...2...3...4...5...6...7...8...9...10Writing leaf ambient...done
Ready to Finish

Object names       Objects/Maxobjs  Memory / Maxmem  Fullness 
------------       ---------------  ---------------  -------- 
models                  43/1024         2064/49152    ( 4.2%) 
brushes                669/8192         8028/98304    ( 8.2%) 
brushsides            6767/65536       54136/524288   (10.3%) 
planes                7230/65536      144600/1310720  (11.0%) 
vertexes              4155/65536       49860/786432   ( 6.3%) 
nodes                 1532/65536       49024/2097152  ( 2.3%) 
texinfos              1046/12288       75312/884736   ( 8.5%) 
texdata                 99/2048         3168/65536    ( 4.8%) 
dispinfos                0/0               0/0        ( 0.0%) 
disp_verts               0/0               0/0        ( 0.0%) 
disp_tris                0/0               0/0        ( 0.0%) 
disp_multiblend          0/0               0/0        ( 0.0%) 
disp_lmsamples           0/0               0/0        ( 0.0%) 
faces                 2374/65536      132944/3670016  ( 3.6%) 
hdr faces                0/65536           0/3670016  ( 0.0%) 
origfaces             1801/65536      100856/3670016  ( 2.7%) 
facebrushes            336/0             672/0        ( 0.0%) 
facebrushlists        2374/0            9496/0        ( 0.0%) 
leaves                1576/65536       50432/2097152  ( 2.4%) 
leaffaces             3167/65536        6334/131072   ( 4.8%) 
leafbrushes           1531/65536        3062/131072   ( 2.3%) 
areas                   10/256            80/2048     ( 3.9%) 
surfedges            18857/512000      75428/2048000  ( 3.7%) 
edges                11471/256000      45884/1024000  ( 4.5%) 
LDR worldlights        128/8192        12800/819200   ( 1.6%) 
HDR worldlights          0/8192            0/819200   ( 0.0%) 
leafwaterdata            1/32768          12/393216   ( 0.0%) 
waterstrips            381/32768        3810/327680   ( 1.2%) 
waterverts               0/65536           0/786432   ( 0.0%) 
waterindices          5871/65536       11742/131072   ( 9.0%) 
cubemapsamples          33/1024          528/16384    ( 3.2%) 
overlays                47/512         16544/180224   ( 9.2%) 
LDR lightdata         [variable]     2267188/0        ( 0.0%) 
HDR lightdata         [variable]           0/0        ( 0.0%) 
visdata               [variable]      190425/16777216 ( 1.1%) 
entdata               [variable]      130799/393216   (33.3%) 
LDR ambient table     1576/65536        6304/262144   ( 2.4%) 
HDR ambient table     1576/65536        6304/262144   ( 2.4%) 
LDR leaf ambient      6630/65536      185640/1835008  (10.1%) 
HDR leaf ambient      1576/65536       44128/1835008  ( 2.4%) 
occluders                0/0               0/0        ( 0.0%) 
occluder polygons        0/0               0/0        ( 0.0%) 
occluder vert ind        0/0               0/0        ( 0.0%) 
detail props          [variable]           1/12       ( 8.3%) 
static props          [variable]           1/51468    ( 0.0%) 
pakfile               [variable]     2547548/0        ( 0.0%) 
physics               [variable]      285975/4194304  ( 6.8%) 
physics terrain       [variable]           2/1048576  ( 0.0%) 

Level flags = 0

Total triangle count: 6675
Writing c:\program files (x86)\steam\steamapps\common\portal 2\sdk_content\maps\wip\chapter 6\mp_coop_a3_bomb_flings.bsp
8 seconds elapsed



materialPath: C:\Program Files (x86)\Steam\steamapps\common\Portal 2\portal2\materials
Loading C:\Program Files (x86)\Steam\steamapps\common\Portal 2\sdk_content\maps\WIP\Chapter 6\mp_coop_a3_bomb_flings.vmf
ConVarRef gpu_level doesn't point to an existing ConVar
Error! Variable "$envmap" is multiply defined in material "metal/underground_wall_metal004a_bottom"!
fixing up env_cubemap materials on brush sides...
0...1...2...3...4...5...6...7...8...9...100...1...2...3...4...5...6...7...8...9...10Processing areas...done (0)
Building Faces...done (0)
Chop Details...done (0)
Find Visible Detail Sides...
Merged 316 detail faces...done (0)
Merging details...done (0)
FixTjuncs...
PruneNodes...
WriteBSP...
done (0)
writing C:\Program Files (x86)\Steam\steamapps\common\Portal 2\sdk_content\maps\WIP\Chapter 6\mp_coop_a3_bomb_flings.prt...Building visibility clusters...
done (0)
Finding displacement neighbors...
Finding lightmap sample positions...
Displacement Alpha : 0...1...2...3...4...5...6...7...8...9...10
Building Physics collision data...
done (0) (284425 bytes)
Encountered obsolete static prop option to do its fade in screen space @ 0.00 512.00 -128.00
Encountered obsolete static prop option to do its fade in screen space @ 0.00 512.00 -128.00
Encountered obsolete static prop option to do its fade in screen space @ 0.00 512.00 -128.00
Encountered obsolete static prop option to do its fade in screen space @ 0.00 512.00 -128.00
Encountered obsolete static prop option to do its fade in screen space @ 0.00 512.00 -128.00
Encountered obsolete static prop option to do its fade in screen space @ 1024.00 1472.00 385.25
Encountered obsolete static prop option to do its fade in screen space @ 1024.00 1472.00 129.25
Encountered obsolete static prop option to do its fade in screen space @ 1024.00 1472.00 -126.75
Encountered obsolete static prop option to do its fade in screen space @ 1024.00 1472.00 -382.75
Encountered obsolete static prop option to do its fade in screen space @ 1024.00 1472.00 -638.75
Encountered obsolete static prop option to do its fade in screen space @ 1024.00 1472.00 -1150.75
Encountered obsolete static prop option to do its fade in screen space @ 1024.00 1472.00 -894.75
Encountered obsolete static prop option to do its fade in screen space @ 1024.00 1472.00 -1406.75
Encountered obsolete static prop option to do its fade in screen space @ 1024.00 1472.00 -1662.75
Placing detail props : 0...1...2...3...4...5...6...7...8...9...10
Compacting texture/material tables...
Reduced 1486 texinfos to 1041
Reduced 112 texdatas to 99 (5217 bytes to 4533)
Writing C:\Program Files (x86)\Steam\steamapps\common\Portal 2\sdk_content\maps\WIP\Chapter 6\mp_coop_a3_bomb_flings.bsp

nummapplanes:     (  7226 / 65536 )
nummapbrushes:    (   666 /  8192 )
nummapbrushsides: (  6749 / 65536 )
num_map_overlays: (    47 /   512 )
nummodels:        (    42 /  1024 )
num_entities:     (   424 / 16384 )

2 seconds elapsed



24 threads
reading c:\program files (x86)\steam\steamapps\common\portal 2\sdk_content\maps\wip\chapter 6\mp_coop_a3_bomb_flings.bsp
reading c:\program files (x86)\steam\steamapps\common\portal 2\sdk_content\maps\wip\chapter 6\mp_coop_a3_bomb_flings.prt
 857 portalclusters
3520 numportals
0...1...2...3...4...5...6...7...8...9...10Optimized: 14693 visible clusters (0.00%)
Total clusters visible: 679255
Average clusters visible: 792
Building PAS...
Average clusters audible: 831
visdatasize:190425  compressed from 191968
writing c:\program files (x86)\steam\steamapps\common\portal 2\sdk_content\maps\wip\chapter 6\mp_coop_a3_bomb_flings.bsp
0 seconds elapsed



Could not find lights.rad in lights.rad.
Trying VRAD BIN directory instead...
Warning: Couldn't open texlight file C:\Program Files (x86)\Steam\steamapps\common\Portal 2\bin\lights.rad.
Loading c:\program files (x86)\steam\steamapps\common\portal 2\sdk_content\maps\wip\chapter 6\mp_coop_a3_bomb_flings.bsp
2358 faces
627645 square feet [90380952.00 square inches]
0 Displacements
0 Square Feet [0.00 Square Inches]
2358 patches before subdivision
43230 patches after subdivision
128 direct lights
0...1...2...3...4...5...6...7...8...9...100...1...2...3...4...5...6...7...8...9...10transfers 4252767, max 519
transfer lists:  32.4 megs
0...1...2...3...4...5...6...7...8...9...10	Bounce #1 added RGB(25072, 22312, 15866)
0...1...2...3...4...5...6...7...8...9...10	Bounce #2 added RGB(3082, 2787, 1821)
0...1...2...3...4...5...6...7...8...9...10	Bounce #3 added RGB(662, 596, 383)
0...1...2...3...4...5...6...7...8...9...10	Bounce #4 added RGB(141, 125, 75)
0...1...2...3...4...5...6...7...8...9...10	Bounce #5 added RGB(36, 31, 18)
0...1...2...3...4...5...6...7...8...9...10	Bounce #6 added RGB(9, 7, 4)
0...1...2...3...4...5...6...7...8...9...10	Bounce #7 added RGB(2, 2, 1)
0...1...2...3...4...5...6...7...8...9...10	Bounce #8 added RGB(1, 0, 0)
Build Patch/Sample Hash Table(s).....Done<0.0084 sec>
0...1...2...3...4...5...6...7...8...9...10FinalLightFace Done
0 of 0 (0% of) surface lights went in leaf ambient cubes.
0...1...2...3...4...5...6...7...8...9...10Writing leaf ambient...done
Ready to Finish

Object names       Objects/Maxobjs  Memory / Maxmem  Fullness 
------------       ---------------  ---------------  -------- 
models                  42/1024         2016/49152    ( 4.1%) 
brushes                666/8192         7992/98304    ( 8.1%) 
brushsides            6750/65536       54000/524288   (10.3%) 
planes                7226/65536      144520/1310720  (11.0%) 
vertexes              4135/65536       49620/786432   ( 6.3%) 
nodes                 1520/65536       48640/2097152  ( 2.3%) 
texinfos              1041/12288       74952/884736   ( 8.5%) 
texdata                 99/2048         3168/65536    ( 4.8%) 
dispinfos                0/0               0/0        ( 0.0%) 
disp_verts               0/0               0/0        ( 0.0%) 
disp_tris                0/0               0/0        ( 0.0%) 
disp_multiblend          0/0               0/0        ( 0.0%) 
disp_lmsamples           0/0               0/0        ( 0.0%) 
faces                 2358/65536      132048/3670016  ( 3.6%) 
hdr faces                0/65536           0/3670016  ( 0.0%) 
origfaces             1785/65536       99960/3670016  ( 2.7%) 
facebrushes            336/0             672/0        ( 0.0%) 
facebrushlists        2358/0            9432/0        ( 0.0%) 
leaves                1563/65536       50016/2097152  ( 2.4%) 
leaffaces             3151/65536        6302/131072   ( 4.8%) 
leafbrushes           1528/65536        3056/131072   ( 2.3%) 
areas                   10/256            80/2048     ( 3.9%) 
surfedges            18725/512000      74900/2048000  ( 3.7%) 
edges                11401/256000      45604/1024000  ( 4.5%) 
LDR worldlights        128/8192        12800/819200   ( 1.6%) 
HDR worldlights          0/8192            0/819200   ( 0.0%) 
leafwaterdata            1/32768          12/393216   ( 0.0%) 
waterstrips            382/32768        3820/327680   ( 1.2%) 
waterverts               0/65536           0/786432   ( 0.0%) 
waterindices          5889/65536       11778/131072   ( 9.0%) 
cubemapsamples          33/1024          528/16384    ( 3.2%) 
overlays                47/512         16544/180224   ( 9.2%) 
LDR lightdata         [variable]     2267188/0        ( 0.0%) 
HDR lightdata         [variable]           0/0        ( 0.0%) 
visdata               [variable]      190425/16777216 ( 1.1%) 
entdata               [variable]      130428/393216   (33.2%) 
LDR ambient table     1563/65536        6252/262144   ( 2.4%) 
HDR ambient table     1563/65536        6252/262144   ( 2.4%) 
LDR leaf ambient      6586/65536      184408/1835008  (10.0%) 
HDR leaf ambient      1563/65536       43764/1835008  ( 2.4%) 
occluders                0/0               0/0        ( 0.0%) 
occluder polygons        0/0               0/0        ( 0.0%) 
occluder vert ind        0/0               0/0        ( 0.0%) 
detail props          [variable]           1/12       ( 8.3%) 
static props          [variable]           1/51468    ( 0.0%) 
pakfile               [variable]     2547548/0        ( 0.0%) 
physics               [variable]      284425/4194304  ( 6.8%) 
physics terrain       [variable]           2/1048576  ( 0.0%) 

Level flags = 0

Total triangle count: 6639
Writing c:\program files (x86)\steam\steamapps\common\portal 2\sdk_content\maps\wip\chapter 6\mp_coop_a3_bomb_flings.bsp
8 seconds elapsed



materialPath: C:\Program Files (x86)\Steam\steamapps\common\Portal 2\portal2\materials
Loading C:\Program Files (x86)\Steam\steamapps\common\Portal 2\sdk_content\maps\WIP\Chapter 6\mp_coop_a3_bomb_flings.vmf
ConVarRef gpu_level doesn't point to an existing ConVar
Error! Variable "$envmap" is multiply defined in material "metal/underground_wall_metal004a_bottom"!
fixing up env_cubemap materials on brush sides...
0...1...2...3...4...5...6...7...8...9...100...1...2...3...4...5...6...7...8...9...10Processing areas...done (0)
Building Faces...done (0)
Chop Details...done (0)
Find Visible Detail Sides...
Merged 316 detail faces...done (0)
Merging details...done (0)
FixTjuncs...
PruneNodes...
WriteBSP...
done (0)
writing C:\Program Files (x86)\Steam\steamapps\common\Portal 2\sdk_content\maps\WIP\Chapter 6\mp_coop_a3_bomb_flings.prt...Building visibility clusters...
done (0)
Finding displacement neighbors...
Finding lightmap sample positions...
Displacement Alpha : 0...1...2...3...4...5...6...7...8...9...10
Building Physics collision data...
done (0) (283870 bytes)
Encountered obsolete static prop option to do its fade in screen space @ 0.00 512.00 -128.00
Encountered obsolete static prop option to do its fade in screen space @ 0.00 512.00 -128.00
Encountered obsolete static prop option to do its fade in screen space @ 0.00 512.00 -128.00
Encountered obsolete static prop option to do its fade in screen space @ 0.00 512.00 -128.00
Encountered obsolete static prop option to do its fade in screen space @ 0.00 512.00 -128.00
Encountered obsolete static prop option to do its fade in screen space @ 1024.00 1472.00 385.25
Encountered obsolete static prop option to do its fade in screen space @ 1024.00 1472.00 129.25
Encountered obsolete static prop option to do its fade in screen space @ 1024.00 1472.00 -126.75
Encountered obsolete static prop option to do its fade in screen space @ 1024.00 1472.00 -382.75
Encountered obsolete static prop option to do its fade in screen space @ 1024.00 1472.00 -638.75
Encountered obsolete static prop option to do its fade in screen space @ 1024.00 1472.00 -1150.75
Encountered obsolete static prop option to do its fade in screen space @ 1024.00 1472.00 -894.75
Encountered obsolete static prop option to do its fade in screen space @ 1024.00 1472.00 -1406.75
Encountered obsolete static prop option to do its fade in screen space @ 1024.00 1472.00 -1662.75
Placing detail props : 0...1...2...3...4...5...6...7...8...9...10
Compacting texture/material tables...
Reduced 1483 texinfos to 1038
Reduced 112 texdatas to 99 (5217 bytes to 4533)
Writing C:\Program Files (x86)\Steam\steamapps\common\Portal 2\sdk_content\maps\WIP\Chapter 6\mp_coop_a3_bomb_flings.bsp

nummapplanes:     (  7218 / 65536 )
nummapbrushes:    (   665 /  8192 )
nummapbrushsides: (  6743 / 65536 )
num_map_overlays: (    47 /   512 )
nummodels:        (    41 /  1024 )
num_entities:     (   423 / 16384 )

2 seconds elapsed



24 threads
reading c:\program files (x86)\steam\steamapps\common\portal 2\sdk_content\maps\wip\chapter 6\mp_coop_a3_bomb_flings.bsp
reading c:\program files (x86)\steam\steamapps\common\portal 2\sdk_content\maps\wip\chapter 6\mp_coop_a3_bomb_flings.prt
 857 portalclusters
3520 numportals
0...1...2...3...4...5...6...7...8...9...10Optimized: 14693 visible clusters (0.00%)
Total clusters visible: 679255
Average clusters visible: 792
Building PAS...
Average clusters audible: 831
visdatasize:190425  compressed from 191968
writing c:\program files (x86)\steam\steamapps\common\portal 2\sdk_content\maps\wip\chapter 6\mp_coop_a3_bomb_flings.bsp
0 seconds elapsed



Could not find lights.rad in lights.rad.
Trying VRAD BIN directory instead...
Warning: Couldn't open texlight file C:\Program Files (x86)\Steam\steamapps\common\Portal 2\bin\lights.rad.
Loading c:\program files (x86)\steam\steamapps\common\portal 2\sdk_content\maps\wip\chapter 6\mp_coop_a3_bomb_flings.bsp
2352 faces
626699 square feet [90244760.00 square inches]
0 Displacements
0 Square Feet [0.00 Square Inches]
2352 patches before subdivision
43224 patches after subdivision
128 direct lights
0...1...2...3...4...5...6...7...8...9...100...1...2...3...4...5...6...7...8...9...10transfers 4251722, max 519
transfer lists:  32.4 megs
0...1...2...3...4...5...6...7...8...9...10	Bounce #1 added RGB(25061, 22303, 15862)
0...1...2...3...4...5...6...7...8...9...10	Bounce #2 added RGB(3082, 2787, 1821)
0...1...2...3...4...5...6...7...8...9...10	Bounce #3 added RGB(662, 596, 383)
0...1...2...3...4...5...6...7...8...9...10	Bounce #4 added RGB(141, 125, 75)
0...1...2...3...4...5...6...7...8...9...10	Bounce #5 added RGB(36, 31, 18)
0...1...2...3...4...5...6...7...8...9...10	Bounce #6 added RGB(9, 7, 4)
0...1...2...3...4...5...6...7...8...9...10	Bounce #7 added RGB(2, 2, 1)
0...1...2...3...4...5...6...7...8...9...10	Bounce #8 added RGB(1, 0, 0)
Build Patch/Sample Hash Table(s).....Done<0.0078 sec>
0...1...2...3...4...5...6...7...8...9...10FinalLightFace Done
0 of 0 (0% of) surface lights went in leaf ambient cubes.
0...1...2...3...4...5...6...7...8...9...10Writing leaf ambient...done
Ready to Finish

Object names       Objects/Maxobjs  Memory / Maxmem  Fullness 
------------       ---------------  ---------------  -------- 
models                  41/1024         1968/49152    ( 4.0%) 
brushes                665/8192         7980/98304    ( 8.1%) 
brushsides            6744/65536       53952/524288   (10.3%) 
planes                7218/65536      144360/1310720  (11.0%) 
vertexes              4127/65536       49524/786432   ( 6.3%) 
nodes                 1514/65536       48448/2097152  ( 2.3%) 
texinfos              1038/12288       74736/884736   ( 8.4%) 
texdata                 99/2048         3168/65536    ( 4.8%) 
dispinfos                0/0               0/0        ( 0.0%) 
disp_verts               0/0               0/0        ( 0.0%) 
disp_tris                0/0               0/0        ( 0.0%) 
disp_multiblend          0/0               0/0        ( 0.0%) 
disp_lmsamples           0/0               0/0        ( 0.0%) 
faces                 2352/65536      131712/3670016  ( 3.6%) 
hdr faces                0/65536           0/3670016  ( 0.0%) 
origfaces             1779/65536       99624/3670016  ( 2.7%) 
facebrushes            336/0             672/0        ( 0.0%) 
facebrushlists        2352/0            9408/0        ( 0.0%) 
leaves                1556/65536       49792/2097152  ( 2.4%) 
leaffaces             3145/65536        6290/131072   ( 4.8%) 
leafbrushes           1527/65536        3054/131072   ( 2.3%) 
areas                   10/256            80/2048     ( 3.9%) 
surfedges            18677/512000      74708/2048000  ( 3.6%) 
edges                11377/256000      45508/1024000  ( 4.4%) 
LDR worldlights        128/8192        12800/819200   ( 1.6%) 
HDR worldlights          0/8192            0/819200   ( 0.0%) 
leafwaterdata            1/32768          12/393216   ( 0.0%) 
waterstrips            382/32768        3820/327680   ( 1.2%) 
waterverts               0/65536           0/786432   ( 0.0%) 
waterindices          5889/65536       11778/131072   ( 9.0%) 
cubemapsamples          33/1024          528/16384    ( 3.2%) 
overlays                47/512         16544/180224   ( 9.2%) 
LDR lightdata         [variable]     2267188/0        ( 0.0%) 
HDR lightdata         [variable]           0/0        ( 0.0%) 
visdata               [variable]      190425/16777216 ( 1.1%) 
entdata               [variable]      130225/393216   (33.1%) 
LDR ambient table     1556/65536        6224/262144   ( 2.4%) 
HDR ambient table     1556/65536        6224/262144   ( 2.4%) 
LDR leaf ambient      6543/65536      183204/1835008  (10.0%) 
HDR leaf ambient      1556/65536       43568/1835008  ( 2.4%) 
occluders                0/0               0/0        ( 0.0%) 
occluder polygons        0/0               0/0        ( 0.0%) 
occluder vert ind        0/0               0/0        ( 0.0%) 
detail props          [variable]           1/12       ( 8.3%) 
static props          [variable]           1/51468    ( 0.0%) 
pakfile               [variable]     2547548/0        ( 0.0%) 
physics               [variable]      283870/4194304  ( 6.8%) 
physics terrain       [variable]           2/1048576  ( 0.0%) 

Level flags = 0

Total triangle count: 6627
Writing c:\program files (x86)\steam\steamapps\common\portal 2\sdk_content\maps\wip\chapter 6\mp_coop_a3_bomb_flings.bsp
8 seconds elapsed



materialPath: C:\Program Files (x86)\Steam\steamapps\common\Portal 2\portal2\materials
Loading C:\Program Files (x86)\Steam\steamapps\common\Portal 2\sdk_content\maps\WIP\Chapter 6\mp_coop_a3_bomb_flings.vmf
ConVarRef gpu_level doesn't point to an existing ConVar
Error! Variable "$envmap" is multiply defined in material "metal/underground_wall_metal004a_bottom"!
fixing up env_cubemap materials on brush sides...
0...1...2...3...4...5...6...7...8...9...100...1...2...3...4...5...6...7...8...9...10Processing areas...done (0)
Building Faces...done (0)
Chop Details...done (0)
Find Visible Detail Sides...
Merged 316 detail faces...done (0)
Merging details...done (0)
FixTjuncs...
PruneNodes...
WriteBSP...
done (0)
writing C:\Program Files (x86)\Steam\steamapps\common\Portal 2\sdk_content\maps\WIP\Chapter 6\mp_coop_a3_bomb_flings.prt...Building visibility clusters...
done (0)
Finding displacement neighbors...
Finding lightmap sample positions...
Displacement Alpha : 0...1...2...3...4...5...6...7...8...9...10
Building Physics collision data...
done (0) (283868 bytes)
Encountered obsolete static prop option to do its fade in screen space @ 0.00 512.00 -128.00
Encountered obsolete static prop option to do its fade in screen space @ 0.00 512.00 -128.00
Encountered obsolete static prop option to do its fade in screen space @ 0.00 512.00 -128.00
Encountered obsolete static prop option to do its fade in screen space @ 0.00 512.00 -128.00
Encountered obsolete static prop option to do its fade in screen space @ 1024.00 1472.00 385.25
Encountered obsolete static prop option to do its fade in screen space @ 1024.00 1472.00 129.25
Encountered obsolete static prop option to do its fade in screen space @ 1024.00 1472.00 -126.75
Encountered obsolete static prop option to do its fade in screen space @ 1024.00 1472.00 -382.75
Encountered obsolete static prop option to do its fade in screen space @ 1024.00 1472.00 -638.75
Encountered obsolete static prop option to do its fade in screen space @ 1024.00 1472.00 -1150.75
Encountered obsolete static prop option to do its fade in screen space @ 1024.00 1472.00 -894.75
Encountered obsolete static prop option to do its fade in screen space @ 1024.00 1472.00 -1406.75
Encountered obsolete static prop option to do its fade in screen space @ 1024.00 1472.00 -1662.75
Placing detail props : 0...1...2...3...4...5...6...7...8...9...10
Compacting texture/material tables...
Reduced 1484 texinfos to 1038
Reduced 112 texdatas to 99 (5217 bytes to 4533)
Writing C:\Program Files (x86)\Steam\steamapps\common\Portal 2\sdk_content\maps\WIP\Chapter 6\mp_coop_a3_bomb_flings.bsp

nummapplanes:     (  7240 / 65536 )
nummapbrushes:    (   665 /  8192 )
nummapbrushsides: (  6743 / 65536 )
num_map_overlays: (    47 /   512 )
nummodels:        (    41 /  1024 )
num_entities:     (   432 / 16384 )

2 seconds elapsed



24 threads
reading c:\program files (x86)\steam\steamapps\common\portal 2\sdk_content\maps\wip\chapter 6\mp_coop_a3_bomb_flings.bsp
reading c:\program files (x86)\steam\steamapps\common\portal 2\sdk_content\maps\wip\chapter 6\mp_coop_a3_bomb_flings.prt
 857 portalclusters
3520 numportals
0...1...2...3...4...5...6...7...8...9...10Optimized: 14693 visible clusters (0.00%)
Total clusters visible: 679255
Average clusters visible: 792
Building PAS...
Average clusters audible: 831
visdatasize:190425  compressed from 191968
writing c:\program files (x86)\steam\steamapps\common\portal 2\sdk_content\maps\wip\chapter 6\mp_coop_a3_bomb_flings.bsp
0 seconds elapsed



Could not find lights.rad in lights.rad.
Trying VRAD BIN directory instead...
Warning: Couldn't open texlight file C:\Program Files (x86)\Steam\steamapps\common\Portal 2\bin\lights.rad.
Loading c:\program files (x86)\steam\steamapps\common\portal 2\sdk_content\maps\wip\chapter 6\mp_coop_a3_bomb_flings.bsp



materialPath: C:\Program Files (x86)\Steam\steamapps\common\Portal 2\portal2\materials
Loading C:\Program Files (x86)\Steam\steamapps\common\Portal 2\sdk_content\maps\WIP\Chapter 6\mp_coop_a3_bomb_flings.vmf
ConVarRef gpu_level doesn't point to an existing ConVar
Error! Variable "$envmap" is multiply defined in material "metal/underground_wall_metal004a_bottom"!
fixing up env_cubemap materials on brush sides...
0...1...2...3...4...5...6...7...8...9...100...1...2...3...4...5...6...7...8...9...10Processing areas...done (0)
Building Faces...done (0)
Chop Details...done (0)
Find Visible Detail Sides...
Merged 316 detail faces...done (0)
Merging details...done (0)
FixTjuncs...
PruneNodes...
WriteBSP...
done (0)
writing C:\Program Files (x86)\Steam\steamapps\common\Portal 2\sdk_content\maps\WIP\Chapter 6\mp_coop_a3_bomb_flings.prt...Building visibility clusters...
done (0)
Finding displacement neighbors...
Finding lightmap sample positions...
Displacement Alpha : 0...1...2...3...4...5...6...7...8...9...10
Building Physics collision data...
done (0) (283868 bytes)
Encountered obsolete static prop option to do its fade in screen space @ 0.00 512.00 -128.00
Encountered obsolete static prop option to do its fade in screen space @ 0.00 512.00 -128.00
Encountered obsolete static prop option to do its fade in screen space @ 0.00 512.00 -128.00
Encountered obsolete static prop option to do its fade in screen space @ 0.00 512.00 -128.00
Encountered obsolete static prop option to do its fade in screen space @ 0.00 512.00 -128.00
Encountered obsolete static prop option to do its fade in screen space @ 1024.00 1472.00 385.25
Encountered obsolete static prop option to do its fade in screen space @ 1024.00 1472.00 129.25
Encountered obsolete static prop option to do its fade in screen space @ 1024.00 1472.00 -126.75
Encountered obsolete static prop option to do its fade in screen space @ 1024.00 1472.00 -382.75
Encountered obsolete static prop option to do its fade in screen space @ 1024.00 1472.00 -638.75
Encountered obsolete static prop option to do its fade in screen space @ 1024.00 1472.00 -1150.75
Encountered obsolete static prop option to do its fade in screen space @ 1024.00 1472.00 -894.75
Encountered obsolete static prop option to do its fade in screen space @ 1024.00 1472.00 -1406.75
Encountered obsolete static prop option to do its fade in screen space @ 1024.00 1472.00 -1662.75
Placing detail props : 0...1...2...3...4...5...6...7...8...9...10
Compacting texture/material tables...
Reduced 1484 texinfos to 1038
Reduced 112 texdatas to 99 (5217 bytes to 4533)
Writing C:\Program Files (x86)\Steam\steamapps\common\Portal 2\sdk_content\maps\WIP\Chapter 6\mp_coop_a3_bomb_flings.bsp

nummapplanes:     (  7240 / 65536 )
nummapbrushes:    (   665 /  8192 )
nummapbrushsides: (  6743 / 65536 )
num_map_overlays: (    47 /   512 )
nummodels:        (    41 /  1024 )
num_entities:     (   432 / 16384 )

2 seconds elapsed



24 threads
reading c:\program files (x86)\steam\steamapps\common\portal 2\sdk_content\maps\wip\chapter 6\mp_coop_a3_bomb_flings.bsp
reading c:\program files (x86)\steam\steamapps\common\portal 2\sdk_content\maps\wip\chapter 6\mp_coop_a3_bomb_flings.prt
 857 portalclusters
3520 numportals
0...1...2...3...4...5...6...7...8...9...10Optimized: 14693 visible clusters (0.00%)
Total clusters visible: 679255
Average clusters visible: 792
Building PAS...
Average clusters audible: 831
visdatasize:190425  compressed from 191968
writing c:\program files (x86)\steam\steamapps\common\portal 2\sdk_content\maps\wip\chapter 6\mp_coop_a3_bomb_flings.bsp
0 seconds elapsed



Could not find lights.rad in lights.rad.
Trying VRAD BIN directory instead...
Warning: Couldn't open texlight file C:\Program Files (x86)\Steam\steamapps\common\Portal 2\bin\lights.rad.
Loading c:\program files (x86)\steam\steamapps\common\portal 2\sdk_content\maps\wip\chapter 6\mp_coop_a3_bomb_flings.bsp
2352 faces
626008 square feet [90145280.00 square inches]
0 Displacements
0 Square Feet [0.00 Square Inches]
2352 patches before subdivision
43224 patches after subdivision
128 direct lights
0...1...2...3...4...5...6...7...8...9...100...1...2...3...4...5...6...7...8...9...10transfers 4251988, max 519
transfer lists:  32.4 megs
0...1...2...3...4...5...6...7...8...9...10	Bounce #1 added RGB(25059, 22300, 15857)
0...1...2...3...4...5...6...7...8...9...10	Bounce #2 added RGB(3081, 2787, 1821)
0...1...2...3...4...5...6...7...8...9...10	Bounce #3 added RGB(662, 596, 383)
0...1...2...3...4...5...6...7...8...9...10	Bounce #4 added RGB(141, 125, 75)
0...1...2...3...4...5...6...7...8...9...10	Bounce #5 added RGB(36, 31, 18)
0...1...2...3...4...5...6...7...8...9...10	Bounce #6 added RGB(9, 7, 4)
0...1...2...3...4...5...6...7...8...9...10	Bounce #7 added RGB(2, 2, 1)
0...1...2...3...4...5...6...7...8...9...10	Bounce #8 added RGB(1, 0, 0)
Build Patch/Sample Hash Table(s).....Done<0.0119 sec>
0...1...2...3...4...5...6...7...8...9...10FinalLightFace Done
0 of 0 (0% of) surface lights went in leaf ambient cubes.
0...1...2...3...4...5...6...7...8...9...10Writing leaf ambient...done
Ready to Finish

Object names       Objects/Maxobjs  Memory / Maxmem  Fullness 
------------       ---------------  ---------------  -------- 
models                  41/1024         1968/49152    ( 4.0%) 
brushes                665/8192         7980/98304    ( 8.1%) 
brushsides            6744/65536       53952/524288   (10.3%) 
planes                7240/65536      144800/1310720  (11.0%) 
vertexes              4127/65536       49524/786432   ( 6.3%) 
nodes                 1514/65536       48448/2097152  ( 2.3%) 
texinfos              1038/12288       74736/884736   ( 8.4%) 
texdata                 99/2048         3168/65536    ( 4.8%) 
dispinfos                0/0               0/0        ( 0.0%) 
disp_verts               0/0               0/0        ( 0.0%) 
disp_tris                0/0               0/0        ( 0.0%) 
disp_multiblend          0/0               0/0        ( 0.0%) 
disp_lmsamples           0/0               0/0        ( 0.0%) 
faces                 2352/65536      131712/3670016  ( 3.6%) 
hdr faces                0/65536           0/3670016  ( 0.0%) 
origfaces             1779/65536       99624/3670016  ( 2.7%) 
facebrushes            336/0             672/0        ( 0.0%) 
facebrushlists        2352/0            9408/0        ( 0.0%) 
leaves                1556/65536       49792/2097152  ( 2.4%) 
leaffaces             3145/65536        6290/131072   ( 4.8%) 
leafbrushes           1527/65536        3054/131072   ( 2.3%) 
areas                   10/256            80/2048     ( 3.9%) 
surfedges            18677/512000      74708/2048000  ( 3.6%) 
edges                11377/256000      45508/1024000  ( 4.4%) 
LDR worldlights        128/8192        12800/819200   ( 1.6%) 
HDR worldlights          0/8192            0/819200   ( 0.0%) 
leafwaterdata            1/32768          12/393216   ( 0.0%) 
waterstrips            382/32768        3820/327680   ( 1.2%) 
waterverts               0/65536           0/786432   ( 0.0%) 
waterindices          5889/65536       11778/131072   ( 9.0%) 
cubemapsamples          33/1024          528/16384    ( 3.2%) 
overlays                47/512         16544/180224   ( 9.2%) 
LDR lightdata         [variable]     2267188/0        ( 0.0%) 
HDR lightdata         [variable]           0/0        ( 0.0%) 
visdata               [variable]      190425/16777216 ( 1.1%) 
entdata               [variable]      132258/393216   (33.6%) 
LDR ambient table     1556/65536        6224/262144   ( 2.4%) 
HDR ambient table     1556/65536        6224/262144   ( 2.4%) 
LDR leaf ambient      6617/65536      185276/1835008  (10.1%) 
HDR leaf ambient      1556/65536       43568/1835008  ( 2.4%) 
occluders                0/0               0/0        ( 0.0%) 
occluder polygons        0/0               0/0        ( 0.0%) 
occluder vert ind        0/0               0/0        ( 0.0%) 
detail props          [variable]           1/12       ( 8.3%) 
static props          [variable]           1/51468    ( 0.0%) 
pakfile               [variable]     2547548/0        ( 0.0%) 
physics               [variable]      283868/4194304  ( 6.8%) 
physics terrain       [variable]           2/1048576  ( 0.0%) 

Level flags = 0

Total triangle count: 6627
Writing c:\program files (x86)\steam\steamapps\common\portal 2\sdk_content\maps\wip\chapter 6\mp_coop_a3_bomb_flings.bsp
8 seconds elapsed



materialPath: C:\Program Files (x86)\Steam\steamapps\common\Portal 2\portal2\materials
Loading C:\Program Files (x86)\Steam\steamapps\common\Portal 2\sdk_content\maps\WIP\Chapter 6\mp_coop_a3_bomb_flings.vmf
ConVarRef gpu_level doesn't point to an existing ConVar
Error! Variable "$envmap" is multiply defined in material "metal/underground_wall_metal004a_bottom"!
fixing up env_cubemap materials on brush sides...
0...1...2...3...4...5...6...7...8...9...100...1...2...3...4...5...6...7...8...9...10Processing areas...done (0)
Building Faces...done (0)
Chop Details...done (0)
Find Visible Detail Sides...
Merged 316 detail faces...done (0)
Merging details...done (0)
FixTjuncs...
PruneNodes...
WriteBSP...
done (0)
writing C:\Program Files (x86)\Steam\steamapps\common\Portal 2\sdk_content\maps\WIP\Chapter 6\mp_coop_a3_bomb_flings.prt...Building visibility clusters...
done (0)
Finding displacement neighbors...
Finding lightmap sample positions...
Displacement Alpha : 0...1...2...3...4...5...6...7...8...9...10
Building Physics collision data...
done (0) (283868 bytes)
Encountered obsolete static prop option to do its fade in screen space @ 0.00 512.00 -128.00
Encountered obsolete static prop option to do its fade in screen space @ 0.00 512.00 -128.00
Encountered obsolete static prop option to do its fade in screen space @ 0.00 512.00 -128.00
Encountered obsolete static prop option to do its fade in screen space @ 0.00 512.00 -128.00
Encountered obsolete static prop option to do its fade in screen space @ 0.00 512.00 -128.00
Encountered obsolete static prop option to do its fade in screen space @ 1024.00 1472.00 385.25
Encountered obsolete static prop option to do its fade in screen space @ 1024.00 1472.00 129.25
Encountered obsolete static prop option to do its fade in screen space @ 1024.00 1472.00 -126.75
Encountered obsolete static prop option to do its fade in screen space @ 1024.00 1472.00 -382.75
Encountered obsolete static prop option to do its fade in screen space @ 1024.00 1472.00 -638.75
Encountered obsolete static prop option to do its fade in screen space @ 1024.00 1472.00 -1150.75
Encountered obsolete static prop option to do its fade in screen space @ 1024.00 1472.00 -894.75
Encountered obsolete static prop option to do its fade in screen space @ 1024.00 1472.00 -1406.75
Encountered obsolete static prop option to do its fade in screen space @ 1024.00 1472.00 -1662.75
Placing detail props : 0...1...2...3...4...5...6...7...8...9...10
Compacting texture/material tables...
Reduced 1484 texinfos to 1038
Reduced 112 texdatas to 99 (5217 bytes to 4533)
Writing C:\Program Files (x86)\Steam\steamapps\common\Portal 2\sdk_content\maps\WIP\Chapter 6\mp_coop_a3_bomb_flings.bsp

nummapplanes:     (  7240 / 65536 )
nummapbrushes:    (   665 /  8192 )
nummapbrushsides: (  6743 / 65536 )
num_map_overlays: (    47 /   512 )
nummodels:        (    41 /  1024 )
num_entities:     (   435 / 16384 )

2 seconds elapsed



24 threads
reading c:\program files (x86)\steam\steamapps\common\portal 2\sdk_content\maps\wip\chapter 6\mp_coop_a3_bomb_flings.bsp
reading c:\program files (x86)\steam\steamapps\common\portal 2\sdk_content\maps\wip\chapter 6\mp_coop_a3_bomb_flings.prt
 857 portalclusters
3520 numportals
0...1...2...3...4...5...6...7...8...9...10Optimized: 14693 visible clusters (0.00%)
Total clusters visible: 679255
Average clusters visible: 792
Building PAS...
Average clusters audible: 831
visdatasize:190425  compressed from 191968
writing c:\program files (x86)\steam\steamapps\common\portal 2\sdk_content\maps\wip\chapter 6\mp_coop_a3_bomb_flings.bsp
0 seconds elapsed



Could not find lights.rad in lights.rad.
Trying VRAD BIN directory instead...
Warning: Couldn't open texlight file C:\Program Files (x86)\Steam\steamapps\common\Portal 2\bin\lights.rad.
Loading c:\program files (x86)\steam\steamapps\common\portal 2\sdk_content\maps\wip\chapter 6\mp_coop_a3_bomb_flings.bsp
2352 faces
626008 square feet [90145280.00 square inches]
0 Displacements
0 Square Feet [0.00 Square Inches]
2352 patches before subdivision
43224 patches after subdivision
128 direct lights
0...1...2...3...4...5...6...7...8...9...100...1...2...3...4...5...6...7...8...9...10transfers 4251988, max 519
transfer lists:  32.4 megs
0...1...2...3...4...5...6...7...8...9...10	Bounce #1 added RGB(25059, 22300, 15857)
0...1...2...3...4...5...6...7...8...9...10	Bounce #2 added RGB(3081, 2787, 1821)
0...1...2...3...4...5...6...7...8...9...10	Bounce #3 added RGB(662, 596, 383)
0...1...2...3...4...5...6...7...8...9...10	Bounce #4 added RGB(141, 125, 75)
0...1...2...3...4...5...6...7...8...9...10	Bounce #5 added RGB(36, 31, 18)
0...1...2...3...4...5...6...7...8...9...10	Bounce #6 added RGB(9, 7, 4)
0...1...2...3...4...5...6...7...8...9...10	Bounce #7 added RGB(2, 2, 1)
0...1...2...3...4...5...6...7...8...9...10	Bounce #8 added RGB(1, 0, 0)
Build Patch/Sample Hash Table(s).....Done<0.0076 sec>
0...1...2...3...4...5...6...7...8...9...10FinalLightFace Done
0 of 0 (0% of) surface lights went in leaf ambient cubes.
0...1...2...3...4...5...6...7...8...9...10Writing leaf ambient...done
Ready to Finish

Object names       Objects/Maxobjs  Memory / Maxmem  Fullness 
------------       ---------------  ---------------  -------- 
models                  41/1024         1968/49152    ( 4.0%) 
brushes                665/8192         7980/98304    ( 8.1%) 
brushsides            6744/65536       53952/524288   (10.3%) 
planes                7240/65536      144800/1310720  (11.0%) 
vertexes              4127/65536       49524/786432   ( 6.3%) 
nodes                 1514/65536       48448/2097152  ( 2.3%) 
texinfos              1038/12288       74736/884736   ( 8.4%) 
texdata                 99/2048         3168/65536    ( 4.8%) 
dispinfos                0/0               0/0        ( 0.0%) 
disp_verts               0/0               0/0        ( 0.0%) 
disp_tris                0/0               0/0        ( 0.0%) 
disp_multiblend          0/0               0/0        ( 0.0%) 
disp_lmsamples           0/0               0/0        ( 0.0%) 
faces                 2352/65536      131712/3670016  ( 3.6%) 
hdr faces                0/65536           0/3670016  ( 0.0%) 
origfaces             1779/65536       99624/3670016  ( 2.7%) 
facebrushes            336/0             672/0        ( 0.0%) 
facebrushlists        2352/0            9408/0        ( 0.0%) 
leaves                1556/65536       49792/2097152  ( 2.4%) 
leaffaces             3145/65536        6290/131072   ( 4.8%) 
leafbrushes           1527/65536        3054/131072   ( 2.3%) 
areas                   10/256            80/2048     ( 3.9%) 
surfedges            18677/512000      74708/2048000  ( 3.6%) 
edges                11377/256000      45508/1024000  ( 4.4%) 
LDR worldlights        128/8192        12800/819200   ( 1.6%) 
HDR worldlights          0/8192            0/819200   ( 0.0%) 
leafwaterdata            1/32768          12/393216   ( 0.0%) 
waterstrips            382/32768        3820/327680   ( 1.2%) 
waterverts               0/65536           0/786432   ( 0.0%) 
waterindices          5889/65536       11778/131072   ( 9.0%) 
cubemapsamples          33/1024          528/16384    ( 3.2%) 
overlays                47/512         16544/180224   ( 9.2%) 
LDR lightdata         [variable]     2267188/0        ( 0.0%) 
HDR lightdata         [variable]           0/0        ( 0.0%) 
visdata               [variable]      190425/16777216 ( 1.1%) 
entdata               [variable]      133110/393216   (33.9%) 
LDR ambient table     1556/65536        6224/262144   ( 2.4%) 
HDR ambient table     1556/65536        6224/262144   ( 2.4%) 
LDR leaf ambient      6617/65536      185276/1835008  (10.1%) 
HDR leaf ambient      1556/65536       43568/1835008  ( 2.4%) 
occluders                0/0               0/0        ( 0.0%) 
occluder polygons        0/0               0/0        ( 0.0%) 
occluder vert ind        0/0               0/0        ( 0.0%) 
detail props          [variable]           1/12       ( 8.3%) 
static props          [variable]           1/51468    ( 0.0%) 
pakfile               [variable]     2547548/0        ( 0.0%) 
physics               [variable]      283868/4194304  ( 6.8%) 
physics terrain       [variable]           2/1048576  ( 0.0%) 

Level flags = 0

Total triangle count: 6627
Writing c:\program files (x86)\steam\steamapps\common\portal 2\sdk_content\maps\wip\chapter 6\mp_coop_a3_bomb_flings.bsp
7 seconds elapsed



materialPath: C:\Program Files (x86)\Steam\steamapps\common\Portal 2\portal2\materials
Loading C:\Program Files (x86)\Steam\steamapps\common\Portal 2\sdk_content\maps\WIP\Chapter 6\mp_coop_a3_bomb_flings.vmf
ConVarRef gpu_level doesn't point to an existing ConVar
Error! Variable "$envmap" is multiply defined in material "metal/underground_wall_metal004a_bottom"!
fixing up env_cubemap materials on brush sides...
0...1...2...3...4...5...6...7...8...9...100...1...2...3...4...5...6...7...8...9...10Processing areas...done (0)
Building Faces...done (0)
Chop Details...done (0)
Find Visible Detail Sides...
Merged 316 detail faces...done (0)
Merging details...done (0)
FixTjuncs...
PruneNodes...
WriteBSP...
done (0)
writing C:\Program Files (x86)\Steam\steamapps\common\Portal 2\sdk_content\maps\WIP\Chapter 6\mp_coop_a3_bomb_flings.prt...Building visibility clusters...
done (0)
Finding displacement neighbors...
Finding lightmap sample positions...
Displacement Alpha : 0...1...2...3...4...5...6...7...8...9...10
Building Physics collision data...
done (0) (283868 bytes)
Encountered obsolete static prop option to do its fade in screen space @ 0.00 512.00 -128.00
Encountered obsolete static prop option to do its fade in screen space @ 0.00 512.00 -128.00
Encountered obsolete static prop option to do its fade in screen space @ 0.00 512.00 -128.00
Encountered obsolete static prop option to do its fade in screen space @ 0.00 512.00 -128.00
Encountered obsolete static prop option to do its fade in screen space @ 0.00 512.00 -128.00
Encountered obsolete static prop option to do its fade in screen space @ 1024.00 1472.00 385.25
Encountered obsolete static prop option to do its fade in screen space @ 1024.00 1472.00 129.25
Encountered obsolete static prop option to do its fade in screen space @ 1024.00 1472.00 -126.75
Encountered obsolete static prop option to do its fade in screen space @ 1024.00 1472.00 -382.75
Encountered obsolete static prop option to do its fade in screen space @ 1024.00 1472.00 -638.75
Encountered obsolete static prop option to do its fade in screen space @ 1024.00 1472.00 -1150.75
Encountered obsolete static prop option to do its fade in screen space @ 1024.00 1472.00 -894.75
Encountered obsolete static prop option to do its fade in screen space @ 1024.00 1472.00 -1406.75
Encountered obsolete static prop option to do its fade in screen space @ 1024.00 1472.00 -1662.75
Placing detail props : 0...1...2...3...4...5...6...7...8...9...10
Compacting texture/material tables...
Reduced 1484 texinfos to 1038
Reduced 112 texdatas to 99 (5217 bytes to 4533)
Writing C:\Program Files (x86)\Steam\steamapps\common\Portal 2\sdk_content\maps\WIP\Chapter 6\mp_coop_a3_bomb_flings.bsp

nummapplanes:     (  7240 / 65536 )
nummapbrushes:    (   665 /  8192 )
nummapbrushsides: (  6743 / 65536 )
num_map_overlays: (    47 /   512 )
nummodels:        (    41 /  1024 )
num_entities:     (   436 / 16384 )

2 seconds elapsed



24 threads
reading c:\program files (x86)\steam\steamapps\common\portal 2\sdk_content\maps\wip\chapter 6\mp_coop_a3_bomb_flings.bsp
reading c:\program files (x86)\steam\steamapps\common\portal 2\sdk_content\maps\wip\chapter 6\mp_coop_a3_bomb_flings.prt
 857 portalclusters
3520 numportals
0...1...2...3...4...5...6...7...8...9...10Optimized: 14693 visible clusters (0.00%)
Total clusters visible: 679255
Average clusters visible: 792
Building PAS...
Average clusters audible: 831
visdatasize:190425  compressed from 191968
writing c:\program files (x86)\steam\steamapps\common\portal 2\sdk_content\maps\wip\chapter 6\mp_coop_a3_bomb_flings.bsp
0 seconds elapsed



[Reading texlights from 'lights.rad']
[59 texlights parsed from 'lights.rad']

Loading c:\program files (x86)\steam\steamapps\common\portal 2\sdk_content\maps\wip\chapter 6\mp_coop_a3_bomb_flings.bsp
2352 faces
626008 square feet [90145280.00 square inches]
0 Displacements
0 Square Feet [0.00 Square Inches]
2352 patches before subdivision
43224 patches after subdivision
128 direct lights
0...1...2...3...4...5...6...7...8...9...100...1...2...3...4...5...6...7...8...9...10transfers 4251988, max 519
transfer lists:  32.4 megs
0...1...2...3...4...5...6...7...8...9...10	Bounce #1 added RGB(25059, 22300, 15857)
0...1...2...3...4...5...6...7...8...9...10	Bounce #2 added RGB(3081, 2787, 1821)
0...1...2...3...4...5...6...7...8...9...10	Bounce #3 added RGB(662, 596, 383)
0...1...2...3...4...5...6...7...8...9...10	Bounce #4 added RGB(141, 125, 75)
0...1...2...3...4...5...6...7...8...9...10	Bounce #5 added RGB(36, 31, 18)
0...1...2...3...4...5...6...7...8...9...10	Bounce #6 added RGB(9, 7, 4)
0...1...2...3...4...5...6...7...8...9...10	Bounce #7 added RGB(2, 2, 1)
0...1...2...3...4...5...6...7...8...9...10	Bounce #8 added RGB(1, 0, 0)
Build Patch/Sample Hash Table(s).....Done<0.0077 sec>
0...1...2...3...4...5...6...7...8...9...10FinalLightFace Done
0 of 0 (0% of) surface lights went in leaf ambient cubes.
0...1...2...3...4...5...6...7...8...9...10Writing leaf ambient...done
Ready to Finish

Object names       Objects/Maxobjs  Memory / Maxmem  Fullness 
------------       ---------------  ---------------  -------- 
models                  41/1024         1968/49152    ( 4.0%) 
brushes                665/8192         7980/98304    ( 8.1%) 
brushsides            6744/65536       53952/524288   (10.3%) 
planes                7240/65536      144800/1310720  (11.0%) 
vertexes              4127/65536       49524/786432   ( 6.3%) 
nodes                 1514/65536       48448/2097152  ( 2.3%) 
texinfos              1038/12288       74736/884736   ( 8.4%) 
texdata                 99/2048         3168/65536    ( 4.8%) 
dispinfos                0/0               0/0        ( 0.0%) 
disp_verts               0/0               0/0        ( 0.0%) 
disp_tris                0/0               0/0        ( 0.0%) 
disp_multiblend          0/0               0/0        ( 0.0%) 
disp_lmsamples           0/0               0/0        ( 0.0%) 
faces                 2352/65536      131712/3670016  ( 3.6%) 
hdr faces                0/65536           0/3670016  ( 0.0%) 
origfaces             1779/65536       99624/3670016  ( 2.7%) 
facebrushes            336/0             672/0        ( 0.0%) 
facebrushlists        2352/0            9408/0        ( 0.0%) 
leaves                1556/65536       49792/2097152  ( 2.4%) 
leaffaces             3145/65536        6290/131072   ( 4.8%) 
leafbrushes           1527/65536        3054/131072   ( 2.3%) 
areas                   10/256            80/2048     ( 3.9%) 
surfedges            18677/512000      74708/2048000  ( 3.6%) 
edges                11377/256000      45508/1024000  ( 4.4%) 
LDR worldlights        128/8192        12800/819200   ( 1.6%) 
HDR worldlights          0/8192            0/819200   ( 0.0%) 
leafwaterdata            1/32768          12/393216   ( 0.0%) 
waterstrips            382/32768        3820/327680   ( 1.2%) 
waterverts               0/65536           0/786432   ( 0.0%) 
waterindices          5889/65536       11778/131072   ( 9.0%) 
cubemapsamples          33/1024          528/16384    ( 3.2%) 
overlays                47/512         16544/180224   ( 9.2%) 
LDR lightdata         [variable]     2267188/0        ( 0.0%) 
HDR lightdata         [variable]           0/0        ( 0.0%) 
visdata               [variable]      190425/16777216 ( 1.1%) 
entdata               [variable]      133357/393216   (33.9%) 
LDR ambient table     1556/65536        6224/262144   ( 2.4%) 
HDR ambient table     1556/65536        6224/262144   ( 2.4%) 
LDR leaf ambient      6617/65536      185276/1835008  (10.1%) 
HDR leaf ambient      1556/65536       43568/1835008  ( 2.4%) 
occluders                0/0               0/0        ( 0.0%) 
occluder polygons        0/0               0/0        ( 0.0%) 
occluder vert ind        0/0               0/0        ( 0.0%) 
detail props          [variable]           1/12       ( 8.3%) 
static props          [variable]           1/51468    ( 0.0%) 
pakfile               [variable]     2547548/0        ( 0.0%) 
physics               [variable]      283868/4194304  ( 6.8%) 
physics terrain       [variable]           2/1048576  ( 0.0%) 

Level flags = 0

Total triangle count: 6627
Writing c:\program files (x86)\steam\steamapps\common\portal 2\sdk_content\maps\wip\chapter 6\mp_coop_a3_bomb_flings.bsp
7 seconds elapsed



materialPath: C:\Program Files (x86)\Steam\steamapps\common\Portal 2\portal2\materials
Loading C:\Program Files (x86)\Steam\steamapps\common\Portal 2\sdk_content\maps\WIP\Chapter 6\mp_coop_a3_bomb_flings.vmf
ConVarRef gpu_level doesn't point to an existing ConVar
Error! Variable "$envmap" is multiply defined in material "metal/underground_wall_metal004a_bottom"!
fixing up env_cubemap materials on brush sides...
0...1...2...3...4...5...6...7...8...9...100...1...2...3...4...5...6...7...8...9...10Processing areas...done (0)
Building Faces...done (0)
Chop Details...done (0)
Find Visible Detail Sides...
Merged 316 detail faces...done (0)
Merging details...done (0)
FixTjuncs...
PruneNodes...
WriteBSP...
done (0)
writing C:\Program Files (x86)\Steam\steamapps\common\Portal 2\sdk_content\maps\WIP\Chapter 6\mp_coop_a3_bomb_flings.prt...Building visibility clusters...
done (0)
Finding displacement neighbors...
Finding lightmap sample positions...
Displacement Alpha : 0...1...2...3...4...5...6...7...8...9...10
Building Physics collision data...
done (0) (283868 bytes)
Encountered obsolete static prop option to do its fade in screen space @ 0.00 512.00 -128.00
Encountered obsolete static prop option to do its fade in screen space @ 0.00 512.00 -128.00
Encountered obsolete static prop option to do its fade in screen space @ 0.00 512.00 -128.00
Encountered obsolete static prop option to do its fade in screen space @ 0.00 512.00 -128.00
Encountered obsolete static prop option to do its fade in screen space @ 0.00 512.00 -128.00
Encountered obsolete static prop option to do its fade in screen space @ 1024.00 1472.00 385.25
Encountered obsolete static prop option to do its fade in screen space @ 1024.00 1472.00 129.25
Encountered obsolete static prop option to do its fade in screen space @ 1024.00 1472.00 -126.75
Encountered obsolete static prop option to do its fade in screen space @ 1024.00 1472.00 -382.75
Encountered obsolete static prop option to do its fade in screen space @ 1024.00 1472.00 -638.75
Encountered obsolete static prop option to do its fade in screen space @ 1024.00 1472.00 -1150.75
Encountered obsolete static prop option to do its fade in screen space @ 1024.00 1472.00 -894.75
Encountered obsolete static prop option to do its fade in screen space @ 1024.00 1472.00 -1406.75
Encountered obsolete static prop option to do its fade in screen space @ 1024.00 1472.00 -1662.75
Placing detail props : 0...1...2...3...4...5...6...7...8...9...10
Compacting texture/material tables...
Reduced 1484 texinfos to 1038
Reduced 112 texdatas to 99 (5217 bytes to 4533)
Writing C:\Program Files (x86)\Steam\steamapps\common\Portal 2\sdk_content\maps\WIP\Chapter 6\mp_coop_a3_bomb_flings.bsp

nummapplanes:     (  7240 / 65536 )
nummapbrushes:    (   665 /  8192 )
nummapbrushsides: (  6743 / 65536 )
num_map_overlays: (    47 /   512 )
nummodels:        (    41 /  1024 )
num_entities:     (   436 / 16384 )

2 seconds elapsed



24 threads
reading c:\program files (x86)\steam\steamapps\common\portal 2\sdk_content\maps\wip\chapter 6\mp_coop_a3_bomb_flings.bsp
reading c:\program files (x86)\steam\steamapps\common\portal 2\sdk_content\maps\wip\chapter 6\mp_coop_a3_bomb_flings.prt
 857 portalclusters
3520 numportals
0...1...2...3...4...5...6...7...8...9...10Optimized: 14693 visible clusters (0.00%)
Total clusters visible: 679255
Average clusters visible: 792
Building PAS...
Average clusters audible: 831
visdatasize:190425  compressed from 191968
writing c:\program files (x86)\steam\steamapps\common\portal 2\sdk_content\maps\wip\chapter 6\mp_coop_a3_bomb_flings.bsp
0 seconds elapsed



[Reading texlights from 'lights.rad']
[59 texlights parsed from 'lights.rad']

Loading c:\program files (x86)\steam\steamapps\common\portal 2\sdk_content\maps\wip\chapter 6\mp_coop_a3_bomb_flings.bsp
2352 faces
626008 square feet [90145280.00 square inches]
0 Displacements
0 Square Feet [0.00 Square Inches]
2352 patches before subdivision
43224 patches after subdivision
128 direct lights
0...1...2...3...4...5...6...7...8...9...100...1...2...3...4...5...6...7...8...9...10transfers 4251988, max 519
transfer lists:  32.4 megs
0...1...2...3...4...5...6...7...8...9...10	Bounce #1 added RGB(25059, 22300, 15857)
0...1...2...3...4...5...6...7...8...9...10	Bounce #2 added RGB(3081, 2787, 1821)
0...1...2...3...4...5...6...7...8...9...10	Bounce #3 added RGB(662, 596, 383)
0...1...2...3...4...5...6...7...8...9...10	Bounce #4 added RGB(141, 125, 75)
0...1...2...3...4...5...6...7...8...9...10	Bounce #5 added RGB(36, 31, 18)
0...1...2...3...4...5...6...7...8...9...10	Bounce #6 added RGB(9, 7, 4)
0...1...2...3...4...5...6...7...8...9...10	Bounce #7 added RGB(2, 2, 1)
0...1...2...3...4...5...6...7...8...9...10	Bounce #8 added RGB(1, 0, 0)
Build Patch/Sample Hash Table(s).....Done<0.0077 sec>
0...1...2...3...4...5...6...7...8...9...10FinalLightFace Done
0 of 0 (0% of) surface lights went in leaf ambient cubes.
0...1...2...3...4...5...6...7...8...9...10Writing leaf ambient...done
Ready to Finish

Object names       Objects/Maxobjs  Memory / Maxmem  Fullness 
------------       ---------------  ---------------  -------- 
models                  41/1024         1968/49152    ( 4.0%) 
brushes                665/8192         7980/98304    ( 8.1%) 
brushsides            6744/65536       53952/524288   (10.3%) 
planes                7240/65536      144800/1310720  (11.0%) 
vertexes              4127/65536       49524/786432   ( 6.3%) 
nodes                 1514/65536       48448/2097152  ( 2.3%) 
texinfos              1038/12288       74736/884736   ( 8.4%) 
texdata                 99/2048         3168/65536    ( 4.8%) 
dispinfos                0/0               0/0        ( 0.0%) 
disp_verts               0/0               0/0        ( 0.0%) 
disp_tris                0/0               0/0        ( 0.0%) 
disp_multiblend          0/0               0/0        ( 0.0%) 
disp_lmsamples           0/0               0/0        ( 0.0%) 
faces                 2352/65536      131712/3670016  ( 3.6%) 
hdr faces                0/65536           0/3670016  ( 0.0%) 
origfaces             1779/65536       99624/3670016  ( 2.7%) 
facebrushes            336/0             672/0        ( 0.0%) 
facebrushlists        2352/0            9408/0        ( 0.0%) 
leaves                1556/65536       49792/2097152  ( 2.4%) 
leaffaces             3145/65536        6290/131072   ( 4.8%) 
leafbrushes           1527/65536        3054/131072   ( 2.3%) 
areas                   10/256            80/2048     ( 3.9%) 
surfedges            18677/512000      74708/2048000  ( 3.6%) 
edges                11377/256000      45508/1024000  ( 4.4%) 
LDR worldlights        128/8192        12800/819200   ( 1.6%) 
HDR worldlights          0/8192            0/819200   ( 0.0%) 
leafwaterdata            1/32768          12/393216   ( 0.0%) 
waterstrips            382/32768        3820/327680   ( 1.2%) 
waterverts               0/65536           0/786432   ( 0.0%) 
waterindices          5889/65536       11778/131072   ( 9.0%) 
cubemapsamples          33/1024          528/16384    ( 3.2%) 
overlays                47/512         16544/180224   ( 9.2%) 
LDR lightdata         [variable]     2267188/0        ( 0.0%) 
HDR lightdata         [variable]           0/0        ( 0.0%) 
visdata               [variable]      190425/16777216 ( 1.1%) 
entdata               [variable]      133355/393216   (33.9%) 
LDR ambient table     1556/65536        6224/262144   ( 2.4%) 
HDR ambient table     1556/65536        6224/262144   ( 2.4%) 
LDR leaf ambient      6617/65536      185276/1835008  (10.1%) 
HDR leaf ambient      1556/65536       43568/1835008  ( 2.4%) 
occluders                0/0               0/0        ( 0.0%) 
occluder polygons        0/0               0/0        ( 0.0%) 
occluder vert ind        0/0               0/0        ( 0.0%) 
detail props          [variable]           1/12       ( 8.3%) 
static props          [variable]           1/51468    ( 0.0%) 
pakfile               [variable]     2547548/0        ( 0.0%) 
physics               [variable]      283868/4194304  ( 6.8%) 
physics terrain       [variable]           2/1048576  ( 0.0%) 

Level flags = 0

Total triangle count: 6627
Writing c:\program files (x86)\steam\steamapps\common\portal 2\sdk_content\maps\wip\chapter 6\mp_coop_a3_bomb_flings.bsp
7 seconds elapsed



materialPath: C:\Program Files (x86)\Steam\steamapps\common\Portal 2\portal2\materials
Loading C:\Program Files (x86)\Steam\steamapps\common\Portal 2\sdk_content\maps\WIP\Chapter 6\mp_coop_a3_bomb_flings.vmf
ConVarRef gpu_level doesn't point to an existing ConVar
Error! Variable "$envmap" is multiply defined in material "metal/underground_wall_metal004a_bottom"!
fixing up env_cubemap materials on brush sides...
0...1...2...3...4...5...6...7...8...9...100...1...2...3...4...5...6...7...8...9...10Processing areas...done (0)
Building Faces...done (0)
Chop Details...done (0)
Find Visible Detail Sides...
Merged 316 detail faces...done (0)
Merging details...done (0)
FixTjuncs...
PruneNodes...
WriteBSP...
done (0)
writing C:\Program Files (x86)\Steam\steamapps\common\Portal 2\sdk_content\maps\WIP\Chapter 6\mp_coop_a3_bomb_flings.prt...Building visibility clusters...
done (0)
Finding displacement neighbors...
Finding lightmap sample positions...
Displacement Alpha : 0...1...2...3...4...5...6...7...8...9...10
Building Physics collision data...
done (0) (283868 bytes)
Encountered obsolete static prop option to do its fade in screen space @ 0.00 512.00 -128.00
Encountered obsolete static prop option to do its fade in screen space @ 0.00 512.00 -128.00
Encountered obsolete static prop option to do its fade in screen space @ 0.00 512.00 -128.00
Encountered obsolete static prop option to do its fade in screen space @ 0.00 512.00 -128.00
Encountered obsolete static prop option to do its fade in screen space @ 0.00 512.00 -128.00
Encountered obsolete static prop option to do its fade in screen space @ 1024.00 1472.00 385.25
Encountered obsolete static prop option to do its fade in screen space @ 1024.00 1472.00 129.25
Encountered obsolete static prop option to do its fade in screen space @ 1024.00 1472.00 -126.75
Encountered obsolete static prop option to do its fade in screen space @ 1024.00 1472.00 -382.75
Encountered obsolete static prop option to do its fade in screen space @ 1024.00 1472.00 -638.75
Encountered obsolete static prop option to do its fade in screen space @ 1024.00 1472.00 -1150.75
Encountered obsolete static prop option to do its fade in screen space @ 1024.00 1472.00 -894.75
Encountered obsolete static prop option to do its fade in screen space @ 1024.00 1472.00 -1406.75
Encountered obsolete static prop option to do its fade in screen space @ 1024.00 1472.00 -1662.75
Placing detail props : 0...1...2...3...4...5...6...7...8...9...10
Compacting texture/material tables...
Reduced 1484 texinfos to 1038
Reduced 112 texdatas to 99 (5217 bytes to 4533)
Writing C:\Program Files (x86)\Steam\steamapps\common\Portal 2\sdk_content\maps\WIP\Chapter 6\mp_coop_a3_bomb_flings.bsp

nummapplanes:     (  7240 / 65536 )
nummapbrushes:    (   665 /  8192 )
nummapbrushsides: (  6743 / 65536 )
num_map_overlays: (    47 /   512 )
nummodels:        (    41 /  1024 )
num_entities:     (   436 / 16384 )

2 seconds elapsed



24 threads
reading c:\program files (x86)\steam\steamapps\common\portal 2\sdk_content\maps\wip\chapter 6\mp_coop_a3_bomb_flings.bsp
reading c:\program files (x86)\steam\steamapps\common\portal 2\sdk_content\maps\wip\chapter 6\mp_coop_a3_bomb_flings.prt
 857 portalclusters
3520 numportals
0...1...2...3...4...5...6...7...8...9...10Optimized: 14693 visible clusters (0.00%)
Total clusters visible: 679255
Average clusters visible: 792
Building PAS...
Average clusters audible: 831
visdatasize:190425  compressed from 191968
writing c:\program files (x86)\steam\steamapps\common\portal 2\sdk_content\maps\wip\chapter 6\mp_coop_a3_bomb_flings.bsp
0 seconds elapsed



[Reading texlights from 'lights.rad']
[59 texlights parsed from 'lights.rad']

Loading c:\program files (x86)\steam\steamapps\common\portal 2\sdk_content\maps\wip\chapter 6\mp_coop_a3_bomb_flings.bsp
2352 faces
626008 square feet [90145280.00 square inches]
0 Displacements
0 Square Feet [0.00 Square Inches]
2352 patches before subdivision
43224 patches after subdivision
128 direct lights
0...1...2...3...4...5...6...7...8...9...100...1...2...3...4...5...6...7...8...9...10transfers 4251988, max 519
transfer lists:  32.4 megs
0...1...2...3...4...5...6...7...8...9...10	Bounce #1 added RGB(25059, 22300, 15857)
0...1...2...3...4...5...6...7...8...9...10	Bounce #2 added RGB(3081, 2787, 1821)
0...1...2...3...4...5...6...7...8...9...10	Bounce #3 added RGB(662, 596, 383)
0...1...2...3...4...5...6...7...8...9...10	Bounce #4 added RGB(141, 125, 75)
0...1...2...3...4...5...6...7...8...9...10	Bounce #5 added RGB(36, 31, 18)
0...1...2...3...4...5...6...7...8...9...10	Bounce #6 added RGB(9, 7, 4)
0...1...2...3...4...5...6...7...8...9...10	Bounce #7 added RGB(2, 2, 1)
0...1...2...3...4...5...6...7...8...9...10	Bounce #8 added RGB(1, 0, 0)
Build Patch/Sample Hash Table(s).....Done<0.0080 sec>
0...1...2...3...4...5...6...7...8...9...10FinalLightFace Done
0 of 0 (0% of) surface lights went in leaf ambient cubes.
0...1...2...3...4...5...6...7...8...9...10Writing leaf ambient...done
Ready to Finish

Object names       Objects/Maxobjs  Memory / Maxmem  Fullness 
------------       ---------------  ---------------  -------- 
models                  41/1024         1968/49152    ( 4.0%) 
brushes                665/8192         7980/98304    ( 8.1%) 
brushsides            6744/65536       53952/524288   (10.3%) 
planes                7240/65536      144800/1310720  (11.0%) 
vertexes              4127/65536       49524/786432   ( 6.3%) 
nodes                 1514/65536       48448/2097152  ( 2.3%) 
texinfos              1038/12288       74736/884736   ( 8.4%) 
texdata                 99/2048         3168/65536    ( 4.8%) 
dispinfos                0/0               0/0        ( 0.0%) 
disp_verts               0/0               0/0        ( 0.0%) 
disp_tris                0/0               0/0        ( 0.0%) 
disp_multiblend          0/0               0/0        ( 0.0%) 
disp_lmsamples           0/0               0/0        ( 0.0%) 
faces                 2352/65536      131712/3670016  ( 3.6%) 
hdr faces                0/65536           0/3670016  ( 0.0%) 
origfaces             1779/65536       99624/3670016  ( 2.7%) 
facebrushes            336/0             672/0        ( 0.0%) 
facebrushlists        2352/0            9408/0        ( 0.0%) 
leaves                1556/65536       49792/2097152  ( 2.4%) 
leaffaces             3145/65536        6290/131072   ( 4.8%) 
leafbrushes           1527/65536        3054/131072   ( 2.3%) 
areas                   10/256            80/2048     ( 3.9%) 
surfedges            18677/512000      74708/2048000  ( 3.6%) 
edges                11377/256000      45508/1024000  ( 4.4%) 
LDR worldlights        128/8192        12800/819200   ( 1.6%) 
HDR worldlights          0/8192            0/819200   ( 0.0%) 
leafwaterdata            1/32768          12/393216   ( 0.0%) 
waterstrips            382/32768        3820/327680   ( 1.2%) 
waterverts               0/65536           0/786432   ( 0.0%) 
waterindices          5889/65536       11778/131072   ( 9.0%) 
cubemapsamples          33/1024          528/16384    ( 3.2%) 
overlays                47/512         16544/180224   ( 9.2%) 
LDR lightdata         [variable]     2267188/0        ( 0.0%) 
HDR lightdata         [variable]           0/0        ( 0.0%) 
visdata               [variable]      190425/16777216 ( 1.1%) 
entdata               [variable]      133357/393216   (33.9%) 
LDR ambient table     1556/65536        6224/262144   ( 2.4%) 
HDR ambient table     1556/65536        6224/262144   ( 2.4%) 
LDR leaf ambient      6617/65536      185276/1835008  (10.1%) 
HDR leaf ambient      1556/65536       43568/1835008  ( 2.4%) 
occluders                0/0               0/0        ( 0.0%) 
occluder polygons        0/0               0/0        ( 0.0%) 
occluder vert ind        0/0               0/0        ( 0.0%) 
detail props          [variable]           1/12       ( 8.3%) 
static props          [variable]           1/51468    ( 0.0%) 
pakfile               [variable]     2547548/0        ( 0.0%) 
physics               [variable]      283868/4194304  ( 6.8%) 
physics terrain       [variable]           2/1048576  ( 0.0%) 

Level flags = 0

Total triangle count: 6627
Writing c:\program files (x86)\steam\steamapps\common\portal 2\sdk_content\maps\wip\chapter 6\mp_coop_a3_bomb_flings.bsp
7 seconds elapsed



[Reading texlights from 'lights.rad']
[59 texlights parsed from 'lights.rad']

Loading c:\program files (x86)\steam\steamapps\common\portal 2\sdk_content\maps\wip\chapter 6\mp_coop_a3_bomb_flings.bsp
Loaded alpha texture materials\metal\underground_metalgrate001a_mip0.vtf
Loaded alpha texture materials\metal\underground_metalgrate001c_mip0.vtf
Loaded alpha texture materials\metal\underground_metalgrate001a_mip0.vtf
Loaded alpha texture materials\metal\underground_metalgrate001b_mip0.vtf
Loaded alpha texture materials\Metal\backstage_grate_001a.vtf
Loaded alpha texture materials\Metal\metalgrate018.vtf
2352 faces
626008 square feet [90145280.00 square inches]
0 Displacements
0 Square Feet [0.00 Square Inches]
2352 patches before subdivision
43224 patches after subdivision
128 direct lights
0...1...2...3...4...5...6...7...8...9...100...1...2...3...4...5...6...7...8...9...10transfers 4263352, max 514
transfer lists:  32.5 megs
0...1...2...3...4...5...6...7...8...9...10	Bounce #1 added RGB(24909, 22013, 15439)
0...1...2...3...4...5...6...7...8...9...10	Bounce #2 added RGB(2985, 2702, 1762)
0...1...2...3...4...5...6...7...8...9...10	Bounce #3 added RGB(634, 574, 369)
0...1...2...3...4...5...6...7...8...9...10	Bounce #4 added RGB(135, 121, 72)
0...1...2...3...4...5...6...7...8...9...10	Bounce #5 added RGB(34, 30, 17)
0...1...2...3...4...5...6...7...8...9...10	Bounce #6 added RGB(8, 7, 4)
0...1...2...3...4...5...6...7...8...9...10	Bounce #7 added RGB(2, 2, 1)
0...1...2...3...4...5...6...7...8...9...10	Bounce #8 added RGB(1, 0, 0)
Build Patch/Sample Hash Table(s).....Done<0.0076 sec>
0...1...2...3...4...5...6...7...8...9...10FinalLightFace Done
0 of 0 (0% of) surface lights went in leaf ambient cubes.
0...1...2...3...4...5...6...7...8...9...10Writing leaf ambient...done
Computing static prop lighting : 00...1...2...3...4...5...6...7...8...9...10
Ready to Finish

Object names       Objects/Maxobjs  Memory / Maxmem  Fullness 
------------       ---------------  ---------------  -------- 
models                  41/1024         1968/49152    ( 4.0%) 
brushes                665/8192         7980/98304    ( 8.1%) 
brushsides            6744/65536       53952/524288   (10.3%) 
planes                7240/65536      144800/1310720  (11.0%) 
vertexes              4127/65536       49524/786432   ( 6.3%) 
nodes                 1514/65536       48448/2097152  ( 2.3%) 
texinfos              1038/12288       74736/884736   ( 8.4%) 
texdata                 99/2048         3168/65536    ( 4.8%) 
dispinfos                0/0               0/0        ( 0.0%) 
disp_verts               0/0               0/0        ( 0.0%) 
disp_tris                0/0               0/0        ( 0.0%) 
disp_multiblend          0/0               0/0        ( 0.0%) 
disp_lmsamples           0/0               0/0        ( 0.0%) 
faces                 2352/65536      131712/3670016  ( 3.6%) 
hdr faces                0/65536           0/3670016  ( 0.0%) 
origfaces             1779/65536       99624/3670016  ( 2.7%) 
facebrushes            336/0             672/0        ( 0.0%) 
facebrushlists        2352/0            9408/0        ( 0.0%) 
leaves                1556/65536       49792/2097152  ( 2.4%) 
leaffaces             3145/65536        6290/131072   ( 4.8%) 
leafbrushes           1527/65536        3054/131072   ( 2.3%) 
areas                   10/256            80/2048     ( 3.9%) 
surfedges            18677/512000      74708/2048000  ( 3.6%) 
edges                11377/256000      45508/1024000  ( 4.4%) 
LDR worldlights        128/8192        12800/819200   ( 1.6%) 
HDR worldlights          0/8192            0/819200   ( 0.0%) 
leafwaterdata            1/32768          12/393216   ( 0.0%) 
waterstrips            382/32768        3820/327680   ( 1.2%) 
waterverts               0/65536           0/786432   ( 0.0%) 
waterindices          5889/65536       11778/131072   ( 9.0%) 
cubemapsamples          33/1024          528/16384    ( 3.2%) 
overlays                47/512         16544/180224   ( 9.2%) 
LDR lightdata         [variable]     2267188/0        ( 0.0%) 
HDR lightdata         [variable]           0/0        ( 0.0%) 
visdata               [variable]      190425/16777216 ( 1.1%) 
entdata               [variable]      133357/393216   (33.9%) 
LDR ambient table     1556/65536        6224/262144   ( 2.4%) 
HDR ambient table     1556/65536        6224/262144   ( 2.4%) 
LDR leaf ambient      6847/65536      191716/1835008  (10.4%) 
HDR leaf ambient      1556/65536       43568/1835008  ( 2.4%) 
occluders                0/0               0/0        ( 0.0%) 
occluder polygons        0/0               0/0        ( 0.0%) 
occluder vert ind        0/0               0/0        ( 0.0%) 
detail props          [variable]           1/12       ( 8.3%) 
static props          [variable]           1/51468    ( 0.0%) 
pakfile               [variable]     6035360/0        ( 0.0%) 
physics               [variable]      283868/4194304  ( 6.8%) 
physics terrain       [variable]           2/1048576  ( 0.0%) 

Level flags = 1

Total triangle count: 6627
Writing c:\program files (x86)\steam\steamapps\common\portal 2\sdk_content\maps\wip\chapter 6\mp_coop_a3_bomb_flings.bsp
1 minute, 40 seconds elapsed



[Reading texlights from 'lights.rad']
[59 texlights parsed from 'lights.rad']

Loading c:\program files (x86)\steam\steamapps\common\portal 2\sdk_content\maps\wip\chapter 6\mp_coop_a3_bomb_flings.bsp
Loaded alpha texture materials\metal\underground_metalgrate001a_mip0.vtf
Loaded alpha texture materials\metal\underground_metalgrate001c_mip0.vtf
Loaded alpha texture materials\metal\underground_metalgrate001a_mip0.vtf
Loaded alpha texture materials\metal\underground_metalgrate001b_mip0.vtf
Loaded alpha texture materials\Metal\backstage_grate_001a.vtf
Loaded alpha texture materials\Metal\metalgrate018.vtf
2352 faces
626008 square feet [90145280.00 square inches]
0 Displacements
0 Square Feet [0.00 Square Inches]
2352 patches before subdivision
43224 patches after subdivision
128 direct lights
0...1...2...3...4...5...6...7...8...9...100...1...2...3...4...5...6...7...8...9...10transfers 4263352, max 514
transfer lists:  32.5 megs
0...1...2...3...4...5...6...7...8...9...10	Bounce #1 added RGB(24909, 22013, 15439)
0...1...2...3...4...5...6...7...8...9...10	Bounce #2 added RGB(2985, 2702, 1762)
0...1...2...3...4...5...6...7...8...9...10	Bounce #3 added RGB(634, 574, 369)
0...1...2...3...4...5...6...7...8...9...10	Bounce #4 added RGB(135, 121, 72)
0...1...2...3...4...5...6...7...8...9...10	Bounce #5 added RGB(34, 30, 17)
0...1...2...3...4...5...6...7...8...9...10	Bounce #6 added RGB(8, 7, 4)
0...1...2...3...4...5...6...7...8...9...10	Bounce #7 added RGB(2, 2, 1)
0...1...2...3...4...5...6...7...8...9...10	Bounce #8 added RGB(1, 0, 0)
Build Patch/Sample Hash Table(s).....Done<0.0083 sec>
0...1...2...3...4...5...6...7...8...9...10FinalLightFace Done
0 of 0 (0% of) surface lights went in leaf ambient cubes.
0...1...2...3...4...5...6...7...8...9...10Writing leaf ambient...done
Computing static prop lighting : 00...1...2...3...4...5...6...7...8...9...10
Ready to Finish

Object names       Objects/Maxobjs  Memory / Maxmem  Fullness 
------------       ---------------  ---------------  -------- 
models                  41/1024         1968/49152    ( 4.0%) 
brushes                665/8192         7980/98304    ( 8.1%) 
brushsides            6744/65536       53952/524288   (10.3%) 
planes                7240/65536      144800/1310720  (11.0%) 
vertexes              4127/65536       49524/786432   ( 6.3%) 
nodes                 1514/65536       48448/2097152  ( 2.3%) 
texinfos              1038/12288       74736/884736   ( 8.4%) 
texdata                 99/2048         3168/65536    ( 4.8%) 
dispinfos                0/0               0/0        ( 0.0%) 
disp_verts               0/0               0/0        ( 0.0%) 
disp_tris                0/0               0/0        ( 0.0%) 
disp_multiblend          0/0               0/0        ( 0.0%) 
disp_lmsamples           0/0               0/0        ( 0.0%) 
faces                 2352/65536      131712/3670016  ( 3.6%) 
hdr faces             2352/65536      131712/3670016  ( 3.6%) 
origfaces             1779/65536       99624/3670016  ( 2.7%) 
facebrushes            336/0             672/0        ( 0.0%) 
facebrushlists        2352/0            9408/0        ( 0.0%) 
leaves                1556/65536       49792/2097152  ( 2.4%) 
leaffaces             3145/65536        6290/131072   ( 4.8%) 
leafbrushes           1527/65536        3054/131072   ( 2.3%) 
areas                   10/256            80/2048     ( 3.9%) 
surfedges            18677/512000      74708/2048000  ( 3.6%) 
edges                11377/256000      45508/1024000  ( 4.4%) 
LDR worldlights        128/8192        12800/819200   ( 1.6%) 
HDR worldlights        128/8192        12800/819200   ( 1.6%) 
leafwaterdata            1/32768          12/393216   ( 0.0%) 
waterstrips            382/32768        3820/327680   ( 1.2%) 
waterverts               0/65536           0/786432   ( 0.0%) 
waterindices          5889/65536       11778/131072   ( 9.0%) 
cubemapsamples          33/1024          528/16384    ( 3.2%) 
overlays                47/512         16544/180224   ( 9.2%) 
LDR lightdata         [variable]     2267188/0        ( 0.0%) 
HDR lightdata         [variable]     2267188/0        ( 0.0%) 
visdata               [variable]      190425/16777216 ( 1.1%) 
entdata               [variable]      133357/393216   (33.9%) 
LDR ambient table     1556/65536        6224/262144   ( 2.4%) 
HDR ambient table     1556/65536        6224/262144   ( 2.4%) 
LDR leaf ambient      6847/65536      191716/1835008  (10.4%) 
HDR leaf ambient      6847/65536      191716/1835008  (10.4%) 
occluders                0/0               0/0        ( 0.0%) 
occluder polygons        0/0               0/0        ( 0.0%) 
occluder vert ind        0/0               0/0        ( 0.0%) 
detail props          [variable]           1/12       ( 8.3%) 
static props          [variable]           1/51468    ( 0.0%) 
pakfile               [variable]     9527292/0        ( 0.0%) 
physics               [variable]      283868/4194304  ( 6.8%) 
physics terrain       [variable]           2/1048576  ( 0.0%) 

Level flags = 3

Total triangle count: 6627
Writing c:\program files (x86)\steam\steamapps\common\portal 2\sdk_content\maps\wip\chapter 6\mp_coop_a3_bomb_flings.bsp
1 minute, 41 seconds elapsed
