


materialPath: C:\Program Files (x86)\Steam\steamapps\common\Portal 2\portal2\materials
Loading C:\Program Files (x86)\Steam\steamapps\common\Portal 2\sdk_content\maps\WIP\Chapter 6\mp_coop_a3_transition01.vmf
ConVarRef gpu_level doesn't point to an existing ConVar
Patching WVT material: maps/mp_coop_a3_transition01/nature/blendrockdirt_tunnel03b_wvt_patch
Patching WVT material: maps/mp_coop_a3_transition01/anim_wp/framework/blend_backpanels02_pipes_wvt_patch
fixing up env_cubemap materials on brush sides...
Generated env_cubemap patch name : maps/mp_coop_a3_transition01/maps/mp_coop_a3_transition01/anim_wp/framework/blend_backpanels02_pipes_wvt_patch_-1492_-1883_-5032 too long! (max = 128)



materialPath: C:\Program Files (x86)\Steam\steamapps\common\Portal 2\portal2\materials
Loading C:\Program Files (x86)\Steam\steamapps\common\Portal 2\sdk_content\maps\WIP\Chapter 6\mp_coop_a3_transition01.vmf
ConVarRef gpu_level doesn't point to an existing ConVar
Patching WVT material: maps/mp_coop_a3_transition01/nature/blendrockdirt_tunnel03b_wvt_patch
Patching WVT material: maps/mp_coop_a3_transition01/anim_wp/framework/blend_backpanels02_pipes_wvt_patch
fixing up env_cubemap materials on brush sides...
Generated env_cubemap patch name : maps/mp_coop_a3_transition01/maps/mp_coop_a3_transition01/anim_wp/framework/blend_backpanels02_pipes_wvt_patch_-1216_-2176_-5824 too long! (max = 128)



materialPath: C:\Program Files (x86)\Steam\steamapps\common\Portal 2\portal2\materials
Loading C:\Program Files (x86)\Steam\steamapps\common\Portal 2\sdk_content\maps\WIP\Chapter 6\mp_coop_a3_transition01.vmf
ConVarRef gpu_level doesn't point to an existing ConVar
Patching WVT material: maps/mp_coop_a3_transition01/nature/blendrockdirt_tunnel03b_wvt_patch
Patching WVT material: maps/mp_coop_a3_transition01/anim_wp/framework/blend_backpanels02_pipes_wvt_patch
fixing up env_cubemap materials on brush sides...
Generated env_cubemap patch name : maps/mp_coop_a3_transition01/maps/mp_coop_a3_transition01/anim_wp/framework/blend_backpanels02_pipes_wvt_patch_-1216_-2176_-5824 too long! (max = 128)



materialPath: C:\Program Files (x86)\Steam\steamapps\common\Portal 2\portal2\materials
Loading C:\Program Files (x86)\Steam\steamapps\common\Portal 2\sdk_content\maps\WIP\Chapter 6\mp_coop_a3_transition01.vmf
ConVarRef gpu_level doesn't point to an existing ConVar
Patching WVT material: maps/mp_coop_a3_transition01/nature/blendrockdirt_tunnel03b_wvt_patch
Patching WVT material: maps/mp_coop_a3_transition01/anim_wp/framework/blend_backpanels02_pipes_wvt_patch
fixing up env_cubemap materials on brush sides...
Generated env_cubemap patch name : maps/mp_coop_a3_transition01/maps/mp_coop_a3_transition01/anim_wp/framework/blend_backpanels02_pipes_wvt_patch_-1376_-128_-6096 too long! (max = 128)



materialPath: C:\Program Files (x86)\Steam\steamapps\common\Portal 2\portal2\materials
Loading C:\Program Files (x86)\Steam\steamapps\common\Portal 2\sdk_content\maps\WIP\Chapter 6\mp_coop_a3_transition01.vmf
ConVarRef gpu_level doesn't point to an existing ConVar
Patching WVT material: maps/mp_coop_a3_transition01/nature/blendrockdirt_tunnel03b_wvt_patch
Patching WVT material: maps/mp_coop_a3_transition01/anim_wp/framework/blend_backpanels02_pipes_wvt_patch
fixing up env_cubemap materials on brush sides...
Generated env_cubemap patch name : maps/mp_coop_a3_transition01/maps/mp_coop_a3_transition01/anim_wp/framework/blend_backpanels02_pipes_wvt_patch_-1376_-128_-6512 too long! (max = 128)



materialPath: C:\Program Files (x86)\Steam\steamapps\common\Portal 2\portal2\materials
Loading C:\Program Files (x86)\Steam\steamapps\common\Portal 2\sdk_content\maps\WIP\Chapter 6\mp_coop_a3_transition01.vmf
ConVarRef gpu_level doesn't point to an existing ConVar
Patching WVT material: maps/mp_coop_a3_transition01/nature/blendrockdirt_tunnel03b_wvt_patch
Patching WVT material: maps/mp_coop_a3_transition01/anim_wp/framework/blend_backpanels02_pipes_wvt_patch
fixing up env_cubemap materials on brush sides...
Generated env_cubemap patch name : maps/mp_coop_a3_transition01/maps/mp_coop_a3_transition01/anim_wp/framework/blend_backpanels02_pipes_wvt_patch_-1792_-2048_-5068 too long! (max = 128)



materialPath: C:\Program Files (x86)\Steam\steamapps\common\Portal 2\portal2\materials
Loading C:\Program Files (x86)\Steam\steamapps\common\Portal 2\sdk_content\maps\WIP\Chapter 6\mp_coop_a3_transition01.vmf
ConVarRef gpu_level doesn't point to an existing ConVar
Patching WVT material: maps/mp_coop_a3_transition01/nature/blendrockdirt_tunnel03b_wvt_patch
Patching WVT material: maps/mp_coop_a3_transition01/anim_wp/framework/blend_backpanels02_pipes_wvt_patch
fixing up env_cubemap materials on brush sides...
Generated env_cubemap patch name : maps/mp_coop_a3_transition01/maps/mp_coop_a3_transition01/anim_wp/framework/blend_backpanels02_pipes_wvt_patch_-2053_-1810_-5032 too long! (max = 128)



materialPath: C:\Program Files (x86)\Steam\steamapps\common\Portal 2\portal2\materials
Loading C:\Program Files (x86)\Steam\steamapps\common\Portal 2\sdk_content\maps\WIP\Chapter 6\mp_coop_a3_transition01.vmf
ConVarRef gpu_level doesn't point to an existing ConVar
Patching WVT material: maps/mp_coop_a3_transition01/nature/blendrockdirt_tunnel03b_wvt_patch
Patching WVT material: maps/mp_coop_a3_transition01/anim_wp/framework/blend_backpanels02_pipes_wvt_patch
fixing up env_cubemap materials on brush sides...
Generated env_cubemap patch name : maps/mp_coop_a3_transition01/maps/mp_coop_a3_transition01/anim_wp/framework/blend_backpanels02_pipes_wvt_patch_-1744_-2640_-5068 too long! (max = 128)



materialPath: C:\Program Files (x86)\Steam\steamapps\common\Portal 2\portal2\materials
Loading C:\Program Files (x86)\Steam\steamapps\common\Portal 2\sdk_content\maps\WIP\Chapter 6\mp_coop_a3_transition01.vmf
ConVarRef gpu_level doesn't point to an existing ConVar
Patching WVT material: maps/mp_coop_a3_transition01/nature/blendrockdirt_tunnel03b_wvt_patch
Patching WVT material: maps/mp_coop_a3_transition01/anim_wp/framework/blend_backpanels02_pipes_wvt_patch
fixing up env_cubemap materials on brush sides...
Generated env_cubemap patch name : maps/mp_coop_a3_transition01/maps/mp_coop_a3_transition01/anim_wp/framework/blend_backpanels02_pipes_wvt_patch_-1744_-2640_-5068 too long! (max = 128)



materialPath: C:\Program Files (x86)\Steam\steamapps\common\Portal 2\portal2\materials
Loading C:\Program Files (x86)\Steam\steamapps\common\Portal 2\sdk_content\maps\WIP\Chapter 6\mp_coop_a3_transition01.vmf
ConVarRef gpu_level doesn't point to an existing ConVar
Patching WVT material: maps/mp_coop_a3_transition01/nature/blendrockdirt_tunnel03b_wvt_patch
Patching WVT material: maps/mp_coop_a3_transition01/anim_wp/framework/blend_backpanels02_pipes_wvt_patch
fixing up env_cubemap materials on brush sides...
Generated env_cubemap patch name : maps/mp_coop_a3_transition01/maps/mp_coop_a3_transition01/anim_wp/framework/blend_backpanels02_pipes_wvt_patch_-2048_-128_-3744 too long! (max = 128)



materialPath: C:\Program Files (x86)\Steam\steamapps\common\Portal 2\portal2\materials
Loading C:\Program Files (x86)\Steam\steamapps\common\Portal 2\sdk_content\maps\WIP\Chapter 6\mp_coop_a3_transition01.vmf
ConVarRef gpu_level doesn't point to an existing ConVar
Patching WVT material: maps/mp_coop_a3_transition01/nature/blendrockdirt_tunnel03b_wvt_patch
Patching WVT material: maps/mp_coop_a3_transition01/anim_wp/framework/blend_backpanels02_pipes_wvt_patch
fixing up env_cubemap materials on brush sides...
Generated env_cubemap patch name : maps/mp_coop_a3_transition01/maps/mp_coop_a3_transition01/anim_wp/framework/blend_backpanels02_pipes_wvt_patch_-2048_-128_-4112 too long! (max = 128)



materialPath: C:\Program Files (x86)\Steam\steamapps\common\Portal 2\portal2\materials
Loading C:\Program Files (x86)\Steam\steamapps\common\Portal 2\sdk_content\maps\WIP\Chapter 6\mp_coop_a3_transition01.vmf
ConVarRef gpu_level doesn't point to an existing ConVar
Patching WVT material: maps/mp_coop_a3_transition01/nature/blendrockdirt_tunnel03b_wvt_patch
Patching WVT material: maps/mp_coop_a3_transition01/anim_wp/framework/blend_backpanels02_pipes_wvt_patch
fixing up env_cubemap materials on brush sides...
Generated env_cubemap patch name : maps/mp_coop_a3_transition01/maps/mp_coop_a3_transition01/anim_wp/framework/blend_backpanels02_pipes_wvt_patch_-1792_-2304_-5708 too long! (max = 128)



materialPath: C:\Program Files (x86)\Steam\steamapps\common\Portal 2\portal2\materials
Loading C:\Program Files (x86)\Steam\steamapps\common\Portal 2\sdk_content\maps\WIP\Chapter 6\mp_coop_a3_transition01.vmf
ConVarRef gpu_level doesn't point to an existing ConVar
Patching WVT material: maps/mp_coop_a3_transition01/nature/blendrockdirt_tunnel03b_wvt_patch
Patching WVT material: maps/mp_coop_a3_transition01/anim_wp/framework/blend_backpanels02_pipes_wvt_patch
fixing up env_cubemap materials on brush sides...
Generated env_cubemap patch name : maps/mp_coop_a3_transition01/maps/mp_coop_a3_transition01/anim_wp/framework/blend_backpanels02_pipes_wvt_patch_-2752_-128_-5952 too long! (max = 128)



materialPath: C:\Program Files (x86)\Steam\steamapps\common\Portal 2\portal2\materials
Loading C:\Program Files (x86)\Steam\steamapps\common\Portal 2\sdk_content\maps\WIP\Chapter 6\mp_coop_a3_transition01.vmf
ConVarRef gpu_level doesn't point to an existing ConVar
Patching WVT material: maps/mp_coop_a3_transition01/nature/blendrockdirt_tunnel03b_wvt_patch
Patching WVT material: maps/mp_coop_a3_transition01/anim_wp/framework/blend_backpanels02_pipes_wvt_patch
fixing up env_cubemap materials on brush sides...
Generated env_cubemap patch name : maps/mp_coop_a3_transition01/maps/mp_coop_a3_transition01/anim_wp/framework/blend_backpanels02_pipes_wvt_patch_-2752_-128_-5952 too long! (max = 128)



materialPath: C:\Program Files (x86)\Steam\steamapps\common\Portal 2\portal2\materials
Loading C:\Program Files (x86)\Steam\steamapps\common\Portal 2\sdk_content\maps\WIP\Chapter 6\mp_coop_a3_transition01.vmf
ConVarRef gpu_level doesn't point to an existing ConVar
Patching WVT material: maps/mp_coop_a3_transition01/nature/blendrockdirt_tunnel03b_wvt_patch
Patching WVT material: maps/mp_coop_a3_transition01/anim_wp/framework/blend_backpanels02_pipes_wvt_patch
fixing up env_cubemap materials on brush sides...
Generated env_cubemap patch name : maps/mp_coop_a3_transition01/maps/mp_coop_a3_transition01/anim_wp/framework/blend_backpanels02_pipes_wvt_patch_-4480_-128_-3904 too long! (max = 128)



materialPath: C:\Program Files (x86)\Steam\steamapps\common\Portal 2\portal2\materials
Loading C:\Program Files (x86)\Steam\steamapps\common\Portal 2\sdk_content\maps\WIP\Chapter 6\mp_coop_a3_transition01.vmf
ConVarRef gpu_level doesn't point to an existing ConVar
Patching WVT material: maps/mp_coop_a3_transition01/nature/blendrockdirt_tunnel03b_wvt_patch
Patching WVT material: maps/mp_coop_a3_transition01/anim_wp/framework/blend_backpanels02_pipes_wvt_patch
fixing up env_cubemap materials on brush sides...
Generated env_cubemap patch name : maps/mp_coop_a3_transition01/maps/mp_coop_a3_transition01/anim_wp/framework/blend_backpanels02_pipes_wvt_patch_-3584_-128_-5952 too long! (max = 128)



materialPath: C:\Program Files (x86)\Steam\steamapps\common\Portal 2\portal2\materials
Loading C:\Program Files (x86)\Steam\steamapps\common\Portal 2\sdk_content\maps\WIP\Chapter 6\mp_coop_a3_transition01.vmf
ConVarRef gpu_level doesn't point to an existing ConVar
Patching WVT material: maps/mp_coop_a3_transition01/nature/blendrockdirt_tunnel03b_wvt_patch
Patching WVT material: maps/mp_coop_a3_transition01/anim_wp/framework/blend_backpanels02_pipes_wvt_patch
fixing up env_cubemap materials on brush sides...
0...1...2...3...4...5...6...7...8...9...100...1...2...3...4...5...6...7...8...9...10Processing areas...done (0)
Building Faces...done (0)
Chop Details...done (0)
Find Visible Detail Sides...
Merged 620 detail faces...done (0)
Merging details...done (0)
FixTjuncs...
PruneNodes...
WriteBSP...
done (0)
writing C:\Program Files (x86)\Steam\steamapps\common\Portal 2\sdk_content\maps\WIP\Chapter 6\mp_coop_a3_transition01.prt...Building visibility clusters...
done (0)
Finding displacement neighbors...
Finding lightmap sample positions...
Displacement Alpha : 0...1...2...3...4...5...6...7...8...9...10
Building Physics collision data...
done (1) (525036 bytes)
Placing detail props : 0...1...2...3...4...5...6...7...8...9...10
Compacting texture/material tables...
Reduced 2259 texinfos to 1360
Reduced 135 texdatas to 125 (4984 bytes to 4613)
Writing C:\Program Files (x86)\Steam\steamapps\common\Portal 2\sdk_content\maps\WIP\Chapter 6\mp_coop_a3_transition01.bsp

nummapplanes:     (  9944 / 65536 )
nummapbrushes:    (  1291 /  8192 )
nummapbrushsides: ( 12413 / 65536 )
num_map_overlays: (    87 /   512 )
nummodels:        (   127 /  1024 )
num_entities:     (   688 / 16384 )

5 seconds elapsed



24 threads
reading c:\program files (x86)\steam\steamapps\common\portal 2\sdk_content\maps\wip\chapter 6\mp_coop_a3_transition01.bsp
reading c:\program files (x86)\steam\steamapps\common\portal 2\sdk_content\maps\wip\chapter 6\mp_coop_a3_transition01.prt
1499 portalclusters
5326 numportals
0...1...2...3...4...5...6...7...8...9...10Optimized: 90829 visible clusters (0.00%)
Total clusters visible: 1778230
Average clusters visible: 1186
Building PAS...
Average clusters audible: 1472
visdatasize:560200  compressed from 575616
writing c:\program files (x86)\steam\steamapps\common\portal 2\sdk_content\maps\wip\chapter 6\mp_coop_a3_transition01.bsp
0 seconds elapsed



Could not find lights.rad in lights.rad.
Trying VRAD BIN directory instead...
Warning: Couldn't open texlight file C:\Program Files (x86)\Steam\steamapps\common\Portal 2\bin\lights.rad.
Loading c:\program files (x86)\steam\steamapps\common\portal 2\sdk_content\maps\wip\chapter 6\mp_coop_a3_transition01.bsp
Patch Sample Radius Clamped!
Patch Sample Radius Clamped!
Patch Sample Radius Clamped!
Patch Sample Radius Clamped!
Patch Sample Radius Clamped!
Patch Sample Radius Clamped!
Patch Sample Radius Clamped!
Patch Sample Radius Clamped!
Patch Sample Radius Clamped!
Patch Sample Radius Clamped!
Patch Sample Radius Clamped!
Patch Sample Radius Clamped!
Patch Sample Radius Clamped!
Patch Sample Radius Clamped!
Patch Sample Radius Clamped!
Patch Sample Radius Clamped!
Patch Sample Radius Clamped!
Patch Sample Radius Clamped!
Patch Sample Radius Clamped!
Patch Sample Radius Clamped!
Patch Sample Radius Clamped!
Patch Sample Radius Clamped!
Patch Sample Radius Clamped!
Patch Sample Radius Clamped!
Patch Sample Radius Clamped!
Patch Sample Radius Clamped!
Patch Sample Radius Clamped!
Patch Sample Radius Clamped!
Patch Sample Radius Clamped!
Patch Sample Radius Clamped!
Patch Sample Radius Clamped!
Patch Sample Radius Clamped!
Patch Sample Radius Clamped!
Patch Sample Radius Clamped!
Patch Sample Radius Clamped!
Patch Sample Radius Clamped!
Patch Sample Radius Clamped!
Patch Sample Radius Clamped!
Patch Sample Radius Clamped!
Patch Sample Radius Clamped!
4157 faces
1777943 square feet [256023824.00 square inches]
198 Displacements
1723094 Square Feet [248125600.00 Square Inches]
4157 patches before subdivision
90317 patches after subdivision
146 direct lights
0...1...2...3...4...5...6...7...8...9...100...1...2...3...4...5...6...7...8...9...10transfers 6093590, max 483
transfer lists:  46.5 megs
0...1...2...3...4...5...6...7...8...9...10	Bounce #1 added RGB(32826, 28402, 23864)
0...1...2...3...4...5...6...7...8...9...10	Bounce #2 added RGB(6181, 4749, 3235)
0...1...2...3...4...5...6...7...8...9...10	Bounce #3 added RGB(1539, 1156, 726)
0...1...2...3...4...5...6...7...8...9...10	Bounce #4 added RGB(442, 340, 210)
0...1...2...3...4...5...6...7...8...9...10	Bounce #5 added RGB(138, 110, 68)
0...1...2...3...4...5...6...7...8...9...10	Bounce #6 added RGB(45, 37, 23)
0...1...2...3...4...5...6...7...8...9...10	Bounce #7 added RGB(15, 13, 8)
0...1...2...3...4...5...6...7...8...9...10	Bounce #8 added RGB(5, 4, 3)
0...1...2...3...4...5...6...7...8...9...10	Bounce #9 added RGB(2, 2, 1)
0...1...2...3...4...5...6...7...8...9...10	Bounce #10 added RGB(1, 1, 0)
Build Patch/Sample Hash Table(s).....Done<0.0335 sec>
0...1...2...3...4...5...6...7...8...9...10FinalLightFace Done
0 of 0 (0% of) surface lights went in leaf ambient cubes.
0...1...2...3...4...5...6...7...8...9...10Writing leaf ambient...done
Ready to Finish

Object names       Objects/Maxobjs  Memory / Maxmem  Fullness 
------------       ---------------  ---------------  -------- 
models                 127/1024         6096/49152    (12.4%) 
brushes               1291/8192        15492/98304    (15.8%) 
brushsides           11228/65536       89824/524288   (17.1%) 
planes                9944/65536      198880/1310720  (15.2%) 
vertexes              8760/65536      105120/786432   (13.4%) 
nodes                 3101/65536       99232/2097152  ( 4.7%) 
texinfos              1360/12288       97920/884736   (11.1%) 
texdata                125/2048         4000/65536    ( 6.1%) 
dispinfos              198/0           34848/0        ( 0.0%) 
disp_verts            6014/0          120280/0        ( 0.0%) 
disp_tris             8160/0           16320/0        ( 0.0%) 
disp_multiblend          0/0               0/0        ( 0.0%) 
disp_lmsamples      728368/0          728368/0        ( 0.0%) 
faces                 4157/65536      232792/3670016  ( 6.3%) 
hdr faces                0/65536           0/3670016  ( 0.0%) 
origfaces             2866/65536      160496/3670016  ( 4.4%) 
facebrushes            339/0             678/0        ( 0.0%) 
facebrushlists        4157/0           16628/0        ( 0.0%) 
leaves                3229/65536      103328/2097152  ( 4.9%) 
leaffaces             5273/65536       10546/131072   ( 8.0%) 
leafbrushes           3731/65536        7462/131072   ( 5.7%) 
areas                   18/256           144/2048     ( 7.0%) 
surfedges            31463/512000     125852/2048000  ( 6.1%) 
edges                20347/256000      81388/1024000  ( 7.9%) 
LDR worldlights        146/8192        14600/819200   ( 1.8%) 
HDR worldlights          0/8192            0/819200   ( 0.0%) 
leafwaterdata            0/32768           0/393216   ( 0.0%) 
waterstrips            604/32768        6040/327680   ( 1.8%) 
waterverts               0/65536           0/786432   ( 0.0%) 
waterindices          9546/65536       19092/131072   (14.6%) 
cubemapsamples           8/1024          128/16384    ( 0.8%) 
overlays                87/512         30624/180224   (17.0%) 
LDR lightdata         [variable]     7212620/0        ( 0.0%) 
HDR lightdata         [variable]           0/0        ( 0.0%) 
visdata               [variable]      560200/16777216 ( 3.3%) 
entdata               [variable]      241988/393216   (61.5%) 
LDR ambient table     3229/65536       12916/262144   ( 4.9%) 
HDR ambient table     3229/65536       12916/262144   ( 4.9%) 
LDR leaf ambient     17612/65536      493136/1835008  (26.9%) 
HDR leaf ambient      3229/65536       90412/1835008  ( 4.9%) 
occluders                0/0               0/0        ( 0.0%) 
occluder polygons        0/0               0/0        ( 0.0%) 
occluder vert ind        0/0               0/0        ( 0.0%) 
detail props          [variable]           1/12       ( 8.3%) 
static props          [variable]           1/104228   ( 0.0%) 
pakfile               [variable]      680458/0        ( 0.0%) 
physics               [variable]      525036/4194304  (12.5%) 
physics terrain       [variable]       37894/1048576  ( 3.6%) 

Level flags = 0

Total triangle count: 11445
Writing c:\program files (x86)\steam\steamapps\common\portal 2\sdk_content\maps\wip\chapter 6\mp_coop_a3_transition01.bsp
47 seconds elapsed



materialPath: C:\Program Files (x86)\Steam\steamapps\common\Portal 2\portal2\materials
Loading C:\Program Files (x86)\Steam\steamapps\common\Portal 2\sdk_content\maps\WIP\Chapter 6\mp_coop_a3_transition01.vmf
ConVarRef gpu_level doesn't point to an existing ConVar
Patching WVT material: maps/mp_coop_a3_transition01/nature/blendrockdirt_tunnel03b_wvt_patch
Patching WVT material: maps/mp_coop_a3_transition01/anim_wp/framework/blend_backpanels02_pipes_wvt_patch
fixing up env_cubemap materials on brush sides...
0...1...2...3...4...5...6...7...8...9...100...1...2...3...4...5...6...7...8...9...10Processing areas...done (0)
Building Faces...done (0)
Chop Details...done (0)
Find Visible Detail Sides...
Merged 620 detail faces...done (0)
Merging details...done (0)
FixTjuncs...
PruneNodes...
WriteBSP...
done (0)
writing C:\Program Files (x86)\Steam\steamapps\common\Portal 2\sdk_content\maps\WIP\Chapter 6\mp_coop_a3_transition01.prt...Building visibility clusters...
done (0)
Finding displacement neighbors...
Finding lightmap sample positions...
Displacement Alpha : 0...1...2...3...4...5...6...7...8...9...10
Building Physics collision data...
done (1) (525036 bytes)
Placing detail props : 0...1...2...3...4...5...6...7...8...9...10
Compacting texture/material tables...
Reduced 2259 texinfos to 1360
Reduced 135 texdatas to 125 (4984 bytes to 4613)
Writing C:\Program Files (x86)\Steam\steamapps\common\Portal 2\sdk_content\maps\WIP\Chapter 6\mp_coop_a3_transition01.bsp

nummapplanes:     (  9944 / 65536 )
nummapbrushes:    (  1291 /  8192 )
nummapbrushsides: ( 12413 / 65536 )
num_map_overlays: (    87 /   512 )
nummodels:        (   127 /  1024 )
num_entities:     (   700 / 16384 )

5 seconds elapsed



24 threads
reading c:\program files (x86)\steam\steamapps\common\portal 2\sdk_content\maps\wip\chapter 6\mp_coop_a3_transition01.bsp
reading c:\program files (x86)\steam\steamapps\common\portal 2\sdk_content\maps\wip\chapter 6\mp_coop_a3_transition01.prt
1499 portalclusters
5326 numportals
0...1...2...3...4...5...6...7...8...9...10Optimized: 90829 visible clusters (0.00%)
Total clusters visible: 1778230
Average clusters visible: 1186
Building PAS...
Average clusters audible: 1472
visdatasize:560200  compressed from 575616
writing c:\program files (x86)\steam\steamapps\common\portal 2\sdk_content\maps\wip\chapter 6\mp_coop_a3_transition01.bsp
0 seconds elapsed



Could not find lights.rad in lights.rad.
Trying VRAD BIN directory instead...
Warning: Couldn't open texlight file C:\Program Files (x86)\Steam\steamapps\common\Portal 2\bin\lights.rad.
Loading c:\program files (x86)\steam\steamapps\common\portal 2\sdk_content\maps\wip\chapter 6\mp_coop_a3_transition01.bsp
Patch Sample Radius Clamped!
Patch Sample Radius Clamped!
Patch Sample Radius Clamped!
Patch Sample Radius Clamped!
Patch Sample Radius Clamped!
Patch Sample Radius Clamped!
Patch Sample Radius Clamped!
Patch Sample Radius Clamped!
Patch Sample Radius Clamped!
Patch Sample Radius Clamped!
Patch Sample Radius Clamped!
Patch Sample Radius Clamped!
Patch Sample Radius Clamped!
Patch Sample Radius Clamped!
Patch Sample Radius Clamped!
Patch Sample Radius Clamped!
Patch Sample Radius Clamped!
Patch Sample Radius Clamped!
Patch Sample Radius Clamped!
Patch Sample Radius Clamped!
Patch Sample Radius Clamped!
Patch Sample Radius Clamped!
Patch Sample Radius Clamped!
Patch Sample Radius Clamped!
Patch Sample Radius Clamped!
Patch Sample Radius Clamped!
Patch Sample Radius Clamped!
Patch Sample Radius Clamped!
Patch Sample Radius Clamped!
Patch Sample Radius Clamped!
Patch Sample Radius Clamped!
Patch Sample Radius Clamped!
Patch Sample Radius Clamped!
Patch Sample Radius Clamped!
Patch Sample Radius Clamped!
Patch Sample Radius Clamped!
Patch Sample Radius Clamped!
Patch Sample Radius Clamped!
Patch Sample Radius Clamped!
Patch Sample Radius Clamped!
4157 faces
1777943 square feet [256023824.00 square inches]
198 Displacements
1723094 Square Feet [248125600.00 Square Inches]
4157 patches before subdivision
90317 patches after subdivision
146 direct lights
0...1...2...3...4...5...6...7...8...9...100...1...2...3...4...5...6...7...8...9...10transfers 6093590, max 483
transfer lists:  46.5 megs
0...1...2...3...4...5...6...7...8...9...10	Bounce #1 added RGB(32826, 28402, 23864)
0...1...2...3...4...5...6...7...8...9...10	Bounce #2 added RGB(6181, 4749, 3235)
0...1...2...3...4...5...6...7...8...9...10	Bounce #3 added RGB(1539, 1156, 726)
0...1...2...3...4...5...6...7...8...9...10	Bounce #4 added RGB(442, 340, 210)
0...1...2...3...4...5...6...7...8...9...10	Bounce #5 added RGB(138, 110, 68)
0...1...2...3...4...5...6...7...8...9...10	Bounce #6 added RGB(45, 37, 23)
0...1...2...3...4...5...6...7...8...9...10	Bounce #7 added RGB(15, 13, 8)
0...1...2...3...4...5...6...7...8...9...10	Bounce #8 added RGB(5, 4, 3)
0...1...2...3...4...5...6...7...8...9...10	Bounce #9 added RGB(2, 2, 1)
0...1...2...3...4...5...6...7...8...9...10	Bounce #10 added RGB(1, 1, 0)
Build Patch/Sample Hash Table(s).....Done<0.0360 sec>
0...1...2...3...4...5...6...7...8...9...10FinalLightFace Done
0 of 0 (0% of) surface lights went in leaf ambient cubes.
0...1...2...3...4...5...6...7...8...9...10Writing leaf ambient...done
Ready to Finish

Object names       Objects/Maxobjs  Memory / Maxmem  Fullness 
------------       ---------------  ---------------  -------- 
models                 127/1024         6096/49152    (12.4%) 
brushes               1291/8192        15492/98304    (15.8%) 
brushsides           11228/65536       89824/524288   (17.1%) 
planes                9944/65536      198880/1310720  (15.2%) 
vertexes              8760/65536      105120/786432   (13.4%) 
nodes                 3101/65536       99232/2097152  ( 4.7%) 
texinfos              1360/12288       97920/884736   (11.1%) 
texdata                125/2048         4000/65536    ( 6.1%) 
dispinfos              198/0           34848/0        ( 0.0%) 
disp_verts            6014/0          120280/0        ( 0.0%) 
disp_tris             8160/0           16320/0        ( 0.0%) 
disp_multiblend          0/0               0/0        ( 0.0%) 
disp_lmsamples      728368/0          728368/0        ( 0.0%) 
faces                 4157/65536      232792/3670016  ( 6.3%) 
hdr faces                0/65536           0/3670016  ( 0.0%) 
origfaces             2866/65536      160496/3670016  ( 4.4%) 
facebrushes            339/0             678/0        ( 0.0%) 
facebrushlists        4157/0           16628/0        ( 0.0%) 
leaves                3229/65536      103328/2097152  ( 4.9%) 
leaffaces             5273/65536       10546/131072   ( 8.0%) 
leafbrushes           3731/65536        7462/131072   ( 5.7%) 
areas                   18/256           144/2048     ( 7.0%) 
surfedges            31463/512000     125852/2048000  ( 6.1%) 
edges                20347/256000      81388/1024000  ( 7.9%) 
LDR worldlights        146/8192        14600/819200   ( 1.8%) 
HDR worldlights          0/8192            0/819200   ( 0.0%) 
leafwaterdata            0/32768           0/393216   ( 0.0%) 
waterstrips            604/32768        6040/327680   ( 1.8%) 
waterverts               0/65536           0/786432   ( 0.0%) 
waterindices          9546/65536       19092/131072   (14.6%) 
cubemapsamples           8/1024          128/16384    ( 0.8%) 
overlays                87/512         30624/180224   (17.0%) 
LDR lightdata         [variable]     7212620/0        ( 0.0%) 
HDR lightdata         [variable]           0/0        ( 0.0%) 
visdata               [variable]      560200/16777216 ( 3.3%) 
entdata               [variable]      245012/393216   (62.3%) 
LDR ambient table     3229/65536       12916/262144   ( 4.9%) 
HDR ambient table     3229/65536       12916/262144   ( 4.9%) 
LDR leaf ambient     17612/65536      493136/1835008  (26.9%) 
HDR leaf ambient      3229/65536       90412/1835008  ( 4.9%) 
occluders                0/0               0/0        ( 0.0%) 
occluder polygons        0/0               0/0        ( 0.0%) 
occluder vert ind        0/0               0/0        ( 0.0%) 
detail props          [variable]           1/12       ( 8.3%) 
static props          [variable]           1/104228   ( 0.0%) 
pakfile               [variable]      680458/0        ( 0.0%) 
physics               [variable]      525036/4194304  (12.5%) 
physics terrain       [variable]       37894/1048576  ( 3.6%) 

Level flags = 0

Total triangle count: 11445
Writing c:\program files (x86)\steam\steamapps\common\portal 2\sdk_content\maps\wip\chapter 6\mp_coop_a3_transition01.bsp
47 seconds elapsed



materialPath: C:\Program Files (x86)\Steam\steamapps\common\Portal 2\portal2\materials
Loading C:\Program Files (x86)\Steam\steamapps\common\Portal 2\sdk_content\maps\WIP\Chapter 6\mp_coop_a3_transition01.vmf
ConVarRef gpu_level doesn't point to an existing ConVar
Patching WVT material: maps/mp_coop_a3_transition01/nature/blendrockdirt_tunnel03b_wvt_patch
Patching WVT material: maps/mp_coop_a3_transition01/anim_wp/framework/blend_backpanels02_pipes_wvt_patch
fixing up env_cubemap materials on brush sides...
0...1...2...3...4...5...6...7...8...9...100...1...2...3...4...5...6...7...8...9...10Processing areas...done (0)
Building Faces...done (0)
Chop Details...done (0)
Find Visible Detail Sides...
Merged 620 detail faces...done (0)
Merging details...done (0)
FixTjuncs...
PruneNodes...
WriteBSP...
done (0)
writing C:\Program Files (x86)\Steam\steamapps\common\Portal 2\sdk_content\maps\WIP\Chapter 6\mp_coop_a3_transition01.prt...Building visibility clusters...
done (0)
Finding displacement neighbors...
Finding lightmap sample positions...
Displacement Alpha : 0...1...2...3...4...5...6...7...8...9...10
Building Physics collision data...
done (1) (524087 bytes)
Placing detail props : 0...1...2...3...4...5...6...7...8...9...10
Compacting texture/material tables...
Reduced 2258 texinfos to 1360
Reduced 135 texdatas to 125 (4984 bytes to 4613)
Writing C:\Program Files (x86)\Steam\steamapps\common\Portal 2\sdk_content\maps\WIP\Chapter 6\mp_coop_a3_transition01.bsp

nummapplanes:     (  9940 / 65536 )
nummapbrushes:    (  1289 /  8192 )
nummapbrushsides: ( 12401 / 65536 )
num_map_overlays: (    87 /   512 )
nummodels:        (   126 /  1024 )
num_entities:     (   699 / 16384 )

5 seconds elapsed



24 threads
reading c:\program files (x86)\steam\steamapps\common\portal 2\sdk_content\maps\wip\chapter 6\mp_coop_a3_transition01.bsp
reading c:\program files (x86)\steam\steamapps\common\portal 2\sdk_content\maps\wip\chapter 6\mp_coop_a3_transition01.prt
1495 portalclusters
5305 numportals
0...1...2...3...4...5...6...7...8...9...10Optimized: 90439 visible clusters (0.00%)
Total clusters visible: 1768350
Average clusters visible: 1182
Building PAS...
Average clusters audible: 1468
visdatasize:554990  compressed from 574080
writing c:\program files (x86)\steam\steamapps\common\portal 2\sdk_content\maps\wip\chapter 6\mp_coop_a3_transition01.bsp
0 seconds elapsed



Could not find lights.rad in lights.rad.
Trying VRAD BIN directory instead...
Warning: Couldn't open texlight file C:\Program Files (x86)\Steam\steamapps\common\Portal 2\bin\lights.rad.
Loading c:\program files (x86)\steam\steamapps\common\portal 2\sdk_content\maps\wip\chapter 6\mp_coop_a3_transition01.bsp
Patch Sample Radius Clamped!
Patch Sample Radius Clamped!
Patch Sample Radius Clamped!
Patch Sample Radius Clamped!
Patch Sample Radius Clamped!
Patch Sample Radius Clamped!
Patch Sample Radius Clamped!
Patch Sample Radius Clamped!
Patch Sample Radius Clamped!
Patch Sample Radius Clamped!
Patch Sample Radius Clamped!
Patch Sample Radius Clamped!
Patch Sample Radius Clamped!
Patch Sample Radius Clamped!
Patch Sample Radius Clamped!
Patch Sample Radius Clamped!
Patch Sample Radius Clamped!
Patch Sample Radius Clamped!
Patch Sample Radius Clamped!
Patch Sample Radius Clamped!
Patch Sample Radius Clamped!
Patch Sample Radius Clamped!
Patch Sample Radius Clamped!
Patch Sample Radius Clamped!
Patch Sample Radius Clamped!
Patch Sample Radius Clamped!
Patch Sample Radius Clamped!
Patch Sample Radius Clamped!
Patch Sample Radius Clamped!
Patch Sample Radius Clamped!
Patch Sample Radius Clamped!
Patch Sample Radius Clamped!
Patch Sample Radius Clamped!
Patch Sample Radius Clamped!
Patch Sample Radius Clamped!
Patch Sample Radius Clamped!
Patch Sample Radius Clamped!
Patch Sample Radius Clamped!
Patch Sample Radius Clamped!
Patch Sample Radius Clamped!
4153 faces
1777944 square feet [256023952.00 square inches]
198 Displacements
1723094 Square Feet [248125600.00 Square Inches]
4153 patches before subdivision
90315 patches after subdivision
146 direct lights
0...1...2...3...4...5...6...7...8...9...100...1...2...3...4...5...6...7...8...9...10transfers 6095747, max 483
transfer lists:  46.5 megs
0...1...2...3...4...5...6...7...8...9...10	Bounce #1 added RGB(32893, 28442, 23876)
0...1...2...3...4...5...6...7...8...9...10	Bounce #2 added RGB(6208, 4767, 3240)
0...1...2...3...4...5...6...7...8...9...10	Bounce #3 added RGB(1544, 1160, 727)
0...1...2...3...4...5...6...7...8...9...10	Bounce #4 added RGB(444, 341, 210)
0...1...2...3...4...5...6...7...8...9...10	Bounce #5 added RGB(138, 110, 68)
0...1...2...3...4...5...6...7...8...9...10	Bounce #6 added RGB(45, 37, 23)
0...1...2...3...4...5...6...7...8...9...10	Bounce #7 added RGB(15, 13, 8)
0...1...2...3...4...5...6...7...8...9...10	Bounce #8 added RGB(5, 4, 3)
0...1...2...3...4...5...6...7...8...9...10	Bounce #9 added RGB(2, 2, 1)
0...1...2...3...4...5...6...7...8...9...10	Bounce #10 added RGB(1, 1, 0)
Build Patch/Sample Hash Table(s).....Done<0.0326 sec>
0...1...2...3...4...5...6...7...8...9...10FinalLightFace Done
0 of 0 (0% of) surface lights went in leaf ambient cubes.
0...1...2...3...4...5...6...7...8...9...10Writing leaf ambient...done
Ready to Finish

Object names       Objects/Maxobjs  Memory / Maxmem  Fullness 
------------       ---------------  ---------------  -------- 
models                 126/1024         6048/49152    (12.3%) 
brushes               1289/8192        15468/98304    (15.7%) 
brushsides           11216/65536       89728/524288   (17.1%) 
planes                9940/65536      198800/1310720  (15.2%) 
vertexes              8739/65536      104868/786432   (13.3%) 
nodes                 3090/65536       98880/2097152  ( 4.7%) 
texinfos              1360/12288       97920/884736   (11.1%) 
texdata                125/2048         4000/65536    ( 6.1%) 
dispinfos              198/0           34848/0        ( 0.0%) 
disp_verts            6014/0          120280/0        ( 0.0%) 
disp_tris             8160/0           16320/0        ( 0.0%) 
disp_multiblend          0/0               0/0        ( 0.0%) 
disp_lmsamples      728368/0          728368/0        ( 0.0%) 
faces                 4153/65536      232568/3670016  ( 6.3%) 
hdr faces                0/65536           0/3670016  ( 0.0%) 
origfaces             2866/65536      160496/3670016  ( 4.4%) 
facebrushes            339/0             678/0        ( 0.0%) 
facebrushlists        4153/0           16612/0        ( 0.0%) 
leaves                3217/65536      102944/2097152  ( 4.9%) 
leaffaces             5268/65536       10536/131072   ( 8.0%) 
leafbrushes           3718/65536        7436/131072   ( 5.7%) 
areas                   18/256           144/2048     ( 7.0%) 
surfedges            31439/512000     125756/2048000  ( 6.1%) 
edges                20331/256000      81324/1024000  ( 7.9%) 
LDR worldlights        146/8192        14600/819200   ( 1.8%) 
HDR worldlights          0/8192            0/819200   ( 0.0%) 
leafwaterdata            0/32768           0/393216   ( 0.0%) 
waterstrips            603/32768        6030/327680   ( 1.8%) 
waterverts               0/65536           0/786432   ( 0.0%) 
waterindices          9507/65536       19014/131072   (14.5%) 
cubemapsamples           8/1024          128/16384    ( 0.8%) 
overlays                87/512         30624/180224   (17.0%) 
LDR lightdata         [variable]     7212252/0        ( 0.0%) 
HDR lightdata         [variable]           0/0        ( 0.0%) 
visdata               [variable]      554990/16777216 ( 3.3%) 
entdata               [variable]      244895/393216   (62.3%) 
LDR ambient table     3217/65536       12868/262144   ( 4.9%) 
HDR ambient table     3217/65536       12868/262144   ( 4.9%) 
LDR leaf ambient     17559/65536      491652/1835008  (26.8%) 
HDR leaf ambient      3217/65536       90076/1835008  ( 4.9%) 
occluders                0/0               0/0        ( 0.0%) 
occluder polygons        0/0               0/0        ( 0.0%) 
occluder vert ind        0/0               0/0        ( 0.0%) 
detail props          [variable]           1/12       ( 8.3%) 
static props          [variable]           1/104206   ( 0.0%) 
pakfile               [variable]      680458/0        ( 0.0%) 
physics               [variable]      524087/4194304  (12.5%) 
physics terrain       [variable]       37894/1048576  ( 3.6%) 

Level flags = 0

Total triangle count: 11429
Writing c:\program files (x86)\steam\steamapps\common\portal 2\sdk_content\maps\wip\chapter 6\mp_coop_a3_transition01.bsp
47 seconds elapsed



materialPath: C:\Program Files (x86)\Steam\steamapps\common\Portal 2\portal2\materials
Loading C:\Program Files (x86)\Steam\steamapps\common\Portal 2\sdk_content\maps\WIP\Chapter 6\mp_coop_a3_transition01.vmf
ConVarRef gpu_level doesn't point to an existing ConVar
Patching WVT material: maps/mp_coop_a3_transition01/nature/blendrockdirt_tunnel03b_wvt_patch
Patching WVT material: maps/mp_coop_a3_transition01/anim_wp/framework/blend_backpanels02_pipes_wvt_patch
fixing up env_cubemap materials on brush sides...
0...1...2...3...4...5...6...7...8...9...100...1...2...3...4...5...6...7...8...9...10Processing areas...done (0)
Building Faces...done (0)
Chop Details...done (0)
Find Visible Detail Sides...
Merged 620 detail faces...done (0)
Merging details...done (0)
FixTjuncs...
PruneNodes...
WriteBSP...
done (0)
writing C:\Program Files (x86)\Steam\steamapps\common\Portal 2\sdk_content\maps\WIP\Chapter 6\mp_coop_a3_transition01.prt...Building visibility clusters...
done (0)
Finding displacement neighbors...
Finding lightmap sample positions...
Displacement Alpha : 0...1...2...3...4...5...6...7...8...9...10
Building Physics collision data...
done (1) (524087 bytes)



materialPath: C:\Program Files (x86)\Steam\steamapps\common\Portal 2\portal2\materials
Loading C:\Program Files (x86)\Steam\steamapps\common\Portal 2\sdk_content\maps\WIP\Chapter 6\mp_coop_a3_transition01.vmf
ConVarRef gpu_level doesn't point to an existing ConVar
Patching WVT material: maps/mp_coop_a3_transition01/nature/blendrockdirt_tunnel03b_wvt_patch
Patching WVT material: maps/mp_coop_a3_transition01/anim_wp/framework/blend_backpanels02_pipes_wvt_patch
fixing up env_cubemap materials on brush sides...
0...1...2...3...4...5...6...7...8...9...100...1...2...3...4...5...6...7...8...9...10Processing areas...done (0)
Building Faces...done (0)
Chop Details...done (0)
Find Visible Detail Sides...
Merged 620 detail faces...done (0)
Merging details...done (0)
FixTjuncs...
PruneNodes...
WriteBSP...
done (0)
writing C:\Program Files (x86)\Steam\steamapps\common\Portal 2\sdk_content\maps\WIP\Chapter 6\mp_coop_a3_transition01.prt...Building visibility clusters...
done (0)
Finding displacement neighbors...
Finding lightmap sample positions...
Displacement Alpha : 0...1...2...3...4...5...6...7...8...9...10
Building Physics collision data...
done (1) (524087 bytes)
Placing detail props : 0...1...2...3...4...5...6...7...8...9...10
Compacting texture/material tables...
Reduced 2271 texinfos to 1368
Reduced 135 texdatas to 125 (4984 bytes to 4613)
Writing C:\Program Files (x86)\Steam\steamapps\common\Portal 2\sdk_content\maps\WIP\Chapter 6\mp_coop_a3_transition01.bsp

nummapplanes:     (  9940 / 65536 )
nummapbrushes:    (  1289 /  8192 )
nummapbrushsides: ( 12401 / 65536 )
num_map_overlays: (    87 /   512 )
nummodels:        (   126 /  1024 )
num_entities:     (   699 / 16384 )

4 seconds elapsed



24 threads
reading c:\program files (x86)\steam\steamapps\common\portal 2\sdk_content\maps\wip\chapter 6\mp_coop_a3_transition01.bsp
reading c:\program files (x86)\steam\steamapps\common\portal 2\sdk_content\maps\wip\chapter 6\mp_coop_a3_transition01.prt
1495 portalclusters
5305 numportals
0...1...2...3...4...5...6...7...8...9...10Optimized: 90439 visible clusters (0.00%)
Total clusters visible: 1768350
Average clusters visible: 1182
Building PAS...
Average clusters audible: 1468
visdatasize:554990  compressed from 574080
writing c:\program files (x86)\steam\steamapps\common\portal 2\sdk_content\maps\wip\chapter 6\mp_coop_a3_transition01.bsp
0 seconds elapsed



Could not find lights.rad in lights.rad.
Trying VRAD BIN directory instead...
Warning: Couldn't open texlight file C:\Program Files (x86)\Steam\steamapps\common\Portal 2\bin\lights.rad.
Loading c:\program files (x86)\steam\steamapps\common\portal 2\sdk_content\maps\wip\chapter 6\mp_coop_a3_transition01.bsp
Patch Sample Radius Clamped!
Patch Sample Radius Clamped!
Patch Sample Radius Clamped!
Patch Sample Radius Clamped!
Patch Sample Radius Clamped!
Patch Sample Radius Clamped!
Patch Sample Radius Clamped!
Patch Sample Radius Clamped!
Patch Sample Radius Clamped!
Patch Sample Radius Clamped!
Patch Sample Radius Clamped!
Patch Sample Radius Clamped!
Patch Sample Radius Clamped!
Patch Sample Radius Clamped!
Patch Sample Radius Clamped!
Patch Sample Radius Clamped!
Patch Sample Radius Clamped!
Patch Sample Radius Clamped!
Patch Sample Radius Clamped!
Patch Sample Radius Clamped!
Patch Sample Radius Clamped!
Patch Sample Radius Clamped!
Patch Sample Radius Clamped!
Patch Sample Radius Clamped!
Patch Sample Radius Clamped!
Patch Sample Radius Clamped!
Patch Sample Radius Clamped!
Patch Sample Radius Clamped!
Patch Sample Radius Clamped!
Patch Sample Radius Clamped!
Patch Sample Radius Clamped!
Patch Sample Radius Clamped!
Patch Sample Radius Clamped!
Patch Sample Radius Clamped!
Patch Sample Radius Clamped!
Patch Sample Radius Clamped!
Patch Sample Radius Clamped!
Patch Sample Radius Clamped!
Patch Sample Radius Clamped!
Patch Sample Radius Clamped!
4175 faces
1785376 square feet [257094240.00 square inches]
198 Displacements
1723094 Square Feet [248125600.00 Square Inches]
4175 patches before subdivision
91427 patches after subdivision
146 direct lights
0...1...2...3...4...5...6...7...8...9...100...1...2...3...4...5...6...7...8...9...10transfers 6189003, max 485
transfer lists:  47.2 megs
0...1...2...3...4...5...6...7...8...9...10	Bounce #1 added RGB(33267, 29030, 24720)
0...1...2...3...4...5...6...7...8...9...10	Bounce #2 added RGB(6238, 4807, 3291)
0...1...2...3...4...5...6...7...8...9...10	Bounce #3 added RGB(1551, 1168, 736)
0...1...2...3...4...5...6...7...8...9...10	Bounce #4 added RGB(445, 343, 211)
0...1...2...3...4...5...6...7...8...9...10	Bounce #5 added RGB(138, 110, 68)
0...1...2...3...4...5...6...7...8...9...10	Bounce #6 added RGB(45, 37, 23)
0...1...2...3...4...5...6...7...8...9...10	Bounce #7 added RGB(15, 13, 8)
0...1...2...3...4...5...6...7...8...9...10	Bounce #8 added RGB(5, 4, 3)
0...1...2...3...4...5...6...7...8...9...10	Bounce #9 added RGB(2, 2, 1)
0...1...2...3...4...5...6...7...8...9...10	Bounce #10 added RGB(1, 1, 0)
Build Patch/Sample Hash Table(s).....Done<0.0322 sec>
0...1...2...3...4...5...6...7...8...9...10FinalLightFace Done
0 of 0 (0% of) surface lights went in leaf ambient cubes.
0...1...2...3...4...5...6...7...8...9...10Writing leaf ambient...done
Ready to Finish

Object names       Objects/Maxobjs  Memory / Maxmem  Fullness 
------------       ---------------  ---------------  -------- 
models                 126/1024         6048/49152    (12.3%) 
brushes               1289/8192        15468/98304    (15.7%) 
brushsides           11216/65536       89728/524288   (17.1%) 
planes                9940/65536      198800/1310720  (15.2%) 
vertexes              8746/65536      104952/786432   (13.3%) 
nodes                 3090/65536       98880/2097152  ( 4.7%) 
texinfos              1368/12288       98496/884736   (11.1%) 
texdata                125/2048         4000/65536    ( 6.1%) 
dispinfos              198/0           34848/0        ( 0.0%) 
disp_verts            6014/0          120280/0        ( 0.0%) 
disp_tris             8160/0           16320/0        ( 0.0%) 
disp_multiblend          0/0               0/0        ( 0.0%) 
disp_lmsamples      728368/0          728368/0        ( 0.0%) 
faces                 4175/65536      233800/3670016  ( 6.4%) 
hdr faces                0/65536           0/3670016  ( 0.0%) 
origfaces             2883/65536      161448/3670016  ( 4.4%) 
facebrushes            339/0             678/0        ( 0.0%) 
facebrushlists        4175/0           16700/0        ( 0.0%) 
leaves                3217/65536      102944/2097152  ( 4.9%) 
leaffaces             5294/65536       10588/131072   ( 8.1%) 
leafbrushes           3718/65536        7436/131072   ( 5.7%) 
areas                   18/256           144/2048     ( 7.0%) 
surfedges            31608/512000     126432/2048000  ( 6.2%) 
edges                20451/256000      81804/1024000  ( 8.0%) 
LDR worldlights        146/8192        14600/819200   ( 1.8%) 
HDR worldlights          0/8192            0/819200   ( 0.0%) 
leafwaterdata            0/32768           0/393216   ( 0.0%) 
waterstrips            603/32768        6030/327680   ( 1.8%) 
waterverts               0/65536           0/786432   ( 0.0%) 
waterindices          9507/65536       19014/131072   (14.5%) 
cubemapsamples           8/1024          128/16384    ( 0.8%) 
overlays                87/512         30624/180224   (17.0%) 
LDR lightdata         [variable]     7298644/0        ( 0.0%) 
HDR lightdata         [variable]           0/0        ( 0.0%) 
visdata               [variable]      554990/16777216 ( 3.3%) 
entdata               [variable]      244895/393216   (62.3%) 
LDR ambient table     3217/65536       12868/262144   ( 4.9%) 
HDR ambient table     3217/65536       12868/262144   ( 4.9%) 
LDR leaf ambient     17555/65536      491540/1835008  (26.8%) 
HDR leaf ambient      3217/65536       90076/1835008  ( 4.9%) 
occluders                0/0               0/0        ( 0.0%) 
occluder polygons        0/0               0/0        ( 0.0%) 
occluder vert ind        0/0               0/0        ( 0.0%) 
detail props          [variable]           1/12       ( 8.3%) 
static props          [variable]           1/104206   ( 0.0%) 
pakfile               [variable]      680458/0        ( 0.0%) 
physics               [variable]      524087/4194304  (12.5%) 
physics terrain       [variable]       37894/1048576  ( 3.6%) 

Level flags = 0

Total triangle count: 11484
Writing c:\program files (x86)\steam\steamapps\common\portal 2\sdk_content\maps\wip\chapter 6\mp_coop_a3_transition01.bsp
47 seconds elapsed



materialPath: C:\Program Files (x86)\Steam\steamapps\common\Portal 2\portal2\materials
Loading C:\Program Files (x86)\Steam\steamapps\common\Portal 2\sdk_content\maps\WIP\Chapter 6\mp_coop_a3_transition01.vmf
ConVarRef gpu_level doesn't point to an existing ConVar
Patching WVT material: maps/mp_coop_a3_transition01/nature/blendrockdirt_tunnel03b_wvt_patch
Patching WVT material: maps/mp_coop_a3_transition01/anim_wp/framework/blend_backpanels02_pipes_wvt_patch
fixing up env_cubemap materials on brush sides...
0...1...2...3...4...5...6...7...8...9...100...1...2...3...4...5...6...7...8...9...10Processing areas...done (0)
Building Faces...done (0)
Chop Details...done (0)
Find Visible Detail Sides...
Merged 620 detail faces...done (0)
Merging details...done (0)
FixTjuncs...
PruneNodes...
WriteBSP...
done (0)
writing C:\Program Files (x86)\Steam\steamapps\common\Portal 2\sdk_content\maps\WIP\Chapter 6\mp_coop_a3_transition01.prt...Building visibility clusters...
done (0)
Finding displacement neighbors...
Finding lightmap sample positions...
Displacement Alpha : 0...1...2...3...4...5...6...7...8...9...10
Building Physics collision data...
done (1) (524087 bytes)
Placing detail props : 0...1...2...3...4...5...6...7...8...9...10
Compacting texture/material tables...
Reduced 2271 texinfos to 1368
Reduced 135 texdatas to 125 (4984 bytes to 4613)
Writing C:\Program Files (x86)\Steam\steamapps\common\Portal 2\sdk_content\maps\WIP\Chapter 6\mp_coop_a3_transition01.bsp

nummapplanes:     (  9940 / 65536 )
nummapbrushes:    (  1289 /  8192 )
nummapbrushsides: ( 12401 / 65536 )
num_map_overlays: (    87 /   512 )
nummodels:        (   126 /  1024 )
num_entities:     (   699 / 16384 )

4 seconds elapsed



24 threads
reading c:\program files (x86)\steam\steamapps\common\portal 2\sdk_content\maps\wip\chapter 6\mp_coop_a3_transition01.bsp
reading c:\program files (x86)\steam\steamapps\common\portal 2\sdk_content\maps\wip\chapter 6\mp_coop_a3_transition01.prt
1495 portalclusters
5305 numportals
0...1...2...3...4...5...6...7...8...9...10Optimized: 90439 visible clusters (0.00%)
Total clusters visible: 1768350
Average clusters visible: 1182
Building PAS...
Average clusters audible: 1468
visdatasize:554990  compressed from 574080
writing c:\program files (x86)\steam\steamapps\common\portal 2\sdk_content\maps\wip\chapter 6\mp_coop_a3_transition01.bsp
0 seconds elapsed



Could not find lights.rad in lights.rad.
Trying VRAD BIN directory instead...
Warning: Couldn't open texlight file C:\Program Files (x86)\Steam\steamapps\common\Portal 2\bin\lights.rad.
Loading c:\program files (x86)\steam\steamapps\common\portal 2\sdk_content\maps\wip\chapter 6\mp_coop_a3_transition01.bsp
Patch Sample Radius Clamped!
Patch Sample Radius Clamped!
Patch Sample Radius Clamped!
Patch Sample Radius Clamped!
Patch Sample Radius Clamped!
Patch Sample Radius Clamped!
Patch Sample Radius Clamped!
Patch Sample Radius Clamped!
Patch Sample Radius Clamped!
Patch Sample Radius Clamped!
Patch Sample Radius Clamped!
Patch Sample Radius Clamped!
Patch Sample Radius Clamped!
Patch Sample Radius Clamped!
Patch Sample Radius Clamped!
Patch Sample Radius Clamped!
Patch Sample Radius Clamped!
Patch Sample Radius Clamped!
Patch Sample Radius Clamped!
Patch Sample Radius Clamped!
Patch Sample Radius Clamped!
Patch Sample Radius Clamped!
Patch Sample Radius Clamped!
Patch Sample Radius Clamped!
Patch Sample Radius Clamped!
Patch Sample Radius Clamped!
Patch Sample Radius Clamped!
Patch Sample Radius Clamped!
Patch Sample Radius Clamped!
Patch Sample Radius Clamped!
Patch Sample Radius Clamped!
Patch Sample Radius Clamped!
Patch Sample Radius Clamped!
Patch Sample Radius Clamped!
Patch Sample Radius Clamped!
Patch Sample Radius Clamped!
Patch Sample Radius Clamped!
Patch Sample Radius Clamped!
Patch Sample Radius Clamped!
Patch Sample Radius Clamped!
4175 faces
1785376 square feet [257094240.00 square inches]
198 Displacements
1723094 Square Feet [248125600.00 Square Inches]
4175 patches before subdivision
91427 patches after subdivision
146 direct lights
0...1...2...3...4...5...6...7...8...9...100...1...2...3...4...5...6...7...8...9...10transfers 6189003, max 485
transfer lists:  47.2 megs
0...1...2...3...4...5...6...7...8...9...10	Bounce #1 added RGB(33267, 29030, 24720)
0...1...2...3...4...5...6...7...8...9...10	Bounce #2 added RGB(6238, 4807, 3291)
0...1...2...3...4...5...6...7...8...9...10	Bounce #3 added RGB(1551, 1168, 736)
0...1...2...3...4...5...6...7...8...9...10	Bounce #4 added RGB(445, 343, 211)
0...1...2...3...4...5...6...7...8...9...10	Bounce #5 added RGB(138, 110, 68)
0...1...2...3...4...5...6...7...8...9...10	Bounce #6 added RGB(45, 37, 23)
0...1...2...3...4...5...6...7...8...9...10	Bounce #7 added RGB(15, 13, 8)
0...1...2...3...4...5...6...7...8...9...10	Bounce #8 added RGB(5, 4, 3)
0...1...2...3...4...5...6...7...8...9...10	Bounce #9 added RGB(2, 2, 1)
0...1...2...3...4...5...6...7...8...9...10	Bounce #10 added RGB(1, 1, 0)
Build Patch/Sample Hash Table(s).....Done<0.0312 sec>
0...1...2...3...4...5...6...7...8...9...10FinalLightFace Done
0 of 0 (0% of) surface lights went in leaf ambient cubes.
0...1...2...3...4...5...6...7...8...9...10Writing leaf ambient...done
Ready to Finish

Object names       Objects/Maxobjs  Memory / Maxmem  Fullness 
------------       ---------------  ---------------  -------- 
models                 126/1024         6048/49152    (12.3%) 
brushes               1289/8192        15468/98304    (15.7%) 
brushsides           11216/65536       89728/524288   (17.1%) 
planes                9940/65536      198800/1310720  (15.2%) 
vertexes              8746/65536      104952/786432   (13.3%) 
nodes                 3090/65536       98880/2097152  ( 4.7%) 
texinfos              1368/12288       98496/884736   (11.1%) 
texdata                125/2048         4000/65536    ( 6.1%) 
dispinfos              198/0           34848/0        ( 0.0%) 
disp_verts            6014/0          120280/0        ( 0.0%) 
disp_tris             8160/0           16320/0        ( 0.0%) 
disp_multiblend          0/0               0/0        ( 0.0%) 
disp_lmsamples      728368/0          728368/0        ( 0.0%) 
faces                 4175/65536      233800/3670016  ( 6.4%) 
hdr faces                0/65536           0/3670016  ( 0.0%) 
origfaces             2883/65536      161448/3670016  ( 4.4%) 
facebrushes            339/0             678/0        ( 0.0%) 
facebrushlists        4175/0           16700/0        ( 0.0%) 
leaves                3217/65536      102944/2097152  ( 4.9%) 
leaffaces             5294/65536       10588/131072   ( 8.1%) 
leafbrushes           3718/65536        7436/131072   ( 5.7%) 
areas                   18/256           144/2048     ( 7.0%) 
surfedges            31608/512000     126432/2048000  ( 6.2%) 
edges                20451/256000      81804/1024000  ( 8.0%) 
LDR worldlights        146/8192        14600/819200   ( 1.8%) 
HDR worldlights          0/8192            0/819200   ( 0.0%) 
leafwaterdata            0/32768           0/393216   ( 0.0%) 
waterstrips            603/32768        6030/327680   ( 1.8%) 
waterverts               0/65536           0/786432   ( 0.0%) 
waterindices          9507/65536       19014/131072   (14.5%) 
cubemapsamples           8/1024          128/16384    ( 0.8%) 
overlays                87/512         30624/180224   (17.0%) 
LDR lightdata         [variable]     7298644/0        ( 0.0%) 
HDR lightdata         [variable]           0/0        ( 0.0%) 
visdata               [variable]      554990/16777216 ( 3.3%) 
entdata               [variable]      244895/393216   (62.3%) 
LDR ambient table     3217/65536       12868/262144   ( 4.9%) 
HDR ambient table     3217/65536       12868/262144   ( 4.9%) 
LDR leaf ambient     17555/65536      491540/1835008  (26.8%) 
HDR leaf ambient      3217/65536       90076/1835008  ( 4.9%) 
occluders                0/0               0/0        ( 0.0%) 
occluder polygons        0/0               0/0        ( 0.0%) 
occluder vert ind        0/0               0/0        ( 0.0%) 
detail props          [variable]           1/12       ( 8.3%) 
static props          [variable]           1/104206   ( 0.0%) 
pakfile               [variable]      680458/0        ( 0.0%) 
physics               [variable]      524087/4194304  (12.5%) 
physics terrain       [variable]       37894/1048576  ( 3.6%) 

Level flags = 0

Total triangle count: 11484
Writing c:\program files (x86)\steam\steamapps\common\portal 2\sdk_content\maps\wip\chapter 6\mp_coop_a3_transition01.bsp
46 seconds elapsed



materialPath: C:\Program Files (x86)\Steam\steamapps\common\Portal 2\portal2\materials
Loading C:\Program Files (x86)\Steam\steamapps\common\Portal 2\sdk_content\maps\WIP\Chapter 6\mp_coop_a3_transition01.vmf
ConVarRef gpu_level doesn't point to an existing ConVar
Patching WVT material: maps/mp_coop_a3_transition01/nature/blendrockdirt_tunnel03b_wvt_patch
Patching WVT material: maps/mp_coop_a3_transition01/anim_wp/framework/blend_backpanels02_pipes_wvt_patch
fixing up env_cubemap materials on brush sides...
0...1...2...3...4...5...6...7...8...9...100...1...2...3...4...5...6...7...8...9...10Processing areas...done (0)
Building Faces...done (0)
Chop Details...done (0)
Find Visible Detail Sides...
Merged 620 detail faces...done (0)
Merging details...done (0)
FixTjuncs...
PruneNodes...
WriteBSP...
done (0)
writing C:\Program Files (x86)\Steam\steamapps\common\Portal 2\sdk_content\maps\WIP\Chapter 6\mp_coop_a3_transition01.prt...Building visibility clusters...
done (0)
Finding displacement neighbors...
Finding lightmap sample positions...
Displacement Alpha : 0...1...2...3...4...5...6...7...8...9...10
Building Physics collision data...
done (1) (524087 bytes)
Placing detail props : 0...1...2...3...4...5...6...7...8...9...10
Compacting texture/material tables...
Reduced 2271 texinfos to 1368
Reduced 135 texdatas to 125 (4984 bytes to 4613)
Writing C:\Program Files (x86)\Steam\steamapps\common\Portal 2\sdk_content\maps\WIP\Chapter 6\mp_coop_a3_transition01.bsp

nummapplanes:     (  9940 / 65536 )
nummapbrushes:    (  1289 /  8192 )
nummapbrushsides: ( 12401 / 65536 )
num_map_overlays: (    87 /   512 )
nummodels:        (   126 /  1024 )
num_entities:     (   700 / 16384 )

5 seconds elapsed



24 threads
reading c:\program files (x86)\steam\steamapps\common\portal 2\sdk_content\maps\wip\chapter 6\mp_coop_a3_transition01.bsp
reading c:\program files (x86)\steam\steamapps\common\portal 2\sdk_content\maps\wip\chapter 6\mp_coop_a3_transition01.prt
1495 portalclusters
5305 numportals
0...1...2...3...4...5...6...7...8...9...10Optimized: 90439 visible clusters (0.00%)
Total clusters visible: 1768350
Average clusters visible: 1182
Building PAS...
Average clusters audible: 1468
visdatasize:554990  compressed from 574080
writing c:\program files (x86)\steam\steamapps\common\portal 2\sdk_content\maps\wip\chapter 6\mp_coop_a3_transition01.bsp
0 seconds elapsed



[Reading texlights from 'lights.rad']
[59 texlights parsed from 'lights.rad']

Loading c:\program files (x86)\steam\steamapps\common\portal 2\sdk_content\maps\wip\chapter 6\mp_coop_a3_transition01.bsp
Patch Sample Radius Clamped!
Patch Sample Radius Clamped!
Patch Sample Radius Clamped!
Patch Sample Radius Clamped!
Patch Sample Radius Clamped!
Patch Sample Radius Clamped!
Patch Sample Radius Clamped!
Patch Sample Radius Clamped!
Patch Sample Radius Clamped!
Patch Sample Radius Clamped!
Patch Sample Radius Clamped!
Patch Sample Radius Clamped!
Patch Sample Radius Clamped!
Patch Sample Radius Clamped!
Patch Sample Radius Clamped!
Patch Sample Radius Clamped!
Patch Sample Radius Clamped!
Patch Sample Radius Clamped!
Patch Sample Radius Clamped!
Patch Sample Radius Clamped!
Patch Sample Radius Clamped!
Patch Sample Radius Clamped!
Patch Sample Radius Clamped!
Patch Sample Radius Clamped!
Patch Sample Radius Clamped!
Patch Sample Radius Clamped!
Patch Sample Radius Clamped!
Patch Sample Radius Clamped!
Patch Sample Radius Clamped!
Patch Sample Radius Clamped!
Patch Sample Radius Clamped!
Patch Sample Radius Clamped!
Patch Sample Radius Clamped!
Patch Sample Radius Clamped!
Patch Sample Radius Clamped!
Patch Sample Radius Clamped!
Patch Sample Radius Clamped!
Patch Sample Radius Clamped!
Patch Sample Radius Clamped!
Patch Sample Radius Clamped!
4175 faces
1785376 square feet [257094240.00 square inches]
198 Displacements
1723094 Square Feet [248125600.00 Square Inches]
4175 patches before subdivision
91609 patches after subdivision
250 direct lights
0...1...2...3...4...5...6...7...8...9...100...1...2...3...4...5...6...7...8...9...10transfers 6206683, max 485
transfer lists:  47.4 megs
0...1...2...3...4...5...6...7...8...9...10	Bounce #1 added RGB(38624, 32568, 26168)
0...1...2...3...4...5...6...7...8...9...10	Bounce #2 added RGB(7178, 5313, 3443)
0...1...2...3...4...5...6...7...8...9...10	Bounce #3 added RGB(1701, 1235, 753)
0...1...2...3...4...5...6...7...8...9...10	Bounce #4 added RGB(471, 353, 214)
0...1...2...3...4...5...6...7...8...9...10	Bounce #5 added RGB(143, 112, 69)
0...1...2...3...4...5...6...7...8...9...10	Bounce #6 added RGB(46, 37, 23)
0...1...2...3...4...5...6...7...8...9...10	Bounce #7 added RGB(15, 13, 8)
0...1...2...3...4...5...6...7...8...9...10	Bounce #8 added RGB(5, 4, 3)
0...1...2...3...4...5...6...7...8...9...10	Bounce #9 added RGB(2, 2, 1)
0...1...2...3...4...5...6...7...8...9...10	Bounce #10 added RGB(1, 1, 0)
Build Patch/Sample Hash Table(s).....Done<0.0319 sec>
0...1...2...3...4...5...6...7...8...9...10FinalLightFace Done
104 of 104 (100% of) surface lights went in leaf ambient cubes.
0...1...2...3...4...5...6...7...8...9...10Writing leaf ambient...done
Ready to Finish

Object names       Objects/Maxobjs  Memory / Maxmem  Fullness 
------------       ---------------  ---------------  -------- 
models                 126/1024         6048/49152    (12.3%) 
brushes               1289/8192        15468/98304    (15.7%) 
brushsides           11216/65536       89728/524288   (17.1%) 
planes                9940/65536      198800/1310720  (15.2%) 
vertexes              8746/65536      104952/786432   (13.3%) 
nodes                 3090/65536       98880/2097152  ( 4.7%) 
texinfos              1368/12288       98496/884736   (11.1%) 
texdata                125/2048         4000/65536    ( 6.1%) 
dispinfos              198/0           34848/0        ( 0.0%) 
disp_verts            6014/0          120280/0        ( 0.0%) 
disp_tris             8160/0           16320/0        ( 0.0%) 
disp_multiblend          0/0               0/0        ( 0.0%) 
disp_lmsamples      728368/0          728368/0        ( 0.0%) 
faces                 4175/65536      233800/3670016  ( 6.4%) 
hdr faces                0/65536           0/3670016  ( 0.0%) 
origfaces             2883/65536      161448/3670016  ( 4.4%) 
facebrushes            339/0             678/0        ( 0.0%) 
facebrushlists        4175/0           16700/0        ( 0.0%) 
leaves                3217/65536      102944/2097152  ( 4.9%) 
leaffaces             5294/65536       10588/131072   ( 8.1%) 
leafbrushes           3718/65536        7436/131072   ( 5.7%) 
areas                   18/256           144/2048     ( 7.0%) 
surfedges            31608/512000     126432/2048000  ( 6.2%) 
edges                20451/256000      81804/1024000  ( 8.0%) 
LDR worldlights        250/8192        25000/819200   ( 3.1%) 
HDR worldlights          0/8192            0/819200   ( 0.0%) 
leafwaterdata            0/32768           0/393216   ( 0.0%) 
waterstrips            603/32768        6030/327680   ( 1.8%) 
waterverts               0/65536           0/786432   ( 0.0%) 
waterindices          9507/65536       19014/131072   (14.5%) 
cubemapsamples           8/1024          128/16384    ( 0.8%) 
overlays                87/512         30624/180224   (17.0%) 
LDR lightdata         [variable]     7298644/0        ( 0.0%) 
HDR lightdata         [variable]           0/0        ( 0.0%) 
visdata               [variable]      554990/16777216 ( 3.3%) 
entdata               [variable]      245146/393216   (62.3%) 
LDR ambient table     3217/65536       12868/262144   ( 4.9%) 
HDR ambient table     3217/65536       12868/262144   ( 4.9%) 
LDR leaf ambient     17960/65536      502880/1835008  (27.4%) 
HDR leaf ambient      3217/65536       90076/1835008  ( 4.9%) 
occluders                0/0               0/0        ( 0.0%) 
occluder polygons        0/0               0/0        ( 0.0%) 
occluder vert ind        0/0               0/0        ( 0.0%) 
detail props          [variable]           1/12       ( 8.3%) 
static props          [variable]           1/104206   ( 0.0%) 
pakfile               [variable]      680458/0        ( 0.0%) 
physics               [variable]      524087/4194304  (12.5%) 
physics terrain       [variable]       37894/1048576  ( 3.6%) 

Level flags = 0

Total triangle count: 11484
Writing c:\program files (x86)\steam\steamapps\common\portal 2\sdk_content\maps\wip\chapter 6\mp_coop_a3_transition01.bsp
58 seconds elapsed



materialPath: C:\Program Files (x86)\Steam\steamapps\common\Portal 2\portal2\materials
Loading C:\Program Files (x86)\Steam\steamapps\common\Portal 2\sdk_content\maps\WIP\Chapter 6\mp_coop_a3_transition01.vmf
ConVarRef gpu_level doesn't point to an existing ConVar
Patching WVT material: maps/mp_coop_a3_transition01/nature/blendrockdirt_tunnel03b_wvt_patch
Patching WVT material: maps/mp_coop_a3_transition01/anim_wp/framework/blend_backpanels02_pipes_wvt_patch
fixing up env_cubemap materials on brush sides...
0...1...2...3...4...5...6...7...8...9...100...1...2...3...4...5...6...7...8...9...10Processing areas...done (0)
Building Faces...done (0)
Chop Details...done (0)
Find Visible Detail Sides...
Merged 620 detail faces...done (0)
Merging details...done (0)
FixTjuncs...
PruneNodes...
WriteBSP...
done (0)
writing C:\Program Files (x86)\Steam\steamapps\common\Portal 2\sdk_content\maps\WIP\Chapter 6\mp_coop_a3_transition01.prt...Building visibility clusters...
done (0)
Finding displacement neighbors...
Finding lightmap sample positions...
Displacement Alpha : 0...1...2...3...4...5...6...7...8...9...10
Building Physics collision data...
done (1) (524644 bytes)
Placing detail props : 0...1...2...3...4...5...6...7...8...9...10
Compacting texture/material tables...
Reduced 2271 texinfos to 1368
Reduced 135 texdatas to 125 (4984 bytes to 4613)
Writing C:\Program Files (x86)\Steam\steamapps\common\Portal 2\sdk_content\maps\WIP\Chapter 6\mp_coop_a3_transition01.bsp

nummapplanes:     (  9952 / 65536 )
nummapbrushes:    (  1290 /  8192 )
nummapbrushsides: ( 12407 / 65536 )
num_map_overlays: (    87 /   512 )
nummodels:        (   127 /  1024 )
num_entities:     (   701 / 16384 )

4 seconds elapsed



24 threads
reading c:\program files (x86)\steam\steamapps\common\portal 2\sdk_content\maps\wip\chapter 6\mp_coop_a3_transition01.bsp
reading c:\program files (x86)\steam\steamapps\common\portal 2\sdk_content\maps\wip\chapter 6\mp_coop_a3_transition01.prt
1495 portalclusters
5305 numportals
0...1...2...3...4...5...6...7...8...9...10Optimized: 90439 visible clusters (0.00%)
Total clusters visible: 1768350
Average clusters visible: 1182
Building PAS...
Average clusters audible: 1468
visdatasize:554990  compressed from 574080
writing c:\program files (x86)\steam\steamapps\common\portal 2\sdk_content\maps\wip\chapter 6\mp_coop_a3_transition01.bsp
0 seconds elapsed



[Reading texlights from 'lights.rad']
[59 texlights parsed from 'lights.rad']

Loading c:\program files (x86)\steam\steamapps\common\portal 2\sdk_content\maps\wip\chapter 6\mp_coop_a3_transition01.bsp
Patch Sample Radius Clamped!
Patch Sample Radius Clamped!
Patch Sample Radius Clamped!
Patch Sample Radius Clamped!
Patch Sample Radius Clamped!
Patch Sample Radius Clamped!
Patch Sample Radius Clamped!
Patch Sample Radius Clamped!
Patch Sample Radius Clamped!
Patch Sample Radius Clamped!
Patch Sample Radius Clamped!
Patch Sample Radius Clamped!
Patch Sample Radius Clamped!
Patch Sample Radius Clamped!
Patch Sample Radius Clamped!
Patch Sample Radius Clamped!
Patch Sample Radius Clamped!
Patch Sample Radius Clamped!
Patch Sample Radius Clamped!
Patch Sample Radius Clamped!
Patch Sample Radius Clamped!
Patch Sample Radius Clamped!
Patch Sample Radius Clamped!
Patch Sample Radius Clamped!
Patch Sample Radius Clamped!
Patch Sample Radius Clamped!
Patch Sample Radius Clamped!
Patch Sample Radius Clamped!
Patch Sample Radius Clamped!
Patch Sample Radius Clamped!
Patch Sample Radius Clamped!
Patch Sample Radius Clamped!
Patch Sample Radius Clamped!
Patch Sample Radius Clamped!
Patch Sample Radius Clamped!
Patch Sample Radius Clamped!
Patch Sample Radius Clamped!
Patch Sample Radius Clamped!
Patch Sample Radius Clamped!
Patch Sample Radius Clamped!
4175 faces
1785376 square feet [257094240.00 square inches]
198 Displacements
1723094 Square Feet [248125600.00 Square Inches]
4175 patches before subdivision
91609 patches after subdivision
250 direct lights
0...1...2...3...4...5...6...7...8...9...100...1...2...3...4...5...6...7...8...9...10transfers 6306711, max 503
transfer lists:  48.1 megs
0...1...2...3...4...5...6...7...8...9...10	Bounce #1 added RGB(39384, 33259, 26635)
0...1...2...3...4...5...6...7...8...9...10	Bounce #2 added RGB(7573, 5656, 3645)
0...1...2...3...4...5...6...7...8...9...10	Bounce #3 added RGB(1896, 1402, 848)
0...1...2...3...4...5...6...7...8...9...10	Bounce #4 added RGB(561, 429, 256)
0...1...2...3...4...5...6...7...8...9...10	Bounce #5 added RGB(182, 145, 87)
0...1...2...3...4...5...6...7...8...9...10	Bounce #6 added RGB(63, 52, 31)
0...1...2...3...4...5...6...7...8...9...10	Bounce #7 added RGB(22, 19, 11)
0...1...2...3...4...5...6...7...8...9...10	Bounce #8 added RGB(8, 7, 4)
0...1...2...3...4...5...6...7...8...9...10	Bounce #9 added RGB(3, 3, 1)
0...1...2...3...4...5...6...7...8...9...10	Bounce #10 added RGB(1, 1, 1)
0...1...2...3...4...5...6...7...8...9...10	Bounce #11 added RGB(0, 0, 0)
Build Patch/Sample Hash Table(s).....Done<0.0318 sec>
0...1...2...3...4...5...6...7...8...9...10FinalLightFace Done
104 of 104 (100% of) surface lights went in leaf ambient cubes.
0...1...2...3...4...5...6...7...8...9...10Writing leaf ambient...done
Ready to Finish

Object names       Objects/Maxobjs  Memory / Maxmem  Fullness 
------------       ---------------  ---------------  -------- 
models                 127/1024         6096/49152    (12.4%) 
brushes               1290/8192        15480/98304    (15.7%) 
brushsides           11222/65536       89776/524288   (17.1%) 
planes                9952/65536      199040/1310720  (15.2%) 
vertexes              8754/65536      105048/786432   (13.4%) 
nodes                 3096/65536       99072/2097152  ( 4.7%) 
texinfos              1368/12288       98496/884736   (11.1%) 
texdata                125/2048         4000/65536    ( 6.1%) 
dispinfos              198/0           34848/0        ( 0.0%) 
disp_verts            6014/0          120280/0        ( 0.0%) 
disp_tris             8160/0           16320/0        ( 0.0%) 
disp_multiblend          0/0               0/0        ( 0.0%) 
disp_lmsamples      728368/0          728368/0        ( 0.0%) 
faces                 4175/65536      233800/3670016  ( 6.4%) 
hdr faces                0/65536           0/3670016  ( 0.0%) 
origfaces             2883/65536      161448/3670016  ( 4.4%) 
facebrushes            339/0             678/0        ( 0.0%) 
facebrushlists        4175/0           16700/0        ( 0.0%) 
leaves                3224/65536      103168/2097152  ( 4.9%) 
leaffaces             5294/65536       10588/131072   ( 8.1%) 
leafbrushes           3719/65536        7438/131072   ( 5.7%) 
areas                   18/256           144/2048     ( 7.0%) 
surfedges            31608/512000     126432/2048000  ( 6.2%) 
edges                20451/256000      81804/1024000  ( 8.0%) 
LDR worldlights        250/8192        25000/819200   ( 3.1%) 
HDR worldlights          0/8192            0/819200   ( 0.0%) 
leafwaterdata            0/32768           0/393216   ( 0.0%) 
waterstrips            603/32768        6030/327680   ( 1.8%) 
waterverts               0/65536           0/786432   ( 0.0%) 
waterindices          9507/65536       19014/131072   (14.5%) 
cubemapsamples           8/1024          128/16384    ( 0.8%) 
overlays                87/512         30624/180224   (17.0%) 
LDR lightdata         [variable]     7298644/0        ( 0.0%) 
HDR lightdata         [variable]           0/0        ( 0.0%) 
visdata               [variable]      554990/16777216 ( 3.3%) 
entdata               [variable]      245271/393216   (62.4%) 
LDR ambient table     3224/65536       12896/262144   ( 4.9%) 
HDR ambient table     3224/65536       12896/262144   ( 4.9%) 
LDR leaf ambient     17995/65536      503860/1835008  (27.5%) 
HDR leaf ambient      3224/65536       90272/1835008  ( 4.9%) 
occluders                0/0               0/0        ( 0.0%) 
occluder polygons        0/0               0/0        ( 0.0%) 
occluder vert ind        0/0               0/0        ( 0.0%) 
detail props          [variable]           1/12       ( 8.3%) 
static props          [variable]           1/103932   ( 0.0%) 
pakfile               [variable]      680458/0        ( 0.0%) 
physics               [variable]      524644/4194304  (12.5%) 
physics terrain       [variable]       37894/1048576  ( 3.6%) 

Level flags = 0

Total triangle count: 11484
Writing c:\program files (x86)\steam\steamapps\common\portal 2\sdk_content\maps\wip\chapter 6\mp_coop_a3_transition01.bsp
59 seconds elapsed



[Reading texlights from 'lights.rad']
[59 texlights parsed from 'lights.rad']

Loading c:\program files (x86)\steam\steamapps\common\portal 2\sdk_content\maps\wip\chapter 6\mp_coop_a3_transition01.bsp
Patch Sample Radius Clamped!
Patch Sample Radius Clamped!
Patch Sample Radius Clamped!
Patch Sample Radius Clamped!
Patch Sample Radius Clamped!
Patch Sample Radius Clamped!
Patch Sample Radius Clamped!
Patch Sample Radius Clamped!
Patch Sample Radius Clamped!
Patch Sample Radius Clamped!
Patch Sample Radius Clamped!
Patch Sample Radius Clamped!
Patch Sample Radius Clamped!
Patch Sample Radius Clamped!
Patch Sample Radius Clamped!
Patch Sample Radius Clamped!
Patch Sample Radius Clamped!
Patch Sample Radius Clamped!
Patch Sample Radius Clamped!
Patch Sample Radius Clamped!
Patch Sample Radius Clamped!
Patch Sample Radius Clamped!
Patch Sample Radius Clamped!
Patch Sample Radius Clamped!
Patch Sample Radius Clamped!
Patch Sample Radius Clamped!
Patch Sample Radius Clamped!
Patch Sample Radius Clamped!
Patch Sample Radius Clamped!
Patch Sample Radius Clamped!
Patch Sample Radius Clamped!
Patch Sample Radius Clamped!
Patch Sample Radius Clamped!
Patch Sample Radius Clamped!
Patch Sample Radius Clamped!
Patch Sample Radius Clamped!
Patch Sample Radius Clamped!
Patch Sample Radius Clamped!
Patch Sample Radius Clamped!
Patch Sample Radius Clamped!
Loaded alpha texture materials\Metal\backstage_grate_001a.vtf
Loaded alpha texture materials\metal\underground_metalgrate001a_mip0.vtf
Loaded alpha texture materials\Tools\toolsinvisible.vtf
Loaded alpha texture materials\metal\underground_metalgrate001c_mip0.vtf
Loaded alpha texture materials\metal\underground_metalgrate001b_mip0.vtf
Loaded alpha texture materials\metal\underground_metalgrate002a.vtf
4175 faces
1785376 square feet [257094240.00 square inches]
198 Displacements
1723094 Square Feet [248125600.00 Square Inches]
4175 patches before subdivision
91609 patches after subdivision
250 direct lights
0...1...2...3...4...5...6...7...8...9...100...1...2...3...4...5...6...7...8...9...10transfers 6995564, max 577
transfer lists:  53.4 megs
0...1...2...3...4...5...6...7...8...9...10	Bounce #1 added RGB(39068, 33403, 27314)
0...1...2...3...4...5...6...7...8...9...10	Bounce #2 added RGB(7152, 5296, 3445)
0...1...2...3...4...5...6...7...8...9...10	Bounce #3 added RGB(1684, 1209, 728)
0...1...2...3...4...5...6...7...8...9...10	Bounce #4 added RGB(467, 343, 202)
0...1...2...3...4...5...6...7...8...9...10	Bounce #5 added RGB(143, 110, 65)
0...1...2...3...4...5...6...7...8...9...10	Bounce #6 added RGB(47, 37, 22)
0...1...2...3...4...5...6...7...8...9...10	Bounce #7 added RGB(16, 13, 8)
0...1...2...3...4...5...6...7...8...9...10	Bounce #8 added RGB(5, 5, 3)
0...1...2...3...4...5...6...7...8...9...10	Bounce #9 added RGB(2, 2, 1)
0...1...2...3...4...5...6...7...8...9...10	Bounce #10 added RGB(1, 1, 0)
Build Patch/Sample Hash Table(s).....Done<0.0326 sec>
0...1...2...3...4...5...6...7...8...9...10FinalLightFace Done
104 of 104 (100% of) surface lights went in leaf ambient cubes.
0...1...2...3...4...5...6...7...8...9...10Writing leaf ambient...done
Computing static prop lighting : 00...1...2...3...4...5...6...7...8...9...10
Ready to Finish

Object names       Objects/Maxobjs  Memory / Maxmem  Fullness 
------------       ---------------  ---------------  -------- 
models                 127/1024         6096/49152    (12.4%) 
brushes               1290/8192        15480/98304    (15.7%) 
brushsides           11222/65536       89776/524288   (17.1%) 
planes                9952/65536      199040/1310720  (15.2%) 
vertexes              8754/65536      105048/786432   (13.4%) 
nodes                 3096/65536       99072/2097152  ( 4.7%) 
texinfos              1368/12288       98496/884736   (11.1%) 
texdata                125/2048         4000/65536    ( 6.1%) 
dispinfos              198/0           34848/0        ( 0.0%) 
disp_verts            6014/0          120280/0        ( 0.0%) 
disp_tris             8160/0           16320/0        ( 0.0%) 
disp_multiblend          0/0               0/0        ( 0.0%) 
disp_lmsamples      728368/0          728368/0        ( 0.0%) 
faces                 4175/65536      233800/3670016  ( 6.4%) 
hdr faces                0/65536           0/3670016  ( 0.0%) 
origfaces             2883/65536      161448/3670016  ( 4.4%) 
facebrushes            339/0             678/0        ( 0.0%) 
facebrushlists        4175/0           16700/0        ( 0.0%) 
leaves                3224/65536      103168/2097152  ( 4.9%) 
leaffaces             5294/65536       10588/131072   ( 8.1%) 
leafbrushes           3719/65536        7438/131072   ( 5.7%) 
areas                   18/256           144/2048     ( 7.0%) 
surfedges            31608/512000     126432/2048000  ( 6.2%) 
edges                20451/256000      81804/1024000  ( 8.0%) 
LDR worldlights        250/8192        25000/819200   ( 3.1%) 
HDR worldlights          0/8192            0/819200   ( 0.0%) 
leafwaterdata            0/32768           0/393216   ( 0.0%) 
waterstrips            603/32768        6030/327680   ( 1.8%) 
waterverts               0/65536           0/786432   ( 0.0%) 
waterindices          9507/65536       19014/131072   (14.5%) 
cubemapsamples           8/1024          128/16384    ( 0.8%) 
overlays                87/512         30624/180224   (17.0%) 
LDR lightdata         [variable]     7298644/0        ( 0.0%) 
HDR lightdata         [variable]           0/0        ( 0.0%) 
visdata               [variable]      554990/16777216 ( 3.3%) 
entdata               [variable]      245271/393216   (62.4%) 
LDR ambient table     3224/65536       12896/262144   ( 4.9%) 
HDR ambient table     3224/65536       12896/262144   ( 4.9%) 
LDR leaf ambient     18142/65536      507976/1835008  (27.7%) 
HDR leaf ambient      3224/65536       90272/1835008  ( 4.9%) 
occluders                0/0               0/0        ( 0.0%) 
occluder polygons        0/0               0/0        ( 0.0%) 
occluder vert ind        0/0               0/0        ( 0.0%) 
detail props          [variable]           1/12       ( 8.3%) 
static props          [variable]           1/103932   ( 0.0%) 
pakfile               [variable]     6114980/0        ( 0.0%) 
physics               [variable]      524644/4194304  (12.5%) 
physics terrain       [variable]       37894/1048576  ( 3.6%) 

Level flags = 1

Total triangle count: 11484
Writing c:\program files (x86)\steam\steamapps\common\portal 2\sdk_content\maps\wip\chapter 6\mp_coop_a3_transition01.bsp
23 minutes, 5 seconds elapsed



[Reading texlights from 'lights.rad']
[59 texlights parsed from 'lights.rad']

Loading c:\program files (x86)\steam\steamapps\common\portal 2\sdk_content\maps\wip\chapter 6\mp_coop_a3_transition01.bsp
Patch Sample Radius Clamped!
Patch Sample Radius Clamped!
Patch Sample Radius Clamped!
Patch Sample Radius Clamped!
Patch Sample Radius Clamped!
Patch Sample Radius Clamped!
Patch Sample Radius Clamped!
Patch Sample Radius Clamped!
Patch Sample Radius Clamped!
Patch Sample Radius Clamped!
Patch Sample Radius Clamped!
Patch Sample Radius Clamped!
Patch Sample Radius Clamped!
Patch Sample Radius Clamped!
Patch Sample Radius Clamped!
Patch Sample Radius Clamped!
Patch Sample Radius Clamped!
Patch Sample Radius Clamped!
Patch Sample Radius Clamped!
Patch Sample Radius Clamped!
Patch Sample Radius Clamped!
Patch Sample Radius Clamped!
Patch Sample Radius Clamped!
Patch Sample Radius Clamped!
Patch Sample Radius Clamped!
Patch Sample Radius Clamped!
Patch Sample Radius Clamped!
Patch Sample Radius Clamped!
Patch Sample Radius Clamped!
Patch Sample Radius Clamped!
Patch Sample Radius Clamped!
Patch Sample Radius Clamped!
Patch Sample Radius Clamped!
Patch Sample Radius Clamped!
Patch Sample Radius Clamped!
Patch Sample Radius Clamped!
Patch Sample Radius Clamped!
Patch Sample Radius Clamped!
Patch Sample Radius Clamped!
Patch Sample Radius Clamped!
Loaded alpha texture materials\Metal\backstage_grate_001a.vtf
Loaded alpha texture materials\metal\underground_metalgrate001a_mip0.vtf
Loaded alpha texture materials\Tools\toolsinvisible.vtf
Loaded alpha texture materials\metal\underground_metalgrate001c_mip0.vtf
Loaded alpha texture materials\metal\underground_metalgrate001b_mip0.vtf
Loaded alpha texture materials\metal\underground_metalgrate002a.vtf
4175 faces
1785376 square feet [257094240.00 square inches]
198 Displacements
1723094 Square Feet [248125600.00 Square Inches]
4175 patches before subdivision
91609 patches after subdivision
250 direct lights
0...1...2...3...4...5...6...7...8...9...100...1...2...3...4...5...6...7...8...9...10transfers 6995564, max 577
transfer lists:  53.4 megs
0...1...2...3...4...5...6...7...8...9...10	Bounce #1 added RGB(39066, 33401, 27313)
0...1...2...3...4...5...6...7...8...9...10	Bounce #2 added RGB(7152, 5296, 3445)
0...1...2...3...4...5...6...7...8...9...10	Bounce #3 added RGB(1684, 1209, 728)
0...1...2...3...4...5...6...7...8...9...10	Bounce #4 added RGB(467, 343, 202)
0...1...2...3...4...5...6...7...8...9...10	Bounce #5 added RGB(143, 110, 65)
0...1...2...3...4...5...6...7...8...9...10	Bounce #6 added RGB(47, 37, 22)
0...1...2...3...4...5...6...7...8...9...10	Bounce #7 added RGB(16, 13, 8)
0...1...2...3...4...5...6...7...8...9...10	Bounce #8 added RGB(5, 5, 3)
0...1...2...3...4...5...6...7...8...9...10	Bounce #9 added RGB(2, 2, 1)
0...1...2...3...4...5...6...7...8...9...10	Bounce #10 added RGB(1, 1, 0)
Build Patch/Sample Hash Table(s).....Done<0.4880 sec>
0...1...2...3...4...5...6...7...8...9...10FinalLightFace Done
104 of 104 (100% of) surface lights went in leaf ambient cubes.
0...1...2...3...4...5...6...7...8...9...10Writing leaf ambient...done
Computing static prop lighting : 00...1...2...3...4...5...6...7...8...9...10
Ready to Finish

Object names       Objects/Maxobjs  Memory / Maxmem  Fullness 
------------       ---------------  ---------------  -------- 
models                 127/1024         6096/49152    (12.4%) 
brushes               1290/8192        15480/98304    (15.7%) 
brushsides           11222/65536       89776/524288   (17.1%) 
planes                9952/65536      199040/1310720  (15.2%) 
vertexes              8754/65536      105048/786432   (13.4%) 
nodes                 3096/65536       99072/2097152  ( 4.7%) 
texinfos              1368/12288       98496/884736   (11.1%) 
texdata                125/2048         4000/65536    ( 6.1%) 
dispinfos              198/0           34848/0        ( 0.0%) 
disp_verts            6014/0          120280/0        ( 0.0%) 
disp_tris             8160/0           16320/0        ( 0.0%) 
disp_multiblend          0/0               0/0        ( 0.0%) 
disp_lmsamples      728368/0          728368/0        ( 0.0%) 
faces                 4175/65536      233800/3670016  ( 6.4%) 
hdr faces             4175/65536      233800/3670016  ( 6.4%) 
origfaces             2883/65536      161448/3670016  ( 4.4%) 
facebrushes            339/0             678/0        ( 0.0%) 
facebrushlists        4175/0           16700/0        ( 0.0%) 
leaves                3224/65536      103168/2097152  ( 4.9%) 
leaffaces             5294/65536       10588/131072   ( 8.1%) 
leafbrushes           3719/65536        7438/131072   ( 5.7%) 
areas                   18/256           144/2048     ( 7.0%) 
surfedges            31608/512000     126432/2048000  ( 6.2%) 
edges                20451/256000      81804/1024000  ( 8.0%) 
LDR worldlights        250/8192        25000/819200   ( 3.1%) 
HDR worldlights        250/8192        25000/819200   ( 3.1%) 
leafwaterdata            0/32768           0/393216   ( 0.0%) 
waterstrips            603/32768        6030/327680   ( 1.8%) 
waterverts               0/65536           0/786432   ( 0.0%) 
waterindices          9507/65536       19014/131072   (14.5%) 
cubemapsamples           8/1024          128/16384    ( 0.8%) 
overlays                87/512         30624/180224   (17.0%) 
LDR lightdata         [variable]     7298644/0        ( 0.0%) 
HDR lightdata         [variable]     7298644/0        ( 0.0%) 
visdata               [variable]      554990/16777216 ( 3.3%) 
entdata               [variable]      245271/393216   (62.4%) 
LDR ambient table     3224/65536       12896/262144   ( 4.9%) 
HDR ambient table     3224/65536       12896/262144   ( 4.9%) 
LDR leaf ambient     18142/65536      507976/1835008  (27.7%) 
HDR leaf ambient     18143/65536      508004/1835008  (27.7%) 
occluders                0/0               0/0        ( 0.0%) 
occluder polygons        0/0               0/0        ( 0.0%) 
occluder vert ind        0/0               0/0        ( 0.0%) 
detail props          [variable]           1/12       ( 8.3%) 
static props          [variable]           1/103932   ( 0.0%) 
pakfile               [variable]    11557846/0        ( 0.0%) 
physics               [variable]      524644/4194304  (12.5%) 
physics terrain       [variable]       37894/1048576  ( 3.6%) 

Level flags = 3

Total triangle count: 11484
Writing c:\program files (x86)\steam\steamapps\common\portal 2\sdk_content\maps\wip\chapter 6\mp_coop_a3_transition01.bsp
36 minutes, 50 seconds elapsed
