


materialPath: C:\Program Files (x86)\Steam\steamapps\common\Portal 2\portal2\materials
Loading C:\Program Files (x86)\Steam\steamapps\common\Portal 2\sdk_content\maps\WIP\Chapter 6\mp_coop_a3_01.vmf
ConVarRef gpu_level doesn't point to an existing ConVar
Material not found!: CONCRETE/CONCRETE_BTS_CEILING001A_NOPORTAL
Patching WVT material: maps/mp_coop_a3_01/nature/blendrockdirt_tunnel03b_wvt_patch
Patching WVT material: maps/mp_coop_a3_01/nature/blendrockdirt_tunnel03a_wvt_patch
fixing up env_cubemap materials on brush sides...
0...1...2...3...4...5...6...7...8...9...100...1...2...3...4...5...6...7...8...9...10Processing areas...Wrote C:\Program Files (x86)\Steam\steamapps\common\Portal 2\sdk_content\maps\WIP\Chapter 6\mp_coop_a3_01.lin
Areaportal leak ! File: C:\Program Files (x86)\Steam\steamapps\common\Portal 2\sdk_content\maps\WIP\Chapter 6\mp_coop_a3_01.lin 
Brush 5655: areaportal brush doesn't touch two areas

Brush 5655: areaportal brush doesn't touch two areas

Brush 5655: areaportal brush doesn't touch two areas

Brush 5655: areaportal brush doesn't touch two areas
done (0)
Building Faces...done (0)
Chop Details...done (0)
Find Visible Detail Sides...
Merged 668 detail faces...done (0)
Merging details...done (0)
FixTjuncs...
PruneNodes...
WriteBSP...
done (0)
writing C:\Program Files (x86)\Steam\steamapps\common\Portal 2\sdk_content\maps\WIP\Chapter 6\mp_coop_a3_01.prt...Building visibility clusters...
done (0)
Finding displacement neighbors...
Finding lightmap sample positions...
Displacement Alpha : 0...1...2...3...4...5...6...7...8...9...10
Building Physics collision data...
done (1) (609029 bytes)
Placing detail props : 0...1...2...3...4...5...6...7...8...9...10
Compacting texture/material tables...
Reduced 3284 texinfos to 1821
Reduced 127 texdatas to 115 (4698 bytes to 4098)
Writing C:\Program Files (x86)\Steam\steamapps\common\Portal 2\sdk_content\maps\WIP\Chapter 6\mp_coop_a3_01.bsp

nummapplanes:     ( 16270 / 65536 )
nummapbrushes:    (  1426 /  8192 )
nummapbrushsides: ( 16004 / 65536 )
num_map_overlays: (    78 /   512 )
nummodels:        (   134 /  1024 )
num_entities:     (   568 / 16384 )

3 seconds elapsed



24 threads
reading c:\program files (x86)\steam\steamapps\common\portal 2\sdk_content\maps\wip\chapter 6\mp_coop_a3_01.bsp
reading c:\program files (x86)\steam\steamapps\common\portal 2\sdk_content\maps\wip\chapter 6\mp_coop_a3_01.prt
1210 portalclusters
4087 numportals
0...1...2...3...4...5...6...7...8...9...10Optimized: 24559 visible clusters (0.00%)
Total clusters visible: 1138658
Average clusters visible: 941
Building PAS...
Average clusters audible: 1177
visdatasize:368110  compressed from 367840
writing c:\program files (x86)\steam\steamapps\common\portal 2\sdk_content\maps\wip\chapter 6\mp_coop_a3_01.bsp
0 seconds elapsed



Could not find lights.rad in lights.rad.
Trying VRAD BIN directory instead...
Warning: Couldn't open texlight file C:\Program Files (x86)\Steam\steamapps\common\Portal 2\bin\lights.rad.
Loading c:\program files (x86)\steam\steamapps\common\portal 2\sdk_content\maps\wip\chapter 6\mp_coop_a3_01.bsp
Patch Sample Radius Clamped!
Patch Sample Radius Clamped!
Patch Sample Radius Clamped!
Patch Sample Radius Clamped!
Patch Sample Radius Clamped!
Patch Sample Radius Clamped!
Patch Sample Radius Clamped!
Patch Sample Radius Clamped!
Patch Sample Radius Clamped!
Patch Sample Radius Clamped!
Patch Sample Radius Clamped!
Patch Sample Radius Clamped!
Patch Sample Radius Clamped!
Patch Sample Radius Clamped!
Patch Sample Radius Clamped!
Patch Sample Radius Clamped!
Patch Sample Radius Clamped!
Patch Sample Radius Clamped!
Patch Sample Radius Clamped!
Patch Sample Radius Clamped!
Patch Sample Radius Clamped!
Patch Sample Radius Clamped!
Patch Sample Radius Clamped!
Patch Sample Radius Clamped!
Patch Sample Radius Clamped!
Patch Sample Radius Clamped!
Patch Sample Radius Clamped!
Patch Sample Radius Clamped!
Patch Sample Radius Clamped!
Patch Sample Radius Clamped!
Patch Sample Radius Clamped!
Patch Sample Radius Clamped!
Patch Sample Radius Clamped!
4469 faces
1 degenerate faces
4525337 square feet [651648512.00 square inches]
186 Displacements
987135 Square Feet [142147568.00 Square Inches]
4468 patches before subdivision
96126 patches after subdivision
101 direct lights
0...1...2...3...4...5...6...7...8...9...100...1...2...3...4...5...6...7...8...9...10transfers 4777541, max 420
transfer lists:  36.4 megs
0...1...2...3...4...5...6...7...8...9...10	Bounce #1 added RGB(13950, 15442, 16083)
0...1...2...3...4...5...6...7...8...9...10	Bounce #2 added RGB(1467, 1395, 1179)
0...1...2...3...4...5...6...7...8...9...10	Bounce #3 added RGB(175, 149, 99)
0...1...2...3...4...5...6...7...8...9...10	Bounce #4 added RGB(27, 22, 11)
0...1...2...3...4...5...6...7...8...9...10	Bounce #5 added RGB(5, 4, 2)
0...1...2...3...4...5...6...7...8...9...10	Bounce #6 added RGB(1, 1, 0)
0...1...2...3...4...5...6...7...8...9...10	Bounce #7 added RGB(0, 0, 0)
Build Patch/Sample Hash Table(s).....Done<0.0365 sec>
0...1...2...3...4...5...6...7...8...9...10FinalLightFace Done
0 of 0 (0% of) surface lights went in leaf ambient cubes.
0...1...2...3...4...5...6...7...8...9...10Writing leaf ambient...done
Ready to Finish

Object names       Objects/Maxobjs  Memory / Maxmem  Fullness 
------------       ---------------  ---------------  -------- 
models                 134/1024         6432/49152    (13.1%) 
brushes               1426/8192        17112/98304    (17.4%) 
brushsides           14909/65536      119272/524288   (22.7%) 
planes               16270/65536      325400/1310720  (24.8%) 
vertexes              8793/65536      105516/786432   (13.4%) 
nodes                 3099/65536       99168/2097152  ( 4.7%) 
texinfos              1821/12288      131112/884736   (14.8%) 
texdata                115/2048         3680/65536    ( 5.6%) 
dispinfos              186/0           32736/0        ( 0.0%) 
disp_verts            6490/0          129800/0        ( 0.0%) 
disp_tris             9216/0           18432/0        ( 0.0%) 
disp_multiblend          0/0               0/0        ( 0.0%) 
disp_lmsamples      637340/0          637340/0        ( 0.0%) 
faces                 4469/65536      250264/3670016  ( 6.8%) 
hdr faces                0/65536           0/3670016  ( 0.0%) 
origfaces             2985/65536      167160/3670016  ( 4.6%) 
facebrushes            417/0             834/0        ( 0.0%) 
facebrushlists        4469/0           17876/0        ( 0.0%) 
leaves                3234/65536      103488/2097152  ( 4.9%) 
leaffaces             6839/65536       13678/131072   (10.4%) 
leafbrushes           4973/65536        9946/131072   ( 7.6%) 
areas                    8/256            64/2048     ( 3.1%) 
surfedges            32278/512000     129112/2048000  ( 6.3%) 
edges                19538/256000      78152/1024000  ( 7.6%) 
LDR worldlights        101/8192        10100/819200   ( 1.2%) 
HDR worldlights          0/8192            0/819200   ( 0.0%) 
leafwaterdata            2/32768          24/393216   ( 0.0%) 
waterstrips            486/32768        4860/327680   ( 1.5%) 
waterverts               0/65536           0/786432   ( 0.0%) 
waterindices          8274/65536       16548/131072   (12.6%) 
cubemapsamples          32/1024          512/16384    ( 3.1%) 
overlays                78/512         27456/180224   (15.2%) 
LDR lightdata         [variable]     9942760/0        ( 0.0%) 
HDR lightdata         [variable]           0/0        ( 0.0%) 
visdata               [variable]      368110/16777216 ( 2.2%) 
entdata               [variable]      184739/393216   (47.0%) 
LDR ambient table     3234/65536       12936/262144   ( 4.9%) 
HDR ambient table     3234/65536       12936/262144   ( 4.9%) 
LDR leaf ambient     18446/65536      516488/1835008  (28.1%) 
HDR leaf ambient      3234/65536       90552/1835008  ( 4.9%) 
occluders                0/0               0/0        ( 0.0%) 
occluder polygons        0/0               0/0        ( 0.0%) 
occluder vert ind        0/0               0/0        ( 0.0%) 
detail props          [variable]           1/12       ( 8.3%) 
static props          [variable]           1/109990   ( 0.0%) 
pakfile               [variable]     2466398/0        ( 0.0%) 
physics               [variable]      609029/4194304  (14.5%) 
physics terrain       [variable]       36746/1048576  ( 3.5%) 

Level flags = 0

Total triangle count: 11411
Writing c:\program files (x86)\steam\steamapps\common\portal 2\sdk_content\maps\wip\chapter 6\mp_coop_a3_01.bsp
59 seconds elapsed



materialPath: C:\Program Files (x86)\Steam\steamapps\common\Portal 2\portal2\materials
Loading C:\Program Files (x86)\Steam\steamapps\common\Portal 2\sdk_content\maps\WIP\Chapter 6\mp_coop_a3_01.vmf
ConVarRef gpu_level doesn't point to an existing ConVar
Material not found!: CONCRETE/CONCRETE_BTS_CEILING001A_NOPORTAL
Patching WVT material: maps/mp_coop_a3_01/nature/blendrockdirt_tunnel03b_wvt_patch
Patching WVT material: maps/mp_coop_a3_01/nature/blendrockdirt_tunnel03a_wvt_patch
fixing up env_cubemap materials on brush sides...
0...1...2...3...4...5...6...7...8...9...100...1...2...3...4...5...6...7...8...9...10Processing areas...WARNING: areaportal entity 307 (brush 5750) touches > 2 areas
WARNING: areaportal entity 307 (brush 5750) touches > 2 areas
WARNING: areaportal entity 307 (brush 5750) touches > 2 areas
WARNING: areaportal entity 307 (brush 5750) touches > 2 areas
WARNING: areaportal entity 307 (brush 5750) touches > 2 areas
Wrote C:\Program Files (x86)\Steam\steamapps\common\Portal 2\sdk_content\maps\WIP\Chapter 6\mp_coop_a3_01.lin
Areaportal leak ! File: C:\Program Files (x86)\Steam\steamapps\common\Portal 2\sdk_content\maps\WIP\Chapter 6\mp_coop_a3_01.lin 
Brush 5655: areaportal brush doesn't touch two areas

Brush 5655: areaportal brush doesn't touch two areas

Brush 5655: areaportal brush doesn't touch two areas

Brush 5655: areaportal brush doesn't touch two areas
done (0)
Building Faces...done (0)
Chop Details...done (0)
Find Visible Detail Sides...
Merged 668 detail faces...done (0)
Merging details...done (0)
FixTjuncs...
PruneNodes...
WriteBSP...
done (0)
writing C:\Program Files (x86)\Steam\steamapps\common\Portal 2\sdk_content\maps\WIP\Chapter 6\mp_coop_a3_01.prt...Building visibility clusters...
done (0)
Finding displacement neighbors...
Finding lightmap sample positions...
Displacement Alpha : 0...1...2...3...4...5...6...7...8...9...10
Building Physics collision data...
done (1) (609029 bytes)
Placing detail props : 0...1...2...3...4...5...6...7...8...9...10
Compacting texture/material tables...
Reduced 3284 texinfos to 1821
Reduced 127 texdatas to 115 (4698 bytes to 4098)
Writing C:\Program Files (x86)\Steam\steamapps\common\Portal 2\sdk_content\maps\WIP\Chapter 6\mp_coop_a3_01.bsp

nummapplanes:     ( 16276 / 65536 )
nummapbrushes:    (  1426 /  8192 )
nummapbrushsides: ( 16004 / 65536 )
num_map_overlays: (    78 /   512 )
nummodels:        (   134 /  1024 )
num_entities:     (   568 / 16384 )

3 seconds elapsed



24 threads
reading c:\program files (x86)\steam\steamapps\common\portal 2\sdk_content\maps\wip\chapter 6\mp_coop_a3_01.bsp
reading c:\program files (x86)\steam\steamapps\common\portal 2\sdk_content\maps\wip\chapter 6\mp_coop_a3_01.prt
1213 portalclusters
4099 numportals
0...1...2...3...4...5...6...7...8...9...10Optimized: 24602 visible clusters (0.00%)
Total clusters visible: 1145102
Average clusters visible: 944
Building PAS...
Average clusters audible: 1180
visdatasize:368797  compressed from 368752
writing c:\program files (x86)\steam\steamapps\common\portal 2\sdk_content\maps\wip\chapter 6\mp_coop_a3_01.bsp
0 seconds elapsed



Could not find lights.rad in lights.rad.
Trying VRAD BIN directory instead...
Warning: Couldn't open texlight file C:\Program Files (x86)\Steam\steamapps\common\Portal 2\bin\lights.rad.
Loading c:\program files (x86)\steam\steamapps\common\portal 2\sdk_content\maps\wip\chapter 6\mp_coop_a3_01.bsp
Patch Sample Radius Clamped!
Patch Sample Radius Clamped!
Patch Sample Radius Clamped!
Patch Sample Radius Clamped!
Patch Sample Radius Clamped!
Patch Sample Radius Clamped!
Patch Sample Radius Clamped!
Patch Sample Radius Clamped!
Patch Sample Radius Clamped!
Patch Sample Radius Clamped!
Patch Sample Radius Clamped!
Patch Sample Radius Clamped!
Patch Sample Radius Clamped!
Patch Sample Radius Clamped!
Patch Sample Radius Clamped!
Patch Sample Radius Clamped!
Patch Sample Radius Clamped!
Patch Sample Radius Clamped!
Patch Sample Radius Clamped!
Patch Sample Radius Clamped!
Patch Sample Radius Clamped!
Patch Sample Radius Clamped!
Patch Sample Radius Clamped!
Patch Sample Radius Clamped!
Patch Sample Radius Clamped!
Patch Sample Radius Clamped!
Patch Sample Radius Clamped!
Patch Sample Radius Clamped!
Patch Sample Radius Clamped!
Patch Sample Radius Clamped!
Patch Sample Radius Clamped!
Patch Sample Radius Clamped!
Patch Sample Radius Clamped!
4470 faces
1 degenerate faces
4525337 square feet [651648512.00 square inches]
186 Displacements
987135 Square Feet [142147568.00 Square Inches]
4469 patches before subdivision
96127 patches after subdivision
101 direct lights
0...1...2...3...4...5...6...7...8...9...100...1...2...3...4...5...6...7...8...9...10transfers 4777682, max 420
transfer lists:  36.5 megs
0...1...2...3...4...5...6...7...8...9...10	Bounce #1 added RGB(13950, 15442, 16083)
0...1...2...3...4...5...6...7...8...9...10	Bounce #2 added RGB(1467, 1395, 1179)
0...1...2...3...4...5...6...7...8...9...10	Bounce #3 added RGB(175, 149, 99)
0...1...2...3...4...5...6...7...8...9...10	Bounce #4 added RGB(27, 22, 11)
0...1...2...3...4...5...6...7...8...9...10	Bounce #5 added RGB(5, 4, 2)
0...1...2...3...4...5...6...7...8...9...10	Bounce #6 added RGB(1, 1, 0)
0...1...2...3...4...5...6...7...8...9...10	Bounce #7 added RGB(0, 0, 0)
Build Patch/Sample Hash Table(s).....Done<0.0369 sec>
0...1...2...3...4...5...6...7...8...9...10FinalLightFace Done
0 of 0 (0% of) surface lights went in leaf ambient cubes.
0...1...2...3...4...5...6...7...8...9...10Writing leaf ambient...done
Ready to Finish

Object names       Objects/Maxobjs  Memory / Maxmem  Fullness 
------------       ---------------  ---------------  -------- 
models                 134/1024         6432/49152    (13.1%) 
brushes               1426/8192        17112/98304    (17.4%) 
brushsides           14909/65536      119272/524288   (22.7%) 
planes               16276/65536      325520/1310720  (24.8%) 
vertexes              8801/65536      105612/786432   (13.4%) 
nodes                 3101/65536       99232/2097152  ( 4.7%) 
texinfos              1821/12288      131112/884736   (14.8%) 
texdata                115/2048         3680/65536    ( 5.6%) 
dispinfos              186/0           32736/0        ( 0.0%) 
disp_verts            6490/0          129800/0        ( 0.0%) 
disp_tris             9216/0           18432/0        ( 0.0%) 
disp_multiblend          0/0               0/0        ( 0.0%) 
disp_lmsamples      637340/0          637340/0        ( 0.0%) 
faces                 4470/65536      250320/3670016  ( 6.8%) 
hdr faces                0/65536           0/3670016  ( 0.0%) 
origfaces             2985/65536      167160/3670016  ( 4.6%) 
facebrushes            417/0             834/0        ( 0.0%) 
facebrushlists        4470/0           17880/0        ( 0.0%) 
leaves                3236/65536      103552/2097152  ( 4.9%) 
leaffaces             6840/65536       13680/131072   (10.4%) 
leafbrushes           4975/65536        9950/131072   ( 7.6%) 
areas                    8/256            64/2048     ( 3.1%) 
surfedges            32282/512000     129128/2048000  ( 6.3%) 
edges                19540/256000      78160/1024000  ( 7.6%) 
LDR worldlights        101/8192        10100/819200   ( 1.2%) 
HDR worldlights          0/8192            0/819200   ( 0.0%) 
leafwaterdata            2/32768          24/393216   ( 0.0%) 
waterstrips            485/32768        4850/327680   ( 1.5%) 
waterverts               0/65536           0/786432   ( 0.0%) 
waterindices          8265/65536       16530/131072   (12.6%) 
cubemapsamples          32/1024          512/16384    ( 3.1%) 
overlays                78/512         27456/180224   (15.2%) 
LDR lightdata         [variable]     9942760/0        ( 0.0%) 
HDR lightdata         [variable]           0/0        ( 0.0%) 
visdata               [variable]      368797/16777216 ( 2.2%) 
entdata               [variable]      184739/393216   (47.0%) 
LDR ambient table     3236/65536       12944/262144   ( 4.9%) 
HDR ambient table     3236/65536       12944/262144   ( 4.9%) 
LDR leaf ambient     18495/65536      517860/1835008  (28.2%) 
HDR leaf ambient      3236/65536       90608/1835008  ( 4.9%) 
occluders                0/0               0/0        ( 0.0%) 
occluder polygons        0/0               0/0        ( 0.0%) 
occluder vert ind        0/0               0/0        ( 0.0%) 
detail props          [variable]           1/12       ( 8.3%) 
static props          [variable]           1/109990   ( 0.0%) 
pakfile               [variable]     2466398/0        ( 0.0%) 
physics               [variable]      609029/4194304  (14.5%) 
physics terrain       [variable]       36746/1048576  ( 3.5%) 

Level flags = 0

Total triangle count: 11413
Writing c:\program files (x86)\steam\steamapps\common\portal 2\sdk_content\maps\wip\chapter 6\mp_coop_a3_01.bsp
1 minute, 0 seconds elapsed



materialPath: C:\Program Files (x86)\Steam\steamapps\common\Portal 2\portal2\materials
Loading C:\Program Files (x86)\Steam\steamapps\common\Portal 2\sdk_content\maps\WIP\Chapter 6\mp_coop_a3_01.vmf
ConVarRef gpu_level doesn't point to an existing ConVar
Material not found!: CONCRETE/CONCRETE_BTS_CEILING001A_NOPORTAL
Patching WVT material: maps/mp_coop_a3_01/nature/blendrockdirt_tunnel03b_wvt_patch
Patching WVT material: maps/mp_coop_a3_01/nature/blendrockdirt_tunnel03a_wvt_patch
fixing up env_cubemap materials on brush sides...
0...1...2...3...4...5...6...7...8...9...100...1...2...3...4...5...6...7...8...9...10Processing areas...Wrote C:\Program Files (x86)\Steam\steamapps\common\Portal 2\sdk_content\maps\WIP\Chapter 6\mp_coop_a3_01.lin
Areaportal leak ! File: C:\Program Files (x86)\Steam\steamapps\common\Portal 2\sdk_content\maps\WIP\Chapter 6\mp_coop_a3_01.lin 
Brush 5655: areaportal brush doesn't touch two areas

Brush 5655: areaportal brush doesn't touch two areas

Brush 5655: areaportal brush doesn't touch two areas

Brush 5655: areaportal brush doesn't touch two areas
done (0)
Building Faces...done (0)
Chop Details...done (0)
Find Visible Detail Sides...
Merged 668 detail faces...done (0)
Merging details...done (0)
FixTjuncs...
PruneNodes...
WriteBSP...
done (0)
writing C:\Program Files (x86)\Steam\steamapps\common\Portal 2\sdk_content\maps\WIP\Chapter 6\mp_coop_a3_01.prt...Building visibility clusters...
done (0)
Finding displacement neighbors...
Finding lightmap sample positions...
Displacement Alpha : 0...1...2...3...4...5...6...7...8...9...10
Building Physics collision data...
done (1) (609584 bytes)
Placing detail props : 0...1...2...3...4...5...6...7...8...9...10
Compacting texture/material tables...
Reduced 3282 texinfos to 1821
Reduced 127 texdatas to 115 (4698 bytes to 4098)
Writing C:\Program Files (x86)\Steam\steamapps\common\Portal 2\sdk_content\maps\WIP\Chapter 6\mp_coop_a3_01.bsp

nummapplanes:     ( 16286 / 65536 )
nummapbrushes:    (  1426 /  8192 )
nummapbrushsides: ( 16004 / 65536 )
num_map_overlays: (    78 /   512 )
nummodels:        (   135 /  1024 )
num_entities:     (   568 / 16384 )

3 seconds elapsed



24 threads
reading c:\program files (x86)\steam\steamapps\common\portal 2\sdk_content\maps\wip\chapter 6\mp_coop_a3_01.bsp
reading c:\program files (x86)\steam\steamapps\common\portal 2\sdk_content\maps\wip\chapter 6\mp_coop_a3_01.prt
1265 portalclusters
4246 numportals
0...1...2...3...4...5...6...7...8...9...10Optimized: 28855 visible clusters (0.00%)
Total clusters visible: 1253917
Average clusters visible: 991
Building PAS...
Average clusters audible: 1233
visdatasize:400031  compressed from 404800
writing c:\program files (x86)\steam\steamapps\common\portal 2\sdk_content\maps\wip\chapter 6\mp_coop_a3_01.bsp
0 seconds elapsed



Could not find lights.rad in lights.rad.
Trying VRAD BIN directory instead...
Warning: Couldn't open texlight file C:\Program Files (x86)\Steam\steamapps\common\Portal 2\bin\lights.rad.
Loading c:\program files (x86)\steam\steamapps\common\portal 2\sdk_content\maps\wip\chapter 6\mp_coop_a3_01.bsp
Patch Sample Radius Clamped!
Patch Sample Radius Clamped!
Patch Sample Radius Clamped!
Patch Sample Radius Clamped!
Patch Sample Radius Clamped!
Patch Sample Radius Clamped!
Patch Sample Radius Clamped!
Patch Sample Radius Clamped!
Patch Sample Radius Clamped!
Patch Sample Radius Clamped!
Patch Sample Radius Clamped!
Patch Sample Radius Clamped!
Patch Sample Radius Clamped!
Patch Sample Radius Clamped!
Patch Sample Radius Clamped!
Patch Sample Radius Clamped!
Patch Sample Radius Clamped!
Patch Sample Radius Clamped!
Patch Sample Radius Clamped!
Patch Sample Radius Clamped!
Patch Sample Radius Clamped!
Patch Sample Radius Clamped!
Patch Sample Radius Clamped!
Patch Sample Radius Clamped!
Patch Sample Radius Clamped!
Patch Sample Radius Clamped!
Patch Sample Radius Clamped!
Patch Sample Radius Clamped!
Patch Sample Radius Clamped!
Patch Sample Radius Clamped!
Patch Sample Radius Clamped!
Patch Sample Radius Clamped!
Patch Sample Radius Clamped!
4474 faces
1 degenerate faces
4526403 square feet [651802112.00 square inches]
186 Displacements
987135 Square Feet [142147568.00 Square Inches]
4473 patches before subdivision
96227 patches after subdivision
101 direct lights
0...1...2...3...4...5...6...7...8...9...100...1...2...3...4...5...6...7...8...9...10transfers 4780681, max 422
transfer lists:  36.5 megs
0...1...2...3...4...5...6...7...8...9...10	Bounce #1 added RGB(13943, 15437, 16080)
0...1...2...3...4...5...6...7...8...9...10	Bounce #2 added RGB(1467, 1394, 1179)
0...1...2...3...4...5...6...7...8...9...10	Bounce #3 added RGB(175, 149, 99)
0...1...2...3...4...5...6...7...8...9...10	Bounce #4 added RGB(27, 22, 11)
0...1...2...3...4...5...6...7...8...9...10	Bounce #5 added RGB(5, 4, 2)
0...1...2...3...4...5...6...7...8...9...10	Bounce #6 added RGB(1, 1, 0)
0...1...2...3...4...5...6...7...8...9...10	Bounce #7 added RGB(0, 0, 0)
Build Patch/Sample Hash Table(s).....Done<0.0366 sec>
0...1...2...3...4...5...6...7...8...9...10FinalLightFace Done
0 of 0 (0% of) surface lights went in leaf ambient cubes.
0...1...2...3...4...5...6...7...8...9...10Writing leaf ambient...done
Ready to Finish

Object names       Objects/Maxobjs  Memory / Maxmem  Fullness 
------------       ---------------  ---------------  -------- 
models                 135/1024         6480/49152    (13.2%) 
brushes               1426/8192        17112/98304    (17.4%) 
brushsides           14909/65536      119272/524288   (22.7%) 
planes               16286/65536      325720/1310720  (24.9%) 
vertexes              8812/65536      105744/786432   (13.4%) 
nodes                 3170/65536      101440/2097152  ( 4.8%) 
texinfos              1821/12288      131112/884736   (14.8%) 
texdata                115/2048         3680/65536    ( 5.6%) 
dispinfos              186/0           32736/0        ( 0.0%) 
disp_verts            6490/0          129800/0        ( 0.0%) 
disp_tris             9216/0           18432/0        ( 0.0%) 
disp_multiblend          0/0               0/0        ( 0.0%) 
disp_lmsamples      637340/0          637340/0        ( 0.0%) 
faces                 4474/65536      250544/3670016  ( 6.8%) 
hdr faces                0/65536           0/3670016  ( 0.0%) 
origfaces             2991/65536      167496/3670016  ( 4.6%) 
facebrushes            421/0             842/0        ( 0.0%) 
facebrushlists        4474/0           17896/0        ( 0.0%) 
leaves                3306/65536      105792/2097152  ( 5.0%) 
leaffaces             6931/65536       13862/131072   (10.6%) 
leafbrushes           5303/65536       10606/131072   ( 8.1%) 
areas                    6/256            48/2048     ( 2.3%) 
surfedges            32317/512000     129268/2048000  ( 6.3%) 
edges                19559/256000      78236/1024000  ( 7.6%) 
LDR worldlights        101/8192        10100/819200   ( 1.2%) 
HDR worldlights          0/8192            0/819200   ( 0.0%) 
leafwaterdata            2/32768          24/393216   ( 0.0%) 
waterstrips            494/32768        4940/327680   ( 1.5%) 
waterverts               0/65536           0/786432   ( 0.0%) 
waterindices          8367/65536       16734/131072   (12.8%) 
cubemapsamples          32/1024          512/16384    ( 3.1%) 
overlays                78/512         27456/180224   (15.2%) 
LDR lightdata         [variable]     9941496/0        ( 0.0%) 
HDR lightdata         [variable]           0/0        ( 0.0%) 
visdata               [variable]      400031/16777216 ( 2.4%) 
entdata               [variable]      184948/393216   (47.0%) 
LDR ambient table     3306/65536       13224/262144   ( 5.0%) 
HDR ambient table     3306/65536       13224/262144   ( 5.0%) 
LDR leaf ambient     19303/65536      540484/1835008  (29.5%) 
HDR leaf ambient      3306/65536       92568/1835008  ( 5.0%) 
occluders                0/0               0/0        ( 0.0%) 
occluder polygons        0/0               0/0        ( 0.0%) 
occluder vert ind        0/0               0/0        ( 0.0%) 
detail props          [variable]           1/12       ( 8.3%) 
static props          [variable]           1/110008   ( 0.0%) 
pakfile               [variable]     2466398/0        ( 0.0%) 
physics               [variable]      609584/4194304  (14.5%) 
physics terrain       [variable]       36746/1048576  ( 3.5%) 

Level flags = 0

Total triangle count: 11416
Writing c:\program files (x86)\steam\steamapps\common\portal 2\sdk_content\maps\wip\chapter 6\mp_coop_a3_01.bsp
1 minute, 2 seconds elapsed



materialPath: C:\Program Files (x86)\Steam\steamapps\common\Portal 2\portal2\materials
Loading C:\Program Files (x86)\Steam\steamapps\common\Portal 2\sdk_content\maps\WIP\Chapter 6\mp_coop_a3_01.vmf
ConVarRef gpu_level doesn't point to an existing ConVar
Material not found!: CONCRETE/CONCRETE_BTS_CEILING001A_NOPORTAL
Patching WVT material: maps/mp_coop_a3_01/nature/blendrockdirt_tunnel03b_wvt_patch
Patching WVT material: maps/mp_coop_a3_01/nature/blendrockdirt_tunnel03a_wvt_patch
fixing up env_cubemap materials on brush sides...
0...1...2...3...4...5...6...7...8...9...100...1...2...3...4...5...6...7...8...9...10Processing areas...done (0)
Building Faces...done (0)
Chop Details...done (0)
Find Visible Detail Sides...
Merged 668 detail faces...done (0)
Merging details...done (0)
FixTjuncs...
PruneNodes...
WriteBSP...
done (0)
writing C:\Program Files (x86)\Steam\steamapps\common\Portal 2\sdk_content\maps\WIP\Chapter 6\mp_coop_a3_01.prt...Building visibility clusters...
done (0)
Finding displacement neighbors...
Finding lightmap sample positions...
Displacement Alpha : 0...1...2...3...4...5...6...7...8...9...10
Building Physics collision data...
done (1) (609912 bytes)
Placing detail props : 0...1...2...3...4...5...6...7...8...9...10
Compacting texture/material tables...
Reduced 3282 texinfos to 1821
Reduced 127 texdatas to 115 (4698 bytes to 4098)
Writing C:\Program Files (x86)\Steam\steamapps\common\Portal 2\sdk_content\maps\WIP\Chapter 6\mp_coop_a3_01.bsp

nummapplanes:     ( 16280 / 65536 )
nummapbrushes:    (  1427 /  8192 )
nummapbrushsides: ( 16006 / 65536 )
num_map_overlays: (    78 /   512 )
nummodels:        (   135 /  1024 )
num_entities:     (   568 / 16384 )

3 seconds elapsed



24 threads
reading c:\program files (x86)\steam\steamapps\common\portal 2\sdk_content\maps\wip\chapter 6\mp_coop_a3_01.bsp
reading c:\program files (x86)\steam\steamapps\common\portal 2\sdk_content\maps\wip\chapter 6\mp_coop_a3_01.prt
1249 portalclusters
4195 numportals
0...1...2...3...4...5...6...7...8...9...10Optimized: 23552 visible clusters (0.00%)
Total clusters visible: 1241538
Average clusters visible: 994
Building PAS...
Average clusters audible: 1220
visdatasize:391042  compressed from 399680
writing c:\program files (x86)\steam\steamapps\common\portal 2\sdk_content\maps\wip\chapter 6\mp_coop_a3_01.bsp
0 seconds elapsed



Could not find lights.rad in lights.rad.
Trying VRAD BIN directory instead...
Warning: Couldn't open texlight file C:\Program Files (x86)\Steam\steamapps\common\Portal 2\bin\lights.rad.
Loading c:\program files (x86)\steam\steamapps\common\portal 2\sdk_content\maps\wip\chapter 6\mp_coop_a3_01.bsp
Patch Sample Radius Clamped!
Patch Sample Radius Clamped!
Patch Sample Radius Clamped!
Patch Sample Radius Clamped!
Patch Sample Radius Clamped!
Patch Sample Radius Clamped!
Patch Sample Radius Clamped!
Patch Sample Radius Clamped!
Patch Sample Radius Clamped!
Patch Sample Radius Clamped!
Patch Sample Radius Clamped!
Patch Sample Radius Clamped!
Patch Sample Radius Clamped!
Patch Sample Radius Clamped!
Patch Sample Radius Clamped!
Patch Sample Radius Clamped!
Patch Sample Radius Clamped!
Patch Sample Radius Clamped!
Patch Sample Radius Clamped!
Patch Sample Radius Clamped!
Patch Sample Radius Clamped!
Patch Sample Radius Clamped!
Patch Sample Radius Clamped!
Patch Sample Radius Clamped!
Patch Sample Radius Clamped!
Patch Sample Radius Clamped!
Patch Sample Radius Clamped!
Patch Sample Radius Clamped!
Patch Sample Radius Clamped!
Patch Sample Radius Clamped!
Patch Sample Radius Clamped!
Patch Sample Radius Clamped!
Patch Sample Radius Clamped!
4476 faces
1 degenerate faces
4564632 square feet [657307008.00 square inches]
186 Displacements
987135 Square Feet [142147568.00 Square Inches]
4475 patches before subdivision
96229 patches after subdivision
101 direct lights
0...1...2...3...4...5...6...7...8...9...100...1...2...3...4...5...6...7...8...9...10transfers 4762045, max 422
transfer lists:  36.3 megs
0...1...2...3...4...5...6...7...8...9...10	Bounce #1 added RGB(13940, 15433, 16077)
0...1...2...3...4...5...6...7...8...9...10	Bounce #2 added RGB(1466, 1394, 1179)
0...1...2...3...4...5...6...7...8...9...10	Bounce #3 added RGB(175, 149, 99)
0...1...2...3...4...5...6...7...8...9...10	Bounce #4 added RGB(27, 22, 11)
0...1...2...3...4...5...6...7...8...9...10	Bounce #5 added RGB(5, 4, 2)
0...1...2...3...4...5...6...7...8...9...10	Bounce #6 added RGB(1, 1, 0)
0...1...2...3...4...5...6...7...8...9...10	Bounce #7 added RGB(0, 0, 0)
Build Patch/Sample Hash Table(s).....Done<0.0369 sec>
0...1...2...3...4...5...6...7...8...9...10FinalLightFace Done
0 of 0 (0% of) surface lights went in leaf ambient cubes.
0...1...2...3...4...5...6...7...8...9...10Writing leaf ambient...done
Ready to Finish

Object names       Objects/Maxobjs  Memory / Maxmem  Fullness 
------------       ---------------  ---------------  -------- 
models                 135/1024         6480/49152    (13.2%) 
brushes               1427/8192        17124/98304    (17.4%) 
brushsides           14911/65536      119288/524288   (22.8%) 
planes               16280/65536      325600/1310720  (24.8%) 
vertexes              8798/65536      105576/786432   (13.4%) 
nodes                 3154/65536      100928/2097152  ( 4.8%) 
texinfos              1821/12288      131112/884736   (14.8%) 
texdata                115/2048         3680/65536    ( 5.6%) 
dispinfos              186/0           32736/0        ( 0.0%) 
disp_verts            6490/0          129800/0        ( 0.0%) 
disp_tris             9216/0           18432/0        ( 0.0%) 
disp_multiblend          0/0               0/0        ( 0.0%) 
disp_lmsamples      637340/0          637340/0        ( 0.0%) 
faces                 4476/65536      250656/3670016  ( 6.8%) 
hdr faces                0/65536           0/3670016  ( 0.0%) 
origfaces             2993/65536      167608/3670016  ( 4.6%) 
facebrushes            425/0             850/0        ( 0.0%) 
facebrushlists        4476/0           17904/0        ( 0.0%) 
leaves                3290/65536      105280/2097152  ( 5.0%) 
leaffaces             6868/65536       13736/131072   (10.5%) 
leafbrushes           5209/65536       10418/131072   ( 7.9%) 
areas                    7/256            56/2048     ( 2.7%) 
surfedges            32335/512000     129340/2048000  ( 6.3%) 
edges                19576/256000      78304/1024000  ( 7.6%) 
LDR worldlights        101/8192        10100/819200   ( 1.2%) 
HDR worldlights          0/8192            0/819200   ( 0.0%) 
leafwaterdata            2/32768          24/393216   ( 0.0%) 
waterstrips            496/32768        4960/327680   ( 1.5%) 
waterverts               0/65536           0/786432   ( 0.0%) 
waterindices          8412/65536       16824/131072   (12.8%) 
cubemapsamples          32/1024          512/16384    ( 3.1%) 
overlays                78/512         27456/180224   (15.2%) 
LDR lightdata         [variable]     9829220/0        ( 0.0%) 
HDR lightdata         [variable]           0/0        ( 0.0%) 
visdata               [variable]      391042/16777216 ( 2.3%) 
entdata               [variable]      184920/393216   (47.0%) 
LDR ambient table     3290/65536       13160/262144   ( 5.0%) 
HDR ambient table     3290/65536       13160/262144   ( 5.0%) 
LDR leaf ambient     19069/65536      533932/1835008  (29.1%) 
HDR leaf ambient      3290/65536       92120/1835008  ( 5.0%) 
occluders                0/0               0/0        ( 0.0%) 
occluder polygons        0/0               0/0        ( 0.0%) 
occluder vert ind        0/0               0/0        ( 0.0%) 
detail props          [variable]           1/12       ( 8.3%) 
static props          [variable]           1/109978   ( 0.0%) 
pakfile               [variable]     2466398/0        ( 0.0%) 
physics               [variable]      609912/4194304  (14.5%) 
physics terrain       [variable]       36746/1048576  ( 3.5%) 

Level flags = 0

Total triangle count: 11422
Writing c:\program files (x86)\steam\steamapps\common\portal 2\sdk_content\maps\wip\chapter 6\mp_coop_a3_01.bsp
1 minute, 1 second elapsed



materialPath: C:\Program Files (x86)\Steam\steamapps\common\Portal 2\portal2\materials
Loading C:\Program Files (x86)\Steam\steamapps\common\Portal 2\sdk_content\maps\WIP\Chapter 6\mp_coop_a3_01.vmf
ConVarRef gpu_level doesn't point to an existing ConVar
Material not found!: CONCRETE/CONCRETE_BTS_CEILING001A_NOPORTAL
Patching WVT material: maps/mp_coop_a3_01/nature/blendrockdirt_tunnel03b_wvt_patch
Patching WVT material: maps/mp_coop_a3_01/nature/blendrockdirt_tunnel03a_wvt_patch
fixing up env_cubemap materials on brush sides...
0...1...2...3...4...5...6...7...8...9...100...1...2...3...4...5...6...7...8...9...10Processing areas...done (0)
Building Faces...done (0)
Chop Details...done (0)
Find Visible Detail Sides...
Merged 668 detail faces...done (0)
Merging details...done (0)
FixTjuncs...
PruneNodes...
WriteBSP...
done (0)
writing C:\Program Files (x86)\Steam\steamapps\common\Portal 2\sdk_content\maps\WIP\Chapter 6\mp_coop_a3_01.prt...Building visibility clusters...
done (0)
Finding displacement neighbors...
Finding lightmap sample positions...
Displacement Alpha : 0...1...2...3...4...5...6...7...8...9...10
Building Physics collision data...
done (1) (609584 bytes)
Placing detail props : 0...1...2...3...4...5...6...7...8...9...10
Compacting texture/material tables...
Reduced 3277 texinfos to 1820
Reduced 126 texdatas to 114 (4676 bytes to 4076)
Writing C:\Program Files (x86)\Steam\steamapps\common\Portal 2\sdk_content\maps\WIP\Chapter 6\mp_coop_a3_01.bsp

nummapplanes:     ( 16280 / 65536 )
nummapbrushes:    (  1425 /  8192 )
nummapbrushsides: ( 15994 / 65536 )
num_map_overlays: (    78 /   512 )
nummodels:        (   135 /  1024 )
num_entities:     (   567 / 16384 )

3 seconds elapsed



24 threads
reading c:\program files (x86)\steam\steamapps\common\portal 2\sdk_content\maps\wip\chapter 6\mp_coop_a3_01.bsp
reading c:\program files (x86)\steam\steamapps\common\portal 2\sdk_content\maps\wip\chapter 6\mp_coop_a3_01.prt
1243 portalclusters
4182 numportals
0...1...2...3...4...5...6...7...8...9...10Optimized: 23449 visible clusters (0.00%)
Total clusters visible: 1233829
Average clusters visible: 992
Building PAS...
Average clusters audible: 1214
visdatasize:389646  compressed from 397760
writing c:\program files (x86)\steam\steamapps\common\portal 2\sdk_content\maps\wip\chapter 6\mp_coop_a3_01.bsp
0 seconds elapsed



Could not find lights.rad in lights.rad.
Trying VRAD BIN directory instead...
Warning: Couldn't open texlight file C:\Program Files (x86)\Steam\steamapps\common\Portal 2\bin\lights.rad.
Loading c:\program files (x86)\steam\steamapps\common\portal 2\sdk_content\maps\wip\chapter 6\mp_coop_a3_01.bsp
Patch Sample Radius Clamped!
Patch Sample Radius Clamped!
Patch Sample Radius Clamped!
Patch Sample Radius Clamped!
Patch Sample Radius Clamped!
Patch Sample Radius Clamped!
Patch Sample Radius Clamped!
Patch Sample Radius Clamped!
Patch Sample Radius Clamped!
Patch Sample Radius Clamped!
Patch Sample Radius Clamped!
Patch Sample Radius Clamped!
Patch Sample Radius Clamped!
Patch Sample Radius Clamped!
Patch Sample Radius Clamped!
Patch Sample Radius Clamped!
Patch Sample Radius Clamped!
Patch Sample Radius Clamped!
Patch Sample Radius Clamped!
Patch Sample Radius Clamped!
Patch Sample Radius Clamped!
Patch Sample Radius Clamped!
Patch Sample Radius Clamped!
Patch Sample Radius Clamped!
Patch Sample Radius Clamped!
Patch Sample Radius Clamped!
Patch Sample Radius Clamped!
Patch Sample Radius Clamped!
Patch Sample Radius Clamped!
Patch Sample Radius Clamped!
Patch Sample Radius Clamped!
Patch Sample Radius Clamped!
Patch Sample Radius Clamped!
4474 faces
1 degenerate faces
4526403 square feet [651802112.00 square inches]
186 Displacements
987135 Square Feet [142147568.00 Square Inches]
4473 patches before subdivision
96227 patches after subdivision
101 direct lights
0...1...2...3...4...5...6...7...8...9...100...1...2...3...4...5...6...7...8...9...10transfers 4780682, max 422
transfer lists:  36.5 megs
0...1...2...3...4...5...6...7...8...9...10	Bounce #1 added RGB(13943, 15437, 16080)
0...1...2...3...4...5...6...7...8...9...10	Bounce #2 added RGB(1467, 1394, 1179)
0...1...2...3...4...5...6...7...8...9...10	Bounce #3 added RGB(175, 149, 99)
0...1...2...3...4...5...6...7...8...9...10	Bounce #4 added RGB(27, 22, 11)
0...1...2...3...4...5...6...7...8...9...10	Bounce #5 added RGB(5, 4, 2)
0...1...2...3...4...5...6...7...8...9...10	Bounce #6 added RGB(1, 1, 0)
0...1...2...3...4...5...6...7...8...9...10	Bounce #7 added RGB(0, 0, 0)
Build Patch/Sample Hash Table(s).....Done<0.0365 sec>
0...1...2...3...4...5...6...7...8...9...10FinalLightFace Done
0 of 0 (0% of) surface lights went in leaf ambient cubes.
0...1...2...3...4...5...6...7...8...9...10Writing leaf ambient...done
Ready to Finish

Object names       Objects/Maxobjs  Memory / Maxmem  Fullness 
------------       ---------------  ---------------  -------- 
models                 135/1024         6480/49152    (13.2%) 
brushes               1425/8192        17100/98304    (17.4%) 
brushsides           14899/65536      119192/524288   (22.7%) 
planes               16280/65536      325600/1310720  (24.8%) 
vertexes              8788/65536      105456/786432   (13.4%) 
nodes                 3147/65536      100704/2097152  ( 4.8%) 
texinfos              1820/12288      131040/884736   (14.8%) 
texdata                114/2048         3648/65536    ( 5.6%) 
dispinfos              186/0           32736/0        ( 0.0%) 
disp_verts            6490/0          129800/0        ( 0.0%) 
disp_tris             9216/0           18432/0        ( 0.0%) 
disp_multiblend          0/0               0/0        ( 0.0%) 
disp_lmsamples      637340/0          637340/0        ( 0.0%) 
faces                 4474/65536      250544/3670016  ( 6.8%) 
hdr faces                0/65536           0/3670016  ( 0.0%) 
origfaces             2991/65536      167496/3670016  ( 4.6%) 
facebrushes            425/0             850/0        ( 0.0%) 
facebrushlists        4474/0           17896/0        ( 0.0%) 
leaves                3283/65536      105056/2097152  ( 5.0%) 
leaffaces             6858/65536       13716/131072   (10.5%) 
leafbrushes           5198/65536       10396/131072   ( 7.9%) 
areas                    6/256            48/2048     ( 2.3%) 
surfedges            32315/512000     129260/2048000  ( 6.3%) 
edges                19556/256000      78224/1024000  ( 7.6%) 
LDR worldlights        101/8192        10100/819200   ( 1.2%) 
HDR worldlights          0/8192            0/819200   ( 0.0%) 
leafwaterdata            2/32768          24/393216   ( 0.0%) 
waterstrips            495/32768        4950/327680   ( 1.5%) 
waterverts               0/65536           0/786432   ( 0.0%) 
waterindices          8397/65536       16794/131072   (12.8%) 
cubemapsamples          32/1024          512/16384    ( 3.1%) 
overlays                78/512         27456/180224   (15.2%) 
LDR lightdata         [variable]     9941496/0        ( 0.0%) 
HDR lightdata         [variable]           0/0        ( 0.0%) 
visdata               [variable]      389646/16777216 ( 2.3%) 
entdata               [variable]      184811/393216   (47.0%) 
LDR ambient table     3283/65536       13132/262144   ( 5.0%) 
HDR ambient table     3283/65536       13132/262144   ( 5.0%) 
LDR leaf ambient     18983/65536      531524/1835008  (29.0%) 
HDR leaf ambient      3283/65536       91924/1835008  ( 5.0%) 
occluders                0/0               0/0        ( 0.0%) 
occluder polygons        0/0               0/0        ( 0.0%) 
occluder vert ind        0/0               0/0        ( 0.0%) 
detail props          [variable]           1/12       ( 8.3%) 
static props          [variable]           1/109974   ( 0.0%) 
pakfile               [variable]     2466398/0        ( 0.0%) 
physics               [variable]      609584/4194304  (14.5%) 
physics terrain       [variable]       36746/1048576  ( 3.5%) 

Level flags = 0

Total triangle count: 11414
Writing c:\program files (x86)\steam\steamapps\common\portal 2\sdk_content\maps\wip\chapter 6\mp_coop_a3_01.bsp
1 minute, 1 second elapsed



materialPath: C:\Program Files (x86)\Steam\steamapps\common\Portal 2\portal2\materials
Loading C:\Program Files (x86)\Steam\steamapps\common\Portal 2\sdk_content\maps\WIP\Chapter 6\mp_coop_a3_01.vmf
ConVarRef gpu_level doesn't point to an existing ConVar
Material not found!: CONCRETE/CONCRETE_BTS_CEILING001A_NOPORTAL
Patching WVT material: maps/mp_coop_a3_01/nature/blendrockdirt_tunnel03b_wvt_patch
Patching WVT material: maps/mp_coop_a3_01/nature/blendrockdirt_tunnel03a_wvt_patch
fixing up env_cubemap materials on brush sides...
0...1...2...3...4...5...6...7...8...9...100...1...2...3...4...5...6...7...8...9...10Processing areas...done (0)
Building Faces...done (0)
Chop Details...done (0)
Find Visible Detail Sides...
Merged 668 detail faces...done (0)
Merging details...done (0)
FixTjuncs...
PruneNodes...
WriteBSP...
done (0)
writing C:\Program Files (x86)\Steam\steamapps\common\Portal 2\sdk_content\maps\WIP\Chapter 6\mp_coop_a3_01.prt...Building visibility clusters...
done (0)
Finding displacement neighbors...
Finding lightmap sample positions...
Displacement Alpha : 0...1...2...3...4...5...6...7...8...9...10
Building Physics collision data...
done (1) (609584 bytes)
Placing detail props : 0...1...2...3...4...5...6...7...8...9...10
Compacting texture/material tables...
Reduced 3277 texinfos to 1820
Reduced 126 texdatas to 114 (4676 bytes to 4076)
Writing C:\Program Files (x86)\Steam\steamapps\common\Portal 2\sdk_content\maps\WIP\Chapter 6\mp_coop_a3_01.bsp

nummapplanes:     ( 16280 / 65536 )
nummapbrushes:    (  1425 /  8192 )
nummapbrushsides: ( 15994 / 65536 )
num_map_overlays: (    78 /   512 )
nummodels:        (   135 /  1024 )
num_entities:     (   567 / 16384 )

3 seconds elapsed



24 threads
reading c:\program files (x86)\steam\steamapps\common\portal 2\sdk_content\maps\wip\chapter 6\mp_coop_a3_01.bsp
reading c:\program files (x86)\steam\steamapps\common\portal 2\sdk_content\maps\wip\chapter 6\mp_coop_a3_01.prt
1243 portalclusters
4182 numportals
0...1...2...3...4...5...6...7...8...9...100...1...2...3...4...5...6...7...8...9...


materialPath: C:\Program Files (x86)\Steam\steamapps\common\Portal 2\portal2\materials
Loading C:\Program Files (x86)\Steam\steamapps\common\Portal 2\sdk_content\maps\WIP\Chapter 6\mp_coop_a3_01.vmf
ConVarRef gpu_level doesn't point to an existing ConVar
Material not found!: CONCRETE/CONCRETE_BTS_CEILING001A_NOPORTAL
Patching WVT material: maps/mp_coop_a3_01/nature/blendrockdirt_tunnel03b_wvt_patch
Patching WVT material: maps/mp_coop_a3_01/nature/blendrockdirt_tunnel03a_wvt_patch
fixing up env_cubemap materials on brush sides...
0...1...2...3...4...5...6...7...8...9...100...1...2...3...4...5...6...7...8...9...10Processing areas...done (0)
Building Faces...done (0)
Chop Details...done (0)
Find Visible Detail Sides...
Merged 668 detail faces...done (0)
Merging details...done (0)
FixTjuncs...
PruneNodes...
WriteBSP...
done (0)
writing C:\Program Files (x86)\Steam\steamapps\common\Portal 2\sdk_content\maps\WIP\Chapter 6\mp_coop_a3_01.prt...Building visibility clusters...
done (0)
Finding displacement neighbors...
Finding lightmap sample positions...
Displacement Alpha : 0...1...2...3...4...5...6...7...8...9...10
Building Physics collision data...
done (1) (609584 bytes)
Placing detail props : 0...1...2...3...4...5...6...7...8...9...10
Compacting texture/material tables...
Reduced 3277 texinfos to 1820
Reduced 126 texdatas to 114 (4676 bytes to 4076)
Writing C:\Program Files (x86)\Steam\steamapps\common\Portal 2\sdk_content\maps\WIP\Chapter 6\mp_coop_a3_01.bsp

nummapplanes:     ( 16280 / 65536 )
nummapbrushes:    (  1425 /  8192 )
nummapbrushsides: ( 15994 / 65536 )
num_map_overlays: (    78 /   512 )
nummodels:        (   135 /  1024 )
num_entities:     (   567 / 16384 )

3 seconds elapsed



24 threads
reading c:\program files (x86)\steam\steamapps\common\portal 2\sdk_content\maps\wip\chapter 6\mp_coop_a3_01.bsp
reading c:\program files (x86)\steam\steamapps\common\portal 2\sdk_content\maps\wip\chapter 6\mp_coop_a3_01.prt
1243 portalclusters
4182 numportals
0...1...2...3...4...5...6...7...8...9...100...1...2...3...4...5...6...7...8...9...10Optimized: 3487 visible clusters (0.00%)
Total clusters visible: 907617
Average clusters visible: 730
Building PAS...
Average clusters audible: 1186
visdatasize:374561  compressed from 397760
writing c:\program files (x86)\steam\steamapps\common\portal 2\sdk_content\maps\wip\chapter 6\mp_coop_a3_01.bsp
22 minutes, 11 seconds elapsed



Could not find lights.rad in lights.rad.
Trying VRAD BIN directory instead...
Warning: Couldn't open texlight file C:\Program Files (x86)\Steam\steamapps\common\Portal 2\bin\lights.rad.
Loading c:\program files (x86)\steam\steamapps\common\portal 2\sdk_content\maps\wip\chapter 6\mp_coop_a3_01.bsp
Patch Sample Radius Clamped!
Patch Sample Radius Clamped!
Patch Sample Radius Clamped!
Patch Sample Radius Clamped!
Patch Sample Radius Clamped!
Patch Sample Radius Clamped!
Patch Sample Radius Clamped!
Patch Sample Radius Clamped!
Patch Sample Radius Clamped!
Patch Sample Radius Clamped!
Patch Sample Radius Clamped!
Patch Sample Radius Clamped!
Patch Sample Radius Clamped!
Patch Sample Radius Clamped!
Patch Sample Radius Clamped!
Patch Sample Radius Clamped!
Patch Sample Radius Clamped!
Patch Sample Radius Clamped!
Patch Sample Radius Clamped!
Patch Sample Radius Clamped!
Patch Sample Radius Clamped!
Patch Sample Radius Clamped!
Patch Sample Radius Clamped!
Patch Sample Radius Clamped!
Patch Sample Radius Clamped!
Patch Sample Radius Clamped!
Patch Sample Radius Clamped!
Patch Sample Radius Clamped!
Patch Sample Radius Clamped!
Patch Sample Radius Clamped!
Patch Sample Radius Clamped!
Patch Sample Radius Clamped!
Patch Sample Radius Clamped!
4474 faces
1 degenerate faces
4526403 square feet [651802112.00 square inches]
186 Displacements
987135 Square Feet [142147568.00 Square Inches]
4473 patches before subdivision
96227 patches after subdivision
101 direct lights
0...1...2...3...4...5...6...7...8...9...100...1...2...3...4...5...6...7...8...9...10transfers 4780676, max 422
transfer lists:  36.5 megs
0...1...2...3...4...5...6...7...8...9...10	Bounce #1 added RGB(13633, 15152, 15852)
0...1...2...3...4...5...6...7...8...9...10	Bounce #2 added RGB(1427, 1361, 1159)
0...1...2...3...4...5...6...7...8...9...10	Bounce #3 added RGB(169, 144, 96)
0...1...2...3...4...5...6...7...8...9...10	Bounce #4 added RGB(26, 21, 11)
0...1...2...3...4...5...6...7...8...9...10	Bounce #5 added RGB(5, 4, 2)
0...1...2...3...4...5...6...7...8...9...10	Bounce #6 added RGB(1, 1, 0)
0...1...2...3...4...5...6...7...8...9...10	Bounce #7 added RGB(0, 0, 0)
Build Patch/Sample Hash Table(s).....Done<0.0354 sec>
0...1...2...3...4...5...6...7...8...9...10FinalLightFace Done
0 of 0 (0% of) surface lights went in leaf ambient cubes.
0...1...2...3...4...5...6...7...8...9...10Writing leaf ambient...done
Ready to Finish

Object names       Objects/Maxobjs  Memory / Maxmem  Fullness 
------------       ---------------  ---------------  -------- 
models                 135/1024         6480/49152    (13.2%) 
brushes               1425/8192        17100/98304    (17.4%) 
brushsides           14899/65536      119192/524288   (22.7%) 
planes               16280/65536      325600/1310720  (24.8%) 
vertexes              8788/65536      105456/786432   (13.4%) 
nodes                 3147/65536      100704/2097152  ( 4.8%) 
texinfos              1820/12288      131040/884736   (14.8%) 
texdata                114/2048         3648/65536    ( 5.6%) 
dispinfos              186/0           32736/0        ( 0.0%) 
disp_verts            6490/0          129800/0        ( 0.0%) 
disp_tris             9216/0           18432/0        ( 0.0%) 
disp_multiblend          0/0               0/0        ( 0.0%) 
disp_lmsamples      637340/0          637340/0        ( 0.0%) 
faces                 4474/65536      250544/3670016  ( 6.8%) 
hdr faces                0/65536           0/3670016  ( 0.0%) 
origfaces             2991/65536      167496/3670016  ( 4.6%) 
facebrushes            425/0             850/0        ( 0.0%) 
facebrushlists        4474/0           17896/0        ( 0.0%) 
leaves                3283/65536      105056/2097152  ( 5.0%) 
leaffaces             6858/65536       13716/131072   (10.5%) 
leafbrushes           5198/65536       10396/131072   ( 7.9%) 
areas                    6/256            48/2048     ( 2.3%) 
surfedges            32315/512000     129260/2048000  ( 6.3%) 
edges                19556/256000      78224/1024000  ( 7.6%) 
LDR worldlights        101/8192        10100/819200   ( 1.2%) 
HDR worldlights          0/8192            0/819200   ( 0.0%) 
leafwaterdata            2/32768          24/393216   ( 0.0%) 
waterstrips            495/32768        4950/327680   ( 1.5%) 
waterverts               0/65536           0/786432   ( 0.0%) 
waterindices          8397/65536       16794/131072   (12.8%) 
cubemapsamples          32/1024          512/16384    ( 3.1%) 
overlays                78/512         27456/180224   (15.2%) 
LDR lightdata         [variable]     9941496/0        ( 0.0%) 
HDR lightdata         [variable]           0/0        ( 0.0%) 
visdata               [variable]      374561/16777216 ( 2.2%) 
entdata               [variable]      184811/393216   (47.0%) 
LDR ambient table     3283/65536       13132/262144   ( 5.0%) 
HDR ambient table     3283/65536       13132/262144   ( 5.0%) 
LDR leaf ambient     18969/65536      531132/1835008  (28.9%) 
HDR leaf ambient      3283/65536       91924/1835008  ( 5.0%) 
occluders                0/0               0/0        ( 0.0%) 
occluder polygons        0/0               0/0        ( 0.0%) 
occluder vert ind        0/0               0/0        ( 0.0%) 
detail props          [variable]           1/12       ( 8.3%) 
static props          [variable]           1/109974   ( 0.0%) 
pakfile               [variable]     2466398/0        ( 0.0%) 
physics               [variable]      609584/4194304  (14.5%) 
physics terrain       [variable]       36746/1048576  ( 3.5%) 

Level flags = 0

Total triangle count: 11414
Writing c:\program files (x86)\steam\steamapps\common\portal 2\sdk_content\maps\wip\chapter 6\mp_coop_a3_01.bsp
1 minute, 51 seconds elapsed



Could not find lights.rad in lights.rad.
Trying VRAD BIN directory instead...
Warning: Couldn't open texlight file C:\Program Files (x86)\Steam\steamapps\common\Portal 2\bin\lights.rad.
Loading c:\program files (x86)\steam\steamapps\common\portal 2\sdk_content\maps\wip\chapter 6\mp_coop_a3_01.bsp
Patch Sample Radius Clamped!
Patch Sample Radius Clamped!
Patch Sample Radius Clamped!
Patch Sample Radius Clamped!
Patch Sample Radius Clamped!
Patch Sample Radius Clamped!
Patch Sample Radius Clamped!
Patch Sample Radius Clamped!
Patch Sample Radius Clamped!
Patch Sample Radius Clamped!
Patch Sample Radius Clamped!
Patch Sample Radius Clamped!
Patch Sample Radius Clamped!
Patch Sample Radius Clamped!
Patch Sample Radius Clamped!
Patch Sample Radius Clamped!
Patch Sample Radius Clamped!
Patch Sample Radius Clamped!
Patch Sample Radius Clamped!
Patch Sample Radius Clamped!
Patch Sample Radius Clamped!
Patch Sample Radius Clamped!
Patch Sample Radius Clamped!
Patch Sample Radius Clamped!
Patch Sample Radius Clamped!
Patch Sample Radius Clamped!
Patch Sample Radius Clamped!
Patch Sample Radius Clamped!
Patch Sample Radius Clamped!
Patch Sample Radius Clamped!
Patch Sample Radius Clamped!
Patch Sample Radius Clamped!
Patch Sample Radius Clamped!
4474 faces
1 degenerate faces
4526403 square feet [651802112.00 square inches]
186 Displacements
987135 Square Feet [142147568.00 Square Inches]
4473 patches before subdivision
96227 patches after subdivision
101 direct lights
0...1...2...3...4...5...6...7...8...9...100...1...2...3...4...5...6...7...8...9...10transfers 4780676, max 422
transfer lists:  36.5 megs
0...1...2...3...4...5...6...7...8...9...10	Bounce #1 added RGB(13633, 15151, 15851)
0...1...2...3...4...5...6...7...8...9...10	Bounce #2 added RGB(1427, 1361, 1159)
0...1...2...3...4...5...6...7...8...9...10	Bounce #3 added RGB(169, 144, 96)
0...1...2...3...4...5...6...7...8...9...10	Bounce #4 added RGB(26, 21, 11)
0...1...2...3...4...5...6...7...8...9...10	Bounce #5 added RGB(5, 4, 2)
0...1...2...3...4...5...6...7...8...9...10	Bounce #6 added RGB(1, 1, 0)
0...1...2...3...4...5...6...7...8...9...10	Bounce #7 added RGB(0, 0, 0)
Build Patch/Sample Hash Table(s).....Done<0.5387 sec>
0...1...2...3...4...5...6...7...8...9...10FinalLightFace Done
0 of 0 (0% of) surface lights went in leaf ambient cubes.
0...1...2...3...4...5...6...7...8...9...10Writing leaf ambient...done
Ready to Finish

Object names       Objects/Maxobjs  Memory / Maxmem  Fullness 
------------       ---------------  ---------------  -------- 
models                 135/1024         6480/49152    (13.2%) 
brushes               1425/8192        17100/98304    (17.4%) 
brushsides           14899/65536      119192/524288   (22.7%) 
planes               16280/65536      325600/1310720  (24.8%) 
vertexes              8788/65536      105456/786432   (13.4%) 
nodes                 3147/65536      100704/2097152  ( 4.8%) 
texinfos              1820/12288      131040/884736   (14.8%) 
texdata                114/2048         3648/65536    ( 5.6%) 
dispinfos              186/0           32736/0        ( 0.0%) 
disp_verts            6490/0          129800/0        ( 0.0%) 
disp_tris             9216/0           18432/0        ( 0.0%) 
disp_multiblend          0/0               0/0        ( 0.0%) 
disp_lmsamples      637340/0          637340/0        ( 0.0%) 
faces                 4474/65536      250544/3670016  ( 6.8%) 
hdr faces             4474/65536      250544/3670016  ( 6.8%) 
origfaces             2991/65536      167496/3670016  ( 4.6%) 
facebrushes            425/0             850/0        ( 0.0%) 
facebrushlists        4474/0           17896/0        ( 0.0%) 
leaves                3283/65536      105056/2097152  ( 5.0%) 
leaffaces             6858/65536       13716/131072   (10.5%) 
leafbrushes           5198/65536       10396/131072   ( 7.9%) 
areas                    6/256            48/2048     ( 2.3%) 
surfedges            32315/512000     129260/2048000  ( 6.3%) 
edges                19556/256000      78224/1024000  ( 7.6%) 
LDR worldlights        101/8192        10100/819200   ( 1.2%) 
HDR worldlights        101/8192        10100/819200   ( 1.2%) 
leafwaterdata            2/32768          24/393216   ( 0.0%) 
waterstrips            495/32768        4950/327680   ( 1.5%) 
waterverts               0/65536           0/786432   ( 0.0%) 
waterindices          8397/65536       16794/131072   (12.8%) 
cubemapsamples          32/1024          512/16384    ( 3.1%) 
overlays                78/512         27456/180224   (15.2%) 
LDR lightdata         [variable]     9941496/0        ( 0.0%) 
HDR lightdata         [variable]     9941496/0        ( 0.0%) 
visdata               [variable]      374561/16777216 ( 2.2%) 
entdata               [variable]      184811/393216   (47.0%) 
LDR ambient table     3283/65536       13132/262144   ( 5.0%) 
HDR ambient table     3283/65536       13132/262144   ( 5.0%) 
LDR leaf ambient     18969/65536      531132/1835008  (28.9%) 
HDR leaf ambient     18969/65536      531132/1835008  (28.9%) 
occluders                0/0               0/0        ( 0.0%) 
occluder polygons        0/0               0/0        ( 0.0%) 
occluder vert ind        0/0               0/0        ( 0.0%) 
detail props          [variable]           1/12       ( 8.3%) 
static props          [variable]           1/109974   ( 0.0%) 
pakfile               [variable]     2466398/0        ( 0.0%) 
physics               [variable]      609584/4194304  (14.5%) 
physics terrain       [variable]       36746/1048576  ( 3.5%) 

Level flags = 0

Total triangle count: 11414
Writing c:\program files (x86)\steam\steamapps\common\portal 2\sdk_content\maps\wip\chapter 6\mp_coop_a3_01.bsp
6 minutes, 1 second elapsed



materialPath: C:\Program Files (x86)\Steam\steamapps\common\Portal 2\portal2\materials
Loading C:\Program Files (x86)\Steam\steamapps\common\Portal 2\sdk_content\maps\WIP\Chapter 6\mp_coop_a3_01.vmf
ConVarRef gpu_level doesn't point to an existing ConVar
Material not found!: CONCRETE/CONCRETE_BTS_CEILING001A_NOPORTAL
Patching WVT material: maps/mp_coop_a3_01/nature/blendrockdirt_tunnel03b_wvt_patch
Patching WVT material: maps/mp_coop_a3_01/nature/blendrockdirt_tunnel03a_wvt_patch
fixing up env_cubemap materials on brush sides...
0...1...2...3...4...5...6...7...8...9...100...1...2...3...4...5...6...7...8...9...10Processing areas...done (0)
Building Faces...done (0)
Chop Details...done (0)
Find Visible Detail Sides...
Merged 668 detail faces...done (0)
Merging details...done (0)
FixTjuncs...
PruneNodes...
WriteBSP...
done (0)
writing C:\Program Files (x86)\Steam\steamapps\common\Portal 2\sdk_content\maps\WIP\Chapter 6\mp_coop_a3_01.prt...Building visibility clusters...
done (0)
Finding displacement neighbors...
Finding lightmap sample positions...
Displacement Alpha : 0...1...2...3...4...5...6...7...8...9...10
Building Physics collision data...
done (1) (609584 bytes)
Placing detail props : 0...1...2...3...4...5...6...7...8...9...10
Compacting texture/material tables...
Reduced 3277 texinfos to 1820
Reduced 126 texdatas to 114 (4676 bytes to 4076)
Writing C:\Program Files (x86)\Steam\steamapps\common\Portal 2\sdk_content\maps\WIP\Chapter 6\mp_coop_a3_01.bsp

nummapplanes:     ( 16280 / 65536 )
nummapbrushes:    (  1425 /  8192 )
nummapbrushsides: ( 15994 / 65536 )
num_map_overlays: (    78 /   512 )
nummodels:        (   135 /  1024 )
num_entities:     (   567 / 16384 )

3 seconds elapsed



24 threads
reading c:\program files (x86)\steam\steamapps\common\portal 2\sdk_content\maps\wip\chapter 6\mp_coop_a3_01.bsp
reading c:\program files (x86)\steam\steamapps\common\portal 2\sdk_content\maps\wip\chapter 6\mp_coop_a3_01.prt
1243 portalclusters
4182 numportals
0...1...2...3...4...5...6...7...8...9...10Optimized: 23449 visible clusters (0.00%)
Total clusters visible: 1233829
Average clusters visible: 992
Building PAS...
Average clusters audible: 1214
visdatasize:389646  compressed from 397760
writing c:\program files (x86)\steam\steamapps\common\portal 2\sdk_content\maps\wip\chapter 6\mp_coop_a3_01.bsp
0 seconds elapsed



Could not find lights.rad in lights.rad.
Trying VRAD BIN directory instead...
Warning: Couldn't open texlight file C:\Program Files (x86)\Steam\steamapps\common\Portal 2\bin\lights.rad.
Loading c:\program files (x86)\steam\steamapps\common\portal 2\sdk_content\maps\wip\chapter 6\mp_coop_a3_01.bsp
Patch Sample Radius Clamped!
Patch Sample Radius Clamped!
Patch Sample Radius Clamped!
Patch Sample Radius Clamped!
Patch Sample Radius Clamped!
Patch Sample Radius Clamped!
Patch Sample Radius Clamped!
Patch Sample Radius Clamped!
Patch Sample Radius Clamped!
Patch Sample Radius Clamped!
Patch Sample Radius Clamped!
Patch Sample Radius Clamped!
Patch Sample Radius Clamped!
Patch Sample Radius Clamped!
Patch Sample Radius Clamped!
Patch Sample Radius Clamped!
Patch Sample Radius Clamped!
Patch Sample Radius Clamped!
Patch Sample Radius Clamped!
Patch Sample Radius Clamped!
Patch Sample Radius Clamped!
Patch Sample Radius Clamped!
Patch Sample Radius Clamped!
Patch Sample Radius Clamped!
Patch Sample Radius Clamped!
Patch Sample Radius Clamped!
Patch Sample Radius Clamped!
Patch Sample Radius Clamped!
Patch Sample Radius Clamped!
Patch Sample Radius Clamped!
Patch Sample Radius Clamped!
Patch Sample Radius Clamped!
Patch Sample Radius Clamped!
4474 faces
1 degenerate faces
4526403 square feet [651802112.00 square inches]
186 Displacements
987135 Square Feet [142147568.00 Square Inches]
4473 patches before subdivision
96227 patches after subdivision
101 direct lights
0...1...2...3...4...5...6...7...8...9...100...1...2...3...4...5...6...7...8...9...10transfers 4780682, max 422
transfer lists:  36.5 megs
0...1...2...3...4...5...6...7...8...9...10	Bounce #1 added RGB(13943, 15437, 16080)
0...1...2...3...4...5...6...7...8...9...10	Bounce #2 added RGB(1467, 1394, 1179)
0...1...2...3...4...5...6...7...8...9...10	Bounce #3 added RGB(175, 149, 99)
0...1...2...3...4...5...6...7...8...9...10	Bounce #4 added RGB(27, 22, 11)
0...1...2...3...4...5...6...7...8...9...10	Bounce #5 added RGB(5, 4, 2)
0...1...2...3...4...5...6...7...8...9...10	Bounce #6 added RGB(1, 1, 0)
0...1...2...3...4...5...6...7...8...9...10	Bounce #7 added RGB(0, 0, 0)
Build Patch/Sample Hash Table(s).....Done<0.0354 sec>
0...1...2...3...4...5...6...7...8...9...10FinalLightFace Done
0 of 0 (0% of) surface lights went in leaf ambient cubes.
0...1...2...3...4...5...6...7...8...9...10Writing leaf ambient...done
Ready to Finish

Object names       Objects/Maxobjs  Memory / Maxmem  Fullness 
------------       ---------------  ---------------  -------- 
models                 135/1024         6480/49152    (13.2%) 
brushes               1425/8192        17100/98304    (17.4%) 
brushsides           14899/65536      119192/524288   (22.7%) 
planes               16280/65536      325600/1310720  (24.8%) 
vertexes              8788/65536      105456/786432   (13.4%) 
nodes                 3147/65536      100704/2097152  ( 4.8%) 
texinfos              1820/12288      131040/884736   (14.8%) 
texdata                114/2048         3648/65536    ( 5.6%) 
dispinfos              186/0           32736/0        ( 0.0%) 
disp_verts            6490/0          129800/0        ( 0.0%) 
disp_tris             9216/0           18432/0        ( 0.0%) 
disp_multiblend          0/0               0/0        ( 0.0%) 
disp_lmsamples      637340/0          637340/0        ( 0.0%) 
faces                 4474/65536      250544/3670016  ( 6.8%) 
hdr faces                0/65536           0/3670016  ( 0.0%) 
origfaces             2991/65536      167496/3670016  ( 4.6%) 
facebrushes            425/0             850/0        ( 0.0%) 
facebrushlists        4474/0           17896/0        ( 0.0%) 
leaves                3283/65536      105056/2097152  ( 5.0%) 
leaffaces             6858/65536       13716/131072   (10.5%) 
leafbrushes           5198/65536       10396/131072   ( 7.9%) 
areas                    6/256            48/2048     ( 2.3%) 
surfedges            32315/512000     129260/2048000  ( 6.3%) 
edges                19556/256000      78224/1024000  ( 7.6%) 
LDR worldlights        101/8192        10100/819200   ( 1.2%) 
HDR worldlights          0/8192            0/819200   ( 0.0%) 
leafwaterdata            2/32768          24/393216   ( 0.0%) 
waterstrips            495/32768        4950/327680   ( 1.5%) 
waterverts               0/65536           0/786432   ( 0.0%) 
waterindices          8397/65536       16794/131072   (12.8%) 
cubemapsamples          32/1024          512/16384    ( 3.1%) 
overlays                78/512         27456/180224   (15.2%) 
LDR lightdata         [variable]     9941496/0        ( 0.0%) 
HDR lightdata         [variable]           0/0        ( 0.0%) 
visdata               [variable]      389646/16777216 ( 2.3%) 
entdata               [variable]      184811/393216   (47.0%) 
LDR ambient table     3283/65536       13132/262144   ( 5.0%) 
HDR ambient table     3283/65536       13132/262144   ( 5.0%) 
LDR leaf ambient     18983/65536      531524/1835008  (29.0%) 
HDR leaf ambient      3283/65536       91924/1835008  ( 5.0%) 
occluders                0/0               0/0        ( 0.0%) 
occluder polygons        0/0               0/0        ( 0.0%) 
occluder vert ind        0/0               0/0        ( 0.0%) 
detail props          [variable]           1/12       ( 8.3%) 
static props          [variable]           1/109974   ( 0.0%) 
pakfile               [variable]     2466398/0        ( 0.0%) 
physics               [variable]      609584/4194304  (14.5%) 
physics terrain       [variable]       36746/1048576  ( 3.5%) 

Level flags = 0

Total triangle count: 11414
Writing c:\program files (x86)\steam\steamapps\common\portal 2\sdk_content\maps\wip\chapter 6\mp_coop_a3_01.bsp
1 minute, 1 second elapsed



materialPath: C:\Program Files (x86)\Steam\steamapps\common\Portal 2\portal2\materials
Loading C:\Program Files (x86)\Steam\steamapps\common\Portal 2\sdk_content\maps\WIP\Chapter 6\mp_coop_a3_01.vmf
ConVarRef gpu_level doesn't point to an existing ConVar
Material not found!: CONCRETE/CONCRETE_BTS_CEILING001A_NOPORTAL
Patching WVT material: maps/mp_coop_a3_01/nature/blendrockdirt_tunnel03b_wvt_patch
Patching WVT material: maps/mp_coop_a3_01/nature/blendrockdirt_tunnel03a_wvt_patch
fixing up env_cubemap materials on brush sides...
0...1...2...3...4...5...6...7...8...9...100...1...2...3...4...5...6...7...8...9...10Processing areas...done (0)
Building Faces...done (0)
Chop Details...done (0)
Find Visible Detail Sides...
Merged 668 detail faces...done (0)
Merging details...done (0)
FixTjuncs...
PruneNodes...
WriteBSP...
done (0)
writing C:\Program Files (x86)\Steam\steamapps\common\Portal 2\sdk_content\maps\WIP\Chapter 6\mp_coop_a3_01.prt...Building visibility clusters...
done (0)
Finding displacement neighbors...
Finding lightmap sample positions...
Displacement Alpha : 0...1...2...3...4...5...6...7...8...9...10
Building Physics collision data...
done (1) (609584 bytes)
Placing detail props : 0...1...2...3...4...5...6...7...8...9...10
Compacting texture/material tables...
Reduced 3277 texinfos to 1820
Reduced 126 texdatas to 114 (4676 bytes to 4076)
Writing C:\Program Files (x86)\Steam\steamapps\common\Portal 2\sdk_content\maps\WIP\Chapter 6\mp_coop_a3_01.bsp

nummapplanes:     ( 16280 / 65536 )
nummapbrushes:    (  1425 /  8192 )
nummapbrushsides: ( 15994 / 65536 )
num_map_overlays: (    78 /   512 )
nummodels:        (   135 /  1024 )
num_entities:     (   568 / 16384 )

3 seconds elapsed



24 threads
reading c:\program files (x86)\steam\steamapps\common\portal 2\sdk_content\maps\wip\chapter 6\mp_coop_a3_01.bsp
reading c:\program files (x86)\steam\steamapps\common\portal 2\sdk_content\maps\wip\chapter 6\mp_coop_a3_01.prt
1243 portalclusters
4182 numportals
0...1...2...3...4...5...6...7...8...9...10Optimized: 23449 visible clusters (0.00%)
Total clusters visible: 1233829
Average clusters visible: 992
Building PAS...
Average clusters audible: 1214
visdatasize:389646  compressed from 397760
writing c:\program files (x86)\steam\steamapps\common\portal 2\sdk_content\maps\wip\chapter 6\mp_coop_a3_01.bsp
0 seconds elapsed



[Reading texlights from 'lights.rad']
[59 texlights parsed from 'lights.rad']

Loading c:\program files (x86)\steam\steamapps\common\portal 2\sdk_content\maps\wip\chapter 6\mp_coop_a3_01.bsp
Patch Sample Radius Clamped!
Patch Sample Radius Clamped!
Patch Sample Radius Clamped!
Patch Sample Radius Clamped!
Patch Sample Radius Clamped!
Patch Sample Radius Clamped!
Patch Sample Radius Clamped!
Patch Sample Radius Clamped!
Patch Sample Radius Clamped!
Patch Sample Radius Clamped!
Patch Sample Radius Clamped!
Patch Sample Radius Clamped!
Patch Sample Radius Clamped!
Patch Sample Radius Clamped!
Patch Sample Radius Clamped!
Patch Sample Radius Clamped!
Patch Sample Radius Clamped!
Patch Sample Radius Clamped!
Patch Sample Radius Clamped!
Patch Sample Radius Clamped!
Patch Sample Radius Clamped!
Patch Sample Radius Clamped!
Patch Sample Radius Clamped!
Patch Sample Radius Clamped!
Patch Sample Radius Clamped!
Patch Sample Radius Clamped!
Patch Sample Radius Clamped!
Patch Sample Radius Clamped!
Patch Sample Radius Clamped!
Patch Sample Radius Clamped!
Patch Sample Radius Clamped!
Patch Sample Radius Clamped!
Patch Sample Radius Clamped!
4474 faces
1 degenerate faces
4526403 square feet [651802112.00 square inches]
186 Displacements
987135 Square Feet [142147568.00 Square Inches]
4473 patches before subdivision
96227 patches after subdivision
101 direct lights
0...1...2...3...4...5...6...7...8...9...100...1...2...3...4...5...6...7...8...9...10transfers 4780682, max 422
transfer lists:  36.5 megs
0...1...2...3...4...5...6...7...8...9...10	Bounce #1 added RGB(13943, 15437, 16080)
0...1...2...3...4...5...6...7...8...9...10	Bounce #2 added RGB(1467, 1394, 1179)
0...1...2...3...4...5...6...7...8...9...10	Bounce #3 added RGB(175, 149, 99)
0...1...2...3...4...5...6...7...8...9...10	Bounce #4 added RGB(27, 22, 11)
0...1...2...3...4...5...6...7...8...9...10	Bounce #5 added RGB(5, 4, 2)
0...1...2...3...4...5...6...7...8...9...10	Bounce #6 added RGB(1, 1, 0)
0...1...2...3...4...5...6...7...8...9...10	Bounce #7 added RGB(0, 0, 0)
Build Patch/Sample Hash Table(s).....Done<0.0371 sec>
0...1...2...3...4...5...6...7...8...9...10FinalLightFace Done
0 of 0 (0% of) surface lights went in leaf ambient cubes.
0...1...2...3...4...5...6...7...8...9...10Writing leaf ambient...done
Ready to Finish

Object names       Objects/Maxobjs  Memory / Maxmem  Fullness 
------------       ---------------  ---------------  -------- 
models                 135/1024         6480/49152    (13.2%) 
brushes               1425/8192        17100/98304    (17.4%) 
brushsides           14899/65536      119192/524288   (22.7%) 
planes               16280/65536      325600/1310720  (24.8%) 
vertexes              8788/65536      105456/786432   (13.4%) 
nodes                 3147/65536      100704/2097152  ( 4.8%) 
texinfos              1820/12288      131040/884736   (14.8%) 
texdata                114/2048         3648/65536    ( 5.6%) 
dispinfos              186/0           32736/0        ( 0.0%) 
disp_verts            6490/0          129800/0        ( 0.0%) 
disp_tris             9216/0           18432/0        ( 0.0%) 
disp_multiblend          0/0               0/0        ( 0.0%) 
disp_lmsamples      637340/0          637340/0        ( 0.0%) 
faces                 4474/65536      250544/3670016  ( 6.8%) 
hdr faces                0/65536           0/3670016  ( 0.0%) 
origfaces             2991/65536      167496/3670016  ( 4.6%) 
facebrushes            425/0             850/0        ( 0.0%) 
facebrushlists        4474/0           17896/0        ( 0.0%) 
leaves                3283/65536      105056/2097152  ( 5.0%) 
leaffaces             6858/65536       13716/131072   (10.5%) 
leafbrushes           5198/65536       10396/131072   ( 7.9%) 
areas                    6/256            48/2048     ( 2.3%) 
surfedges            32315/512000     129260/2048000  ( 6.3%) 
edges                19556/256000      78224/1024000  ( 7.6%) 
LDR worldlights        101/8192        10100/819200   ( 1.2%) 
HDR worldlights          0/8192            0/819200   ( 0.0%) 
leafwaterdata            2/32768          24/393216   ( 0.0%) 
waterstrips            495/32768        4950/327680   ( 1.5%) 
waterverts               0/65536           0/786432   ( 0.0%) 
waterindices          8397/65536       16794/131072   (12.8%) 
cubemapsamples          32/1024          512/16384    ( 3.1%) 
overlays                78/512         27456/180224   (15.2%) 
LDR lightdata         [variable]     9941496/0        ( 0.0%) 
HDR lightdata         [variable]           0/0        ( 0.0%) 
visdata               [variable]      389646/16777216 ( 2.3%) 
entdata               [variable]      184985/393216   (47.0%) 
LDR ambient table     3283/65536       13132/262144   ( 5.0%) 
HDR ambient table     3283/65536       13132/262144   ( 5.0%) 
LDR leaf ambient     18983/65536      531524/1835008  (29.0%) 
HDR leaf ambient      3283/65536       91924/1835008  ( 5.0%) 
occluders                0/0               0/0        ( 0.0%) 
occluder polygons        0/0               0/0        ( 0.0%) 
occluder vert ind        0/0               0/0        ( 0.0%) 
detail props          [variable]           1/12       ( 8.3%) 
static props          [variable]           1/109974   ( 0.0%) 
pakfile               [variable]     2466398/0        ( 0.0%) 
physics               [variable]      609584/4194304  (14.5%) 
physics terrain       [variable]       36746/1048576  ( 3.5%) 

Level flags = 0

Total triangle count: 11414
Writing c:\program files (x86)\steam\steamapps\common\portal 2\sdk_content\maps\wip\chapter 6\mp_coop_a3_01.bsp
1 minute, 1 second elapsed



[Reading texlights from 'lights.rad']
[59 texlights parsed from 'lights.rad']

Loading c:\program files (x86)\steam\steamapps\common\portal 2\sdk_content\maps\wip\chapter 6\mp_coop_a3_01.bsp
Patch Sample Radius Clamped!
Patch Sample Radius Clamped!
Patch Sample Radius Clamped!
Patch Sample Radius Clamped!
Patch Sample Radius Clamped!
Patch Sample Radius Clamped!
Patch Sample Radius Clamped!
Patch Sample Radius Clamped!
Patch Sample Radius Clamped!
Patch Sample Radius Clamped!
Patch Sample Radius Clamped!
Patch Sample Radius Clamped!
Patch Sample Radius Clamped!
Patch Sample Radius Clamped!
Patch Sample Radius Clamped!
Patch Sample Radius Clamped!
Patch Sample Radius Clamped!
Patch Sample Radius Clamped!
Patch Sample Radius Clamped!
Patch Sample Radius Clamped!
Patch Sample Radius Clamped!
Patch Sample Radius Clamped!
Patch Sample Radius Clamped!
Patch Sample Radius Clamped!
Patch Sample Radius Clamped!
Patch Sample Radius Clamped!
Patch Sample Radius Clamped!
Patch Sample Radius Clamped!
Patch Sample Radius Clamped!
Patch Sample Radius Clamped!
Patch Sample Radius Clamped!
Patch Sample Radius Clamped!
Patch Sample Radius Clamped!
Loaded alpha texture materials\metal\underground_metalgrate002a.vtf
Loaded alpha texture materials\metal\underground_metalgrate003a.vtf
Loaded alpha texture materials\metal\underground_metalgrate001b_mip0.vtf
Loaded alpha texture materials\Metal\metalgrate018.vtf
Loaded alpha texture materials\Tools\toolsinvisible.vtf
4474 faces
1 degenerate faces
4526403 square feet [651802112.00 square inches]
186 Displacements
987135 Square Feet [142147568.00 Square Inches]
4473 patches before subdivision
96227 patches after subdivision
101 direct lights
0...1...2...3...4...5...6...7...8...9...100...1...2...3...4...5...6...7...8...9...10transfers 5779572, max 473
transfer lists:  44.1 megs
0...1...2...3...4...5...6...7...8...9...10	Bounce #1 added RGB(17444, 20473, 22449)
0...1...2...3...4...5...6...7...8...9...10	Bounce #2 added RGB(1822, 1841, 1683)
0...1...2...3...4...5...6...7...8...9...10	Bounce #3 added RGB(223, 199, 144)
0...1...2...3...4...5...6...7...8...9...10	Bounce #4 added RGB(36, 29, 16)
0...1...2...3...4...5...6...7...8...9...10	Bounce #5 added RGB(7, 6, 2)
0...1...2...3...4...5...6...7...8...9...10	Bounce #6 added RGB(2, 1, 0)
0...1...2...3...4...5...6...7...8...9...10	Bounce #7 added RGB(0, 0, 0)
Build Patch/Sample Hash Table(s).....Done<0.0359 sec>
0...1...2...3...4...5...6...7...8...9...10FinalLightFace Done
0 of 0 (0% of) surface lights went in leaf ambient cubes.
0...1...2...3...4...5...6...7...8...9...10Writing leaf ambient...done
Computing static prop lighting : 00...1...2...3...4...5...6...7...8...9...10
Ready to Finish

Object names       Objects/Maxobjs  Memory / Maxmem  Fullness 
------------       ---------------  ---------------  -------- 
models                 135/1024         6480/49152    (13.2%) 
brushes               1425/8192        17100/98304    (17.4%) 
brushsides           14899/65536      119192/524288   (22.7%) 
planes               16280/65536      325600/1310720  (24.8%) 
vertexes              8788/65536      105456/786432   (13.4%) 
nodes                 3147/65536      100704/2097152  ( 4.8%) 
texinfos              1820/12288      131040/884736   (14.8%) 
texdata                114/2048         3648/65536    ( 5.6%) 
dispinfos              186/0           32736/0        ( 0.0%) 
disp_verts            6490/0          129800/0        ( 0.0%) 
disp_tris             9216/0           18432/0        ( 0.0%) 
disp_multiblend          0/0               0/0        ( 0.0%) 
disp_lmsamples      637340/0          637340/0        ( 0.0%) 
faces                 4474/65536      250544/3670016  ( 6.8%) 
hdr faces                0/65536           0/3670016  ( 0.0%) 
origfaces             2991/65536      167496/3670016  ( 4.6%) 
facebrushes            425/0             850/0        ( 0.0%) 
facebrushlists        4474/0           17896/0        ( 0.0%) 
leaves                3283/65536      105056/2097152  ( 5.0%) 
leaffaces             6858/65536       13716/131072   (10.5%) 
leafbrushes           5198/65536       10396/131072   ( 7.9%) 
areas                    6/256            48/2048     ( 2.3%) 
surfedges            32315/512000     129260/2048000  ( 6.3%) 
edges                19556/256000      78224/1024000  ( 7.6%) 
LDR worldlights        101/8192        10100/819200   ( 1.2%) 
HDR worldlights          0/8192            0/819200   ( 0.0%) 
leafwaterdata            2/32768          24/393216   ( 0.0%) 
waterstrips            495/32768        4950/327680   ( 1.5%) 
waterverts               0/65536           0/786432   ( 0.0%) 
waterindices          8397/65536       16794/131072   (12.8%) 
cubemapsamples          32/1024          512/16384    ( 3.1%) 
overlays                78/512         27456/180224   (15.2%) 
LDR lightdata         [variable]    10192332/0        ( 0.0%) 
HDR lightdata         [variable]           0/0        ( 0.0%) 
visdata               [variable]      389646/16777216 ( 2.3%) 
entdata               [variable]      184985/393216   (47.0%) 
LDR ambient table     3283/65536       13132/262144   ( 5.0%) 
HDR ambient table     3283/65536       13132/262144   ( 5.0%) 
LDR leaf ambient     19096/65536      534688/1835008  (29.1%) 
HDR leaf ambient      3283/65536       91924/1835008  ( 5.0%) 
occluders                0/0               0/0        ( 0.0%) 
occluder polygons        0/0               0/0        ( 0.0%) 
occluder vert ind        0/0               0/0        ( 0.0%) 
detail props          [variable]           1/12       ( 8.3%) 
static props          [variable]           1/109974   ( 0.0%) 
pakfile               [variable]     9443874/0        ( 0.0%) 
physics               [variable]      609584/4194304  (14.5%) 
physics terrain       [variable]       36746/1048576  ( 3.5%) 

Level flags = 1

Total triangle count: 11414
Writing c:\program files (x86)\steam\steamapps\common\portal 2\sdk_content\maps\wip\chapter 6\mp_coop_a3_01.bsp
10 minutes, 29 seconds elapsed



[Reading texlights from 'lights.rad']
[59 texlights parsed from 'lights.rad']

Loading c:\program files (x86)\steam\steamapps\common\portal 2\sdk_content\maps\wip\chapter 6\mp_coop_a3_01.bsp
Patch Sample Radius Clamped!
Patch Sample Radius Clamped!
Patch Sample Radius Clamped!
Patch Sample Radius Clamped!
Patch Sample Radius Clamped!
Patch Sample Radius Clamped!
Patch Sample Radius Clamped!
Patch Sample Radius Clamped!
Patch Sample Radius Clamped!
Patch Sample Radius Clamped!
Patch Sample Radius Clamped!
Patch Sample Radius Clamped!
Patch Sample Radius Clamped!
Patch Sample Radius Clamped!
Patch Sample Radius Clamped!
Patch Sample Radius Clamped!
Patch Sample Radius Clamped!
Patch Sample Radius Clamped!
Patch Sample Radius Clamped!
Patch Sample Radius Clamped!
Patch Sample Radius Clamped!
Patch Sample Radius Clamped!
Patch Sample Radius Clamped!
Patch Sample Radius Clamped!
Patch Sample Radius Clamped!
Patch Sample Radius Clamped!
Patch Sample Radius Clamped!
Patch Sample Radius Clamped!
Patch Sample Radius Clamped!
Patch Sample Radius Clamped!
Patch Sample Radius Clamped!
Patch Sample Radius Clamped!
Patch Sample Radius Clamped!
Loaded alpha texture materials\metal\underground_metalgrate002a.vtf
Loaded alpha texture materials\metal\underground_metalgrate003a.vtf
Loaded alpha texture materials\metal\underground_metalgrate001b_mip0.vtf
Loaded alpha texture materials\Metal\metalgrate018.vtf
Loaded alpha texture materials\Tools\toolsinvisible.vtf
4474 faces
1 degenerate faces
4526403 square feet [651802112.00 square inches]
186 Displacements
987135 Square Feet [142147568.00 Square Inches]
4473 patches before subdivision
96227 patches after subdivision
101 direct lights
0...1...2...3...4...5...6...7...8...9...100...1...2...3...4...5...6...7...8...9...10transfers 5779572, max 473
transfer lists:  44.1 megs
0...1...2...3...4...5...6...7...8...9...10	Bounce #1 added RGB(17444, 20472, 22449)
0...1...2...3...4...5...6...7...8...9...10	Bounce #2 added RGB(1822, 1841, 1683)
0...1...2...3...4...5...6...7...8...9...10	Bounce #3 added RGB(223, 199, 144)
0...1...2...3...4...5...6...7...8...9...10	Bounce #4 added RGB(36, 29, 16)
0...1...2...3...4...5...6...7...8...9...10	Bounce #5 added RGB(7, 6, 2)
0...1...2...3...4...5...6...7...8...9...10	Bounce #6 added RGB(2, 1, 0)
0...1...2...3...4...5...6...7...8...9...10	Bounce #7 added RGB(0, 0, 0)
Build Patch/Sample Hash Table(s).....Done<0.5557 sec>
0...1...2...3...4...5...6...7...8...9...10FinalLightFace Done
0 of 0 (0% of) surface lights went in leaf ambient cubes.
0...1...2...3...4...5...6...7...8...9...10Writing leaf ambient...done
Computing static prop lighting : 00...1...2...3...4...5...6...7...8...9...10
Ready to Finish

Object names       Objects/Maxobjs  Memory / Maxmem  Fullness 
------------       ---------------  ---------------  -------- 
models                 135/1024         6480/49152    (13.2%) 
brushes               1425/8192        17100/98304    (17.4%) 
brushsides           14899/65536      119192/524288   (22.7%) 
planes               16280/65536      325600/1310720  (24.8%) 
vertexes              8788/65536      105456/786432   (13.4%) 
nodes                 3147/65536      100704/2097152  ( 4.8%) 
texinfos              1820/12288      131040/884736   (14.8%) 
texdata                114/2048         3648/65536    ( 5.6%) 
dispinfos              186/0           32736/0        ( 0.0%) 
disp_verts            6490/0          129800/0        ( 0.0%) 
disp_tris             9216/0           18432/0        ( 0.0%) 
disp_multiblend          0/0               0/0        ( 0.0%) 
disp_lmsamples      637340/0          637340/0        ( 0.0%) 
faces                 4474/65536      250544/3670016  ( 6.8%) 
hdr faces             4474/65536      250544/3670016  ( 6.8%) 
origfaces             2991/65536      167496/3670016  ( 4.6%) 
facebrushes            425/0             850/0        ( 0.0%) 
facebrushlists        4474/0           17896/0        ( 0.0%) 
leaves                3283/65536      105056/2097152  ( 5.0%) 
leaffaces             6858/65536       13716/131072   (10.5%) 
leafbrushes           5198/65536       10396/131072   ( 7.9%) 
areas                    6/256            48/2048     ( 2.3%) 
surfedges            32315/512000     129260/2048000  ( 6.3%) 
edges                19556/256000      78224/1024000  ( 7.6%) 
LDR worldlights        101/8192        10100/819200   ( 1.2%) 
HDR worldlights        101/8192        10100/819200   ( 1.2%) 
leafwaterdata            2/32768          24/393216   ( 0.0%) 
waterstrips            495/32768        4950/327680   ( 1.5%) 
waterverts               0/65536           0/786432   ( 0.0%) 
waterindices          8397/65536       16794/131072   (12.8%) 
cubemapsamples          32/1024          512/16384    ( 3.1%) 
overlays                78/512         27456/180224   (15.2%) 
LDR lightdata         [variable]    10192332/0        ( 0.0%) 
HDR lightdata         [variable]    10192332/0        ( 0.0%) 
visdata               [variable]      389646/16777216 ( 2.3%) 
entdata               [variable]      184985/393216   (47.0%) 
LDR ambient table     3283/65536       13132/262144   ( 5.0%) 
HDR ambient table     3283/65536       13132/262144   ( 5.0%) 
LDR leaf ambient     19096/65536      534688/1835008  (29.1%) 
HDR leaf ambient     19096/65536      534688/1835008  (29.1%) 
occluders                0/0               0/0        ( 0.0%) 
occluder polygons        0/0               0/0        ( 0.0%) 
occluder vert ind        0/0               0/0        ( 0.0%) 
detail props          [variable]           1/12       ( 8.3%) 
static props          [variable]           1/109974   ( 0.0%) 
pakfile               [variable]    16431014/0        ( 0.0%) 
physics               [variable]      609584/4194304  (14.5%) 
physics terrain       [variable]       36746/1048576  ( 3.5%) 

Level flags = 3

Total triangle count: 11414
Writing c:\program files (x86)\steam\steamapps\common\portal 2\sdk_content\maps\wip\chapter 6\mp_coop_a3_01.bsp
31 minutes, 56 seconds elapsed
