


materialPath: C:\Program Files (x86)\Steam\steamapps\common\Portal 2\portal2\materials
Loading C:\Program Files (x86)\Steam\steamapps\common\Portal 2\sdk_content\maps\WIP\Chapter 7\mp_coop_a3_portal_intro.vmf
ConVarRef gpu_level doesn't point to an existing ConVar
Material not found!: PROPS/CARPETFLOOR001A
Patching WVT material: maps/mp_coop_a3_portal_intro/anim_wp/framework/blend_backpanels02_pipes_wvt_patch
Patching WVT material: maps/mp_coop_a3_portal_intro/nature/blendrockdirt_tunnel03a_wvt_patch
fixing up env_cubemap materials on brush sides...
Generated env_cubemap patch name : maps/mp_coop_a3_portal_intro/maps/mp_coop_a3_portal_intro/anim_wp/framework/blend_backpanels02_pipes_wvt_patch_1408_-1120_-3240 too long! (max = 128)



materialPath: C:\Program Files (x86)\Steam\steamapps\common\Portal 2\portal2\materials
Loading C:\Program Files (x86)\Steam\steamapps\common\Portal 2\sdk_content\maps\WIP\Chapter 7\mp_coop_a3_portal_intro.vmf
ConVarRef gpu_level doesn't point to an existing ConVar
Material not found!: PROPS/CARPETFLOOR001A
Patching WVT material: maps/mp_coop_a3_portal_intro/anim_wp/framework/blend_backpanels02_pipes_wvt_patch
Patching WVT material: maps/mp_coop_a3_portal_intro/nature/blendrockdirt_tunnel03a_wvt_patch
fixing up env_cubemap materials on brush sides...
Generated env_cubemap patch name : maps/mp_coop_a3_portal_intro/maps/mp_coop_a3_portal_intro/anim_wp/framework/blend_backpanels02_pipes_wvt_patch_2240_-1472_-1488 too long! (max = 128)



materialPath: C:\Program Files (x86)\Steam\steamapps\common\Portal 2\portal2\materials
Loading C:\Program Files (x86)\Steam\steamapps\common\Portal 2\sdk_content\maps\WIP\Chapter 7\mp_coop_a3_portal_intro.vmf
ConVarRef gpu_level doesn't point to an existing ConVar
Material not found!: PROPS/CARPETFLOOR001A
Patching WVT material: maps/mp_coop_a3_portal_intro/anim_wp/framework/blend_backpanels02_pipes_wvt_patch
Patching WVT material: maps/mp_coop_a3_portal_intro/nature/blendrockdirt_tunnel03a_wvt_patch
fixing up env_cubemap materials on brush sides...
Generated env_cubemap patch name : maps/mp_coop_a3_portal_intro/maps/mp_coop_a3_portal_intro/anim_wp/framework/blend_backpanels02_pipes_wvt_patch_1984_-1424_-1456 too long! (max = 128)



materialPath: C:\Program Files (x86)\Steam\steamapps\common\Portal 2\portal2\materials
Loading C:\Program Files (x86)\Steam\steamapps\common\Portal 2\sdk_content\maps\WIP\Chapter 7\mp_coop_a3_portal_intro.vmf
ConVarRef gpu_level doesn't point to an existing ConVar
Material not found!: PROPS/CARPETFLOOR001A
Patching WVT material: maps/mp_coop_a3_portal_intro/anim_wp/framework/blend_backpanels02_pipes_wvt_patch
Patching WVT material: maps/mp_coop_a3_portal_intro/nature/blendrockdirt_tunnel03a_wvt_patch
fixing up env_cubemap materials on brush sides...
Generated env_cubemap patch name : maps/mp_coop_a3_portal_intro/maps/mp_coop_a3_portal_intro/anim_wp/framework/blend_backpanels02_pipes_wvt_patch_2240_-1472_-1360 too long! (max = 128)



materialPath: C:\Program Files (x86)\Steam\steamapps\common\Portal 2\portal2\materials
Loading C:\Program Files (x86)\Steam\steamapps\common\Portal 2\sdk_content\maps\WIP\Chapter 7\mp_coop_a3_portal_intro.vmf
ConVarRef gpu_level doesn't point to an existing ConVar
Material not found!: PROPS/CARPETFLOOR001A
Patching WVT material: maps/mp_coop_a3_portal_intro/anim_wp/framework/blend_backpanels02_pipes_wvt_patch
Patching WVT material: maps/mp_coop_a3_portal_intro/nature/blendrockdirt_tunnel03a_wvt_patch
fixing up env_cubemap materials on brush sides...
0...1...2...3...4...5...6...7...8...9...100...1...2...3...4...5...6...7...8...9...10Processing areas...Wrote C:\Program Files (x86)\Steam\steamapps\common\Portal 2\sdk_content\maps\WIP\Chapter 7\mp_coop_a3_portal_intro.lin
Areaportal leak ! File: C:\Program Files (x86)\Steam\steamapps\common\Portal 2\sdk_content\maps\WIP\Chapter 7\mp_coop_a3_portal_intro.lin 
Brush 9192: areaportal brush doesn't touch two areas

Brush 9192: areaportal brush doesn't touch two areas

Brush 9192: areaportal brush doesn't touch two areas

Brush 9206: areaportal brush doesn't touch two areas

Brush 9199: areaportal brush doesn't touch two areas

Brush 9199: areaportal brush doesn't touch two areas

Brush 9206: areaportal brush doesn't touch two areas

Brush 9199: areaportal brush doesn't touch two areas

Brush 9206: areaportal brush doesn't touch two areas

Brush 8099: areaportal brush doesn't touch two areas

Brush 8099: areaportal brush doesn't touch two areas

Brush 8099: areaportal brush doesn't touch two areas

Brush 8099: areaportal brush doesn't touch two areas

Brush 8099: areaportal brush doesn't touch two areas

Brush 8099: areaportal brush doesn't touch two areas

Brush 8099: areaportal brush doesn't touch two areas

Brush 8099: areaportal brush doesn't touch two areas

Brush 8099: areaportal brush doesn't touch two areas

Brush 8099: areaportal brush doesn't touch two areas

Brush 8099: areaportal brush doesn't touch two areas

Brush 8099: areaportal brush doesn't touch two areas

Brush 8099: areaportal brush doesn't touch two areas

Brush 8099: areaportal brush doesn't touch two areas

Brush 8099: areaportal brush doesn't touch two areas

Brush 8099: areaportal brush doesn't touch two areas

Brush 8099: areaportal brush doesn't touch two areas

Brush 8099: areaportal brush doesn't touch two areas

Brush 8099: areaportal brush doesn't touch two areas

Brush 8099: areaportal brush doesn't touch two areas

Brush 8461: areaportal brush doesn't touch two areas

Brush 8461: areaportal brush doesn't touch two areas

Brush 8461: areaportal brush doesn't touch two areas

Brush 8622: areaportal brush doesn't touch two areas

Brush 8461: areaportal brush doesn't touch two areas

Brush 8461: areaportal brush doesn't touch two areas

Brush 8461: areaportal brush doesn't touch two areas

Brush 8461: areaportal brush doesn't touch two areas

Brush 8461: areaportal brush doesn't touch two areas

Brush 8769: areaportal brush doesn't touch two areas

Brush 8328: areaportal brush doesn't touch two areas

Brush 8328: areaportal brush doesn't touch two areas

Brush 8769: areaportal brush doesn't touch two areas

Brush 8328: areaportal brush doesn't touch two areas

Brush 8769: areaportal brush doesn't touch two areas

Brush 8769: areaportal brush doesn't touch two areas

Brush 8328: areaportal brush doesn't touch two areas

Brush 8328: areaportal brush doesn't touch two areas

Brush 8328: areaportal brush doesn't touch two areas

Brush 8328: areaportal brush doesn't touch two areas

Brush 8328: areaportal brush doesn't touch two areas

Brush 8328: areaportal brush doesn't touch two areas
done (1)
Building Faces...done (0)
Chop Details...done (0)
Find Visible Detail Sides...
Merged 264 detail faces...done (0)
Merging details...done (0)
FixTjuncs...
PruneNodes...
WriteBSP...
done (0)
writing C:\Program Files (x86)\Steam\steamapps\common\Portal 2\sdk_content\maps\WIP\Chapter 7\mp_coop_a3_portal_intro.prt...Building visibility clusters...
done (0)
Finding displacement neighbors...
Finding lightmap sample positions...
Displacement Alpha : 0...1...2...3...4...5...6...7...8...9...10
Building Physics collision data...
done (1) (840659 bytes)
Placing detail props : 0...1...2...3...4...5...6...7...8...9...10
Compacting texture/material tables...
Reduced 3384 texinfos to 2317
Reduced 244 texdatas to 233 (11683 bytes to 11219)
Writing C:\Program Files (x86)\Steam\steamapps\common\Portal 2\sdk_content\maps\WIP\Chapter 7\mp_coop_a3_portal_intro.bsp

nummapplanes:     (  8890 / 65536 )
nummapbrushes:    (  2050 /  8192 )
nummapbrushsides: ( 16938 / 65536 )
num_map_overlays: (   114 /   512 )
nummodels:        (   183 /  1024 )
num_entities:     (  1050 / 16384 )

25 seconds elapsed



24 threads
reading c:\program files (x86)\steam\steamapps\common\portal 2\sdk_content\maps\wip\chapter 7\mp_coop_a3_portal_intro.bsp
reading c:\program files (x86)\steam\steamapps\common\portal 2\sdk_content\maps\wip\chapter 7\mp_coop_a3_portal_intro.prt
2510 portalclusters
9201 numportals
0...1...2...3...4...5...6...7...8...9...10Optimized: 358710 visible clusters (0.00%)
Total clusters visible: 4679459
Average clusters visible: 1864
Building PAS...
Average clusters audible: 2442
visdatasize:1492760  compressed from 1606400
writing c:\program files (x86)\steam\steamapps\common\portal 2\sdk_content\maps\wip\chapter 7\mp_coop_a3_portal_intro.bsp
0 seconds elapsed



Could not find lights.rad in lights.rad.
Trying VRAD BIN directory instead...
Warning: Couldn't open texlight file C:\Program Files (x86)\Steam\steamapps\common\Portal 2\bin\lights.rad.
Loading c:\program files (x86)\steam\steamapps\common\portal 2\sdk_content\maps\wip\chapter 7\mp_coop_a3_portal_intro.bsp
7383 faces
3266340 square feet [470352960.00 square inches]
137 Displacements
895735 Square Feet [128985864.00 Square Inches]
7383 patches before subdivision
139895 patches after subdivision
324 direct lights
0...1...2...3...4...5...6...7...8...9...100...1...2...3...4...5...6...7...8...9...10transfers 8968421, max 489
transfer lists:  68.4 megs
0...1...2...3...4...5...6...7...8...9...10	Bounce #1 added RGB(59388, 53883, 39265)
0...1...2...3...4...5...6...7...8...9...10	Bounce #2 added RGB(8117, 6873, 4510)
0...1...2...3...4...5...6...7...8...9...10	Bounce #3 added RGB(1510, 1230, 753)
0...1...2...3...4...5...6...7...8...9...10	Bounce #4 added RGB(294, 232, 134)
0...1...2...3...4...5...6...7...8...9...10	Bounce #5 added RGB(64, 49, 27)
0...1...2...3...4...5...6...7...8...9...10	Bounce #6 added RGB(14, 11, 6)
0...1...2...3...4...5...6...7...8...9...10	Bounce #7 added RGB(3, 3, 1)
0...1...2...3...4...5...6...7...8...9...10	Bounce #8 added RGB(1, 1, 0)
Build Patch/Sample Hash Table(s).....Done<0.7481 sec>
0...1...2...3...4...5...6...7...8...9...10FinalLightFace Done
0 of 0 (0% of) surface lights went in leaf ambient cubes.
0...1...2...3...4...5...6...7...8...9...10Writing leaf ambient...done
Ready to Finish

Object names       Objects/Maxobjs  Memory / Maxmem  Fullness 
------------       ---------------  ---------------  -------- 
models                 183/1024         8784/49152    (17.9%) 
brushes               2050/8192        24600/98304    (25.0%) 
brushsides           16121/65536      128968/524288   (24.6%) 
planes                8890/65536      177800/1310720  (13.6%) 
vertexes             13637/65536      163644/786432   (20.8%) 
nodes                 4813/65536      154016/2097152  ( 7.3%) 
texinfos              2317/12288      166824/884736   (18.9%) 
texdata                233/2048         7456/65536    (11.4%) 
dispinfos              137/0           24112/0        ( 0.0%) 
disp_verts            4657/0           93140/0        ( 0.0%) 
disp_tris             6496/0           12992/0        ( 0.0%) 
disp_multiblend          0/0               0/0        ( 0.0%) 
disp_lmsamples      410372/0          410372/0        ( 0.0%) 
faces                 7383/65536      413448/3670016  (11.3%) 
hdr faces                0/65536           0/3670016  ( 0.0%) 
origfaces             4968/65536      278208/3670016  ( 7.6%) 
facebrushes            960/0            1920/0        ( 0.0%) 
facebrushlists        7383/0           29532/0        ( 0.0%) 
leaves                4997/65536      159904/2097152  ( 7.6%) 
leaffaces            10612/65536       21224/131072   (16.2%) 
leafbrushes           7066/65536       14132/131072   (10.8%) 
areas                   17/256           136/2048     ( 6.6%) 
surfedges            54705/512000     218820/2048000  (10.7%) 
edges                34199/256000     136796/1024000  (13.4%) 
LDR worldlights        324/8192        32400/819200   ( 4.0%) 
HDR worldlights          0/8192            0/819200   ( 0.0%) 
leafwaterdata            0/32768           0/393216   ( 0.0%) 
waterstrips            784/32768        7840/327680   ( 2.4%) 
waterverts               0/65536           0/786432   ( 0.0%) 
waterindices         13386/65536       26772/131072   (20.4%) 
cubemapsamples          56/1024          896/16384    ( 5.5%) 
overlays               114/512         40128/180224   (22.3%) 
LDR lightdata         [variable]     8650248/0        ( 0.0%) 
HDR lightdata         [variable]           0/0        ( 0.0%) 
visdata               [variable]     1492760/16777216 ( 8.9%) 
entdata               [variable]      322143/393216   (81.9%) VERY FULL!
LDR ambient table     4997/65536       19988/262144   ( 7.6%) 
HDR ambient table     4997/65536       19988/262144   ( 7.6%) 
LDR leaf ambient     24424/65536      683872/1835008  (37.3%) 
HDR leaf ambient      4997/65536      139916/1835008  ( 7.6%) 
occluders                0/0               0/0        ( 0.0%) 
occluder polygons        0/0               0/0        ( 0.0%) 
occluder vert ind        0/0               0/0        ( 0.0%) 
detail props          [variable]           1/12       ( 8.3%) 
static props          [variable]           1/157322   ( 0.0%) 
pakfile               [variable]     4286078/0        ( 0.0%) 
physics               [variable]      840659/4194304  (20.0%) 
physics terrain       [variable]       31875/1048576  ( 3.0%) 

Level flags = 0

Total triangle count: 19610
Writing c:\program files (x86)\steam\steamapps\common\portal 2\sdk_content\maps\wip\chapter 7\mp_coop_a3_portal_intro.bsp
55 seconds elapsed



materialPath: C:\Program Files (x86)\Steam\steamapps\common\Portal 2\portal2\materials
Loading C:\Program Files (x86)\Steam\steamapps\common\Portal 2\sdk_content\maps\WIP\Chapter 7\mp_coop_a3_portal_intro.vmf
ConVarRef gpu_level doesn't point to an existing ConVar
Material not found!: PROPS/CARPETFLOOR001A
Patching WVT material: maps/mp_coop_a3_portal_intro/anim_wp/framework/blend_backpanels02_pipes_wvt_patch
Patching WVT material: maps/mp_coop_a3_portal_intro/nature/blendrockdirt_tunnel03a_wvt_patch
fixing up env_cubemap materials on brush sides...
0...1...2...3...4...5...6...7...8...9...100...1...2...3...4...5...6...7...8...9...10Processing areas...done (0)
Building Faces...done (0)
Chop Details...done (0)
Find Visible Detail Sides...
Merged 264 detail faces...done (0)
Merging details...done (0)
FixTjuncs...
PruneNodes...
WriteBSP...
done (1)
writing C:\Program Files (x86)\Steam\steamapps\common\Portal 2\sdk_content\maps\WIP\Chapter 7\mp_coop_a3_portal_intro.prt...Building visibility clusters...
done (0)
Finding displacement neighbors...
Finding lightmap sample positions...
Displacement Alpha : 0...1...2...3...4...5...6...7...8...9...10
Building Physics collision data...
done (0) (840659 bytes)
Placing detail props : 0...1...2...3...4...5...6...7...8...9...10
Compacting texture/material tables...
Reduced 3374 texinfos to 2317
Reduced 244 texdatas to 233 (11683 bytes to 11219)
Writing C:\Program Files (x86)\Steam\steamapps\common\Portal 2\sdk_content\maps\WIP\Chapter 7\mp_coop_a3_portal_intro.bsp

nummapplanes:     (  8868 / 65536 )
nummapbrushes:    (  2042 /  8192 )
nummapbrushsides: ( 16876 / 65536 )
num_map_overlays: (   114 /   512 )
nummodels:        (   183 /  1024 )
num_entities:     (  1042 / 16384 )

25 seconds elapsed



24 threads
reading c:\program files (x86)\steam\steamapps\common\portal 2\sdk_content\maps\wip\chapter 7\mp_coop_a3_portal_intro.bsp
reading c:\program files (x86)\steam\steamapps\common\portal 2\sdk_content\maps\wip\chapter 7\mp_coop_a3_portal_intro.prt
2420 portalclusters
8925 numportals
0...1...2...3...4...5...6...7...8...9...10Optimized: 309075 visible clusters (0.00%)
Total clusters visible: 4368626
Average clusters visible: 1805
Building PAS...
Average clusters audible: 2358
visdatasize:1394856  compressed from 1471360
writing c:\program files (x86)\steam\steamapps\common\portal 2\sdk_content\maps\wip\chapter 7\mp_coop_a3_portal_intro.bsp
0 seconds elapsed



Could not find lights.rad in lights.rad.
Trying VRAD BIN directory instead...
Warning: Couldn't open texlight file C:\Program Files (x86)\Steam\steamapps\common\Portal 2\bin\lights.rad.
Loading c:\program files (x86)\steam\steamapps\common\portal 2\sdk_content\maps\wip\chapter 7\mp_coop_a3_portal_intro.bsp
7360 faces
3266340 square feet [470353024.00 square inches]
137 Displacements
895735 Square Feet [128985864.00 Square Inches]
7360 patches before subdivision
139702 patches after subdivision
324 direct lights
0...1...2...3...4...5...6...7...8...9...100...1...2...3...4...5...6...7...8...9...10transfers 8924437, max 489
transfer lists:  68.1 megs
0...1...2...3...4...5...6...7...8...9...10	Bounce #1 added RGB(59437, 53927, 39286)
0...1...2...3...4...5...6...7...8...9...10	Bounce #2 added RGB(8136, 6889, 4518)
0...1...2...3...4...5...6...7...8...9...10	Bounce #3 added RGB(1513, 1233, 754)
0...1...2...3...4...5...6...7...8...9...10	Bounce #4 added RGB(294, 232, 134)
0...1...2...3...4...5...6...7...8...9...10	Bounce #5 added RGB(64, 49, 27)
0...1...2...3...4...5...6...7...8...9...10	Bounce #6 added RGB(15, 11, 6)
0...1...2...3...4...5...6...7...8...9...10	Bounce #7 added RGB(3, 3, 1)
0...1...2...3...4...5...6...7...8...9...10	Bounce #8 added RGB(1, 1, 0)
Build Patch/Sample Hash Table(s).....Done<0.7615 sec>
0...1...2...3...4...5...6...7...8...9...10FinalLightFace Done
0 of 0 (0% of) surface lights went in leaf ambient cubes.
0...1...2...3...4...5...6...7...8...9...10Writing leaf ambient...done
Ready to Finish

Object names       Objects/Maxobjs  Memory / Maxmem  Fullness 
------------       ---------------  ---------------  -------- 
models                 183/1024         8784/49152    (17.9%) 
brushes               2042/8192        24504/98304    (24.9%) 
brushsides           16059/65536      128472/524288   (24.5%) 
planes                8868/65536      177360/1310720  (13.5%) 
vertexes             13572/65536      162864/786432   (20.7%) 
nodes                 4728/65536      151296/2097152  ( 7.2%) 
texinfos              2317/12288      166824/884736   (18.9%) 
texdata                233/2048         7456/65536    (11.4%) 
dispinfos              137/0           24112/0        ( 0.0%) 
disp_verts            4657/0           93140/0        ( 0.0%) 
disp_tris             6496/0           12992/0        ( 0.0%) 
disp_multiblend          0/0               0/0        ( 0.0%) 
disp_lmsamples      410372/0          410372/0        ( 0.0%) 
faces                 7360/65536      412160/3670016  (11.2%) 
hdr faces                0/65536           0/3670016  ( 0.0%) 
origfaces             4967/65536      278152/3670016  ( 7.6%) 
facebrushes            971/0            1942/0        ( 0.0%) 
facebrushlists        7360/0           29440/0        ( 0.0%) 
leaves                4912/65536      157184/2097152  ( 7.5%) 
leaffaces            10567/65536       21134/131072   (16.1%) 
leafbrushes           6894/65536       13788/131072   (10.5%) 
areas                   17/256           136/2048     ( 6.6%) 
surfedges            54592/512000     218368/2048000  (10.7%) 
edges                34084/256000     136336/1024000  (13.3%) 
LDR worldlights        324/8192        32400/819200   ( 4.0%) 
HDR worldlights          0/8192            0/819200   ( 0.0%) 
leafwaterdata            0/32768           0/393216   ( 0.0%) 
waterstrips            786/32768        7860/327680   ( 2.4%) 
waterverts               0/65536           0/786432   ( 0.0%) 
waterindices         13374/65536       26748/131072   (20.4%) 
cubemapsamples          56/1024          896/16384    ( 5.5%) 
overlays               114/512         40128/180224   (22.3%) 
LDR lightdata         [variable]     8646492/0        ( 0.0%) 
HDR lightdata         [variable]           0/0        ( 0.0%) 
visdata               [variable]     1394856/16777216 ( 8.3%) 
entdata               [variable]      321012/393216   (81.6%) VERY FULL!
LDR ambient table     4912/65536       19648/262144   ( 7.5%) 
HDR ambient table     4912/65536       19648/262144   ( 7.5%) 
LDR leaf ambient     23938/65536      670264/1835008  (36.5%) 
HDR leaf ambient      4912/65536      137536/1835008  ( 7.5%) 
occluders                0/0               0/0        ( 0.0%) 
occluder polygons        0/0               0/0        ( 0.0%) 
occluder vert ind        0/0               0/0        ( 0.0%) 
detail props          [variable]           1/12       ( 8.3%) 
static props          [variable]           1/156644   ( 0.0%) 
pakfile               [variable]     4286078/0        ( 0.0%) 
physics               [variable]      840659/4194304  (20.0%) 
physics terrain       [variable]       31875/1048576  ( 3.0%) 

Level flags = 0

Total triangle count: 19547
Writing c:\program files (x86)\steam\steamapps\common\portal 2\sdk_content\maps\wip\chapter 7\mp_coop_a3_portal_intro.bsp
55 seconds elapsed



materialPath: C:\Program Files (x86)\Steam\steamapps\common\Portal 2\portal2\materials
Loading C:\Program Files (x86)\Steam\steamapps\common\Portal 2\sdk_content\maps\WIP\Chapter 7\mp_coop_a3_portal_intro.vmf
ConVarRef gpu_level doesn't point to an existing ConVar
Material not found!: PROPS/CARPETFLOOR001A
Patching WVT material: maps/mp_coop_a3_portal_intro/anim_wp/framework/blend_backpanels02_pipes_wvt_patch
Patching WVT material: maps/mp_coop_a3_portal_intro/nature/blendrockdirt_tunnel03a_wvt_patch
fixing up env_cubemap materials on brush sides...
0...1...2...3...4...5...6...7...8...9...100...1...2...3...4...5...6...7...8...9...10Processing areas...done (0)
Building Faces...done (0)
Chop Details...done (0)
Find Visible Detail Sides...
Merged 264 detail faces...done (0)
Merging details...done (0)
FixTjuncs...
PruneNodes...
WriteBSP...
done (1)
writing C:\Program Files (x86)\Steam\steamapps\common\Portal 2\sdk_content\maps\WIP\Chapter 7\mp_coop_a3_portal_intro.prt...Building visibility clusters...
done (0)
Finding displacement neighbors...
Finding lightmap sample positions...
Displacement Alpha : 0...1...2...3...4...5...6...7...8...9...10
Building Physics collision data...
done (0) (840104 bytes)
Placing detail props : 0...1...2...3...4...5...6...7...8...9...10
Compacting texture/material tables...
Reduced 3368 texinfos to 2314
Reduced 244 texdatas to 233 (11683 bytes to 11219)
Writing C:\Program Files (x86)\Steam\steamapps\common\Portal 2\sdk_content\maps\WIP\Chapter 7\mp_coop_a3_portal_intro.bsp

nummapplanes:     (  8864 / 65536 )
nummapbrushes:    (  2041 /  8192 )
nummapbrushsides: ( 16870 / 65536 )
num_map_overlays: (   114 /   512 )
nummodels:        (   182 /  1024 )
num_entities:     (  1041 / 16384 )

25 seconds elapsed



24 threads
reading c:\program files (x86)\steam\steamapps\common\portal 2\sdk_content\maps\wip\chapter 7\mp_coop_a3_portal_intro.bsp
reading c:\program files (x86)\steam\steamapps\common\portal 2\sdk_content\maps\wip\chapter 7\mp_coop_a3_portal_intro.prt
2420 portalclusters
8925 numportals
0...1...2...3...4...5...6...7...8...9...10Optimized: 309075 visible clusters (0.00%)
Total clusters visible: 4368626
Average clusters visible: 1805
Building PAS...
Average clusters audible: 2358
visdatasize:1394856  compressed from 1471360
writing c:\program files (x86)\steam\steamapps\common\portal 2\sdk_content\maps\wip\chapter 7\mp_coop_a3_portal_intro.bsp
0 seconds elapsed



Could not find lights.rad in lights.rad.
Trying VRAD BIN directory instead...
Warning: Couldn't open texlight file C:\Program Files (x86)\Steam\steamapps\common\Portal 2\bin\lights.rad.
Loading c:\program files (x86)\steam\steamapps\common\portal 2\sdk_content\maps\wip\chapter 7\mp_coop_a3_portal_intro.bsp
7354 faces
3265771 square feet [470271104.00 square inches]
137 Displacements
895735 Square Feet [128985864.00 Square Inches]
7354 patches before subdivision
139696 patches after subdivision
324 direct lights
0...1...2...3...4...5...6...7...8...9...100...1...2...3...4...5...6...7...8...9...10transfers 8924367, max 489
transfer lists:  68.1 megs
0...1...2...3...4...5...6...7...8...9...10	Bounce #1 added RGB(59437, 53927, 39286)
0...1...2...3...4...5...6...7...8...9...10	Bounce #2 added RGB(8136, 6889, 4518)
0...1...2...3...4...5...6...7...8...9...10	Bounce #3 added RGB(1513, 1233, 754)
0...1...2...3...4...5...6...7...8...9...10	Bounce #4 added RGB(294, 232, 134)
0...1...2...3...4...5...6...7...8...9...10	Bounce #5 added RGB(64, 49, 27)
0...1...2...3...4...5...6...7...8...9...10	Bounce #6 added RGB(15, 11, 6)
0...1...2...3...4...5...6...7...8...9...10	Bounce #7 added RGB(3, 3, 1)
0...1...2...3...4...5...6...7...8...9...10	Bounce #8 added RGB(1, 1, 0)
Build Patch/Sample Hash Table(s).....Done<0.7575 sec>
0...1...2...3...4...5...6...7...8...9...10FinalLightFace Done
0 of 0 (0% of) surface lights went in leaf ambient cubes.
0...1...2...3...4...5...6...7...8...9...10Writing leaf ambient...done
Ready to Finish

Object names       Objects/Maxobjs  Memory / Maxmem  Fullness 
------------       ---------------  ---------------  -------- 
models                 182/1024         8736/49152    (17.8%) 
brushes               2041/8192        24492/98304    (24.9%) 
brushsides           16053/65536      128424/524288   (24.5%) 
planes                8864/65536      177280/1310720  (13.5%) 
vertexes             13564/65536      162768/786432   (20.7%) 
nodes                 4722/65536      151104/2097152  ( 7.2%) 
texinfos              2314/12288      166608/884736   (18.8%) 
texdata                233/2048         7456/65536    (11.4%) 
dispinfos              137/0           24112/0        ( 0.0%) 
disp_verts            4657/0           93140/0        ( 0.0%) 
disp_tris             6496/0           12992/0        ( 0.0%) 
disp_multiblend          0/0               0/0        ( 0.0%) 
disp_lmsamples      410372/0          410372/0        ( 0.0%) 
faces                 7354/65536      411824/3670016  (11.2%) 
hdr faces                0/65536           0/3670016  ( 0.0%) 
origfaces             4961/65536      277816/3670016  ( 7.6%) 
facebrushes            971/0            1942/0        ( 0.0%) 
facebrushlists        7354/0           29416/0        ( 0.0%) 
leaves                4905/65536      156960/2097152  ( 7.5%) 
leaffaces            10561/65536       21122/131072   (16.1%) 
leafbrushes           6893/65536       13786/131072   (10.5%) 
areas                   17/256           136/2048     ( 6.6%) 
surfedges            54544/512000     218176/2048000  (10.7%) 
edges                34060/256000     136240/1024000  (13.3%) 
LDR worldlights        324/8192        32400/819200   ( 4.0%) 
HDR worldlights          0/8192            0/819200   ( 0.0%) 
leafwaterdata            0/32768           0/393216   ( 0.0%) 
waterstrips            786/32768        7860/327680   ( 2.4%) 
waterverts               0/65536           0/786432   ( 0.0%) 
waterindices         13374/65536       26748/131072   (20.4%) 
cubemapsamples          56/1024          896/16384    ( 5.5%) 
overlays               114/512         40128/180224   (22.3%) 
LDR lightdata         [variable]     8646492/0        ( 0.0%) 
HDR lightdata         [variable]           0/0        ( 0.0%) 
visdata               [variable]     1394856/16777216 ( 8.3%) 
entdata               [variable]      320569/393216   (81.5%) VERY FULL!
LDR ambient table     4905/65536       19620/262144   ( 7.5%) 
HDR ambient table     4905/65536       19620/262144   ( 7.5%) 
LDR leaf ambient     23887/65536      668836/1835008  (36.4%) 
HDR leaf ambient      4905/65536      137340/1835008  ( 7.5%) 
occluders                0/0               0/0        ( 0.0%) 
occluder polygons        0/0               0/0        ( 0.0%) 
occluder vert ind        0/0               0/0        ( 0.0%) 
detail props          [variable]           1/12       ( 8.3%) 
static props          [variable]           1/156644   ( 0.0%) 
pakfile               [variable]     4286078/0        ( 0.0%) 
physics               [variable]      840104/4194304  (20.0%) 
physics terrain       [variable]       31875/1048576  ( 3.0%) 

Level flags = 0

Total triangle count: 19535
Writing c:\program files (x86)\steam\steamapps\common\portal 2\sdk_content\maps\wip\chapter 7\mp_coop_a3_portal_intro.bsp
55 seconds elapsed



materialPath: C:\Program Files (x86)\Steam\steamapps\common\Portal 2\portal2\materials
Loading C:\Program Files (x86)\Steam\steamapps\common\Portal 2\sdk_content\maps\WIP\Chapter 7\mp_coop_a3_portal_intro.vmf
ConVarRef gpu_level doesn't point to an existing ConVar
Material not found!: PROPS/CARPETFLOOR001A
Patching WVT material: maps/mp_coop_a3_portal_intro/anim_wp/framework/blend_backpanels02_pipes_wvt_patch
Patching WVT material: maps/mp_coop_a3_portal_intro/nature/blendrockdirt_tunnel03a_wvt_patch
fixing up env_cubemap materials on brush sides...
0...1...2...3...4...5...6...7...8...9...100...1...2...3...4...5...6...7...8...9...10Processing areas...done (0)
Building Faces...done (0)
Chop Details...done (0)
Find Visible Detail Sides...
Merged 264 detail faces...done (0)
Merging details...done (0)
FixTjuncs...
PruneNodes...
WriteBSP...
done (1)
writing C:\Program Files (x86)\Steam\steamapps\common\Portal 2\sdk_content\maps\WIP\Chapter 7\mp_coop_a3_portal_intro.prt...Building visibility clusters...
done (0)
Finding displacement neighbors...
Finding lightmap sample positions...
Displacement Alpha : 0...1...2...3...4...5...6...7...8...9...10
Building Physics collision data...
done (0) (840659 bytes)
Placing detail props : 0...1...2...3...4...5...6...7...8...9...10
Compacting texture/material tables...
Reduced 3374 texinfos to 2317
Reduced 244 texdatas to 233 (11683 bytes to 11219)
Writing C:\Program Files (x86)\Steam\steamapps\common\Portal 2\sdk_content\maps\WIP\Chapter 7\mp_coop_a3_portal_intro.bsp

nummapplanes:     (  8868 / 65536 )
nummapbrushes:    (  2042 /  8192 )
nummapbrushsides: ( 16876 / 65536 )
num_map_overlays: (   114 /   512 )
nummodels:        (   183 /  1024 )
num_entities:     (  1042 / 16384 )

25 seconds elapsed



24 threads
reading c:\program files (x86)\steam\steamapps\common\portal 2\sdk_content\maps\wip\chapter 7\mp_coop_a3_portal_intro.bsp
reading c:\program files (x86)\steam\steamapps\common\portal 2\sdk_content\maps\wip\chapter 7\mp_coop_a3_portal_intro.prt
2420 portalclusters
8925 numportals
0...1...2...3...4...5...6...7...8...9...10Optimized: 309075 visible clusters (0.00%)
Total clusters visible: 4368626
Average clusters visible: 1805
Building PAS...
Average clusters audible: 2358
visdatasize:1394856  compressed from 1471360
writing c:\program files (x86)\steam\steamapps\common\portal 2\sdk_content\maps\wip\chapter 7\mp_coop_a3_portal_intro.bsp
0 seconds elapsed



Could not find lights.rad in lights.rad.
Trying VRAD BIN directory instead...
Warning: Couldn't open texlight file C:\Program Files (x86)\Steam\steamapps\common\Portal 2\bin\lights.rad.
Loading c:\program files (x86)\steam\steamapps\common\portal 2\sdk_content\maps\wip\chapter 7\mp_coop_a3_portal_intro.bsp
7360 faces
3266340 square feet [470353024.00 square inches]
137 Displacements
895735 Square Feet [128985864.00 Square Inches]
7360 patches before subdivision
139702 patches after subdivision
324 direct lights
0...1...2...3...4...5...6...7...8...9...100...1...2...3...4...5...6...7...8...9...10transfers 8924437, max 489
transfer lists:  68.1 megs
0...1...2...3...4...5...6...7...8...9...10	Bounce #1 added RGB(59437, 53927, 39286)
0...1...2...3...4...5...6...7...8...9...10	Bounce #2 added RGB(8136, 6889, 4518)
0...1...2...3...4...5...6...7...8...9...10	Bounce #3 added RGB(1513, 1233, 754)
0...1...2...3...4...5...6...7...8...9...10	Bounce #4 added RGB(294, 232, 134)
0...1...2...3...4...5...6...7...8...9...10	Bounce #5 added RGB(64, 49, 27)
0...1...2...3...4...5...6...7...8...9...10	Bounce #6 added RGB(15, 11, 6)
0...1...2...3...4...5...6...7...8...9...10	Bounce #7 added RGB(3, 3, 1)
0...1...2...3...4...5...6...7...8...9...10	Bounce #8 added RGB(1, 1, 0)
Build Patch/Sample Hash Table(s).....Done<0.7439 sec>
0...1...2...3...4...5...6...7...8...9...10FinalLightFace Done
0 of 0 (0% of) surface lights went in leaf ambient cubes.
0...1...2...3...4...5...6...7...8...9...10Writing leaf ambient...done
Ready to Finish

Object names       Objects/Maxobjs  Memory / Maxmem  Fullness 
------------       ---------------  ---------------  -------- 
models                 183/1024         8784/49152    (17.9%) 
brushes               2042/8192        24504/98304    (24.9%) 
brushsides           16059/65536      128472/524288   (24.5%) 
planes                8868/65536      177360/1310720  (13.5%) 
vertexes             13572/65536      162864/786432   (20.7%) 
nodes                 4728/65536      151296/2097152  ( 7.2%) 
texinfos              2317/12288      166824/884736   (18.9%) 
texdata                233/2048         7456/65536    (11.4%) 
dispinfos              137/0           24112/0        ( 0.0%) 
disp_verts            4657/0           93140/0        ( 0.0%) 
disp_tris             6496/0           12992/0        ( 0.0%) 
disp_multiblend          0/0               0/0        ( 0.0%) 
disp_lmsamples      410372/0          410372/0        ( 0.0%) 
faces                 7360/65536      412160/3670016  (11.2%) 
hdr faces                0/65536           0/3670016  ( 0.0%) 
origfaces             4967/65536      278152/3670016  ( 7.6%) 
facebrushes            971/0            1942/0        ( 0.0%) 
facebrushlists        7360/0           29440/0        ( 0.0%) 
leaves                4912/65536      157184/2097152  ( 7.5%) 
leaffaces            10567/65536       21134/131072   (16.1%) 
leafbrushes           6894/65536       13788/131072   (10.5%) 
areas                   17/256           136/2048     ( 6.6%) 
surfedges            54592/512000     218368/2048000  (10.7%) 
edges                34084/256000     136336/1024000  (13.3%) 
LDR worldlights        324/8192        32400/819200   ( 4.0%) 
HDR worldlights          0/8192            0/819200   ( 0.0%) 
leafwaterdata            0/32768           0/393216   ( 0.0%) 
waterstrips            786/32768        7860/327680   ( 2.4%) 
waterverts               0/65536           0/786432   ( 0.0%) 
waterindices         13374/65536       26748/131072   (20.4%) 
cubemapsamples          56/1024          896/16384    ( 5.5%) 
overlays               114/512         40128/180224   (22.3%) 
LDR lightdata         [variable]     8646492/0        ( 0.0%) 
HDR lightdata         [variable]           0/0        ( 0.0%) 
visdata               [variable]     1394856/16777216 ( 8.3%) 
entdata               [variable]      321004/393216   (81.6%) VERY FULL!
LDR ambient table     4912/65536       19648/262144   ( 7.5%) 
HDR ambient table     4912/65536       19648/262144   ( 7.5%) 
LDR leaf ambient     23938/65536      670264/1835008  (36.5%) 
HDR leaf ambient      4912/65536      137536/1835008  ( 7.5%) 
occluders                0/0               0/0        ( 0.0%) 
occluder polygons        0/0               0/0        ( 0.0%) 
occluder vert ind        0/0               0/0        ( 0.0%) 
detail props          [variable]           1/12       ( 8.3%) 
static props          [variable]           1/156644   ( 0.0%) 
pakfile               [variable]     4286078/0        ( 0.0%) 
physics               [variable]      840659/4194304  (20.0%) 
physics terrain       [variable]       31875/1048576  ( 3.0%) 

Level flags = 0

Total triangle count: 19547
Writing c:\program files (x86)\steam\steamapps\common\portal 2\sdk_content\maps\wip\chapter 7\mp_coop_a3_portal_intro.bsp
55 seconds elapsed



materialPath: C:\Program Files (x86)\Steam\steamapps\common\Portal 2\portal2\materials
Loading C:\Program Files (x86)\Steam\steamapps\common\Portal 2\sdk_content\maps\WIP\Chapter 7\mp_coop_a3_portal_intro.vmf
ConVarRef gpu_level doesn't point to an existing ConVar
Material not found!: PROPS/CARPETFLOOR001A
Patching WVT material: maps/mp_coop_a3_portal_intro/anim_wp/framework/blend_backpanels02_pipes_wvt_patch
Patching WVT material: maps/mp_coop_a3_portal_intro/nature/blendrockdirt_tunnel03a_wvt_patch
fixing up env_cubemap materials on brush sides...
0...1...2...3...4...5...6...7...8...9...100...1...2...3...4...5...6...7...8...9...10Processing areas...done (0)
Building Faces...done (0)
Chop Details...done (0)
Find Visible Detail Sides...
Merged 264 detail faces...done (0)
Merging details...done (0)
FixTjuncs...
PruneNodes...
WriteBSP...
done (1)
writing C:\Program Files (x86)\Steam\steamapps\common\Portal 2\sdk_content\maps\WIP\Chapter 7\mp_coop_a3_portal_intro.prt...Building visibility clusters...
done (0)
Finding displacement neighbors...
Finding lightmap sample positions...
Displacement Alpha : 0...1...2...3...4...5...6...7...8...9...10
Building Physics collision data...
done (0) (840102 bytes)
Placing detail props : 0...1...2...3...4...5...6...7...8...9...10
Compacting texture/material tables...
Reduced 3368 texinfos to 2316
Reduced 244 texdatas to 233 (11683 bytes to 11219)
Writing C:\Program Files (x86)\Steam\steamapps\common\Portal 2\sdk_content\maps\WIP\Chapter 7\mp_coop_a3_portal_intro.bsp

nummapplanes:     (  8854 / 65536 )
nummapbrushes:    (  2040 /  8192 )
nummapbrushsides: ( 16864 / 65536 )
num_map_overlays: (   114 /   512 )
nummodels:        (   182 /  1024 )
num_entities:     (  1040 / 16384 )

25 seconds elapsed



24 threads
reading c:\program files (x86)\steam\steamapps\common\portal 2\sdk_content\maps\wip\chapter 7\mp_coop_a3_portal_intro.bsp
reading c:\program files (x86)\steam\steamapps\common\portal 2\sdk_content\maps\wip\chapter 7\mp_coop_a3_portal_intro.prt
2276 portalclusters
8491 numportals
0...1...2...3...4...5...6...7...8...9...10Optimized: 232555 visible clusters (0.00%)
Total clusters visible: 3918064
Average clusters visible: 1721
Building PAS...
Average clusters audible: 2233
visdatasize:1239122  compressed from 1310976
writing c:\program files (x86)\steam\steamapps\common\portal 2\sdk_content\maps\wip\chapter 7\mp_coop_a3_portal_intro.bsp
0 seconds elapsed



Could not find lights.rad in lights.rad.
Trying VRAD BIN directory instead...
Warning: Couldn't open texlight file C:\Program Files (x86)\Steam\steamapps\common\Portal 2\bin\lights.rad.
Loading c:\program files (x86)\steam\steamapps\common\portal 2\sdk_content\maps\wip\chapter 7\mp_coop_a3_portal_intro.bsp
7328 faces
3065807 square feet [441476288.00 square inches]
137 Displacements
895735 Square Feet [128985864.00 Square Inches]
7328 patches before subdivision
139618 patches after subdivision
324 direct lights
0...1...2...3...4...5...6...7...8...9...100...1...2...3...4...5...6...7...8...9...10transfers 8895331, max 489
transfer lists:  67.9 megs
0...1...2...3...4...5...6...7...8...9...10	Bounce #1 added RGB(59257, 53778, 39208)
0...1...2...3...4...5...6...7...8...9...10	Bounce #2 added RGB(8094, 6855, 4500)
0...1...2...3...4...5...6...7...8...9...10	Bounce #3 added RGB(1507, 1228, 752)
0...1...2...3...4...5...6...7...8...9...10	Bounce #4 added RGB(293, 231, 134)
0...1...2...3...4...5...6...7...8...9...10	Bounce #5 added RGB(64, 49, 27)
0...1...2...3...4...5...6...7...8...9...10	Bounce #6 added RGB(14, 11, 6)
0...1...2...3...4...5...6...7...8...9...10	Bounce #7 added RGB(3, 3, 1)
0...1...2...3...4...5...6...7...8...9...10	Bounce #8 added RGB(1, 1, 0)
Build Patch/Sample Hash Table(s).....Done<0.7624 sec>
0...1...2...3...4...5...6...7...8...9...10FinalLightFace Done
0 of 0 (0% of) surface lights went in leaf ambient cubes.
0...1...2...3...4...5...6...7...8...9...10Writing leaf ambient...done
Ready to Finish

Object names       Objects/Maxobjs  Memory / Maxmem  Fullness 
------------       ---------------  ---------------  -------- 
models                 182/1024         8736/49152    (17.8%) 
brushes               2040/8192        24480/98304    (24.9%) 
brushsides           16047/65536      128376/524288   (24.5%) 
planes                8854/65536      177080/1310720  (13.5%) 
vertexes             13481/65536      161772/786432   (20.6%) 
nodes                 4575/65536      146400/2097152  ( 7.0%) 
texinfos              2316/12288      166752/884736   (18.8%) 
texdata                233/2048         7456/65536    (11.4%) 
dispinfos              137/0           24112/0        ( 0.0%) 
disp_verts            4657/0           93140/0        ( 0.0%) 
disp_tris             6496/0           12992/0        ( 0.0%) 
disp_multiblend          0/0               0/0        ( 0.0%) 
disp_lmsamples      410372/0          410372/0        ( 0.0%) 
faces                 7328/65536      410368/3670016  (11.2%) 
hdr faces                0/65536           0/3670016  ( 0.0%) 
origfaces             4969/65536      278264/3670016  ( 7.6%) 
facebrushes            957/0            1914/0        ( 0.0%) 
facebrushlists        7328/0           29312/0        ( 0.0%) 
leaves                4758/65536      152256/2097152  ( 7.3%) 
leaffaces            10412/65536       20824/131072   (15.9%) 
leafbrushes           6739/65536       13478/131072   (10.3%) 
areas                   16/256           128/2048     ( 6.3%) 
surfedges            54458/512000     217832/2048000  (10.6%) 
edges                33987/256000     135948/1024000  (13.3%) 
LDR worldlights        324/8192        32400/819200   ( 4.0%) 
HDR worldlights          0/8192            0/819200   ( 0.0%) 
leafwaterdata            0/32768           0/393216   ( 0.0%) 
waterstrips            786/32768        7860/327680   ( 2.4%) 
waterverts               0/65536           0/786432   ( 0.0%) 
waterindices         13344/65536       26688/131072   (20.4%) 
cubemapsamples          56/1024          896/16384    ( 5.5%) 
overlays               114/512         40128/180224   (22.3%) 
LDR lightdata         [variable]     8631076/0        ( 0.0%) 
HDR lightdata         [variable]           0/0        ( 0.0%) 
visdata               [variable]     1239122/16777216 ( 7.4%) 
entdata               [variable]      320352/393216   (81.5%) VERY FULL!
LDR ambient table     4758/65536       19032/262144   ( 7.3%) 
HDR ambient table     4758/65536       19032/262144   ( 7.3%) 
LDR leaf ambient     22369/65536      626332/1835008  (34.1%) 
HDR leaf ambient      4758/65536      133224/1835008  ( 7.3%) 
occluders                0/0               0/0        ( 0.0%) 
occluder polygons        0/0               0/0        ( 0.0%) 
occluder vert ind        0/0               0/0        ( 0.0%) 
detail props          [variable]           1/12       ( 8.3%) 
static props          [variable]           1/156078   ( 0.0%) 
pakfile               [variable]     4286078/0        ( 0.0%) 
physics               [variable]      840102/4194304  (20.0%) 
physics terrain       [variable]       31875/1048576  ( 3.0%) 

Level flags = 0

Total triangle count: 19469
Writing c:\program files (x86)\steam\steamapps\common\portal 2\sdk_content\maps\wip\chapter 7\mp_coop_a3_portal_intro.bsp
55 seconds elapsed



materialPath: C:\Program Files (x86)\Steam\steamapps\common\Portal 2\portal2\materials
Loading C:\Program Files (x86)\Steam\steamapps\common\Portal 2\sdk_content\maps\WIP\Chapter 7\mp_coop_a3_portal_intro.vmf
ConVarRef gpu_level doesn't point to an existing ConVar
Material not found!: PROPS/CARPETFLOOR001A
Patching WVT material: maps/mp_coop_a3_portal_intro/anim_wp/framework/blend_backpanels02_pipes_wvt_patch
Patching WVT material: maps/mp_coop_a3_portal_intro/nature/blendrockdirt_tunnel03a_wvt_patch
fixing up env_cubemap materials on brush sides...
0...1...2...3...4...5...6...7...8...9...100...1...2...3...4...5...6...7...8...9...10Processing areas...done (0)
Building Faces...done (0)
Chop Details...done (0)
Find Visible Detail Sides...
Merged 264 detail faces...done (0)
Merging details...done (0)
FixTjuncs...
PruneNodes...
WriteBSP...
done (1)
writing C:\Program Files (x86)\Steam\steamapps\common\Portal 2\sdk_content\maps\WIP\Chapter 7\mp_coop_a3_portal_intro.prt...Building visibility clusters...
done (0)
Finding displacement neighbors...
Finding lightmap sample positions...
Displacement Alpha : 0...1...2...3...4...5...6...7...8...9...10
Building Physics collision data...
done (0) (838394 bytes)
Placing detail props : 0...1...2...3...4...5...6...7...8...9...10
Compacting texture/material tables...
Reduced 3365 texinfos to 2315
Reduced 244 texdatas to 233 (11683 bytes to 11219)
Writing C:\Program Files (x86)\Steam\steamapps\common\Portal 2\sdk_content\maps\WIP\Chapter 7\mp_coop_a3_portal_intro.bsp

nummapplanes:     (  8740 / 65536 )
nummapbrushes:    (  2038 /  8192 )
nummapbrushsides: ( 16825 / 65536 )
num_map_overlays: (   114 /   512 )
nummodels:        (   181 /  1024 )
num_entities:     (  1039 / 16384 )

24 seconds elapsed



24 threads
reading c:\program files (x86)\steam\steamapps\common\portal 2\sdk_content\maps\wip\chapter 7\mp_coop_a3_portal_intro.bsp
reading c:\program files (x86)\steam\steamapps\common\portal 2\sdk_content\maps\wip\chapter 7\mp_coop_a3_portal_intro.prt
2184 portalclusters
8207 numportals
0...1...2...3...4...5...6...7...8...9...10Optimized: 181832 visible clusters (0.00%)
Total clusters visible: 3696181
Average clusters visible: 1692
Building PAS...
Average clusters audible: 2142
visdatasize:1147250  compressed from 1223040
writing c:\program files (x86)\steam\steamapps\common\portal 2\sdk_content\maps\wip\chapter 7\mp_coop_a3_portal_intro.bsp
0 seconds elapsed



Could not find lights.rad in lights.rad.
Trying VRAD BIN directory instead...
Warning: Couldn't open texlight file C:\Program Files (x86)\Steam\steamapps\common\Portal 2\bin\lights.rad.
Loading c:\program files (x86)\steam\steamapps\common\portal 2\sdk_content\maps\wip\chapter 7\mp_coop_a3_portal_intro.bsp
7282 faces
2973673 square feet [428208960.00 square inches]
137 Displacements
895735 Square Feet [128985864.00 Square Inches]
7282 patches before subdivision
139642 patches after subdivision
324 direct lights
0...1...2...3...4...5...6...7...8...9...100...1...2...3...4...5...6...7...8...9...10transfers 8835660, max 489
transfer lists:  67.4 megs
0...1...2...3...4...5...6...7...8...9...10	Bounce #1 added RGB(59158, 53696, 39166)
0...1...2...3...4...5...6...7...8...9...10	Bounce #2 added RGB(8093, 6854, 4499)
0...1...2...3...4...5...6...7...8...9...10	Bounce #3 added RGB(1506, 1227, 751)
0...1...2...3...4...5...6...7...8...9...10	Bounce #4 added RGB(293, 231, 134)
0...1...2...3...4...5...6...7...8...9...10	Bounce #5 added RGB(64, 49, 27)
0...1...2...3...4...5...6...7...8...9...10	Bounce #6 added RGB(14, 11, 6)
0...1...2...3...4...5...6...7...8...9...10	Bounce #7 added RGB(3, 3, 1)
0...1...2...3...4...5...6...7...8...9...10	Bounce #8 added RGB(1, 1, 0)
Build Patch/Sample Hash Table(s).....Done<0.7441 sec>
0...1...2...3...4...5...6...7...8...9...10FinalLightFace Done
0 of 0 (0% of) surface lights went in leaf ambient cubes.
0...1...2...3...4...5...6...7...8...9...10Writing leaf ambient...done
Ready to Finish

Object names       Objects/Maxobjs  Memory / Maxmem  Fullness 
------------       ---------------  ---------------  -------- 
models                 181/1024         8688/49152    (17.7%) 
brushes               2038/8192        24456/98304    (24.9%) 
brushsides           16008/65536      128064/524288   (24.4%) 
planes                8740/65536      174800/1310720  (13.3%) 
vertexes             13375/65536      160500/786432   (20.4%) 
nodes                 4458/65536      142656/2097152  ( 6.8%) 
texinfos              2315/12288      166680/884736   (18.8%) 
texdata                233/2048         7456/65536    (11.4%) 
dispinfos              137/0           24112/0        ( 0.0%) 
disp_verts            4657/0           93140/0        ( 0.0%) 
disp_tris             6496/0           12992/0        ( 0.0%) 
disp_multiblend          0/0               0/0        ( 0.0%) 
disp_lmsamples      410372/0          410372/0        ( 0.0%) 
faces                 7282/65536      407792/3670016  (11.1%) 
hdr faces                0/65536           0/3670016  ( 0.0%) 
origfaces             4964/65536      277984/3670016  ( 7.6%) 
facebrushes            988/0            1976/0        ( 0.0%) 
facebrushlists        7282/0           29128/0        ( 0.0%) 
leaves                4640/65536      148480/2097152  ( 7.1%) 
leaffaces            10273/65536       20546/131072   (15.7%) 
leafbrushes           6013/65536       12026/131072   ( 9.2%) 
areas                   16/256           128/2048     ( 6.3%) 
surfedges            54198/512000     216792/2048000  (10.6%) 
edges                33819/256000     135276/1024000  (13.2%) 
LDR worldlights        324/8192        32400/819200   ( 4.0%) 
HDR worldlights          0/8192            0/819200   ( 0.0%) 
leafwaterdata            0/32768           0/393216   ( 0.0%) 
waterstrips            785/32768        7850/327680   ( 2.4%) 
waterverts               0/65536           0/786432   ( 0.0%) 
waterindices         13350/65536       26700/131072   (20.4%) 
cubemapsamples          56/1024          896/16384    ( 5.5%) 
overlays               114/512         40128/180224   (22.3%) 
LDR lightdata         [variable]     8620516/0        ( 0.0%) 
HDR lightdata         [variable]           0/0        ( 0.0%) 
visdata               [variable]     1147250/16777216 ( 6.8%) 
entdata               [variable]      319909/393216   (81.4%) VERY FULL!
LDR ambient table     4640/65536       18560/262144   ( 7.1%) 
HDR ambient table     4640/65536       18560/262144   ( 7.1%) 
LDR leaf ambient     20750/65536      581000/1835008  (31.7%) 
HDR leaf ambient      4640/65536      129920/1835008  ( 7.1%) 
occluders                0/0               0/0        ( 0.0%) 
occluder polygons        0/0               0/0        ( 0.0%) 
occluder vert ind        0/0               0/0        ( 0.0%) 
detail props          [variable]           1/12       ( 8.3%) 
static props          [variable]           1/155432   ( 0.0%) 
pakfile               [variable]     4286078/0        ( 0.0%) 
physics               [variable]      838394/4194304  (20.0%) 
physics terrain       [variable]       31875/1048576  ( 3.0%) 

Level flags = 0

Total triangle count: 19345
Writing c:\program files (x86)\steam\steamapps\common\portal 2\sdk_content\maps\wip\chapter 7\mp_coop_a3_portal_intro.bsp
53 seconds elapsed



materialPath: C:\Program Files (x86)\Steam\steamapps\common\Portal 2\portal2\materials
Loading C:\Program Files (x86)\Steam\steamapps\common\Portal 2\sdk_content\maps\WIP\Chapter 7\mp_coop_a3_portal_intro.vmf
ConVarRef gpu_level doesn't point to an existing ConVar
Material not found!: PROPS/CARPETFLOOR001A
Patching WVT material: maps/mp_coop_a3_portal_intro/anim_wp/framework/blend_backpanels02_pipes_wvt_patch
Patching WVT material: maps/mp_coop_a3_portal_intro/nature/blendrockdirt_tunnel03a_wvt_patch
fixing up env_cubemap materials on brush sides...
0...1...2...3...4...5...6...7...8...9...100...1...2...3...4...5...6...7...8...9...10Processing areas...done (0)
Building Faces...done (0)
Chop Details...done (0)
Find Visible Detail Sides...
Merged 264 detail faces...done (0)
Merging details...done (0)
FixTjuncs...
PruneNodes...
WriteBSP...
done (1)
writing C:\Program Files (x86)\Steam\steamapps\common\Portal 2\sdk_content\maps\WIP\Chapter 7\mp_coop_a3_portal_intro.prt...Building visibility clusters...
done (0)
Finding displacement neighbors...
Finding lightmap sample positions...
Displacement Alpha : 0...1...2...3...4...5...6...7...8...9...10
Building Physics collision data...
done (0) (838394 bytes)
Placing detail props : 0...1...2...3...4...5...6...7...8...9...10
Compacting texture/material tables...
Reduced 3365 texinfos to 2315
Reduced 244 texdatas to 233 (11683 bytes to 11219)
Writing C:\Program Files (x86)\Steam\steamapps\common\Portal 2\sdk_content\maps\WIP\Chapter 7\mp_coop_a3_portal_intro.bsp

nummapplanes:     (  8740 / 65536 )
nummapbrushes:    (  2038 /  8192 )
nummapbrushsides: ( 16825 / 65536 )
num_map_overlays: (   114 /   512 )
nummodels:        (   181 /  1024 )
num_entities:     (  1040 / 16384 )

24 seconds elapsed



24 threads
reading c:\program files (x86)\steam\steamapps\common\portal 2\sdk_content\maps\wip\chapter 7\mp_coop_a3_portal_intro.bsp
reading c:\program files (x86)\steam\steamapps\common\portal 2\sdk_content\maps\wip\chapter 7\mp_coop_a3_portal_intro.prt
2184 portalclusters
8207 numportals
0...1...2...3...4...5...6...7...8...9...10Optimized: 181832 visible clusters (0.00%)
Total clusters visible: 3696181
Average clusters visible: 1692
Building PAS...
Average clusters audible: 2142
visdatasize:1147250  compressed from 1223040
writing c:\program files (x86)\steam\steamapps\common\portal 2\sdk_content\maps\wip\chapter 7\mp_coop_a3_portal_intro.bsp
0 seconds elapsed



[Reading texlights from 'lights.rad']
[59 texlights parsed from 'lights.rad']

Loading c:\program files (x86)\steam\steamapps\common\portal 2\sdk_content\maps\wip\chapter 7\mp_coop_a3_portal_intro.bsp
7282 faces
2973673 square feet [428208960.00 square inches]
137 Displacements
895735 Square Feet [128985864.00 Square Inches]
7282 patches before subdivision
139708 patches after subdivision
368 direct lights
0...1...2...3...4...5...6...7...8...9...100...1...2...3...4...5...6...7...8...9...10transfers 8842442, max 489
transfer lists:  67.5 megs
0...1...2...3...4...5...6...7...8...9...10	Bounce #1 added RGB(65501, 66294, 53792)
0...1...2...3...4...5...6...7...8...9...10	Bounce #2 added RGB(9332, 9349, 7246)
0...1...2...3...4...5...6...7...8...9...10	Bounce #3 added RGB(1733, 1695, 1248)
0...1...2...3...4...5...6...7...8...9...10	Bounce #4 added RGB(340, 330, 234)
0...1...2...3...4...5...6...7...8...9...10	Bounce #5 added RGB(73, 70, 47)
0...1...2...3...4...5...6...7...8...9...10	Bounce #6 added RGB(16, 15, 10)
0...1...2...3...4...5...6...7...8...9...10	Bounce #7 added RGB(4, 3, 2)
0...1...2...3...4...5...6...7...8...9...10	Bounce #8 added RGB(1, 1, 0)
Build Patch/Sample Hash Table(s).....Done<0.7526 sec>
0...1...2...3...4...5...6...7...8...9...10FinalLightFace Done
0 of 44 (0% of) surface lights went in leaf ambient cubes.
0...1...2...3...4...5...6...7...8...9...10Writing leaf ambient...done
Ready to Finish

Object names       Objects/Maxobjs  Memory / Maxmem  Fullness 
------------       ---------------  ---------------  -------- 
models                 181/1024         8688/49152    (17.7%) 
brushes               2038/8192        24456/98304    (24.9%) 
brushsides           16008/65536      128064/524288   (24.4%) 
planes                8740/65536      174800/1310720  (13.3%) 
vertexes             13375/65536      160500/786432   (20.4%) 
nodes                 4458/65536      142656/2097152  ( 6.8%) 
texinfos              2315/12288      166680/884736   (18.8%) 
texdata                233/2048         7456/65536    (11.4%) 
dispinfos              137/0           24112/0        ( 0.0%) 
disp_verts            4657/0           93140/0        ( 0.0%) 
disp_tris             6496/0           12992/0        ( 0.0%) 
disp_multiblend          0/0               0/0        ( 0.0%) 
disp_lmsamples      410372/0          410372/0        ( 0.0%) 
faces                 7282/65536      407792/3670016  (11.1%) 
hdr faces                0/65536           0/3670016  ( 0.0%) 
origfaces             4964/65536      277984/3670016  ( 7.6%) 
facebrushes            988/0            1976/0        ( 0.0%) 
facebrushlists        7282/0           29128/0        ( 0.0%) 
leaves                4640/65536      148480/2097152  ( 7.1%) 
leaffaces            10273/65536       20546/131072   (15.7%) 
leafbrushes           6013/65536       12026/131072   ( 9.2%) 
areas                   16/256           128/2048     ( 6.3%) 
surfedges            54198/512000     216792/2048000  (10.6%) 
edges                33819/256000     135276/1024000  (13.2%) 
LDR worldlights        368/8192        36800/819200   ( 4.5%) 
HDR worldlights          0/8192            0/819200   ( 0.0%) 
leafwaterdata            0/32768           0/393216   ( 0.0%) 
waterstrips            785/32768        7850/327680   ( 2.4%) 
waterverts               0/65536           0/786432   ( 0.0%) 
waterindices         13350/65536       26700/131072   (20.4%) 
cubemapsamples          56/1024          896/16384    ( 5.5%) 
overlays               114/512         40128/180224   (22.3%) 
LDR lightdata         [variable]     8620516/0        ( 0.0%) 
HDR lightdata         [variable]           0/0        ( 0.0%) 
visdata               [variable]     1147250/16777216 ( 6.8%) 
entdata               [variable]      320082/393216   (81.4%) VERY FULL!
LDR ambient table     4640/65536       18560/262144   ( 7.1%) 
HDR ambient table     4640/65536       18560/262144   ( 7.1%) 
LDR leaf ambient     21120/65536      591360/1835008  (32.2%) 
HDR leaf ambient      4640/65536      129920/1835008  ( 7.1%) 
occluders                0/0               0/0        ( 0.0%) 
occluder polygons        0/0               0/0        ( 0.0%) 
occluder vert ind        0/0               0/0        ( 0.0%) 
detail props          [variable]           1/12       ( 8.3%) 
static props          [variable]           1/155432   ( 0.0%) 
pakfile               [variable]     4286078/0        ( 0.0%) 
physics               [variable]      838394/4194304  (20.0%) 
physics terrain       [variable]       31875/1048576  ( 3.0%) 

Level flags = 0

Total triangle count: 19345
Writing c:\program files (x86)\steam\steamapps\common\portal 2\sdk_content\maps\wip\chapter 7\mp_coop_a3_portal_intro.bsp
55 seconds elapsed



[Reading texlights from 'lights.rad']
[59 texlights parsed from 'lights.rad']

Loading c:\program files (x86)\steam\steamapps\common\portal 2\sdk_content\maps\wip\chapter 7\mp_coop_a3_portal_intro.bsp
Loaded alpha texture materials\Metal\metalgrate018.vtf
Loaded alpha texture materials\metal\underground_metalgrate002a.vtf
Loaded alpha texture materials\metal\underground_metalgrate001b_mip0.vtf
Loaded alpha texture materials\metal\underground_metalgrate003a.vtf
Loaded alpha texture materials\Tools\toolsinvisible.vtf
Loaded alpha texture materials\metal\underground_metalgrate001a_mip0.vtf
Loaded alpha texture materials\Metal\backstage_grate_001a.vtf
Loaded alpha texture materials\metal\underground_metalgrate001a_mip0.vtf
7282 faces
2973673 square feet [428208960.00 square inches]
137 Displacements
895735 Square Feet [128985864.00 Square Inches]
7282 patches before subdivision
139708 patches after subdivision
368 direct lights
0...1...2...3...4...5...6...7...8...9...100...1...2...3...4...5...6...7...8...9...10transfers 10039734, max 490
transfer lists:  76.6 megs
0...1...2...3...4...5...6...7...8...9...10	Bounce #1 added RGB(71445, 72649, 60383)
0...1...2...3...4...5...6...7...8...9...10	Bounce #2 added RGB(10239, 10262, 8098)
0...1...2...3...4...5...6...7...8...9...10	Bounce #3 added RGB(1950, 1906, 1434)
0...1...2...3...4...5...6...7...8...9...10	Bounce #4 added RGB(396, 383, 278)
0...1...2...3...4...5...6...7...8...9...10	Bounce #5 added RGB(89, 84, 59)
0...1...2...3...4...5...6...7...8...9...10	Bounce #6 added RGB(21, 19, 13)
0...1...2...3...4...5...6...7...8...9...10	Bounce #7 added RGB(5, 5, 3)
0...1...2...3...4...5...6...7...8...9...10	Bounce #8 added RGB(1, 1, 1)
0...1...2...3...4...5...6...7...8...9...10	Bounce #9 added RGB(0, 0, 0)
Build Patch/Sample Hash Table(s).....Done<0.7506 sec>
0...1...2...3...4...5...6...7...8...9...10FinalLightFace Done
0 of 44 (0% of) surface lights went in leaf ambient cubes.
0...1...2...3...4...5...6...7...8...9...10Writing leaf ambient...done
Computing static prop lighting : 00...1...2...3...4...5...6...7...8...9...10
Ready to Finish

Object names       Objects/Maxobjs  Memory / Maxmem  Fullness 
------------       ---------------  ---------------  -------- 
models                 181/1024         8688/49152    (17.7%) 
brushes               2038/8192        24456/98304    (24.9%) 
brushsides           16008/65536      128064/524288   (24.4%) 
planes                8740/65536      174800/1310720  (13.3%) 
vertexes             13375/65536      160500/786432   (20.4%) 
nodes                 4458/65536      142656/2097152  ( 6.8%) 
texinfos              2315/12288      166680/884736   (18.8%) 
texdata                233/2048         7456/65536    (11.4%) 
dispinfos              137/0           24112/0        ( 0.0%) 
disp_verts            4657/0           93140/0        ( 0.0%) 
disp_tris             6496/0           12992/0        ( 0.0%) 
disp_multiblend          0/0               0/0        ( 0.0%) 
disp_lmsamples      410372/0          410372/0        ( 0.0%) 
faces                 7282/65536      407792/3670016  (11.1%) 
hdr faces                0/65536           0/3670016  ( 0.0%) 
origfaces             4964/65536      277984/3670016  ( 7.6%) 
facebrushes            988/0            1976/0        ( 0.0%) 
facebrushlists        7282/0           29128/0        ( 0.0%) 
leaves                4640/65536      148480/2097152  ( 7.1%) 
leaffaces            10273/65536       20546/131072   (15.7%) 
leafbrushes           6013/65536       12026/131072   ( 9.2%) 
areas                   16/256           128/2048     ( 6.3%) 
surfedges            54198/512000     216792/2048000  (10.6%) 
edges                33819/256000     135276/1024000  (13.2%) 
LDR worldlights        368/8192        36800/819200   ( 4.5%) 
HDR worldlights          0/8192            0/819200   ( 0.0%) 
leafwaterdata            0/32768           0/393216   ( 0.0%) 
waterstrips            785/32768        7850/327680   ( 2.4%) 
waterverts               0/65536           0/786432   ( 0.0%) 
waterindices         13350/65536       26700/131072   (20.4%) 
cubemapsamples          56/1024          896/16384    ( 5.5%) 
overlays               114/512         40128/180224   (22.3%) 
LDR lightdata         [variable]     8620516/0        ( 0.0%) 
HDR lightdata         [variable]           0/0        ( 0.0%) 
visdata               [variable]     1147250/16777216 ( 6.8%) 
entdata               [variable]      320082/393216   (81.4%) VERY FULL!
LDR ambient table     4640/65536       18560/262144   ( 7.1%) 
HDR ambient table     4640/65536       18560/262144   ( 7.1%) 
LDR leaf ambient     22006/65536      616168/1835008  (33.6%) 
HDR leaf ambient      4640/65536      129920/1835008  ( 7.1%) 
occluders                0/0               0/0        ( 0.0%) 
occluder polygons        0/0               0/0        ( 0.0%) 
occluder vert ind        0/0               0/0        ( 0.0%) 
detail props          [variable]           1/12       ( 8.3%) 
static props          [variable]           1/155432   ( 0.0%) 
pakfile               [variable]    13184126/0        ( 0.0%) 
physics               [variable]      838394/4194304  (20.0%) 
physics terrain       [variable]       31875/1048576  ( 3.0%) 

Level flags = 1

Total triangle count: 19345
Writing c:\program files (x86)\steam\steamapps\common\portal 2\sdk_content\maps\wip\chapter 7\mp_coop_a3_portal_intro.bsp
30 minutes, 38 seconds elapsed



[Reading texlights from 'lights.rad']
[59 texlights parsed from 'lights.rad']

Loading c:\program files (x86)\steam\steamapps\common\portal 2\sdk_content\maps\wip\chapter 7\mp_coop_a3_portal_intro.bsp
Loaded alpha texture materials\Metal\metalgrate018.vtf
Loaded alpha texture materials\metal\underground_metalgrate002a.vtf
Loaded alpha texture materials\metal\underground_metalgrate001b_mip0.vtf
Loaded alpha texture materials\metal\underground_metalgrate003a.vtf
Loaded alpha texture materials\Tools\toolsinvisible.vtf
Loaded alpha texture materials\metal\underground_metalgrate001a_mip0.vtf
Loaded alpha texture materials\Metal\backstage_grate_001a.vtf
Loaded alpha texture materials\metal\underground_metalgrate001a_mip0.vtf
7282 faces
2973673 square feet [428208960.00 square inches]
137 Displacements
895735 Square Feet [128985864.00 Square Inches]
7282 patches before subdivision
139708 patches after subdivision
368 direct lights
0...1...2...3...4...5...6...7...8...9...100...1...2...3...4...5...6...7...8...9...10transfers 10039734, max 490
transfer lists:  76.6 megs
0...1...2...3...4...5...6...7...8...9...10	Bounce #1 added RGB(71446, 72650, 60384)
0...1...2...3...4...5...6...7...8...9...10	Bounce #2 added RGB(10239, 10262, 8098)
0...1...2...3...4...5...6...7...8...9...10	Bounce #3 added RGB(1950, 1906, 1434)
0...1...2...3...4...5...6...7...8...9...10	Bounce #4 added RGB(396, 383, 278)
0...1...2...3...4...5...6...7...8...9...10	Bounce #5 added RGB(89, 84, 59)
0...1...2...3...4...5...6...7...8...9...10	Bounce #6 added RGB(21, 19, 13)
0...1...2...3...4...5...6...7...8...9...10	Bounce #7 added RGB(5, 5, 3)
0...1...2...3...4...5...6...7...8...9...10	Bounce #8 added RGB(1, 1, 1)
0...1...2...3...4...5...6...7...8...9...10	Bounce #9 added RGB(0, 0, 0)
Build Patch/Sample Hash Table(s).....Done<0.7618 sec>
0...1...2...3...4...5...6...7...8...9...10FinalLightFace Done
0 of 44 (0% of) surface lights went in leaf ambient cubes.
0...1...2...3...4...5...6...7...8...9...10Writing leaf ambient...done
Computing static prop lighting : 00...1...2...3...4...5...6...7...8...9...10
Ready to Finish

Object names       Objects/Maxobjs  Memory / Maxmem  Fullness 
------------       ---------------  ---------------  -------- 
models                 181/1024         8688/49152    (17.7%) 
brushes               2038/8192        24456/98304    (24.9%) 
brushsides           16008/65536      128064/524288   (24.4%) 
planes                8740/65536      174800/1310720  (13.3%) 
vertexes             13375/65536      160500/786432   (20.4%) 
nodes                 4458/65536      142656/2097152  ( 6.8%) 
texinfos              2315/12288      166680/884736   (18.8%) 
texdata                233/2048         7456/65536    (11.4%) 
dispinfos              137/0           24112/0        ( 0.0%) 
disp_verts            4657/0           93140/0        ( 0.0%) 
disp_tris             6496/0           12992/0        ( 0.0%) 
disp_multiblend          0/0               0/0        ( 0.0%) 
disp_lmsamples      410372/0          410372/0        ( 0.0%) 
faces                 7282/65536      407792/3670016  (11.1%) 
hdr faces             7282/65536      407792/3670016  (11.1%) 
origfaces             4964/65536      277984/3670016  ( 7.6%) 
facebrushes            988/0            1976/0        ( 0.0%) 
facebrushlists        7282/0           29128/0        ( 0.0%) 
leaves                4640/65536      148480/2097152  ( 7.1%) 
leaffaces            10273/65536       20546/131072   (15.7%) 
leafbrushes           6013/65536       12026/131072   ( 9.2%) 
areas                   16/256           128/2048     ( 6.3%) 
surfedges            54198/512000     216792/2048000  (10.6%) 
edges                33819/256000     135276/1024000  (13.2%) 
LDR worldlights        368/8192        36800/819200   ( 4.5%) 
HDR worldlights        368/8192        36800/819200   ( 4.5%) 
leafwaterdata            0/32768           0/393216   ( 0.0%) 
waterstrips            785/32768        7850/327680   ( 2.4%) 
waterverts               0/65536           0/786432   ( 0.0%) 
waterindices         13350/65536       26700/131072   (20.4%) 
cubemapsamples          56/1024          896/16384    ( 5.5%) 
overlays               114/512         40128/180224   (22.3%) 
LDR lightdata         [variable]     8620516/0        ( 0.0%) 
HDR lightdata         [variable]     8620516/0        ( 0.0%) 
visdata               [variable]     1147250/16777216 ( 6.8%) 
entdata               [variable]      320082/393216   (81.4%) VERY FULL!
LDR ambient table     4640/65536       18560/262144   ( 7.1%) 
HDR ambient table     4640/65536       18560/262144   ( 7.1%) 
LDR leaf ambient     22006/65536      616168/1835008  (33.6%) 
HDR leaf ambient     22005/65536      616140/1835008  (33.6%) 
occluders                0/0               0/0        ( 0.0%) 
occluder polygons        0/0               0/0        ( 0.0%) 
occluder vert ind        0/0               0/0        ( 0.0%) 
detail props          [variable]           1/12       ( 8.3%) 
static props          [variable]           1/155432   ( 0.0%) 
pakfile               [variable]    22094894/0        ( 0.0%) 
physics               [variable]      838394/4194304  (20.0%) 
physics terrain       [variable]       31875/1048576  ( 3.0%) 

Level flags = 3

Total triangle count: 19345
Writing c:\program files (x86)\steam\steamapps\common\portal 2\sdk_content\maps\wip\chapter 7\mp_coop_a3_portal_intro.bsp
1 hour, 7 minutes, 7 seconds elapsed
