


materialPath: C:\Program Files (x86)\Steam\steamapps\common\Portal 2\portal2\materials
Loading C:\Program Files (x86)\Steam\steamapps\common\Portal 2\sdk_content\maps\WIP\Chapter 7\mp_coop_a3_speed_flings.vmf
ConVarRef gpu_level doesn't point to an existing ConVar
Error! Variable "$envmap" is multiply defined in material "metal/underground_wall_metal004a_bottom"!
fixing up env_cubemap materials on brush sides...
0...1...2...3...4...5...6...7...8...9...100...1...2...3...4...5...6...7...8...9...10Processing areas...done (0)
Building Faces...done (0)
Chop Details...done (0)
Find Visible Detail Sides...
Merged 252 detail faces...done (0)
Merging details...done (0)
FixTjuncs...
PruneNodes...
WriteBSP...
done (0)
writing C:\Program Files (x86)\Steam\steamapps\common\Portal 2\sdk_content\maps\WIP\Chapter 7\mp_coop_a3_speed_flings.prt...Building visibility clusters...
done (0)
Finding displacement neighbors...
Finding lightmap sample positions...
Displacement Alpha : 0...1...2...3...4...5...6...7...8...9...10
Building Physics collision data...
done (0) (274350 bytes)
Encountered obsolete static prop option to do its fade in screen space @ 1923.19 383.88 -1096.26
Encountered obsolete static prop option to do its fade in screen space @ 1923.19 383.88 -584.26
Encountered obsolete static prop option to do its fade in screen space @ 1923.19 383.88 -840.26
Encountered obsolete static prop option to do its fade in screen space @ 1923.19 383.88 -1352.26
Encountered obsolete static prop option to do its fade in screen space @ 1923.19 383.88 -1608.26
Encountered obsolete static prop option to do its fade in screen space @ 1923.19 383.88 -1864.26
Encountered obsolete static prop option to do its fade in screen space @ 3452.81 1151.88 -840.26
Encountered obsolete static prop option to do its fade in screen space @ 3452.81 1151.88 -584.26
Encountered obsolete static prop option to do its fade in screen space @ 3452.81 1151.88 -1096.26
Encountered obsolete static prop option to do its fade in screen space @ 3452.81 1151.88 -328.26
Encountered obsolete static prop option to do its fade in screen space @ 2559.19 -448.12 -1096.26
Encountered obsolete static prop option to do its fade in screen space @ 2559.19 -448.12 -584.26
Encountered obsolete static prop option to do its fade in screen space @ 2559.19 -448.12 -840.26
Encountered obsolete static prop option to do its fade in screen space @ 2559.19 -448.12 -1352.26
Encountered obsolete static prop option to do its fade in screen space @ 2559.19 -448.12 -1608.26
Encountered obsolete static prop option to do its fade in screen space @ 1851.19 -320.12 -1096.26
Encountered obsolete static prop option to do its fade in screen space @ 1851.19 -320.12 -584.26
Encountered obsolete static prop option to do its fade in screen space @ 1851.19 -320.12 -840.26
Encountered obsolete static prop option to do its fade in screen space @ 1851.19 -320.12 -1352.26
Encountered obsolete static prop option to do its fade in screen space @ 1851.19 -320.12 -1608.26
Encountered obsolete static prop option to do its fade in screen space @ 1851.19 -320.12 -1864.26
Encountered obsolete static prop option to do its fade in screen space @ 2179.19 -704.12 -1096.26
Encountered obsolete static prop option to do its fade in screen space @ 2179.19 -704.12 -584.26
Encountered obsolete static prop option to do its fade in screen space @ 2179.19 -704.12 -840.26
Encountered obsolete static prop option to do its fade in screen space @ 2179.19 -704.12 -1352.26
Encountered obsolete static prop option to do its fade in screen space @ 2179.19 -704.12 -1608.26
Encountered obsolete static prop option to do its fade in screen space @ 2179.19 -704.12 -1864.26
Encountered obsolete static prop option to do its fade in screen space @ 2815.19 -448.12 -1096.26
Encountered obsolete static prop option to do its fade in screen space @ 2815.19 -448.12 -584.26
Encountered obsolete static prop option to do its fade in screen space @ 2815.19 -448.12 -840.26
Encountered obsolete static prop option to do its fade in screen space @ 2815.19 -448.12 -1352.26
Encountered obsolete static prop option to do its fade in screen space @ 2815.19 -448.12 -1608.26
Encountered obsolete static prop option to do its fade in screen space @ 1152.00 282.00 2048.00
Encountered obsolete static prop option to do its fade in screen space @ 1536.00 -672.00 -64.00
Encountered obsolete static prop option to do its fade in screen space @ 1824.00 -672.00 -192.00
Encountered obsolete static prop option to do its fade in screen space @ 3715.19 383.88 -1096.26
Encountered obsolete static prop option to do its fade in screen space @ 3715.19 383.88 -584.26
Encountered obsolete static prop option to do its fade in screen space @ 3715.19 383.88 -840.26
Encountered obsolete static prop option to do its fade in screen space @ 2947.19 383.88 -1096.26
Encountered obsolete static prop option to do its fade in screen space @ 2947.19 383.88 -584.26
Encountered obsolete static prop option to do its fade in screen space @ 2947.19 383.88 -840.26
Encountered obsolete static prop option to do its fade in screen space @ 2947.19 383.88 -1352.26
Encountered obsolete static prop option to do its fade in screen space @ 2947.19 383.88 -1608.26
Encountered obsolete static prop option to do its fade in screen space @ 2947.19 383.88 -1864.26
Encountered obsolete static prop option to do its fade in screen space @ 1152.00 282.00 1792.00
Encountered obsolete static prop option to do its fade in screen space @ 2176.35 1792.57 -128.26
Encountered obsolete static prop option to do its fade in screen space @ 2080.00 384.00 192.00
Encountered obsolete static prop option to do its fade in screen space @ 2080.00 384.00 192.00
Encountered obsolete static prop option to do its fade in screen space @ 2080.00 384.00 192.00
Encountered obsolete static prop option to do its fade in screen space @ 2080.00 384.00 192.00
Encountered obsolete static prop option to do its fade in screen space @ 2080.00 384.00 192.00
Encountered obsolete static prop option to do its fade in screen space @ 2435.19 383.88 -1096.26
Encountered obsolete static prop option to do its fade in screen space @ 2435.19 383.88 -584.26
Encountered obsolete static prop option to do its fade in screen space @ 2435.19 383.88 -840.26
Encountered obsolete static prop option to do its fade in screen space @ 2435.19 383.88 -1352.26
Encountered obsolete static prop option to do its fade in screen space @ 2435.19 383.88 -1608.26
Encountered obsolete static prop option to do its fade in screen space @ 2435.19 383.88 -1864.26
Encountered obsolete static prop option to do its fade in screen space @ 2179.19 1791.88 -1472.26
Encountered obsolete static prop option to do its fade in screen space @ 2179.19 1791.88 -1216.26
Encountered obsolete static prop option to do its fade in screen space @ 1152.00 282.00 1536.00
Encountered obsolete static prop option to do its fade in screen space @ 2179.19 1775.88 -768.26
Encountered obsolete static prop option to do its fade in screen space @ 2179.19 1775.88 -1024.26
Encountered obsolete static prop option to do its fade in screen space @ 2240.35 1736.57 -384.26
Encountered obsolete static prop option to do its fade in screen space @ 880.00 1152.00 -1032.00
Encountered obsolete static prop option to do its fade in screen space @ 2176.35 1728.57 -128.26
Encountered obsolete static prop option to do its fade in screen space @ 1152.00 282.00 1024.00
Encountered obsolete static prop option to do its fade in screen space @ 1152.00 282.00 1280.00
Encountered obsolete static prop option to do its fade in screen space @ 2112.35 1736.57 -384.26
Encountered obsolete static prop option to do its fade in screen space @ 880.00 1152.00 -1288.00
Encountered obsolete static prop option to do its fade in screen space @ 1536.00 -768.00 -64.00
Encountered obsolete static prop option to do its fade in screen space @ 1152.50 271.51 771.76
Encountered obsolete static prop option to do its fade in screen space @ 1536.00 -816.00 -64.00
Encountered obsolete static prop option to do its fade in screen space @ 1047.65 -390.42 1102.19
Encountered obsolete static prop option to do its fade in screen space @ 993.31 -410.89 852.86
Encountered obsolete static prop option to do its fade in screen space @ 938.96 -431.37 603.53
Encountered obsolete static prop option to do its fade in screen space @ 884.61 -451.84 354.21
Encountered obsolete static prop option to do its fade in screen space @ 830.27 -472.32 104.88
Encountered obsolete static prop option to do its fade in screen space @ 721.57 -513.27 -393.77
Encountered obsolete static prop option to do its fade in screen space @ 775.92 -492.79 -144.44
Encountered obsolete static prop option to do its fade in screen space @ 667.23 -533.74 -643.09
Encountered obsolete static prop option to do its fade in screen space @ 612.88 -554.22 -892.42
Placing detail props : 0...1...2...3...4...5...6...7...8...9...10
Compacting texture/material tables...
Reduced 936 texinfos to 737
Reduced 71 texdatas to 64 (3069 bytes to 2764)
Writing C:\Program Files (x86)\Steam\steamapps\common\Portal 2\sdk_content\maps\WIP\Chapter 7\mp_coop_a3_speed_flings.bsp

nummapplanes:     (  3800 / 65536 )
nummapbrushes:    (   656 /  8192 )
nummapbrushsides: (  5151 / 65536 )
num_map_overlays: (    19 /   512 )
nummodels:        (    50 /  1024 )
num_entities:     (   324 / 16384 )

2 seconds elapsed



24 threads
reading c:\program files (x86)\steam\steamapps\common\portal 2\sdk_content\maps\wip\chapter 7\mp_coop_a3_speed_flings.bsp
reading c:\program files (x86)\steam\steamapps\common\portal 2\sdk_content\maps\wip\chapter 7\mp_coop_a3_speed_flings.prt
 544 portalclusters
2311 numportals
0...1...2...3...4...5...6...7...8...9...10Optimized: 0 visible clusters (0.00%)
Total clusters visible: 285172
Average clusters visible: 524
Building PAS...
Average clusters audible: 524
visdatasize:77056  compressed from 78336
writing c:\program files (x86)\steam\steamapps\common\portal 2\sdk_content\maps\wip\chapter 7\mp_coop_a3_speed_flings.bsp
0 seconds elapsed



Could not find lights.rad in lights.rad.
Trying VRAD BIN directory instead...
Warning: Couldn't open texlight file C:\Program Files (x86)\Steam\steamapps\common\Portal 2\bin\lights.rad.
Loading c:\program files (x86)\steam\steamapps\common\portal 2\sdk_content\maps\wip\chapter 7\mp_coop_a3_speed_flings.bsp
1670 faces
1097305 square feet [158012016.00 square inches]
0 Displacements
0 Square Feet [0.00 Square Inches]
1670 patches before subdivision
35684 patches after subdivision
43 direct lights
0...1...2...3...4...5...6...7...8...9...100...1...2...3...4...5...6...7...8...9...10transfers 2109419, max 546
transfer lists:  16.1 megs
0...1...2...3...4...5...6...7...8...9...10	Bounce #1 added RGB(17081, 13716, 8447)
0...1...2...3...4...5...6...7...8...9...10	Bounce #2 added RGB(2003, 1435, 780)
0...1...2...3...4...5...6...7...8...9...10	Bounce #3 added RGB(205, 131, 64)
0...1...2...3...4...5...6...7...8...9...10	Bounce #4 added RGB(30, 17, 8)
0...1...2...3...4...5...6...7...8...9...10	Bounce #5 added RGB(4, 2, 1)
0...1...2...3...4...5...6...7...8...9...10	Bounce #6 added RGB(1, 0, 0)
Build Patch/Sample Hash Table(s).....Done<0.0078 sec>
0...1...2...3...4...5...6...7...8...9...10FinalLightFace Done
0 of 0 (0% of) surface lights went in leaf ambient cubes.
0...1...2...3...4...5...6...7...8...9...10Writing leaf ambient...done
Ready to Finish

Object names       Objects/Maxobjs  Memory / Maxmem  Fullness 
------------       ---------------  ---------------  -------- 
models                  50/1024         2400/49152    ( 4.9%) 
brushes                656/8192         7872/98304    ( 8.0%) 
brushsides            5153/65536       41224/524288   ( 7.9%) 
planes                3800/65536       76000/1310720  ( 5.8%) 
vertexes              4312/65536       51744/786432   ( 6.6%) 
nodes                 1108/65536       35456/2097152  ( 1.7%) 
texinfos               737/12288       53064/884736   ( 6.0%) 
texdata                 64/2048         2048/65536    ( 3.1%) 
dispinfos                0/0               0/0        ( 0.0%) 
disp_verts               0/0               0/0        ( 0.0%) 
disp_tris                0/0               0/0        ( 0.0%) 
disp_multiblend          0/0               0/0        ( 0.0%) 
disp_lmsamples           0/0               0/0        ( 0.0%) 
faces                 1670/65536       93520/3670016  ( 2.5%) 
hdr faces                0/65536           0/3670016  ( 0.0%) 
origfaces             1132/65536       63392/3670016  ( 1.7%) 
facebrushes            159/0             318/0        ( 0.0%) 
facebrushlists        1670/0            6680/0        ( 0.0%) 
leaves                1159/65536       37088/2097152  ( 1.8%) 
leaffaces             2406/65536        4812/131072   ( 3.7%) 
leafbrushes           1150/65536        2300/131072   ( 1.8%) 
areas                   11/256            88/2048     ( 4.3%) 
surfedges            12646/512000      50584/2048000  ( 2.5%) 
edges                 7638/256000      30552/1024000  ( 3.0%) 
LDR worldlights         43/8192         4300/819200   ( 0.5%) 
HDR worldlights          0/8192            0/819200   ( 0.0%) 
leafwaterdata            1/32768          12/393216   ( 0.0%) 
waterstrips            350/32768        3500/327680   ( 1.1%) 
waterverts               0/65536           0/786432   ( 0.0%) 
waterindices          6912/65536       13824/131072   (10.5%) 
cubemapsamples           8/1024          128/16384    ( 0.8%) 
overlays                19/512          6688/180224   ( 3.7%) 
LDR lightdata         [variable]     2984836/0        ( 0.0%) 
HDR lightdata         [variable]           0/0        ( 0.0%) 
visdata               [variable]       77056/16777216 ( 0.5%) 
entdata               [variable]      103280/393216   (26.3%) 
LDR ambient table     1159/65536        4636/262144   ( 1.8%) 
HDR ambient table     1159/65536        4636/262144   ( 1.8%) 
LDR leaf ambient      5884/65536      164752/1835008  ( 9.0%) 
HDR leaf ambient      1159/65536       32452/1835008  ( 1.8%) 
occluders                0/0               0/0        ( 0.0%) 
occluder polygons        0/0               0/0        ( 0.0%) 
occluder vert ind        0/0               0/0        ( 0.0%) 
detail props          [variable]           1/12       ( 8.3%) 
static props          [variable]           1/47928    ( 0.0%) 
pakfile               [variable]      678070/0        ( 0.0%) 
physics               [variable]      274350/4194304  ( 6.5%) 
physics terrain       [variable]           2/1048576  ( 0.0%) 

Level flags = 0

Total triangle count: 4554
Writing c:\program files (x86)\steam\steamapps\common\portal 2\sdk_content\maps\wip\chapter 7\mp_coop_a3_speed_flings.bsp
5 seconds elapsed



materialPath: C:\Program Files (x86)\Steam\steamapps\common\Portal 2\portal2\materials
Loading C:\Program Files (x86)\Steam\steamapps\common\Portal 2\sdk_content\maps\WIP\Chapter 7\mp_coop_a3_speed_flings.vmf
ConVarRef gpu_level doesn't point to an existing ConVar
Error! Variable "$envmap" is multiply defined in material "metal/underground_wall_metal004a_bottom"!
fixing up env_cubemap materials on brush sides...
0...1...2...3...4...5...6...7...8...9...100...1...2...3...4...5...6...7...8...9...10Processing areas...done (0)
Building Faces...done (0)
Chop Details...done (0)
Find Visible Detail Sides...
Merged 252 detail faces...done (0)
Merging details...done (0)
FixTjuncs...
PruneNodes...
WriteBSP...
done (0)
writing C:\Program Files (x86)\Steam\steamapps\common\Portal 2\sdk_content\maps\WIP\Chapter 7\mp_coop_a3_speed_flings.prt...Building visibility clusters...
done (0)
Finding displacement neighbors...
Finding lightmap sample positions...
Displacement Alpha : 0...1...2...3...4...5...6...7...8...9...10
Building Physics collision data...
done (0) (274350 bytes)
Encountered obsolete static prop option to do its fade in screen space @ 1923.19 383.88 -1096.26
Encountered obsolete static prop option to do its fade in screen space @ 1923.19 383.88 -584.26
Encountered obsolete static prop option to do its fade in screen space @ 1923.19 383.88 -840.26
Encountered obsolete static prop option to do its fade in screen space @ 1923.19 383.88 -1352.26
Encountered obsolete static prop option to do its fade in screen space @ 1923.19 383.88 -1608.26
Encountered obsolete static prop option to do its fade in screen space @ 1923.19 383.88 -1864.26
Encountered obsolete static prop option to do its fade in screen space @ 3452.81 1151.88 -840.26
Encountered obsolete static prop option to do its fade in screen space @ 3452.81 1151.88 -584.26
Encountered obsolete static prop option to do its fade in screen space @ 3452.81 1151.88 -1096.26
Encountered obsolete static prop option to do its fade in screen space @ 3452.81 1151.88 -328.26
Encountered obsolete static prop option to do its fade in screen space @ 2559.19 -448.12 -1096.26
Encountered obsolete static prop option to do its fade in screen space @ 2559.19 -448.12 -584.26
Encountered obsolete static prop option to do its fade in screen space @ 2559.19 -448.12 -840.26
Encountered obsolete static prop option to do its fade in screen space @ 2559.19 -448.12 -1352.26
Encountered obsolete static prop option to do its fade in screen space @ 2559.19 -448.12 -1608.26
Encountered obsolete static prop option to do its fade in screen space @ 1851.19 -320.12 -1096.26
Encountered obsolete static prop option to do its fade in screen space @ 1851.19 -320.12 -584.26
Encountered obsolete static prop option to do its fade in screen space @ 1851.19 -320.12 -840.26
Encountered obsolete static prop option to do its fade in screen space @ 1851.19 -320.12 -1352.26
Encountered obsolete static prop option to do its fade in screen space @ 1851.19 -320.12 -1608.26
Encountered obsolete static prop option to do its fade in screen space @ 1851.19 -320.12 -1864.26
Encountered obsolete static prop option to do its fade in screen space @ 2179.19 -704.12 -1096.26
Encountered obsolete static prop option to do its fade in screen space @ 2179.19 -704.12 -584.26
Encountered obsolete static prop option to do its fade in screen space @ 2179.19 -704.12 -840.26
Encountered obsolete static prop option to do its fade in screen space @ 2179.19 -704.12 -1352.26
Encountered obsolete static prop option to do its fade in screen space @ 2179.19 -704.12 -1608.26
Encountered obsolete static prop option to do its fade in screen space @ 2179.19 -704.12 -1864.26
Encountered obsolete static prop option to do its fade in screen space @ 2815.19 -448.12 -1096.26
Encountered obsolete static prop option to do its fade in screen space @ 2815.19 -448.12 -584.26
Encountered obsolete static prop option to do its fade in screen space @ 2815.19 -448.12 -840.26
Encountered obsolete static prop option to do its fade in screen space @ 2815.19 -448.12 -1352.26
Encountered obsolete static prop option to do its fade in screen space @ 2815.19 -448.12 -1608.26
Encountered obsolete static prop option to do its fade in screen space @ 1152.00 282.00 2048.00
Encountered obsolete static prop option to do its fade in screen space @ 1536.00 -672.00 -64.00
Encountered obsolete static prop option to do its fade in screen space @ 1824.00 -672.00 -192.00
Encountered obsolete static prop option to do its fade in screen space @ 3715.19 383.88 -1096.26
Encountered obsolete static prop option to do its fade in screen space @ 3715.19 383.88 -584.26
Encountered obsolete static prop option to do its fade in screen space @ 3715.19 383.88 -840.26
Encountered obsolete static prop option to do its fade in screen space @ 2947.19 383.88 -1096.26
Encountered obsolete static prop option to do its fade in screen space @ 2947.19 383.88 -584.26
Encountered obsolete static prop option to do its fade in screen space @ 2947.19 383.88 -840.26
Encountered obsolete static prop option to do its fade in screen space @ 2947.19 383.88 -1352.26
Encountered obsolete static prop option to do its fade in screen space @ 2947.19 383.88 -1608.26
Encountered obsolete static prop option to do its fade in screen space @ 2947.19 383.88 -1864.26
Encountered obsolete static prop option to do its fade in screen space @ 1152.00 282.00 1792.00
Encountered obsolete static prop option to do its fade in screen space @ 2176.35 1792.57 -128.26
Encountered obsolete static prop option to do its fade in screen space @ 2080.00 384.00 192.00
Encountered obsolete static prop option to do its fade in screen space @ 2080.00 384.00 192.00
Encountered obsolete static prop option to do its fade in screen space @ 2080.00 384.00 192.00
Encountered obsolete static prop option to do its fade in screen space @ 2080.00 384.00 192.00
Encountered obsolete static prop option to do its fade in screen space @ 2080.00 384.00 192.00
Encountered obsolete static prop option to do its fade in screen space @ 2435.19 383.88 -1096.26
Encountered obsolete static prop option to do its fade in screen space @ 2435.19 383.88 -584.26
Encountered obsolete static prop option to do its fade in screen space @ 2435.19 383.88 -840.26
Encountered obsolete static prop option to do its fade in screen space @ 2435.19 383.88 -1352.26
Encountered obsolete static prop option to do its fade in screen space @ 2435.19 383.88 -1608.26
Encountered obsolete static prop option to do its fade in screen space @ 2435.19 383.88 -1864.26
Encountered obsolete static prop option to do its fade in screen space @ 2179.19 1791.88 -1472.26
Encountered obsolete static prop option to do its fade in screen space @ 2179.19 1791.88 -1216.26
Encountered obsolete static prop option to do its fade in screen space @ 1152.00 282.00 1536.00
Encountered obsolete static prop option to do its fade in screen space @ 2179.19 1775.88 -768.26
Encountered obsolete static prop option to do its fade in screen space @ 2179.19 1775.88 -1024.26
Encountered obsolete static prop option to do its fade in screen space @ 2240.35 1736.57 -384.26
Encountered obsolete static prop option to do its fade in screen space @ 880.00 1152.00 -1032.00
Encountered obsolete static prop option to do its fade in screen space @ 2176.35 1728.57 -128.26
Encountered obsolete static prop option to do its fade in screen space @ 1152.00 282.00 1024.00
Encountered obsolete static prop option to do its fade in screen space @ 1152.00 282.00 1280.00
Encountered obsolete static prop option to do its fade in screen space @ 2112.35 1736.57 -384.26
Encountered obsolete static prop option to do its fade in screen space @ 880.00 1152.00 -1288.00
Encountered obsolete static prop option to do its fade in screen space @ 1536.00 -768.00 -64.00
Encountered obsolete static prop option to do its fade in screen space @ 1152.50 271.51 771.76
Encountered obsolete static prop option to do its fade in screen space @ 1536.00 -816.00 -64.00
Encountered obsolete static prop option to do its fade in screen space @ 1047.65 -390.42 1102.19
Encountered obsolete static prop option to do its fade in screen space @ 993.31 -410.89 852.86
Encountered obsolete static prop option to do its fade in screen space @ 938.96 -431.37 603.53
Encountered obsolete static prop option to do its fade in screen space @ 884.61 -451.84 354.21
Encountered obsolete static prop option to do its fade in screen space @ 830.27 -472.32 104.88
Encountered obsolete static prop option to do its fade in screen space @ 721.57 -513.27 -393.77
Encountered obsolete static prop option to do its fade in screen space @ 775.92 -492.79 -144.44
Encountered obsolete static prop option to do its fade in screen space @ 667.23 -533.74 -643.09
Encountered obsolete static prop option to do its fade in screen space @ 612.88 -554.22 -892.42
Placing detail props : 0...1...2...3...4...5...6...7...8...9...10
Compacting texture/material tables...
Reduced 936 texinfos to 737
Reduced 71 texdatas to 64 (3069 bytes to 2764)
Writing C:\Program Files (x86)\Steam\steamapps\common\Portal 2\sdk_content\maps\WIP\Chapter 7\mp_coop_a3_speed_flings.bsp

nummapplanes:     (  3800 / 65536 )
nummapbrushes:    (   656 /  8192 )
nummapbrushsides: (  5151 / 65536 )
num_map_overlays: (    19 /   512 )
nummodels:        (    50 /  1024 )
num_entities:     (   325 / 16384 )

2 seconds elapsed



24 threads
reading c:\program files (x86)\steam\steamapps\common\portal 2\sdk_content\maps\wip\chapter 7\mp_coop_a3_speed_flings.bsp
reading c:\program files (x86)\steam\steamapps\common\portal 2\sdk_content\maps\wip\chapter 7\mp_coop_a3_speed_flings.prt
 544 portalclusters
2311 numportals
0...1...2...3...4...5...6...7...8...9...10Optimized: 0 visible clusters (0.00%)
Total clusters visible: 285172
Average clusters visible: 524
Building PAS...
Average clusters audible: 524
visdatasize:77056  compressed from 78336
writing c:\program files (x86)\steam\steamapps\common\portal 2\sdk_content\maps\wip\chapter 7\mp_coop_a3_speed_flings.bsp
0 seconds elapsed



[Reading texlights from 'lights.rad']
[59 texlights parsed from 'lights.rad']

Loading c:\program files (x86)\steam\steamapps\common\portal 2\sdk_content\maps\wip\chapter 7\mp_coop_a3_speed_flings.bsp
1670 faces
1097305 square feet [158012016.00 square inches]
0 Displacements
0 Square Feet [0.00 Square Inches]
1670 patches before subdivision
35684 patches after subdivision
43 direct lights
0...1...2...3...4...5...6...7...8...9...100...1...2...3...4...5...6...7...8...9...10transfers 2109419, max 546
transfer lists:  16.1 megs
0...1...2...3...4...5...6...7...8...9...10	Bounce #1 added RGB(17081, 13716, 8447)
0...1...2...3...4...5...6...7...8...9...10	Bounce #2 added RGB(2003, 1435, 780)
0...1...2...3...4...5...6...7...8...9...10	Bounce #3 added RGB(205, 131, 64)
0...1...2...3...4...5...6...7...8...9...10	Bounce #4 added RGB(30, 17, 8)
0...1...2...3...4...5...6...7...8...9...10	Bounce #5 added RGB(4, 2, 1)
0...1...2...3...4...5...6...7...8...9...10	Bounce #6 added RGB(1, 0, 0)
Build Patch/Sample Hash Table(s).....Done<0.0077 sec>
0...1...2...3...4...5...6...7...8...9...10FinalLightFace Done
0 of 0 (0% of) surface lights went in leaf ambient cubes.
0...1...2...3...4...5...6...7...8...9...10Writing leaf ambient...done
Ready to Finish

Object names       Objects/Maxobjs  Memory / Maxmem  Fullness 
------------       ---------------  ---------------  -------- 
models                  50/1024         2400/49152    ( 4.9%) 
brushes                656/8192         7872/98304    ( 8.0%) 
brushsides            5153/65536       41224/524288   ( 7.9%) 
planes                3800/65536       76000/1310720  ( 5.8%) 
vertexes              4312/65536       51744/786432   ( 6.6%) 
nodes                 1108/65536       35456/2097152  ( 1.7%) 
texinfos               737/12288       53064/884736   ( 6.0%) 
texdata                 64/2048         2048/65536    ( 3.1%) 
dispinfos                0/0               0/0        ( 0.0%) 
disp_verts               0/0               0/0        ( 0.0%) 
disp_tris                0/0               0/0        ( 0.0%) 
disp_multiblend          0/0               0/0        ( 0.0%) 
disp_lmsamples           0/0               0/0        ( 0.0%) 
faces                 1670/65536       93520/3670016  ( 2.5%) 
hdr faces                0/65536           0/3670016  ( 0.0%) 
origfaces             1132/65536       63392/3670016  ( 1.7%) 
facebrushes            159/0             318/0        ( 0.0%) 
facebrushlists        1670/0            6680/0        ( 0.0%) 
leaves                1159/65536       37088/2097152  ( 1.8%) 
leaffaces             2406/65536        4812/131072   ( 3.7%) 
leafbrushes           1150/65536        2300/131072   ( 1.8%) 
areas                   11/256            88/2048     ( 4.3%) 
surfedges            12646/512000      50584/2048000  ( 2.5%) 
edges                 7638/256000      30552/1024000  ( 3.0%) 
LDR worldlights         43/8192         4300/819200   ( 0.5%) 
HDR worldlights          0/8192            0/819200   ( 0.0%) 
leafwaterdata            1/32768          12/393216   ( 0.0%) 
waterstrips            350/32768        3500/327680   ( 1.1%) 
waterverts               0/65536           0/786432   ( 0.0%) 
waterindices          6912/65536       13824/131072   (10.5%) 
cubemapsamples           8/1024          128/16384    ( 0.8%) 
overlays                19/512          6688/180224   ( 3.7%) 
LDR lightdata         [variable]     2984836/0        ( 0.0%) 
HDR lightdata         [variable]           0/0        ( 0.0%) 
visdata               [variable]       77056/16777216 ( 0.5%) 
entdata               [variable]      103525/393216   (26.3%) 
LDR ambient table     1159/65536        4636/262144   ( 1.8%) 
HDR ambient table     1159/65536        4636/262144   ( 1.8%) 
LDR leaf ambient      5884/65536      164752/1835008  ( 9.0%) 
HDR leaf ambient      1159/65536       32452/1835008  ( 1.8%) 
occluders                0/0               0/0        ( 0.0%) 
occluder polygons        0/0               0/0        ( 0.0%) 
occluder vert ind        0/0               0/0        ( 0.0%) 
detail props          [variable]           1/12       ( 8.3%) 
static props          [variable]           1/47928    ( 0.0%) 
pakfile               [variable]      678070/0        ( 0.0%) 
physics               [variable]      274350/4194304  ( 6.5%) 
physics terrain       [variable]           2/1048576  ( 0.0%) 

Level flags = 0

Total triangle count: 4554
Writing c:\program files (x86)\steam\steamapps\common\portal 2\sdk_content\maps\wip\chapter 7\mp_coop_a3_speed_flings.bsp
5 seconds elapsed



materialPath: C:\Program Files (x86)\Steam\steamapps\common\Portal 2\portal2\materials
Loading C:\Program Files (x86)\Steam\steamapps\common\Portal 2\sdk_content\maps\WIP\Chapter 7\mp_coop_a3_speed_flings.vmf
ConVarRef gpu_level doesn't point to an existing ConVar
Error! Variable "$envmap" is multiply defined in material "metal/underground_wall_metal004a_bottom"!
fixing up env_cubemap materials on brush sides...
0...1...2...3...4...5...6...7...8...9...100...1...2...3...4...5...6...7...8...9...10Processing areas...done (0)
Building Faces...done (0)
Chop Details...done (0)
Find Visible Detail Sides...
Merged 252 detail faces...done (0)
Merging details...done (0)
FixTjuncs...
PruneNodes...
WriteBSP...
done (0)
writing C:\Program Files (x86)\Steam\steamapps\common\Portal 2\sdk_content\maps\WIP\Chapter 7\mp_coop_a3_speed_flings.prt...Building visibility clusters...
done (0)
Finding displacement neighbors...
Finding lightmap sample positions...
Displacement Alpha : 0...1...2...3...4...5...6...7...8...9...10
Building Physics collision data...
done (0) (274350 bytes)
Encountered obsolete static prop option to do its fade in screen space @ 1923.19 383.88 -1096.26
Encountered obsolete static prop option to do its fade in screen space @ 1923.19 383.88 -584.26
Encountered obsolete static prop option to do its fade in screen space @ 1923.19 383.88 -840.26
Encountered obsolete static prop option to do its fade in screen space @ 1923.19 383.88 -1352.26
Encountered obsolete static prop option to do its fade in screen space @ 1923.19 383.88 -1608.26
Encountered obsolete static prop option to do its fade in screen space @ 1923.19 383.88 -1864.26
Encountered obsolete static prop option to do its fade in screen space @ 3452.81 1151.88 -840.26
Encountered obsolete static prop option to do its fade in screen space @ 3452.81 1151.88 -584.26
Encountered obsolete static prop option to do its fade in screen space @ 3452.81 1151.88 -1096.26
Encountered obsolete static prop option to do its fade in screen space @ 3452.81 1151.88 -328.26
Encountered obsolete static prop option to do its fade in screen space @ 2559.19 -448.12 -1096.26
Encountered obsolete static prop option to do its fade in screen space @ 2559.19 -448.12 -584.26
Encountered obsolete static prop option to do its fade in screen space @ 2559.19 -448.12 -840.26
Encountered obsolete static prop option to do its fade in screen space @ 2559.19 -448.12 -1352.26
Encountered obsolete static prop option to do its fade in screen space @ 2559.19 -448.12 -1608.26
Encountered obsolete static prop option to do its fade in screen space @ 1851.19 -320.12 -1096.26
Encountered obsolete static prop option to do its fade in screen space @ 1851.19 -320.12 -584.26
Encountered obsolete static prop option to do its fade in screen space @ 1851.19 -320.12 -840.26
Encountered obsolete static prop option to do its fade in screen space @ 1851.19 -320.12 -1352.26
Encountered obsolete static prop option to do its fade in screen space @ 1851.19 -320.12 -1608.26
Encountered obsolete static prop option to do its fade in screen space @ 1851.19 -320.12 -1864.26
Encountered obsolete static prop option to do its fade in screen space @ 2179.19 -704.12 -1096.26
Encountered obsolete static prop option to do its fade in screen space @ 2179.19 -704.12 -584.26
Encountered obsolete static prop option to do its fade in screen space @ 2179.19 -704.12 -840.26
Encountered obsolete static prop option to do its fade in screen space @ 2179.19 -704.12 -1352.26
Encountered obsolete static prop option to do its fade in screen space @ 2179.19 -704.12 -1608.26
Encountered obsolete static prop option to do its fade in screen space @ 2179.19 -704.12 -1864.26
Encountered obsolete static prop option to do its fade in screen space @ 2815.19 -448.12 -1096.26
Encountered obsolete static prop option to do its fade in screen space @ 2815.19 -448.12 -584.26
Encountered obsolete static prop option to do its fade in screen space @ 2815.19 -448.12 -840.26
Encountered obsolete static prop option to do its fade in screen space @ 2815.19 -448.12 -1352.26
Encountered obsolete static prop option to do its fade in screen space @ 2815.19 -448.12 -1608.26
Encountered obsolete static prop option to do its fade in screen space @ 1152.00 282.00 2048.00
Encountered obsolete static prop option to do its fade in screen space @ 1536.00 -672.00 -64.00
Encountered obsolete static prop option to do its fade in screen space @ 1824.00 -672.00 -192.00
Encountered obsolete static prop option to do its fade in screen space @ 3715.19 383.88 -1096.26
Encountered obsolete static prop option to do its fade in screen space @ 3715.19 383.88 -584.26
Encountered obsolete static prop option to do its fade in screen space @ 3715.19 383.88 -840.26
Encountered obsolete static prop option to do its fade in screen space @ 2947.19 383.88 -1096.26
Encountered obsolete static prop option to do its fade in screen space @ 2947.19 383.88 -584.26
Encountered obsolete static prop option to do its fade in screen space @ 2947.19 383.88 -840.26
Encountered obsolete static prop option to do its fade in screen space @ 2947.19 383.88 -1352.26
Encountered obsolete static prop option to do its fade in screen space @ 2947.19 383.88 -1608.26
Encountered obsolete static prop option to do its fade in screen space @ 2947.19 383.88 -1864.26
Encountered obsolete static prop option to do its fade in screen space @ 1152.00 282.00 1792.00
Encountered obsolete static prop option to do its fade in screen space @ 2176.35 1792.57 -128.26
Encountered obsolete static prop option to do its fade in screen space @ 2080.00 384.00 192.00
Encountered obsolete static prop option to do its fade in screen space @ 2080.00 384.00 192.00
Encountered obsolete static prop option to do its fade in screen space @ 2080.00 384.00 192.00
Encountered obsolete static prop option to do its fade in screen space @ 2080.00 384.00 192.00
Encountered obsolete static prop option to do its fade in screen space @ 2080.00 384.00 192.00
Encountered obsolete static prop option to do its fade in screen space @ 2435.19 383.88 -1096.26
Encountered obsolete static prop option to do its fade in screen space @ 2435.19 383.88 -584.26
Encountered obsolete static prop option to do its fade in screen space @ 2435.19 383.88 -840.26
Encountered obsolete static prop option to do its fade in screen space @ 2435.19 383.88 -1352.26
Encountered obsolete static prop option to do its fade in screen space @ 2435.19 383.88 -1608.26
Encountered obsolete static prop option to do its fade in screen space @ 2435.19 383.88 -1864.26
Encountered obsolete static prop option to do its fade in screen space @ 2179.19 1791.88 -1472.26
Encountered obsolete static prop option to do its fade in screen space @ 2179.19 1791.88 -1216.26
Encountered obsolete static prop option to do its fade in screen space @ 1152.00 282.00 1536.00
Encountered obsolete static prop option to do its fade in screen space @ 2179.19 1775.88 -768.26
Encountered obsolete static prop option to do its fade in screen space @ 2179.19 1775.88 -1024.26
Encountered obsolete static prop option to do its fade in screen space @ 2240.35 1736.57 -384.26
Encountered obsolete static prop option to do its fade in screen space @ 880.00 1152.00 -1032.00
Encountered obsolete static prop option to do its fade in screen space @ 2176.35 1728.57 -128.26
Encountered obsolete static prop option to do its fade in screen space @ 1152.00 282.00 1024.00
Encountered obsolete static prop option to do its fade in screen space @ 1152.00 282.00 1280.00
Encountered obsolete static prop option to do its fade in screen space @ 2112.35 1736.57 -384.26
Encountered obsolete static prop option to do its fade in screen space @ 880.00 1152.00 -1288.00
Encountered obsolete static prop option to do its fade in screen space @ 1536.00 -768.00 -64.00
Encountered obsolete static prop option to do its fade in screen space @ 1152.50 271.51 771.76
Encountered obsolete static prop option to do its fade in screen space @ 1536.00 -816.00 -64.00
Encountered obsolete static prop option to do its fade in screen space @ 1047.65 -390.42 1102.19
Encountered obsolete static prop option to do its fade in screen space @ 993.31 -410.89 852.86
Encountered obsolete static prop option to do its fade in screen space @ 938.96 -431.37 603.53
Encountered obsolete static prop option to do its fade in screen space @ 884.61 -451.84 354.21
Encountered obsolete static prop option to do its fade in screen space @ 830.27 -472.32 104.88
Encountered obsolete static prop option to do its fade in screen space @ 721.57 -513.27 -393.77
Encountered obsolete static prop option to do its fade in screen space @ 775.92 -492.79 -144.44
Encountered obsolete static prop option to do its fade in screen space @ 667.23 -533.74 -643.09
Encountered obsolete static prop option to do its fade in screen space @ 612.88 -554.22 -892.42
Placing detail props : 0...1...2...3...4...5...6...7...8...9...10
Compacting texture/material tables...
Reduced 936 texinfos to 737
Reduced 71 texdatas to 64 (3069 bytes to 2764)
Writing C:\Program Files (x86)\Steam\steamapps\common\Portal 2\sdk_content\maps\WIP\Chapter 7\mp_coop_a3_speed_flings.bsp

nummapplanes:     (  3802 / 65536 )
nummapbrushes:    (   656 /  8192 )
nummapbrushsides: (  5151 / 65536 )
num_map_overlays: (    19 /   512 )
nummodels:        (    50 /  1024 )
num_entities:     (   325 / 16384 )

2 seconds elapsed



24 threads
reading c:\program files (x86)\steam\steamapps\common\portal 2\sdk_content\maps\wip\chapter 7\mp_coop_a3_speed_flings.bsp
reading c:\program files (x86)\steam\steamapps\common\portal 2\sdk_content\maps\wip\chapter 7\mp_coop_a3_speed_flings.prt
 544 portalclusters
2311 numportals
0...1...2...3...4...5...6...7...8...9...10Optimized: 0 visible clusters (0.00%)
Total clusters visible: 285172
Average clusters visible: 524
Building PAS...
Average clusters audible: 524
visdatasize:77056  compressed from 78336
writing c:\program files (x86)\steam\steamapps\common\portal 2\sdk_content\maps\wip\chapter 7\mp_coop_a3_speed_flings.bsp
0 seconds elapsed



[Reading texlights from 'lights.rad']
[59 texlights parsed from 'lights.rad']

Loading c:\program files (x86)\steam\steamapps\common\portal 2\sdk_content\maps\wip\chapter 7\mp_coop_a3_speed_flings.bsp
1670 faces
1097305 square feet [158012016.00 square inches]
0 Displacements
0 Square Feet [0.00 Square Inches]
1670 patches before subdivision
35684 patches after subdivision
43 direct lights
0...1...2...3...4...5...6...7...8...9...100...1...2...3...4...5...6...7...8...9...10transfers 2109181, max 546
transfer lists:  16.1 megs
0...1...2...3...4...5...6...7...8...9...10	Bounce #1 added RGB(17081, 13716, 8447)
0...1...2...3...4...5...6...7...8...9...10	Bounce #2 added RGB(2003, 1435, 780)
0...1...2...3...4...5...6...7...8...9...10	Bounce #3 added RGB(205, 131, 64)
0...1...2...3...4...5...6...7...8...9...10	Bounce #4 added RGB(30, 17, 8)
0...1...2...3...4...5...6...7...8...9...10	Bounce #5 added RGB(4, 2, 1)
0...1...2...3...4...5...6...7...8...9...10	Bounce #6 added RGB(1, 0, 0)
Build Patch/Sample Hash Table(s).....Done<0.0076 sec>
0...1...2...3...4...5...6...7...8...9...10FinalLightFace Done
0 of 0 (0% of) surface lights went in leaf ambient cubes.
0...1...2...3...4...5...6...7...8...9...10Writing leaf ambient...done
Ready to Finish

Object names       Objects/Maxobjs  Memory / Maxmem  Fullness 
------------       ---------------  ---------------  -------- 
models                  50/1024         2400/49152    ( 4.9%) 
brushes                656/8192         7872/98304    ( 8.0%) 
brushsides            5153/65536       41224/524288   ( 7.9%) 
planes                3802/65536       76040/1310720  ( 5.8%) 
vertexes              4312/65536       51744/786432   ( 6.6%) 
nodes                 1108/65536       35456/2097152  ( 1.7%) 
texinfos               737/12288       53064/884736   ( 6.0%) 
texdata                 64/2048         2048/65536    ( 3.1%) 
dispinfos                0/0               0/0        ( 0.0%) 
disp_verts               0/0               0/0        ( 0.0%) 
disp_tris                0/0               0/0        ( 0.0%) 
disp_multiblend          0/0               0/0        ( 0.0%) 
disp_lmsamples           0/0               0/0        ( 0.0%) 
faces                 1670/65536       93520/3670016  ( 2.5%) 
hdr faces                0/65536           0/3670016  ( 0.0%) 
origfaces             1132/65536       63392/3670016  ( 1.7%) 
facebrushes            159/0             318/0        ( 0.0%) 
facebrushlists        1670/0            6680/0        ( 0.0%) 
leaves                1159/65536       37088/2097152  ( 1.8%) 
leaffaces             2406/65536        4812/131072   ( 3.7%) 
leafbrushes           1150/65536        2300/131072   ( 1.8%) 
areas                   11/256            88/2048     ( 4.3%) 
surfedges            12646/512000      50584/2048000  ( 2.5%) 
edges                 7638/256000      30552/1024000  ( 3.0%) 
LDR worldlights         43/8192         4300/819200   ( 0.5%) 
HDR worldlights          0/8192            0/819200   ( 0.0%) 
leafwaterdata            1/32768          12/393216   ( 0.0%) 
waterstrips            350/32768        3500/327680   ( 1.1%) 
waterverts               0/65536           0/786432   ( 0.0%) 
waterindices          6912/65536       13824/131072   (10.5%) 
cubemapsamples           8/1024          128/16384    ( 0.8%) 
overlays                19/512          6688/180224   ( 3.7%) 
LDR lightdata         [variable]     2984836/0        ( 0.0%) 
HDR lightdata         [variable]           0/0        ( 0.0%) 
visdata               [variable]       77056/16777216 ( 0.5%) 
entdata               [variable]      103562/393216   (26.3%) 
LDR ambient table     1159/65536        4636/262144   ( 1.8%) 
HDR ambient table     1159/65536        4636/262144   ( 1.8%) 
LDR leaf ambient      5884/65536      164752/1835008  ( 9.0%) 
HDR leaf ambient      1159/65536       32452/1835008  ( 1.8%) 
occluders                0/0               0/0        ( 0.0%) 
occluder polygons        0/0               0/0        ( 0.0%) 
occluder vert ind        0/0               0/0        ( 0.0%) 
detail props          [variable]           1/12       ( 8.3%) 
static props          [variable]           1/47928    ( 0.0%) 
pakfile               [variable]      678070/0        ( 0.0%) 
physics               [variable]      274350/4194304  ( 6.5%) 
physics terrain       [variable]           2/1048576  ( 0.0%) 

Level flags = 0

Total triangle count: 4554
Writing c:\program files (x86)\steam\steamapps\common\portal 2\sdk_content\maps\wip\chapter 7\mp_coop_a3_speed_flings.bsp
5 seconds elapsed



[Reading texlights from 'lights.rad']
[59 texlights parsed from 'lights.rad']

Loading c:\program files (x86)\steam\steamapps\common\portal 2\sdk_content\maps\wip\chapter 7\mp_coop_a3_speed_flings.bsp
Loaded alpha texture materials\metal\underground_metalgrate001c_mip0.vtf
Loaded alpha texture materials\metal\underground_metalgrate001b_mip0.vtf
Loaded alpha texture materials\metal\underground_metalgrate001a_mip0.vtf
Loaded alpha texture materials\metal\underground_metalgrate001a_mip0.vtf
Loaded alpha texture materials\Metal\backstage_grate_001a.vtf
Loaded alpha texture materials\Tools\toolsinvisible.vtf
1670 faces
1097305 square feet [158012016.00 square inches]
0 Displacements
0 Square Feet [0.00 Square Inches]
1670 patches before subdivision
35684 patches after subdivision
43 direct lights
0...1...2...3...4...5...6...7...8...9...100...1...2...3...4...5...6...7...8...9...10transfers 2324692, max 543
transfer lists:  17.7 megs
0...1...2...3...4...5...6...7...8...9...10	Bounce #1 added RGB(15743, 12595, 7726)
0...1...2...3...4...5...6...7...8...9...10	Bounce #2 added RGB(1348, 971, 540)
0...1...2...3...4...5...6...7...8...9...10	Bounce #3 added RGB(125, 79, 38)
0...1...2...3...4...5...6...7...8...9...10	Bounce #4 added RGB(14, 8, 3)
0...1...2...3...4...5...6...7...8...9...10	Bounce #5 added RGB(2, 1, 0)
0...1...2...3...4...5...6...7...8...9...10	Bounce #6 added RGB(0, 0, 0)
Build Patch/Sample Hash Table(s).....Done<0.0080 sec>
0...1...2...3...4...5...6...7...8...9...10FinalLightFace Done
0 of 0 (0% of) surface lights went in leaf ambient cubes.
0...1...2...3...4...5...6...7...8...9...10Writing leaf ambient...done
Computing static prop lighting : 00...1...2...3...4...5...6...7...8...9...10
Ready to Finish

Object names       Objects/Maxobjs  Memory / Maxmem  Fullness 
------------       ---------------  ---------------  -------- 
models                  50/1024         2400/49152    ( 4.9%) 
brushes                656/8192         7872/98304    ( 8.0%) 
brushsides            5153/65536       41224/524288   ( 7.9%) 
planes                3802/65536       76040/1310720  ( 5.8%) 
vertexes              4312/65536       51744/786432   ( 6.6%) 
nodes                 1108/65536       35456/2097152  ( 1.7%) 
texinfos               737/12288       53064/884736   ( 6.0%) 
texdata                 64/2048         2048/65536    ( 3.1%) 
dispinfos                0/0               0/0        ( 0.0%) 
disp_verts               0/0               0/0        ( 0.0%) 
disp_tris                0/0               0/0        ( 0.0%) 
disp_multiblend          0/0               0/0        ( 0.0%) 
disp_lmsamples           0/0               0/0        ( 0.0%) 
faces                 1670/65536       93520/3670016  ( 2.5%) 
hdr faces                0/65536           0/3670016  ( 0.0%) 
origfaces             1132/65536       63392/3670016  ( 1.7%) 
facebrushes            159/0             318/0        ( 0.0%) 
facebrushlists        1670/0            6680/0        ( 0.0%) 
leaves                1159/65536       37088/2097152  ( 1.8%) 
leaffaces             2406/65536        4812/131072   ( 3.7%) 
leafbrushes           1150/65536        2300/131072   ( 1.8%) 
areas                   11/256            88/2048     ( 4.3%) 
surfedges            12646/512000      50584/2048000  ( 2.5%) 
edges                 7638/256000      30552/1024000  ( 3.0%) 
LDR worldlights         43/8192         4300/819200   ( 0.5%) 
HDR worldlights          0/8192            0/819200   ( 0.0%) 
leafwaterdata            1/32768          12/393216   ( 0.0%) 
waterstrips            350/32768        3500/327680   ( 1.1%) 
waterverts               0/65536           0/786432   ( 0.0%) 
waterindices          6912/65536       13824/131072   (10.5%) 
cubemapsamples           8/1024          128/16384    ( 0.8%) 
overlays                19/512          6688/180224   ( 3.7%) 
LDR lightdata         [variable]     2984836/0        ( 0.0%) 
HDR lightdata         [variable]           0/0        ( 0.0%) 
visdata               [variable]       77056/16777216 ( 0.5%) 
entdata               [variable]      103562/393216   (26.3%) 
LDR ambient table     1159/65536        4636/262144   ( 1.8%) 
HDR ambient table     1159/65536        4636/262144   ( 1.8%) 
LDR leaf ambient      6130/65536      171640/1835008  ( 9.4%) 
HDR leaf ambient      1159/65536       32452/1835008  ( 1.8%) 
occluders                0/0               0/0        ( 0.0%) 
occluder polygons        0/0               0/0        ( 0.0%) 
occluder vert ind        0/0               0/0        ( 0.0%) 
detail props          [variable]           1/12       ( 8.3%) 
static props          [variable]           1/47928    ( 0.0%) 
pakfile               [variable]     3901466/0        ( 0.0%) 
physics               [variable]      274350/4194304  ( 6.5%) 
physics terrain       [variable]           2/1048576  ( 0.0%) 

Level flags = 1

Total triangle count: 4554
Writing c:\program files (x86)\steam\steamapps\common\portal 2\sdk_content\maps\wip\chapter 7\mp_coop_a3_speed_flings.bsp
45 seconds elapsed



[Reading texlights from 'lights.rad']
[59 texlights parsed from 'lights.rad']

Loading c:\program files (x86)\steam\steamapps\common\portal 2\sdk_content\maps\wip\chapter 7\mp_coop_a3_speed_flings.bsp
Loaded alpha texture materials\metal\underground_metalgrate001c_mip0.vtf
Loaded alpha texture materials\metal\underground_metalgrate001b_mip0.vtf
Loaded alpha texture materials\metal\underground_metalgrate001a_mip0.vtf
Loaded alpha texture materials\metal\underground_metalgrate001a_mip0.vtf
Loaded alpha texture materials\Metal\backstage_grate_001a.vtf
Loaded alpha texture materials\Tools\toolsinvisible.vtf
1670 faces
1097305 square feet [158012016.00 square inches]
0 Displacements
0 Square Feet [0.00 Square Inches]
1670 patches before subdivision
35684 patches after subdivision
43 direct lights
0...1...2...3...4...5...6...7...8...9...100...1...2...3...4...5...6...7...8...9...10transfers 2324692, max 543
transfer lists:  17.7 megs
0...1...2...3...4...5...6...7...8...9...10	Bounce #1 added RGB(15702, 12581, 7725)
0...1...2...3...4...5...6...7...8...9...10	Bounce #2 added RGB(1344, 970, 540)
0...1...2...3...4...5...6...7...8...9...10	Bounce #3 added RGB(124, 79, 38)
0...1...2...3...4...5...6...7...8...9...10	Bounce #4 added RGB(14, 8, 3)
0...1...2...3...4...5...6...7...8...9...10	Bounce #5 added RGB(2, 1, 0)
0...1...2...3...4...5...6...7...8...9...10	Bounce #6 added RGB(0, 0, 0)
Build Patch/Sample Hash Table(s).....Done<0.0080 sec>
0...1...2...3...4...5...6...7...8...9...10FinalLightFace Done
0 of 0 (0% of) surface lights went in leaf ambient cubes.
0...1...2...3...4...5...6...7...8...9...10Writing leaf ambient...done
Computing static prop lighting : 00...1...2...3...4...5...6...7...8...9...10
Ready to Finish

Object names       Objects/Maxobjs  Memory / Maxmem  Fullness 
------------       ---------------  ---------------  -------- 
models                  50/1024         2400/49152    ( 4.9%) 
brushes                656/8192         7872/98304    ( 8.0%) 
brushsides            5153/65536       41224/524288   ( 7.9%) 
planes                3802/65536       76040/1310720  ( 5.8%) 
vertexes              4312/65536       51744/786432   ( 6.6%) 
nodes                 1108/65536       35456/2097152  ( 1.7%) 
texinfos               737/12288       53064/884736   ( 6.0%) 
texdata                 64/2048         2048/65536    ( 3.1%) 
dispinfos                0/0               0/0        ( 0.0%) 
disp_verts               0/0               0/0        ( 0.0%) 
disp_tris                0/0               0/0        ( 0.0%) 
disp_multiblend          0/0               0/0        ( 0.0%) 
disp_lmsamples           0/0               0/0        ( 0.0%) 
faces                 1670/65536       93520/3670016  ( 2.5%) 
hdr faces             1670/65536       93520/3670016  ( 2.5%) 
origfaces             1132/65536       63392/3670016  ( 1.7%) 
facebrushes            159/0             318/0        ( 0.0%) 
facebrushlists        1670/0            6680/0        ( 0.0%) 
leaves                1159/65536       37088/2097152  ( 1.8%) 
leaffaces             2406/65536        4812/131072   ( 3.7%) 
leafbrushes           1150/65536        2300/131072   ( 1.8%) 
areas                   11/256            88/2048     ( 4.3%) 
surfedges            12646/512000      50584/2048000  ( 2.5%) 
edges                 7638/256000      30552/1024000  ( 3.0%) 
LDR worldlights         43/8192         4300/819200   ( 0.5%) 
HDR worldlights         43/8192         4300/819200   ( 0.5%) 
leafwaterdata            1/32768          12/393216   ( 0.0%) 
waterstrips            350/32768        3500/327680   ( 1.1%) 
waterverts               0/65536           0/786432   ( 0.0%) 
waterindices          6912/65536       13824/131072   (10.5%) 
cubemapsamples           8/1024          128/16384    ( 0.8%) 
overlays                19/512          6688/180224   ( 3.7%) 
LDR lightdata         [variable]     2984836/0        ( 0.0%) 
HDR lightdata         [variable]     2984836/0        ( 0.0%) 
visdata               [variable]       77056/16777216 ( 0.5%) 
entdata               [variable]      103562/393216   (26.3%) 
LDR ambient table     1159/65536        4636/262144   ( 1.8%) 
HDR ambient table     1159/65536        4636/262144   ( 1.8%) 
LDR leaf ambient      6130/65536      171640/1835008  ( 9.4%) 
HDR leaf ambient      6128/65536      171584/1835008  ( 9.4%) 
occluders                0/0               0/0        ( 0.0%) 
occluder polygons        0/0               0/0        ( 0.0%) 
occluder vert ind        0/0               0/0        ( 0.0%) 
detail props          [variable]           1/12       ( 8.3%) 
static props          [variable]           1/47928    ( 0.0%) 
pakfile               [variable]     7129006/0        ( 0.0%) 
physics               [variable]      274350/4194304  ( 6.5%) 
physics terrain       [variable]           2/1048576  ( 0.0%) 

Level flags = 3

Total triangle count: 4554
Writing c:\program files (x86)\steam\steamapps\common\portal 2\sdk_content\maps\wip\chapter 7\mp_coop_a3_speed_flings.bsp
45 seconds elapsed
