PRT1
201
486
4 0 3 (7808 2048 128 ) (7552 2048 128 ) (7552 2048 0 ) (7808 2048 0 ) 
4 1 4 (7328 2048 128 ) (7168 2048 128 ) (7168 2048 0 ) (7328 2048 0 ) 
4 1 2 (7168 2048 0 ) (7168 2048 128 ) (7168 2176 128 ) (7168 2176 0 ) 
4 2 10 (7168 2048 0 ) (7168 2048 96 ) (6912 2048 96 ) (6912 2048 0 ) 
4 2 9 (7168 2048 96 ) (7168 2048 128 ) (6912 2048 128 ) (6912 2048 96 ) 
4 4 10 (7168 2048 96 ) (7168 2048 0 ) (7168 1920 0 ) (7168 1920 96 ) 
4 4 9 (7168 2048 128 ) (7168 2048 96 ) (7168 1920 96 ) (7168 1920 128 ) 
4 8 13 (7668.240234 1024 200.018005 ) (7565.919922 1024 200.018005 ) (7565.919922 1024 -287.981995 ) (7668.240234 1024 -287.981995 ) 
4 9 10 (6912 2048 96 ) (7168 2048 96 ) (7168 1920 96 ) (6912 1920 96 ) 
4 14 16 (4224 2048 4864 ) (4096 2048 4864 ) (4096 2048 -6144 ) (4224 2048 -6144 ) 
4 14 15 (4096 2048 -6144 ) (4096 2048 4864 ) (4096 2560 4864 ) (4096 2560 -6144 ) 
4 15 138 (3072 2048 -6144 ) (3072 2048 4864 ) (3072 2560 4864 ) (3072 2560 -6144 ) 
4 15 17 (4096 2048 -6144 ) (4096 2048 4864 ) (3072 2048 4864 ) (3072 2048 -6144 ) 
4 16 25 (4096 1024 1024 ) (4096 1024 -6144 ) (4224 1024 -6144 ) (4224 1024 1024 ) 
4 16 24 (4096 1024 2048 ) (4096 1024 1024 ) (4224 1024 1024 ) (4224 1024 2048 ) 
4 16 23 (4096 1024 3072 ) (4096 1024 2048 ) (4224 1024 2048 ) (4224 1024 3072 ) 
4 16 22 (4096 1024 3824 ) (4096 1024 3072 ) (4224 1024 3072 ) (4224 1024 3824 ) 
4 16 18 (4224 1024 4864 ) (4096 1024 4864 ) (4096 1024 3824 ) (4224 1024 3824 ) 
4 16 17 (4096 2048 4864 ) (4096 2048 -6144 ) (4096 1024 -6144 ) (4096 1024 4864 ) 
4 17 149 (3072 1024 -6144 ) (3072 1024 4864 ) (3072 2048 4864 ) (3072 2048 -6144 ) 
4 17 28 (4096 1024 -6144 ) (4096 1024 4864 ) (3072 1024 4864 ) (3072 1024 -6144 ) 
4 18 28 (4096 1024 4864 ) (4096 1024 3824 ) (4096 256 3824 ) (4096 256 4864 ) 
4 18 22 (4096 1024 3824 ) (4224 1024 3824 ) (4224 256 3824 ) (4096 256 3824 ) 
4 19 80 (4096 0 6272 ) (4096 0 5120 ) (4160 0 5120 ) (4160 0 6272 ) 
4 19 65 (4096 0 5120 ) (4096 0 6272 ) (4096 160 6272 ) (4096 160 5120 ) 
4 19 50 (4096 160 6272 ) (4096 192 6272 ) (4096 192 5120 ) (4096 160 5120 ) 
4 19 20 (4096 0 5120 ) (4096 192 5120 ) (4160 128.001953 5120 ) (4160 0 5120 ) 
4 20 81 (4096 0 5120 ) (4096 0 4096 ) (4160 0 4096 ) (4160 0 5120 ) 
4 20 66 (4096 0 4096 ) (4096 0 5120 ) (4096 160 5120 ) (4096 160 4096 ) 
4 20 51 (4096 160 5120 ) (4096 192 5120 ) (4096 192 4096 ) (4096 160 4096 ) 
4 20 21 (4096 192 4096 ) (4160 128.001953 4096 ) (4160 0 4096 ) (4096 0 4096 ) 
4 21 82 (4096 0 4096 ) (4096 0 3824 ) (4160 0 3824 ) (4160 0 4096 ) 
4 21 67 (4096 160 3824 ) (4096 0 3824 ) (4096 0 4096 ) (4096 160 4096 ) 
4 21 52 (4096 192 3824 ) (4096 160 3824 ) (4096 160 4096 ) (4096 192 4096 ) 
4 21 22 (4160 0 3824 ) (4096 0 3824 ) (4096 192 3824 ) (4160 128.001953 3824 ) 
4 22 83 (4224 0 3072 ) (4224 0 3824 ) (4096 0 3824 ) (4096 0 3072 ) 
4 22 68 (4096 160 3072 ) (4096 0 3072 ) (4096 0 3824 ) (4096 160 3824 ) 
4 22 57 (4096 192 3072 ) (4096 160 3072 ) (4096 160 3824 ) (4096 192 3824 ) 
4 22 35 (4096 208 3072 ) (4096 192 3072 ) (4096 192 3824 ) (4096 208 3824 ) 
4 22 30 (4096 256 3072 ) (4096 208 3072 ) (4096 208 3824 ) (4096 256 3824 ) 
4 22 28 (4096 1024 3824 ) (4096 1024 3072 ) (4096 256 3072 ) (4096 256 3824 ) 
4 22 23 (4096 0 3072 ) (4096 1024 3072 ) (4224 1024 3072 ) (4224 0 3072 ) 
4 23 84 (4224 0 2048 ) (4224 0 3072 ) (4096 0 3072 ) (4096 0 2048 ) 
4 23 69 (4096 160 2048 ) (4096 0 2048 ) (4096 0 3072 ) (4096 160 3072 ) 
4 23 58 (4096 192 2048 ) (4096 160 2048 ) (4096 160 3072 ) (4096 192 3072 ) 
4 23 36 (4096 208 2048 ) (4096 192 2048 ) (4096 192 3072 ) (4096 208 3072 ) 
4 23 31 (4096 256 2048 ) (4096 208 2048 ) (4096 208 3072 ) (4096 256 3072 ) 
4 23 28 (4096 1024 3072 ) (4096 1024 2048 ) (4096 256 2048 ) (4096 256 3072 ) 
4 23 24 (4096 1024 2048 ) (4224 1024 2048 ) (4224 0 2048 ) (4096 0 2048 ) 
4 24 85 (4224 0 1024 ) (4224 0 2048 ) (4096 0 2048 ) (4096 0 1024 ) 
4 24 70 (4096 160 1024 ) (4096 0 1024 ) (4096 0 2048 ) (4096 160 2048 ) 
4 24 61 (4096 192 1024 ) (4096 160 1024 ) (4096 160 2048 ) (4096 192 2048 ) 
4 24 37 (4096 208 1024 ) (4096 192 1024 ) (4096 192 2048 ) (4096 208 2048 ) 
4 24 32 (4096 256 1024 ) (4096 208 1024 ) (4096 208 2048 ) (4096 256 2048 ) 
4 24 28 (4096 1024 2048 ) (4096 1024 1024 ) (4096 256 1024 ) (4096 256 2048 ) 
4 24 25 (4096 0 1024 ) (4096 1024 1024 ) (4224 1024 1024 ) (4224 0 1024 ) 
4 25 86 (4224 0 -6144 ) (4224 0 1024 ) (4096 0 1024 ) (4096 0 -6144 ) 
4 25 76 (4096 192 -6144 ) (4096 0 -6144 ) (4096 0 192 ) (4096 192 192 ) 
4 25 71 (4096 0 192 ) (4096 0 1024 ) (4096 160 1024 ) (4096 160 192 ) 
4 25 63 (4096 160 1024 ) (4096 192 1024 ) (4096 192 192 ) (4096 160 192 ) 
4 25 43 (4096 256 -6144 ) (4096 192 -6144 ) (4096 192 192 ) (4096 256 192 ) 
4 25 38 (4096 192 192 ) (4096 192 1024 ) (4096 208 1024 ) (4096 208 192 ) 
4 25 33 (4096 208 1024 ) (4096 256 1024 ) (4096 256 192 ) (4096 208 192 ) 
4 25 28 (4096 1024 1024 ) (4096 1024 -6144 ) (4096 256 -6144 ) (4096 256 1024 ) 
4 26 27 (3812 400 5632 ) (3868 400 5632 ) (3868 400 5745 ) (3812 400 5745 ) 
4 27 29 (3904 256 5760 ) (3776 256 5760 ) (3776 256 5632 ) (3904 256 5632 ) 
4 28 150 (3072 256 -6144 ) (3072 256 4864 ) (3072 1024 4864 ) (3072 1024 -6144 ) 
4 28 79 (3456 256 4864 ) (3072 256 4864 ) (3072 256 -6144 ) (3456 256 -6144 ) 
4 28 44 (3584 256 4864 ) (3456 256 4864 ) (3456 256 1024 ) (3584 256 1024 ) 
4 28 45 (3456 256 1024 ) (3456 256 -6144 ) (3584 256 -6144 ) (3584 256 1024 ) 
4 28 43 (4096 256 -6144 ) (4096 256 192 ) (3584 256 192 ) (3584 256 -6144 ) 
4 28 40 (3584 256 3072 ) (3584 256 2048 ) (3712 256 2048 ) (3712 256 3072 ) 
4 28 39 (3584 256 3824 ) (3584 256 3072 ) (3712 256 3072 ) (3712 256 3824 ) 
4 28 41 (3584 256 2048 ) (3584 256 1024 ) (3712 256 1024 ) (3712 256 2048 ) 
4 28 42 (3584 256 1024 ) (3584 256 192 ) (3712 256 192 ) (3712 256 1024 ) 
4 28 33 (4096 256 192 ) (4096 256 1024 ) (3968 256 1024 ) (3968 256 192 ) 
4 28 32 (4096 256 1024 ) (4096 256 2048 ) (3968 256 2048 ) (3968 256 1024 ) 
4 28 31 (4096 256 2048 ) (4096 256 3072 ) (3968 256 3072 ) (3968 256 2048 ) 
4 28 30 (4096 256 3072 ) (4096 256 3824 ) (3968 256 3824 ) (3968 256 3072 ) 
4 29 34 (3812 208 5745 ) (3812 208 5632 ) (3868 208 5632 ) (3868 208 5745 ) 
4 30 35 (3968 208 3072 ) (4096 208 3072 ) (4096 208 3824 ) (3968 208 3824 ) 
4 30 31 (4096 208 3072 ) (3968 208 3072 ) (3968 256 3072 ) (4096 256 3072 ) 
4 31 36 (3968 208 2048 ) (4096 208 2048 ) (4096 208 3072 ) (3968 208 3072 ) 
4 31 32 (4096 208 2048 ) (3968 208 2048 ) (3968 256 2048 ) (4096 256 2048 ) 
4 32 37 (3968 208 1024 ) (4096 208 1024 ) (4096 208 2048 ) (3968 208 2048 ) 
4 32 33 (4096 208 1024 ) (3968 208 1024 ) (3968 256 1024 ) (4096 256 1024 ) 
4 33 43 (3968 256 192 ) (4096 256 192 ) (4096 208 192 ) (3968 208 192 ) 
4 33 38 (3968 208 192 ) (4096 208 192 ) (4096 208 1024 ) (3968 208 1024 ) 
4 34 53 (3812 192 5745 ) (3812 192 5632 ) (3868 192 5632 ) (3868 192 5745 ) 
4 35 57 (4096 192 3072 ) (4096 192 3824 ) (3968 192 3824 ) (3968 192 3072 ) 
4 35 36 (4096 192 3072 ) (3968 192 3072 ) (3968 208 3072 ) (4096 208 3072 ) 
4 36 58 (4096 192 2048 ) (4096 192 3072 ) (3968 192 3072 ) (3968 192 2048 ) 
4 36 37 (4096 192 2048 ) (3968 192 2048 ) (3968 208 2048 ) (4096 208 2048 ) 
4 37 61 (4096 192 1024 ) (4096 192 2048 ) (3968 192 2048 ) (3968 192 1024 ) 
4 37 38 (4096 192 1024 ) (3968 192 1024 ) (3968 208 1024 ) (4096 208 1024 ) 
4 38 63 (4096 192 192 ) (4096 192 1024 ) (3968 192 1024 ) (3968 192 192 ) 
4 38 43 (4096 192 192 ) (3968 192 192 ) (3968 208 192 ) (4096 208 192 ) 
4 39 59 (3520 192 3824 ) (3520 192 3072 ) (3712 192 3072 ) (3712 192 3824 ) 
4 39 44 (3520 192 3072 ) (3520 192 3824 ) (3584 256 3824 ) (3584 256 3072 ) 
4 39 40 (3519.992188 192 3072 ) (3583.993408 256 3072 ) (3712 256 3072 ) (3712 192 3072 ) 
4 40 60 (3520 192 3072 ) (3520 192 2048 ) (3712 192 2048 ) (3712 192 3072 ) 
4 40 44 (3520 192 2048 ) (3520 192 3072 ) (3584 256 3072 ) (3584 256 2048 ) 
4 40 41 (3519.992188 192 2048 ) (3583.993408 256 2048 ) (3712 256 2048 ) (3712 192 2048 ) 
4 41 62 (3520 192 2048 ) (3520 192 1024 ) (3712 192 1024 ) (3712 192 2048 ) 
4 41 44 (3520 192 1024 ) (3520 192 2048 ) (3584 256 2048 ) (3584 256 1024 ) 
4 41 42 (3519.992188 192 1024 ) (3583.993408 256 1024 ) (3712 256 1024 ) (3712 192 1024 ) 
4 42 64 (3520 192 1024 ) (3520 192 192 ) (3712 192 192 ) (3712 192 1024 ) 
4 42 45 (3520 192 192 ) (3520 192 1024 ) (3584 256 1024 ) (3584 256 192 ) 
4 42 43 (3712 192 192 ) (3520 192 192 ) (3584 256 192 ) (3712 256 192 ) 
4 43 76 (4096 192 -6144 ) (4096 192 192 ) (3520 192 192 ) (3520 192 -6144 ) 
4 43 45 (3520 192 -6144 ) (3520 192 192 ) (3584 256 192 ) (3584 256 -6144 ) 
4 44 79 (3456 256 4864 ) (3456 256 1024 ) (3456 192 1024 ) (3456 192 4864 ) 
4 44 77 (3456 192 4864 ) (3456 192 1024 ) (3520 192 1024 ) (3520 192 4864 ) 
4 44 45 (3584 256 1024 ) (3520 192 1024 ) (3456 192 1024 ) (3456 256 1024 ) 
4 45 79 (3456 256 1024 ) (3456 256 -6144 ) (3456 192 -6144 ) (3456 192 1024 ) 
4 45 78 (3456 192 1024 ) (3456 192 -6144 ) (3520 192 -6144 ) (3520 192 1024 ) 
4 46 91 (4016 0 6336 ) (3968 0 6336 ) (3968 0 6272 ) (4016 0 6272 ) 
4 46 65 (4016 0 6272 ) (3968 0 6272 ) (3968 80 6272 ) (4016 80 6272 ) 
4 46 48 (3968 32 6272 ) (3968 0 6272 ) (3968 0 6304 ) (3968 32 6304 ) 
4 46 47 (3968 80 6336 ) (3968 80 6272 ) (3968 32 6272 ) (3968 32 6336 ) 
4 47 65 (3712 32 6272 ) (3712 80 6272 ) (3968 80 6272 ) (3968 32 6272 ) 
4 47 49 (3712 80 6336 ) (3712 80 6272 ) (3712 32 6272 ) (3712 32 6336 ) 
4 47 48 (3712 32 6304 ) (3712 32 6272 ) (3968 32 6272 ) (3968 32 6304 ) 
4 48 94 (3712 0 6304 ) (3712 0 6272 ) (3968 0 6272 ) (3968 0 6304 ) 
4 48 65 (3968 0 6272 ) (3712 0 6272 ) (3712 32 6272 ) (3968 32 6272 ) 
4 48 49 (3712 32 6272 ) (3712 0 6272 ) (3712 0 6304 ) (3712 32 6304 ) 
4 49 95 (3712 0 6336 ) (3664 0 6336 ) (3664 0 6272 ) (3712 0 6272 ) 
4 49 65 (3712 0 6272 ) (3664 0 6272 ) (3664 80 6272 ) (3712 80 6272 ) 
4 50 65 (4096 160 5120 ) (4096 160 6272 ) (3968 160 6272 ) (3968 160 5120 ) 
4 50 51 (4096 160 5120 ) (3968 160 5120 ) (3968 192 5120 ) (4096 192 5120 ) 
4 51 66 (4096 160 4096 ) (4096 160 5120 ) (3968 160 5120 ) (3968 160 4096 ) 
4 51 52 (4096 160 4096 ) (3968 160 4096 ) (3968 192 4096 ) (4096 192 4096 ) 
4 52 67 (3968 160 3824 ) (4096 160 3824 ) (4096 160 4096 ) (3968 160 4096 ) 
4 52 57 (4096 160 3824 ) (3968 160 3824 ) (3968 192 3824 ) (4096 192 3824 ) 
4 53 65 (3904 160 5632 ) (3904 160 5760 ) (3776 160 5760 ) (3776 160 5632 ) 
4 54 65 (3552 160 5120 ) (3712 160 5120 ) (3712 160 6272 ) (3552 160 6272 ) 
4 54 55 (3712 192 5120 ) (3712 160 5120 ) (3552 160 5120 ) (3584 192 5120 ) 
4 55 66 (3552 160 4096 ) (3712 160 4096 ) (3712 160 5120 ) (3552 160 5120 ) 
4 55 56 (3712 192 4096 ) (3712 160 4096 ) (3552 160 4096 ) (3584 192 4096 ) 
4 56 67 (3552 160 3824 ) (3712 160 3824 ) (3712 160 4096 ) (3552 160 4096 ) 
4 56 59 (3712 160 3824 ) (3552 160 3824 ) (3584 192 3824 ) (3712 192 3824 ) 
4 57 68 (4096 160 3072 ) (4096 160 3824 ) (3968 160 3824 ) (3968 160 3072 ) 
4 57 58 (4096 160 3072 ) (3968 160 3072 ) (3968 192 3072 ) (4096 192 3072 ) 
4 58 69 (3968 160 2048 ) (4096 160 2048 ) (4096 160 3072 ) (3968 160 3072 ) 
4 58 61 (4096 160 2048 ) (3968 160 2048 ) (3968 192 2048 ) (4096 192 2048 ) 
4 59 72 (3520 160 3072 ) (3520 160 3824 ) (3520 192 3824 ) (3520 192 3072 ) 
4 59 68 (3520 160 3824 ) (3520 160 3072 ) (3712 160 3072 ) (3712 160 3824 ) 
4 59 60 (3712 192 3072 ) (3712 160 3072 ) (3520 160 3072 ) (3520 192 3072 ) 
4 60 73 (3520 160 2048 ) (3520 160 3072 ) (3520 192 3072 ) (3520 192 2048 ) 
4 60 69 (3520 160 3072 ) (3520 160 2048 ) (3712 160 2048 ) (3712 160 3072 ) 
4 60 62 (3712 160 2048 ) (3520 160 2048 ) (3520 192 2048 ) (3712 192 2048 ) 
4 61 70 (3968 160 1024 ) (4096 160 1024 ) (4096 160 2048 ) (3968 160 2048 ) 
4 61 63 (4096 160 1024 ) (3968 160 1024 ) (3968 192 1024 ) (4096 192 1024 ) 
4 62 74 (3520 160 1024 ) (3520 160 2048 ) (3520 192 2048 ) (3520 192 1024 ) 
4 62 70 (3520 160 2048 ) (3520 160 1024 ) (3712 160 1024 ) (3712 160 2048 ) 
4 62 64 (3712 160 1024 ) (3520 160 1024 ) (3520 192 1024 ) (3712 192 1024 ) 
4 63 76 (3968 192 192 ) (4096 192 192 ) (4096 160 192 ) (3968 160 192 ) 
4 63 71 (3968 160 192 ) (4096 160 192 ) (4096 160 1024 ) (3968 160 1024 ) 
4 64 76 (3520 192 192 ) (3712 192 192 ) (3712 160 192 ) (3520 160 192 ) 
4 64 75 (3520 192 192 ) (3520 160 192 ) (3520 160 1024 ) (3520 192 1024 ) 
4 64 71 (3520 160 1024 ) (3520 160 192 ) (3712 160 192 ) (3712 160 1024 ) 
4 65 102 (3712 0 6272 ) (3520 0 6272 ) (3520 0 5120 ) (3712 0 5120 ) 
4 65 98 (3968 0 6272 ) (3712 0 6272 ) (3712 0 5120 ) (3968 0 5120 ) 
4 65 96 (4096 0 5120 ) (4096 0 6272 ) (3968 0 6272 ) (3968 0 5120 ) 
5 65 66 (4096 0 5120 ) (3520 0 5120 ) (3520 128 5120 ) (3552 160 5120 ) (4096 160 5120 ) 
4 66 103 (3712 0 5120 ) (3520 0 5120 ) (3520 0 4096 ) (3712 0 4096 ) 
4 66 99 (3968 0 5120 ) (3712 0 5120 ) (3712 0 4096 ) (3968 0 4096 ) 
4 66 97 (4096 0 4096 ) (4096 0 5120 ) (3968 0 5120 ) (3968 0 4096 ) 
5 66 67 (3520 0 4096 ) (3520 128 4096 ) (3552 160 4096 ) (4096 160 4096 ) (4096 0 4096 ) 
4 67 104 (3712 0 4096 ) (3520 0 4096 ) (3520 0 3824 ) (3712 0 3824 ) 
4 67 101 (3968 0 4096 ) (3712 0 4096 ) (3712 0 3824 ) (3968 0 3824 ) 
4 67 100 (4096 0 3824 ) (4096 0 4096 ) (3968 0 4096 ) (3968 0 3824 ) 
5 67 68 (4096 0 3824 ) (3520 0 3824 ) (3520 128 3824 ) (3552 160 3824 ) (4096 160 3824 ) 
4 68 109 (3712 0 3824 ) (3520 0 3824 ) (3520 0 3072 ) (3712 0 3072 ) 
4 68 106 (3968 0 3824 ) (3712 0 3824 ) (3712 0 3072 ) (3968 0 3072 ) 
4 68 105 (4096 0 3072 ) (4096 0 3824 ) (3968 0 3824 ) (3968 0 3072 ) 
4 68 72 (3520 0 3072 ) (3520 0 3824 ) (3520 160 3824 ) (3520 160 3072 ) 
4 68 69 (3520 0 3072 ) (3520 160 3072 ) (4096 160 3072 ) (4096 0 3072 ) 
4 69 110 (3712 0 3072 ) (3520 0 3072 ) (3520 0 2048 ) (3712 0 2048 ) 
4 69 108 (3968 0 3072 ) (3712 0 3072 ) (3712 0 2048 ) (3968 0 2048 ) 
4 69 107 (4096 0 2048 ) (4096 0 3072 ) (3968 0 3072 ) (3968 0 2048 ) 
4 69 73 (3520 0 2048 ) (3520 0 3072 ) (3520 160 3072 ) (3520 160 2048 ) 
4 69 70 (4096 0 2048 ) (3520 0 2048 ) (3520 160 2048 ) (4096 160 2048 ) 
4 70 112 (3968 0 2048 ) (3712 0 2048 ) (3712 0 1024 ) (3968 0 1024 ) 
4 70 111 (4096 0 1024 ) (4096 0 2048 ) (3968 0 2048 ) (3968 0 1024 ) 
4 70 113 (3712 0 2048 ) (3520 0 2048 ) (3520 0 1024 ) (3712 0 1024 ) 
4 70 74 (3520 0 1024 ) (3520 0 2048 ) (3520 160 2048 ) (3520 160 1024 ) 
4 70 71 (3520 0 1024 ) (3520 160 1024 ) (4096 160 1024 ) (4096 0 1024 ) 
4 71 115 (3968 0 1024 ) (3712 0 1024 ) (3712 0 192 ) (3968 0 192 ) 
4 71 114 (4096 0 192 ) (4096 0 1024 ) (3968 0 1024 ) (3968 0 192 ) 
4 71 116 (3712 0 1024 ) (3520 0 1024 ) (3520 0 192 ) (3712 0 192 ) 
4 71 76 (4096 160 192 ) (4096 0 192 ) (3520 0 192 ) (3520 160 192 ) 
4 71 75 (3520 160 192 ) (3520 0 192 ) (3520 0 1024 ) (3520 160 1024 ) 
4 72 118 (3456 0 3824 ) (3456 0 3072 ) (3520 0 3072 ) (3520 0 3824 ) 
4 72 79 (3456 0 3072 ) (3456 0 3824 ) (3456 128 3824 ) (3456 128 3072 ) 
4 72 77 (3520 192 3824 ) (3520 192 3072 ) (3456 128 3072 ) (3456 128 3824 ) 
4 72 73 (3456 0 3072 ) (3456 128 3072 ) (3520 192 3072 ) (3520 0 3072 ) 
4 73 119 (3456 0 3072 ) (3456 0 2048 ) (3520 0 2048 ) (3520 0 3072 ) 
4 73 79 (3456 0 2048 ) (3456 0 3072 ) (3456 128 3072 ) (3456 128 2048 ) 
4 73 77 (3520 192 3072 ) (3520 192 2048 ) (3456 128 2048 ) (3456 128 3072 ) 
4 73 74 (3456 0 2048 ) (3456 128 2048 ) (3520 192 2048 ) (3520 0 2048 ) 
4 74 120 (3456 0 2048 ) (3456 0 1024 ) (3520 0 1024 ) (3520 0 2048 ) 
4 74 79 (3456 0 1024 ) (3456 0 2048 ) (3456 128 2048 ) (3456 128 1024 ) 
4 74 77 (3520 192 2048 ) (3520 192 1024 ) (3456 128 1024 ) (3456 128 2048 ) 
4 74 75 (3456 0 1024 ) (3456 128 1024 ) (3520 192 1024 ) (3520 0 1024 ) 
4 75 121 (3456 0 1024 ) (3456 0 192 ) (3520 0 192 ) (3520 0 1024 ) 
4 75 79 (3456 0 192 ) (3456 0 1024 ) (3456 128 1024 ) (3456 128 192 ) 
4 75 78 (3520 192 1024 ) (3520 192 192 ) (3456 128 192 ) (3456 128 1024 ) 
4 75 76 (3456 0 192 ) (3456 128 192 ) (3520 192 192 ) (3520 0 192 ) 
4 76 121 (3520 0 192 ) (3456 0 192 ) (3456 0 -6144 ) (3520 0 -6144 ) 
4 76 117 (4096 0 -6144 ) (4096 0 192 ) (3520 0 192 ) (3520 0 -6144 ) 
4 76 79 (3456 0 -6144 ) (3456 0 192 ) (3456 128 192 ) (3456 128 -6144 ) 
4 76 78 (3520 192 192 ) (3520 192 -6144 ) (3456 128 -6144 ) (3456 128 192 ) 
4 77 79 (3456 192 4864 ) (3456 192 1024 ) (3456 128 1024 ) (3456 128 4864 ) 
3 77 78 (3520 192 1024 ) (3456 128 1024 ) (3456 192 1024 ) 
4 78 79 (3456 192 1024 ) (3456 192 -6144 ) (3456 128 -6144 ) (3456 128 1024 ) 
4 79 150 (3072 0 -6144 ) (3072 0 4864 ) (3072 256 4864 ) (3072 256 -6144 ) 
4 79 126 (3328 0 4864 ) (3136 0 4864 ) (3136 0 -6144 ) (3328 0 -6144 ) 
4 79 125 (3456 0 -6144 ) (3456 0 4864 ) (3328 0 4864 ) (3328 0 -6144 ) 
4 79 131 (3136 0 4864 ) (3072 0 4864 ) (3072 0 -6144 ) (3136 0 -6144 ) 
4 80 96 (4096 0 6272 ) (4096 0 5120 ) (4096 -448 5120 ) (4096 -448 6272 ) 
4 80 81 (4160 0 5120 ) (4160 -383.997864 5120 ) (4096 -448 5120 ) (4096 0 5120 ) 
4 81 97 (4096 0 5120 ) (4096 0 4096 ) (4096 -448 4096 ) (4096 -448 5120 ) 
4 81 82 (4096 -448 4096 ) (4096 0 4096 ) (4160 0 4096 ) (4160 -383.997864 4096 ) 
4 82 100 (4096 0 4096 ) (4096 0 3824 ) (4096 -448 3824 ) (4096 -448 4096 ) 
4 82 83 (4096 -448 3824 ) (4096 0 3824 ) (4160 0 3824 ) (4160 -383.997864 3824 ) 
4 83 105 (4096 0 3824 ) (4096 0 3072 ) (4096 -448 3072 ) (4096 -448 3824 ) 
4 83 87 (4224 -448 3072 ) (4224 -448 3824 ) (4096 -448 3824 ) (4096 -448 3072 ) 
4 83 84 (4224 -448 3072 ) (4096 -448 3072 ) (4096 0 3072 ) (4224 0 3072 ) 
4 84 107 (4096 0 3072 ) (4096 0 2048 ) (4096 -448 2048 ) (4096 -448 3072 ) 
4 84 88 (4224 -448 2048 ) (4224 -448 3072 ) (4096 -448 3072 ) (4096 -448 2048 ) 
4 84 85 (4224 -448 2048 ) (4096 -448 2048 ) (4096 0 2048 ) (4224 0 2048 ) 
4 85 111 (4096 0 2048 ) (4096 0 1024 ) (4096 -448 1024 ) (4096 -448 2048 ) 
4 85 89 (4224 -448 1024 ) (4224 -448 2048 ) (4096 -448 2048 ) (4096 -448 1024 ) 
4 85 86 (4224 -448 1024 ) (4096 -448 1024 ) (4096 0 1024 ) (4224 0 1024 ) 
4 86 117 (4096 0 192 ) (4096 0 -6144 ) (4096 -448 -6144 ) (4096 -448 192 ) 
4 86 114 (4096 0 1024 ) (4096 0 192 ) (4096 -448 192 ) (4096 -448 1024 ) 
4 86 89 (4224 -448 -6144 ) (4224 -448 1024 ) (4096 -448 1024 ) (4096 -448 -6144 ) 
4 87 105 (4096 -512 3072 ) (4096 -512 3824 ) (4096 -448 3824 ) (4096 -448 3072 ) 
4 87 90 (4224 -512 3072 ) (4224 -512 3824 ) (4096 -512 3824 ) (4096 -512 3072 ) 
4 87 88 (4224 -512 3072 ) (4096 -512 3072 ) (4096 -448 3072 ) (4224 -448 3072 ) 
4 88 107 (4096 -512 2048 ) (4096 -512 3072 ) (4096 -448 3072 ) (4096 -448 2048 ) 
4 88 90 (4224 -512 2048 ) (4224 -512 3072 ) (4096 -512 3072 ) (4096 -512 2048 ) 
4 88 89 (4224 -512 2048 ) (4096 -512 2048 ) (4096 -448 2048 ) (4224 -448 2048 ) 
4 89 117 (4096 -512 -6144 ) (4096 -512 192 ) (4096 -448 192 ) (4096 -448 -6144 ) 
4 89 114 (4096 -512 192 ) (4096 -512 1024 ) (4096 -448 1024 ) (4096 -448 192 ) 
4 89 111 (4096 -512 1024 ) (4096 -512 2048 ) (4096 -448 2048 ) (4096 -448 1024 ) 
4 89 90 (4224 -512 -6144 ) (4224 -512 2048 ) (4096 -512 2048 ) (4096 -512 -6144 ) 
4 90 132 (4224 -1024 -6144 ) (4224 -1024 4864 ) (4096 -1024 4864 ) (4096 -1024 -6144 ) 
4 90 124 (4096 -1024 -6144 ) (4096 -1024 4864 ) (4096 -512 4864 ) (4096 -512 -6144 ) 
4 91 96 (3968 0 6272 ) (4016 0 6272 ) (4016 -336 6272 ) (3968 -336 6272 ) 
4 91 92 (3968 -160 6336 ) (3968 -96 6336 ) (3968 -96 6304 ) (3968 -160 6304 ) 
4 91 93 (3968 -336 6304 ) (3968 -336 6336 ) (3968 -288 6336 ) (3968 -288 6304 ) 
4 91 94 (3968 0 6272 ) (3968 -336 6272 ) (3968 -336 6304 ) (3968 0 6304 ) 
4 92 95 (3712 -160 6336 ) (3712 -96 6336 ) (3712 -96 6304 ) (3712 -160 6304 ) 
4 92 94 (3712 -160 6304 ) (3712 -96 6304 ) (3968 -96 6304 ) (3968 -160 6304 ) 
4 93 95 (3712 -336 6304 ) (3712 -336 6336 ) (3712 -288 6336 ) (3712 -288 6304 ) 
4 93 94 (3712 -336 6304 ) (3712 -288 6304 ) (3968 -288 6304 ) (3968 -336 6304 ) 
4 94 98 (3712 0 6272 ) (3968 0 6272 ) (3968 -336 6272 ) (3712 -336 6272 ) 
4 94 95 (3712 0 6272 ) (3712 -336 6272 ) (3712 -336 6304 ) (3712 0 6304 ) 
4 95 102 (3664 0 6272 ) (3712 0 6272 ) (3712 -336 6272 ) (3664 -336 6272 ) 
4 96 98 (3968 -416 6272 ) (3968 0 6272 ) (3968 0 5120 ) (3968 -416 5120 ) 
4 96 97 (3968 -448 5120 ) (3968 0 5120 ) (4096 0 5120 ) (4096 -448 5120 ) 
4 97 100 (3968 -448 4096 ) (3968 0 4096 ) (4096 0 4096 ) (4096 -448 4096 ) 
4 97 99 (3968 0 4096 ) (3968 -416 4096 ) (3968 -416 5120 ) (3968 0 5120 ) 
4 98 102 (3712 -416 6272 ) (3712 0 6272 ) (3712 0 5120 ) (3712 -416 5120 ) 
4 98 99 (3712 -416 5120 ) (3712 0 5120 ) (3968 0 5120 ) (3968 -416 5120 ) 
4 99 103 (3712 -416 5120 ) (3712 0 5120 ) (3712 0 4096 ) (3712 -416 4096 ) 
4 99 101 (3712 -416 4096 ) (3712 0 4096 ) (3968 0 4096 ) (3968 -416 4096 ) 
4 100 105 (3968 -448 3824 ) (3968 0 3824 ) (4096 0 3824 ) (4096 -448 3824 ) 
4 100 101 (3968 0 3824 ) (3968 -416 3824 ) (3968 -416 4096 ) (3968 0 4096 ) 
4 101 106 (3712 -416 3824 ) (3712 0 3824 ) (3968 0 3824 ) (3968 -416 3824 ) 
4 101 104 (3712 0 3824 ) (3712 -416 3824 ) (3712 -416 4096 ) (3712 0 4096 ) 
5 102 103 (3712 -448 5120 ) (3584 -448 5120 ) (3520 -384 5120 ) (3520 0 5120 ) (3712 0 5120 ) 
5 103 104 (3520 -384 4096 ) (3520 0 4096 ) (3712 0 4096 ) (3712 -448 4096 ) (3584 -448 4096 ) 
5 104 109 (3520 -384 3824 ) (3520 0 3824 ) (3712 0 3824 ) (3712 -448 3824 ) (3584 -448 3824 ) 
4 105 124 (4096 -512 3072 ) (4096 -512 3824 ) (3968 -512 3824 ) (3968 -512 3072 ) 
4 105 107 (4096 -512 3072 ) (3968 -512 3072 ) (3968 0 3072 ) (4096 0 3072 ) 
4 105 106 (3968 0 3072 ) (3968 -416 3072 ) (3968 -416 3824 ) (3968 0 3824 ) 
4 106 109 (3712 -416 3824 ) (3712 0 3824 ) (3712 0 3072 ) (3712 -416 3072 ) 
4 106 108 (3712 -416 3072 ) (3712 0 3072 ) (3968 0 3072 ) (3968 -416 3072 ) 
4 107 124 (4096 -512 2048 ) (4096 -512 3072 ) (3968 -512 3072 ) (3968 -512 2048 ) 
4 107 111 (4096 -512 2048 ) (3968 -512 2048 ) (3968 0 2048 ) (4096 0 2048 ) 
4 107 108 (3968 0 2048 ) (3968 -416 2048 ) (3968 -416 3072 ) (3968 0 3072 ) 
4 108 112 (3712 -416 2048 ) (3712 0 2048 ) (3968 0 2048 ) (3968 -416 2048 ) 
4 108 110 (3712 0 2048 ) (3712 -416 2048 ) (3712 -416 3072 ) (3712 0 3072 ) 
4 109 124 (3712 -512 3824 ) (3584 -512 3824 ) (3584 -512 3072 ) (3712 -512 3072 ) 
4 109 122 (3584.001709 -512 3072 ) (3584.001709 -512 3824 ) (3520 -447.998169 3824 ) (3520 -447.998138 3072 ) 
4 109 118 (3520 -448 3072 ) (3520 -448 3824 ) (3520 0 3824 ) (3520 0 3072 ) 
5 109 110 (3520 -448 3072 ) (3520 0 3072 ) (3712 0 3072 ) (3712 -512 3072 ) (3584 -512 3072 ) 
4 110 124 (3584 -512 3072 ) (3584 -512 2048 ) (3712 -512 2048 ) (3712 -512 3072 ) 
4 110 122 (3584.001953 -512 2048 ) (3584.001709 -512 3072 ) (3520 -447.998138 3072 ) (3520 -447.998108 2048 ) 
4 110 119 (3520 -448 2048 ) (3520 -448 3072 ) (3520 0 3072 ) (3520 0 2048 ) 
5 110 113 (3712 -512 2048 ) (3584 -512 2048 ) (3520 -448 2048 ) (3520 0 2048 ) (3712 0 2048 ) 
4 111 124 (4096 -512 1024 ) (4096 -512 2048 ) (3968 -512 2048 ) (3968 -512 1024 ) 
4 111 114 (4096 -512 1024 ) (3968 -512 1024 ) (3968 0 1024 ) (4096 0 1024 ) 
4 111 112 (3968 0 1024 ) (3968 -416 1024 ) (3968 -416 2048 ) (3968 0 2048 ) 
4 112 115 (3712 -416 1024 ) (3712 0 1024 ) (3968 0 1024 ) (3968 -416 1024 ) 
4 112 113 (3712 0 1024 ) (3712 -416 1024 ) (3712 -416 2048 ) (3712 0 2048 ) 
4 113 124 (3712 -512 2048 ) (3584 -512 2048 ) (3584 -512 1024 ) (3712 -512 1024 ) 
4 113 122 (3584.001953 -512 1024 ) (3584.001953 -512 2048 ) (3520 -447.998108 2048 ) (3520 -447.998077 1024 ) 
4 113 120 (3520 -448 1024 ) (3520 -448 2048 ) (3520 0 2048 ) (3520 0 1024 ) 
5 113 116 (3712 -512 1024 ) (3584 -512 1024 ) (3520 -448 1024 ) (3520 0 1024 ) (3712 0 1024 ) 
4 114 124 (4096 -512 192 ) (4096 -512 1024 ) (3968 -512 1024 ) (3968 -512 192 ) 
4 114 117 (4096 -512 192 ) (3968 -512 192 ) (3968 0 192 ) (4096 0 192 ) 
4 114 115 (3968 0 192 ) (3968 -416 192 ) (3968 -416 1024 ) (3968 0 1024 ) 
4 115 117 (3712 -416 192 ) (3712 0 192 ) (3968 0 192 ) (3968 -416 192 ) 
4 115 116 (3712 0 192 ) (3712 -416 192 ) (3712 -416 1024 ) (3712 0 1024 ) 
4 116 124 (3712 -512 1024 ) (3584 -512 1024 ) (3584 -512 192 ) (3712 -512 192 ) 
4 116 123 (3584.001953 -512 192 ) (3584.001953 -512 1024 ) (3520 -447.998077 1024 ) (3520 -447.998047 192 ) 
4 116 121 (3520 -448 192 ) (3520 -448 1024 ) (3520 0 1024 ) (3520 0 192 ) 
5 116 117 (3712 -512 192 ) (3584 -512 192 ) (3520 -448 192 ) (3520 0 192 ) (3712 0 192 ) 
4 117 124 (4096 -512 -6144 ) (4096 -512 192 ) (3584 -512 192 ) (3584 -512 -6144 ) 
4 117 123 (3584.002197 -512 -6144 ) (3584.001953 -512 192 ) (3520 -447.998047 192 ) (3520 -447.997833 -6144 ) 
4 117 121 (3520 -448 -6144 ) (3520 -448 192 ) (3520 0 192 ) (3520 0 -6144 ) 
4 118 125 (3456 0 3824 ) (3456 0 3072 ) (3456 -384 3072 ) (3456 -384 3824 ) 
4 118 122 (3456 -383.998169 3824 ) (3456 -383.998138 3072 ) (3520 -447.998138 3072 ) (3520 -447.998169 3824 ) 
4 118 119 (3520 0 3072 ) (3520 -448 3072 ) (3456 -384 3072 ) (3456 0 3072 ) 
4 119 125 (3456 0 3072 ) (3456 0 2048 ) (3456 -384 2048 ) (3456 -384 3072 ) 
4 119 122 (3456 -383.998138 3072 ) (3456 -383.998108 2048 ) (3520 -447.998108 2048 ) (3520 -447.998138 3072 ) 
4 119 120 (3520 0 2048 ) (3520 -448 2048 ) (3456 -384 2048 ) (3456 0 2048 ) 
4 120 125 (3456 0 2048 ) (3456 0 1024 ) (3456 -384 1024 ) (3456 -384 2048 ) 
4 120 122 (3456 -383.998108 2048 ) (3456 -383.998077 1024 ) (3520 -447.998077 1024 ) (3520 -447.998108 2048 ) 
4 120 121 (3520 0 1024 ) (3520 -448 1024 ) (3456 -384 1024 ) (3456 0 1024 ) 
4 121 125 (3456 0 1024 ) (3456 0 -6144 ) (3456 -384 -6144 ) (3456 -384 1024 ) 
4 121 123 (3456 -383.998077 1024 ) (3456 -383.997864 -6144 ) (3520 -447.997833 -6144 ) (3520 -447.998077 1024 ) 
4 122 125 (3456 -384 4864 ) (3456 -384 1024 ) (3456 -512 1024 ) (3456 -512 4864 ) 
4 122 124 (3456 -512 4864 ) (3456 -512 1024 ) (3584 -512 1024 ) (3584 -512 4864 ) 
3 122 123 (3456 -384 1024 ) (3584 -512 1024 ) (3456 -512 1024 ) 
4 123 125 (3456 -384 1024 ) (3456 -384 -6144 ) (3456 -512 -6144 ) (3456 -512 1024 ) 
4 123 124 (3456 -512 1024 ) (3456 -512 -6144 ) (3584 -512 -6144 ) (3584 -512 1024 ) 
4 124 133 (4096 -1024 -6144 ) (4096 -1024 4864 ) (3456 -1024 4864 ) (3456 -1024 -6144 ) 
4 124 125 (3456 -512 4864 ) (3456 -512 -6144 ) (3456 -1024 -6144 ) (3456 -1024 4864 ) 
4 125 133 (3456 -1024 -6144 ) (3456 -1024 4864 ) (3328 -1024 4864 ) (3328 -1024 -6144 ) 
4 125 128 (3328 -304 -2512 ) (3328 -304 -2480 ) (3328 -296 -2480 ) (3328 -296 -2512 ) 
4 125 127 (3328 -304 -2480 ) (3328 -304 4864 ) (3328 -296 4864 ) (3328 -296 -2480 ) 
4 125 129 (3328 -296 -6144 ) (3328 -304 -6144 ) (3328 -304 -2512 ) (3328 -296 -2512 ) 
4 125 126 (3328 0 -6144 ) (3328 -296 -6144 ) (3328 -296 4864 ) (3328 0 4864 ) 
4 125 130 (3328 -304 -6144 ) (3328 -1024 -6144 ) (3328 -1024 4864 ) (3328 -304 4864 ) 
4 126 128 (3136 -296 -2480 ) (3136 -296 -2512 ) (3328 -296 -2512 ) (3328 -296 -2480 ) 
4 126 127 (3136 -296 4864 ) (3136 -296 -2480 ) (3328 -296 -2480 ) (3328 -296 4864 ) 
4 126 129 (3136 -296 -2512 ) (3136 -296 -6144 ) (3328 -296 -6144 ) (3328 -296 -2512 ) 
4 126 131 (3136 0 -6144 ) (3136 -296 -6144 ) (3136 -296 4864 ) (3136 0 4864 ) 
4 127 130 (3136 -304 4864 ) (3136 -304 -2480 ) (3328 -304 -2480 ) (3328 -304 4864 ) 
4 127 131 (3136 -304 -2480 ) (3136 -304 4864 ) (3136 -296 4864 ) (3136 -296 -2480 ) 
4 127 128 (3328 -304 -2480 ) (3136 -304 -2480 ) (3136 -296 -2480 ) (3328 -296 -2480 ) 
4 128 129 (3328 -304 -2512 ) (3136 -304 -2512 ) (3136 -296 -2512 ) (3328 -296 -2512 ) 
4 128 130 (3136 -304 -2480 ) (3136 -304 -2512 ) (3328 -304 -2512 ) (3328 -304 -2480 ) 
4 128 131 (3136 -304 -2512 ) (3136 -304 -2480 ) (3136 -296 -2480 ) (3136 -296 -2512 ) 
4 129 131 (3136 -296 -6144 ) (3136 -304 -6144 ) (3136 -304 -2512 ) (3136 -296 -2512 ) 
4 129 130 (3136 -304 -2512 ) (3136 -304 -6144 ) (3328 -304 -6144 ) (3328 -304 -2512 ) 
4 130 133 (3328 -1024 4864 ) (3136 -1024 4864 ) (3136 -1024 -6144 ) (3328 -1024 -6144 ) 
4 130 131 (3136 -304 -6144 ) (3136 -1024 -6144 ) (3136 -1024 4864 ) (3136 -304 4864 ) 
4 131 165 (3072 -1024 -6144 ) (3072 -1024 4864 ) (3072 -504 4864 ) (3072 -504 -6144 ) 
4 131 164 (3072 -504 4864 ) (3072 0 4864 ) (3072 0 -6144 ) (3072 -504 -6144 ) 
4 131 133 (3136 -1024 4864 ) (3072 -1024 4864 ) (3072 -1024 -6144 ) (3136 -1024 -6144 ) 
4 132 134 (4224 -2048 4864 ) (4096 -2048 4864 ) (4096 -2048 -6144 ) (4224 -2048 -6144 ) 
4 132 133 (4096 -1024 4864 ) (4096 -1024 -6144 ) (4096 -2048 -6144 ) (4096 -2048 4864 ) 
4 133 167 (3072 -2048 -6144 ) (3072 -2048 4864 ) (3072 -1024 4864 ) (3072 -1024 -6144 ) 
4 133 135 (4096 -2048 -6144 ) (4096 -2048 4864 ) (3072 -2048 4864 ) (3072 -2048 -6144 ) 
4 134 136 (4224 -3072 4864 ) (4096 -3072 4864 ) (4096 -3072 -6144 ) (4224 -3072 -6144 ) 
4 134 135 (4096 -2048 4864 ) (4096 -2048 -6144 ) (4096 -3072 -6144 ) (4096 -3072 4864 ) 
4 135 183 (3072 -3072 -6144 ) (3072 -3072 4864 ) (3072 -2048 4864 ) (3072 -2048 -6144 ) 
4 135 137 (3072 -3072 4864 ) (3072 -3072 -6144 ) (4096 -3072 -6144 ) (4096 -3072 4864 ) 
4 136 137 (4096 -3072 4864 ) (4096 -3072 -6144 ) (4096 -3456 -6144 ) (4096 -3456 4864 ) 
4 137 186 (3072 -3456 4864 ) (3072 -3072 4864 ) (3072 -3072 -6144 ) (3072 -3456 -6144 ) 
4 138 149 (3072 2048 -6144 ) (3072 2048 4864 ) (2624 2048 4864 ) (2624 2048 -6144 ) 
4 138 139 (2624 2560 4864 ) (2624 2560 -1024 ) (2624 2544 -1024 ) (2624 2544 4864 ) 
4 138 140 (2624 2560 -2432 ) (2624 2560 -6144 ) (2624 2544 -6144 ) (2624 2544 -2432 ) 
4 138 141 (2624 2544 -6144 ) (2624 2048 -6144 ) (2624 2048 4864 ) (2624 2544 4864 ) 
4 139 142 (2048 2544 4864 ) (2048 2560 4864 ) (2048 2560 -1024 ) (2048 2544 -1024 ) 
4 139 141 (2624 2544 -1024 ) (2624 2544 4864 ) (2048 2544 4864 ) (2048 2544 -1024 ) 
4 140 143 (2048 2560 -2432 ) (2048 2560 -6144 ) (2048 2544 -6144 ) (2048 2544 -2432 ) 
4 140 141 (2048 2544 -6144 ) (2624 2544 -6144 ) (2624 2544 -2432 ) (2048 2544 -2432 ) 
4 141 149 (2624 2048 4864 ) (2048 2048 4864 ) (2048 2048 -6144 ) (2624 2048 -6144 ) 
4 141 144 (2048 2048 -6144 ) (2048 2048 4864 ) (2048 2544 4864 ) (2048 2544 -6144 ) 
4 142 145 (1024 2544 4864 ) (1024 2560 4864 ) (1024 2560 -1024 ) (1024 2544 -1024 ) 
4 142 144 (2048 2544 -1024 ) (2048 2544 4864 ) (1024 2544 4864 ) (1024 2544 -1024 ) 
4 143 146 (1024 2560 -2432 ) (1024 2560 -6144 ) (1024 2544 -6144 ) (1024 2544 -2432 ) 
4 143 144 (1024 2544 -6144 ) (2048 2544 -6144 ) (2048 2544 -2432 ) (1024 2544 -2432 ) 
4 144 151 (2048 2048 -6144 ) (2048 2048 4864 ) (1024 2048 4864 ) (1024 2048 -6144 ) 
4 144 147 (1024 2048 -6144 ) (1024 2048 4864 ) (1024 2544 4864 ) (1024 2544 -6144 ) 
4 145 148 (704 2560 4864 ) (704 2560 -1024 ) (704 2544 -1024 ) (704 2544 4864 ) 
4 145 147 (704 2544 4864 ) (704 2544 -1024 ) (1024 2544 -1024 ) (1024 2544 4864 ) 
4 146 147 (704 2544 -2432 ) (704 2544 -6144 ) (1024 2544 -6144 ) (1024 2544 -2432 ) 
4 146 148 (704 2560 -2432 ) (704 2560 -6144 ) (704 2544 -6144 ) (704 2544 -2432 ) 
4 147 152 (1024 2048 -6144 ) (1024 2048 4864 ) (704 2048 4864 ) (704 2048 -6144 ) 
4 147 148 (704 2544 -6144 ) (704 2048 -6144 ) (704 2048 4864 ) (704 2544 4864 ) 
4 148 155 (0 2048 -6144 ) (0 2048 4864 ) (0 2560 4864 ) (0 2560 -6144 ) 
4 148 152 (704 2048 4864 ) (0 2048 4864 ) (0 2048 -6144 ) (704 2048 -6144 ) 
4 149 151 (2048 2048 4864 ) (2048 2048 -6144 ) (2048 1024 -6144 ) (2048 1024 4864 ) 
4 149 150 (3072 1024 -6144 ) (3072 1024 4864 ) (2048 1024 4864 ) (2048 1024 -6144 ) 
4 150 164 (3072 0 -6144 ) (3072 0 4864 ) (2048 0 4864 ) (2048 0 -6144 ) 
4 150 153 (2048 0 -6144 ) (2048 0 4864 ) (2048 1024 4864 ) (2048 1024 -6144 ) 
4 151 153 (2048 1024 -6144 ) (2048 1024 4864 ) (1024 1024 4864 ) (1024 1024 -6144 ) 
4 151 152 (1024 2048 4864 ) (1024 2048 -6144 ) (1024 1024 -6144 ) (1024 1024 4864 ) 
4 152 158 (0 1024 -6144 ) (0 1024 4864 ) (0 2048 4864 ) (0 2048 -6144 ) 
4 152 154 (1024 1024 -6144 ) (1024 1024 4864 ) (0 1024 4864 ) (0 1024 -6144 ) 
4 153 173 (1912 0 4864 ) (1024 0 4864 ) (1024 0 -6144 ) (1912 0 -6144 ) 
4 153 171 (2048 0 -6144 ) (2048 0 4864 ) (1912 0 4864 ) (1912 0 -6144 ) 
4 153 154 (1024 1024 4864 ) (1024 1024 -6144 ) (1024 0 -6144 ) (1024 0 4864 ) 
4 154 174 (1024 0 -6144 ) (1024 0 4864 ) (0 0 4864 ) (0 0 -6144 ) 
4 154 160 (0 0 -6144 ) (0 0 4864 ) (0 1024 4864 ) (0 1024 -6144 ) 
4 155 158 (0 2048 -6144 ) (0 2048 4864 ) (-1024 2048 4864 ) (-1024 2048 -6144 ) 
4 155 156 (-1024 2048 -6144 ) (-1024 2048 4864 ) (-1024 2560 4864 ) (-1024 2560 -6144 ) 
4 156 159 (-1024 2048 -6144 ) (-1024 2048 4864 ) (-2048 2048 4864 ) (-2048 2048 -6144 ) 
4 156 157 (-2048 2048 -6144 ) (-2048 2048 4864 ) (-2048 2560 4864 ) (-2048 2560 -6144 ) 
4 157 162 (-2048 2048 -6144 ) (-2048 2048 4864 ) (-2560 2048 4864 ) (-2560 2048 -6144 ) 
4 158 160 (0 1024 -6144 ) (0 1024 4864 ) (-1024 1024 4864 ) (-1024 1024 -6144 ) 
4 158 159 (-1024 2048 4864 ) (-1024 2048 -6144 ) (-1024 1024 -6144 ) (-1024 1024 4864 ) 
4 159 162 (-2048 2048 4864 ) (-2048 2048 -6144 ) (-2048 1024 -6144 ) (-2048 1024 4864 ) 
4 159 161 (-1024 1024 -6144 ) (-1024 1024 4864 ) (-2048 1024 4864 ) (-2048 1024 -6144 ) 
4 160 189 (0 0 -6144 ) (0 0 4864 ) (-1024 0 4864 ) (-1024 0 -6144 ) 
4 160 161 (-1024 1024 4864 ) (-1024 1024 -6144 ) (-1024 0 -6144 ) (-1024 0 4864 ) 
4 161 190 (-1024 0 -6144 ) (-1024 0 4864 ) (-2048 0 4864 ) (-2048 0 -6144 ) 
4 161 163 (-2048 0 -6144 ) (-2048 0 4864 ) (-2048 1024 4864 ) (-2048 1024 -6144 ) 
4 162 163 (-2048 1024 -6144 ) (-2048 1024 4864 ) (-2560 1024 4864 ) (-2560 1024 -6144 ) 
4 163 193 (-2048 0 -6144 ) (-2048 0 4864 ) (-2560 0 4864 ) (-2560 0 -6144 ) 
4 164 171 (2048 0 4864 ) (2048 0 -6144 ) (2048 -504 -6144 ) (2048 -504 4864 ) 
4 164 166 (2048 -504 -6144 ) (2184 -504 -6144 ) (2184 -504 4864 ) (2048 -504 4864 ) 
4 164 165 (2184 -504 -6144 ) (3072 -504 -6144 ) (3072 -504 4864 ) (2184 -504 4864 ) 
4 165 167 (3072 -1024 -6144 ) (3072 -1024 4864 ) (2184 -1024 4864 ) (2184 -1024 -6144 ) 
4 165 166 (2184 -1024 4864 ) (2184 -504 4864 ) (2184 -504 -6144 ) (2184 -1024 -6144 ) 
4 166 172 (2048 -504 -6144 ) (2048 -1024 -6144 ) (2048 -1024 4864 ) (2048 -504 4864 ) 
4 166 168 (2184 -1024 4864 ) (2048 -1024 4864 ) (2048 -1024 -6144 ) (2184 -1024 -6144 ) 
4 167 183 (3072 -2048 -6144 ) (3072 -2048 4864 ) (2184 -2048 4864 ) (2184 -2048 -6144 ) 
4 167 169 (2184 -1144 -6144 ) (2184 -1672 -6144 ) (2184 -1672 4864 ) (2184 -1144 4864 ) 
4 167 168 (2184 -1024 4864 ) (2184 -1024 -6144 ) (2184 -1144 -6144 ) (2184 -1144 4864 ) 
4 167 170 (2184 -1672 -6144 ) (2184 -2048 -6144 ) (2184 -2048 4864 ) (2184 -1672 4864 ) 
4 168 175 (2048 -1144 4864 ) (2048 -1024 4864 ) (2048 -1024 -6144 ) (2048 -1144 -6144 ) 
4 168 169 (2048 -1144 -6144 ) (2184 -1144 -6144 ) (2184 -1144 4864 ) (2048 -1144 4864 ) 
4 169 177 (2048 -1672 4864 ) (2048 -1144 4864 ) (2048 -1144 -6144 ) (2048 -1672 -6144 ) 
4 169 170 (2048 -1672 -6144 ) (2184 -1672 -6144 ) (2184 -1672 4864 ) (2048 -1672 4864 ) 
4 170 183 (2184 -2048 -6144 ) (2184 -2048 4864 ) (2048 -2048 4864 ) (2048 -2048 -6144 ) 
4 170 178 (2048 -2048 -6144 ) (2048 -2048 4864 ) (2048 -1672 4864 ) (2048 -1672 -6144 ) 
4 171 173 (1912 0 4864 ) (1912 0 -6144 ) (1912 -504 -6144 ) (1912 -504 4864 ) 
4 171 172 (2048 -504 4864 ) (1912 -504 4864 ) (1912 -504 -6144 ) (2048 -504 -6144 ) 
4 172 175 (2048 -1024 -6144 ) (2048 -1024 4864 ) (1912 -1024 4864 ) (1912 -1024 -6144 ) 
4 172 173 (1912 -504 -6144 ) (1912 -1024 -6144 ) (1912 -1024 4864 ) (1912 -504 4864 ) 
4 173 176 (1024 -1024 4864 ) (1024 -1024 -6144 ) (1912 -1024 -6144 ) (1912 -1024 4864 ) 
4 173 174 (1024 0 4864 ) (1024 0 -6144 ) (1024 -1024 -6144 ) (1024 -1024 4864 ) 
4 174 189 (0 0 4864 ) (0 0 -6144 ) (0 -1024 -6144 ) (0 -1024 4864 ) 
4 174 182 (1016 -1024 4864 ) (0 -1024 4864 ) (0 -1024 -6144 ) (1016 -1024 -6144 ) 
4 174 179 (1024 -1024 -6144 ) (1024 -1024 4864 ) (1016 -1024 4864 ) (1016 -1024 -6144 ) 
4 175 177 (1912 -1144 -6144 ) (2048 -1144 -6144 ) (2048 -1144 4864 ) (1912 -1144 4864 ) 
4 175 176 (1912 -1024 -6144 ) (1912 -1144 -6144 ) (1912 -1144 4864 ) (1912 -1024 4864 ) 
4 176 179 (1024 -1024 4864 ) (1024 -1024 -6144 ) (1024 -1144 -6144 ) (1024 -1144 4864 ) 
4 176 177 (1024 -1144 4864 ) (1024 -1144 -6144 ) (1912 -1144 -6144 ) (1912 -1144 4864 ) 
4 177 180 (1024 -1144 -6144 ) (1024 -1672 -6144 ) (1024 -1672 4864 ) (1024 -1144 4864 ) 
4 177 178 (1024 -1672 -6144 ) (2048 -1672 -6144 ) (2048 -1672 4864 ) (1024 -1672 4864 ) 
4 178 184 (2048 -2048 -6144 ) (2048 -2048 4864 ) (1024 -2048 4864 ) (1024 -2048 -6144 ) 
4 178 181 (1024 -1672 -6144 ) (1024 -2048 -6144 ) (1024 -2048 4864 ) (1024 -1672 4864 ) 
4 179 182 (1016 -1144 4864 ) (1016 -1024 4864 ) (1016 -1024 -6144 ) (1016 -1144 -6144 ) 
4 179 180 (1016 -1144 -6144 ) (1024 -1144 -6144 ) (1024 -1144 4864 ) (1016 -1144 4864 ) 
4 180 182 (1016 -1672 4864 ) (1016 -1144 4864 ) (1016 -1144 -6144 ) (1016 -1672 -6144 ) 
4 180 181 (1016 -1672 -6144 ) (1024 -1672 -6144 ) (1024 -1672 4864 ) (1016 -1672 4864 ) 
4 181 185 (1024 -2048 -6144 ) (1024 -2048 4864 ) (1016 -2048 4864 ) (1016 -2048 -6144 ) 
4 181 182 (1016 -2048 -6144 ) (1016 -2048 4864 ) (1016 -1672 4864 ) (1016 -1672 -6144 ) 
4 182 191 (0 -2048 -6144 ) (0 -2048 4864 ) (0 -1024 4864 ) (0 -1024 -6144 ) 
4 182 185 (1016 -2048 -6144 ) (1016 -2048 4864 ) (0 -2048 4864 ) (0 -2048 -6144 ) 
4 183 186 (3072 -3072 -6144 ) (3072 -3072 4864 ) (2048 -3072 4864 ) (2048 -3072 -6144 ) 
4 183 184 (2048 -3072 -6144 ) (2048 -3072 4864 ) (2048 -2048 4864 ) (2048 -2048 -6144 ) 
4 184 187 (2048 -3072 -6144 ) (2048 -3072 4864 ) (1024 -3072 4864 ) (1024 -3072 -6144 ) 
4 184 185 (1024 -2048 4864 ) (1024 -2048 -6144 ) (1024 -3072 -6144 ) (1024 -3072 4864 ) 
4 185 195 (0 -3072 -6144 ) (0 -3072 4864 ) (0 -2048 4864 ) (0 -2048 -6144 ) 
4 185 188 (0 -3072 4864 ) (0 -3072 -6144 ) (1024 -3072 -6144 ) (1024 -3072 4864 ) 
4 186 187 (2048 -3072 4864 ) (2048 -3072 -6144 ) (2048 -3456 -6144 ) (2048 -3456 4864 ) 
4 187 188 (1024 -3072 4864 ) (1024 -3072 -6144 ) (1024 -3456 -6144 ) (1024 -3456 4864 ) 
4 188 197 (0 -3456 4864 ) (0 -3072 4864 ) (0 -3072 -6144 ) (0 -3456 -6144 ) 
4 189 191 (0 -1024 -6144 ) (0 -1024 4864 ) (-1024 -1024 4864 ) (-1024 -1024 -6144 ) 
4 189 190 (-1024 0 4864 ) (-1024 0 -6144 ) (-1024 -1024 -6144 ) (-1024 -1024 4864 ) 
4 190 193 (-2048 0 4864 ) (-2048 0 -6144 ) (-2048 -1024 -6144 ) (-2048 -1024 4864 ) 
4 190 192 (-1024 -1024 -6144 ) (-1024 -1024 4864 ) (-2048 -1024 4864 ) (-2048 -1024 -6144 ) 
4 191 195 (0 -2048 -6144 ) (0 -2048 4864 ) (-1024 -2048 4864 ) (-1024 -2048 -6144 ) 
4 191 192 (-1024 -1024 4864 ) (-1024 -1024 -6144 ) (-1024 -2048 -6144 ) (-1024 -2048 4864 ) 
4 192 196 (-1024 -2048 -6144 ) (-1024 -2048 4864 ) (-2048 -2048 4864 ) (-2048 -2048 -6144 ) 
4 192 194 (-2048 -2048 -6144 ) (-2048 -2048 4864 ) (-2048 -1024 4864 ) (-2048 -1024 -6144 ) 
4 193 194 (-2048 -1024 -6144 ) (-2048 -1024 4864 ) (-2560 -1024 4864 ) (-2560 -1024 -6144 ) 
4 194 199 (-2048 -2048 -6144 ) (-2048 -2048 4864 ) (-2560 -2048 4864 ) (-2560 -2048 -6144 ) 
4 195 197 (0 -3072 -6144 ) (0 -3072 4864 ) (-1024 -3072 4864 ) (-1024 -3072 -6144 ) 
4 195 196 (-1024 -2048 4864 ) (-1024 -2048 -6144 ) (-1024 -3072 -6144 ) (-1024 -3072 4864 ) 
4 196 199 (-2048 -2048 4864 ) (-2048 -2048 -6144 ) (-2048 -3072 -6144 ) (-2048 -3072 4864 ) 
4 196 198 (-1024 -3072 -6144 ) (-1024 -3072 4864 ) (-2048 -3072 4864 ) (-2048 -3072 -6144 ) 
4 197 198 (-1024 -3456 4864 ) (-1024 -3072 4864 ) (-1024 -3072 -6144 ) (-1024 -3456 -6144 ) 
4 198 200 (-2048 -3456 4864 ) (-2048 -3072 4864 ) (-2048 -3072 -6144 ) (-2048 -3456 -6144 ) 
4 199 200 (-2048 -3072 -6144 ) (-2048 -3072 4864 ) (-2560 -3072 4864 ) (-2560 -3072 -6144 ) 
