PRT1
321
812
4 0 98 (1456 0 1407 ) (1192 0 1407 ) (1192 0 1011 ) (1456 0 1011 ) 
4 0 8 (1456 0 1011 ) (1192 0 1011 ) (1192 496 1011 ) (1456 496 1011 ) 
4 0 5 (1192 0 1081 ) (1192 0 1407 ) (1192 112 1407 ) (1192 112 1081 ) 
4 0 6 (1192 112 1011 ) (1192 0 1011 ) (1192 0 1049 ) (1192 112 1049 ) 
4 0 4 (1192 336 1011 ) (1192 112 1011 ) (1192 112 1407 ) (1192 336 1407 ) 
4 0 2 (1192 456 1081 ) (1192 496 1081 ) (1192 496 1049 ) (1192 456 1049 ) 
4 0 1 (1192 336 1081 ) (1192 336 1407 ) (1192 496 1407 ) (1192 496 1081 ) 
4 0 3 (1192 496 1011 ) (1192 336 1011 ) (1192 336 1049 ) (1192 496 1049 ) 
4 1 25 (1024 336 1407 ) (1024 496 1407 ) (1024 496 1081 ) (1024 336 1081 ) 
4 1 4 (1192 336 1081 ) (1192 336 1407 ) (1024 336 1407 ) (1024 336 1081 ) 
4 1 2 (1024 456 1081 ) (1024 496 1081 ) (1192 496 1081 ) (1192 456 1081 ) 
4 2 26 (1024 496 1081 ) (1024 496 1049 ) (1024 456 1049 ) (1024 456 1081 ) 
4 2 3 (1024 456 1049 ) (1024 496 1049 ) (1192 496 1049 ) (1192 456 1049 ) 
4 3 27 (1024 496 1049 ) (1024 496 1011 ) (1024 336 1011 ) (1024 336 1049 ) 
4 3 9 (1060 496 1011 ) (1132 496 1011 ) (1132 336 1011 ) (1060 336 1011 ) 
4 3 8 (1132 496 1011 ) (1192 496 1011 ) (1192 336 1011 ) (1132 336 1011 ) 
4 3 11 (1024 336 1011 ) (1024 496 1011 ) (1060 496 1011 ) (1060 336 1011 ) 
4 3 4 (1024 336 1011 ) (1192 336 1011 ) (1192 336 1049 ) (1024 336 1049 ) 
4 4 28 (1024 112 1407 ) (1024 336 1407 ) (1024 336 1011 ) (1024 112 1011 ) 
4 4 9 (1060 336 1011 ) (1132 336 1011 ) (1132 112 1011 ) (1060 112 1011 ) 
4 4 8 (1132 336 1011 ) (1192 336 1011 ) (1192 112 1011 ) (1132 112 1011 ) 
4 4 11 (1024 112 1011 ) (1024 336 1011 ) (1060 336 1011 ) (1060 112 1011 ) 
4 4 5 (1192 112 1081 ) (1192 112 1407 ) (1024 112 1407 ) (1024 112 1081 ) 
4 4 6 (1024 112 1011 ) (1192 112 1011 ) (1192 112 1049 ) (1024 112 1049 ) 
4 5 99 (1192 0 1407 ) (1024 0 1407 ) (1024 0 1081 ) (1192 0 1081 ) 
4 5 29 (1024 0 1081 ) (1024 0 1407 ) (1024 112 1407 ) (1024 112 1081 ) 
4 6 100 (1024 0 1049 ) (1024 0 1011 ) (1192 0 1011 ) (1192 0 1049 ) 
4 6 30 (1024 0 1011 ) (1024 0 1049 ) (1024 112 1049 ) (1024 112 1011 ) 
4 6 9 (1132 0 1011 ) (1060 0 1011 ) (1060 112 1011 ) (1132 112 1011 ) 
4 6 8 (1192 0 1011 ) (1132 0 1011 ) (1132 112 1011 ) (1192 112 1011 ) 
4 6 11 (1060 0 1011 ) (1024 0 1011 ) (1024 112 1011 ) (1060 112 1011 ) 
4 7 12 (1600 304 953 ) (1504 304 953 ) (1504 480 953 ) (1600 480 953 ) 
4 8 102 (1132 0 957 ) (1132 0 953 ) (1192 0 953 ) (1192 0 957 ) 
4 8 100 (1192 0 1011 ) (1132 0 1011 ) (1132 0 957 ) (1192 0 957 ) 
4 8 98 (1456 0 1011 ) (1192 0 1011 ) (1192 0 953 ) (1456 0 953 ) 
4 8 13 (1132 496 953 ) (1456 496 953 ) (1456 0 953 ) (1132 0 953 ) 
4 8 10 (1132 424 953 ) (1132 24 953 ) (1132 24 957 ) (1132 424 957 ) 
4 8 9 (1132 496 1011 ) (1132 496 957 ) (1132 0 957 ) (1132 0 1011 ) 
4 9 100 (1132 0 1011 ) (1060 0 1011 ) (1060 0 957 ) (1132 0 957 ) 
4 9 10 (1060 24 957 ) (1060 424 957 ) (1132 424 957 ) (1132 24 957 ) 
4 9 11 (1060 496 1011 ) (1060 496 957 ) (1060 0 957 ) (1060 0 1011 ) 
4 10 17 (1132 424 953 ) (1132 24 953 ) (1060 24 953 ) (1060 424 953 ) 
4 10 11 (1060 424 953 ) (1060 24 953 ) (1060 24 957 ) (1060 424 957 ) 
4 11 103 (1024 0 957 ) (1024 0 953 ) (1060 0 953 ) (1060 0 957 ) 
4 11 100 (1060 0 1011 ) (1024 0 1011 ) (1024 0 957 ) (1060 0 957 ) 
4 11 30 (1024 0 953 ) (1024 0 1011 ) (1024 112 1011 ) (1024 112 953 ) 
4 11 28 (1024 112 1011 ) (1024 336 1011 ) (1024 336 953 ) (1024 112 953 ) 
4 11 27 (1024 336 1011 ) (1024 496 1011 ) (1024 496 953 ) (1024 336 953 ) 
4 11 20 (1024 0 953 ) (1024 20 953 ) (1060 20 953 ) (1060 0 953 ) 
4 11 18 (1024 20 953 ) (1024 428 953 ) (1060 428 953 ) (1060 20 953 ) 
4 11 16 (1024 428 953 ) (1024 496 953 ) (1060 496 953 ) (1060 428 953 ) 
4 13 104 (1456 0 953 ) (1132 0 953 ) (1132 0 915 ) (1456 0 915 ) 
4 13 17 (1132 24 953 ) (1132 424 953 ) (1132 424 915 ) (1132 24 915 ) 
4 13 14 (1132 0 915 ) (1132 496 915 ) (1456 496 915 ) (1456 0 915 ) 
4 14 104 (1456 0 915 ) (1132 0 915 ) (1132 0 845 ) (1456 0 845 ) 
4 14 21 (1456 0 845 ) (1132 0 845 ) (1132 496 845 ) (1456 496 845 ) 
4 14 17 (1132 424 845 ) (1132 24 845 ) (1132 24 915 ) (1132 424 915 ) 
4 16 27 (1024 428 953 ) (1024 496 953 ) (1024 496 845 ) (1024 428 845 ) 
4 16 24 (1024 428 845 ) (1024 496 845 ) (1060 496 845 ) (1060 428 845 ) 
4 16 18 (1024 428 845 ) (1060 428 845 ) (1060 428 953 ) (1024 428 953 ) 
4 17 22 (1132 424 845 ) (1132 24 845 ) (1060 24 845 ) (1060 424 845 ) 
4 17 18 (1060 424 845 ) (1060 24 845 ) (1060 24 953 ) (1060 424 953 ) 
4 18 30 (1024 20 953 ) (1024 112 953 ) (1024 112 845 ) (1024 20 845 ) 
4 18 28 (1024 112 953 ) (1024 336 953 ) (1024 336 845 ) (1024 112 845 ) 
4 18 27 (1024 336 953 ) (1024 428 953 ) (1024 428 845 ) (1024 336 845 ) 
4 18 24 (1024 20 845 ) (1024 428 845 ) (1060 428 845 ) (1060 20 845 ) 
4 18 20 (1024 20 845 ) (1060 20 845 ) (1060 20 953 ) (1024 20 953 ) 
4 19 105 (1128 0 953 ) (1064 0 953 ) (1064 0 845 ) (1128 0 845 ) 
4 20 106 (1060 0 953 ) (1024 0 953 ) (1024 0 845 ) (1060 0 845 ) 
4 20 30 (1024 0 845 ) (1024 0 953 ) (1024 20 953 ) (1024 20 845 ) 
4 20 24 (1060 0 845 ) (1024 0 845 ) (1024 20 845 ) (1060 20 845 ) 
4 21 107 (1456 0 639 ) (1456 0 845 ) (1132 0 845 ) (1132 0 639 ) 
4 21 22 (1132 424 841 ) (1132 24 841 ) (1132 24 845 ) (1132 424 845 ) 
4 21 23 (1132 496 841 ) (1132 496 639 ) (1132 0 639 ) (1132 0 841 ) 
4 22 24 (1060 424 841 ) (1060 24 841 ) (1060 24 845 ) (1060 424 845 ) 
4 22 23 (1060 24 841 ) (1060 424 841 ) (1132 424 841 ) (1132 24 841 ) 
4 23 108 (1060 0 841 ) (1060 0 639 ) (1132 0 639 ) (1132 0 841 ) 
4 23 24 (1060 496 841 ) (1060 496 639 ) (1060 0 639 ) (1060 0 841 ) 
4 24 109 (1060 0 845 ) (1024 0 845 ) (1024 0 639 ) (1060 0 639 ) 
4 24 30 (1024 0 639 ) (1024 0 845 ) (1024 112 845 ) (1024 112 639 ) 
4 24 28 (1024 112 845 ) (1024 336 845 ) (1024 336 639 ) (1024 112 639 ) 
4 24 27 (1024 336 845 ) (1024 496 845 ) (1024 496 639 ) (1024 336 639 ) 
4 25 31 (1000 336 1407 ) (1000 496 1407 ) (1000 496 1081 ) (1000 336 1081 ) 
4 25 28 (1000 336 1407 ) (1000 336 1081 ) (1024 336 1081 ) (1024 336 1407 ) 
4 25 26 (1000 456 1081 ) (1000 496 1081 ) (1024 496 1081 ) (1024 456 1081 ) 
4 26 31 (1000 496 1081 ) (1000 496 1049 ) (1000 456 1049 ) (1000 456 1081 ) 
4 26 27 (1000 456 1049 ) (1000 496 1049 ) (1024 496 1049 ) (1024 456 1049 ) 
4 27 31 (1000 496 1049 ) (1000 496 639 ) (1000 336 639 ) (1000 336 1049 ) 
4 27 28 (1000 336 1049 ) (1000 336 639 ) (1024 336 639 ) (1024 336 1049 ) 
4 28 35 (1000 112 1407 ) (1000 272 1407 ) (1000 272 639 ) (1000 112 639 ) 
4 28 31 (1000 272 1407 ) (1000 336 1407 ) (1000 336 639 ) (1000 272 639 ) 
4 28 29 (1000 112 1407 ) (1000 112 1081 ) (1024 112 1081 ) (1024 112 1407 ) 
4 28 30 (1000 112 1049 ) (1000 112 639 ) (1024 112 639 ) (1024 112 1049 ) 
4 29 111 (1024 0 1081 ) (1024 0 1407 ) (1000 0 1407 ) (1000 0 1081 ) 
4 29 35 (1000 0 1081 ) (1000 0 1407 ) (1000 112 1407 ) (1000 112 1081 ) 
4 30 115 (1024 0 639 ) (1024 0 896 ) (1000 0 896 ) (1000 0 639 ) 
4 30 112 (1024 0 896 ) (1024 0 1049 ) (1000 0 1049 ) (1000 0 896 ) 
4 30 35 (1000 0 639 ) (1000 0 1049 ) (1000 112 1049 ) (1000 112 639 ) 
4 31 35 (792 272 639 ) (1000 272 639 ) (1000 272 1407 ) (792 272 1407 ) 
4 31 32 (792 496 1407 ) (792 496 827 ) (792 344 827 ) (792 344 1407 ) 
4 31 34 (792 496 827 ) (792 496 639 ) (792 272 639 ) (792 272 827 ) 
4 32 40 (592 320 1023 ) (592 320 895 ) (592 272 895 ) (592 272 1023 ) 
4 32 36 (592 272 1407 ) (592 272 827 ) (747 272 827 ) (747 272 1407 ) 
4 32 33 (747 272 1407 ) (747 272 827 ) (772 312 827 ) (772 312 1407 ) 
5 32 34 (592 496 827 ) (792 496 827 ) (792 344 827 ) (747 272 827 ) (592 272 827 ) 
4 33 36 (747 272 827 ) (760 272 827 ) (760 272 1407 ) (747 272 1407 ) 
3 33 34 (760 272 827 ) (747 272 827 ) (772 312 827 ) 
4 34 36 (592 272 827 ) (592 272 639 ) (792 272 639 ) (792 272 827 ) 
4 35 115 (1000 0 639 ) (1000 0 896 ) (792 0 896 ) (792 0 639 ) 
4 35 113 (1000 0 896 ) (1000 0 1407 ) (792 0 1407 ) (792 0 896 ) 
4 35 37 (792 0 827 ) (792 0 1407 ) (792 104 1407 ) (792 104 827 ) 
4 35 39 (792 176 639 ) (792 0 639 ) (792 0 827 ) (792 176 827 ) 
4 35 36 (792 272 1407 ) (792 272 639 ) (792 176 639 ) (792 176 1407 ) 
4 36 40 (592 272 1023 ) (592 272 895 ) (592 176 895 ) (592 176 1023 ) 
4 36 38 (747 176 827 ) (760 176 827 ) (760 176 1407 ) (747 176 1407 ) 
4 36 37 (592 176 1407 ) (592 176 827 ) (747 176 827 ) (747 176 1407 ) 
4 36 39 (592 176 827 ) (592 176 639 ) (792 176 639 ) (792 176 827 ) 
4 37 115 (592 0 896 ) (592 0 827 ) (792 0 827 ) (792 0 896 ) 
4 37 113 (792 0 1407 ) (592 0 1407 ) (592 0 896 ) (792 0 896 ) 
4 37 40 (592 176 1023 ) (592 176 895 ) (592 128 895 ) (592 128 1023 ) 
4 37 38 (772 136 827 ) (747 176 827 ) (747 176 1407 ) (772 136 1407 ) 
5 37 39 (592 0 827 ) (592 176 827 ) (747 176 827 ) (792 104 827 ) (792 0 827 ) 
3 38 39 (747 176 827 ) (760 176 827 ) (772 136 827 ) 
4 39 115 (592 0 827 ) (592 0 639 ) (792 0 639 ) (792 0 827 ) 
4 40 44 (576 128 896 ) (576 128 1023 ) (576 320 1023 ) (576 320 896 ) 
4 41 42 (480 288 1088 ) (544 288 1088 ) (544 160 1088 ) (480 160 1088 ) 
4 42 43 (576 128 1086 ) (480 128 1086 ) (480 320 1086 ) (576 320 1086 ) 
4 43 44 (576 128 1024 ) (480 128 1024 ) (480 320 1024 ) (576 320 1024 ) 
4 44 45 (448 288 896 ) (448 160 896 ) (448 160 1024 ) (448 288 1024 ) 
4 45 54 (416 288 896 ) (416 160 896 ) (416 160 992 ) (416 288 992 ) 
4 45 49 (416 160 992 ) (416 160 1024 ) (416 288 1024 ) (416 288 992 ) 
4 46 78 (352 128 1030 ) (352 128 1056 ) (352 168 1056 ) (352 168 1030 ) 
4 46 73 (352 168 1056 ) (352 192 1056 ) (352 192 1030 ) (352 168 1030 ) 
4 46 47 (352 192 1030 ) (356 192 1030 ) (356 128 1030 ) (352 128 1030 ) 
4 47 78 (352 168 1024 ) (352 128 1024 ) (352 128 1030 ) (352 168 1030 ) 
4 47 73 (352 192 1024 ) (352 168 1024 ) (352 168 1030 ) (352 192 1030 ) 
4 47 52 (352 128 1024 ) (352 192 1024 ) (356 192 1024 ) (356 128 1024 ) 
4 48 73 (352 352 992 ) (352 324 992 ) (352 324 1024 ) (352 352 1024 ) 
4 48 52 (352 324 992 ) (356 324 992 ) (356 324 1024 ) (352 324 1024 ) 
4 49 54 (416 320 992 ) (416 128 992 ) (399.421997 128 992 ) (399.421997 320 992 ) 
4 49 50 (399.421997 320 1024 ) (399.421997 320 992 ) (399.421997 128 992 ) (399.421997 128 1024 ) 
4 50 55 (399.421997 128 992 ) (398.421997 128 992 ) (398.421997 320 992 ) (399.421997 320 992 ) 
4 50 51 (398.421997 320 1024 ) (398.421997 320 992 ) (398.421997 128 992 ) (398.421997 128 1024 ) 
4 51 56 (398.421997 128 992 ) (356 128 992 ) (356 320 992 ) (398.421997 320 992 ) 
4 51 52 (356 320 992 ) (356 128 992 ) (356 128 1024 ) (356 320 1024 ) 
4 52 78 (352 168 992 ) (352 126 992 ) (352 126 1024 ) (352 168 1024 ) 
4 52 73 (352 324 992 ) (352 168 992 ) (352 168 1024 ) (352 324 1024 ) 
4 52 56 (352 128 992 ) (352 320 992 ) (356 320 992 ) (356 128 992 ) 
4 52 53 (352 126 992 ) (356 126 992 ) (356 126 1024 ) (352 126 1024 ) 
4 53 78 (352 126 992 ) (352 96 992 ) (352 96 1024 ) (352 126 1024 ) 
4 54 55 (399.421997 320 992 ) (399.421997 320 896 ) (399.421997 128 896 ) (399.421997 128 992 ) 
4 55 56 (398.421997 320 992 ) (398.421997 320 896 ) (398.421997 128 896 ) (398.421997 128 992 ) 
4 56 78 (352 168 896 ) (352 128 896 ) (352 128 992 ) (352 168 992 ) 
4 56 75 (352 320 896 ) (352 168 896 ) (352 168 981.966492 ) (352 320 971.611206 ) 
4 56 73 (352 168 981.966492 ) (352 168 992 ) (352 320 992 ) (352 320 971.611206 ) 
4 57 118 (224 0 1696 ) (96 0 1696 ) (96 0 1664 ) (224 0 1664 ) 
4 57 116 (352 0 1664 ) (352 0 1696 ) (224 0 1696 ) (224 0 1664 ) 
4 57 59 (352 64 1664 ) (352 0 1664 ) (96 0 1664 ) (96 64 1664 ) 
4 57 58 (96 64 1664 ) (96 0 1664 ) (96 0 1696 ) (96 64 1696 ) 
4 58 197 (0 0 1664 ) (0 0 1696 ) (0 224 1696 ) (0 224 1664 ) 
4 58 118 (96 0 1696 ) (0 0 1696 ) (0 0 1664 ) (96 0 1664 ) 
4 58 59 (96 224 1664 ) (96 0 1664 ) (0 0 1664 ) (0 224 1664 ) 
4 59 202 (0 176 1344 ) (0 256 1344 ) (0 256 1288 ) (0 176 1288 ) 
4 59 204 (0 0 1288 ) (0 0 1344 ) (0 176 1344 ) (0 176 1288 ) 
4 59 201 (0 0 1344 ) (0 0 1664 ) (0 256 1664 ) (0 256 1344 ) 
4 59 199 (0 256 1664 ) (0 304 1664 ) (0 304 1288 ) (0 256 1288 ) 
4 59 118 (224 0 1664 ) (0 0 1664 ) (0 0 1288 ) (224 0 1288 ) 
4 59 116 (352 0 1288 ) (352 0 1664 ) (224 0 1664 ) (224 0 1288 ) 
4 59 62 (32 0 1288 ) (0 0 1288 ) (0 96 1288 ) (32 96 1288 ) 
4 59 61 (352 224 1288 ) (352 0 1288 ) (224 0 1288 ) (224 224 1288 ) 
4 59 60 (320 224 1288 ) (256 224 1288 ) (256 288 1288 ) (320 288 1288 ) 
4 60 73 (256 288 1280 ) (320 288 1280 ) (320 224 1280 ) (256 224 1280 ) 
4 60 61 (256 224 1280 ) (320 224 1280 ) (320 224 1288 ) (256 224 1288 ) 
4 61 116 (352 0 1280 ) (352 0 1288 ) (224 0 1288 ) (224 0 1280 ) 
4 61 78 (352 168 1280 ) (352 0 1280 ) (224 0 1280 ) (224 168 1280 ) 
4 61 73 (224 224 1280 ) (352 224 1280 ) (352 168 1280 ) (224 168 1280 ) 
4 62 207 (0 0 1280 ) (0 0 1288 ) (0 96 1288 ) (0 96 1280 ) 
4 62 121 (32 0 1288 ) (0 0 1288 ) (0 0 1280 ) (32 0 1280 ) 
4 62 82 (0 0 1280 ) (0 96 1280 ) (32 96 1280 ) (32 0 1280 ) 
3 63 69 (224 368 896 ) (255.316528 368 896 ) (224 368 1087.380737 ) 
4 63 68 (192.480835 368 1280 ) (160 368 1280 ) (160 368 1216 ) (202.953445 368 1216 ) 
4 63 67 (352 443.215424 898.885681 ) (352 451.295349 962.666443 ) (254.259933 375.348724 960.471191 ) (259.067200 371.004364 896.799988 ) 
4 63 66 (255.317413 368 896 ) (352 442.849854 896 ) (352 443.215424 898.885681 ) (255.200699 368 896.713196 ) 
4 63 64 (352 451.295349 962.666443 ) (352 491.496094 1280 ) (192.481720 368 1280 ) (244.802444 368 960.258789 ) 
5 64 70 (288 368 1152 ) (224 368 1152 ) (224 368 1087.380859 ) (244.801575 368 960.258789 ) (288 368 963.515747 ) 
4 64 68 (288 368 1280 ) (192.480835 368 1280 ) (202.953461 368 1216 ) (288 368 1216 ) 
4 64 67 (254.262955 375.344818 960.471008 ) (352 451.289001 962.666199 ) (352 448.772034 962.837646 ) (255.475098 373.771362 960.669617 ) 
3 64 65 (352 368 968.340454 ) (248.047455 368 960.502808 ) (352 448.772034 962.837646 ) 
4 65 71 (288 368 963.515747 ) (248.047333 368 960.503479 ) (258.612000 368 896 ) (288 368 896 ) 
4 65 67 (255.474152 373.772583 960.670471 ) (352 448.773987 962.838562 ) (352 440.686890 899.058350 ) (260.284912 369.423645 897 ) 
4 65 66 (352 440.686890 899.058350 ) (352 440.299103 896 ) (258.609680 368 896 ) (258.452667 368 896.958740 ) 
4 66 72 (255.199844 368 896.713135 ) (255.316528 368 896 ) (258.612000 368 896 ) (258.454956 368 896.958923 ) 
4 66 67 (352 443.218719 898.885742 ) (259.065582 371.006470 896.799988 ) (260.285645 369.422668 897 ) (352 440.684631 899.058960 ) 
4 68 73 (288 352 1280 ) (160 352 1280 ) (160 352 1216 ) (288 352 1216 ) 
4 69 74 (224 352 959.780396 ) (224 352 896 ) (234.649521 352 896 ) (224.210266 352 959.796265 ) 
3 69 73 (224 352 961.081177 ) (224 352 959.780396 ) (224.210266 352 959.796265 ) 
4 69 72 (234.610947 352 896.251221 ) (234.652054 352 896 ) (255.319153 368 896 ) (255.202423 368 896.713318 ) 
4 69 70 (224 368 1087.396729 ) (224 352 961.096558 ) (224.212753 352 959.796387 ) (244.804169 368 960.258911 ) 
5 70 73 (288 352 1152 ) (224 352 1152 ) (224 352 961.081177 ) (224.210266 352 959.796265 ) (288 352 964.605774 ) 
4 70 71 (248.047409 368 960.502991 ) (288 368 963.515259 ) (288 352 964.605286 ) (227.455643 352 960.040527 ) 
4 71 75 (237.944458 352 896 ) (288 352 896 ) (288 352 964.605774 ) (227.455551 352 960.040955 ) 
4 71 72 (258.453796 368 896.958740 ) (258.610809 368 896 ) (237.941833 352 896 ) (237.860519 352 896.496521 ) 
4 72 77 (234.608444 352 896.251038 ) (234.649521 352 896 ) (237.944458 352 896 ) (237.863113 352 896.496704 ) 
4 73 219 (0 352 1152 ) (0 352 942.891602 ) (0 168 955.426941 ) (0 168 1152 ) 
4 73 217 (0 168 1280 ) (0 352 1280 ) (0 352 1152 ) (0 168 1152 ) 
4 73 81 (192 168 1280 ) (0 168 1280 ) (0 168 955.426941 ) (192 168 969.903076 ) 
4 73 80 (224 168 1280 ) (192 168 1280 ) (192 168 969.903076 ) (224 168 972.315735 ) 
4 73 78 (352 168 981.966492 ) (352 168 1280 ) (224 168 1280 ) (224 168 972.315735 ) 
4 73 76 (0 175.265091 954.931946 ) (0 177.782837 954.760437 ) (203.722992 336.080841 959.335876 ) (204.942184 334.506897 959.535034 ) 
5 73 75 (352 168 981.966431 ) (0 168 955.426941 ) (0 175.265091 954.931946 ) (227.455597 352 960.040710 ) (352 352 969.430908 ) 
3 73 74 (0 177.782837 954.760437 ) (0 352 942.891418 ) (224.210281 352 959.796021 ) 
4 74 219 (0 352 942.891602 ) (0 352 896 ) (0 170.338913 896 ) (0 177.782837 954.760498 ) 
3 74 77 (234.649002 352 896 ) (234.607941 352 896.250977 ) (223.426010 343.311371 896 ) 
4 74 76 (203.723297 336.080597 959.331848 ) (0 177.782623 954.756287 ) (0 170.339218 896 ) (208.503586 331.758728 896 ) 
3 75 219 (0 168 897.634338 ) (0 168 955.426941 ) (0 175.265091 954.932007 ) 
5 75 81 (192 168 969.903076 ) (0 168 955.426941 ) (0 168 897.634338 ) (0.267679 168 896 ) (192 168 896 ) 
4 75 80 (224 168 972.315735 ) (192 168 969.903076 ) (192 168 896 ) (224 168 896 ) 
4 75 78 (352 168 896 ) (352 168 981.966492 ) (224 168 972.315735 ) (224 168 896 ) 
3 75 77 (237.858002 352 896.496338 ) (237.939285 352 896 ) (215.744858 334.817902 896 ) 
5 75 76 (0.262903 168 896 ) (0 168 897.605103 ) (0 175.269272 954.933289 ) (204.940170 334.509521 959.536438 ) (209.739624 330.168884 896 ) 
5 76 219 (0 168 896 ) (0 168 897.634338 ) (0 175.265091 954.932007 ) (0 177.782837 954.760498 ) (0 170.338913 896 ) 
3 76 81 (0.267679 168 896 ) (0 168 897.634338 ) (0 168 896 ) 
4 78 116 (352 0 896 ) (352 0 1280 ) (224 0 1280 ) (224 0 896 ) 
4 78 80 (224 168 1280 ) (224 168 896 ) (224 0 896 ) (224 0 1280 ) 
4 78 79 (224 0 896 ) (224 168 896 ) (352 168 896 ) (352 0 896 ) 
4 79 117 (352 0 888 ) (352 0 896 ) (224 0 896 ) (224 0 888 ) 
4 80 119 (224 0 1280 ) (192 0 1280 ) (192 0 896 ) (224 0 896 ) 
4 80 81 (192 168 1280 ) (192 168 896 ) (192 160 896 ) (192 160 1280 ) 
4 80 82 (192 160 896 ) (192 0 896 ) (192 0 1280 ) (192 160 1280 ) 
4 81 220 (0 168 1152 ) (0 168 896 ) (0 160 896 ) (0 160 1152 ) 
4 81 217 (0 160 1280 ) (0 168 1280 ) (0 168 1152 ) (0 160 1152 ) 
4 81 82 (192 160 896 ) (192 160 1280 ) (0 160 1280 ) (0 160 896 ) 
4 82 220 (0 0 896 ) (0 0 1152 ) (0 160 1152 ) (0 160 896 ) 
4 82 217 (0 0 1152 ) (0 0 1280 ) (0 160 1280 ) (0 160 1152 ) 
4 82 122 (0 0 896 ) (0 0 888 ) (192 0 888 ) (192 0 896 ) 
4 82 119 (192 0 1280 ) (32 0 1280 ) (32 0 896 ) (192 0 896 ) 
4 82 121 (32 0 1280 ) (0 0 1280 ) (0 0 896 ) (32 0 896 ) 
4 82 97 (192 0 888 ) (0 0 888 ) (0 160 888 ) (192 160 888 ) 
4 83 85 (292 228 880 ) (292 228 888 ) (292 356 888 ) (292 356 880 ) 
4 83 86 (292 356 760 ) (292 228 760 ) (292 228 864 ) (292 356 864 ) 
4 83 84 (292 384 888 ) (292 384 760 ) (292 356 760 ) (292 356 888 ) 
4 83 87 (292 228 760 ) (292 168 760 ) (292 168 888 ) (292 228 888 ) 
4 84 88 (284 384 888 ) (284 384 760 ) (284 356 760 ) (284 356 888 ) 
4 84 85 (284 356 888 ) (284 356 880 ) (292 356 880 ) (292 356 888 ) 
4 84 86 (284 356 864 ) (284 356 760 ) (292 356 760 ) (292 356 864 ) 
4 85 93 (284 228 880 ) (284 228 888 ) (284 304 888 ) (284 304 880 ) 
4 85 89 (284 348 888 ) (284 356 888 ) (284 356 880 ) (284 348 880 ) 
4 85 91 (284 304 888 ) (284 348 888 ) (284 348 880 ) (284 304 880 ) 
4 85 87 (284 228 888 ) (284 228 880 ) (292 228 880 ) (292 228 888 ) 
4 86 93 (284 304 760 ) (284 228 760 ) (284 228 864 ) (284 304 864 ) 
4 86 90 (284 356 760 ) (284 348 760 ) (284 348 864 ) (284 356 864 ) 
4 86 91 (284 348 760 ) (284 304 760 ) (284 304 864 ) (284 348 864 ) 
4 86 87 (284 228 864 ) (284 228 760 ) (292 228 760 ) (292 228 864 ) 
4 87 93 (284 228 760 ) (284 168 760 ) (284 168 888 ) (284 228 888 ) 
4 88 92 (236 384 888 ) (236 384 760 ) (236 356 760 ) (236 356 888 ) 
4 88 89 (236 356 888 ) (236 356 880 ) (284 356 880 ) (284 356 888 ) 
4 88 90 (236 356 864 ) (236 356 760 ) (284 356 760 ) (284 356 864 ) 
4 89 92 (236 348 880 ) (236 348 888 ) (236 356 888 ) (236 356 880 ) 
4 89 91 (236 348 888 ) (236 348 880 ) (284 348 880 ) (284 348 888 ) 
4 90 92 (236 356 760 ) (236 348 760 ) (236 348 864 ) (236 356 864 ) 
4 90 91 (236 348 864 ) (236 348 760 ) (284 348 760 ) (284 348 864 ) 
4 91 93 (256 304 760 ) (284 304 760 ) (284 304 888 ) (256 304 888 ) 
4 91 92 (236 348 760 ) (236 304 760 ) (236 304 888 ) (236 348 888 ) 
4 93 94 (256 288 760 ) (256 168 760 ) (256 168 888 ) (256 288 888 ) 
4 94 221 (0 168 888 ) (0 288 888 ) (0 288 760 ) (0 168 760 ) 
4 94 96 (192 168 824 ) (192 168 888 ) (0 168 888 ) (0 168 824 ) 
4 94 95 (200 168 888 ) (192 168 888 ) (192 168 824 ) (200 168 824 ) 
4 95 123 (200 0 888 ) (192 0 888 ) (192 0 824 ) (200 0 824 ) 
4 95 97 (192 160 824 ) (192 0 824 ) (192 0 888 ) (192 160 888 ) 
4 95 96 (192 168 888 ) (192 168 824 ) (192 160 824 ) (192 160 888 ) 
4 96 222 (0 160 888 ) (0 168 888 ) (0 168 824 ) (0 160 824 ) 
4 96 97 (192 160 824 ) (192 160 888 ) (0 160 888 ) (0 160 824 ) 
4 97 222 (0 0 824 ) (0 0 888 ) (0 160 888 ) (0 160 824 ) 
4 97 124 (0 0 824 ) (0 0 816 ) (192 0 816 ) (192 0 824 ) 
4 97 123 (192 0 888 ) (0 0 888 ) (0 0 824 ) (192 0 824 ) 
4 98 104 (1456 -48 953 ) (1192 -48 953 ) (1192 0 953 ) (1456 0 953 ) 
4 98 102 (1192 0 953 ) (1192 -48 953 ) (1192 -48 957 ) (1192 0 957 ) 
4 98 99 (1192 -8 1407 ) (1192 0 1407 ) (1192 0 1081 ) (1192 -8 1081 ) 
4 98 100 (1192 0 1049 ) (1192 0 957 ) (1192 -8 957 ) (1192 -8 1049 ) 
4 98 101 (1192 -48 957 ) (1192 -48 1407 ) (1192 -8 1407 ) (1192 -8 957 ) 
4 99 111 (1024 0 1407 ) (1024 0 1081 ) (1024 -8 1081 ) (1024 -8 1407 ) 
4 99 101 (1192 -8 1081 ) (1192 -8 1407 ) (1024 -8 1407 ) (1024 -8 1081 ) 
4 100 112 (1024 0 1049 ) (1024 0 957 ) (1024 -8 957 ) (1024 -8 1049 ) 
4 100 103 (1024 0 957 ) (1060 0 957 ) (1060 -8 957 ) (1024 -8 957 ) 
4 100 102 (1132 0 957 ) (1192 0 957 ) (1192 -8 957 ) (1132 -8 957 ) 
4 100 101 (1024 -8 957 ) (1192 -8 957 ) (1192 -8 1049 ) (1024 -8 1049 ) 
4 101 114 (1024 -8 957 ) (1024 -48 957 ) (1024 -48 1407 ) (1024 -8 1407 ) 
4 101 103 (1060 -48 957 ) (1024 -48 957 ) (1024 -8 957 ) (1060 -8 957 ) 
4 101 102 (1192 -8 957 ) (1192 -48 957 ) (1132 -48 957 ) (1132 -8 957 ) 
4 102 104 (1192 -48 953 ) (1132 -48 953 ) (1132 0 953 ) (1192 0 953 ) 
4 103 114 (1024 -8 953 ) (1024 -48 953 ) (1024 -48 957 ) (1024 -8 957 ) 
4 103 112 (1024 0 957 ) (1024 0 953 ) (1024 -8 953 ) (1024 -8 957 ) 
4 103 106 (1060 -48 953 ) (1024 -48 953 ) (1024 0 953 ) (1060 0 953 ) 
4 104 107 (1456 -48 845 ) (1132 -48 845 ) (1132 0 845 ) (1456 0 845 ) 
4 106 115 (1024 0 896 ) (1024 0 845 ) (1024 -48 845 ) (1024 -48 896 ) 
4 106 114 (1024 -8 896 ) (1024 -48 896 ) (1024 -48 953 ) (1024 -8 953 ) 
4 106 112 (1024 0 953 ) (1024 0 896 ) (1024 -8 896 ) (1024 -8 953 ) 
4 106 109 (1060 -48 845 ) (1024 -48 845 ) (1024 0 845 ) (1060 0 845 ) 
4 107 108 (1132 0 639 ) (1132 -48 639 ) (1132 -48 841 ) (1132 0 841 ) 
4 108 109 (1060 0 639 ) (1060 -48 639 ) (1060 -48 841 ) (1060 0 841 ) 
4 109 115 (1024 0 845 ) (1024 0 639 ) (1024 -48 639 ) (1024 -48 845 ) 
4 110 191 (1024 -1024 784 ) (1024 -1024 192 ) (1216 -1024 192 ) (1216 -1024 784 ) 
4 110 188 (1024 -1024 800 ) (1024 -1024 784 ) (1216 -1024 784 ) (1216 -1024 800 ) 
4 110 187 (1216 -1024 1152 ) (1024 -1024 1152 ) (1024 -1024 800 ) (1216 -1024 800 ) 
4 110 186 (1280 -1024 192 ) (1280 -1024 1152 ) (1216 -1024 1152 ) (1216 -1024 192 ) 
4 110 134 (1024 -1024 192 ) (1024 -1024 1152 ) (1024 -768 1152 ) (1024 -768 192 ) 
4 111 114 (1024 -8 1081 ) (1024 -8 1407 ) (1000 -8 1407 ) (1000 -8 1081 ) 
4 111 113 (1000 -8 1081 ) (1000 -8 1407 ) (1000 0 1407 ) (1000 0 1081 ) 
4 112 115 (1000 0 896 ) (1024 0 896 ) (1024 -8 896 ) (1000 -8 896 ) 
4 112 114 (1000 -8 896 ) (1024 -8 896 ) (1024 -8 1049 ) (1000 -8 1049 ) 
4 112 113 (1000 0 896 ) (1000 -8 896 ) (1000 -8 1049 ) (1000 0 1049 ) 
4 113 115 (592 -8 896 ) (592 0 896 ) (1000 0 896 ) (1000 -8 896 ) 
4 113 114 (592 -8 1407 ) (592 -8 896 ) (1000 -8 896 ) (1000 -8 1407 ) 
4 114 115 (592 -48 896 ) (592 -8 896 ) (1024 -8 896 ) (1024 -48 896 ) 
4 116 126 (352 -64 896 ) (352 -64 1664 ) (224 -64 1664 ) (224 -64 896 ) 
4 116 125 (256 -64 1696 ) (224 -64 1696 ) (224 -64 1664 ) (256 -64 1664 ) 
4 116 119 (224 0 1280 ) (224 0 896 ) (224 -32 896 ) (224 -32 1280 ) 
4 116 120 (224 -64 896 ) (224 -64 1288 ) (224 -32 1288 ) (224 -32 896 ) 
4 116 118 (224 -64 1288 ) (224 -64 1696 ) (224 0 1696 ) (224 0 1288 ) 
4 116 117 (352 -64 896 ) (224 -64 896 ) (224 0 896 ) (352 0 896 ) 
4 117 127 (352 -64 888 ) (352 -64 896 ) (224 -64 896 ) (224 -64 888 ) 
4 118 239 (0 -64 1288 ) (0 -64 1696 ) (0 0 1696 ) (0 0 1288 ) 
4 118 126 (0 -64 1664 ) (0 -64 1288 ) (224 -64 1288 ) (224 -64 1664 ) 
4 118 125 (128 -64 1664 ) (224 -64 1664 ) (224 -64 1696 ) (128 -64 1696 ) 
4 118 120 (224 -32 1288 ) (224 -64 1288 ) (32 -64 1288 ) (32 -32 1288 ) 
4 118 121 (0 0 1288 ) (32 0 1288 ) (32 -64 1288 ) (0 -64 1288 ) 
4 119 122 (192 -32 896 ) (32 -32 896 ) (32 0 896 ) (192 0 896 ) 
4 119 120 (32 -32 1280 ) (32 -32 896 ) (224 -32 896 ) (224 -32 1280 ) 
4 119 121 (32 0 896 ) (32 -32 896 ) (32 -32 1280 ) (32 0 1280 ) 
4 120 126 (32 -64 896 ) (224 -64 896 ) (224 -64 1288 ) (32 -64 1288 ) 
4 120 121 (32 -32 896 ) (32 -64 896 ) (32 -64 1288 ) (32 -32 1288 ) 
4 121 239 (0 -64 896 ) (0 -64 1288 ) (0 0 1288 ) (0 0 896 ) 
4 121 126 (0 -64 1288 ) (0 -64 896 ) (32 -64 896 ) (32 -64 1288 ) 
4 121 122 (0 -32 896 ) (0 0 896 ) (32 0 896 ) (32 -32 896 ) 
4 122 123 (0 0 888 ) (192 0 888 ) (192 -32 888 ) (0 -32 888 ) 
4 123 299 (0 -40 888 ) (0 0 888 ) (0 0 824 ) (0 -40 824 ) 
4 123 124 (0 -32 824 ) (0 0 824 ) (192 0 824 ) (192 -32 824 ) 
4 125 126 (256 -288 1664 ) (128 -288 1664 ) (128 -64 1664 ) (256 -64 1664 ) 
4 126 240 (0 -288 896 ) (0 -288 1664 ) (0 -64 1664 ) (0 -64 896 ) 
4 126 131 (352 -288 896 ) (352 -288 1024 ) (224 -288 1024 ) (224 -288 896 ) 
4 126 130 (96 -288 1088 ) (96 -288 1024 ) (160 -288 1024 ) (160 -288 1088 ) 
4 126 128 (224 -288 896 ) (0 -288 896 ) (0 -64 896 ) (224 -64 896 ) 
4 126 127 (352 -288 896 ) (224 -288 896 ) (224 -64 896 ) (352 -64 896 ) 
4 127 129 (352 -288 888 ) (224 -288 888 ) (224 -64 888 ) (352 -64 888 ) 
4 127 128 (224 -64 888 ) (224 -288 888 ) (224 -288 896 ) (224 -64 896 ) 
4 128 300 (0 -288 888 ) (0 -288 896 ) (0 -64 896 ) (0 -64 888 ) 
4 128 129 (224 -288 888 ) (0 -288 888 ) (0 -64 888 ) (224 -64 888 ) 
4 129 301 (0 -288 880 ) (0 -288 888 ) (0 -64 888 ) (0 -64 880 ) 
4 131 132 (224 -304 1024 ) (224 -304 896 ) (352 -304 896 ) (352 -304 1024 ) 
4 132 133 (224 -320 1024 ) (224 -320 896 ) (352 -320 896 ) (352 -320 1024 ) 
4 133 144 (352 -352 896 ) (352 -352 1024 ) (224 -352 1024 ) (224 -352 896 ) 
4 134 196 (1024 -1024 192 ) (1024 -1024 784 ) (480 -1024 784 ) (480 -1024 192 ) 
4 134 193 (1024 -1024 784 ) (1024 -1024 800 ) (480 -1024 800 ) (480 -1024 784 ) 
4 134 192 (1024 -1024 800 ) (1024 -1024 1152 ) (480 -1024 1152 ) (480 -1024 800 ) 
4 134 184 (480 -1024 192 ) (480 -1024 1152 ) (480 -768 1152 ) (480 -768 192 ) 
4 135 139 (448 -480 752 ) (448 -352 752 ) (480 -352 752 ) (480 -480 752 ) 
4 135 137 (448 -352 752 ) (448 -480 752 ) (448 -480 1024 ) (448 -352 1024 ) 
4 136 139 (480 -672 752 ) (448 -672 752 ) (448 -544 752 ) (480 -544 752 ) 
4 136 137 (448 -544 752 ) (448 -672 752 ) (448 -672 1024 ) (448 -544 1024 ) 
4 137 139 (448 -672 752 ) (416 -672 752 ) (416 -352 752 ) (448 -352 752 ) 
4 137 138 (416 -416 752 ) (416 -672 752 ) (416 -672 1024 ) (416 -416 1024 ) 
4 138 146 (352 -416 752 ) (352 -672 752 ) (352 -672 896 ) (352 -416 896 ) 
4 138 144 (352 -656 1024 ) (352 -416 1024 ) (352 -416 896 ) (352 -656 896 ) 
4 138 139 (416 -672 752 ) (352 -672 752 ) (352 -416 752 ) (416 -416 752 ) 
4 139 146 (352 -352 752 ) (352 -352 740 ) (352 -672 740 ) (352 -672 752 ) 
4 140 144 (288 -544 1528 ) (288 -416 1528 ) (352 -416 1528 ) (352 -544 1528 ) 
4 140 141 (288 -416 1528 ) (288 -544 1528 ) (288 -544 1536 ) (288 -416 1536 ) 
4 141 153 (288 -672 1536 ) (224 -672 1536 ) (224 -672 1528 ) (288 -672 1528 ) 
4 141 145 (288 -672 1528 ) (224 -672 1528 ) (224 -656 1528 ) (288 -656 1528 ) 
4 141 144 (224 -656 1528 ) (224 -352 1528 ) (288 -352 1528 ) (288 -656 1528 ) 
4 141 142 (224 -416 1528 ) (224 -544 1528 ) (224 -544 1536 ) (224 -416 1536 ) 
4 141 143 (224 -608 1528 ) (224 -672 1528 ) (224 -672 1536 ) (224 -608 1536 ) 
4 142 144 (160 -544 1528 ) (160 -416 1528 ) (224 -416 1528 ) (224 -544 1528 ) 
4 143 145 (224 -672 1528 ) (160 -672 1528 ) (160 -656 1528 ) (224 -656 1528 ) 
4 143 144 (160 -656 1528 ) (160 -608 1528 ) (224 -608 1528 ) (224 -656 1528 ) 
4 144 150 (160 -656 896 ) (160 -352 896 ) (216 -352 896 ) (216 -656 896 ) 
4 144 147 (216 -352 896 ) (248 -352 896 ) (248 -656 896 ) (216 -656 896 ) 
4 144 146 (248 -352 896 ) (352 -352 896 ) (352 -656 896 ) (248 -656 896 ) 
4 144 145 (352 -656 1024 ) (352 -656 1528 ) (160 -656 1528 ) (160 -656 1024 ) 
4 145 152 (352 -672 1040 ) (352 -672 1528 ) (288 -672 1528 ) (288 -672 1040 ) 
4 145 153 (288 -672 1528 ) (224 -672 1528 ) (224 -672 1040 ) (288 -672 1040 ) 
4 146 167 (352 -672 740 ) (352 -672 752 ) (248 -672 752 ) (248 -672 740 ) 
4 146 158 (352 -672 752 ) (352 -672 760 ) (248 -672 760 ) (248 -672 752 ) 
4 146 156 (352 -672 760 ) (352 -672 896 ) (248 -672 896 ) (248 -672 760 ) 
4 146 148 (248 -672 752 ) (248 -672 758 ) (248 -352 758 ) (248 -352 752 ) 
4 146 147 (248 -672 758 ) (248 -672 896 ) (248 -352 896 ) (248 -352 758 ) 
4 146 149 (248 -352 740 ) (248 -672 740 ) (248 -672 752 ) (248 -352 752 ) 
5 147 160 (248 -672 896 ) (224 -672 896 ) (224 -672 765.500000 ) (241.600159 -672 760 ) (248 -672 760 ) 
3 147 162 (241.600159 -672 760 ) (248 -672 758 ) (248 -672 760 ) 
4 147 150 (216 -672 768 ) (216 -672 896 ) (216 -352 896 ) (216 -352 768 ) 
4 147 148 (216 -672 768 ) (216 -352 768 ) (248 -352 758 ) (248 -672 758 ) 
5 148 165 (224 -672 752 ) (248 -672 752 ) (248 -672 758 ) (241.600159 -672 760 ) (224 -672 760 ) 
3 148 163 (241.600159 -672 760 ) (224 -672 765.500000 ) (224 -672 760 ) 
4 148 151 (216 -672 752 ) (216 -672 768 ) (216 -352 768 ) (216 -352 752 ) 
4 148 149 (216 -672 752 ) (216 -352 752 ) (248 -352 752 ) (248 -672 752 ) 
4 149 167 (224 -672 740 ) (248 -672 740 ) (248 -672 752 ) (224 -672 752 ) 
4 149 151 (216 -352 740 ) (216 -672 740 ) (216 -672 752 ) (216 -352 752 ) 
4 150 151 (160 -672 768 ) (160 -352 768 ) (216 -352 768 ) (216 -672 768 ) 
4 152 153 (288 -672 1040 ) (288 -736 1040 ) (288 -736 1528 ) (288 -672 1528 ) 
4 154 178 (352 -736 904 ) (352 -736 1008 ) (224 -736 1008 ) (224 -736 904 ) 
4 154 155 (224 -736 904 ) (224 -720 912 ) (352 -720 912 ) (352 -736 904 ) 
4 155 180 (352 -736 896 ) (352 -736 904 ) (224 -736 904 ) (224 -736 896 ) 
4 155 174 (224 -736 896 ) (224 -720 896 ) (352 -720 896 ) (352 -736 896 ) 
3 156 163 (248 -693.332458 758 ) (248 -712 756.249939 ) (248 -712 758 ) 
5 156 160 (248 -712 896 ) (248 -672 896 ) (248 -672 760 ) (248 -693.332458 758 ) (248 -712 758 ) 
4 156 158 (248 -712 756.250244 ) (248 -672 760 ) (352 -672 760 ) (352 -712 756.250244 ) 
4 156 157 (248 -712 896 ) (248 -712 756.250000 ) (352 -712 756.250000 ) (352 -712 896 ) 
4 157 169 (352 -720 755.499939 ) (352 -720 896 ) (248 -720 896 ) (248 -720 755.499939 ) 
4 157 164 (248 -720 755.499939 ) (248 -720 758 ) (248 -712 758 ) (248 -712 756.249939 ) 
4 157 161 (248 -720 758 ) (248 -720 896 ) (248 -712 896 ) (248 -712 758 ) 
4 157 159 (352 -720 755.500244 ) (248 -720 755.500244 ) (248 -712 756.250244 ) (352 -712 756.250244 ) 
4 158 167 (248 -712 752 ) (248 -672 752 ) (352 -672 752 ) (352 -712 752 ) 
5 158 165 (248 -672 752 ) (248 -712 752 ) (248 -712 756.249939 ) (248 -693.332458 758 ) (248 -672 758 ) 
3 158 162 (248 -693.332458 758 ) (248 -672 760 ) (248 -672 758 ) 
4 158 159 (352 -712 756.250000 ) (248 -712 756.250000 ) (248 -712 752 ) (352 -712 752 ) 
4 159 170 (352 -720 752 ) (352 -720 755.499939 ) (248 -720 755.499939 ) (248 -720 752 ) 
4 159 168 (352 -720 752 ) (248 -720 752 ) (248 -712 752 ) (352 -712 752 ) 
4 159 166 (248 -712 752 ) (248 -720 752 ) (248 -720 755.499939 ) (248 -712 756.249939 ) 
5 160 163 (248 -693.322937 758 ) (248 -712 758 ) (224 -712 765.500977 ) (224 -672 765.500977 ) (241.603149 -672 760 ) 
3 160 162 (248 -693.335938 758 ) (241.599213 -672 760 ) (248 -672 760 ) 
4 160 161 (224 -712 765.500061 ) (248 -712 758 ) (248 -712 896 ) (224 -712 896 ) 
4 161 171 (248 -720 896 ) (224 -720 896 ) (224 -720 765.499939 ) (248 -720 758 ) 
4 161 164 (248 -712 758 ) (248 -720 758 ) (224 -720 765.500977 ) (224 -712 765.500977 ) 
3 162 165 (248 -672 758 ) (248 -693.322937 758 ) (241.603149 -672 760 ) 
5 163 165 (241.600403 -672 760 ) (248 -693.332031 758 ) (248 -712 756.249878 ) (224 -712 756.249878 ) (224 -672 760 ) 
4 163 164 (224 -712 756.250000 ) (248 -712 756.250000 ) (248 -712 758 ) (224 -712 765.500488 ) 
4 164 172 (224 -720 765.499939 ) (224 -720 755.499939 ) (248 -720 755.499939 ) (248 -720 758 ) 
4 164 166 (248 -712 756.249878 ) (248 -720 755.499878 ) (224 -720 755.499878 ) (224 -712 756.249878 ) 
4 165 167 (224 -712 752 ) (224 -672 752 ) (248 -672 752 ) (248 -712 752 ) 
4 165 166 (224 -712 752 ) (248 -712 752 ) (248 -712 756.250000 ) (224 -712 756.250000 ) 
4 166 173 (224 -720 755.499939 ) (224 -720 752 ) (248 -720 752 ) (248 -720 755.499939 ) 
4 166 168 (248 -720 752 ) (224 -720 752 ) (224 -712 752 ) (248 -712 752 ) 
4 167 168 (224 -712 740 ) (352 -712 740 ) (352 -712 752 ) (224 -712 752 ) 
4 168 175 (224 -720 740 ) (352 -720 740 ) (352 -720 752 ) (224 -720 752 ) 
4 169 179 (352 -736 768 ) (352 -736 888 ) (248 -736 888 ) (248 -736 768 ) 
4 169 172 (248 -736 754 ) (248 -736 758 ) (248 -720 758 ) (248 -720 755.499939 ) 
4 169 171 (248 -736 758 ) (248 -736 888 ) (248 -720 896 ) (248 -720 758 ) 
4 169 174 (352 -720 896 ) (248 -720 896 ) (248 -736 888 ) (352 -736 888 ) 
4 169 170 (248 -736 754 ) (248 -720 755.499878 ) (352 -720 755.499878 ) (352 -736 754 ) 
4 170 173 (248 -720 752 ) (248 -736 752 ) (248 -736 754 ) (248 -720 755.499939 ) 
4 170 175 (248 -720 752 ) (352 -720 752 ) (352 -736 752 ) (248 -736 752 ) 
4 171 179 (248 -736 888 ) (224 -736 888 ) (224 -736 768 ) (248 -736 768 ) 
4 171 174 (248 -720 896 ) (224 -720 896 ) (224 -736 888 ) (248 -736 888 ) 
4 171 172 (248 -720 758 ) (248 -736 758 ) (224 -736 765.500488 ) (224 -720 765.500488 ) 
4 172 173 (224 -720 755.499512 ) (248 -720 755.499512 ) (248 -736 754 ) (224 -736 754 ) 
4 173 175 (224 -736 752 ) (224 -720 752 ) (248 -720 752 ) (248 -736 752 ) 
4 174 180 (352 -736 888 ) (352 -736 896 ) (224 -736 896 ) (224 -736 888 ) 
4 176 183 (352 -752 1008 ) (480 -752 1008 ) (480 -752 1024 ) (352 -752 1024 ) 
4 176 177 (480 -752 1008 ) (352 -752 1008 ) (352 -736 1008 ) (480 -736 1008 ) 
4 177 183 (352 -752 768 ) (480 -752 768 ) (480 -752 1008 ) (352 -752 1008 ) 
4 177 182 (480 -752 768 ) (448 -752 768 ) (448 -736 768 ) (480 -736 768 ) 
4 177 180 (352 -752 880 ) (352 -752 896 ) (352 -736 904 ) (352 -736 888 ) 
4 177 179 (352 -736 768 ) (352 -752 768 ) (352 -752 880 ) (352 -736 888 ) 
4 177 178 (352 -752 896 ) (352 -752 1008 ) (352 -736 1008 ) (352 -736 904 ) 
4 178 183 (352 -752 896 ) (352 -752 1008 ) (224 -752 1008 ) (224 -752 896 ) 
4 178 180 (224 -752 896 ) (224 -736 904 ) (352 -736 904.001953 ) (352 -752 896.001953 ) 
4 178 181 (224 -752 896 ) (224 -752 1008 ) (224 -736 1008 ) (224 -736 904 ) 
4 179 183 (224 -752 768 ) (352 -752 768 ) (352 -752 880 ) (224 -752 880 ) 
4 179 181 (224 -736 768 ) (224 -752 768 ) (224 -752 880 ) (224 -736 888 ) 
4 179 180 (224 -736 887.998047 ) (224 -752 879.998047 ) (352 -752 880 ) (352 -736 888 ) 
4 180 183 (352 -752 880 ) (352 -752 896 ) (224 -752 896 ) (224 -752 880 ) 
4 180 181 (224 -752 880 ) (224 -752 896 ) (224 -736 904 ) (224 -736 888 ) 
4 181 183 (128 -752 1008 ) (128 -752 768 ) (224 -752 768 ) (224 -752 1008 ) 
4 182 183 (448 -752 752 ) (480 -752 752 ) (480 -752 768 ) (448 -752 768 ) 
4 183 185 (128 -768 1024 ) (128 -768 736 ) (192 -768 736 ) (192 -768 1024 ) 
4 183 184 (192 -768 736 ) (480 -768 736 ) (480 -768 1024 ) (192 -768 1024 ) 
4 184 196 (480 -1024 192 ) (480 -1024 784 ) (192 -1024 784 ) (192 -1024 192 ) 
4 184 193 (480 -1024 784 ) (480 -1024 800 ) (192 -1024 800 ) (192 -1024 784 ) 
4 184 192 (480 -1024 800 ) (480 -1024 1152 ) (192 -1024 1152 ) (192 -1024 800 ) 
4 184 185 (192 -768 1152 ) (192 -768 192 ) (192 -896 192 ) (192 -896 1152 ) 
4 186 191 (1216 -1024 784 ) (1216 -1024 192 ) (1216 -1088 192 ) (1216 -1088 784 ) 
4 186 188 (1216 -1024 800 ) (1216 -1024 784 ) (1216 -1088 784 ) (1216 -1088 800 ) 
4 186 187 (1216 -1088 1152 ) (1216 -1024 1152 ) (1216 -1024 800 ) (1216 -1088 800 ) 
4 187 192 (1024 -1024 1152 ) (1024 -1024 800 ) (1024 -1856 800 ) (1024 -1856 1152 ) 
4 187 189 (1216 -1216 800 ) (1216 -1696 800 ) (1024 -1696 800 ) (1024 -1216 800 ) 
4 187 190 (1216 -1728 800 ) (1216 -1856 800 ) (1024 -1856 800 ) (1024 -1728 800 ) 
4 187 188 (1216 -1024 800 ) (1216 -1184 800 ) (1024 -1184 800 ) (1024 -1024 800 ) 
4 188 193 (1024 -1024 800 ) (1024 -1024 784 ) (1024 -1184 784 ) (1024 -1184 800 ) 
4 188 191 (1024 -1024 784 ) (1216 -1024 784 ) (1216 -1184 784 ) (1024 -1184 784 ) 
4 189 194 (1024 -1216 784 ) (1024 -1696 784 ) (1024 -1696 800 ) (1024 -1216 800 ) 
4 189 191 (1216 -1216 784 ) (1216 -1696 784 ) (1024 -1696 784 ) (1024 -1216 784 ) 
4 190 195 (1024 -1728 784 ) (1024 -1856 784 ) (1024 -1856 800 ) (1024 -1728 800 ) 
4 190 191 (1216 -1728 784 ) (1216 -1856 784 ) (1024 -1856 784 ) (1024 -1728 784 ) 
4 191 196 (1024 -1024 784 ) (1024 -1024 192 ) (1024 -1856 192 ) (1024 -1856 784 ) 
4 192 195 (1024 -1856 800 ) (192 -1856 800 ) (192 -1728 800 ) (1024 -1728 800 ) 
4 192 193 (192 -1184 800 ) (192 -1024 800 ) (1024 -1024 800 ) (1024 -1184 800 ) 
4 192 194 (192 -1696 800 ) (192 -1216 800 ) (1024 -1216 800 ) (1024 -1696 800 ) 
4 193 196 (192 -1184 784 ) (192 -1024 784 ) (1024 -1024 784 ) (1024 -1184 784 ) 
4 194 196 (192 -1696 784 ) (192 -1216 784 ) (1024 -1216 784 ) (1024 -1696 784 ) 
4 195 196 (1024 -1856 784 ) (192 -1856 784 ) (192 -1728 784 ) (1024 -1728 784 ) 
4 197 239 (0 0 1664 ) (0 0 1696 ) (-32 0 1696 ) (-32 0 1664 ) 
4 197 201 (0 224 1664 ) (0 0 1664 ) (-32 0 1664 ) (-32 224 1664 ) 
4 197 198 (-32 64 1664 ) (-32 0 1664 ) (-32 0 1696 ) (-32 64 1696 ) 
4 198 254 (-288 0 1696 ) (-416 0 1696 ) (-416 0 1664 ) (-288 0 1664 ) 
4 198 241 (-160 0 1696 ) (-288 0 1696 ) (-288 0 1664 ) (-160 0 1664 ) 
4 198 239 (-32 0 1696 ) (-160 0 1696 ) (-160 0 1664 ) (-32 0 1664 ) 
4 198 201 (-32 64 1664 ) (-32 0 1664 ) (-416 0 1664 ) (-416 64 1664 ) 
4 199 202 (-128 256 1288 ) (0 256 1288 ) (0 256 1344 ) (-128 256 1344 ) 
4 199 201 (0 256 1344 ) (0 256 1664 ) (-128 256 1664 ) (-128 256 1344 ) 
4 200 212 (-640 512 1288 ) (-416 512 1288 ) (-416 256 1288 ) (-640 256 1288 ) 
4 200 205 (-640 256 1288 ) (-416 256 1288 ) (-416 256 1344 ) (-640 256 1344 ) 
4 200 201 (-416 256 1344 ) (-416 256 1664 ) (-640 256 1664 ) (-640 256 1344 ) 
4 201 256 (-448 0 1664 ) (-640 0 1664 ) (-640 0 1344 ) (-448 0 1344 ) 
4 201 255 (-416 0 1664 ) (-448 0 1664 ) (-448 0 1344 ) (-416 0 1344 ) 
4 201 254 (-288 0 1664 ) (-416 0 1664 ) (-416 0 1344 ) (-288 0 1344 ) 
4 201 241 (-160 0 1664 ) (-288 0 1664 ) (-288 0 1344 ) (-160 0 1344 ) 
4 201 239 (0 0 1344 ) (0 0 1664 ) (-160 0 1664 ) (-160 0 1344 ) 
4 201 205 (-640 256 1344 ) (-272 256 1344 ) (-272 0 1344 ) (-640 0 1344 ) 
4 201 202 (-176 256 1344 ) (0 256 1344 ) (0 176 1344 ) (-176 176 1344 ) 
4 201 204 (0 176 1344 ) (0 0 1344 ) (-272 0 1344 ) (-272 176 1344 ) 
4 202 204 (-176 176 1288 ) (0 176 1288 ) (0 176 1344 ) (-176 176 1344 ) 
4 203 208 (-192 224 1288 ) (-192 192 1288 ) (-256 192 1288 ) (-256 224 1288 ) 
4 203 206 (-256 256 1288 ) (-192 256 1288 ) (-192 224 1288 ) (-256 224 1288 ) 
4 204 241 (-160 0 1344 ) (-272 0 1344 ) (-272 0 1288 ) (-160 0 1288 ) 
4 204 239 (0 0 1288 ) (0 0 1344 ) (-160 0 1344 ) (-160 0 1288 ) 
4 204 210 (-256 0 1288 ) (-272 0 1288 ) (-272 160 1288 ) (-256 160 1288 ) 
4 204 209 (-192 0 1288 ) (-256 0 1288 ) (-256 160 1288 ) (-192 160 1288 ) 
4 204 207 (0 0 1288 ) (-192 0 1288 ) (-192 96 1288 ) (0 96 1288 ) 
4 204 205 (-272 0 1344 ) (-272 176 1344 ) (-272 176 1288 ) (-272 0 1288 ) 
4 205 256 (-448 0 1344 ) (-640 0 1344 ) (-640 0 1288 ) (-448 0 1288 ) 
4 205 255 (-416 0 1344 ) (-448 0 1344 ) (-448 0 1288 ) (-416 0 1288 ) 
4 205 254 (-288 0 1344 ) (-416 0 1344 ) (-416 0 1288 ) (-288 0 1288 ) 
4 205 241 (-272 0 1344 ) (-288 0 1344 ) (-288 0 1288 ) (-272 0 1288 ) 
4 205 212 (-416 0 1288 ) (-640 0 1288 ) (-640 256 1288 ) (-416 256 1288 ) 
4 205 210 (-272 0 1288 ) (-288 0 1288 ) (-288 160 1288 ) (-272 160 1288 ) 
4 205 211 (-288 0 1288 ) (-416 0 1288 ) (-416 224 1288 ) (-288 224 1288 ) 
4 206 217 (-192 224 1280 ) (-256 224 1280 ) (-256 256 1280 ) (-192 256 1280 ) 
4 206 208 (-256 224 1280 ) (-192 224 1280 ) (-192 224 1288 ) (-256 224 1288 ) 
4 207 241 (-160 0 1288 ) (-192 0 1288 ) (-192 0 1280 ) (-160 0 1280 ) 
4 207 239 (0 0 1280 ) (0 0 1288 ) (-160 0 1288 ) (-160 0 1280 ) 
4 207 217 (0 96 1280 ) (0 0 1280 ) (-192 0 1280 ) (-192 96 1280 ) 
4 207 209 (-192 96 1280 ) (-192 0 1280 ) (-192 0 1288 ) (-192 96 1288 ) 
4 208 217 (-256 192 1280 ) (-256 224 1280 ) (-192 224 1280 ) (-192 192 1280 ) 
4 209 241 (-192 0 1288 ) (-256 0 1288 ) (-256 0 1280 ) (-192 0 1280 ) 
4 209 217 (-192 0 1280 ) (-256 0 1280 ) (-256 160 1280 ) (-192 160 1280 ) 
4 209 210 (-256 160 1280 ) (-256 0 1280 ) (-256 0 1288 ) (-256 160 1288 ) 
4 210 241 (-256 0 1288 ) (-288 0 1288 ) (-288 0 1280 ) (-256 0 1280 ) 
4 210 217 (-256 0 1280 ) (-288 0 1280 ) (-288 160 1280 ) (-256 160 1280 ) 
4 210 211 (-288 160 1280 ) (-288 0 1280 ) (-288 0 1288 ) (-288 160 1288 ) 
4 211 254 (-288 0 1288 ) (-416 0 1288 ) (-416 0 1280 ) (-288 0 1280 ) 
4 211 217 (-288 0 1280 ) (-416 0 1280 ) (-416 224 1280 ) (-288 224 1280 ) 
4 211 212 (-416 224 1280 ) (-416 0 1280 ) (-416 0 1288 ) (-416 224 1288 ) 
4 212 256 (-448 0 1288 ) (-640 0 1288 ) (-640 0 1280 ) (-448 0 1280 ) 
4 212 255 (-416 0 1288 ) (-448 0 1288 ) (-448 0 1280 ) (-416 0 1280 ) 
4 212 217 (-416 352 1280 ) (-416 0 1280 ) (-640 0 1280 ) (-640 352 1280 ) 
4 212 216 (-416 384 1280 ) (-416 352 1280 ) (-640 352 1280 ) (-640 384 1280 ) 
4 212 213 (-416 512 1280 ) (-416 384 1280 ) (-640 384 1280 ) (-640 512 1280 ) 
4 213 218 (-640 512 1152 ) (-416 512 1152 ) (-416 384 1152 ) (-640 384 1152 ) 
4 213 216 (-640 384 1152 ) (-416 384 1152 ) (-416 384 1280 ) (-640 384 1280 ) 
4 214 217 (0 352 1184 ) (0 352 1248 ) (-64 352 1248 ) (-64 352 1184 ) 
4 215 217 (-352 352 1152 ) (-288 352 1152 ) (-288 352 1216 ) (-352 352 1216 ) 
4 216 218 (-640 384 1152 ) (-416 384 1152 ) (-416 352 1152 ) (-640 352 1152 ) 
4 216 217 (-640 352 1152 ) (-416 352 1152 ) (-416 352 1280 ) (-640 352 1280 ) 
4 217 256 (-448 0 1280 ) (-640 0 1280 ) (-640 0 1152 ) (-448 0 1152 ) 
4 217 255 (-416 0 1280 ) (-448 0 1280 ) (-448 0 1152 ) (-416 0 1152 ) 
4 217 254 (-288 0 1280 ) (-416 0 1280 ) (-416 0 1152 ) (-288 0 1152 ) 
4 217 245 (-288 0 1153 ) (-288 0 1152 ) (-224 0 1152 ) (-224 0 1153 ) 
4 217 243 (-224 0 1152 ) (-160 0 1152 ) (-160 0 1153 ) (-224 0 1153 ) 
4 217 241 (-160 0 1280 ) (-288 0 1280 ) (-288 0 1153 ) (-160 0 1153 ) 
4 217 239 (0 0 1152 ) (0 0 1280 ) (-160 0 1280 ) (-160 0 1152 ) 
4 217 237 (-640 352 1152 ) (-464 352 1152 ) (-464 0 1152 ) (-640 0 1152 ) 
4 217 235 (-448 64 1152 ) (-448 0 1152 ) (-464 0 1152 ) (-464 64 1152 ) 
4 217 234 (-464 352 1152 ) (-448 352 1152 ) (-448 64 1152 ) (-464 64 1152 ) 
4 217 229 (-448 352 1152 ) (-416 352 1152 ) (-416 96 1152 ) (-448 96 1152 ) 
4 217 225 (-32 64 1152 ) (-32 0 1152 ) (-416 0 1152 ) (-416 64 1152 ) 
4 217 224 (-416 352 1152 ) (-160 352 1152 ) (-160 64 1152 ) (-416 64 1152 ) 
4 217 223 (-160 352 1152 ) (-32 352 1152 ) (-32 64 1152 ) (-160 64 1152 ) 
4 217 220 (0 168 1152 ) (0 0 1152 ) (-32 0 1152 ) (-32 168 1152 ) 
4 217 219 (-32 352 1152 ) (0 352 1152 ) (0 168 1152 ) (-32 168 1152 ) 
4 218 237 (-464 352 1152 ) (-640 352 1152 ) (-640 352 880 ) (-464 352 880 ) 
4 218 234 (-448 352 1152 ) (-464 352 1152 ) (-464 352 880 ) (-448 352 880 ) 
4 218 230 (-416 352 892 ) (-416 352 1088 ) (-420 352 1088 ) (-420 352 892 ) 
4 218 231 (-448 352 1088 ) (-448 352 880 ) (-420 352 880 ) (-420 352 1088 ) 
4 218 229 (-416 352 1152 ) (-448 352 1152 ) (-448 352 1088 ) (-416 352 1088 ) 
4 219 223 (-32 352 1152 ) (-32 352 896 ) (-32 168 896 ) (-32 168 1152 ) 
4 219 220 (-32 168 1152 ) (-32 168 896 ) (0 168 896 ) (0 168 1152 ) 
4 220 239 (0 0 896 ) (0 0 1152 ) (-32 0 1152 ) (-32 0 896 ) 
4 220 225 (-32 0 896 ) (-32 0 1152 ) (-32 64 1152 ) (-32 64 896 ) 
4 220 223 (-32 64 1152 ) (-32 168 1152 ) (-32 168 896 ) (-32 64 896 ) 
4 221 228 (-32 288 760 ) (-32 168 760 ) (-32 168 880 ) (-32 288 880 ) 
4 221 222 (0 168 824 ) (0 168 888 ) (-8 168 888 ) (-8 168 824 ) 
4 222 299 (0 0 824 ) (0 0 888 ) (-8 0 888 ) (-8 0 824 ) 
4 223 225 (-32 64 896 ) (-32 64 1152 ) (-160 64 1152 ) (-160 64 896 ) 
4 223 224 (-160 352 1152 ) (-160 352 896 ) (-160 64 896 ) (-160 64 1152 ) 
4 224 230 (-416 352 1088 ) (-416 352 892 ) (-416 64 892 ) (-416 64 1088 ) 
4 224 229 (-416 352 1152 ) (-416 352 1088 ) (-416 96 1088 ) (-416 96 1152 ) 
4 224 226 (-416 64 896 ) (-416 64 892 ) (-160 64 892 ) (-160 64 896 ) 
4 224 225 (-416 64 1152 ) (-416 64 896 ) (-160 64 896 ) (-160 64 1152 ) 
4 225 254 (-288 0 1152 ) (-416 0 1152 ) (-416 0 896 ) (-288 0 896 ) 
4 225 251 (-288 0 1024 ) (-288 0 896 ) (-160 0 896 ) (-160 0 1024 ) 
4 225 245 (-224 0 1152 ) (-288 0 1152 ) (-288 0 1024 ) (-224 0 1024 ) 
4 225 243 (-160 0 1152 ) (-224 0 1152 ) (-224 0 1024 ) (-160 0 1024 ) 
4 225 239 (-32 0 896 ) (-32 0 1152 ) (-160 0 1152 ) (-160 0 896 ) 
4 225 232 (-416 0 1024 ) (-416 0 1088 ) (-416 64 1088 ) (-416 64 1024 ) 
4 225 226 (-416 0 896 ) (-416 64 896 ) (-32 64 896 ) (-32 0 896 ) 
4 226 302 (-32 0 888 ) (-32 0 896 ) (-416 0 896 ) (-416 0 888 ) 
4 226 233 (-416 0 888 ) (-416 0 896 ) (-416 64 896 ) (-416 64 888 ) 
4 226 227 (-416 0 888 ) (-416 64 888 ) (-32 64 888 ) (-32 0 888 ) 
4 227 303 (-32 0 880 ) (-32 0 888 ) (-416 0 888 ) (-416 0 880 ) 
4 227 233 (-416 64 880 ) (-416 0 880 ) (-416 0 888 ) (-416 64 888 ) 
4 229 234 (-448 352 1152 ) (-448 352 1088 ) (-448 96 1088 ) (-448 96 1152 ) 
4 229 230 (-420 352 1088 ) (-416 352 1088 ) (-416 96 1088 ) (-420 96 1088 ) 
4 229 231 (-448 96 1088 ) (-448 352 1088 ) (-420 352 1088 ) (-420 96 1088 ) 
4 230 232 (-416 64 1024 ) (-416 64 1088 ) (-420 64 1088 ) (-420 64 1024 ) 
4 230 233 (-416 64 892 ) (-416 64 896 ) (-420 64 896 ) (-420 64 892 ) 
4 230 231 (-420 64 892 ) (-420 64 1088 ) (-420 352 1088 ) (-420 352 892 ) 
4 231 234 (-448 352 1088 ) (-448 352 880 ) (-448 64 880 ) (-448 64 1088 ) 
4 231 232 (-448 64 1088 ) (-448 64 1024 ) (-420 64 1024 ) (-420 64 1088 ) 
4 231 233 (-448 64 896 ) (-448 64 880 ) (-420 64 880 ) (-420 64 896 ) 
4 233 304 (-416 0 880 ) (-416 0 896 ) (-448 0 896 ) (-448 0 880 ) 
4 233 236 (-448 0 880 ) (-448 0 896 ) (-448 64 896 ) (-448 64 880 ) 
4 234 237 (-464 352 1152 ) (-464 352 880 ) (-464 64 880 ) (-464 64 1152 ) 
4 234 235 (-464 64 1152 ) (-464 64 1088 ) (-448 64 1088 ) (-448 64 1152 ) 
4 234 236 (-464 64 1024 ) (-464 64 880 ) (-448 64 880 ) (-448 64 1024 ) 
4 235 256 (-448 0 1088 ) (-448 0 1152 ) (-464 0 1152 ) (-464 0 1088 ) 
4 235 237 (-464 0 1088 ) (-464 0 1152 ) (-464 64 1152 ) (-464 64 1088 ) 
4 236 304 (-448 0 880 ) (-448 0 896 ) (-464 0 896 ) (-464 0 880 ) 
4 236 256 (-448 0 896 ) (-448 0 1024 ) (-464 0 1024 ) (-464 0 896 ) 
4 236 237 (-464 64 880 ) (-464 0 880 ) (-464 0 1024 ) (-464 64 1024 ) 
4 237 304 (-640 0 896 ) (-640 0 880 ) (-464 0 880 ) (-464 0 896 ) 
4 237 256 (-464 0 1152 ) (-640 0 1152 ) (-640 0 896 ) (-464 0 896 ) 
4 238 309 (-1120 0 960 ) (-1120 0 1088 ) (-1536 0 1088 ) (-1536 0 960 ) 
4 239 302 (-160 0 896 ) (-32 0 896 ) (-32 -64 896 ) (-160 -64 896 ) 
4 239 251 (-160 0 1024 ) (-160 0 896 ) (-160 -64 896 ) (-160 -64 1024 ) 
4 239 243 (-160 0 1153 ) (-160 0 1024 ) (-160 -64 1024 ) (-160 -64 1153 ) 
4 239 241 (-160 0 1696 ) (-160 0 1153 ) (-160 -64 1153 ) (-160 -64 1696 ) 
4 239 240 (-160 -64 1664 ) (-160 -64 896 ) (0 -64 896 ) (0 -64 1664 ) 
4 240 302 (-32 -288 896 ) (-160 -288 896 ) (-160 -64 896 ) (-32 -64 896 ) 
4 240 300 (0 -64 896 ) (0 -288 896 ) (-32 -288 896 ) (-32 -64 896 ) 
4 240 251 (-160 -64 896 ) (-160 -288 896 ) (-160 -288 1024 ) (-160 -64 1024 ) 
4 240 243 (-160 -288 1024 ) (-160 -288 1153 ) (-160 -64 1153 ) (-160 -64 1024 ) 
4 240 242 (-160 -288 1153 ) (-160 -288 1664 ) (-160 -160 1664 ) (-160 -160 1153 ) 
4 240 241 (-160 -160 1664 ) (-160 -64 1664 ) (-160 -64 1153 ) (-160 -160 1153 ) 
4 241 257 (-288 -160 1696 ) (-288 -32 1696 ) (-288 -32 1153 ) (-288 -160 1153 ) 
4 241 254 (-288 -32 1696 ) (-288 0 1696 ) (-288 0 1153 ) (-288 -32 1153 ) 
4 241 245 (-288 -160 1153 ) (-288 0 1153 ) (-224 0 1153 ) (-224 -160 1153 ) 
4 241 243 (-224 0 1153 ) (-160 0 1153 ) (-160 -160 1153 ) (-224 -160 1153 ) 
4 241 242 (-288 -160 1153 ) (-160 -160 1153 ) (-160 -160 1664 ) (-288 -160 1664 ) 
4 242 258 (-288 -160 1664 ) (-288 -160 1153 ) (-288 -384 1153 ) (-288 -384 1664 ) 
4 242 247 (-288 -384 1153 ) (-288 -304 1153 ) (-160 -304 1153 ) (-160 -384 1153 ) 
4 242 246 (-288 -304 1153 ) (-288 -288 1153 ) (-224 -288 1153 ) (-224 -304 1153 ) 
4 242 245 (-288 -288 1153 ) (-288 -160 1153 ) (-224 -160 1153 ) (-224 -288 1153 ) 
4 242 244 (-160 -288 1153 ) (-160 -304 1153 ) (-224 -304 1153 ) (-224 -288 1153 ) 
4 242 243 (-224 -160 1153 ) (-160 -160 1153 ) (-160 -288 1153 ) (-224 -288 1153 ) 
4 243 251 (-224 0 1024 ) (-160 0 1024 ) (-160 -288 1024 ) (-224 -288 1024 ) 
4 243 245 (-224 0 1024 ) (-224 -288 1024 ) (-224 -288 1153 ) (-224 0 1153 ) 
4 243 244 (-224 -288 1153 ) (-224 -288 1152 ) (-160 -288 1152 ) (-160 -288 1153 ) 
4 244 247 (-160 -304 1152 ) (-160 -304 1153 ) (-224 -304 1153 ) (-224 -304 1152 ) 
4 244 246 (-224 -304 1152 ) (-224 -304 1153 ) (-224 -288 1153 ) (-224 -288 1152 ) 
4 245 260 (-288 -32 1056 ) (-288 -32 1024 ) (-288 -288 1024 ) (-288 -288 1056 ) 
4 245 258 (-288 -288 1153 ) (-288 -160 1153 ) (-288 -160 1056 ) (-288 -288 1056 ) 
4 245 257 (-288 -160 1153 ) (-288 -32 1153 ) (-288 -32 1056 ) (-288 -160 1056 ) 
4 245 254 (-288 -32 1153 ) (-288 0 1153 ) (-288 0 1024 ) (-288 -32 1024 ) 
4 245 251 (-288 -288 1024 ) (-288 0 1024 ) (-224 0 1024 ) (-224 -288 1024 ) 
4 245 246 (-224 -288 1088 ) (-224 -288 1153 ) (-288 -288 1153 ) (-288 -288 1088 ) 
4 246 258 (-288 -304 1153 ) (-288 -288 1153 ) (-288 -288 1088 ) (-288 -304 1088 ) 
4 246 247 (-224 -304 1088 ) (-224 -304 1153 ) (-288 -304 1153 ) (-288 -304 1088 ) 
4 247 258 (-288 -384 1153 ) (-288 -304 1153 ) (-288 -304 1056 ) (-288 -384 1056 ) 
4 248 268 (-160 -528 1056 ) (-160 -528 1153 ) (-288 -528 1153 ) (-288 -528 1056 ) 
4 248 250 (-288 -528 1056 ) (-288 -464 1056 ) (-160 -464 1056 ) (-160 -528 1056 ) 
4 249 253 (-288 -464 1024 ) (-288 -448 1024 ) (-160 -448 1024 ) (-160 -464 1024 ) 
4 249 250 (-288 -464 1024 ) (-160 -464 1024 ) (-160 -464 1025 ) (-288 -464 1025 ) 
4 250 268 (-160 -528 1024 ) (-160 -528 1056 ) (-288 -528 1056 ) (-288 -528 1024 ) 
4 250 253 (-288 -528 1024 ) (-288 -464 1024 ) (-160 -464 1024 ) (-160 -528 1024 ) 
4 251 302 (-288 0 896 ) (-160 0 896 ) (-160 -288 896 ) (-288 -288 896 ) 
4 251 260 (-288 -32 896 ) (-288 -288 896 ) (-288 -288 1024 ) (-288 -32 1024 ) 
4 251 254 (-288 0 896 ) (-288 -32 896 ) (-288 -32 1024 ) (-288 0 1024 ) 
4 251 252 (-160 -385 896 ) (-160 -385 1024 ) (-288 -385 1024 ) (-288 -385 896 ) 
4 252 253 (-160 -386 896 ) (-160 -386 1024 ) (-288 -386 1024 ) (-288 -386 896 ) 
5 253 268 (-212.606567 -528 896 ) (-160 -528 896 ) (-160 -528 1024 ) (-288 -528 1024 ) (-288 -528 902.594299 ) 
3 253 267 (-288 -528 896 ) (-212.606567 -528 896 ) (-288 -528 902.594299 ) 
4 254 302 (-416 0 896 ) (-288 0 896 ) (-288 -32 896 ) (-416 -32 896 ) 
4 254 264 (-406 -32 1024 ) (-406 -32 1056 ) (-416 -32 1056 ) (-416 -32 1024 ) 
4 254 263 (-406 -32 896 ) (-352 -32 896 ) (-352 -32 1056 ) (-406 -32 1056 ) 
4 254 260 (-352 -32 896 ) (-288 -32 896 ) (-288 -32 1056 ) (-352 -32 1056 ) 
4 254 257 (-288 -32 1056 ) (-288 -32 1696 ) (-416 -32 1696 ) (-416 -32 1056 ) 
4 254 255 (-416 -32 1152 ) (-416 -32 1664 ) (-416 0 1664 ) (-416 0 1152 ) 
4 255 259 (-416 -32 1152 ) (-416 -32 1664 ) (-448 -32 1664 ) (-448 -32 1152 ) 
4 255 256 (-448 0 1664 ) (-448 0 1152 ) (-448 -32 1152 ) (-448 -32 1664 ) 
4 256 304 (-640 0 896 ) (-448 0 896 ) (-448 -32 896 ) (-640 -32 896 ) 
4 256 266 (-640 -32 896 ) (-448 -32 896 ) (-448 -32 1056 ) (-640 -32 1056 ) 
4 256 259 (-448 -32 1056 ) (-448 -32 1664 ) (-640 -32 1664 ) (-640 -32 1056 ) 
4 257 264 (-416 -160 1056 ) (-416 -32 1056 ) (-406 -32 1056 ) (-406 -160 1056 ) 
4 257 263 (-406 -32 1056 ) (-352 -32 1056 ) (-352 -160 1056 ) (-406 -160 1056 ) 
4 257 260 (-352 -32 1056 ) (-288 -32 1056 ) (-288 -160 1056 ) (-352 -160 1056 ) 
4 257 259 (-416 -32 1056 ) (-416 -160 1056 ) (-416 -160 1696 ) (-416 -32 1696 ) 
4 257 258 (-416 -160 1664 ) (-416 -160 1056 ) (-288 -160 1056 ) (-288 -160 1664 ) 
4 258 265 (-406 -384 1056 ) (-416 -384 1056 ) (-416 -160 1056 ) (-406 -160 1056 ) 
4 258 263 (-352 -384 1056 ) (-406 -384 1056 ) (-406 -160 1056 ) (-352 -160 1056 ) 
4 258 262 (-336 -384 1056 ) (-352 -384 1056 ) (-352 -320 1056 ) (-336 -320 1056 ) 
4 258 261 (-352 -320 1056 ) (-352 -288 1056 ) (-288 -288 1056 ) (-288 -320 1056 ) 
4 258 260 (-352 -288 1056 ) (-352 -160 1056 ) (-288 -160 1056 ) (-288 -288 1056 ) 
4 258 259 (-416 -160 1056 ) (-416 -384 1056 ) (-416 -384 1664 ) (-416 -160 1664 ) 
4 259 266 (-422 -384 1056 ) (-640 -384 1056 ) (-640 -32 1056 ) (-422 -32 1056 ) 
4 259 264 (-422 -160 1056 ) (-422 -32 1056 ) (-416 -32 1056 ) (-416 -160 1056 ) 
4 259 265 (-416 -384 1056 ) (-422 -384 1056 ) (-422 -160 1056 ) (-416 -160 1056 ) 
4 260 302 (-352 -32 896 ) (-288 -32 896 ) (-288 -288 896 ) (-352 -288 896 ) 
4 260 263 (-352 -288 1056 ) (-352 -32 1056 ) (-352 -32 896 ) (-352 -288 896 ) 
4 260 261 (-352 -288 1056 ) (-352 -288 1024 ) (-288 -288 1024 ) (-288 -288 1056 ) 
4 261 263 (-352 -320 1056 ) (-352 -288 1056 ) (-352 -288 1024 ) (-352 -320 1024 ) 
4 261 262 (-352 -320 1056 ) (-352 -320 1024 ) (-336 -320 1024 ) (-336 -320 1056 ) 
4 262 263 (-352 -384 896 ) (-352 -384 1056 ) (-352 -320 1056 ) (-352 -320 896 ) 
4 263 302 (-406 -32 896 ) (-352 -32 896 ) (-352 -288 896 ) (-406 -288 896 ) 
4 263 264 (-406 -160 1056 ) (-406 -32 1056 ) (-406 -32 1024 ) (-406 -160 1024 ) 
4 263 265 (-406 -384 896 ) (-406 -384 1056 ) (-406 -160 1056 ) (-406 -160 896 ) 
4 264 266 (-422 -160 1056 ) (-422 -32 1056 ) (-422 -32 1024 ) (-422 -160 1024 ) 
4 264 265 (-422 -160 1056 ) (-422 -160 1024 ) (-406 -160 1024 ) (-406 -160 1056 ) 
4 265 304 (-416 -384 896 ) (-422 -384 896 ) (-422 -160 896 ) (-416 -160 896 ) 
4 265 302 (-406 -160 896 ) (-406 -288 896 ) (-416 -288 896 ) (-416 -160 896 ) 
4 265 266 (-422 -384 896 ) (-422 -384 1056 ) (-422 -160 1056 ) (-422 -160 896 ) 
4 266 304 (-640 -32 896 ) (-422 -32 896 ) (-422 -384 896 ) (-640 -384 896 ) 
4 267 308 (-212.606613 -532 896 ) (-212.603806 -624 896 ) (-352 -624 896 ) (-352 -532 896 ) 
3 267 274 (-352 -624 896 ) (-212.603806 -624 896 ) (-352 -624 908.192383 ) 
4 267 268 (-351.513916 -624 908.149780 ) (-212.603714 -624 896 ) (-212.606659 -528 896 ) (-351.513916 -528 908.149536 ) 
4 268 308 (-160 -532 896 ) (-160 -624 896 ) (-212.603806 -624 896 ) (-212.606613 -532 896 ) 
4 268 305 (-95.598808 -532 896 ) (-95.598564 -624 896 ) (-160 -624 896 ) (-160 -532 896 ) 
4 268 277 (-94.051041 -624 913.689514 ) (-77.498459 -624 1102.899170 ) (-327.608032 -624 1129.290039 ) (-347.468750 -624 940.334412 ) 
4 268 276 (-348.774048 -624 939.465576 ) (-351.513916 -624 908.149841 ) (-350.880798 -624 908.094482 ) (-347.573090 -624 939.339233 ) 
5 268 275 (-212.603806 -624 896 ) (-95.598572 -624 896 ) (-94.051041 -624 913.689514 ) (-347.467743 -624 940.334290 ) (-350.880798 -624 908.094482 ) 
4 268 273 (-327.438873 -624 1130.900391 ) (-331.990234 -624 1131.300049 ) (-332.037231 -624 1130.762939 ) (-327.502960 -624 1130.290283 ) 
4 268 271 (-77.498459 -624 1102.899170 ) (-76.973167 -624 1108.903687 ) (-327.438873 -624 1130.900391 ) (-327.608002 -624 1129.290039 ) 
4 268 270 (-76.973167 -624 1108.903687 ) (-7.245293 -624 1905.950439 ) (-262.263214 -624 1928.259766 ) (-331.990234 -624 1131.300049 ) 
4 268 269 (-74.176231 -624 1140.876587 ) (-95.598633 -624 896 ) (-95.599121 -528 896 ) (-74.176643 -528 1140.876465 ) 
4 269 306 (-47.414845 -532 896 ) (-47.414894 -624 896 ) (-95.598564 -624 896 ) (-95.598808 -532 896 ) 
4 269 291 (-95.598572 -624 896 ) (-47.414902 -624 896 ) (-37.515869 -624 1009.149353 ) (-85.332596 -624 1013.348572 ) 
4 269 290 (-37.515869 -624 1009.149353 ) (-26.358078 -624 1136.686768 ) (-74.176079 -624 1140.876709 ) (-85.332596 -624 1013.348572 ) 
4 270 290 (-76.973221 -624 1108.903687 ) (-74.176720 -624 1140.869995 ) (-74.176468 -720 1140.870117 ) (-76.972984 -720 1108.903564 ) 
4 270 289 (-331.990234 -720 1131.299927 ) (-76.968391 -720 1108.903076 ) (-7.240501 -720 1905.949951 ) (-262.263275 -720 1928.259644 ) 
4 270 273 (-327.438965 -720 1130.900024 ) (-331.990234 -720 1131.299683 ) (-331.990265 -624 1131.299805 ) (-327.438904 -624 1130.900146 ) 
4 270 271 (-76.968750 -720 1108.902832 ) (-327.438965 -720 1130.900024 ) (-327.438904 -624 1130.900146 ) (-76.969025 -624 1108.902954 ) 
4 271 290 (-77.498512 -624 1102.899170 ) (-76.973221 -624 1108.903687 ) (-76.972984 -720 1108.903564 ) (-77.498276 -720 1102.899048 ) 
4 271 289 (-327.608063 -720 1129.290039 ) (-77.493675 -720 1102.898682 ) (-76.968391 -720 1108.903076 ) (-327.438965 -720 1130.900269 ) 
4 271 279 (-77.496094 -720 1102.897949 ) (-327.608154 -720 1129.289063 ) (-327.608154 -719 1129.289063 ) (-77.496094 -719 1102.897949 ) 
4 271 278 (-327.608154 -719 1129.289063 ) (-327.608093 -625 1129.289063 ) (-77.496368 -625 1102.897949 ) (-77.496094 -719 1102.897949 ) 
4 271 277 (-327.608093 -625 1129.289063 ) (-327.608093 -624 1129.289063 ) (-77.496368 -624 1102.897949 ) (-77.496368 -625 1102.897949 ) 
4 271 273 (-327.502747 -720 1130.290283 ) (-327.438538 -720 1130.901611 ) (-327.438477 -624 1130.901733 ) (-327.502686 -624 1130.290283 ) 
4 272 286 (-335.564148 -720 1130.128540 ) (-340.082031 -720 1130.605225 ) (-340.082031 -719 1130.605225 ) (-335.564148 -719 1130.128540 ) 
4 272 282 (-340.082031 -719 1130.605225 ) (-340.082031 -625 1130.605225 ) (-335.564148 -625 1130.128540 ) (-335.564148 -719 1130.128540 ) 
4 272 280 (-340.082031 -625 1130.605225 ) (-340.082031 -624 1130.605225 ) (-335.564148 -624 1130.128540 ) (-335.564148 -625 1130.128540 ) 
4 272 273 (-335.459473 -624 1131.119751 ) (-335.408875 -624 1131.601440 ) (-335.408875 -720 1131.601318 ) (-335.459473 -720 1131.119751 ) 
4 273 289 (-327.503021 -720 1130.290283 ) (-327.438965 -720 1130.900269 ) (-331.990234 -720 1131.299927 ) (-332.037201 -720 1130.763062 ) 
4 274 308 (-352 -624 896 ) (-212.603882 -624 896 ) (-212.600815 -720 896 ) (-352 -720 896 ) 
3 274 288 (-352 -720 896 ) (-212.600525 -720 896 ) (-352 -720 908.192627 ) 
4 274 276 (-351.513885 -720 908.149963 ) (-350.881195 -720 908.094604 ) (-350.880798 -624 908.094360 ) (-351.513916 -624 908.149719 ) 
4 274 275 (-350.881195 -720 908.094604 ) (-212.601563 -720 896 ) (-212.604645 -624 896 ) (-350.880798 -624 908.094360 ) 
4 275 308 (-212.603882 -624 896 ) (-160 -624 896 ) (-160 -720 896 ) (-212.600815 -720 896 ) 
4 275 305 (-160 -624 896 ) (-95.598572 -624 896 ) (-95.598289 -720 896 ) (-160 -720 896 ) 
4 275 291 (-95.598534 -656 896 ) (-95.598633 -624 896 ) (-94.051102 -624 913.689514 ) (-94.051003 -656 913.689514 ) 
5 275 289 (-350.881195 -720 908.094788 ) (-212.600525 -720 896 ) (-95.593750 -720 896 ) (-94.046265 -720 913.689026 ) (-347.468170 -720 940.334351 ) 
4 275 279 (-347.468140 -720 940.334656 ) (-94.050751 -720 913.689819 ) (-94.050751 -719 913.689819 ) (-347.468140 -719 940.334656 ) 
4 275 278 (-94.050751 -719 913.689819 ) (-94.051025 -625 913.689819 ) (-347.467712 -625 940.334595 ) (-347.468140 -719 940.334656 ) 
4 275 277 (-94.051025 -625 913.689819 ) (-94.051025 -624 913.689819 ) (-347.467712 -624 940.334595 ) (-347.467712 -625 940.334595 ) 
4 275 276 (-350.880768 -624 908.094482 ) (-350.881165 -720 908.094788 ) (-347.573456 -720 939.339294 ) (-347.573029 -624 939.339294 ) 
4 276 289 (-351.513916 -720 908.150146 ) (-350.881195 -720 908.094788 ) (-347.573517 -720 939.339294 ) (-348.774078 -720 939.465576 ) 
4 277 291 (-94.051102 -624 913.689514 ) (-85.332642 -624 1013.348633 ) (-85.332642 -625 1013.348633 ) (-94.051102 -625 913.689514 ) 
4 277 290 (-85.332642 -624 1013.348633 ) (-77.498512 -624 1102.899170 ) (-77.498512 -625 1102.899170 ) (-85.332642 -625 1013.348633 ) 
4 277 278 (-347.468597 -625 940.334229 ) (-94.051086 -625 913.689392 ) (-77.499023 -625 1102.894287 ) (-327.608337 -625 1129.285156 ) 
4 278 291 (-94.051003 -656 913.689514 ) (-94.051102 -625 913.689514 ) (-85.332642 -625 1013.348633 ) (-85.332558 -656 1013.348511 ) 
4 278 290 (-77.498512 -625 1102.899170 ) (-77.498276 -719 1102.899048 ) (-85.332397 -719 1013.348328 ) (-85.332642 -625 1013.348633 ) 
4 278 283 (-344.820526 -625 984.653137 ) (-348.686829 -625 940.462463 ) (-348.686829 -719 940.462463 ) (-344.818390 -719 984.677490 ) 
4 278 279 (-347.468750 -719 940.334290 ) (-94.050766 -719 913.689331 ) (-77.499023 -719 1102.894409 ) (-327.608490 -719 1129.285156 ) 
4 279 290 (-77.498276 -719 1102.899048 ) (-77.498276 -720 1102.899048 ) (-85.332397 -720 1013.348328 ) (-85.332397 -719 1013.348328 ) 
4 279 289 (-94.046265 -720 913.689026 ) (-77.493675 -720 1102.898682 ) (-327.607819 -720 1129.290039 ) (-347.468597 -720 940.334351 ) 
4 280 282 (-335.564056 -625 1130.129639 ) (-340.083710 -625 1130.606567 ) (-352 -625 994.380981 ) (-352 -625 973.754211 ) 
4 280 281 (-352 -625 973.754272 ) (-352 -625 994.380981 ) (-352 -624 994.380920 ) (-352 -624 973.752808 ) 
4 281 285 (-352 -625 973.754333 ) (-352 -625 994.381042 ) (-356.643341 -625 941.299011 ) (-355.424683 -625 941.170898 ) 
4 282 286 (-335.564026 -719 1130.129639 ) (-340.083710 -719 1130.606567 ) (-352 -719 994.381104 ) (-352 -719 973.754028 ) 
4 282 285 (-352 -625 994.380920 ) (-352 -625 973.752747 ) (-352 -719 973.753967 ) (-352 -719 994.381042 ) 
4 284 285 (-356.644501 -625 941.299072 ) (-356.644501 -719 941.299072 ) (-355.423767 -719 941.170715 ) (-355.424133 -625 941.170776 ) 
4 285 287 (-352 -719 973.753906 ) (-352 -719 994.381042 ) (-356.643341 -719 941.299072 ) (-355.424683 -719 941.170898 ) 
4 286 287 (-352 -719 994.389771 ) (-352 -719 973.753052 ) (-352 -720 973.754211 ) (-352 -720 994.389832 ) 
4 288 308 (-352 -720 896 ) (-212.600861 -720 896 ) (-212.598648 -784 896 ) (-352 -784 896 ) 
3 288 293 (-288.003998 -784 896 ) (-212.599014 -784 896 ) (-287.343781 -784 902.537598 ) 
4 288 289 (-212.601501 -720 896 ) (-351.513855 -720 908.150024 ) (-351.513855 -784 908.150208 ) (-212.599304 -784 896 ) 
4 289 308 (-212.600861 -720 896 ) (-160 -720 896 ) (-160 -784 896 ) (-212.598648 -784 896 ) 
4 289 305 (-160 -720 896 ) (-95.598289 -720 896 ) (-95.598106 -784 896 ) (-160 -784 896 ) 
4 289 294 (-274.481262 -784 1029.906982 ) (-286.439880 -784 911.488281 ) (-176.360992 -784 896.632019 ) (-161.002518 -784 1019.979736 ) 
4 289 293 (-212.599014 -784 896 ) (-171.677917 -784 896 ) (-286.439880 -784 911.488281 ) (-287.343781 -784 902.537537 ) 
4 289 290 (-74.176315 -784 1140.870117 ) (-85.332245 -784 1013.348145 ) (-85.332405 -720 1013.348328 ) (-74.176476 -720 1140.869995 ) 
4 290 292 (-69.392761 -656 1011.948303 ) (-37.518143 -656 1009.149170 ) (-37.518253 -784 1009.148804 ) (-69.392960 -784 1011.947937 ) 
4 290 291 (-85.332321 -656 1013.348022 ) (-85.332405 -624 1013.348145 ) (-37.518116 -624 1009.149231 ) (-37.518143 -656 1009.149170 ) 
4 291 306 (-95.598572 -624 896 ) (-47.414902 -624 896 ) (-47.414921 -656 896 ) (-95.598480 -656 896 ) 
4 291 292 (-47.414551 -656 896 ) (-37.515625 -656 1009.149902 ) (-69.392685 -656 1011.949280 ) (-79.537468 -656 896 ) 
4 292 307 (-47.414921 -656 896 ) (-47.414989 -784 896 ) (-79.537628 -784 896 ) (-79.537460 -656 896 ) 
3 293 295 (-288.003998 -800 896 ) (-171.677887 -800 896 ) (-286.439880 -800 911.488281 ) 
4 293 294 (-286.437500 -784 911.488281 ) (-286.437500 -800 911.488281 ) (-176.360931 -800 896.632568 ) (-176.360931 -784 896.632568 ) 
5 294 295 (-274.976807 -800 1025 ) (-286.439880 -800 911.488281 ) (-176.360992 -800 896.632019 ) (-161.002487 -800 1019.980103 ) (-218.385132 -800 1025 ) 
4 295 296 (-288 -912 896 ) (-160 -912 896 ) (-160 -912 1025 ) (-288 -912 1025 ) 
4 296 297 (-304 -944 1152 ) (-304 -944 896 ) (-144 -944 896 ) (-144 -944 1152 ) 
4 297 298 (-304 -1008 896 ) (-80 -1008 896 ) (-80 -1008 1152 ) (-304 -1008 1152 ) 
4 298 314 (-80 -1024 1152 ) (-144 -1024 1152 ) (-144 -1024 896 ) (-80 -1024 896 ) 
4 298 315 (-144 -1024 1152 ) (-368 -1024 1152 ) (-368 -1024 896 ) (-144 -1024 896 ) 
4 300 302 (-32 -288 896 ) (-32 -64 896 ) (-32 -64 888 ) (-32 -288 888 ) 
4 300 301 (0 -288 888 ) (-32 -288 888 ) (-32 -64 888 ) (0 -64 888 ) 
4 301 303 (-32 -64 888 ) (-32 -64 880 ) (-32 -288 880 ) (-32 -288 888 ) 
4 302 304 (-416 -288 888 ) (-416 -288 896 ) (-416 0 896 ) (-416 0 888 ) 
4 302 303 (-32 -288 888 ) (-416 -288 888 ) (-416 0 888 ) (-32 0 888 ) 
4 303 304 (-416 -288 880 ) (-416 -288 888 ) (-416 0 888 ) (-416 0 880 ) 
4 305 308 (-160 -784 880 ) (-160 -784 896 ) (-160 -532 896 ) (-160 -532 880 ) 
4 305 306 (-96.487061 -532 885.845642 ) (-95.598724 -532 896 ) (-95.598198 -656 896 ) (-96.486717 -656 885.844788 ) 
4 306 307 (-80.547981 -656 884.450378 ) (-48.667641 -656 881.661377 ) (-47.413204 -656 896 ) (-79.537460 -656 896 ) 
4 311 315 (-336 -1136 1152 ) (-336 -1072 1152 ) (-272 -1072 1152 ) (-272 -1136 1152 ) 
4 312 315 (-336 -1328 1152 ) (-336 -1264 1152 ) (-272 -1264 1152 ) (-272 -1328 1152 ) 
4 313 314 (-80 -1200 928 ) (-80 -1200 1120 ) (-80 -1104 1120 ) (-80 -1104 928 ) 
4 314 315 (-144 -1024 896 ) (-144 -1360 896 ) (-144 -1360 1152 ) (-144 -1024 1152 ) 
4 315 320 (-144 -1360 896 ) (-144 -1392 896 ) (-368 -1392 896 ) (-368 -1360 896 ) 
4 315 316 (-368 -1040 896 ) (-368 -1168 896 ) (-368 -1168 1152 ) (-368 -1040 1152 ) 
4 315 317 (-368 -1232 896 ) (-368 -1392 896 ) (-368 -1392 1152 ) (-368 -1232 1152 ) 
4 316 318 (-368 -1040 896 ) (-368 -1168 896 ) (-400 -1168 896 ) (-400 -1040 896 ) 
4 317 320 (-368 -1360 896 ) (-368 -1392 896 ) (-400 -1392 896 ) (-400 -1360 896 ) 
4 317 319 (-368 -1232 896 ) (-368 -1360 896 ) (-400 -1360 896 ) (-400 -1232 896 ) 
4 319 320 (-400 -1360 896 ) (-400 -1360 888 ) (-368 -1360 888 ) (-368 -1360 896 ) 
