PRT1
338
836
4 3 146 (-1024 1664 116 ) (-1024 1760 116 ) (-1024 1760 20 ) (-1024 1664 20 ) 
4 4 147 (-1024 1616 116 ) (-1024 1616 58 ) (-1024 1352 58 ) (-1024 1352 116 ) 
4 4 141 (-1024 1352 512 ) (-1024 1616 512 ) (-1024 1616 116 ) (-1024 1352 116 ) 
4 4 16 (-696 1616 58 ) (-692 1616 58 ) (-692 1352 58 ) (-696 1352 58 ) 
4 4 18 (-1024 1352 58 ) (-1024 1616 58 ) (-696 1616 58 ) (-696 1352 58 ) 
4 4 13 (-692 1616 58 ) (-624 1616 58 ) (-624 1352 58 ) (-692 1352 58 ) 
4 4 8 (-696 1352 58 ) (-624 1352 58 ) (-624 1352 154 ) (-696 1352 154 ) 
4 4 11 (-1024 1352 58 ) (-696 1352 58 ) (-696 1352 154 ) (-1024 1352 154 ) 
4 4 7 (-784 1352 186 ) (-1008 1352 186 ) (-1008 1352 154 ) (-784 1352 154 ) 
4 4 6 (-624 1352 154 ) (-624 1352 186 ) (-664 1352 186 ) (-664 1352 154 ) 
4 4 5 (-624 1352 186 ) (-624 1352 512 ) (-1024 1352 512 ) (-1024 1352 186 ) 
4 5 142 (-1024 1160 512 ) (-1024 1352 512 ) (-1024 1352 186 ) (-1024 1160 186 ) 
4 5 12 (-624 1160 186 ) (-624 1160 512 ) (-1024 1160 512 ) (-1024 1160 186 ) 
4 5 7 (-1008 1352 186 ) (-784 1352 186 ) (-784 1160 186 ) (-1008 1160 186 ) 
4 5 6 (-664 1352 186 ) (-624 1352 186 ) (-624 1160 186 ) (-664 1160 186 ) 
4 6 12 (-624 1160 154 ) (-624 1160 186 ) (-664 1160 186 ) (-664 1160 154 ) 
4 6 9 (-624 1292 154 ) (-624 1220 154 ) (-664 1220 154 ) (-664 1292 154 ) 
4 6 10 (-624 1220 154 ) (-624 1160 154 ) (-664 1160 154 ) (-664 1220 154 ) 
4 6 8 (-664 1352 154 ) (-624 1352 154 ) (-624 1292 154 ) (-664 1292 154 ) 
4 7 12 (-784 1160 186 ) (-1008 1160 186 ) (-1008 1160 154 ) (-784 1160 154 ) 
4 7 11 (-1008 1352 154 ) (-784 1352 154 ) (-784 1160 154 ) (-1008 1160 154 ) 
4 8 16 (-696 1352 58 ) (-692 1352 58 ) (-692 1292 58 ) (-696 1292 58 ) 
4 8 13 (-692 1352 58 ) (-624 1352 58 ) (-624 1292 58 ) (-692 1292 58 ) 
4 8 9 (-696 1292 154 ) (-696 1292 62 ) (-624 1292 62 ) (-624 1292 154 ) 
4 8 11 (-696 1292 154 ) (-696 1352 154 ) (-696 1352 58 ) (-696 1292 58 ) 
4 9 10 (-696 1220 154 ) (-696 1220 62 ) (-624 1220 62 ) (-624 1220 154 ) 
4 9 11 (-696 1220 154 ) (-696 1292 154 ) (-696 1292 62 ) (-696 1220 62 ) 
4 10 17 (-692 1160 58 ) (-696 1160 58 ) (-696 1220 58 ) (-692 1220 58 ) 
4 10 15 (-624 1220 58 ) (-624 1160 58 ) (-692 1160 58 ) (-692 1220 58 ) 
4 10 12 (-696 1160 58 ) (-624 1160 58 ) (-624 1160 154 ) (-696 1160 154 ) 
4 10 11 (-696 1160 58 ) (-696 1160 154 ) (-696 1220 154 ) (-696 1220 58 ) 
4 11 150 (-1024 1292 58 ) (-1024 1160 58 ) (-1024 1160 116 ) (-1024 1292 116 ) 
4 11 147 (-1024 1352 116 ) (-1024 1352 58 ) (-1024 1292 58 ) (-1024 1292 116 ) 
4 11 143 (-1024 1352 154 ) (-1024 1352 116 ) (-1024 1160 116 ) (-1024 1160 154 ) 
4 11 18 (-1024 1160 58 ) (-1024 1352 58 ) (-696 1352 58 ) (-696 1160 58 ) 
4 11 12 (-1024 1160 58 ) (-696 1160 58 ) (-696 1160 154 ) (-1024 1160 154 ) 
4 12 150 (-1024 1024 58 ) (-1024 1024 116 ) (-1024 1160 116 ) (-1024 1160 58 ) 
4 12 144 (-1024 1024 116 ) (-1024 1024 512 ) (-1024 1160 512 ) (-1024 1160 116 ) 
4 12 104 (-800 1024 512 ) (-1024 1024 512 ) (-1024 1024 58 ) (-800 1024 58 ) 
4 12 97 (-800 1024 128 ) (-800 1024 58 ) (-624 1024 58 ) (-624 1024 128 ) 
4 12 90 (-624 1024 512 ) (-800 1024 512 ) (-800 1024 128 ) (-624 1024 128 ) 
4 12 17 (-692 1024 58 ) (-696 1024 58 ) (-696 1160 58 ) (-692 1160 58 ) 
4 12 18 (-696 1024 58 ) (-1024 1024 58 ) (-1024 1160 58 ) (-696 1160 58 ) 
4 12 15 (-624 1024 58 ) (-692 1024 58 ) (-692 1160 58 ) (-624 1160 58 ) 
4 13 19 (-692 1616 -50 ) (-624 1616 -50 ) (-624 1292 -50 ) (-692 1292 -50 ) 
4 13 16 (-692 1616 -50 ) (-692 1292 -50 ) (-692 1292 58 ) (-692 1616 58 ) 
4 15 133 (-692 1024 0 ) (-692 1024 -50 ) (-624 1024 -50 ) (-624 1024 0 ) 
4 15 97 (-624 1024 58 ) (-692 1024 58 ) (-692 1024 0 ) (-624 1024 0 ) 
4 15 21 (-624 1220 -50 ) (-624 1024 -50 ) (-692 1024 -50 ) (-692 1220 -50 ) 
4 15 17 (-692 1220 -50 ) (-692 1024 -50 ) (-692 1024 58 ) (-692 1220 58 ) 
4 16 19 (-696 1616 -50 ) (-692 1616 -50 ) (-692 1292 -50 ) (-696 1292 -50 ) 
4 16 18 (-696 1616 -50 ) (-696 1292 -50 ) (-696 1292 58 ) (-696 1616 58 ) 
4 17 133 (-696 1024 0 ) (-696 1024 -50 ) (-692 1024 -50 ) (-692 1024 0 ) 
4 17 97 (-692 1024 58 ) (-696 1024 58 ) (-696 1024 0 ) (-692 1024 0 ) 
4 17 21 (-692 1220 -50 ) (-692 1024 -50 ) (-696 1024 -50 ) (-696 1220 -50 ) 
4 17 18 (-696 1220 -50 ) (-696 1024 -50 ) (-696 1024 58 ) (-696 1220 58 ) 
4 18 153 (-1024 1024 -50 ) (-1024 1024 58 ) (-1024 1292 58 ) (-1024 1292 -50 ) 
4 18 149 (-1024 1616 20 ) (-1024 1616 -50 ) (-1024 1292 -50 ) (-1024 1292 20 ) 
4 18 147 (-1024 1292 58 ) (-1024 1616 58 ) (-1024 1616 20 ) (-1024 1292 20 ) 
4 18 133 (-1024 1024 0 ) (-1024 1024 -50 ) (-696 1024 -50 ) (-696 1024 0 ) 
4 18 104 (-800 1024 58 ) (-1024 1024 58 ) (-1024 1024 0 ) (-800 1024 0 ) 
4 18 97 (-696 1024 58 ) (-800 1024 58 ) (-800 1024 0 ) (-696 1024 0 ) 
4 18 22 (-1024 1616 -50 ) (-696 1616 -50 ) (-696 1024 -50 ) (-1024 1024 -50 ) 
4 19 20 (-696 1292 -54 ) (-696 1292 -256 ) (-624 1292 -256 ) (-624 1292 -54 ) 
4 19 22 (-696 1616 -256 ) (-696 1292 -256 ) (-696 1292 -50 ) (-696 1616 -50 ) 
4 20 21 (-696 1220 -54 ) (-696 1220 -256 ) (-624 1220 -256 ) (-624 1220 -54 ) 
4 20 22 (-696 1292 -256 ) (-696 1220 -256 ) (-696 1220 -54 ) (-696 1292 -54 ) 
4 21 133 (-624 1024 -50 ) (-696 1024 -50 ) (-696 1024 -256 ) (-624 1024 -256 ) 
4 21 22 (-696 1220 -256 ) (-696 1024 -256 ) (-696 1024 -50 ) (-696 1220 -50 ) 
4 22 157 (-1024 1024 -256 ) (-1024 1024 -50 ) (-1024 1292 -50 ) (-1024 1292 -256 ) 
4 22 149 (-1024 1292 -50 ) (-1024 1616 -50 ) (-1024 1616 -256 ) (-1024 1292 -256 ) 
4 22 133 (-696 1024 -50 ) (-1024 1024 -50 ) (-1024 1024 -256 ) (-696 1024 -256 ) 
4 23 24 (320 384 384 ) (320 512 384 ) (576 512 384 ) (576 384 384 ) 
4 24 45 (448 256 384 ) (383.859009 256 384 ) (383.859009 256 128 ) (448 256 128 ) 
4 24 46 (383.859009 256 384 ) (320 256 384 ) (320 256 128 ) (383.859009 256 128 ) 
4 24 43 (464 256 384 ) (448 256 384 ) (448 256 128 ) (464 256 128 ) 
4 24 40 (544 256 384 ) (464 256 384 ) (464 256 128 ) (544 256 128 ) 
4 24 39 (576 256 384 ) (544 256 384 ) (544 256 128 ) (576 256 128 ) 
4 25 79 (0 528 128 ) (0 416 128 ) (0 416 320 ) (0 528 320 ) 
4 25 27 (76 416 128 ) (80 416 128 ) (80 416 256 ) (76 416 256 ) 
4 25 26 (80 416 128 ) (128 416 128 ) (128 416 256 ) (80 416 256 ) 
4 25 29 (0 416 128 ) (76 416 128 ) (76 416 256 ) (0 416 256 ) 
4 26 30 (80 384 128 ) (128 384 128 ) (128 384 256 ) (80 384 256 ) 
4 26 27 (80 400 256 ) (80 416 256 ) (80 416 128 ) (80 400 128 ) 
4 26 28 (80 384 128 ) (80 384 256 ) (80 396 256 ) (80 396 128 ) 
4 27 29 (76 400 256 ) (76 416 256 ) (76 416 128 ) (76 400 128 ) 
4 28 30 (76 384 128 ) (80 384 128 ) (80 384 256 ) (76 384 256 ) 
4 28 29 (76 384 128 ) (76 384 256 ) (76 396 256 ) (76 396 128 ) 
4 29 80 (0 416 128 ) (0 384 128 ) (0 384 256 ) (0 416 256 ) 
4 29 30 (0 384 128 ) (76 384 128 ) (76 384 256 ) (0 384 256 ) 
4 30 81 (0 384 128 ) (0 256 128 ) (0 256 384 ) (0 384 384 ) 
4 30 69 (112 256 384 ) (0 256 384 ) (0 256 128 ) (112 256 128 ) 
4 30 66 (128 256 384 ) (112 256 384 ) (112 256 128 ) (128 256 128 ) 
4 30 60 (256 256 384 ) (128 256 384 ) (128 256 128 ) (256 256 128 ) 
4 30 32 (256 256 128 ) (0 256 128 ) (0 384 128 ) (256 384 128 ) 
4 31 45 (383.859009 256 0 ) (448 256 0 ) (448 256 64 ) (383.859009 256 64 ) 
4 31 46 (320 256 64 ) (320 256 0 ) (383.859009 256 0 ) (383.859009 256 64 ) 
4 32 140 (0 256 -256 ) (0 256 0 ) (0 384 0 ) (0 384 -256 ) 
4 32 81 (0 256 0 ) (0 256 128 ) (0 384 128 ) (0 384 0 ) 
4 32 69 (112 256 128 ) (0 256 128 ) (0 256 -256 ) (112 256 -256 ) 
4 32 66 (128 256 128 ) (112 256 128 ) (112 256 -256 ) (128 256 -256 ) 
4 32 60 (256 256 128 ) (128 256 128 ) (128 256 -256 ) (256 256 -256 ) 
4 33 61 (256 256 -272 ) (192 256 -272 ) (192 256 -768 ) (256 256 -768 ) 
4 33 56 (416 256 -768 ) (416 256 -704 ) (256 256 -704 ) (256 256 -768 ) 
4 33 54 (384 256 -640 ) (256 256 -640 ) (256 256 -704 ) (384 256 -704 ) 
4 33 53 (416 256 -704 ) (416 256 -640 ) (384 256 -640 ) (384 256 -704 ) 
4 33 50 (416 256 -640 ) (416 256 -576 ) (256 256 -576 ) (256 256 -640 ) 
4 33 48 (416 256 -576 ) (416 256 -288 ) (256 256 -288 ) (256 256 -576 ) 
4 34 163 (800 0 0 ) (736 0 0 ) (736 0 -128 ) (800 0 -128 ) 
4 34 36 (736 256 -128 ) (800 256 -128 ) (800 0 -128 ) (736 0 -128 ) 
4 34 35 (736 64 -128 ) (736 0 -128 ) (736 0 0 ) (736 64 0 ) 
4 35 163 (736 0 0 ) (704 0 0 ) (704 0 -128 ) (736 0 -128 ) 
4 36 164 (800 0 -256 ) (800 0 -128 ) (736 0 -128 ) (736 0 -256 ) 
4 37 39 (672 256 -128 ) (672 256 -256 ) (672 128 -256 ) (672 128 -128 ) 
4 37 38 (672 128 -128 ) (672 128 -256 ) (704 128 -256 ) (704 128 -128 ) 
4 38 168 (704 0 -256 ) (704 0 -128 ) (672 0 -128 ) (672 0 -256 ) 
4 38 39 (672 0 -256 ) (672 0 -128 ) (672 128 -128 ) (672 128 -256 ) 
4 39 176 (568.495972 0 -217 ) (544 0 -241.493805 ) (544 0 -252.834625 ) (574.159973 0 -222.671982 ) 
3 39 175 (659 0 -126.503998 ) (544 0 -11.829056 ) (544 0 -241.493805 ) 
5 39 174 (672 0 -256 ) (672 0 -139.467224 ) (664.668030 0 -132.155991 ) (544 0 -252.834625 ) (544 0 -256 ) 
4 39 173 (672 0 -139.467224 ) (672 0 128 ) (544 0 128 ) (544 0 -11.829056 ) 
4 39 172 (640 0 256 ) (544 0 256 ) (544 0 128 ) (640 0 128 ) 
4 39 171 (672 0 128 ) (672 0 256 ) (640 0 256 ) (640 0 128 ) 
4 39 169 (672 0 256 ) (672 0 640 ) (544 0 640 ) (544 0 256 ) 
4 39 40 (544 256 -256 ) (544 0 -256 ) (544 0 384 ) (544 256 384 ) 
4 40 176 (529.492432 0 -256 ) (540.834900 0 -256 ) (544 0 -252.834625 ) (544 0 -241.493805 ) 
5 40 175 (464 0 67.944862 ) (464 0 -256 ) (529.492432 0 -256 ) (544 0 -241.493805 ) (544 0 -11.829041 ) 
3 40 174 (540.834900 0 -256 ) (544 0 -256 ) (544 0 -252.834625 ) 
4 40 173 (464 0 128 ) (464 0 67.944862 ) (544 0 -11.829041 ) (544 0 128 ) 
4 40 172 (464 0 256 ) (464 0 128 ) (544 0 128 ) (544 0 256 ) 
4 40 170 (464 0 384 ) (464 0 256 ) (544 0 256 ) (544 0 384 ) 
4 40 43 (464 256 384 ) (464 256 -256 ) (464 0 -256 ) (464 0 384 ) 
4 41 184 (672 0 -768 ) (672 0 -480 ) (608 0 -480 ) (608 0 -768 ) 
4 41 42 (608 0 -480 ) (608 32 -480 ) (608 32 -768 ) (608 0 -768 ) 
4 42 184 (608 0 -768 ) (608 0 -480 ) (464 0 -480 ) (464 0 -768 ) 
4 42 44 (464 0 -768 ) (464 0 -544 ) (464 32 -544 ) (464 32 -768 ) 
4 43 175 (464 0 -256 ) (464 0 67.944855 ) (448 0 83.899612 ) (448 0 -256 ) 
4 43 173 (464 0 67.944855 ) (464 0 128 ) (448 0 128 ) (448 0 83.899612 ) 
4 43 172 (464 0 128 ) (464 0 256 ) (448 0 256 ) (448 0 128 ) 
4 43 170 (464 0 256 ) (464 0 384 ) (448 0 384 ) (448 0 256 ) 
4 43 45 (448 256 384 ) (448 256 -256 ) (448 0 -256 ) (448 0 384 ) 
4 44 188 (464 0 -768 ) (464 0 -544 ) (448 0 -544 ) (448 0 -768 ) 
4 44 57 (448 0 -768 ) (448 0 -704 ) (448 32 -704 ) (448 32 -768 ) 
4 44 55 (448 0 -704 ) (448 0 -576 ) (448 32 -576 ) (448 32 -704 ) 
4 44 49 (448 0 -576 ) (448 0 -544 ) (448 32 -544 ) (448 32 -576 ) 
4 45 199 (448 0 -256 ) (448 0 256 ) (383.859009 0 256 ) (383.859009 0 -256 ) 
4 45 197 (448 0 256 ) (448 0 384 ) (383.859009 0 384 ) (383.859009 0 256 ) 
4 45 47 (448 96 -256 ) (448 0 -256 ) (383.859009 0 -256 ) (383.859009 96 -256 ) 
4 45 46 (383.859009 256 -256 ) (383.859009 0 -256 ) (383.859009 0 384 ) (383.859009 256 384 ) 
4 46 199 (256 0 256 ) (256 0 -256 ) (383.859009 0 -256 ) (383.859009 0 256 ) 
4 46 197 (256 0 384 ) (256 0 256 ) (383.859009 0 256 ) (383.859009 0 384 ) 
4 46 195 (383.859009 0 640 ) (256 0 640 ) (256 0 384 ) (383.859009 0 384 ) 
4 46 65 (256 0 640 ) (256 96 640 ) (256 96 -256 ) (256 0 -256 ) 
4 46 62 (256 96 640 ) (256 140 640 ) (256 140 -256 ) (256 96 -256 ) 
4 46 60 (256 140 640 ) (256 256 640 ) (256 256 -256 ) (256 140 -256 ) 
4 46 47 (256 0 -256 ) (256 96 -256 ) (383.859009 96 -256 ) (383.859009 0 -256 ) 
4 47 199 (448 0 -288 ) (448 0 -256 ) (256 0 -256 ) (256 0 -288 ) 
4 47 65 (256 96 -288 ) (256 0 -288 ) (256 0 -256 ) (256 96 -256 ) 
4 47 49 (256 0 -288 ) (256 96 -288 ) (448 96 -288 ) (448 0 -288 ) 
4 48 61 (256 256 -288 ) (256 256 -576 ) (256 160 -576 ) (256 160 -288 ) 
4 48 50 (256 128 -576 ) (256 256 -576 ) (416 256 -576 ) (416 128 -576 ) 
4 49 199 (448 0 -576 ) (448 0 -288 ) (256 0 -288 ) (256 0 -576 ) 
4 49 65 (256 96 -576 ) (256 0 -576 ) (256 0 -288 ) (256 96 -288 ) 
4 49 55 (256 0 -576 ) (256 96 -576 ) (448 96 -576 ) (448 0 -576 ) 
4 50 61 (256 256 -576 ) (256 256 -640 ) (256 160 -640 ) (256 160 -576 ) 
4 50 54 (256 128 -640 ) (256 256 -640 ) (384 256 -640 ) (384 128 -640 ) 
4 50 53 (384 256 -640 ) (416 256 -640 ) (416 128 -640 ) (384 128 -640 ) 
4 50 52 (256 128 -640 ) (320 128 -640 ) (320 128 -576 ) (256 128 -576 ) 
4 50 51 (320 128 -640 ) (384 128 -640 ) (384 128 -576 ) (320 128 -576 ) 
4 51 54 (320 98 -640 ) (320 128 -640 ) (384 128 -640 ) (384 98 -640 ) 
4 51 52 (320 128 -576 ) (320 128 -640 ) (320 98 -640 ) (320 98 -576 ) 
4 51 55 (384 96 -576 ) (320 96 -576 ) (320 96 -640 ) (384 96 -640 ) 
4 52 54 (256 98 -640 ) (256 128 -640 ) (320 128 -640 ) (320 98 -640 ) 
4 53 56 (384 256 -704 ) (416 256 -704 ) (416 128 -704 ) (384 128 -704 ) 
4 53 54 (384 256 -704 ) (384 128 -704 ) (384 128 -640 ) (384 256 -640 ) 
4 54 61 (256 256 -640 ) (256 256 -704 ) (256 160 -704 ) (256 160 -640 ) 
4 54 56 (256 128 -704 ) (256 256 -704 ) (384 256 -704 ) (384 128 -704 ) 
4 55 199 (448 0 -704 ) (448 0 -576 ) (256 0 -576 ) (256 0 -704 ) 
4 55 65 (256 96 -704 ) (256 0 -704 ) (256 0 -576 ) (256 96 -576 ) 
4 55 57 (256 0 -704 ) (256 96 -704 ) (448 96 -704 ) (448 0 -704 ) 
4 56 61 (256 256 -704 ) (256 256 -768 ) (256 160 -768 ) (256 160 -704 ) 
4 57 199 (448 0 -768 ) (448 0 -704 ) (256 0 -704 ) (256 0 -768 ) 
4 57 65 (256 96 -768 ) (256 0 -768 ) (256 0 -704 ) (256 96 -704 ) 
4 57 58 (256 0 -768 ) (256 96 -768 ) (448 96 -768 ) (448 0 -768 ) 
4 58 209 (288 0 -768 ) (256 0 -768 ) (256 0 -784 ) (288 0 -784 ) 
4 58 208 (448 0 -784 ) (448 0 -768 ) (288 0 -768 ) (288 0 -784 ) 
4 58 65 (256 96 -784 ) (256 0 -784 ) (256 0 -768 ) (256 96 -768 ) 
4 58 59 (288 96 -784 ) (448 96 -784 ) (448 0 -784 ) (288 0 -784 ) 
4 59 213 (448 0 -1072 ) (448 0 -784 ) (288 0 -784 ) (288 0 -1072 ) 
4 60 66 (128 140 640 ) (128 256 640 ) (128 256 -256 ) (128 140 -256 ) 
4 60 62 (128 140 640 ) (128 140 -256 ) (256 140 -256 ) (256 140 640 ) 
4 62 66 (128 96 640 ) (128 140 640 ) (128 140 -256 ) (128 96 -256 ) 
4 62 65 (128 96 640 ) (128 96 -256 ) (256 96 -256 ) (256 96 640 ) 
4 63 64 (160 112 -320 ) (160 112 -896 ) (224 112 -896 ) (224 112 -320 ) 
4 64 65 (224 96 -896 ) (224 96 -320 ) (160 96 -320 ) (160 96 -896 ) 
4 65 214 (256 0 -952 ) (256 0 -784 ) (128 0 -784 ) (128 0 -952 ) 
4 65 209 (256 0 -784 ) (256 0 -768 ) (224 0 -768 ) (224 0 -784 ) 
4 65 210 (224 0 -768 ) (128 0 -768 ) (128 0 -784 ) (224 0 -784 ) 
4 65 199 (256 0 -768 ) (256 0 256 ) (128 0 256 ) (128 0 -768 ) 
4 65 198 (256 0 256 ) (256 0 384 ) (128 0 384 ) (128 0 256 ) 
4 65 195 (256 0 384 ) (256 0 640 ) (191.858994 0 640 ) (191.858994 0 384 ) 
4 65 68 (128 0 640 ) (128 32 640 ) (128 32 -384 ) (128 0 -384 ) 
4 65 67 (128 32 640 ) (128 96 640 ) (128 96 -256 ) (128 32 -256 ) 
4 66 69 (112 96 640 ) (112 256 640 ) (112 256 -256 ) (112 96 -256 ) 
4 66 67 (112 96 640 ) (112 96 -256 ) (128 96 -256 ) (128 96 640 ) 
4 67 70 (112 32 640 ) (112 96 640 ) (112 96 -256 ) (112 32 -256 ) 
4 67 68 (112 32 640 ) (112 32 -256 ) (128 32 -256 ) (128 32 640 ) 
4 68 200 (128 0 -384 ) (128 0 256 ) (112 0 256 ) (112 0 -384 ) 
4 68 198 (128 0 256 ) (128 0 384 ) (112 0 384 ) (112 0 256 ) 
4 68 73 (112 0 -384 ) (112 0 -272 ) (112 32 -272 ) (112 32 -384 ) 
4 68 71 (112 0 -272 ) (112 0 640 ) (112 32 640 ) (112 32 -272 ) 
4 69 140 (0 96 -256 ) (0 96 0 ) (0 256 0 ) (0 256 -256 ) 
4 69 81 (0 96 0 ) (0 96 384 ) (0 256 384 ) (0 256 0 ) 
4 69 74 (0 96 384 ) (0 96 640 ) (0 256 640 ) (0 256 384 ) 
4 69 70 (112 96 -256 ) (112 96 640 ) (0 96 640 ) (0 96 -256 ) 
4 70 140 (0 96 0 ) (0 96 -256 ) (0 32 -256 ) (0 32 0 ) 
4 70 81 (0 96 384 ) (0 96 0 ) (0 32 0 ) (0 32 384 ) 
4 70 76 (0 64 448 ) (0 64 384 ) (0 32 384 ) (0 32 448 ) 
4 70 75 (0 32 640 ) (0 64 640 ) (0 64 448 ) (0 32 448 ) 
4 70 74 (0 64 640 ) (0 96 640 ) (0 96 384 ) (0 64 384 ) 
4 70 72 (64 32 640 ) (0 32 640 ) (0 32 -256 ) (64 32 -256 ) 
4 70 71 (112 32 -256 ) (112 32 640 ) (64 32 640 ) (64 32 -256 ) 
4 71 201 (112 0 -272 ) (112 0 256 ) (64 0 256 ) (64 0 -272 ) 
4 71 198 (112 0 256 ) (112 0 384 ) (64 0 384 ) (64 0 256 ) 
4 71 73 (112 32 -272 ) (112 0 -272 ) (64 0 -272 ) (64 32 -272 ) 
4 71 72 (64 32 640 ) (64 32 -256 ) (64 0 -256 ) (64 0 640 ) 
4 72 202 (0 0 256 ) (0 0 -256 ) (64 0 -256 ) (64 0 256 ) 
4 72 198 (0 0 384 ) (0 0 256 ) (64 0 256 ) (64 0 384 ) 
4 72 140 (0 0 -256 ) (0 0 0 ) (0 32 0 ) (0 32 -256 ) 
4 72 81 (0 0 0 ) (0 0 384 ) (0 32 384 ) (0 32 0 ) 
4 72 76 (0 0 384 ) (0 0 448 ) (0 32 448 ) (0 32 384 ) 
4 72 75 (0 0 448 ) (0 0 640 ) (0 32 640 ) (0 32 448 ) 
4 73 203 (112 0 -688 ) (112 0 -272 ) (0 0 -272 ) (0 0 -688 ) 
4 74 81 (0 256 384 ) (0 64 384 ) (-128.141022 64 384 ) (-128.141022 256 384 ) 
4 74 76 (-128.141022 64 384 ) (0 64 384 ) (0 64 448 ) (-128.141022 64 448 ) 
4 74 75 (0 64 448 ) (0 64 640 ) (-128.141022 64 640 ) (-128.141022 64 448 ) 
4 75 76 (0 0 448 ) (-128.141022 0 448 ) (-128.141022 64 448 ) (0 64 448 ) 
4 76 81 (-128.141022 64 384 ) (0 64 384 ) (0 0 384 ) (-128.141022 0 384 ) 
4 77 236 (-256.140991 0 416 ) (-256.140991 0 384 ) (-192.141022 0 384 ) (-192.141022 0 416 ) 
4 77 85 (-192.141022 0 384 ) (-256.140991 0 384 ) (-256.140991 32 384 ) (-192.141022 32 384 ) 
4 77 78 (-256.140991 32 416 ) (-256.140991 32 384 ) (-256.140991 0 384 ) (-256.140991 0 416 ) 
4 78 237 (-256.140991 0 448 ) (-352.140991 0 448 ) (-352.140991 0 384 ) (-256.140991 0 384 ) 
4 78 85 (-256.140991 32 384 ) (-256.140991 0 384 ) (-320 0 384 ) (-320 32 384 ) 
4 78 82 (-320 64 384 ) (-256.140991 64 384 ) (-256.140991 32 384 ) (-320 32 384 ) 
4 79 80 (-128 416 256 ) (-128 416 128 ) (0 416 128 ) (0 416 256 ) 
4 80 81 (-128 384 256 ) (-128 384 128 ) (0 384 128 ) (0 384 256 ) 
4 81 245 (0 0 0 ) (0 0 256 ) (-128 0 256 ) (-128 0 0 ) 
4 81 240 (0 0 256 ) (0 0 384 ) (-128 0 384 ) (-128 0 256 ) 
4 81 140 (0 384 0 ) (0 0 0 ) (-128 0 0 ) (-128 384 0 ) 
4 81 85 (-128 32 0 ) (-128 0 0 ) (-128 0 384 ) (-128 32 384 ) 
4 81 82 (-128 384 0 ) (-128 32 0 ) (-128 32 384 ) (-128 384 384 ) 
4 82 140 (-320 384 0 ) (-128 384 0 ) (-128 32 0 ) (-320 32 0 ) 
4 82 85 (-320 32 0 ) (-128 32 0 ) (-128 32 384 ) (-320 32 384 ) 
4 82 84 (-320 64 0 ) (-320 32 0 ) (-320 32 192 ) (-320 64 192 ) 
4 82 83 (-320 384 384 ) (-320 384 0 ) (-320 64 0 ) (-320 64 384 ) 
4 83 140 (-384 64 0 ) (-384 384 0 ) (-320 384 0 ) (-320 64 0 ) 
4 83 89 (-384 128 128 ) (-384 128 192 ) (-384 256 192 ) (-384 256 128 ) 
4 83 84 (-384 64 192 ) (-384 64 0 ) (-320 64 0 ) (-320 64 192 ) 
4 84 140 (-384 32 0 ) (-384 64 0 ) (-320 64 0 ) (-320 32 0 ) 
4 84 88 (-384 32 192 ) (-384 32 0 ) (-352 32 0 ) (-352 32 192 ) 
4 84 86 (-352 32 0 ) (-320 32 0 ) (-320 32 192 ) (-352 32 192 ) 
4 85 245 (-320 0 256 ) (-320 0 0 ) (-128 0 0 ) (-128 0 256 ) 
4 85 241 (-192 0 384 ) (-320 0 384 ) (-320 0 256 ) (-192 0 256 ) 
4 85 240 (-128 0 384 ) (-192 0 384 ) (-192 0 256 ) (-128 0 256 ) 
4 85 140 (-128 0 0 ) (-320 0 0 ) (-320 32 0 ) (-128 32 0 ) 
4 85 86 (-320 32 192 ) (-320 32 0 ) (-320 0 0 ) (-320 0 192 ) 
4 86 246 (-352 0 192 ) (-352 0 0 ) (-320 0 0 ) (-320 0 192 ) 
4 86 140 (-320 0 0 ) (-352 0 0 ) (-352 32 0 ) (-320 32 0 ) 
4 86 88 (-352 32 192 ) (-352 32 0 ) (-352 0 0 ) (-352 0 192 ) 
4 87 247 (-384 0 200 ) (-384 0 192 ) (-352 0 192 ) (-352 0 200 ) 
4 87 88 (-384 0 192 ) (-384 32 192 ) (-352 32 192 ) (-352 0 192 ) 
4 88 248 (-384 0 192 ) (-384 0 0 ) (-352 0 0 ) (-352 0 192 ) 
4 88 140 (-352 0 0 ) (-384 0 0 ) (-384 32 0 ) (-352 32 0 ) 
4 89 94 (-416 128 144 ) (-416 128 192 ) (-416 192 192 ) (-416 192 144 ) 
4 89 92 (-416 192 144 ) (-416 192 192 ) (-416 256 192 ) (-416 256 144 ) 
4 90 104 (-800 1024 512 ) (-800 1024 128 ) (-800 952 128 ) (-800 952 512 ) 
4 90 97 (-800 952 128 ) (-800 1024 128 ) (-624 1024 128 ) (-624 952 128 ) 
4 90 91 (-776 952 128 ) (-624 952 128 ) (-624 952 512 ) (-776 952 512 ) 
4 91 105 (-800 937 128 ) (-800 752 128 ) (-800 752 512 ) (-800 937 512 ) 
5 91 98 (-800 752 128 ) (-800 937 128 ) (-776 952 128 ) (-624 952 128 ) (-624 752 128 ) 
4 92 94 (-416 192 144 ) (-416 192 192 ) (-496 192 192 ) (-496 192 144 ) 
4 93 117 (-800 224 136 ) (-800 224 128 ) (-800 192 128 ) (-800 192 136 ) 
4 93 99 (-800 192 128 ) (-800 224 128 ) (-704 224 128 ) (-704 192 128 ) 
4 95 101 (-576 192 128 ) (-544 192 128 ) (-544 64 128 ) (-576 64 128 ) 
4 96 102 (-544 56 0 ) (-544 40 0 ) (-544 40 126 ) (-544 56 126 ) 
4 96 101 (-544 40 126 ) (-544 40 128 ) (-544 56 128 ) (-544 56 126 ) 
4 97 133 (-800 952 0 ) (-800 1024 0 ) (-624 1024 0 ) (-624 952 0 ) 
4 97 104 (-800 1024 0 ) (-800 952 0 ) (-800 952 128 ) (-800 1024 128 ) 
4 97 98 (-624 952 0 ) (-624 952 128 ) (-776 952 128 ) (-776 952 0 ) 
5 98 134 (-800 752 0 ) (-800 937 0 ) (-776 952 0 ) (-624 952 0 ) (-624 752 0 ) 
4 98 105 (-800 937 0 ) (-800 752 0 ) (-800 752 128 ) (-800 937 128 ) 
4 99 120 (-800 192 126 ) (-800 192 128 ) (-800 320 128 ) (-800 320 126 ) 
4 99 101 (-544 192 126 ) (-544 192 128 ) (-672 192 128 ) (-672 192 126 ) 
4 99 100 (-544 192 126 ) (-800 192 126 ) (-800 320 126 ) (-544 320 126 ) 
4 100 123 (-800 320 0 ) (-800 192 0 ) (-800 192 126 ) (-800 320 126 ) 
4 100 102 (-544 192 0 ) (-544 192 126 ) (-672 192 126 ) (-672 192 0 ) 
4 101 264 (-544 0 126 ) (-544 0 128 ) (-672 0 128 ) (-672 0 126 ) 
4 101 103 (-672 56 126 ) (-672 40 126 ) (-672 40 128 ) (-672 56 128 ) 
4 101 102 (-672 0 126 ) (-672 192 126 ) (-544 192 126 ) (-544 0 126 ) 
4 102 265 (-672 0 0 ) (-544 0 0 ) (-544 0 126 ) (-672 0 126 ) 
4 102 103 (-672 56 0 ) (-672 40 0 ) (-672 40 126 ) (-672 56 126 ) 
4 104 160 (-1024 1024 512 ) (-1024 1024 0 ) (-1024 952 0 ) (-1024 952 512 ) 
4 104 133 (-1024 952 0 ) (-1024 1024 0 ) (-800 1024 0 ) (-800 952 0 ) 
4 104 108 (-1024 952 0 ) (-1016 952 0 ) (-1016 952 512 ) (-1024 952 512 ) 
4 104 107 (-944 952 0 ) (-848 952 0 ) (-848 952 512 ) (-944 952 512 ) 
4 105 134 (-800 937 0 ) (-800 752 0 ) (-848 752 0 ) (-848 907 0 ) 
4 105 110 (-848 752 0 ) (-800 752 0 ) (-800 752 128 ) (-848 752 128 ) 
4 105 107 (-848 907 0 ) (-848 752 0 ) (-848 752 512 ) (-848 907 512 ) 
4 105 106 (-848 907 0 ) (-848 907 512 ) (-808 932 512 ) (-808 932 0 ) 
3 106 135 (-808 932 0 ) (-848 907 0 ) (-848 920 0 ) 
4 106 107 (-848 920 0 ) (-848 907 0 ) (-848 907 512 ) (-848 920 512 ) 
4 107 136 (-944 952 0 ) (-848 952 0 ) (-848 752 0 ) (-944 752 0 ) 
4 107 110 (-944 752 0 ) (-848 752 0 ) (-848 752 128 ) (-944 752 128 ) 
4 107 109 (-944 920 0 ) (-944 907 0 ) (-944 907 512 ) (-944 920 512 ) 
4 107 108 (-944 907 0 ) (-944 752 0 ) (-944 752 512 ) (-944 907 512 ) 
4 108 160 (-1024 952 0 ) (-1024 752 0 ) (-1024 752 512 ) (-1024 952 512 ) 
5 108 137 (-1024 752 0 ) (-1024 952 0 ) (-1016 952 0 ) (-944 907 0 ) (-944 752 0 ) 
4 108 110 (-992 752 0 ) (-944 752 0 ) (-944 752 128 ) (-992 752 128 ) 
4 108 109 (-944 906.996094 512 ) (-944 906.996094 0 ) (-984.010864 932.003296 0 ) (-984.010864 932.003296 512 ) 
3 109 138 (-944 920 0 ) (-944 907 0 ) (-984 932 0 ) 
4 110 115 (-992 736 0 ) (-960 736 0 ) (-960 736 128 ) (-992 736 128 ) 
4 110 112 (-960 736 0 ) (-832 736 0 ) (-832 736 128 ) (-960 736 128 ) 
4 110 111 (-832 736 0 ) (-800 736 0 ) (-800 736 128 ) (-832 736 128 ) 
4 111 114 (-832 704 0 ) (-832 640 0 ) (-832 640 190 ) (-832 704 190 ) 
4 111 113 (-832 640 190 ) (-832 640 192 ) (-832 704 192 ) (-832 704 190 ) 
4 111 112 (-832 736 192 ) (-832 736 0 ) (-832 704 0 ) (-832 704 192 ) 
4 112 115 (-960 736 192 ) (-960 736 0 ) (-960 704 0 ) (-960 704 192 ) 
4 112 114 (-960 704 190 ) (-960 704 0 ) (-832 704 0 ) (-832 704 190 ) 
4 112 113 (-960 704 192 ) (-960 704 190 ) (-832 704 190 ) (-832 704 192 ) 
4 113 115 (-960 640 190 ) (-960 640 192 ) (-960 704 192 ) (-960 704 190 ) 
4 113 114 (-960 640 190 ) (-960 704 190 ) (-832 704 190 ) (-832 640 190 ) 
4 114 127 (-960 640 0 ) (-832 640 0 ) (-832 640 126 ) (-960 640 126 ) 
4 114 124 (-832 640 126 ) (-832 640 128 ) (-960 640 128 ) (-960 640 126 ) 
4 114 115 (-960 704 0 ) (-960 640 0 ) (-960 640 190 ) (-960 704 190 ) 
4 116 126 (-928 256 128 ) (-960 256 128 ) (-960 384 128 ) (-928 384 128 ) 
4 117 120 (-800 224 128 ) (-800 192 128 ) (-832 192 128 ) (-832 224 128 ) 
4 118 124 (-832 463 128 ) (-832 480 128 ) (-832 480 126 ) (-832 463 126 ) 
4 118 121 (-832 463 126 ) (-832 480 126 ) (-800 480 126 ) (-800 463 126 ) 
4 118 119 (-832 463 128 ) (-832 463 126 ) (-800 463 126 ) (-800 463 128 ) 
4 119 125 (-832 462 128 ) (-832 463 128 ) (-832 463 126 ) (-832 462 126 ) 
4 119 122 (-832 462 126 ) (-832 463 126 ) (-800 463 126 ) (-800 462 126 ) 
4 119 120 (-832 462 128 ) (-832 462 126 ) (-800 462 126 ) (-800 462 128 ) 
4 120 126 (-832 192 128 ) (-832 462 128 ) (-832 462 126 ) (-832 192 126 ) 
4 120 123 (-800 192 126 ) (-832 192 126 ) (-832 462 126 ) (-800 462 126 ) 
4 121 127 (-832 480 126 ) (-832 480 0 ) (-832 463 0 ) (-832 463 126 ) 
4 121 122 (-800 463 0 ) (-800 463 126 ) (-832 463 126 ) (-832 463 0 ) 
4 122 128 (-832 463 0 ) (-832 462 0 ) (-832 462 126 ) (-832 463 126 ) 
4 122 123 (-800 462 0 ) (-800 462 126 ) (-832 462 126 ) (-832 462 0 ) 
4 123 129 (-832 462 0 ) (-832 192 0 ) (-832 192 126 ) (-832 462 126 ) 
4 124 130 (-960 463 128 ) (-960 480 128 ) (-960 480 126 ) (-960 463 126 ) 
4 124 127 (-960 463 126 ) (-960 640 126 ) (-832 640 126 ) (-832 463 126 ) 
4 124 125 (-960 463 128 ) (-960 463 126 ) (-832 463 126 ) (-832 463 128 ) 
4 125 131 (-960 462 128 ) (-960 463 128 ) (-960 463 126 ) (-960 462 126 ) 
4 125 128 (-960 462 126 ) (-960 463 126 ) (-832 463 126 ) (-832 462 126 ) 
4 125 126 (-960 462 128 ) (-960 462 126 ) (-832 462 126 ) (-832 462 128 ) 
4 126 132 (-960 192 128 ) (-960 462 128 ) (-960 462 126 ) (-960 192 126 ) 
4 126 129 (-832 192 126 ) (-960 192 126 ) (-960 462 126 ) (-832 462 126 ) 
4 127 130 (-960 480 0 ) (-960 463 0 ) (-960 463 126 ) (-960 480 126 ) 
4 127 128 (-832 463 0 ) (-832 463 126 ) (-960 463 126 ) (-960 463 0 ) 
4 128 131 (-960 463 0 ) (-960 462 0 ) (-960 462 126 ) (-960 463 126 ) 
4 128 129 (-832 462 0 ) (-832 462 126 ) (-960 462 126 ) (-960 462 0 ) 
4 129 132 (-960 462 0 ) (-960 192 0 ) (-960 192 126 ) (-960 462 126 ) 
4 130 131 (-992 463 128 ) (-992 463 0 ) (-960 463 0 ) (-960 463 128 ) 
4 131 132 (-992 462 128 ) (-992 462 0 ) (-960 462 0 ) (-960 462 128 ) 
4 133 160 (-1024 952 0 ) (-1024 1024 0 ) (-1024 1024 -256 ) (-1024 952 -256 ) 
4 133 137 (-1016 952 0 ) (-1024 952 0 ) (-1024 952 -68 ) (-1016 952 -68 ) 
4 133 134 (-624 952 -68 ) (-624 952 0 ) (-776 952 0 ) (-776 952 -68 ) 
4 133 136 (-848 952 0 ) (-944 952 0 ) (-944 952 -68 ) (-848 952 -68 ) 
4 133 139 (-1024 952 -256 ) (-624 952 -256 ) (-624 952 -68 ) (-1024 952 -68 ) 
4 134 135 (-808 932 -68 ) (-848 907 -68 ) (-848 907 0 ) (-808 932 0 ) 
4 134 136 (-848 907 -68 ) (-848 752 -68 ) (-848 752 0 ) (-848 907 0 ) 
5 134 139 (-776 952 -68 ) (-624 952 -68 ) (-624 752 -68 ) (-848 752 -68 ) (-848 907 -68 ) 
3 135 139 (-808 932 -68 ) (-848 907 -68 ) (-848 920 -68 ) 
4 135 136 (-848 920 -68 ) (-848 907 -68 ) (-848 907 0 ) (-848 920 0 ) 
4 136 138 (-944 920 -68 ) (-944 907 -68 ) (-944 907 0 ) (-944 920 0 ) 
4 136 137 (-944 907 -68 ) (-944 752 -68 ) (-944 752 0 ) (-944 907 0 ) 
4 136 139 (-944 952 -68 ) (-848 952 -68 ) (-848 752 -68 ) (-944 752 -68 ) 
4 137 160 (-1024 752 0 ) (-1024 952 0 ) (-1024 952 -68 ) (-1024 752 -68 ) 
4 137 138 (-944 906.996094 0 ) (-944 906.996094 -68 ) (-984.012146 932.003723 -68 ) (-984.012146 932.003723 0 ) 
5 137 139 (-1024 952 -68 ) (-1016 952 -68 ) (-944 907 -68 ) (-944 752 -68 ) (-1024 752 -68 ) 
3 138 139 (-944 920 -68 ) (-944 907 -68 ) (-984 932 -68 ) 
4 139 160 (-1024 952 -68 ) (-1024 952 -256 ) (-1024 752 -256 ) (-1024 752 -68 ) 
4 140 248 (-352 0 0 ) (-384 0 0 ) (-384 0 -256 ) (-352 0 -256 ) 
4 140 246 (-320 0 0 ) (-352 0 0 ) (-352 0 -256 ) (-320 0 -256 ) 
4 140 245 (0 0 -256 ) (0 0 0 ) (-320 0 0 ) (-320 0 -256 ) 
4 141 148 (-1168 1352 116 ) (-1168 1616 116 ) (-1152 1616 116 ) (-1152 1352 116 ) 
4 141 147 (-1152 1616 116 ) (-1024 1616 116 ) (-1024 1352 116 ) (-1152 1352 116 ) 
4 141 142 (-1024 1352 186 ) (-1024 1352 512 ) (-1128 1352 512 ) (-1128 1352 186 ) 
4 141 143 (-1128 1352 116 ) (-1024 1352 116 ) (-1024 1352 154 ) (-1128 1352 154 ) 
4 141 145 (-1168 1352 116 ) (-1128 1352 116 ) (-1128 1352 512 ) (-1168 1352 512 ) 
4 142 145 (-1128 1352 512 ) (-1128 1352 186 ) (-1128 1160 186 ) (-1128 1160 512 ) 
4 142 144 (-1128 1160 512 ) (-1128 1160 186 ) (-1024 1160 186 ) (-1024 1160 512 ) 
4 143 151 (-1128 1220 116 ) (-1128 1292 116 ) (-1096 1292 116 ) (-1096 1220 116 ) 
4 143 152 (-1128 1160 116 ) (-1128 1220 116 ) (-1096 1220 116 ) (-1096 1160 116 ) 
4 143 150 (-1096 1292 116 ) (-1024 1292 116 ) (-1024 1160 116 ) (-1096 1160 116 ) 
4 143 147 (-1128 1292 116 ) (-1128 1352 116 ) (-1024 1352 116 ) (-1024 1292 116 ) 
4 143 144 (-1128 1160 154 ) (-1128 1160 116 ) (-1024 1160 116 ) (-1024 1160 154 ) 
4 143 145 (-1128 1352 154 ) (-1128 1352 116 ) (-1128 1160 116 ) (-1128 1160 154 ) 
4 144 160 (-1024 1024 116 ) (-1024 1024 512 ) (-1128 1024 512 ) (-1128 1024 116 ) 
4 144 152 (-1096 1024 116 ) (-1128 1024 116 ) (-1128 1160 116 ) (-1096 1160 116 ) 
4 144 150 (-1024 1024 116 ) (-1096 1024 116 ) (-1096 1160 116 ) (-1024 1160 116 ) 
4 144 145 (-1128 1160 116 ) (-1128 1024 116 ) (-1128 1024 512 ) (-1128 1160 512 ) 
4 145 160 (-1128 1024 512 ) (-1168 1024 512 ) (-1168 1024 116 ) (-1128 1024 116 ) 
4 145 151 (-1168 1220 116 ) (-1168 1292 116 ) (-1128 1292 116 ) (-1128 1220 116 ) 
4 145 152 (-1128 1024 116 ) (-1168 1024 116 ) (-1168 1220 116 ) (-1128 1220 116 ) 
4 145 148 (-1168 1292 116 ) (-1168 1352 116 ) (-1152 1352 116 ) (-1152 1292 116 ) 
4 145 147 (-1152 1352 116 ) (-1128 1352 116 ) (-1128 1292 116 ) (-1152 1292 116 ) 
4 147 153 (-1096 1292 20 ) (-1024 1292 20 ) (-1024 1292 58 ) (-1096 1292 58 ) 
4 147 151 (-1096 1292 116 ) (-1152 1292 116 ) (-1152 1292 62 ) (-1096 1292 62 ) 
4 147 150 (-1024 1292 116 ) (-1096 1292 116 ) (-1096 1292 58 ) (-1024 1292 58 ) 
4 147 149 (-1024 1292 20 ) (-1152 1292 20 ) (-1152 1616 20 ) (-1024 1616 20 ) 
4 147 148 (-1152 1616 20 ) (-1152 1292 20 ) (-1152 1292 116 ) (-1152 1616 116 ) 
4 148 151 (-1152 1292 116 ) (-1168 1292 116 ) (-1168 1292 62 ) (-1152 1292 62 ) 
4 148 149 (-1152 1292 20 ) (-1168 1292 20 ) (-1168 1616 20 ) (-1152 1616 20 ) 
4 149 158 (-1168 1292 -54 ) (-1168 1292 -256 ) (-1096 1292 -256 ) (-1096 1292 -54 ) 
4 149 157 (-1096 1292 -256 ) (-1024 1292 -256 ) (-1024 1292 -50 ) (-1096 1292 -50 ) 
4 149 153 (-1096 1292 -50 ) (-1024 1292 -50 ) (-1024 1292 20 ) (-1096 1292 20 ) 
4 150 160 (-1024 1024 58 ) (-1024 1024 116 ) (-1096 1024 116 ) (-1096 1024 58 ) 
4 150 153 (-1096 1292 58 ) (-1024 1292 58 ) (-1024 1024 58 ) (-1096 1024 58 ) 
4 150 151 (-1096 1292 116 ) (-1096 1292 62 ) (-1096 1220 62 ) (-1096 1220 116 ) 
4 150 152 (-1096 1220 58 ) (-1096 1024 58 ) (-1096 1024 116 ) (-1096 1220 116 ) 
4 151 152 (-1096 1220 62 ) (-1096 1220 116 ) (-1168 1220 116 ) (-1168 1220 62 ) 
4 152 160 (-1096 1024 116 ) (-1168 1024 116 ) (-1168 1024 58 ) (-1096 1024 58 ) 
4 152 156 (-1168 1024 58 ) (-1168 1220 58 ) (-1100 1220 58 ) (-1100 1024 58 ) 
4 152 154 (-1100 1220 58 ) (-1096 1220 58 ) (-1096 1024 58 ) (-1100 1024 58 ) 
4 153 160 (-1024 1024 -50 ) (-1024 1024 58 ) (-1096 1024 58 ) (-1096 1024 -50 ) 
4 153 157 (-1024 1024 -50 ) (-1096 1024 -50 ) (-1096 1292 -50 ) (-1024 1292 -50 ) 
4 153 154 (-1096 1220 -50 ) (-1096 1024 -50 ) (-1096 1024 58 ) (-1096 1220 58 ) 
4 154 160 (-1096 1024 58 ) (-1100 1024 58 ) (-1100 1024 -50 ) (-1096 1024 -50 ) 
4 154 159 (-1096 1024 -50 ) (-1100 1024 -50 ) (-1100 1220 -50 ) (-1096 1220 -50 ) 
4 154 156 (-1100 1220 -50 ) (-1100 1024 -50 ) (-1100 1024 58 ) (-1100 1220 58 ) 
4 156 160 (-1100 1024 58 ) (-1168 1024 58 ) (-1168 1024 -50 ) (-1100 1024 -50 ) 
4 156 159 (-1100 1024 -50 ) (-1168 1024 -50 ) (-1168 1220 -50 ) (-1100 1220 -50 ) 
4 157 160 (-1024 1024 -256 ) (-1024 1024 -50 ) (-1096 1024 -50 ) (-1096 1024 -256 ) 
4 157 158 (-1096 1292 -256 ) (-1096 1220 -256 ) (-1096 1220 -54 ) (-1096 1292 -54 ) 
4 157 159 (-1096 1220 -256 ) (-1096 1024 -256 ) (-1096 1024 -50 ) (-1096 1220 -50 ) 
4 158 159 (-1168 1220 -256 ) (-1096 1220 -256 ) (-1096 1220 -54 ) (-1168 1220 -54 ) 
4 159 160 (-1096 1024 -50 ) (-1168 1024 -50 ) (-1168 1024 -256 ) (-1096 1024 -256 ) 
4 163 166 (704 -128 -128 ) (704 0 -128 ) (736 0 -128 ) (736 -128 -128 ) 
4 163 167 (704 -576 -128 ) (704 -448 -128 ) (736 -448 -128 ) (736 -576 -128 ) 
4 163 164 (800 0 -128 ) (800 -224 -128 ) (736 -224 -128 ) (736 0 -128 ) 
4 163 165 (800 -256 -128 ) (800 -640 -128 ) (736 -640 -128 ) (736 -256 -128 ) 
4 164 166 (736 0 -256 ) (736 -128 -256 ) (736 -128 -128 ) (736 0 -128 ) 
4 165 167 (736 -448 -256 ) (736 -576 -256 ) (736 -576 -128 ) (736 -448 -128 ) 
4 166 168 (704 -128 -128 ) (704 0 -128 ) (704 0 -256 ) (704 -128 -256 ) 
4 167 168 (704 -576 -128 ) (704 -448 -128 ) (704 -448 -256 ) (704 -576 -256 ) 
4 168 179 (672 -448 -256 ) (672 -576 -256 ) (672 -576 -139.476440 ) (672 -448 -139.480499 ) 
4 168 178 (672 -576 -139.476440 ) (672 -576 -128 ) (672 -448 -128 ) (672 -448 -139.480499 ) 
4 168 177 (672 -128 -256 ) (672 -448 -256 ) (672 -448 -128 ) (672 -128 -128 ) 
4 168 182 (672 -576 -256 ) (672 -640 -256 ) (672 -640 -128 ) (672 -576 -128 ) 
4 168 174 (672 0 -139.467194 ) (672 0 -256 ) (672 -128 -256 ) (672 -128 -139.467194 ) 
4 168 173 (672 0 -128 ) (672 0 -139.467194 ) (672 -128 -139.467194 ) (672 -128 -128 ) 
4 169 172 (544 0 256 ) (640 0 256 ) (640 -128 256 ) (544 -128 256 ) 
4 169 171 (640 0 256 ) (672 0 256 ) (672 -128 256 ) (640 -128 256 ) 
4 169 170 (544 0 384 ) (544 0 256 ) (544 -128 256 ) (544 -128 384 ) 
4 170 197 (448 0 384 ) (448 0 256 ) (448 -128 256 ) (448 -128 384 ) 
4 170 172 (448 -128 256 ) (448 0 256 ) (544 0 256 ) (544 -128 256 ) 
4 171 178 (640 -512 128 ) (640 -448 128 ) (672 -448 128 ) (672 -512 128 ) 
4 171 177 (640 -448 128 ) (640 -128 128 ) (672 -128 128 ) (672 -448 128 ) 
4 171 173 (640 -128 128 ) (640 0 128 ) (672 0 128 ) (672 -128 128 ) 
4 171 172 (640 0 128 ) (640 -512 128 ) (640 -512 256 ) (640 0 256 ) 
4 172 216 (448 -512 128 ) (448 -576 128 ) (448 -576 256 ) (448 -512 256 ) 
4 172 204 (448 -16 128 ) (448 -32 128 ) (448 -32 256 ) (448 -16 256 ) 
4 172 207 (448 -32 128 ) (448 -512 128 ) (448 -512 256 ) (448 -32 256 ) 
4 172 199 (448 0 256 ) (448 0 128 ) (448 -16 128 ) (448 -16 256 ) 
4 172 178 (448 -576 128 ) (448 -448 128 ) (640 -448 128 ) (640 -576 128 ) 
4 172 177 (448 -448 128 ) (448 -128 128 ) (640 -128 128 ) (640 -448 128 ) 
4 172 173 (448 -128 128 ) (448 0 128 ) (640 0 128 ) (640 -128 128 ) 
4 173 204 (448 -16 83.899612 ) (448 -32 83.899612 ) (448 -32 128 ) (448 -16 128 ) 
4 173 207 (448 -32 83.899612 ) (448 -128 83.899628 ) (448 -128 128 ) (448 -32 128 ) 
4 173 199 (448 0 128 ) (448 0 83.899612 ) (448 -16 83.899612 ) (448 -16 128 ) 
4 173 177 (672 -128 -139.467224 ) (672 -128 128 ) (448 -128 128 ) (448 -128 83.899612 ) 
4 173 175 (659.002136 -128 -126.505875 ) (448 -128 83.899780 ) (448 0 83.899780 ) (659 0 -126.503937 ) 
4 173 174 (672 -128 -139.467041 ) (664.668152 -128 -132.155884 ) (664.668091 0 -132.155884 ) (672 0 -139.467041 ) 
4 174 177 (540.834961 -128 -256 ) (672 -128 -256 ) (672 -128 -139.467224 ) (664.668030 -128 -132.155991 ) 
4 174 176 (540.835938 0 -256 ) (540.835938 -128 -256 ) (574.160400 -128 -222.672394 ) (574.160400 0 -222.672394 ) 
4 175 204 (448 -16 -256 ) (448 -32 -256 ) (448 -32 83.899612 ) (448 -16 83.899612 ) 
4 175 207 (448 -32 -256 ) (448 -128 -256 ) (448 -128 83.899628 ) (448 -32 83.899612 ) 
4 175 199 (448 0 83.899612 ) (448 0 -256 ) (448 -16 -256 ) (448 -16 83.899612 ) 
4 175 177 (448 -128 -256 ) (529.496521 -128 -256 ) (659.002014 -128 -126.505981 ) (448 -128 83.899612 ) 
4 175 176 (568.497925 -128 -217.001953 ) (529.496460 -128 -256 ) (529.492432 0 -256 ) (568.495911 0 -217 ) 
4 176 177 (529.496521 -128 -256 ) (540.834961 -128 -256 ) (574.160034 -128 -222.672012 ) (568.497986 -128 -217.001984 ) 
4 177 207 (448 -128 -256 ) (448 -448 -256 ) (448 -448 128 ) (448 -128 128 ) 
4 177 181 (529.492432 -448 -256 ) (540.834961 -448 -256 ) (574.160034 -448 -222.672012 ) (568.495972 -448 -217 ) 
4 177 180 (448 -448 -256 ) (529.492432 -448 -256 ) (658.997925 -448 -126.505997 ) (448 -448 84.044357 ) 
4 177 179 (540.834961 -448 -256 ) (672 -448 -256 ) (672 -448 -139.480499 ) (664.664001 -448 -132.160034 ) 
4 177 178 (672 -448 -139.480499 ) (672 -448 128 ) (448 -448 128 ) (448 -448 84.044357 ) 
4 178 217 (448 -576 84.048401 ) (448 -576 128 ) (448 -512 128 ) (448 -512 84.046379 ) 
4 178 207 (448 -512 128 ) (448 -448 128 ) (448 -448 84.044357 ) (448 -512 84.046379 ) 
4 178 180 (659 -576 -126.504868 ) (448 -576 84.046631 ) (448 -448 84.042679 ) (658.997131 -448 -126.506805 ) 
4 178 179 (672 -576 -139.478165 ) (664.665161 -576 -132.158905 ) (664.663208 -448 -132.160843 ) (672 -448 -139.482086 ) 
4 178 182 (672 -576 -139.476456 ) (672 -576 128 ) (448 -576 128 ) (448 -576 84.048401 ) 
4 179 181 (540.835938 -576 -256 ) (574.160400 -576 -222.672394 ) (574.160095 -448 -222.672089 ) (540.835083 -448 -256 ) 
4 179 182 (540.834961 -576 -256 ) (672 -576 -256 ) (672 -576 -139.476456 ) (664.666016 -576 -132.158020 ) 
4 180 217 (448 -512 -256 ) (448 -576 -256 ) (448 -576 84.048401 ) (448 -512 84.046379 ) 
4 180 207 (448 -448 -256 ) (448 -512 -256 ) (448 -512 84.046379 ) (448 -448 84.044357 ) 
4 180 181 (529.492188 -448 -256 ) (568.495850 -448 -217 ) (568.495911 -576 -217 ) (529.492432 -576 -256 ) 
4 180 182 (448 -576 -256 ) (529.492432 -576 -256 ) (659 -576 -126.503983 ) (448 -576 84.048401 ) 
4 181 182 (529.492432 -576 -256 ) (540.834961 -576 -256 ) (574.160034 -576 -222.672012 ) (568.495911 -576 -217 ) 
4 182 217 (448 -576 -256 ) (448 -640 -256 ) (448 -640 128 ) (448 -576 128 ) 
4 182 183 (448 -640 -256 ) (640 -640 -256 ) (640 -640 128 ) (448 -640 128 ) 
4 183 217 (448 -640 -256 ) (448 -672 -256 ) (448 -672 128 ) (448 -640 128 ) 
4 184 188 (464 0 -544 ) (464 0 -768 ) (464 -32 -768 ) (464 -32 -544 ) 
4 185 191 (464 -288 -288 ) (464 -288 -480 ) (464 -480 -480 ) (464 -480 -288 ) 
4 186 192 (464 -288 -640 ) (464 -384 -640 ) (464 -384 -576 ) (464 -288 -576 ) 
4 186 190 (464 -256 -576 ) (464 -256 -640 ) (464 -288 -640 ) (464 -288 -576 ) 
4 187 193 (464 -320.140991 -768 ) (464 -384 -768 ) (464 -384 -704 ) (464 -320.140991 -704 ) 
4 188 204 (448 -16 -768 ) (448 -32 -768 ) (448 -32 -544 ) (448 -16 -544 ) 
4 188 199 (448 0 -544 ) (448 0 -768 ) (448 -16 -768 ) (448 -16 -544 ) 
4 188 189 (464 -32 -704 ) (464 -32 -576 ) (448 -32 -576 ) (448 -32 -704 ) 
4 189 207 (448 -224 -704 ) (448 -224 -576 ) (448 -32 -576 ) (448 -32 -704 ) 
4 190 207 (448 -256 -576 ) (448 -256 -640 ) (448 -288 -640 ) (448 -288 -576 ) 
4 190 192 (448 -288 -640 ) (464 -288 -640 ) (464 -288 -576 ) (448 -288 -576 ) 
4 191 207 (448 -288 -288 ) (448 -288 -480 ) (448 -480 -480 ) (448 -480 -288 ) 
4 192 207 (448 -288 -576 ) (448 -288 -640 ) (448 -384 -640 ) (448 -384 -576 ) 
4 193 207 (448 -320.140991 -704 ) (448 -320.140991 -768 ) (448 -384 -768 ) (448 -384 -704 ) 
4 194 196 (48 -176 640 ) (48 -80 640 ) (144 -80 640 ) (144 -176 640 ) 
4 195 197 (256 0 384 ) (383.859009 0 384 ) (383.859009 -64 384 ) (256 -64 384 ) 
4 195 198 (191.858994 -64 384 ) (191.858994 0 384 ) (256 0 384 ) (256 -64 384 ) 
4 196 198 (48 -176 384 ) (48 -80 384 ) (144 -80 384 ) (144 -176 384 ) 
4 197 204 (448 -16 256 ) (448 -32 256 ) (256 -32 256 ) (256 -16 256 ) 
4 197 207 (448 -32 256 ) (448 -128 256 ) (256 -128 256 ) (256 -32 256 ) 
4 197 199 (256 0 256 ) (448 0 256 ) (448 -16 256 ) (256 -16 256 ) 
4 197 198 (256 0 256 ) (256 -128 256 ) (256 -128 384 ) (256 0 384 ) 
4 198 240 (0 -256 384 ) (0 0 384 ) (0 0 256 ) (0 -256 256 ) 
4 198 206 (0 -32 256 ) (0 -16 256 ) (64 -16 256 ) (64 -32 256 ) 
4 198 205 (64 -16 256 ) (128 -16 256 ) (128 -32 256 ) (64 -32 256 ) 
4 198 204 (128 -16 256 ) (256 -16 256 ) (256 -32 256 ) (128 -32 256 ) 
4 198 207 (0 -256 256 ) (0 -32 256 ) (256 -32 256 ) (256 -256 256 ) 
4 198 202 (0 -16 256 ) (0 0 256 ) (64 0 256 ) (64 -16 256 ) 
4 198 201 (64 0 256 ) (112 0 256 ) (112 -16 256 ) (64 -16 256 ) 
4 198 200 (112 0 256 ) (128 0 256 ) (128 -16 256 ) (112 -16 256 ) 
4 198 199 (128 0 256 ) (256 0 256 ) (256 -16 256 ) (128 -16 256 ) 
4 199 209 (224 0 -768 ) (288 0 -768 ) (288 -16 -768 ) (224 -16 -768 ) 
4 199 210 (128 0 -768 ) (224 0 -768 ) (224 -16 -768 ) (128 -16 -768 ) 
4 199 208 (288 0 -768 ) (448 0 -768 ) (448 -16 -768 ) (288 -16 -768 ) 
4 199 204 (128 -16 -768 ) (448 -16 -768 ) (448 -16 256 ) (128 -16 256 ) 
4 199 200 (128 -16 -384 ) (128 -16 256 ) (128 0 256 ) (128 0 -384 ) 
4 200 205 (128 -16 -384 ) (128 -16 256 ) (112 -16 256 ) (112 -16 -384 ) 
4 200 203 (112 -16 -384 ) (112 -16 -272 ) (112 0 -272 ) (112 0 -384 ) 
4 200 201 (112 -16 -272 ) (112 -16 256 ) (112 0 256 ) (112 0 -272 ) 
4 201 205 (112 -16 -272 ) (112 -16 256 ) (64 -16 256 ) (64 -16 -272 ) 
4 201 203 (64 0 -272 ) (112 0 -272 ) (112 -16 -272 ) (64 -16 -272 ) 
4 201 202 (64 -16 -256 ) (64 -16 256 ) (64 0 256 ) (64 0 -256 ) 
4 202 245 (0 -16 256 ) (0 0 256 ) (0 0 -256 ) (0 -16 -256 ) 
4 202 206 (64 -16 256 ) (0 -16 256 ) (0 -16 -256 ) (64 -16 -256 ) 
4 203 205 (112 -16 -384 ) (112 -16 -272 ) (64 -16 -272 ) (64 -16 -384 ) 
4 204 209 (224 -16 -768 ) (288 -16 -768 ) (288 -32 -768 ) (224 -32 -768 ) 
4 204 210 (128 -16 -768 ) (224 -16 -768 ) (224 -32 -768 ) (128 -32 -768 ) 
4 204 208 (288 -16 -768 ) (448 -16 -768 ) (448 -32 -768 ) (288 -32 -768 ) 
4 204 205 (128 -16 256 ) (128 -16 -384 ) (128 -32 -384 ) (128 -32 256 ) 
4 204 207 (128 -32 -768 ) (448 -32 -768 ) (448 -32 256 ) (128 -32 256 ) 
4 205 206 (64 -16 256 ) (64 -16 -256 ) (64 -32 -256 ) (64 -32 256 ) 
4 205 207 (128 -32 -384 ) (128 -32 256 ) (64 -32 256 ) (64 -32 -384 ) 
4 206 245 (0 -32 256 ) (0 -16 256 ) (0 -16 -256 ) (0 -32 -256 ) 
4 206 207 (64 -32 -256 ) (64 -32 256 ) (0 -32 256 ) (0 -32 -256 ) 
4 207 284 (0 -512 -768 ) (0 -512 -640 ) (0 -256 -640 ) (0 -256 -768 ) 
4 207 283 (0 -224 -640 ) (0 -96 -640 ) (0 -96 -704 ) (0 -224 -704 ) 
4 207 278 (0 -512 -640 ) (0 -512 -512 ) (0 -256 -512 ) (0 -256 -640 ) 
4 207 274 (0 -512 -512 ) (0 -512 -256 ) (0 -256 -256 ) (0 -256 -512 ) 
4 207 252 (0 -512 -256 ) (0 -512 128 ) (0 -224 128 ) (0 -224 -256 ) 
4 207 249 (0 -512 128 ) (0 -512 256 ) (0 -224 256 ) (0 -224 128 ) 
4 207 245 (0 -224 256 ) (0 -32 256 ) (0 -32 -256 ) (0 -224 -256 ) 
4 207 223 (0 -512 -640 ) (0 -512 -768 ) (128 -512 -768 ) (128 -512 -640 ) 
4 207 220 (256 -512 -448 ) (192 -512 -448 ) (192 -512 -576 ) (256 -512 -576 ) 
4 207 216 (0 -512 256 ) (0 -512 128 ) (448 -512 128 ) (448 -512 256 ) 
4 207 217 (0 -512 128 ) (0 -512 -256 ) (448 -512 -256 ) (448 -512 128 ) 
4 207 212 (128 -224 -768 ) (128 -192 -768 ) (160 -192 -768 ) (160 -224 -768 ) 
4 207 211 (128 -192 -768 ) (128 -160 -768 ) (192 -160 -768 ) (192 -192 -768 ) 
4 207 209 (224 -32 -768 ) (288 -32 -768 ) (288 -128 -768 ) (224 -128 -768 ) 
4 207 210 (128 -160 -768 ) (128 -32 -768 ) (224 -32 -768 ) (224 -160 -768 ) 
4 207 208 (288 -96 -768 ) (288 -32 -768 ) (448 -32 -768 ) (448 -96 -768 ) 
4 208 213 (288 -96 -784 ) (288 0 -784 ) (448 0 -784 ) (448 -96 -784 ) 
4 208 209 (288 0 -784 ) (288 -96 -784 ) (288 -96 -768 ) (288 0 -768 ) 
4 209 215 (288 -112 -784 ) (288 -128 -784 ) (224 -128 -784 ) (224 -112 -784 ) 
4 209 214 (224 0 -784 ) (256 0 -784 ) (256 -112 -784 ) (224 -112 -784 ) 
4 209 210 (224 0 -784 ) (224 -128 -784 ) (224 -128 -768 ) (224 0 -768 ) 
4 210 215 (128 -160 -784 ) (128 -112 -784 ) (224 -112 -784 ) (224 -160 -784 ) 
4 210 214 (128 -112 -784 ) (128 0 -784 ) (224 0 -784 ) (224 -112 -784 ) 
4 210 211 (128 -160 -768 ) (128 -160 -784 ) (192 -160 -784 ) (192 -160 -768 ) 
4 211 215 (128 -192 -784 ) (128 -160 -784 ) (192 -160 -784 ) (192 -192 -784 ) 
4 211 212 (128 -192 -768 ) (128 -192 -784 ) (160 -192 -784 ) (160 -192 -768 ) 
4 212 215 (128 -224 -784 ) (128 -192 -784 ) (160 -192 -784 ) (160 -224 -784 ) 
4 214 215 (256 -112 -784 ) (128 -112 -784 ) (128 -112 -952 ) (256 -112 -952 ) 
4 216 249 (0 -576 256 ) (0 -512 256 ) (0 -512 128 ) (0 -576 128 ) 
4 216 217 (0 -576 128 ) (0 -512 128 ) (448 -512 128 ) (448 -576 128 ) 
4 217 255 (0 -672 -256 ) (0 -672 128 ) (0 -640 128 ) (0 -640 -256 ) 
4 217 252 (0 -640 128 ) (0 -512 128 ) (0 -512 -256 ) (0 -640 -256 ) 
4 217 224 (128 -672 0 ) (128 -672 -128 ) (256 -672 -128 ) (256 -672 0 ) 
4 218 221 (256 -672 -448 ) (192 -672 -448 ) (192 -576 -448 ) (256 -576 -448 ) 
4 218 219 (384 -672 -448 ) (256 -672 -448 ) (256 -576 -448 ) (384 -576 -448 ) 
4 219 221 (256 -576 -576 ) (256 -672 -576 ) (256 -672 -448 ) (256 -576 -448 ) 
4 220 221 (192 -528 -448 ) (192 -528 -576 ) (256 -528 -576 ) (256 -528 -448 ) 
4 222 223 (0 -560 -640 ) (0 -528 -640 ) (128 -528 -640 ) (128 -560 -640 ) 
4 223 229 (128 -672 -640 ) (0 -672 -640 ) (0 -672 -768 ) (128 -672 -768 ) 
4 225 277 (0 -928 -512 ) (0 -992 -512 ) (0 -992 -256 ) (0 -928 -256 ) 
4 225 276 (0 -832 -512 ) (0 -928 -512 ) (0 -928 -256 ) (0 -832 -256 ) 
4 225 275 (0 -736 -256 ) (0 -736 -512 ) (0 -832 -512 ) (0 -832 -256 ) 
4 225 259 (0 -736 -30.894958 ) (0 -736 -256 ) (0 -992 -256 ) (0 -992 -30.882355 ) 
4 225 228 (128 -736 -512 ) (214.886520 -736 -512 ) (214.886520 -992 -512 ) (128 -992 -512 ) 
4 225 229 (0 -992 -512 ) (0 -736 -512 ) (128 -736 -512 ) (128 -992 -512 ) 
4 226 233 (192.488968 -864 -768 ) (192.488968 -736 -768 ) (208.549774 -736 -768 ) (208.549805 -864 -768 ) 
4 226 227 (202.671204 -864 -651.638428 ) (192.490723 -864 -768 ) (208.551712 -864 -768 ) (218.610474 -864 -653.032166 ) 
4 226 228 (213.824448 -736 -524.136047 ) (192.488770 -736 -768 ) (192.488708 -864 -768 ) (213.824417 -864 -524.136230 ) 
4 227 233 (208.549850 -992 -768 ) (192.488968 -992 -768 ) (192.488968 -864 -768 ) (208.549805 -864 -768 ) 
4 227 228 (192.488708 -864 -768 ) (192.488647 -992 -768 ) (202.669281 -992 -651.637207 ) (202.669235 -864 -651.638184 ) 
4 228 235 (160 -992 -768 ) (128 -992 -768 ) (128 -736 -768 ) (160 -736 -768 ) 
4 228 232 (192.488968 -992 -768 ) (160 -992 -768 ) (160 -736 -768 ) (192.488968 -736 -768 ) 
4 228 230 (128 -992 -768 ) (160.367004 -992 -768 ) (170.790710 -992 -648.855286 ) (128 -992 -645.111877 ) 
4 228 229 (128 -736 -768 ) (128 -992 -768 ) (128 -992 -512 ) (128 -736 -512 ) 
4 229 307 (0 -992 -512 ) (0 -928 -512 ) (0 -928 -768 ) (0 -992 -768 ) 
4 229 294 (0 -927 -732.661133 ) (0 -928 -732.661133 ) (0 -928 -540.014404 ) (0 -927 -540.014404 ) 
4 229 292 (0 -833 -732.661133 ) (0 -927 -732.661133 ) (0 -927 -540.014404 ) (0 -833 -540.014343 ) 
4 229 291 (0 -832 -540.014343 ) (0 -832 -732.661133 ) (0 -833 -732.661133 ) (0 -833 -540.014343 ) 
4 229 290 (0 -832 -539.007813 ) (0 -832 -540.014343 ) (0 -928 -540.014404 ) (0 -928 -539.008057 ) 
4 229 289 (0 -928 -512 ) (0 -832 -512 ) (0 -832 -539.007813 ) (0 -928 -539.008057 ) 
4 229 288 (0 -832 -732.661133 ) (0 -832 -768 ) (0 -928 -768 ) (0 -928 -732.661133 ) 
4 229 286 (0 -832 -512 ) (0 -736 -512 ) (0 -736 -768 ) (0 -832 -768 ) 
4 229 235 (128 -736 -768 ) (128 -992 -768 ) (0 -992 -768 ) (0 -736 -768 ) 
4 229 230 (0 -992 -768 ) (128 -992 -768 ) (128 -992 -645.111877 ) (0 -992 -633.914246 ) 
4 230 308 (0 -992 -633.914246 ) (0 -992 -768 ) (0 -1008 -768 ) (0 -1008 -633.914429 ) 
5 230 231 (0 -1008 -768 ) (160.367004 -1008 -768 ) (170.790695 -1008 -648.855469 ) (69.564026 -1008 -640 ) (0 -1008 -640 ) 
4 231 314 (160 -1024 -640 ) (0 -1024 -640 ) (0 -1024 -768 ) (160 -1024 -768 ) 
4 231 311 (176 -1024 -640 ) (160 -1024 -640 ) (160 -1024 -768 ) (176 -1024 -768 ) 
4 231 309 (0 -1024 -768 ) (0 -1024 -640 ) (0 -1008 -640 ) (0 -1008 -768 ) 
4 232 235 (160 -736 -768 ) (160 -736 -792.460022 ) (160 -992 -792.459717 ) (160 -992 -768 ) 
3 232 234 (160.367004 -992 -768 ) (160 -992 -768 ) (160 -992 -772.194885 ) 
5 232 233 (192.490570 -991.996094 -768 ) (192.490234 -992 -768.003906 ) (191.514297 -992 -779.151489 ) (191.514206 -736 -779.152527 ) (192.490555 -736 -768 ) 
4 235 310 (0 -992 -778.461670 ) (0 -992 -768 ) (0 -736 -768 ) (0 -736 -778.461914 ) 
4 236 241 (-256.140991 0 384 ) (-192.141022 0 384 ) (-192.141022 -32 384 ) (-256.140991 -32 384 ) 
4 236 237 (-256.140991 0 384 ) (-256.140991 -32 384 ) (-256.140991 -32 416 ) (-256.140991 0 416 ) 
4 237 241 (-320 0 384 ) (-256.140991 0 384 ) (-256.140991 -32 384 ) (-320 -32 384 ) 
4 237 238 (-352.140991 -32 384 ) (-256.140991 -32 384 ) (-256.140991 -32 448 ) (-352.140991 -32 448 ) 
4 238 241 (-320 -32 384 ) (-256.140991 -32 384 ) (-256.140991 -64 384 ) (-320 -64 384 ) 
4 239 243 (-384 -448 384 ) (-384 -320 384 ) (-256 -320 384 ) (-256 -448 384 ) 
4 240 249 (-192 -256 256 ) (-192 -224 256 ) (0 -224 256 ) (0 -256 256 ) 
4 240 245 (-192 -224 256 ) (-192 0 256 ) (0 0 256 ) (0 -224 256 ) 
4 240 242 (-192 -224 256 ) (-192 -256 256 ) (-192 -256 384 ) (-192 -224 384 ) 
4 240 241 (-192 0 256 ) (-192 -224 256 ) (-192 -224 384 ) (-192 0 384 ) 
4 241 245 (-320 0 256 ) (-192 0 256 ) (-192 -224 256 ) (-320 -224 256 ) 
4 241 242 (-320 -224 256 ) (-192 -224 256 ) (-192 -224 384 ) (-320 -224 384 ) 
4 242 249 (-320 -224 256 ) (-192 -224 256 ) (-192 -256 256 ) (-320 -256 256 ) 
4 243 251 (-384 -448 256 ) (-384 -320 256 ) (-320 -320 256 ) (-320 -448 256 ) 
4 243 249 (-320 -320 256 ) (-256 -320 256 ) (-256 -448 256 ) (-320 -448 256 ) 
4 244 249 (-256 -448 256 ) (-192 -448 256 ) (-192 -512 256 ) (-256 -512 256 ) 
4 245 253 (-320 -224 128 ) (-320 -224 -256 ) (-288 -224 -256 ) (-288 -224 128 ) 
4 245 252 (-288 -224 -256 ) (0 -224 -256 ) (0 -224 128 ) (-288 -224 128 ) 
4 245 249 (0 -224 256 ) (-320 -224 256 ) (-320 -224 128 ) (0 -224 128 ) 
4 245 246 (-320 0 -256 ) (-320 -224 -256 ) (-320 -224 192 ) (-320 0 192 ) 
4 246 253 (-352 -224 128 ) (-352 -224 -256 ) (-320 -224 -256 ) (-320 -224 128 ) 
4 246 250 (-352 -224 192 ) (-352 -224 128 ) (-320 -224 128 ) (-320 -224 192 ) 
4 246 248 (-352 0 -256 ) (-352 -224 -256 ) (-352 -224 192 ) (-352 0 192 ) 
4 247 248 (-352 0 192 ) (-352 -224 192 ) (-384 -224 192 ) (-384 0 192 ) 
4 248 269 (-384 -192 -192 ) (-384 -192 -48 ) (-384 0 -48 ) (-384 0 -192 ) 
4 248 268 (-384 -192 0 ) (-384 0 0 ) (-384 0 -48 ) (-384 -192 -48 ) 
4 248 265 (-384 -224 0 ) (-384 -224 126 ) (-384 0 126 ) (-384 0 0 ) 
4 248 264 (-384 -224 126 ) (-384 -224 128 ) (-384 0 128 ) (-384 0 126 ) 
4 248 260 (-384 -64 160 ) (-384 -64 128 ) (-384 -128 128 ) (-384 -128 160 ) 
4 248 253 (-384 -224 128 ) (-384 -224 -256 ) (-352 -224 -256 ) (-352 -224 128 ) 
4 248 250 (-384 -224 192 ) (-384 -224 128 ) (-352 -224 128 ) (-352 -224 192 ) 
4 249 254 (-288 -256 128 ) (-288 -576 128 ) (-320 -576 128 ) (-320 -256 128 ) 
4 249 253 (-320 -224 128 ) (-288 -224 128 ) (-288 -256 128 ) (-320 -256 128 ) 
4 249 252 (-288 -224 128 ) (0 -224 128 ) (0 -576 128 ) (-288 -576 128 ) 
4 249 250 (-320 -224 192 ) (-320 -224 128 ) (-320 -256 128 ) (-320 -256 192 ) 
4 249 251 (-320 -256 128 ) (-320 -576 128 ) (-320 -576 256 ) (-320 -256 256 ) 
4 250 253 (-384 -256 128 ) (-384 -224 128 ) (-320 -224 128 ) (-320 -256 128 ) 
4 250 251 (-384 -256 128 ) (-320 -256 128 ) (-320 -256 192 ) (-384 -256 192 ) 
4 251 254 (-384 -576 128 ) (-384 -256 128 ) (-320 -256 128 ) (-320 -576 128 ) 
4 252 274 (0 -256 -256 ) (0 -512 -256 ) (-192 -512 -256 ) (-192 -256 -256 ) 
4 252 257 (-288 -640 -256 ) (-192 -640 -256 ) (-192 -640 128 ) (-288 -640 128 ) 
4 252 255 (-192 -640 -256 ) (0 -640 -256 ) (0 -640 128 ) (-192 -640 128 ) 
4 252 254 (-288 -640 -128 ) (-288 -640 128 ) (-288 -256 128 ) (-288 -256 -128 ) 
4 252 253 (-288 -256 128 ) (-288 -224 128 ) (-288 -224 -256 ) (-288 -256 -256 ) 
4 253 265 (-384 -256 0 ) (-384 -256 126 ) (-384 -224 126 ) (-384 -224 0 ) 
4 253 264 (-384 -256 126 ) (-384 -256 128 ) (-384 -224 128 ) (-384 -224 126 ) 
4 253 254 (-288 -256 -128 ) (-288 -256 128 ) (-384 -256 128 ) (-384 -256 -128 ) 
4 254 271 (-384 -480 0 ) (-384 -352 0 ) (-384 -352 -126 ) (-384 -480 -126 ) 
4 254 270 (-384 -352 0 ) (-384 -256 0 ) (-384 -256 -128 ) (-384 -352 -128 ) 
4 254 272 (-384 -640 -128 ) (-384 -640 0 ) (-384 -480 0 ) (-384 -480 -128 ) 
4 254 266 (-384 -640 0 ) (-384 -640 128 ) (-384 -384 128 ) (-384 -384 0 ) 
4 254 265 (-384 -256 126 ) (-384 -256 0 ) (-384 -384 0 ) (-384 -384 126 ) 
4 254 264 (-384 -384 128 ) (-384 -256 128 ) (-384 -256 126 ) (-384 -384 126 ) 
4 254 258 (-384 -640 128 ) (-384 -640 -128 ) (-288 -640 -128 ) (-288 -640 128 ) 
4 255 257 (-192 -640 128 ) (-192 -640 -256 ) (-192 -672 -256 ) (-192 -672 128 ) 
4 256 261 (-384 -672 128 ) (-384 -672 136 ) (-384 -640 136 ) (-384 -640 128 ) 
4 256 258 (-384 -640 128 ) (-288 -640 128 ) (-288 -672 128 ) (-384 -672 128 ) 
4 256 257 (-288 -640 128 ) (-192 -640 128 ) (-192 -672 128 ) (-288 -672 128 ) 
4 257 258 (-288 -672 -128 ) (-288 -672 128 ) (-288 -640 128 ) (-288 -640 -128 ) 
4 258 273 (-384 -672 -128 ) (-384 -672 0 ) (-384 -640 0 ) (-384 -640 -128 ) 
4 258 267 (-384 -672 0 ) (-384 -672 128 ) (-384 -640 128 ) (-384 -640 0 ) 
4 259 277 (0 -928 -256 ) (0 -992 -256 ) (-19.695278 -992 -256 ) (-19.695004 -928 -256 ) 
4 259 276 (0 -832 -256 ) (0 -928 -256 ) (-19.695004 -928 -256 ) (-19.694593 -832 -256 ) 
4 259 275 (0 -736 -256 ) (0 -832 -256 ) (-19.694593 -832 -256 ) (-19.694183 -736 -256 ) 
4 260 264 (-384 -64 128 ) (-384 -128 128 ) (-388 -128 128 ) (-388 -64 128 ) 
4 261 267 (-384 -640 128 ) (-384 -672 128 ) (-416 -672 128 ) (-416 -640 128 ) 
4 261 262 (-416 -640 128 ) (-416 -672 128 ) (-416 -672 136 ) (-416 -640 136 ) 
4 262 267 (-416 -640 128 ) (-416 -672 128 ) (-448 -672 128 ) (-448 -640 128 ) 
4 262 266 (-416 -384 128 ) (-416 -640 128 ) (-448 -640 128 ) (-448 -384 128 ) 
4 263 264 (-672 0 128 ) (-544 0 128 ) (-544 -32 128 ) (-672 -32 128 ) 
4 264 266 (-384 -384 126 ) (-384 -384 128 ) (-512 -384 128 ) (-512 -384 126 ) 
4 264 265 (-384 -384 126 ) (-704 -384 126 ) (-704 0 126 ) (-384 0 126 ) 
4 265 271 (-384 -352 0 ) (-384 -384 0 ) (-512 -384 0 ) (-512 -352 0 ) 
4 265 270 (-384 -256 0 ) (-384 -352 0 ) (-512 -352 0 ) (-512 -256 0 ) 
4 265 268 (-392 0 0 ) (-384 0 0 ) (-384 -192 0 ) (-392 -192 0 ) 
4 265 266 (-512 -384 0 ) (-384 -384 0 ) (-384 -384 126 ) (-512 -384 126 ) 
4 266 271 (-384 -384 0 ) (-384 -480 0 ) (-512 -480 0 ) (-512 -384 0 ) 
4 266 272 (-384 -480 0 ) (-384 -640 0 ) (-512 -640 0 ) (-512 -480 0 ) 
4 266 267 (-448 -640 0 ) (-384 -640 0 ) (-384 -640 128 ) (-448 -640 128 ) 
4 267 273 (-384 -640 0 ) (-384 -672 0 ) (-448 -672 0 ) (-448 -640 0 ) 
4 268 269 (-392 0 -48 ) (-384 0 -48 ) (-384 -192 -48 ) (-392 -192 -48 ) 
4 270 271 (-512 -352 0 ) (-512 -352 -126 ) (-384 -352 -126 ) (-384 -352 0 ) 
4 271 272 (-512 -480 0 ) (-512 -480 -126 ) (-384 -480 -126 ) (-384 -480 0 ) 
4 272 273 (-384 -640 -128 ) (-384 -640 0 ) (-448 -640 0 ) (-448 -640 -128 ) 
4 274 279 (-192 -512 -512 ) (-192 -256 -512 ) (-16 -256 -512 ) (-16 -512 -512 ) 
4 274 278 (-16 -256 -512 ) (0 -256 -512 ) (0 -512 -512 ) (-16 -512 -512 ) 
4 275 286 (-42.091309 -736 -512 ) (0 -736 -512 ) (0 -832 -512 ) (-42.091728 -832 -512 ) 
4 275 276 (-42.091721 -832 -512 ) (0 -832 -512 ) (0 -832 -256 ) (-19.694588 -832 -256 ) 
4 276 299 (-30.892202 -833 -512 ) (-30.892439 -928 -512 ) (-42.095448 -928 -512 ) (-42.095444 -833 -512 ) 
4 276 297 (-36.950039 -832 -512 ) (-30.892200 -832 -512 ) (-30.892202 -833 -512 ) (-36.950039 -833 -512 ) 
4 276 295 (-42.095444 -832 -512 ) (-36.950039 -832 -512 ) (-36.950039 -833 -512 ) (-42.095444 -833 -512 ) 
4 276 289 (-30.892200 -832 -512 ) (0 -832 -512 ) (0 -928 -512 ) (-30.892439 -928 -512 ) 
4 276 277 (-42.095444 -928 -512 ) (0 -928 -512 ) (0 -928 -256 ) (-19.620028 -928 -256 ) 
4 277 307 (-42.092148 -928 -512 ) (0 -928 -512 ) (0 -992 -512 ) (-42.092411 -992 -512 ) 
4 278 284 (-16 -512 -640 ) (-16 -256 -640 ) (0 -256 -640 ) (0 -512 -640 ) 
4 278 281 (-16 -256 -640 ) (-16 -512 -640 ) (-16 -512 -624 ) (-16 -256 -624 ) 
4 278 279 (-16 -512 -624 ) (-16 -512 -512 ) (-16 -256 -512 ) (-16 -256 -624 ) 
4 279 282 (-144 -512 -624 ) (-192 -512 -624 ) (-192 -256 -624 ) (-144 -256 -624 ) 
4 279 281 (-16 -512 -624 ) (-144 -512 -624 ) (-144 -256 -624 ) (-16 -256 -624 ) 
4 280 283 (-16 -96 -640 ) (-16 -224 -640 ) (-144 -224 -640 ) (-144 -96 -640 ) 
4 281 284 (-16 -256 -640 ) (-16 -512 -640 ) (-144 -512 -640 ) (-144 -256 -640 ) 
4 281 282 (-144 -256 -640 ) (-144 -512 -640 ) (-144 -512 -624 ) (-144 -256 -624 ) 
4 282 284 (-192 -512 -640 ) (-192 -256 -640 ) (-144 -256 -640 ) (-144 -512 -640 ) 
4 284 285 (-192 -320.140991 -768 ) (-192 -384.140991 -768 ) (-192 -384.140991 -704 ) (-192 -320.140991 -704 ) 
4 286 310 (-64.488464 -736 -768 ) (0 -736 -768 ) (0 -832 -768 ) (-64.488861 -832 -768 ) 
3 286 298 (-44.035675 -832 -534.219360 ) (-52.243450 -832 -628.034363 ) (-39.984447 -832 -534.752502 ) 
4 286 297 (-30.892200 -832 -512 ) (-36.950039 -832 -512 ) (-39.810738 -832 -533.767822 ) (-33.861073 -832 -534.550842 ) 
4 286 295 (-36.950039 -832 -512 ) (-42.091724 -832 -512 ) (-44.035675 -832 -534.219360 ) (-39.940903 -832 -534.758240 ) 
4 286 291 (0 -832 -732.661194 ) (0 -832 -540.014404 ) (-32.008938 -832 -535.802124 ) (-56.939770 -832 -725.168762 ) 
4 286 290 (0 -832 -540.014404 ) (0 -832 -539.007813 ) (-31.879238 -832 -534.811707 ) (-32.009682 -832 -535.802002 ) 
4 286 289 (0 -832 -539.007813 ) (0 -832 -512 ) (-30.892200 -832 -512 ) (-33.861073 -832 -534.550842 ) 
5 286 288 (-64.488892 -832 -768 ) (0 -832 -768 ) (0 -832 -732.661194 ) (-54.031567 -832 -725.551392 ) (-60.723892 -832 -724.966003 ) 
3 286 287 (-54.031567 -832 -725.551392 ) (-60.698357 -832 -724.674133 ) (-60.723892 -832 -724.966003 ) 
3 287 307 (-54.025681 -928 -725.552124 ) (-60.699230 -928 -724.674011 ) (-60.724785 -928 -724.966125 ) 
4 287 305 (-68.640518 -927 -723.628784 ) (-68.640518 -928 -723.628784 ) (-64.871536 -928 -724.124756 ) (-64.871536 -927 -724.124756 ) 
4 287 303 (-68.640526 -833 -723.628845 ) (-68.640518 -927 -723.628784 ) (-64.871536 -927 -724.124756 ) (-64.871544 -833 -724.124817 ) 
4 287 298 (-64.871544 -832 -724.124756 ) (-68.640526 -832 -723.628845 ) (-68.640526 -833 -723.628845 ) (-64.871544 -833 -724.124817 ) 
4 287 294 (-56.939922 -928 -725.168396 ) (-54.019043 -928 -725.552734 ) (-54.019115 -927 -725.552734 ) (-56.939922 -927 -725.168396 ) 
4 287 292 (-56.939922 -927 -725.168396 ) (-54.019115 -927 -725.552734 ) (-54.025921 -833 -725.551880 ) (-56.939930 -833 -725.168457 ) 
4 287 291 (-54.025993 -832 -725.551880 ) (-56.939735 -832 -725.168457 ) (-56.940468 -833 -725.168396 ) (-54.025921 -833 -725.551880 ) 
4 287 288 (-60.725502 -832 -724.965637 ) (-54.026245 -832 -725.551697 ) (-54.019806 -928 -725.552490 ) (-60.725521 -928 -724.965881 ) 
4 288 310 (-64.488770 -832 -768 ) (0 -832 -768 ) (0 -928 -768 ) (-64.488770 -928 -768 ) 
5 288 307 (-64.488770 -928 -768 ) (0 -928 -768 ) (0 -928 -732.661133 ) (-54.025681 -928 -725.552124 ) (-60.725540 -928 -724.966064 ) 
4 288 294 (-54.019115 -927 -725.552734 ) (-54.019043 -928 -725.552734 ) (0 -928 -732.660828 ) (0 -927 -732.660828 ) 
4 288 292 (-54.025921 -833 -725.551880 ) (-54.019115 -927 -725.552734 ) (0 -927 -732.660828 ) (0 -833 -732.660889 ) 
4 288 291 (0 -832 -732.660889 ) (-54.025993 -832 -725.551880 ) (-54.025921 -833 -725.551880 ) (0 -833 -732.660889 ) 
4 289 307 (0 -928 -539.008057 ) (0 -928 -512 ) (-30.892441 -928 -512 ) (-33.861351 -928 -534.551086 ) 
4 289 299 (-33.861370 -833 -534.550781 ) (-33.861023 -928 -534.551147 ) (-30.892113 -928 -512 ) (-30.892572 -833 -512 ) 
4 289 297 (-30.892578 -832 -512 ) (-33.861374 -832 -534.550781 ) (-33.861370 -833 -534.550781 ) (-30.892572 -833 -512 ) 
4 289 290 (-31.879240 -832 -534.811707 ) (0 -832 -539.007813 ) (0 -928 -539.008118 ) (-31.879007 -928 -534.812012 ) 
4 290 307 (0 -928 -540.014404 ) (0 -928 -539.008057 ) (-31.879004 -928 -534.812012 ) (-32.009407 -928 -535.802002 ) 
4 290 294 (0 -928 -540.014526 ) (-32.009430 -928 -535.802185 ) (-32.009434 -927 -535.802185 ) (0 -927 -540.014526 ) 
4 290 292 (-32.009434 -927 -535.802185 ) (-32.009701 -833 -535.802185 ) (0 -833 -540.014526 ) (0 -927 -540.014526 ) 
4 290 291 (-32.009701 -833 -535.802185 ) (-32.009705 -832 -535.802185 ) (0 -832 -540.014526 ) (0 -833 -540.014526 ) 
4 291 292 (0 -833 -540.015198 ) (-32.009781 -833 -535.802795 ) (-56.940506 -833 -725.168701 ) (0 -833 -732.661194 ) 
4 292 294 (0 -927 -540.015198 ) (-32.070000 -927 -535.794922 ) (-56.939960 -927 -725.168701 ) (0 -927 -732.661133 ) 
4 292 293 (-32.069336 -833 -535.792969 ) (-56.809464 -833 -724.178101 ) (-56.809460 -927 -724.178101 ) (-32.069336 -927 -535.792969 ) 
4 294 307 (0 -928 -732.661133 ) (0 -928 -540.014404 ) (-32.069889 -928 -535.794067 ) (-56.939957 -928 -725.168701 ) 
4 295 300 (-44.046074 -833 -534.218079 ) (-39.940907 -833 -534.758301 ) (-39.810734 -833 -533.767761 ) (-43.958603 -833 -533.221741 ) 
4 295 299 (-39.810734 -833 -533.767761 ) (-36.950039 -833 -512 ) (-42.095448 -833 -512 ) (-43.958603 -833 -533.221741 ) 
4 295 298 (-39.940891 -833 -534.758179 ) (-44.046066 -833 -534.217957 ) (-44.046066 -832 -534.217957 ) (-39.940895 -832 -534.758179 ) 
4 295 297 (-36.951172 -833 -512 ) (-39.811100 -833 -533.767700 ) (-39.811066 -832 -533.767700 ) (-36.950375 -832 -512 ) 
4 295 296 (-44 -832 -533.697021 ) (-44.045879 -832 -534.218445 ) (-44.045879 -833 -534.218445 ) (-44 -833 -533.697021 ) 
4 296 304 (-51.962269 -833 -533 ) (-51.977535 -833 -533.174255 ) (-44.046074 -833 -534.218079 ) (-44 -833 -533.697021 ) 
4 296 298 (-44.046066 -833 -534.217957 ) (-51.974625 -833 -533.174561 ) (-51.974625 -832 -533.174561 ) (-44.046066 -832 -534.217957 ) 
4 297 299 (-33.865398 -833 -534.550293 ) (-30.896599 -833 -512 ) (-36.950039 -833 -512 ) (-39.810734 -833 -533.767822 ) 
5 298 304 (-51.977535 -833 -533.174255 ) (-68.553062 -833 -722.630981 ) (-64.741226 -833 -723.133179 ) (-52.361515 -833 -628.932739 ) (-44.046070 -833 -534.218079 ) 
4 298 303 (-68.553062 -833 -722.630981 ) (-68.640625 -833 -723.631836 ) (-64.871941 -833 -724.127808 ) (-64.741226 -833 -723.133179 ) 
3 298 300 (-52.361515 -833 -628.932739 ) (-39.984455 -833 -534.752563 ) (-44.046070 -833 -534.218079 ) 
4 299 307 (-30.892441 -928 -512 ) (-42.095448 -928 -512 ) (-43.958626 -928 -533.222046 ) (-33.861351 -928 -534.551086 ) 
4 299 301 (-43.961159 -928 -533.221252 ) (-43.961159 -927 -533.221252 ) (-39.810707 -927 -533.767578 ) (-39.810707 -928 -533.767578 ) 
4 299 300 (-43.961159 -927 -533.221252 ) (-43.961136 -833 -533.221008 ) (-39.810471 -833 -533.767334 ) (-39.810020 -927 -533.767639 ) 
4 300 304 (-44 -833 -533.697021 ) (-52.405411 -833 -629.434509 ) (-52.406597 -927 -629.447266 ) (-44 -927 -533.697144 ) 
3 300 302 (-44.048386 -927 -534.217773 ) (-52.413887 -927 -629.502625 ) (-39.940445 -927 -534.758362 ) 
4 300 301 (-39.810040 -927 -533.767822 ) (-43.960938 -927 -533.221680 ) (-44.048386 -927 -534.217773 ) (-39.940445 -927 -534.758362 ) 
4 301 307 (-43.958626 -928 -533.222046 ) (-44.046070 -928 -534.218079 ) (-39.940907 -928 -534.758301 ) (-39.810760 -928 -533.768005 ) 
4 301 306 (-44.045986 -928 -534.218018 ) (-44 -928 -533.697144 ) (-44 -927 -533.697144 ) (-44.045986 -927 -534.218079 ) 
4 301 302 (-44.046875 -928 -534.218262 ) (-44.046875 -927 -534.218262 ) (-39.940945 -927 -534.758606 ) (-39.940945 -928 -534.758606 ) 
3 302 307 (-52.291359 -928 -628.572021 ) (-39.940445 -928 -534.758362 ) (-44.036533 -928 -534.219360 ) 
4 302 306 (-52.406601 -928 -629.447266 ) (-44.045986 -928 -534.218018 ) (-44.045986 -927 -534.218079 ) (-52.405045 -927 -629.429626 ) 
4 303 305 (-64.741226 -927 -723.133179 ) (-68.549408 -927 -722.631531 ) (-68.636719 -927 -723.629517 ) (-64.871567 -927 -724.124939 ) 
4 303 304 (-68.549805 -927 -722.631531 ) (-64.741241 -927 -723.133240 ) (-64.741241 -833 -723.133301 ) (-68.550049 -833 -722.631531 ) 
5 304 306 (-52.382950 -927 -629.267639 ) (-43.992188 -927 -533.696289 ) (-51.959225 -927 -532.998596 ) (-68.549408 -927 -722.631531 ) (-64.740707 -927 -723.133240 ) 
4 305 306 (-64.741379 -927 -723.134338 ) (-68.550140 -927 -722.632568 ) (-68.550140 -928 -722.632568 ) (-64.741379 -928 -723.134338 ) 
4 307 310 (-64.489807 -928 -768 ) (0 -928 -768 ) (0 -992 -768 ) (-64.489029 -992 -768 ) 
4 307 308 (-32.367325 -992 -768 ) (0 -992 -768 ) (0 -992 -633.914307 ) (-20.485130 -992 -632.122253 ) 
5 308 309 (-32 -1008 -768 ) (0 -1008 -768 ) (0 -1008 -640 ) (-21.174019 -1008 -640 ) (-32 -1008 -763.799683 ) 
4 309 324 (0 -1024 -768 ) (0 -1024 -640 ) (-32 -1024 -640 ) (-32 -1024 -768 ) 
4 311 314 (160 -1024 -640 ) (160 -1024 -768 ) (160 -1120 -768 ) (160 -1120 -640 ) 
4 312 313 (128 -1216 -608 ) (128 -1280 -608 ) (0 -1280 -608 ) (0 -1216 -608 ) 
4 313 327 (0 -1216 -640 ) (0 -1288 -640 ) (0 -1288 -608 ) (0 -1216 -608 ) 
4 313 321 (160 -1288 -640 ) (160 -1288 -608 ) (0 -1288 -608 ) (0 -1288 -640 ) 
4 313 317 (160 -1216 -640 ) (160 -1288 -640 ) (128 -1288 -640 ) (128 -1216 -640 ) 
4 313 318 (128 -1288 -640 ) (0 -1288 -640 ) (0 -1216 -640 ) (128 -1216 -640 ) 
4 314 324 (0 -1024 -640 ) (0 -1024 -768 ) (0 -1137 -768 ) (0 -1137 -640 ) 
4 314 315 (0 -1137 -768 ) (160 -1137 -768 ) (160 -1137 -640 ) (0 -1137 -640 ) 
4 315 325 (0 -1137 -768 ) (0 -1138 -768 ) (0 -1138 -640 ) (0 -1137 -640 ) 
4 315 316 (0 -1138 -768 ) (160 -1138 -768 ) (160 -1138 -640 ) (0 -1138 -640 ) 
4 316 326 (0 -1138 -768 ) (0 -1152 -768 ) (0 -1152 -640 ) (0 -1138 -640 ) 
4 316 318 (0 -1152 -768 ) (128 -1152 -768 ) (128 -1152 -640 ) (0 -1152 -640 ) 
4 317 321 (160 -1288 -767.236023 ) (160 -1288 -640 ) (128 -1288 -640 ) (128 -1288 -767.236023 ) 
4 317 318 (128 -1216 -768 ) (128 -1288 -768 ) (128 -1288 -640 ) (128 -1216 -640 ) 
4 318 328 (0 -1216 -768 ) (0 -1288 -768 ) (0 -1288 -640 ) (0 -1216 -640 ) 
4 318 321 (128 -1288 -640 ) (0 -1288 -640 ) (0 -1288 -767.236023 ) (128 -1288 -767.236023 ) 
4 319 320 (192 -1576 -735.236023 ) (192 -1576 -543.236023 ) (192 -1480 -543.236023 ) (192 -1480 -735.236023 ) 
4 320 321 (160 -1320 -767.236023 ) (160 -1736 -767.236023 ) (160 -1736 -511.236023 ) (160 -1320 -511.236023 ) 
4 321 332 (0 -1736 -511.236023 ) (0 -1384 -511.236023 ) (0 -1384 -767.236023 ) (0 -1736 -767.236023 ) 
4 321 329 (0 -1384 -511.236023 ) (0 -1288 -511.236023 ) (0 -1288 -767.236023 ) (0 -1384 -767.236023 ) 
4 321 322 (0 -1736 -767.236023 ) (128 -1736 -767.236023 ) (128 -1736 -511.236023 ) (0 -1736 -511.236023 ) 
4 322 332 (0 -1768 -511.236023 ) (0 -1736 -511.236023 ) (0 -1736 -767.236023 ) (0 -1768 -767.236023 ) 
4 322 323 (0 -1768 -767.236023 ) (0 -1736 -767.236023 ) (128 -1736 -767.236023 ) (128 -1768 -767.236023 ) 
4 323 337 (0 -1768 -775.235962 ) (0 -1768 -767.236023 ) (0 -1736 -767.236023 ) (0 -1736 -775.235962 ) 
4 324 325 (-32 -1137 -768 ) (0 -1137 -768 ) (0 -1137 -640 ) (-32 -1137 -640 ) 
4 325 326 (-32 -1138 -768 ) (0 -1138 -768 ) (0 -1138 -640 ) (-32 -1138 -640 ) 
4 327 329 (-32 -1288 -608 ) (-32 -1288 -640 ) (0 -1288 -640 ) (0 -1288 -608 ) 
4 327 328 (0 -1288 -640 ) (-32 -1288 -640 ) (-32 -1216 -640 ) (0 -1216 -640 ) 
4 328 329 (-32 -1288 -640 ) (-32 -1288 -767.236023 ) (0 -1288 -767.236023 ) (0 -1288 -640 ) 
4 329 332 (0 -1384 -767.236023 ) (0 -1384 -511.236023 ) (-32 -1384 -511.236023 ) (-32 -1384 -767.236023 ) 
4 330 332 (0 -1448 -511.236023 ) (0 -1512 -511.236023 ) (-64 -1512 -511.236023 ) (-64 -1448 -511.236023 ) 
4 331 332 (0 -1640 -511.236023 ) (0 -1704 -511.236023 ) (-64 -1704 -511.236023 ) (-64 -1640 -511.236023 ) 
4 332 337 (-96 -1768 -767.236023 ) (-96 -1736 -767.236023 ) (0 -1736 -767.236023 ) (0 -1768 -767.236023 ) 
4 332 334 (-96 -1608 -767.236023 ) (-96 -1768 -767.236023 ) (-96 -1768 -511.236023 ) (-96 -1608 -511.236023 ) 
4 332 333 (-96 -1416 -767.236023 ) (-96 -1544 -767.236023 ) (-96 -1544 -511.236023 ) (-96 -1416 -511.236023 ) 
4 333 335 (-128 -1544 -767.236023 ) (-128 -1416 -767.236023 ) (-96 -1416 -767.236023 ) (-96 -1544 -767.236023 ) 
4 334 337 (-128 -1768 -767.236023 ) (-128 -1736 -767.236023 ) (-96 -1736 -767.236023 ) (-96 -1768 -767.236023 ) 
4 334 336 (-128 -1736 -767.236023 ) (-128 -1608 -767.236023 ) (-96 -1608 -767.236023 ) (-96 -1736 -767.236023 ) 
4 336 337 (-128 -1736 -767.236023 ) (-128 -1736 -775.235962 ) (-96 -1736 -775.235962 ) (-96 -1736 -767.236023 ) 
