PRT1
336
753
4 3 8 (0 2208 96.307388 ) (0 2208 -159.692993 ) (0 2144 -159.692993 ) (0 2144 96.307388 ) 
4 3 5 (0 2144 -159.692993 ) (0 2208 -159.692993 ) (32 2208 -159.692993 ) (32 2144 -159.692993 ) 
4 4 7 (64 2112 -415.692993 ) (64 2240 -415.692993 ) (96 2240 -415.692993 ) (96 2112 -415.692993 ) 
4 4 6 (64 2240 -415.692993 ) (64 2272 -415.692993 ) (96 2272 -415.692993 ) (96 2240 -415.692993 ) 
4 4 5 (64 2272 -415.692993 ) (64 2112 -415.692993 ) (64 2112 -159.692993 ) (64 2272 -159.692993 ) 
4 5 15 (32 2048 -159.692993 ) (0 2048 -159.692993 ) (0 2048 -415.692993 ) (32 2048 -415.692993 ) 
4 5 14 (64 2048 -159.692993 ) (32 2048 -159.692993 ) (32 2048 -415.692993 ) (64 2048 -415.692993 ) 
4 5 9 (0 2048 -415.692993 ) (0 2048 -159.692993 ) (0 2272 -159.692993 ) (0 2272 -415.692993 ) 
4 5 6 (0 2240 -415.692993 ) (0 2272 -415.692993 ) (64 2272 -415.692993 ) (64 2240 -415.692993 ) 
4 6 12 (0 2240 -423.692902 ) (0 2240 -415.692993 ) (0 2272 -415.692993 ) (0 2272 -423.692902 ) 
4 6 7 (96 2240 -415.692993 ) (64 2240 -415.692993 ) (64 2240 -423.692902 ) (96 2240 -423.692902 ) 
4 8 9 (-32 2144 -159.692993 ) (-32 2208 -159.692993 ) (0 2208 -159.692993 ) (0 2144 -159.692993 ) 
4 9 57 (-160 2048 -383.692993 ) (-160 2048 -415.692993 ) (-128 2048 -415.692993 ) (-128 2048 -383.692993 ) 
4 9 56 (-160 2048 -191.692993 ) (-160 2048 -383.692993 ) (-128 2048 -383.692993 ) (-128 2048 -191.692993 ) 
4 9 55 (-128 2048 -159.692993 ) (-160 2048 -159.692993 ) (-160 2048 -191.692993 ) (-128 2048 -191.692993 ) 
4 9 49 (-32 2048 -159.692993 ) (-128 2048 -159.692993 ) (-128 2048 -415.692993 ) (-32 2048 -415.692993 ) 
4 9 48 (0 2048 -415.692993 ) (0 2048 -159.692993 ) (-32 2048 -159.692993 ) (-32 2048 -415.692993 ) 
4 9 12 (0 2272 -415.692993 ) (0 2240 -415.692993 ) (-160 2240 -415.692993 ) (-160 2272 -415.692993 ) 
4 9 10 (-160 2240 -415.692993 ) (-160 2048 -415.692993 ) (-160 2048 -159.692993 ) (-160 2240 -159.692993 ) 
4 10 57 (-224 2048 -383.692993 ) (-224 2048 -415.692993 ) (-160 2048 -415.692993 ) (-160 2048 -383.692993 ) 
4 10 56 (-224 2048 -191.692993 ) (-224 2048 -383.692993 ) (-160 2048 -383.692993 ) (-160 2048 -191.692993 ) 
4 10 55 (-160 2048 -159.692993 ) (-224 2048 -159.692993 ) (-224 2048 -191.692993 ) (-160 2048 -191.692993 ) 
4 10 11 (-224 2048 -383.692993 ) (-224 2048 -191.692993 ) (-224 2080 -191.692993 ) (-224 2080 -383.692993 ) 
4 11 56 (-256 2048 -383.692993 ) (-224 2048 -383.692993 ) (-224 2048 -191.692993 ) (-256 2048 -191.692993 ) 
4 13 18 (64 1920 -415.692993 ) (64 2048 -415.692993 ) (96 2048 -415.692993 ) (96 1920 -415.692993 ) 
4 13 14 (64 2048 -415.692993 ) (64 1920 -415.692993 ) (64 1920 -159.692993 ) (64 2048 -159.692993 ) 
4 14 17 (32 1952 -415.692993 ) (32 1888 -415.692993 ) (32 1888 -159.692993 ) (32 1952 -159.692993 ) 
4 14 16 (32 2016 -415.692993 ) (32 1952 -415.692993 ) (32 1952 -159.692993 ) (32 2016 -159.692993 ) 
4 14 15 (32 2048 -159.692993 ) (32 2048 -415.692993 ) (32 2016 -415.692993 ) (32 2016 -159.692993 ) 
4 15 48 (0 2048 -159.692993 ) (0 2048 -415.692993 ) (0 2016 -415.692993 ) (0 2016 -159.692993 ) 
4 15 16 (0 2016 -159.692993 ) (0 2016 -415.692993 ) (32 2016 -415.692993 ) (32 2016 -159.692993 ) 
4 16 47 (0 1952 -159.692993 ) (0 1952 96.307388 ) (0 2016 96.307388 ) (0 2016 -159.692993 ) 
4 16 48 (0 2016 -415.692993 ) (0 1952 -415.692993 ) (0 1952 -159.692993 ) (0 2016 -159.692993 ) 
4 16 17 (0 1952 -415.692993 ) (32 1952 -415.692993 ) (32 1952 -159.692993 ) (0 1952 -159.692993 ) 
4 17 48 (0 1952 -415.692993 ) (0 1888 -415.692993 ) (0 1888 -159.692993 ) (0 1952 -159.692993 ) 
4 17 19 (0 1888 -159.692993 ) (0 1888 -415.692993 ) (32 1888 -415.692993 ) (32 1888 -159.692993 ) 
4 19 48 (0 1792 -415.692993 ) (0 1792 -159.692993 ) (0 1888 -159.692993 ) (0 1888 -415.692993 ) 
4 19 21 (0 1792 -288 ) (0 1792 -415.692993 ) (32 1792 -415.692993 ) (32 1792 -288 ) 
4 19 20 (0 1792 -224 ) (0 1792 -288 ) (32 1792 -288 ) (32 1792 -224 ) 
4 20 51 (0 1696 -224 ) (0 1760 -224 ) (0 1760 -288 ) (0 1696 -288 ) 
4 20 50 (0 1760 -224 ) (0 1792 -224 ) (0 1792 -288 ) (0 1760 -288 ) 
4 20 21 (0 1696 -288 ) (0 1792 -288 ) (32 1792 -288 ) (32 1696 -288 ) 
4 21 51 (0 1696 -288 ) (0 1760 -288 ) (0 1760 -416 ) (0 1696 -416 ) 
4 21 50 (0 1760 -288 ) (0 1792 -288 ) (0 1792 -416 ) (0 1760 -416 ) 
4 22 23 (101.763588 1376 -173.525482 ) (109.945961 1376 -80 ) (109.946136 1504 -80 ) (101.763702 1504 -173.526138 ) 
4 23 31 (72 1376 -176 ) (72 1376 -224 ) (81.284866 1376 -224 ) (85.484047 1376 -176 ) 
4 23 26 (72 1504 -80 ) (72 1504 -224 ) (72 1376 -224 ) (72 1376 -80 ) 
4 23 25 (72 1376 -224 ) (72 1472 -224 ) (96 1472 -224 ) (96 1376 -224 ) 
4 23 24 (96 1504 -224 ) (97.348022 1504 -224 ) (97.347855 1376 -224 ) (96 1376 -224 ) 
4 24 25 (96 1376 -239.405975 ) (96 1376 -224 ) (96 1472 -224 ) (96 1472 -239.407410 ) 
5 25 33 (72 1376 -330.133575 ) (72 1376 -416 ) (80.549927 1376 -416 ) (90.607285 1376 -301.044586 ) (74.666824 1376 -299.649628 ) 
3 25 32 (72 1376 -248 ) (72 1376 -330.133575 ) (79.185280 1376 -248 ) 
4 25 31 (81.284866 1376 -224 ) (72 1376 -224 ) (72 1376 -248 ) (79.185280 1376 -248 ) 
4 25 28 (80.549980 1416 -416 ) (80.549927 1376 -416 ) (72 1376 -416 ) (72 1416 -416 ) 
4 26 31 (64 1376 -176 ) (64 1376 -224 ) (72 1376 -224 ) (72 1376 -176 ) 
4 26 29 (64 1504 -80 ) (64 1504 -224 ) (64 1376 -224 ) (64 1376 -80 ) 
4 27 29 (64 1471 -415 ) (64 1377 -415 ) (64 1377 -225 ) (64 1471 -225 ) 
5 28 33 (80.549927 1376 -416 ) (64.488159 1376 -416 ) (64 1376 -421.580017 ) (64 1376 -427.200470 ) (79.451782 1376 -428.551788 ) 
3 28 32 (64.488159 1376 -416 ) (64 1376 -416 ) (64 1376 -421.580017 ) 
4 28 29 (64 1376 -427.200500 ) (64 1376 -416 ) (64 1416 -416 ) (64 1416 -427.200470 ) 
4 29 45 (32 1504 -416 ) (32 1504 -424.402039 ) (32 1408 -424.401978 ) (32 1408 -416 ) 
4 29 43 (32 1504 -80 ) (32 1504 -416 ) (32 1376 -416 ) (32 1376 -80 ) 
4 29 35 (32 1376 -416 ) (32 1376 -424.401978 ) (64 1376 -427.200470 ) (64 1376 -416 ) 
4 29 30 (63.511993 1376 -427.158356 ) (32 1376 -424.402527 ) (32 1504 -424.402588 ) (63.511993 1504 -427.158417 ) 
4 30 45 (32 1504 -424.402039 ) (32 1504 -440.471436 ) (32 1408 -440.471008 ) (32 1408 -424.401978 ) 
4 30 38 (32 1376 -424.401978 ) (32 1376 -440.470856 ) (62.116875 1376 -443.105652 ) (63.512039 1376 -427.157806 ) 
4 31 32 (64 1249 -248 ) (64 1376 -248 ) (79.185280 1376 -248 ) (79.185280 1249 -248 ) 
4 32 35 (64 1249 -421.580078 ) (64 1249 -416 ) (64 1376 -416 ) (64 1376 -421.580048 ) 
4 32 33 (74.666595 1249 -299.649658 ) (64 1249 -421.577484 ) (64 1376 -421.577484 ) (74.666603 1376 -299.649628 ) 
4 33 35 (64 1376 -427.201721 ) (64 1249 -427.201660 ) (64 1249 -421.580078 ) (64 1376 -421.580048 ) 
5 33 34 (64 1249 -422.679901 ) (64 1249 -427.200439 ) (79.451614 1249 -428.551727 ) (90.605820 1249 -301.044495 ) (77.356438 1249 -299.885040 ) 
4 34 36 (64 1249 -427.201660 ) (64 1248 -427.201660 ) (64 1248 -422.679901 ) (64 1249 -422.679901 ) 
4 35 38 (32 1376 -424.402161 ) (63.512024 1376 -427.157990 ) (63.512032 1249 -427.157928 ) (32 1249 -424.402100 ) 
4 35 37 (33.411179 1249 -416 ) (32 1249 -416 ) (32 1249 -424.404602 ) (32.626228 1249 -424.459381 ) 
3 35 36 (64 1249 -427.203125 ) (64 1249 -422.679901 ) (63.512646 1249 -427.160492 ) 
4 37 42 (32 1248 -416 ) (32 1248 -424.401947 ) (32.626472 1248 -424.456726 ) (33.411179 1248 -416 ) 
4 37 38 (32.626457 1248 -424.456879 ) (32 1248 -424.402100 ) (32 1249 -424.402100 ) (32.626457 1249 -424.456879 ) 
4 39 44 (32 1232 -288 ) (32 1248 -288 ) (32 1248 -416 ) (32 1232 -416 ) 
4 39 40 (32 1232 -416 ) (33.411179 1232 -416 ) (45.288376 1232 -288 ) (32 1232 -288 ) 
4 40 44 (32 1120 -288 ) (32 1232 -288 ) (32 1232 -416 ) (32 1120 -416 ) 
4 41 101 (64 1024 -288 ) (32 1024 -288 ) (32 1024 -416 ) (64 1024 -416 ) 
4 41 98 (120 1024 -288 ) (64 1024 -288 ) (64 1024 -416 ) (120 1024 -416 ) 
4 41 46 (32 1024 -416 ) (32 1024 -288 ) (32 1088 -288 ) (32 1088 -416 ) 
4 43 74 (0 1408 -416 ) (0 1376 -416 ) (0 1376 -288 ) (0 1408 -288 ) 
4 43 67 (0 1376 -288 ) (0 1376 -224 ) (0 1408 -224 ) (0 1408 -288 ) 
4 43 65 (0 1376 -224 ) (0 1376 -80 ) (0 1408 -80 ) (0 1408 -224 ) 
4 43 63 (0 1504 -163.620117 ) (0 1504 -416 ) (0 1408 -416 ) (0 1408 -163.620239 ) 
4 43 62 (0 1504 -80 ) (0 1504 -163.620117 ) (0 1408 -163.620239 ) (0 1408 -80 ) 
4 43 45 (0 1408 -416 ) (0 1504 -416 ) (32 1504 -416 ) (32 1408 -416 ) 
4 43 44 (0 1376 -416 ) (32 1376 -416 ) (32 1376 -224 ) (0 1376 -224 ) 
4 44 96 (0 1120 -416 ) (0 1120 -288 ) (0 1184 -288 ) (0 1184 -416 ) 
4 44 95 (0 1248 -301.759216 ) (0 1248 -302.774475 ) (0 1184 -302.776215 ) (0 1184 -301.758881 ) 
4 44 94 (0 1248 -302.774475 ) (0 1248 -416 ) (0 1184 -416 ) (0 1184 -302.776215 ) 
4 44 93 (0 1184 -288 ) (0 1248 -288 ) (0 1248 -301.759216 ) (0 1184 -301.758881 ) 
4 44 88 (0 1232 -224 ) (0 1248 -224 ) (0 1248 -288 ) (0 1232 -288 ) 
4 44 89 (0 1120 -288 ) (0 1120 -224 ) (0 1232 -224 ) (0 1232 -288 ) 
4 44 81 (0 1248 -304.800232 ) (0 1248 -303.770020 ) (0 1312 -303.770355 ) (0 1312 -304.799042 ) 
4 44 79 (0 1312 -416 ) (0 1248 -416 ) (0 1248 -304.800232 ) (0 1312 -304.799042 ) 
4 44 78 (0 1248 -303.770020 ) (0 1248 -288 ) (0 1312 -288 ) (0 1312 -303.770355 ) 
4 44 74 (0 1376 -288 ) (0 1376 -416 ) (0 1312 -416 ) (0 1312 -288 ) 
4 44 67 (0 1248 -224 ) (0 1376 -224 ) (0 1376 -288 ) (0 1248 -288 ) 
4 44 46 (32 1120 -416 ) (32 1120 -288 ) (0 1120 -288 ) (0 1120 -416 ) 
4 45 63 (0 1408 -437.671478 ) (0 1408 -416 ) (0 1504 -416 ) (0 1504 -437.671906 ) 
4 46 101 (32 1024 -416 ) (32 1024 -288 ) (0 1024 -288 ) (0 1024 -416 ) 
4 46 97 (0 1024 -416 ) (0 1024 -288 ) (0 1088 -288 ) (0 1088 -416 ) 
4 46 96 (0 1088 -288 ) (0 1120 -288 ) (0 1120 -416 ) (0 1088 -416 ) 
4 47 48 (-32 1952 -159.692993 ) (-32 2016 -159.692993 ) (0 2016 -159.692993 ) (0 1952 -159.692993 ) 
4 48 50 (0 1792 -415.692993 ) (0 1792 -224 ) (-32 1792 -224 ) (-32 1792 -415.692993 ) 
4 48 49 (-32 2048 -159.692993 ) (-32 2048 -415.692993 ) (-32 1792 -415.692993 ) (-32 1792 -159.692993 ) 
4 49 59 (-128 1824 -415.692993 ) (-128 1792 -415.692993 ) (-128 1792 -159.692993 ) (-128 1824 -159.692993 ) 
4 49 58 (-128 1984 -415.692993 ) (-128 1824 -415.692993 ) (-128 1824 -159.692993 ) (-128 1984 -159.692993 ) 
4 49 57 (-128 2048 -383.692993 ) (-128 2048 -415.692993 ) (-128 1984 -415.692993 ) (-128 1984 -383.692993 ) 
4 49 56 (-128 2048 -191.692993 ) (-128 2048 -383.692993 ) (-128 1984 -383.692993 ) (-128 1984 -191.692993 ) 
4 49 55 (-128 2048 -159.692993 ) (-128 2048 -191.692993 ) (-128 1984 -191.692993 ) (-128 1984 -159.692993 ) 
4 49 50 (-128 1792 -224 ) (-128 1792 -415.692993 ) (-32 1792 -415.692993 ) (-32 1792 -224 ) 
4 50 61 (-128 1760 -416 ) (-128 1760 -288 ) (-128 1792 -288 ) (-128 1792 -416 ) 
4 50 60 (-128 1760 -288 ) (-128 1760 -224 ) (-128 1792 -224 ) (-128 1792 -288 ) 
4 50 51 (-128 1760 -224 ) (-128 1760 -416 ) (0 1760 -416 ) (0 1760 -224 ) 
4 51 61 (-128 1696 -416 ) (-128 1696 -288 ) (-128 1760 -288 ) (-128 1760 -416 ) 
4 51 60 (-128 1696 -288 ) (-128 1696 -224 ) (-128 1760 -224 ) (-128 1760 -288 ) 
4 51 52 (-128 1696 -288 ) (-128 1696 -416 ) (0 1696 -416 ) (0 1696 -288 ) 
4 52 53 (-128 1568 -288 ) (-128 1568 -416 ) (0 1568 -416 ) (0 1568 -288 ) 
4 53 54 (-128 1536 -288 ) (-128 1536 -416 ) (0 1536 -416 ) (0 1536 -288 ) 
4 54 63 (0 1504 -416 ) (0 1504 -288 ) (-128 1504 -288 ) (-128 1504 -416 ) 
4 55 58 (-128 1984 -191.692993 ) (-128 1984 -159.692993 ) (-224 1984 -159.692993 ) (-224 1984 -191.692993 ) 
4 55 56 (-128 1984 -191.692993 ) (-224 1984 -191.692993 ) (-224 2048 -191.692993 ) (-128 2048 -191.692993 ) 
4 56 58 (-128 1984 -383.692993 ) (-128 1984 -191.692993 ) (-224 1984 -191.692993 ) (-224 1984 -383.692993 ) 
4 56 57 (-128 1984 -383.692993 ) (-224 1984 -383.692993 ) (-224 2048 -383.692993 ) (-128 2048 -383.692993 ) 
4 57 58 (-224 1984 -415.692993 ) (-128 1984 -415.692993 ) (-128 1984 -383.692993 ) (-224 1984 -383.692993 ) 
4 58 59 (-160 1824 -415.692993 ) (-128 1824 -415.692993 ) (-128 1824 -159.692993 ) (-160 1824 -159.692993 ) 
4 59 61 (-128 1792 -415.692993 ) (-128 1792 -288 ) (-160 1792 -288 ) (-160 1792 -415.692993 ) 
4 59 60 (-128 1792 -288 ) (-128 1792 -224 ) (-160 1792 -224 ) (-160 1792 -288 ) 
4 60 61 (-160 1792 -288 ) (-128 1792 -288 ) (-128 1696 -288 ) (-160 1696 -288 ) 
4 62 65 (0 1408 -163.620239 ) (0 1408 -80 ) (-180 1408 -80 ) (-180 1408 -147.877777 ) 
4 62 63 (0 1408 -163.620605 ) (-169.202087 1408 -148.822098 ) (-169.201294 1504 -148.821991 ) (0 1504 -163.620041 ) 
4 63 76 (-180 1408 -373.720428 ) (-180 1408 -416 ) (-160 1408 -416 ) (-160 1408 -375.471558 ) 
4 63 75 (-160 1408 -288 ) (-180 1408 -288 ) (-180 1408 -373.720428 ) (-160 1408 -375.471558 ) 
4 63 74 (0 1408 -416 ) (0 1408 -288 ) (-160 1408 -288 ) (-160 1408 -416 ) 
5 63 71 (-160 1408 -224 ) (-175.727875 1408 -224 ) (-180 1408 -273.215424 ) (-180 1408 -288 ) (-160 1408 -288 ) 
4 63 68 (-128 1408 -224 ) (-160 1408 -224 ) (-160 1408 -288 ) (-128 1408 -288 ) 
4 63 67 (0 1408 -288 ) (0 1408 -224 ) (-128 1408 -224 ) (-128 1408 -288 ) 
4 63 65 (0 1408 -224 ) (0 1408 -163.620239 ) (-169.202087 1408 -148.822144 ) (-175.727875 1408 -224 ) 
4 63 64 (-180 1504 -421.924530 ) (-180 1408 -421.924103 ) (-180 1408 -273.215393 ) (-180 1504 -273.224365 ) 
4 64 85 (-192.908813 1408 -420.794800 ) (-192 1408 -420.874298 ) (-192 1408 -416 ) (-192.489319 1408 -416 ) 
3 64 77 (-192 1408 -410.407013 ) (-192.489319 1408 -416 ) (-192 1408 -416 ) 
5 64 76 (-180 1408 -416 ) (-180 1408 -373.720428 ) (-188.723541 1408 -372.956604 ) (-192 1408 -410.407013 ) (-192 1408 -416 ) 
4 64 75 (-180 1408 -373.720428 ) (-180 1408 -288 ) (-181.290848 1408 -288 ) (-188.723541 1408 -372.956604 ) 
3 64 71 (-180 1408 -288 ) (-180 1408 -273.245422 ) (-181.290848 1408 -288 ) 
4 65 71 (-180 1408 -224 ) (-160 1408 -224 ) (-160 1376 -224 ) (-180 1376 -224 ) 
4 65 68 (-160 1408 -224 ) (-128 1408 -224 ) (-128 1376 -224 ) (-160 1376 -224 ) 
4 65 67 (-128 1408 -224 ) (0 1408 -224 ) (0 1376 -224 ) (-128 1376 -224 ) 
4 65 66 (-180 1408 -148.009613 ) (-180 1408 -224 ) (-180 1376 -224 ) (-180 1376 -148 ) 
4 66 71 (-187.998962 1408 -224 ) (-180 1408 -224 ) (-180 1376 -224 ) (-188 1376 -224 ) 
3 67 86 (-128 1248 -288 ) (-58.458755 1248 -288 ) (-128 1248 -281.914520 ) 
5 67 88 (-58.458755 1248 -288 ) (0 1248 -288 ) (0 1248 -224 ) (-128 1248 -224 ) (-128 1248 -281.914520 ) 
4 67 78 (0 1248 -288 ) (-64 1248 -288 ) (-64 1312 -288 ) (0 1312 -288 ) 
4 67 74 (-128 1312 -288 ) (-128 1408 -288 ) (0 1408 -288 ) (0 1312 -288 ) 
4 67 69 (-128 1248 -274 ) (-128 1248 -224 ) (-128 1376 -224 ) (-128 1376 -274 ) 
4 67 70 (-128 1376 -288 ) (-128 1248 -288 ) (-128 1248 -280 ) (-128 1376 -280 ) 
4 67 68 (-128 1408 -288 ) (-128 1376 -288 ) (-128 1376 -224 ) (-128 1408 -224 ) 
4 68 74 (-160 1376 -288 ) (-160 1408 -288 ) (-128 1408 -288 ) (-128 1376 -288 ) 
4 68 71 (-160 1408 -288 ) (-160 1376 -288 ) (-160 1376 -224 ) (-160 1408 -224 ) 
4 68 69 (-160 1376 -224 ) (-160 1376 -274 ) (-128 1376 -274 ) (-128 1376 -224 ) 
4 68 70 (-160 1376 -280 ) (-160 1376 -288 ) (-128 1376 -288 ) (-128 1376 -280 ) 
4 69 88 (-128 1248 -274 ) (-128 1248 -224 ) (-160 1248 -224 ) (-160 1248 -274 ) 
4 69 72 (-160 1248 -274 ) (-160 1248 -224 ) (-160 1312 -224 ) (-160 1312 -274 ) 
4 69 71 (-160 1312 -224 ) (-160 1376 -224 ) (-160 1376 -274 ) (-160 1312 -274 ) 
4 70 86 (-149.168930 1248 -288 ) (-128 1248 -288 ) (-128 1248 -281.914520 ) (-148.479782 1248 -280.122375 ) 
3 70 88 (-128 1248 -281.914520 ) (-128 1248 -280 ) (-149.878052 1248 -280 ) 
4 70 83 (-128 1248 -288 ) (-160 1248 -288 ) (-160 1312 -288 ) (-128 1312 -288 ) 
4 70 74 (-160 1312 -288 ) (-160 1376 -288 ) (-128 1376 -288 ) (-128 1312 -288 ) 
4 70 72 (-160 1312 -288 ) (-160 1248 -288 ) (-160 1248 -280 ) (-160 1312 -280 ) 
4 70 71 (-160 1376 -288 ) (-160 1312 -288 ) (-160 1312 -280 ) (-160 1376 -280 ) 
4 71 75 (-188 1408 -288 ) (-160 1408 -288 ) (-160 1376 -288 ) (-188 1404 -288 ) 
4 71 73 (-180.358017 1312 -277.331726 ) (-175.692123 1312 -224 ) (-188 1312 -224 ) (-188 1312 -276.663513 ) 
4 71 72 (-181.291367 1312 -288 ) (-160 1312 -288 ) (-160 1312 -224 ) (-175.692123 1312 -224 ) 
4 72 88 (-160 1248 -279.114227 ) (-160 1248 -224 ) (-175.692474 1248 -224 ) (-180.358459 1248 -277.332672 ) 
4 72 73 (-175.691895 1312 -224 ) (-180.357819 1312 -277.331757 ) (-180.358170 1248 -277.331726 ) (-175.692245 1248 -224 ) 
4 73 88 (-180.358368 1248 -277.331696 ) (-175.692474 1248 -224 ) (-188 1248 -224 ) (-188 1248 -276.663513 ) 
4 74 82 (-128 1312 -416 ) (-64 1312 -416 ) (-64 1312 -289 ) (-128 1312 -289 ) 
4 74 83 (-160 1312 -416 ) (-128 1312 -416 ) (-128 1312 -288 ) (-160 1312 -288 ) 
4 74 81 (0 1312 -304.799042 ) (0 1312 -303.770355 ) (-32.324799 1312 -296.010162 ) (-32.558395 1312 -296.982971 ) 
4 74 80 (-63.441631 1312 -288.539948 ) (-64 1312 -288.405914 ) (-64 1312 -289.435028 ) (-63.675049 1312 -289.513031 ) 
4 74 79 (-64 1312 -416 ) (0 1312 -416 ) (0 1312 -304.799042 ) (-64 1312 -289.435028 ) 
4 74 78 (0 1312 -303.770355 ) (0 1312 -288 ) (-64 1312 -288 ) (-64 1312 -288.405914 ) 
4 74 76 (-160 1408 -416 ) (-160 1376 -416 ) (-160 1376 -375.471649 ) (-160 1408 -375.471558 ) 
4 74 75 (-160 1376 -288 ) (-160 1408 -288 ) (-160 1408 -375.471558 ) (-160 1376 -375.471649 ) 
4 75 76 (-160 1408 -375.471466 ) (-160 1376 -375.471558 ) (-188.723557 1404.723511 -372.956573 ) (-188.723526 1408 -372.956543 ) 
4 77 85 (-192.488831 1408 -416 ) (-192 1408 -416 ) (-192 1312 -416 ) (-192.488861 1312 -416 ) 
3 77 84 (-192.488892 1312 -416 ) (-192 1312 -416 ) (-192 1312 -410.410553 ) 
4 78 95 (0 1248 -302.774475 ) (0 1248 -301.759216 ) (-0.979188 1248 -301.586548 ) (-1.152807 1248 -302.571198 ) 
3 78 94 (0 1248 -303.770020 ) (0 1248 -302.774475 ) (-15.616499 1248 -300.020966 ) 
5 78 93 (0 1248 -301.759216 ) (0 1248 -288 ) (-63.571964 1248 -288 ) (-63.657963 1248 -288.487671 ) (-31.545074 1248 -296.196991 ) 
4 78 91 (-63.571964 1248 -288 ) (-64 1248 -288 ) (-64 1248 -288.405548 ) (-63.657963 1248 -288.487671 ) 
4 78 81 (-32.324780 1312 -296.010071 ) (0 1312 -303.770264 ) (0 1248 -303.769897 ) (-32.324661 1248 -296.009735 ) 
4 78 80 (-64 1248 -288.405457 ) (-64 1312 -288.405823 ) (-63.441608 1312 -288.539886 ) (-63.441483 1248 -288.539551 ) 
5 79 94 (-64 1248 -416 ) (0 1248 -416 ) (0 1248 -304.800232 ) (-31.779602 1248 -297.171112 ) (-64 1248 -291.489960 ) 
3 79 93 (-47.711452 1248 -293.346436 ) (-64 1248 -289.436157 ) (-64 1248 -290.474365 ) 
4 79 82 (-64 1312 -289.435028 ) (-64 1312 -416 ) (-64 1248 -416 ) (-64 1248 -289.436157 ) 
4 79 81 (0 1312 -304.797913 ) (-32.558147 1312 -296.981934 ) (-32.558372 1248 -296.983032 ) (0 1248 -304.799072 ) 
4 79 80 (-63.674812 1312 -289.512024 ) (-64 1312 -289.433960 ) (-64 1248 -289.435120 ) (-63.675030 1248 -289.513123 ) 
4 80 93 (-63.441513 1248 -288.539612 ) (-63.657959 1248 -288.487640 ) (-63.832325 1248 -289.476410 ) (-63.675270 1248 -289.514099 ) 
4 80 91 (-63.657959 1248 -288.487640 ) (-64 1248 -288.405548 ) (-64 1248 -289.436157 ) (-63.832325 1248 -289.476410 ) 
4 80 82 (-64 1312 -289 ) (-64 1312 -289.435028 ) (-64 1248 -289.436157 ) (-64 1248 -289 ) 
4 81 94 (0 1248 -304.800232 ) (0 1248 -303.770020 ) (-15.616450 1248 -300.020966 ) (-31.779819 1248 -297.171021 ) 
3 82 94 (-86.144577 1248 -416 ) (-64 1248 -416 ) (-64 1248 -290.427216 ) 
5 82 91 (-128 1248 -416 ) (-86.144577 1248 -416 ) (-64 1248 -290.427216 ) (-64 1248 -289 ) (-128 1248 -289 ) 
4 82 83 (-128 1312 -289 ) (-128 1312 -416 ) (-128 1248 -416 ) (-128 1248 -289 ) 
5 83 91 (-160 1248 -416 ) (-128 1248 -416 ) (-128 1248 -288 ) (-149.172958 1248 -288 ) (-160 1248 -411.810974 ) 
4 84 85 (-192 1248 -416 ) (-192.488876 1248 -416 ) (-192.488892 1312 -416 ) (-192 1312 -416 ) 
4 86 93 (-63.571960 1248 -288 ) (-58.458725 1248 -288 ) (-58.458721 1232 -288 ) (-63.571892 1232 -288 ) 
4 86 91 (-149.168930 1248 -288 ) (-63.571960 1248 -288 ) (-63.571892 1232 -288 ) (-149.170013 1232 -288 ) 
4 86 88 (-148.480865 1232 -280.122345 ) (-58.459671 1232 -288 ) (-58.459633 1248 -288 ) (-148.479782 1248 -280.122437 ) 
3 86 89 (-149.170013 1232 -288 ) (-58.458725 1232 -288 ) (-148.480835 1232 -280.122253 ) 
4 87 89 (-188 1232 -276.663971 ) (-188 1232 -288 ) (-181.289978 1232 -288 ) (-180.356720 1232 -277.332825 ) 
4 87 88 (-188 1248 -276.664063 ) (-188 1232 -276.664063 ) (-180.356720 1232 -277.332916 ) (-180.357803 1248 -277.332825 ) 
4 88 93 (-58.458725 1248 -288 ) (0 1248 -288 ) (0 1232 -288 ) (-58.458721 1232 -288 ) 
5 88 89 (-188 1232 -224 ) (-188 1232 -276.663971 ) (-58.458725 1232 -288 ) (0 1232 -288 ) (0 1232 -224 ) 
4 89 96 (0 1184 -288 ) (0 1120 -288 ) (-160 1120 -288 ) (-160 1184 -288 ) 
4 89 93 (0 1232 -288 ) (0 1184 -288 ) (-63.571682 1184 -288 ) (-63.571899 1232 -288 ) 
4 89 92 (-63.571682 1184 -288 ) (-160 1184 -288 ) (-160 1232 -288 ) (-63.571899 1232 -288 ) 
4 90 149 (-128 1024 -280 ) (-128 1024 -288 ) (-32 1024 -288 ) (-32 1024 -280 ) 
4 90 97 (-32 1024 -288 ) (-128 1024 -288 ) (-128 1088 -288 ) (-32 1088 -288 ) 
4 91 94 (-86.142784 1232 -416 ) (-86.142853 1248 -416 ) (-64.180420 1248 -291.458130 ) (-64.180420 1232 -291.458557 ) 
4 91 93 (-64.006729 1248 -290.473206 ) (-63.570591 1248 -288 ) (-63.570522 1232 -288 ) (-64.006645 1232 -290.473114 ) 
5 91 92 (-160 1232 -416 ) (-86.144531 1232 -416 ) (-63.571915 1232 -288 ) (-149.172958 1232 -288 ) (-160 1232 -411.810852 ) 
4 92 96 (-160 1184 -416 ) (-86.144287 1184 -416 ) (-63.571693 1184 -288 ) (-160 1184 -288 ) 
4 92 94 (-64.180443 1184 -291.459869 ) (-86.142578 1184 -416 ) (-86.142784 1232 -416 ) (-64.180428 1232 -291.458557 ) 
4 92 93 (-63.570313 1184 -288 ) (-64.006401 1184 -290.472931 ) (-64.006645 1232 -290.473083 ) (-63.570522 1232 -288 ) 
4 93 96 (0 1184 -301.758881 ) (0 1184 -288 ) (-63.571693 1184 -288 ) (-64.007744 1184 -290.472687 ) 
4 93 95 (0 1184 -301.758728 ) (-0.978816 1184 -301.586151 ) (-0.979156 1248 -301.586426 ) (0 1248 -301.759064 ) 
4 94 96 (-86.144287 1184 -416 ) (0 1184 -416 ) (0 1184 -302.776215 ) (-64.181786 1184 -291.459625 ) 
4 94 95 (-1.152714 1184 -302.572327 ) (0 1184 -302.775574 ) (0 1248 -302.773834 ) (-1.152694 1248 -302.570587 ) 
4 95 96 (0 1184 -302.776215 ) (0 1184 -301.758881 ) (-0.978842 1184 -301.586273 ) (-1.152817 1184 -302.572937 ) 
4 96 97 (-160 1088 -416 ) (0 1088 -416 ) (0 1088 -288 ) (-160 1088 -288 ) 
4 97 153 (-192 1024 -288 ) (-248 1024 -288 ) (-248 1024 -416 ) (-192 1024 -416 ) 
4 97 150 (0 1024 -416 ) (0 1024 -288 ) (-192 1024 -288 ) (-192 1024 -416 ) 
4 98 101 (64 960 -288 ) (64 1024 -288 ) (64 1024 -416 ) (64 960 -416 ) 
4 99 148 (0 960 128 ) (0 960 320 ) (0 1008 320 ) (0 1008 128 ) 
4 99 100 (0 960 320 ) (0 960 128 ) (64 960 128 ) (64 960 320 ) 
4 100 151 (0 896 128 ) (0 896 320 ) (0 960 320 ) (0 960 128 ) 
4 100 107 (0 896 256 ) (0 896 128 ) (64 896 128 ) (64 896 256 ) 
4 101 150 (0 1024 -288 ) (0 1024 -416 ) (0 960 -416 ) (0 960 -288 ) 
4 102 113 (512 864 512 ) (256 864 512 ) (256 864 256 ) (512 864 256 ) 
4 102 103 (256 880 256 ) (256 864 256 ) (256 864 384 ) (256 880 384 ) 
4 103 113 (256 864 128 ) (256 864 384 ) (128 864 384 ) (128 864 128 ) 
4 103 104 (128 880 128 ) (128 864 128 ) (128 864 256 ) (128 880 256 ) 
4 104 113 (128 864 128 ) (128 864 256 ) (80 864 256 ) (80 864 128 ) 
4 104 105 (80 880 128 ) (128 880 128 ) (128 864 128 ) (80 864 128 ) 
4 105 113 (128 864 0 ) (128 864 128 ) (80 864 128 ) (80 864 0 ) 
4 105 106 (80 880 112 ) (80 880 0 ) (80 864 0 ) (80 864 112 ) 
4 106 113 (64 864 112 ) (64 864 0 ) (80 864 0 ) (80 864 112 ) 
4 106 108 (64 880 0 ) (64 864 0 ) (64 864 112 ) (64 880 112 ) 
4 107 154 (0 864 128 ) (0 864 256 ) (0 896 256 ) (0 896 128 ) 
4 107 113 (64 864 128 ) (64 864 256 ) (0 864 256 ) (0 864 128 ) 
4 108 113 (64 864 0 ) (64 864 112 ) (0 864 112 ) (0 864 0 ) 
4 109 122 (896 736 512 ) (896 608 512 ) (720 608 512 ) (720 736 512 ) 
4 109 119 (896 752 512 ) (896 736 512 ) (720 736 512 ) (720 752 512 ) 
4 109 116 (720 864 512 ) (896 864 512 ) (896 752 512 ) (720 752 512 ) 
4 109 110 (896 608 1024 ) (720 608 1024 ) (720 608 512 ) (896 608 512 ) 
4 110 180 (896 0 1024 ) (720 0 1024 ) (720 0 512 ) (896 0 512 ) 
4 110 137 (723.232178 0 512 ) (720 0 512 ) (720 464 512 ) (723.231995 464 512 ) 
4 110 134 (720 464 512 ) (720 480 512 ) (723.231995 480 512 ) (723.231995 464 512 ) 
4 110 132 (896 0 512 ) (723.232178 0 512 ) (723.231995 480 512 ) (896 480 512 ) 
4 110 122 (720 480 512 ) (720 608 512 ) (896 608 512 ) (896 480 512 ) 
4 111 113 (64 864 512 ) (576 864 512 ) (576 608 512 ) (64 608 512 ) 
4 112 158 (0 96 544 ) (0 224 544 ) (0 224 512 ) (0 96 512 ) 
4 112 113 (64 224 512 ) (64 96 512 ) (0 96 512 ) (0 224 512 ) 
4 113 194 (128 0 512 ) (0 0 512 ) (0 0 -440 ) (128 0 -440 ) 
4 113 189 (578.149048 0 512 ) (128 0 512 ) (128 0 -440 ) (695.040955 0 -440 ) 
4 113 165 (0 352 512 ) (0 416 512 ) (0 416 -440 ) (0 352 -440 ) 
4 113 167 (0 0 -440 ) (0 0 512 ) (0 352 512 ) (0 352 -440 ) 
4 113 162 (0 416 512 ) (0 544 512 ) (0 544 -440 ) (0 416 -440 ) 
4 113 159 (0 544 512 ) (0 864 512 ) (0 864 -440 ) (0 544 -440 ) 
4 113 144 (578.149109 96 512 ) (578.149170 0 512 ) (579.325806 0 502.417236 ) (579.325745 96 502.417206 ) 
4 113 143 (594.925171 0 375.371368 ) (672.922119 0 -259.857697 ) (672.922058 96 -259.857727 ) (594.925110 96 375.371399 ) 
4 113 142 (578.148804 480 512 ) (578.149109 96 512 ) (579.325745 96 502.417206 ) (579.325439 480 502.417175 ) 
4 113 141 (578.148621 736 512 ) (578.148804 480 512 ) (579.325439 480 502.417175 ) (579.325256 736 502.417175 ) 
4 113 140 (610.524231 480 248.325134 ) (626.123657 480 121.279068 ) (626.123535 736 121.279083 ) (610.524109 736 248.325104 ) 
4 113 139 (579.325134 864 502.417145 ) (578.148499 864 512 ) (578.148621 736 512 ) (579.325256 736 502.417145 ) 
4 113 115 (128 352 -440 ) (128 0 -440 ) (0 0 -440 ) (0 352 -440 ) 
4 113 114 (128 864 -440 ) (695.040344 864 -440 ) (695.041016 0 -440 ) (128 0 -440 ) 
4 114 189 (128 0 -512 ) (703.881531 0 -512 ) (695.040955 0 -440 ) (128 0 -440 ) 
4 114 146 (703.881531 0 -512 ) (128 0 -512 ) (128 864 -512 ) (703.880859 864 -512 ) 
4 114 115 (128 352 -512 ) (128 0 -512 ) (128 0 -440 ) (128 352 -440 ) 
4 115 195 (0 0 -448 ) (0 0 -512 ) (128 0 -512 ) (128 0 -448 ) 
4 115 194 (0 0 -440 ) (0 0 -448 ) (128 0 -448 ) (128 0 -440 ) 
4 115 167 (0 0 -512 ) (0 0 -440 ) (0 352 -440 ) (0 352 -512 ) 
4 115 147 (128 0 -512 ) (0 0 -512 ) (0 352 -512 ) (128 352 -512 ) 
4 116 145 (720 752 -512 ) (720 864 -512 ) (896 864 -512 ) (896 752 -512 ) 
4 116 126 (704 864 -381.691437 ) (704 752 -381.691437 ) (704 752 512 ) (704 864 512 ) 
4 116 118 (769.047485 752 138.827805 ) (896 752 154.415405 ) (896 752 347.857971 ) (745.650635 752 329.397308 ) 
5 116 117 (704 752 130.841095 ) (704 752 -381.695313 ) (720 752 -512 ) (896 752 -512 ) (896 752 154.415405 ) 
4 116 119 (704 752 512 ) (704 752 324.283234 ) (896 752 347.857971 ) (896 752 512 ) 
4 117 145 (720 736 -512 ) (720 752 -512 ) (896 752 -512 ) (896 736 -512 ) 
4 117 127 (704 752 -381.691437 ) (704 736 -381.691437 ) (704 736 130.841034 ) (704 752 130.841064 ) 
4 117 121 (771 736 122.948486 ) (896 736 138.296692 ) (896 736 154.415405 ) (769.050049 736 138.828125 ) 
5 117 120 (704 736 114.721878 ) (704 736 -381.695313 ) (720 736 -512 ) (896 736 -512 ) (896 736 138.296692 ) 
4 117 118 (896 752 154.415039 ) (769.047485 752 138.827515 ) (769.047546 736 138.827072 ) (896 736 154.414673 ) 
4 118 124 (784.929260 736 140.777817 ) (896 736 154.415405 ) (896 736 347.857971 ) (761.531067 736 331.347198 ) 
4 118 119 (896 752 347.857910 ) (745.650635 752 329.397278 ) (745.650635 736 329.397278 ) (896 736 347.857971 ) 
4 119 128 (704 736 324.283173 ) (704 736 512 ) (704 752 512 ) (704 752 324.283234 ) 
4 119 123 (745.650635 736 329.397308 ) (896 736 347.857971 ) (896 736 363.978058 ) (743.700867 736 345.278229 ) 
4 119 122 (704 736 512 ) (704 736 340.403625 ) (896 736 363.978058 ) (896 736 512 ) 
4 120 145 (720 480 -512 ) (720 736 -512 ) (896 736 -512 ) (896 480 -512 ) 
5 120 133 (704 480 -381.694336 ) (720 480 -512 ) (848.951904 480 -512 ) (770.997192 480 122.948166 ) (704 480 114.721878 ) 
4 120 132 (848.951904 480 -512 ) (896 480 -512 ) (896 480 138.296692 ) (770.997192 480 122.948166 ) 
4 120 129 (704 736 -381.691437 ) (704 480 -381.691406 ) (704 480 114.721863 ) (704 736 114.721878 ) 
4 120 121 (896 736 138.296875 ) (771 736 122.948738 ) (771 480 122.948700 ) (896 480 138.296936 ) 
4 121 132 (896 480 138.296692 ) (896 480 154.415405 ) (769.049561 480 138.828049 ) (771 480 122.948433 ) 
4 121 124 (896 736 154.415039 ) (784.929321 736 140.777512 ) (784.929321 480 140.777573 ) (896 480 154.415161 ) 
4 122 134 (723.231995 480 512 ) (704 480 512 ) (704 480 340.403625 ) (743.700989 480 345.278259 ) 
4 122 132 (896 480 363.978058 ) (896 480 512 ) (723.231995 480 512 ) (743.700989 480 345.278259 ) 
4 122 131 (704 480 340.403625 ) (704 480 512 ) (704 736 512 ) (704 736 340.403625 ) 
4 122 123 (896 480 363.977539 ) (743.701050 480 345.277527 ) (743.700928 736 345.277466 ) (896 736 363.977264 ) 
4 123 132 (896 480 347.862732 ) (896 480 363.978058 ) (743.700989 480 345.278259 ) (745.650757 480 329.397095 ) 
4 123 124 (896 480 347.862793 ) (761.531067 480 331.347229 ) (761.531067 736 331.347137 ) (896 736 347.862366 ) 
4 124 132 (896 480 154.415405 ) (896 480 347.862732 ) (761.531006 480 331.347473 ) (784.929260 480 140.777802 ) 
4 125 130 (704 480 130.841064 ) (704 480 324.281616 ) (704 736 324.281616 ) (704 736 130.841095 ) 
4 126 139 (594.269287 752 512 ) (594.269287 864 512 ) (595.206482 864 504.367188 ) (595.206482 752 504.367188 ) 
3 126 127 (642.003845 752 123.228989 ) (704 752 -381.691406 ) (704 752 130.841064 ) 
4 126 128 (594.269043 752 512 ) (618.605042 752 313.798004 ) (704 752 324.283203 ) (704 752 512 ) 
3 127 129 (643.953674 736 107.349075 ) (704 736 -381.691406 ) (704 736 114.721863 ) 
4 128 139 (594.269287 736 512 ) (594.269287 752 512 ) (595.206482 752 504.367188 ) (595.206482 736 504.367188 ) 
4 128 131 (594.269043 736 512 ) (616.655090 736 329.679138 ) (704 736 340.403625 ) (704 736 512 ) 
3 129 135 (643.953491 480 107.349060 ) (704 480 -381.694336 ) (704 480 114.721893 ) 
4 130 140 (642.003906 480 123.229004 ) (626.404785 480 250.275223 ) (626.404724 736 250.275208 ) (642.003845 736 123.229034 ) 
4 131 141 (595.206482 480 504.367188 ) (594.269287 480 512 ) (594.269287 736 512 ) (595.206482 736 504.367188 ) 
4 131 136 (594.269043 480 512 ) (616.655029 480 329.679108 ) (704 480 340.403625 ) (704 480 512 ) 
4 132 180 (896 0 512 ) (723.232178 0 512 ) (848.952087 0 -512 ) (896 0 -512 ) 
4 132 145 (896 0 -512 ) (848.952087 0 -512 ) (848.951904 480 -512 ) (896 480 -512 ) 
4 132 137 (848.951904 464 -512 ) (848.952148 0 -512 ) (723.232178 0 512 ) (723.231934 464 512 ) 
4 132 133 (769.047546 480 138.827835 ) (848.951904 480 -512 ) (848.951904 464 -512 ) (769.047485 464 138.828491 ) 
4 132 134 (723.231934 480 512 ) (745.650696 480 329.397339 ) (745.650696 464 329.397339 ) (723.231934 464 512 ) 
4 133 145 (720 464 -512 ) (720 480 -512 ) (848.951904 480 -512 ) (848.951904 464 -512 ) 
5 133 137 (704 464 -381.694336 ) (720 464 -512 ) (848.949951 464 -512 ) (769.045593 464 138.828247 ) (704 464 130.841888 ) 
4 133 135 (704 464 -381.695313 ) (704 464 130.841858 ) (704 480 130.841248 ) (704 480 -381.692932 ) 
4 134 137 (745.648804 464 329.397095 ) (723.230042 464 512 ) (704 464 512 ) (704 464 324.283234 ) 
4 134 136 (704 464 324.283264 ) (704 464 512 ) (704 480 512 ) (704 480 324.283203 ) 
3 135 138 (642.003601 464 123.229935 ) (704 464 -381.694336 ) (704 464 130.841919 ) 
4 136 142 (595.206482 464 504.367188 ) (594.269287 464 512 ) (594.269287 480 512 ) (595.206482 480 504.367188 ) 
4 136 138 (594.269043 464 512 ) (618.604980 464 313.797974 ) (704 464 324.283264 ) (704 464 512 ) 
4 137 184 (704 0 -256 ) (704 0 -381.693237 ) (720 0 -512 ) (720 0 -256 ) 
4 137 183 (704 0 256 ) (704 0 -256 ) (720 0 -256 ) (720 0 256 ) 
4 137 182 (720 0 512 ) (704 0 512 ) (704 0 256 ) (720 0 256 ) 
4 137 180 (723.232178 0 512 ) (720 0 512 ) (720 0 -512 ) (848.952087 0 -512 ) 
4 137 145 (848.952087 0 -512 ) (720 0 -512 ) (720 464 -512 ) (848.951904 464 -512 ) 
4 137 138 (704 464 512 ) (704 464 -381.693359 ) (704 0 -381.693359 ) (704 0 512 ) 
3 138 190 (704 0 512 ) (594.269287 0 512 ) (704 0 -381.693237 ) 
4 138 144 (595.206482 0 504.367188 ) (594.269287 0 512 ) (594.269287 96 512 ) (595.206482 96 504.367188 ) 
4 138 143 (688.801147 0 -257.907959 ) (610.805603 0 377.321045 ) (610.805603 96 377.321106 ) (688.801147 96 -257.907959 ) 
4 138 142 (594.269287 96 512 ) (594.269287 464 512 ) (595.206482 464 504.367188 ) (595.206482 96 504.367188 ) 
4 139 141 (578.149902 736 512 ) (579.326538 736 502.417328 ) (595.204773 736 504.367004 ) (594.267578 736 512 ) 
4 141 142 (578.149902 480 512 ) (579.326538 480 502.417328 ) (595.204773 480 504.367004 ) (594.267578 480 512 ) 
4 142 144 (578.150391 96 512 ) (579.327026 96 502.417389 ) (595.204773 96 504.367004 ) (594.267578 96 512 ) 
4 143 191 (594.925110 0 375.371338 ) (672.922119 0 -259.857788 ) (688.801208 0 -257.907959 ) (610.805664 0 377.321045 ) 
4 144 192 (594.269287 0 512 ) (578.149048 0 512 ) (579.325684 0 502.417206 ) (595.206482 0 504.367188 ) 
4 145 180 (896 0 -512 ) (720 0 -512 ) (720 0 -768 ) (896 0 -768 ) 
4 146 197 (704 0 -512 ) (128 0 -512 ) (128 0 -768 ) (704 0 -768 ) 
4 146 147 (128 352 -768 ) (128 0 -768 ) (128 0 -512 ) (128 352 -512 ) 
4 147 198 (128 0 -512 ) (0 0 -512 ) (0 0 -768 ) (128 0 -768 ) 
4 147 178 (0 0 -768 ) (0 0 -512 ) (0 352 -512 ) (0 352 -768 ) 
4 148 151 (-192 960 320 ) (-192 960 128 ) (0 960 128 ) (0 960 320 ) 
4 149 150 (-32 960 -288 ) (-128 960 -288 ) (-128 1024 -288 ) (-32 1024 -288 ) 
4 150 153 (-192 960 -416 ) (-192 960 -288 ) (-192 1024 -288 ) (-192 1024 -416 ) 
4 150 152 (-128 960 -416 ) (0 960 -416 ) (0 960 -288 ) (-128 960 -288 ) 
4 151 154 (0 896 128 ) (0 896 256 ) (-192 896 256 ) (-192 896 128 ) 
4 152 155 (0 896 -416 ) (0 896 -288 ) (-128 896 -288 ) (-128 896 -416 ) 
4 154 159 (0 864 128 ) (0 864 256 ) (-192 864 256 ) (-192 864 128 ) 
4 155 156 (-128 882.422058 -288 ) (-128 882.422058 -416 ) (0 882.422058 -416 ) (0 882.422058 -288 ) 
4 156 157 (-128 881.422058 -288 ) (-128 881.422058 -416 ) (0 881.422058 -416 ) (0 881.422058 -288 ) 
4 157 159 (0 864 -416 ) (0 864 -288 ) (-128 864 -288 ) (-128 864 -416 ) 
4 158 167 (0 224 512 ) (0 96 512 ) (-64 96 512 ) (-64 224 512 ) 
4 159 162 (0 544 512 ) (-576 544 512 ) (-576 544 -440 ) (0 544 -440 ) 
4 159 161 (-576 544 -440 ) (-576 544 512 ) (-576 608 512 ) (-576 608 -440 ) 
4 159 160 (-256 544 -440 ) (-576 544 -440 ) (-576 864 -440 ) (-256 864 -440 ) 
4 160 174 (-576 864 -512 ) (-256 864 -512 ) (-256 544 -512 ) (-576 544 -512 ) 
4 160 164 (-576 544 -440 ) (-576 544 -512 ) (-256 544 -512 ) (-256 544 -440 ) 
4 160 161 (-576 608 -512 ) (-576 544 -512 ) (-576 544 -440 ) (-576 608 -440 ) 
4 161 175 (-832 544 -512 ) (-832 608 -512 ) (-576 608 -512 ) (-576 544 -512 ) 
4 161 164 (-832 544 -440 ) (-832 544 -512 ) (-576 544 -512 ) (-576 544 -440 ) 
4 161 162 (-576 544 512 ) (-832 544 512 ) (-832 544 -440 ) (-576 544 -440 ) 
4 162 165 (0 416 512 ) (-832 416 512 ) (-832 416 -440 ) (0 416 -440 ) 
4 162 164 (-256 416 -440 ) (-832 416 -440 ) (-832 544 -440 ) (-256 544 -440 ) 
4 162 163 (-32 416 -440 ) (-96 416 -440 ) (-96 544 -440 ) (-32 544 -440 ) 
4 164 176 (-832 416 -512 ) (-832 544 -512 ) (-256 544 -512 ) (-256 416 -512 ) 
4 164 166 (-832 416 -440 ) (-832 416 -512 ) (-256 416 -512 ) (-256 416 -440 ) 
4 165 168 (-832 352 0 ) (-832 352 128 ) (-832 416 128 ) (-832 416 0 ) 
4 165 166 (-256 352 -440 ) (-832 352 -440 ) (-832 416 -440 ) (-256 416 -440 ) 
4 165 167 (0 352 512 ) (-832 352 512 ) (-832 352 -440 ) (0 352 -440 ) 
4 166 177 (-832 352 -512 ) (-832 416 -512 ) (-256 416 -512 ) (-256 352 -512 ) 
4 166 167 (-832 352 -440 ) (-832 352 -512 ) (-256 352 -512 ) (-256 352 -440 ) 
4 167 217 (0 0 -512 ) (0 0 -448 ) (-256 0 -448 ) (-256 0 -512 ) 
4 167 218 (-256 0 -448 ) (-832 0 -448 ) (-832 0 -512 ) (-256 0 -512 ) 
4 167 216 (0 0 -448 ) (0 0 512 ) (-832 0 512 ) (-832 0 -448 ) 
4 167 178 (0 0 -512 ) (-832 0 -512 ) (-832 352 -512 ) (0 352 -512 ) 
4 167 170 (-832 32 -128 ) (-832 160 -128 ) (-832 160 -256 ) (-832 32 -256 ) 
4 167 169 (-832 224 0 ) (-832 352 0 ) (-832 352 -128 ) (-832 224 -128 ) 
4 167 168 (-832 96 128 ) (-832 352 128 ) (-832 352 0 ) (-832 96 0 ) 
4 168 171 (-848 416 0 ) (-848 96 0 ) (-848 96 128 ) (-848 416 128 ) 
4 168 169 (-848 224 0 ) (-848 352 0 ) (-832 352 0 ) (-832 224 0 ) 
4 169 172 (-848 352 -128 ) (-848 224 -128 ) (-848 224 0 ) (-848 352 0 ) 
4 170 173 (-848 160 -256 ) (-848 32 -256 ) (-848 32 -128 ) (-848 160 -128 ) 
4 171 172 (-880 224 0 ) (-880 352 0 ) (-848 352 0 ) (-848 224 0 ) 
4 174 176 (-576 544 -768 ) (-256 544 -768 ) (-256 544 -512 ) (-576 544 -512 ) 
4 174 175 (-576 608 -768 ) (-576 544 -768 ) (-576 544 -512 ) (-576 608 -512 ) 
4 175 176 (-832 544 -512 ) (-832 544 -768 ) (-576 544 -768 ) (-576 544 -512 ) 
4 176 177 (-832 416 -768 ) (-256 416 -768 ) (-256 416 -512 ) (-832 416 -512 ) 
4 177 178 (-832 352 -512 ) (-832 352 -768 ) (-256 352 -768 ) (-256 352 -512 ) 
4 178 221 (0 0 -768 ) (0 0 -512 ) (-256 0 -512 ) (-256 0 -768 ) 
4 178 222 (-256 0 -512 ) (-832 0 -512 ) (-832 0 -768 ) (-256 0 -768 ) 
4 179 294 (-1088 0 64 ) (-1344 0 64 ) (-1344 0 -64 ) (-1088 0 -64 ) 
4 180 186 (720 -160 -384 ) (720 -160 -256 ) (720 -96 -256 ) (720 -96 -384 ) 
4 180 185 (720 -96 -256 ) (720 -32 -256 ) (720 -32 -448 ) (720 -96 -448 ) 
4 180 184 (720 0 -256 ) (720 0 -512.003845 ) (720 -32 -512.003845 ) (720 -32 -256 ) 
4 180 183 (720 0 256 ) (720 0 -256 ) (720 -224 -256 ) (720 -224 256 ) 
4 180 182 (720 0 512 ) (720 0 256 ) (720 -32 256 ) (720 -32 512 ) 
4 181 236 (848 -1024 -384 ) (848 -1024 -192 ) (720 -1024 -192 ) (720 -1024 -384 ) 
4 181 187 (720 -1024 -384 ) (720 -1024 -256 ) (720 -800 -256 ) (720 -800 -384 ) 
4 182 190 (704 -32 512 ) (704 0 512 ) (704 0 256 ) (704 -32 256 ) 
4 182 183 (704 -32 256 ) (704 0 256 ) (720 0 256 ) (720 -32 256 ) 
4 183 190 (704 -32 256 ) (704 0 256 ) (704 0 -256 ) (704 -32 -256 ) 
4 183 193 (704 -224 256 ) (704 -32 256 ) (704 -32 -256 ) (704 -224 -256 ) 
4 183 186 (704 -160 -256 ) (704 -96 -256 ) (720 -96 -256 ) (720 -160 -256 ) 
4 183 185 (704 -96 -256 ) (704 -32 -256 ) (720 -32 -256 ) (720 -96 -256 ) 
4 183 184 (704 -32 -256 ) (704 0 -256 ) (720 0 -256 ) (720 -32 -256 ) 
4 184 190 (704 -32 -381.693024 ) (704 -32 -256 ) (704 0 -256 ) (704 0 -381.692993 ) 
5 184 185 (720 -32 -448 ) (720 -32 -256 ) (704 -32 -256 ) (704 -32 -381.692993 ) (712.141418 -32 -448 ) 
4 185 193 (704 -96 -256 ) (704 -32 -256 ) (704 -32 -448 ) (704 -96 -448 ) 
4 185 186 (720 -96 -384 ) (720 -96 -256 ) (704 -96 -256 ) (704 -96 -384 ) 
4 186 193 (704 -160 -384 ) (704 -160 -256 ) (704 -96 -256 ) (704 -96 -384 ) 
4 187 237 (720 -1024 -384 ) (720 -1024 -256 ) (704 -1024 -256 ) (704 -1024 -384 ) 
4 187 193 (704 -1024 -384 ) (704 -1024 -256 ) (704 -800 -256 ) (704 -800 -384 ) 
4 188 193 (448 -160 512 ) (320 -160 512 ) (320 -32 512 ) (448 -32 512 ) 
4 189 197 (128 0 -512 ) (704 0 -512 ) (704 -32 -512 ) (128 -32 -512 ) 
4 189 195 (128 0 -512 ) (128 -32 -512 ) (128 -32 -448 ) (128 0 -448 ) 
4 189 194 (128 -32 -448 ) (128 -32 512 ) (128 0 512 ) (128 0 -448 ) 
4 189 192 (578.149048 -32 512 ) (579.325684 -32 502.417206 ) (579.325684 0 502.417206 ) (578.149048 0 512 ) 
4 189 191 (594.925110 -32 375.371338 ) (672.922119 -32 -259.857788 ) (672.922119 0 -259.857727 ) (594.925110 0 375.371338 ) 
4 189 193 (128 -32 512 ) (128 -32 -512 ) (703.881531 -32 -512 ) (578.149048 -32 512 ) 
4 190 192 (595.206726 -32 504.367218 ) (594.269531 -32 512 ) (594.269531 0 512 ) (595.206726 0 504.367218 ) 
4 190 191 (688.801270 -32 -257.907928 ) (610.805847 -32 377.321106 ) (610.805847 0 377.321075 ) (688.801270 0 -257.907928 ) 
3 190 193 (704 -32 -381.693298 ) (704 -32 512 ) (594.269287 -32 512 ) 
4 191 193 (688.801208 -32 -257.907959 ) (610.805603 -32 377.321106 ) (594.925110 -32 375.371338 ) (672.922119 -32 -259.857788 ) 
4 192 193 (595.206482 -32 504.367188 ) (594.269287 -32 512 ) (578.149048 -32 512 ) (579.325684 -32 502.417206 ) 
4 193 240 (128 -1024 -448 ) (128 -1024 -512 ) (576 -1024 -512 ) (576 -1024 -448 ) 
4 193 239 (576 -1024 512 ) (128 -1024 512 ) (128 -1024 -448 ) (576 -1024 -448 ) 
4 193 238 (704 -1024 -512 ) (704 -1024 512 ) (576 -1024 512 ) (576 -1024 -512 ) 
4 193 197 (704 -32 -512 ) (704 -1024 -512 ) (128 -1024 -512 ) (128 -32 -512 ) 
4 193 195 (128 -32 -512 ) (128 -608 -512 ) (128 -608 -448 ) (128 -32 -448 ) 
4 193 194 (128 -1024 -448 ) (128 -1024 512 ) (128 -32 512 ) (128 -32 -448 ) 
4 194 239 (128 -1024 512 ) (0 -1024 512 ) (0 -1024 -448 ) (128 -1024 -448 ) 
4 194 216 (0 0 512 ) (0 0 -448 ) (0 -1024 -448 ) (0 -1024 512 ) 
4 194 196 (64 -1024 -448 ) (0 -1024 -448 ) (0 -800 -448 ) (64 -800 -448 ) 
4 194 195 (0 0 -448 ) (128 0 -448 ) (128 -608 -448 ) (0 -608 -448 ) 
4 195 217 (0 0 -448 ) (0 0 -512 ) (0 -608 -512 ) (0 -608 -448 ) 
4 195 198 (0 -608 -512 ) (0 0 -512 ) (128 0 -512 ) (128 -608 -512 ) 
4 196 241 (0 -1024 -448 ) (0 -1024 -512 ) (64 -1024 -512 ) (64 -1024 -448 ) 
4 196 224 (0 -800 -512 ) (0 -1024 -512 ) (0 -1024 -448 ) (0 -800 -448 ) 
4 196 199 (0 -1024 -512 ) (0 -800 -512 ) (64 -800 -512 ) (64 -1024 -512 ) 
4 197 243 (704 -1024 -768 ) (704 -1024 -512 ) (128 -1024 -512 ) (128 -1024 -768 ) 
4 197 198 (128 0 -768 ) (128 -608 -768 ) (128 -608 -512 ) (128 0 -512 ) 
4 198 221 (0 0 -512 ) (0 0 -768 ) (0 -608 -768 ) (0 -608 -512 ) 
4 199 244 (64 -1024 -512 ) (0 -1024 -512 ) (0 -1024 -704 ) (64 -1024 -704 ) 
4 199 227 (0 -1024 -704 ) (0 -1024 -512 ) (0 -800 -512 ) (0 -800 -704 ) 
4 200 203 (-16 -112 640 ) (-16 -208 640 ) (-112 -208 640 ) (-112 -112 640 ) 
4 201 207 (-576 -288 640 ) (-704 -288 640 ) (-704 -160 640 ) (-576 -160 640 ) 
4 202 209 (-448 -928 640 ) (-704 -928 640 ) (-704 -672 640 ) (-448 -672 640 ) 
4 203 210 (-16 -112 544 ) (-16 -208 544 ) (-112 -208 544 ) (-112 -112 544 ) 
4 204 211 (-320 -32 544 ) (-320 -144 544 ) (-448 -144 544 ) (-448 -32 544 ) 
4 204 205 (-560 -144 544 ) (-320 -144 544 ) (-320 -144 640 ) (-560 -144 640 ) 
4 205 211 (-448 -144 544 ) (-320 -144 544 ) (-320 -160 544 ) (-448 -160 544 ) 
4 205 206 (-560 -160 544 ) (-448 -160 544 ) (-448 -160 640 ) (-560 -160 640 ) 
4 206 212 (-512 -160 544 ) (-448 -160 544 ) (-448 -288 544 ) (-512 -288 544 ) 
4 206 208 (-560 -288 544 ) (-448 -288 544 ) (-448 -288 640 ) (-560 -288 640 ) 
4 207 214 (-704 -160 544 ) (-576 -160 544 ) (-576 -288 544 ) (-704 -288 544 ) 
4 208 213 (-576 -288 544 ) (-512 -288 544 ) (-512 -416 544 ) (-576 -416 544 ) 
4 209 215 (-704 -672 544 ) (-448 -672 544 ) (-448 -928 544 ) (-704 -928 544 ) 
4 210 216 (-112 -208 512 ) (-112 -112 512 ) (-16 -112 512 ) (-16 -208 512 ) 
4 211 216 (-448 -160 512 ) (-448 -32 512 ) (-320 -32 512 ) (-320 -160 512 ) 
4 212 216 (-512 -288 512 ) (-512 -160 512 ) (-448 -160 512 ) (-448 -288 512 ) 
4 213 216 (-512 -416 512 ) (-576 -416 512 ) (-576 -288 512 ) (-512 -288 512 ) 
4 214 216 (-704 -160 512 ) (-576 -160 512 ) (-576 -288 512 ) (-704 -288 512 ) 
4 215 216 (-448 -928 512 ) (-704 -928 512 ) (-704 -672 512 ) (-448 -672 512 ) 
4 216 262 (-256 -1024 -448 ) (-128 -1024 -448 ) (-128 -1024 -446 ) (-256 -1024 -446 ) 
4 216 263 (-832 -1024 -446 ) (-832 -1024 -448 ) (-256 -1024 -448 ) (-256 -1024 -446 ) 
4 216 261 (-128 -1024 512 ) (-832 -1024 512 ) (-832 -1024 -446 ) (-128 -1024 -446 ) 
4 216 260 (0 -1024 -448 ) (0 -1024 512 ) (-128 -1024 512 ) (-128 -1024 -448 ) 
4 216 232 (-832 -416 -256 ) (-832 -288 -256 ) (-832 -288 -384 ) (-832 -416 -384 ) 
4 216 231 (-832 -1024 -256 ) (-832 -1024 256 ) (-832 -160 256 ) (-832 -160 -256 ) 
4 216 229 (-832 -416 448 ) (-832 -352 448 ) (-832 -352 384 ) (-832 -416 384 ) 
4 216 230 (-832 -1024 384 ) (-832 -1024 448 ) (-832 -928 448 ) (-832 -928 384 ) 
4 216 224 (0 -800 -448 ) (0 -1024 -448 ) (-192 -1024 -448 ) (-192 -800 -448 ) 
4 216 225 (-832 -1024 -448 ) (-832 -768 -448 ) (-256 -768 -448 ) (-256 -1024 -448 ) 
4 216 219 (-96 -640 -448 ) (-32 -640 -448 ) (-32 -768 -448 ) (-96 -768 -448 ) 
4 216 220 (-832 -768 -448 ) (-832 -640 -448 ) (-256 -640 -448 ) (-256 -768 -448 ) 
4 216 217 (-256 0 -448 ) (0 0 -448 ) (0 -608 -448 ) (-256 -608 -448 ) 
4 216 218 (-832 -640 -448 ) (-832 0 -448 ) (-256 0 -448 ) (-256 -640 -448 ) 
4 217 221 (-256 0 -512 ) (0 0 -512 ) (0 -608 -512 ) (-256 -608 -512 ) 
4 217 218 (-256 0 -512 ) (-256 -608 -512 ) (-256 -608 -448 ) (-256 0 -448 ) 
4 218 222 (-832 -640 -512 ) (-832 0 -512 ) (-256 0 -512 ) (-256 -640 -512 ) 
4 218 220 (-832 -640 -512 ) (-256 -640 -512 ) (-256 -640 -448 ) (-832 -640 -448 ) 
4 220 225 (-256 -768 -448 ) (-832 -768 -448 ) (-832 -768 -512 ) (-256 -768 -512 ) 
4 220 223 (-256 -768 -512 ) (-832 -768 -512 ) (-832 -640 -512 ) (-256 -640 -512 ) 
4 221 222 (-256 0 -768 ) (-256 -608 -768 ) (-256 -608 -512 ) (-256 0 -512 ) 
4 222 223 (-832 -640 -768 ) (-256 -640 -768 ) (-256 -640 -512 ) (-832 -640 -512 ) 
4 223 226 (-832 -768 -768 ) (-256 -768 -768 ) (-256 -768 -512 ) (-832 -768 -512 ) 
4 224 264 (0 -1024 -512 ) (0 -1024 -448 ) (-192 -1024 -448 ) (-192 -1024 -512 ) 
4 224 227 (0 -800 -512 ) (0 -1024 -512 ) (-192 -1024 -512 ) (-192 -800 -512 ) 
4 225 265 (-256 -1024 -448 ) (-832 -1024 -448 ) (-832 -1024 -512 ) (-256 -1024 -512 ) 
4 225 228 (-832 -1024 -512 ) (-832 -800 -512 ) (-256 -800 -512 ) (-256 -1024 -512 ) 
4 225 226 (-832 -800 -512 ) (-832 -768 -512 ) (-256 -768 -512 ) (-256 -800 -512 ) 
4 226 228 (-832 -800 -768 ) (-256 -800 -768 ) (-256 -800 -512 ) (-832 -800 -512 ) 
4 227 271 (0 -1024 -704 ) (0 -1024 -512 ) (-192 -1024 -512 ) (-192 -1024 -704 ) 
4 228 272 (-256 -1024 -512 ) (-832 -1024 -512 ) (-832 -1024 -768 ) (-256 -1024 -768 ) 
4 229 233 (-848 -352 384 ) (-848 -416 384 ) (-848 -416 448 ) (-848 -352 448 ) 
4 230 267 (-832 -1024 384 ) (-832 -1024 448 ) (-848 -1024 448 ) (-848 -1024 384 ) 
4 230 234 (-848 -928 384 ) (-848 -1024 384 ) (-848 -1024 448 ) (-848 -928 448 ) 
4 231 268 (-832 -1024 -256 ) (-832 -1024 256 ) (-848 -1024 256 ) (-848 -1024 -256 ) 
4 231 235 (-848 -160 256 ) (-848 -160 -256 ) (-848 -1024 -256 ) (-848 -1024 256 ) 
4 231 232 (-848 -416 -256 ) (-848 -288 -256 ) (-832 -288 -256 ) (-832 -416 -256 ) 
4 232 235 (-848 -288 -384 ) (-848 -416 -384 ) (-848 -416 -256 ) (-848 -288 -256 ) 
4 234 269 (-848 -1024 384 ) (-848 -1024 448 ) (-896 -1024 448 ) (-896 -1024 384 ) 
4 235 270 (-848 -1024 -384 ) (-848 -1024 256 ) (-896 -1024 256 ) (-896 -1024 -384 ) 
4 236 237 (720 -1024 -256 ) (720 -1024 -384 ) (720 -1056 -384 ) (720 -1056 -256 ) 
4 237 238 (704 -1056 -384 ) (704 -1056 -256 ) (704 -1024 -256 ) (704 -1024 -384 ) 
4 238 245 (576 -1312 -512 ) (576 -1056 -512 ) (704 -1056 -512 ) (704 -1312 -512 ) 
4 238 243 (576 -1056 -512 ) (576 -1024 -512 ) (704 -1024 -512 ) (704 -1056 -512 ) 
4 238 242 (576 -1056 -512 ) (576 -1312 -512 ) (576 -1312 -448 ) (576 -1056 -448 ) 
4 238 240 (576 -1024 -448 ) (576 -1024 -512 ) (576 -1056 -512 ) (576 -1056 -448 ) 
4 238 239 (576 -1024 512 ) (576 -1024 -448 ) (576 -1312 -448 ) (576 -1312 512 ) 
4 239 260 (0 -1024 512 ) (0 -1024 -448 ) (0 -1440 -448 ) (0 -1440 512 ) 
4 239 247 (320 -1440 -128 ) (320 -1440 -64 ) (192 -1440 -64 ) (192 -1440 -128 ) 
4 239 242 (576 -1056 -448 ) (576 -1440 -448 ) (128 -1440 -448 ) (128 -1056 -448 ) 
4 239 240 (128 -1024 -448 ) (576 -1024 -448 ) (576 -1056 -448 ) (128 -1056 -448 ) 
4 239 241 (0 -1024 -448 ) (64 -1024 -448 ) (64 -1056 -448 ) (0 -1056 -448 ) 
4 240 243 (128 -1024 -512 ) (576 -1024 -512 ) (576 -1056 -512 ) (128 -1056 -512 ) 
4 240 242 (128 -1056 -512 ) (576 -1056 -512 ) (576 -1056 -448 ) (128 -1056 -448 ) 
4 241 264 (0 -1024 -448 ) (0 -1024 -512 ) (0 -1056 -512 ) (0 -1056 -448 ) 
4 241 244 (0 -1056 -512 ) (0 -1024 -512 ) (64 -1024 -512 ) (64 -1056 -512 ) 
4 242 246 (576 -1440 -512 ) (128 -1440 -512 ) (128 -1056 -512 ) (576 -1056 -512 ) 
4 243 246 (128 -1056 -768 ) (576 -1056 -768 ) (576 -1056 -512 ) (128 -1056 -512 ) 
4 243 245 (576 -1056 -768 ) (704 -1056 -768 ) (704 -1056 -512 ) (576 -1056 -512 ) 
4 244 271 (0 -1024 -512 ) (0 -1024 -704 ) (0 -1056 -704 ) (0 -1056 -512 ) 
4 245 246 (576 -1056 -512 ) (576 -1056 -768 ) (576 -1312 -768 ) (576 -1312 -512 ) 
4 247 248 (192 -1448 -128 ) (320 -1448 -128 ) (320 -1448 -64 ) (192 -1448 -64 ) 
4 248 252 (320 -1472 -128 ) (320 -1472 0 ) (192 -1472 0 ) (192 -1472 -128 ) 
4 249 275 (0 -1454 -320 ) (0 -1442 -320 ) (0 -1442 -448 ) (0 -1454 -448 ) 
4 249 250 (0 -1454 -448 ) (32 -1454 -448 ) (32 -1454 -320 ) (0 -1454 -320 ) 
4 250 276 (0 -1455 -320 ) (0 -1454 -320 ) (0 -1454 -448 ) (0 -1455 -448 ) 
4 250 251 (0 -1455 -448 ) (32 -1455 -448 ) (32 -1455 -320 ) (0 -1455 -320 ) 
4 251 277 (0 -1472 -448 ) (0 -1472 -320 ) (0 -1455 -320 ) (0 -1455 -448 ) 
4 253 280 (0 -1528 -320 ) (0 -1512 -320 ) (0 -1512 -448 ) (0 -1528 -448 ) 
4 254 284 (0 -1631.959961 -256 ) (0 -1600 -256 ) (0 -1600 -320.066986 ) (0 -1631.959961 -320.066986 ) 
4 254 283 (0 -1536 -258 ) (0 -1536 -320.066986 ) (0 -1600 -320.066986 ) (0 -1600 -258 ) 
4 254 282 (0 -1600 -256 ) (0 -1536 -256 ) (0 -1536 -258 ) (0 -1600 -258 ) 
4 254 255 (0 -1536 -320.066986 ) (32 -1536 -320.066986 ) (32 -1631.959961 -320.066986 ) (0 -1631.959961 -320.066986 ) 
4 255 285 (0 -1647.959961 -448 ) (0 -1647.959961 -320.066986 ) (0 -1600 -320.066986 ) (0 -1600 -448 ) 
4 255 283 (0 -1600 -320.066986 ) (0 -1536 -320.066986 ) (0 -1536 -448 ) (0 -1600 -448 ) 
4 255 256 (0 -1647.959961 -320.066986 ) (0 -1647.959961 -448 ) (32 -1647.959961 -448 ) (32 -1647.959961 -320.066986 ) 
4 256 288 (0 -1812.954224 63.933205 ) (0 -1647.959961 63.933205 ) (0 -1647.959961 -516.067017 ) (0 -1812.954224 -516.067017 ) 
4 256 257 (0 -1812.955078 -516.067017 ) (24.006430 -1827.959106 -516.067017 ) (24.006413 -1827.959106 63.933205 ) (0 -1812.955078 63.933205 ) 
5 256 258 (208 -1847.959961 -516.067017 ) (56.009216 -1847.959961 -516.067017 ) (0 -1812.954224 -516.067017 ) (0 -1647.959961 -516.067017 ) (208 -1647.959961 -516.067017 ) 
4 256 259 (208 -1847.959961 -516.067017 ) (208 -1847.959961 63.933205 ) (56.009216 -1847.959961 63.933205 ) (56.009216 -1847.959961 -516.067017 ) 
4 257 288 (0 -1820.757202 63.933205 ) (0 -1812.954224 63.933205 ) (0 -1812.954224 -516.067017 ) (0 -1820.757202 -516.067017 ) 
3 257 258 (0 -1820.757202 -516.067017 ) (0 -1812.954224 -516.067017 ) (24.009104 -1827.959961 -516.067017 ) 
4 258 292 (0 -1647.959961 -516.067017 ) (0 -1647.959961 -704.067078 ) (0 -1847.959961 -704.067078 ) (0 -1847.959961 -516.067017 ) 
4 258 259 (0 -1847.959961 -704.067078 ) (208 -1847.959961 -704.067078 ) (208 -1847.959961 -516.067017 ) (0 -1847.959961 -516.067017 ) 
4 259 311 (0 -2048 -502.067017 ) (0 -2048 -704.067078 ) (208 -2048 -704.067078 ) (208 -2048 -502.067017 ) 
4 259 309 (136 -2048 -502.067017 ) (208 -2048 -502.067017 ) (208 -2048 -498.067017 ) (136 -2048 -498.067017 ) 
4 259 310 (0 -2048 -498.067017 ) (0 -2048 -502.067017 ) (136 -2048 -502.067017 ) (136 -2048 -498.067017 ) 
4 259 307 (136 -2048 -498.067017 ) (140 -2048 -498.067017 ) (140 -2048 -390.066986 ) (136 -2048 -390.066986 ) 
4 259 308 (0 -2048 -390.066986 ) (0 -2048 -498.067017 ) (136 -2048 -498.067017 ) (136 -2048 -390.066986 ) 
4 259 305 (140 -2048 -498.067017 ) (208 -2048 -498.067017 ) (208 -2048 -390.066986 ) (140 -2048 -390.066986 ) 
4 259 302 (136 -2048 -390.066986 ) (208 -2048 -390.066986 ) (208 -2048 -332.066986 ) (136 -2048 -332.066986 ) 
4 259 304 (0 -2048 -332.066986 ) (0 -2048 -390.066986 ) (136 -2048 -390.066986 ) (136 -2048 -332.066986 ) 
4 259 296 (208 -2048 63.933205 ) (0 -2048 63.933205 ) (0 -2048 -332.066986 ) (208 -2048 -332.066986 ) 
4 259 293 (0 -2048 -704.067078 ) (0 -2048 63.933205 ) (0 -1847.959961 63.933205 ) (0 -1847.959961 -704.067078 ) 
4 260 275 (0 -1440 -448 ) (0 -1440 -320 ) (-128 -1440 -320 ) (-128 -1440 -448 ) 
4 260 264 (-128 -1056 -448 ) (-128 -1024 -448 ) (0 -1024 -448 ) (0 -1056 -448 ) 
4 260 262 (-128 -1024 -448 ) (-128 -1312 -448 ) (-128 -1312 -446 ) (-128 -1024 -446 ) 
4 260 261 (-128 -1440 -446 ) (-128 -1440 512 ) (-128 -1024 512 ) (-128 -1024 -446 ) 
4 261 278 (-160 -1440 -352 ) (-160 -1440 -320 ) (-192 -1440 -320 ) (-192 -1440 -352 ) 
4 261 275 (-160 -1440 -446 ) (-128 -1440 -446 ) (-128 -1440 -320 ) (-160 -1440 -320 ) 
4 261 274 (-448 -1440 448 ) (-448 -1440 256 ) (-256 -1440 256 ) (-256 -1440 448 ) 
4 261 268 (-832 -1024 256 ) (-832 -1024 -256 ) (-832 -1184 -256 ) (-832 -1184 256 ) 
4 261 267 (-832 -1024 448 ) (-832 -1024 384 ) (-832 -1056 384 ) (-832 -1056 448 ) 
4 261 262 (-256 -1024 -446 ) (-128 -1024 -446 ) (-128 -1312 -446 ) (-256 -1312 -446 ) 
4 261 263 (-832 -1440 -446 ) (-832 -1024 -446 ) (-256 -1024 -446 ) (-256 -1440 -446 ) 
4 262 264 (-192 -1024 -448 ) (-128 -1024 -448 ) (-128 -1056 -448 ) (-192 -1056 -448 ) 
4 262 263 (-256 -1024 -448 ) (-256 -1312 -448 ) (-256 -1312 -446 ) (-256 -1024 -446 ) 
4 263 266 (-256 -1440 -448 ) (-832 -1440 -448 ) (-832 -1056 -448 ) (-256 -1056 -448 ) 
4 263 265 (-832 -1056 -448 ) (-832 -1024 -448 ) (-256 -1024 -448 ) (-256 -1056 -448 ) 
4 264 271 (-192 -1024 -512 ) (0 -1024 -512 ) (0 -1056 -512 ) (-192 -1056 -512 ) 
4 265 272 (-832 -1056 -512 ) (-832 -1024 -512 ) (-256 -1024 -512 ) (-256 -1056 -512 ) 
4 265 266 (-256 -1056 -448 ) (-832 -1056 -448 ) (-832 -1056 -512 ) (-256 -1056 -512 ) 
4 266 273 (-256 -1440 -512 ) (-832 -1440 -512 ) (-832 -1056 -512 ) (-256 -1056 -512 ) 
4 267 269 (-848 -1056 448 ) (-848 -1024 448 ) (-848 -1024 384 ) (-848 -1056 384 ) 
4 268 270 (-848 -1184 256 ) (-848 -1024 256 ) (-848 -1024 -256 ) (-848 -1184 -256 ) 
4 272 273 (-832 -1056 -512 ) (-832 -1056 -768 ) (-256 -1056 -768 ) (-256 -1056 -512 ) 
4 274 279 (-448 -1472 256 ) (-256 -1472 256 ) (-256 -1472 448 ) (-448 -1472 448 ) 
4 275 278 (-160 -1442 -320 ) (-160 -1440 -320 ) (-160 -1440 -352 ) (-160 -1442 -352 ) 
4 275 276 (-160 -1454 -320 ) (-160 -1454 -448 ) (0 -1454 -448 ) (0 -1454 -320 ) 
4 276 277 (-160 -1455 -320 ) (-160 -1455 -448 ) (0 -1455 -448 ) (0 -1455 -320 ) 
4 277 280 (0 -1472 -448 ) (0 -1472 -320 ) (-128 -1472 -320 ) (-128 -1472 -448 ) 
4 280 283 (0 -1536 -448 ) (0 -1536 -320 ) (-128 -1536 -320 ) (-128 -1536 -448 ) 
4 280 281 (-128 -1512 -448 ) (-128 -1528 -448 ) (-128 -1528 -320 ) (-128 -1512 -320 ) 
4 282 286 (-128 -1536 -256 ) (-128 -1536 -258 ) (-128 -1600 -258 ) (-128 -1600 -256 ) 
4 282 284 (-128 -1600 -256 ) (-128 -1600 -258 ) (0 -1600 -258 ) (0 -1600 -256 ) 
4 282 283 (0 -1600 -258 ) (-128 -1600 -258 ) (-128 -1536 -258 ) (0 -1536 -258 ) 
4 283 287 (-128 -1536 -320.066986 ) (-128 -1536 -448 ) (-128 -1600 -448 ) (-128 -1600 -320.066986 ) 
4 283 286 (-128 -1536 -258 ) (-128 -1536 -320.066986 ) (-128 -1600 -320.066986 ) (-128 -1600 -258 ) 
4 283 284 (-128 -1600 -258 ) (-128 -1600 -320.066986 ) (0 -1600 -320.066986 ) (0 -1600 -258 ) 
4 283 285 (-128 -1600 -320.066986 ) (-128 -1600 -448 ) (0 -1600 -448 ) (0 -1600 -320.066986 ) 
4 284 286 (-128 -1631.959961 -256 ) (-128 -1600 -256 ) (-128 -1600 -320.066986 ) (-128 -1631.959961 -320.066986 ) 
4 284 285 (-128 -1631.959961 -320.066986 ) (-128 -1600 -320.066986 ) (0 -1600 -320.066986 ) (0 -1631.959961 -320.066986 ) 
4 285 290 (-112 -1647.959961 -320.066986 ) (-128 -1647.959961 -320.066986 ) (-128 -1647.959961 -448 ) (-112 -1647.959961 -448 ) 
4 285 289 (-16 -1647.959961 -320.066986 ) (-112 -1647.959961 -320.066986 ) (-112 -1647.959961 -448 ) (-16 -1647.959961 -448 ) 
4 285 288 (0 -1647.959961 -448 ) (0 -1647.959961 -320.066986 ) (-16 -1647.959961 -320.066986 ) (-16 -1647.959961 -448 ) 
4 285 287 (-128 -1647.959961 -448 ) (-128 -1647.959961 -320.066986 ) (-128 -1600 -320.066986 ) (-128 -1600 -448 ) 
4 286 287 (-160 -1631.959961 -320.066986 ) (-160 -1536 -320.066986 ) (-128 -1536 -320.066986 ) (-128 -1631.959961 -320.066986 ) 
4 287 290 (-128 -1647.959961 -448 ) (-128 -1647.959961 -320.066986 ) (-160 -1647.959961 -320.066986 ) (-160 -1647.959961 -448 ) 
4 288 289 (-16 -1647.959961 63.933205 ) (-16 -1647.959961 -516.067017 ) (-16 -1815.957153 -516.067017 ) (-16 -1815.957153 63.933205 ) 
4 288 292 (-16 -1815.957153 -516.067017 ) (-16 -1647.959961 -516.067017 ) (0 -1647.959961 -516.067017 ) (0 -1820.757202 -516.067017 ) 
4 289 291 (-112 -1802.965576 -516.067017 ) (-112 -1815.962646 -516.067017 ) (-112 -1815.962646 63.933205 ) (-112 -1802.965576 63.933205 ) 
4 289 290 (-112 -1647.959961 63.933205 ) (-112 -1647.959961 -516.067017 ) (-112 -1802.965576 -516.067017 ) (-112 -1802.965576 63.933205 ) 
4 289 293 (-112 -1847.959961 -516.067017 ) (-16 -1847.959961 -516.067017 ) (-16 -1847.959961 63.933205 ) (-112 -1847.959961 63.933205 ) 
4 289 292 (-16 -1847.959961 -516.067017 ) (-112 -1847.959961 -516.067017 ) (-112 -1647.959961 -516.067017 ) (-16 -1647.959961 -516.067017 ) 
4 290 291 (-151.995972 -1827.961426 -516.067017 ) (-112 -1802.962891 -516.067017 ) (-112 -1802.962891 63.933205 ) (-151.995972 -1827.961426 63.933205 ) 
5 290 292 (-183.991028 -1847.959961 -516.067017 ) (-336 -1847.959961 -516.067017 ) (-336 -1647.959961 -516.067017 ) (-112 -1647.959961 -516.067017 ) (-112 -1802.965576 -516.067017 ) 
4 290 293 (-336 -1847.959961 63.933205 ) (-336 -1847.959961 -516.067017 ) (-183.991028 -1847.959961 -516.067017 ) (-183.991028 -1847.959961 63.933205 ) 
3 291 292 (-151.991013 -1827.959961 -516.067017 ) (-112 -1802.965576 -516.067017 ) (-112 -1815.962646 -516.067017 ) 
4 292 293 (-336 -1847.959961 -516.067017 ) (-336 -1847.959961 -704.067078 ) (0 -1847.959961 -704.067078 ) (0 -1847.959961 -516.067017 ) 
4 293 333 (-264 -2048 -498.067017 ) (-336 -2048 -498.067017 ) (-336 -2048 -704.067078 ) (-264 -2048 -704.067078 ) 
4 293 332 (0 -2048 -704.067078 ) (0 -2048 -498.067017 ) (-264 -2048 -498.067017 ) (-264 -2048 -704.067078 ) 
4 293 329 (-268 -2048 -390.066986 ) (-336 -2048 -390.066986 ) (-336 -2048 -498.067017 ) (-268 -2048 -498.067017 ) 
4 293 327 (-264 -2048 -390.066986 ) (-268 -2048 -390.066986 ) (-268 -2048 -498.067017 ) (-264 -2048 -498.067017 ) 
4 293 326 (0 -2048 -498.067017 ) (0 -2048 -390.066986 ) (-264 -2048 -390.066986 ) (-264 -2048 -498.067017 ) 
4 293 317 (0 -2048 -390.066986 ) (0 -2048 63.933205 ) (-336 -2048 63.933205 ) (-336 -2048 -390.066986 ) 
4 296 317 (0 -2048 63.933205 ) (0 -2048 -332.066986 ) (0 -2055.959961 -332.066986 ) (0 -2055.959961 63.933205 ) 
4 296 302 (136 -2048 -332.066986 ) (208 -2048 -332.066986 ) (208 -2055.959961 -332.066986 ) (136 -2055.959961 -332.066986 ) 
4 296 304 (0 -2055.959961 -332.066986 ) (0 -2048 -332.066986 ) (136 -2048 -332.066986 ) (136 -2055.959961 -332.066986 ) 
4 296 298 (208 -2055.959961 -294.066986 ) (208 -2055.959961 -262.066986 ) (168 -2055.959961 -262.066986 ) (168 -2055.959961 -294.066986 ) 
4 296 297 (208 -2055.959961 -262.066986 ) (208 -2055.959961 63.933205 ) (48 -2055.959961 63.933205 ) (48 -2055.959961 -262.066986 ) 
4 296 299 (48 -2055.959961 -332.066986 ) (208 -2055.959961 -332.066986 ) (208 -2055.959961 -294.066986 ) (48 -2055.959961 -294.066986 ) 
4 296 300 (0 -2055.959961 -332.066986 ) (48 -2055.959961 -332.066986 ) (48 -2055.959961 63.933205 ) (0 -2055.959961 63.933205 ) 
4 297 301 (208 -2247.959961 -262.066986 ) (208 -2247.959961 63.933205 ) (48 -2247.959961 63.933205 ) (48 -2247.959961 -262.066986 ) 
4 297 298 (208 -2247.959961 -262.066986 ) (168 -2247.959961 -262.066986 ) (168 -2055.959961 -262.066986 ) (208 -2055.959961 -262.066986 ) 
4 297 300 (48 -2055.959961 63.933205 ) (48 -2055.959961 -262.066986 ) (48 -2247.959961 -262.066986 ) (48 -2247.959961 63.933205 ) 
4 298 301 (208 -2247.959961 -294.066986 ) (208 -2247.959961 -262.066986 ) (168 -2247.959961 -262.066986 ) (168 -2247.959961 -294.066986 ) 
4 298 299 (208 -2247.959961 -294.066986 ) (168 -2247.959961 -294.066986 ) (168 -2055.959961 -294.066986 ) (208 -2055.959961 -294.066986 ) 
4 299 313 (192 -2247.959961 -332.066986 ) (48 -2247.959961 -332.066986 ) (48 -2187.959961 -332.066986 ) (192 -2187.959961 -332.066986 ) 
4 299 312 (208 -2187.959961 -332.066986 ) (208 -2247.959961 -332.066986 ) (192 -2247.959961 -332.066986 ) (192 -2187.959961 -332.066986 ) 
4 299 303 (208 -2115.959961 -332.066986 ) (208 -2187.959961 -332.066986 ) (136 -2187.959961 -332.066986 ) (136 -2115.959961 -332.066986 ) 
4 299 302 (136 -2055.959961 -332.066986 ) (208 -2055.959961 -332.066986 ) (208 -2115.959961 -332.066986 ) (136 -2115.959961 -332.066986 ) 
4 299 304 (48 -2055.959961 -332.066986 ) (136 -2055.959961 -332.066986 ) (136 -2187.959961 -332.066986 ) (48 -2187.959961 -332.066986 ) 
4 299 301 (48 -2247.959961 -332.066986 ) (208 -2247.959961 -332.066986 ) (208 -2247.959961 -294.066986 ) (48 -2247.959961 -294.066986 ) 
4 299 300 (48 -2055.959961 -294.066986 ) (48 -2055.959961 -332.066986 ) (48 -2247.959961 -332.066986 ) (48 -2247.959961 -294.066986 ) 
4 300 321 (0 -2055.959961 -332.066986 ) (0 -2247.959961 -332.066986 ) (0 -2247.959961 -294.066986 ) (0 -2055.959961 -294.066986 ) 
4 300 318 (0 -2247.959961 -294.066986 ) (0 -2247.959961 63.933205 ) (0 -2055.959961 63.933205 ) (0 -2055.959961 -294.066986 ) 
4 300 315 (0 -2247.959961 -332.066986 ) (0 -2187.959961 -332.066986 ) (16 -2187.959961 -332.066986 ) (16 -2247.959961 -332.066986 ) 
4 300 313 (16 -2187.959961 -332.066986 ) (48 -2187.959961 -332.066986 ) (48 -2247.959961 -332.066986 ) (16 -2247.959961 -332.066986 ) 
4 300 304 (0 -2187.959961 -332.066986 ) (0 -2055.959961 -332.066986 ) (48 -2055.959961 -332.066986 ) (48 -2187.959961 -332.066986 ) 
4 300 301 (0 -2247.959961 -332.066986 ) (48 -2247.959961 -332.066986 ) (48 -2247.959961 63.933205 ) (0 -2247.959961 63.933205 ) 
4 301 325 (0 -2247.959961 -332.066986 ) (0 -2511.959961 -332.066986 ) (0 -2511.959961 63.933205 ) (0 -2247.959961 63.933205 ) 
4 301 315 (0 -2511.959961 -332.066986 ) (0 -2247.959961 -332.066986 ) (16 -2247.959961 -332.066986 ) (16 -2511.959961 -332.066986 ) 
4 301 313 (16 -2247.959961 -332.066986 ) (192 -2247.959961 -332.066986 ) (192 -2511.959961 -332.066986 ) (16 -2511.959961 -332.066986 ) 
4 301 312 (192 -2247.959961 -332.066986 ) (208 -2247.959961 -332.066986 ) (208 -2511.959961 -332.066986 ) (192 -2511.959961 -332.066986 ) 
4 302 307 (136 -2115.959961 -390.066986 ) (136 -2048 -390.066986 ) (140 -2048 -390.066986 ) (140 -2115.959961 -390.066986 ) 
4 302 305 (140 -2048 -390.066986 ) (208 -2048 -390.066986 ) (208 -2115.959961 -390.066986 ) (140 -2115.959961 -390.066986 ) 
4 302 303 (136 -2115.959961 -332.066986 ) (136 -2115.959961 -386.067017 ) (208 -2115.959961 -386.067017 ) (208 -2115.959961 -332.066986 ) 
4 302 304 (136 -2048 -390.066986 ) (136 -2115.959961 -390.066986 ) (136 -2115.959961 -332.066986 ) (136 -2048 -332.066986 ) 
4 303 313 (192 -2187.959961 -332.066986 ) (136 -2187.959961 -332.066986 ) (136 -2187.959961 -386.067017 ) (192 -2187.959961 -386.067017 ) 
4 303 312 (208 -2187.959961 -386.067017 ) (208 -2187.959961 -332.066986 ) (192 -2187.959961 -332.066986 ) (192 -2187.959961 -386.067017 ) 
4 303 304 (136 -2187.959961 -386.067017 ) (136 -2187.959961 -332.066986 ) (136 -2115.959961 -332.066986 ) (136 -2115.959961 -386.067017 ) 
4 304 321 (0 -2055.959961 -390.066986 ) (0 -2187.959961 -390.066986 ) (0 -2187.959961 -332.066986 ) (0 -2055.959961 -332.066986 ) 
4 304 317 (0 -2048 -332.066986 ) (0 -2048 -390.066986 ) (0 -2055.959961 -390.066986 ) (0 -2055.959961 -332.066986 ) 
4 304 315 (16 -2187.959961 -332.066986 ) (0 -2187.959961 -332.066986 ) (0 -2187.959961 -390.066986 ) (16 -2187.959961 -390.066986 ) 
4 304 313 (136 -2187.959961 -332.066986 ) (16 -2187.959961 -332.066986 ) (16 -2187.959961 -390.066986 ) (136 -2187.959961 -390.066986 ) 
4 304 308 (136 -2187.959961 -390.066986 ) (0 -2187.959961 -390.066986 ) (0 -2048 -390.066986 ) (136 -2048 -390.066986 ) 
4 305 309 (140 -2115.959961 -498.067017 ) (140 -2048 -498.067017 ) (208 -2048 -498.067017 ) (208 -2115.959961 -498.067017 ) 
4 305 307 (140 -2048 -498.067017 ) (140 -2115.959961 -498.067017 ) (140 -2115.959961 -390.066986 ) (140 -2048 -390.066986 ) 
4 307 309 (136 -2115.959961 -498.067017 ) (136 -2048 -498.067017 ) (140 -2048 -498.067017 ) (140 -2115.959961 -498.067017 ) 
4 307 308 (136 -2048 -498.067017 ) (136 -2115.959961 -498.067017 ) (136 -2115.959961 -390.066986 ) (136 -2048 -390.066986 ) 
4 308 326 (0 -2048 -390.066986 ) (0 -2048 -498.067017 ) (0 -2187.959961 -498.067017 ) (0 -2187.959961 -390.066986 ) 
4 308 316 (0 -2187.959961 -428.066986 ) (0 -2187.959961 -498.067017 ) (136 -2187.959961 -498.067017 ) (136 -2187.959961 -428.066986 ) 
4 308 315 (16 -2187.959961 -390.066986 ) (0 -2187.959961 -390.066986 ) (0 -2187.959961 -428.066986 ) (16 -2187.959961 -428.066986 ) 
4 308 313 (136 -2187.959961 -390.066986 ) (16 -2187.959961 -390.066986 ) (16 -2187.959961 -428.066986 ) (136 -2187.959961 -428.066986 ) 
4 308 310 (136 -2187.959961 -498.067017 ) (0 -2187.959961 -498.067017 ) (0 -2048 -498.067017 ) (136 -2048 -498.067017 ) 
4 309 311 (136 -2115.959961 -502.067017 ) (136 -2048 -502.067017 ) (208 -2048 -502.067017 ) (208 -2115.959961 -502.067017 ) 
4 309 310 (136 -2048 -502.067017 ) (136 -2115.959961 -502.067017 ) (136 -2115.959961 -498.067017 ) (136 -2048 -498.067017 ) 
4 310 332 (0 -2048 -498.067017 ) (0 -2048 -502.067017 ) (0 -2187.959961 -502.067017 ) (0 -2187.959961 -498.067017 ) 
4 310 316 (136 -2187.959961 -498.067017 ) (0 -2187.959961 -498.067017 ) (0 -2187.959961 -502.067017 ) (136 -2187.959961 -502.067017 ) 
4 310 311 (136 -2187.959961 -502.067017 ) (0 -2187.959961 -502.067017 ) (0 -2048 -502.067017 ) (136 -2048 -502.067017 ) 
4 311 332 (0 -2048 -502.067017 ) (0 -2048 -704.067078 ) (0 -2187.959961 -704.067078 ) (0 -2187.959961 -502.067017 ) 
4 311 316 (208 -2187.959961 -704.067078 ) (208 -2187.959961 -502.067017 ) (0 -2187.959961 -502.067017 ) (0 -2187.959961 -704.067078 ) 
4 312 316 (192 -2187.959961 -428.066986 ) (208 -2187.959961 -428.066986 ) (208 -2511.959961 -428.066986 ) (192 -2511.959961 -428.066986 ) 
4 312 313 (192 -2187.959961 -332.066986 ) (192 -2187.959961 -428.066986 ) (192 -2511.959961 -428.066986 ) (192 -2511.959961 -332.066986 ) 
4 313 316 (16 -2187.959961 -428.066986 ) (192 -2187.959961 -428.066986 ) (192 -2511.959961 -428.066986 ) (16 -2511.959961 -428.066986 ) 
4 313 315 (16 -2187.959961 -332.066986 ) (16 -2187.959961 -428.066986 ) (16 -2511.959961 -428.066986 ) (16 -2511.959961 -332.066986 ) 
4 315 328 (0 -2187.959961 -390.066986 ) (0 -2187.959961 -428.066986 ) (0 -2511.959961 -428.066986 ) (0 -2511.959961 -390.066986 ) 
4 315 325 (0 -2511.959961 -332.066986 ) (0 -2247.959961 -332.066986 ) (0 -2247.959961 -390.066986 ) (0 -2511.959961 -390.066986 ) 
4 315 321 (0 -2247.959961 -332.066986 ) (0 -2187.959961 -332.066986 ) (0 -2187.959961 -390.066986 ) (0 -2247.959961 -390.066986 ) 
4 315 316 (0 -2511.959961 -428.066986 ) (0 -2187.959961 -428.066986 ) (16 -2187.959961 -428.066986 ) (16 -2511.959961 -428.066986 ) 
4 316 332 (0 -2511.959961 -704.067078 ) (0 -2511.959961 -498.067017 ) (0 -2187.959961 -498.067017 ) (0 -2187.959961 -704.067078 ) 
4 316 328 (0 -2511.959961 -498.067017 ) (0 -2511.959961 -428.066986 ) (0 -2187.959961 -428.066986 ) (0 -2187.959961 -498.067017 ) 
4 317 329 (-336 -2048 -390.066986 ) (-268 -2048 -390.066986 ) (-268 -2055.959961 -390.066986 ) (-336 -2055.959961 -390.066986 ) 
4 317 327 (-268 -2048 -390.066986 ) (-264 -2048 -390.066986 ) (-264 -2055.959961 -390.066986 ) (-268 -2055.959961 -390.066986 ) 
4 317 326 (-264 -2048 -390.066986 ) (0 -2048 -390.066986 ) (0 -2055.959961 -390.066986 ) (-264 -2055.959961 -390.066986 ) 
4 317 322 (-336 -2055.959961 -294.066986 ) (-336 -2055.959961 -390.066986 ) (-264 -2055.959961 -390.066986 ) (-264 -2055.959961 -294.066986 ) 
4 317 321 (-264 -2055.959961 -390.066986 ) (0 -2055.959961 -390.066986 ) (0 -2055.959961 -294.066986 ) (-264 -2055.959961 -294.066986 ) 
4 317 320 (-336 -2055.959961 -262.066986 ) (-336 -2055.959961 -294.066986 ) (-296 -2055.959961 -294.066986 ) (-296 -2055.959961 -262.066986 ) 
4 317 319 (-336 -2055.959961 63.933205 ) (-336 -2055.959961 -262.066986 ) (-176 -2055.959961 -262.066986 ) (-176 -2055.959961 63.933205 ) 
4 317 318 (-176 -2055.959961 -294.066986 ) (0 -2055.959961 -294.066986 ) (0 -2055.959961 63.933205 ) (-176 -2055.959961 63.933205 ) 
4 318 325 (0 -2247.959961 -294.066986 ) (0 -2247.959961 63.933205 ) (-176 -2247.959961 63.933205 ) (-176 -2247.959961 -294.066986 ) 
4 318 321 (0 -2247.959961 -294.066986 ) (-176 -2247.959961 -294.066986 ) (-176 -2055.959961 -294.066986 ) (0 -2055.959961 -294.066986 ) 
4 318 319 (-176 -2055.959961 63.933205 ) (-176 -2055.959961 -262.066986 ) (-176 -2247.959961 -262.066986 ) (-176 -2247.959961 63.933205 ) 
4 319 325 (-176 -2247.959961 63.933205 ) (-336 -2247.959961 63.933205 ) (-336 -2247.959961 -262.066986 ) (-176 -2247.959961 -262.066986 ) 
4 319 320 (-336 -2247.959961 -262.066986 ) (-336 -2055.959961 -262.066986 ) (-296 -2055.959961 -262.066986 ) (-296 -2247.959961 -262.066986 ) 
4 320 325 (-336 -2247.959961 -262.066986 ) (-336 -2247.959961 -294.066986 ) (-296 -2247.959961 -294.066986 ) (-296 -2247.959961 -262.066986 ) 
4 320 323 (-336 -2187.959961 -294.066986 ) (-336 -2115.959961 -294.066986 ) (-296 -2115.959961 -294.066986 ) (-296 -2187.959961 -294.066986 ) 
4 320 322 (-336 -2115.959961 -294.066986 ) (-336 -2055.959961 -294.066986 ) (-296 -2055.959961 -294.066986 ) (-296 -2115.959961 -294.066986 ) 
4 320 324 (-296 -2247.959961 -294.066986 ) (-336 -2247.959961 -294.066986 ) (-336 -2187.959961 -294.066986 ) (-296 -2187.959961 -294.066986 ) 
4 321 328 (0 -2187.959961 -390.066986 ) (0 -2247.959961 -390.066986 ) (-264 -2247.959961 -390.066986 ) (-264 -2187.959961 -390.066986 ) 
4 321 326 (0 -2055.959961 -390.066986 ) (0 -2187.959961 -390.066986 ) (-264 -2187.959961 -390.066986 ) (-264 -2055.959961 -390.066986 ) 
4 321 325 (-264 -2247.959961 -390.066986 ) (0 -2247.959961 -390.066986 ) (0 -2247.959961 -294.066986 ) (-264 -2247.959961 -294.066986 ) 
4 321 323 (-264 -2187.959961 -294.066986 ) (-264 -2115.959961 -294.066986 ) (-264 -2115.959961 -386.067017 ) (-264 -2187.959961 -386.067017 ) 
4 321 322 (-264 -2115.959961 -294.066986 ) (-264 -2055.959961 -294.066986 ) (-264 -2055.959961 -390.066986 ) (-264 -2115.959961 -390.066986 ) 
4 321 324 (-264 -2247.959961 -390.066986 ) (-264 -2247.959961 -294.066986 ) (-264 -2187.959961 -294.066986 ) (-264 -2187.959961 -390.066986 ) 
4 322 329 (-336 -2115.959961 -390.066986 ) (-336 -2055.959961 -390.066986 ) (-268 -2055.959961 -390.066986 ) (-268 -2115.959961 -390.066986 ) 
4 322 327 (-268 -2055.959961 -390.066986 ) (-264 -2055.959961 -390.066986 ) (-264 -2115.959961 -390.066986 ) (-268 -2115.959961 -390.066986 ) 
4 322 323 (-264 -2115.959961 -386.067017 ) (-264 -2115.959961 -294.066986 ) (-336 -2115.959961 -294.066986 ) (-336 -2115.959961 -386.067017 ) 
4 323 324 (-264 -2187.959961 -386.067017 ) (-264 -2187.959961 -294.066986 ) (-336 -2187.959961 -294.066986 ) (-336 -2187.959961 -386.067017 ) 
4 324 331 (-268 -2247.959961 -390.066986 ) (-336 -2247.959961 -390.066986 ) (-336 -2187.959961 -390.066986 ) (-268 -2187.959961 -390.066986 ) 
4 324 328 (-264 -2247.959961 -390.066986 ) (-268 -2247.959961 -390.066986 ) (-268 -2187.959961 -390.066986 ) (-264 -2187.959961 -390.066986 ) 
4 324 325 (-336 -2247.959961 -390.066986 ) (-264 -2247.959961 -390.066986 ) (-264 -2247.959961 -294.066986 ) (-336 -2247.959961 -294.066986 ) 
4 325 331 (-268 -2511.959961 -390.066986 ) (-336 -2511.959961 -390.066986 ) (-336 -2247.959961 -390.066986 ) (-268 -2247.959961 -390.066986 ) 
4 325 328 (0 -2247.959961 -390.066986 ) (0 -2511.959961 -390.066986 ) (-268 -2511.959961 -390.066986 ) (-268 -2247.959961 -390.066986 ) 
4 326 332 (-264 -2048 -498.067017 ) (0 -2048 -498.067017 ) (0 -2187.959961 -498.067017 ) (-264 -2187.959961 -498.067017 ) 
4 326 328 (-264 -2187.959961 -498.067017 ) (0 -2187.959961 -498.067017 ) (0 -2187.959961 -390.066986 ) (-264 -2187.959961 -390.066986 ) 
4 326 327 (-264 -2048 -498.067017 ) (-264 -2115.959961 -498.067017 ) (-264 -2115.959961 -390.066986 ) (-264 -2048 -390.066986 ) 
4 327 333 (-268 -2115.959961 -498.067017 ) (-268 -2048 -498.067017 ) (-264 -2048 -498.067017 ) (-264 -2115.959961 -498.067017 ) 
4 327 329 (-268 -2048 -498.067017 ) (-268 -2115.959961 -498.067017 ) (-268 -2115.959961 -390.066986 ) (-268 -2048 -390.066986 ) 
4 328 335 (-268 -2511.959961 -498.067017 ) (-268 -2187.959961 -498.067017 ) (-264 -2187.959961 -498.067017 ) (-264 -2511.959961 -498.067017 ) 
4 328 332 (-264 -2187.959961 -498.067017 ) (0 -2187.959961 -498.067017 ) (0 -2511.959961 -498.067017 ) (-264 -2511.959961 -498.067017 ) 
4 328 331 (-268 -2187.959961 -498.067017 ) (-268 -2511.959961 -498.067017 ) (-268 -2511.959961 -390.066986 ) (-268 -2187.959961 -390.066986 ) 
4 329 333 (-336 -2115.959961 -498.067017 ) (-336 -2048 -498.067017 ) (-268 -2048 -498.067017 ) (-268 -2115.959961 -498.067017 ) 
4 331 335 (-336 -2511.959961 -498.067017 ) (-336 -2187.959961 -498.067017 ) (-268 -2187.959961 -498.067017 ) (-268 -2511.959961 -498.067017 ) 
4 332 334 (-264 -2115.959961 -704.067078 ) (-264 -2187.959961 -704.067078 ) (-264 -2187.959961 -502.067017 ) (-264 -2115.959961 -502.067017 ) 
4 332 333 (-264 -2048 -704.067078 ) (-264 -2115.959961 -704.067078 ) (-264 -2115.959961 -498.067017 ) (-264 -2048 -498.067017 ) 
4 332 335 (-264 -2187.959961 -704.067078 ) (-264 -2511.959961 -704.067078 ) (-264 -2511.959961 -498.067017 ) (-264 -2187.959961 -498.067017 ) 
4 333 334 (-336 -2115.959961 -502.067017 ) (-336 -2115.959961 -704.067078 ) (-264 -2115.959961 -704.067078 ) (-264 -2115.959961 -502.067017 ) 
4 334 335 (-336 -2187.959961 -502.067017 ) (-336 -2187.959961 -704.067078 ) (-264 -2187.959961 -704.067078 ) (-264 -2187.959961 -502.067017 ) 
