


materialPath: C:\Program Files (x86)\Steam\steamapps\common\Portal 2\portal2\materials
Loading C:\Program Files (x86)\Steam\steamapps\common\Portal 2\sdk_content\maps\WIP\Chapter 2\mp_coop_a2_laser_stairs.vmf
ConVarRef gpu_level doesn't point to an existing ConVar
Patching WVT material: maps/mp_coop_a2_laser_stairs/metal/blendblackfloormetal_dirt02_wvt_patch
fixing up env_cubemap materials on brush sides...
0...1...2...3...4...5...6...7...8...9...10**** leaked ****
Entity trigger_once (-1184.00 320.00 -48.00) leaked!

FindPortalSide: Couldn't find a good match for which brush to assign to a portal near (1040.0 1024.0 -608.0)
Leaf 0 contents: CONTENTS_SOLID 
Leaf 1 contents: 
viscontents (node 0 contents ^ node 1 contents): CONTENTS_SOLID 
This means that none of the brushes in leaf 0 or 1 that touches the portal has CONTENTS_SOLID 
Check for a huge brush enclosing the coordinates above that has contents CONTENTS_SOLID 
Candidate brush IDs: 


FindPortalSide: Couldn't find a good match for which brush to assign to a portal near (1552.0 1024.0 -608.0)
Leaf 0 contents: CONTENTS_SOLID 
Leaf 1 contents: 
viscontents (node 0 contents ^ node 1 contents): CONTENTS_SOLID 
This means that none of the brushes in leaf 0 or 1 that touches the portal has CONTENTS_SOLID 
Check for a huge brush enclosing the coordinates above that has contents CONTENTS_SOLID 
Candidate brush IDs: 


FindPortalSide: Couldn't find a good match for which brush to assign to a portal near (1040.0 1024.0 532.0)
Leaf 0 contents: CONTENTS_SOLID 
Leaf 1 contents: 
viscontents (node 0 contents ^ node 1 contents): CONTENTS_SOLID 
This means that none of the brushes in leaf 0 or 1 that touches the portal has CONTENTS_SOLID 
Check for a huge brush enclosing the coordinates above that has contents CONTENTS_SOLID 
Candidate brush IDs: 


FindPortalSide: Couldn't find a good match for which brush to assign to a portal near (1552.0 1024.0 532.0)
Leaf 0 contents: CONTENTS_SOLID 
Leaf 1 contents: 
viscontents (node 0 contents ^ node 1 contents): CONTENTS_SOLID 
This means that none of the brushes in leaf 0 or 1 that touches the portal has CONTENTS_SOLID 
Check for a huge brush enclosing the coordinates above that has contents CONTENTS_SOLID 
Candidate brush IDs: 


FindPortalSide: Couldn't find a good match for which brush to assign to a portal near (1024.0 1288.0 -140.0)
Leaf 0 contents: CONTENTS_SOLID 
Leaf 1 contents: 
viscontents (node 0 contents ^ node 1 contents): CONTENTS_SOLID 
This means that none of the brushes in leaf 0 or 1 that touches the portal has CONTENTS_SOLID 
Check for a huge brush enclosing the coordinates above that has contents CONTENTS_SOLID 
Candidate brush IDs: 


FindPortalSide: Couldn't find a good match for which brush to assign to a portal near (1024.0 1800.0 -614.2)
Leaf 0 contents: CONTENTS_SOLID 
Leaf 1 contents: 
viscontents (node 0 contents ^ node 1 contents): CONTENTS_SOLID 
This means that none of the brushes in leaf 0 or 1 that touches the portal has CONTENTS_SOLID 
Check for a huge brush enclosing the coordinates above that has contents CONTENTS_SOLID 
Candidate brush IDs: 


FindPortalSide: Couldn't find a good match for which brush to assign to a portal near (1024.0 1800.0 99.6)
Leaf 0 contents: CONTENTS_SOLID 
Leaf 1 contents: 
viscontents (node 0 contents ^ node 1 contents): CONTENTS_SOLID 
This means that none of the brushes in leaf 0 or 1 that touches the portal has CONTENTS_SOLID 
Check for a huge brush enclosing the coordinates above that has contents CONTENTS_SOLID 
Candidate brush IDs: 


FindPortalSide: Couldn't find a good match for which brush to assign to a portal near (1024.0 1800.0 573.8)
Leaf 0 contents: CONTENTS_SOLID 
Leaf 1 contents: 
viscontents (node 0 contents ^ node 1 contents): CONTENTS_SOLID 
This means that none of the brushes in leaf 0 or 1 that touches the portal has CONTENTS_SOLID 
Check for a huge brush enclosing the coordinates above that has contents CONTENTS_SOLID 
Candidate brush IDs: 

*** Suppressing further FindPortalSide errors.... ***
Processing areas...done (0)
Building Faces...done (0)
Chop Details...done (0)
Find Visible Detail Sides...
Merged 610 detail faces...done (0)
Merging details...done (0)
FixTjuncs...
PruneNodes...
WriteBSP...
done (0)
Finding displacement neighbors...
Finding lightmap sample positions...
Displacement Alpha : 0...1...2...3...4...5...6...7...8...9...10
Building Physics collision data...
done (1) (539308 bytes)
Encountered obsolete static prop option to do its fade in screen space @ -352.00 -288.00 160.00
Encountered obsolete static prop option to do its fade in screen space @ -1056.00 -352.00 64.00
Encountered obsolete static prop option to do its fade in screen space @ -1024.00 -352.00 64.00
Encountered obsolete static prop option to do its fade in screen space @ 144.00 592.00 224.00
Encountered obsolete static prop option to do its fade in screen space @ 144.00 560.00 224.00
Placing detail props : 0...1...2...3...4...5...6...7...8...9...10
Compacting texture/material tables...
Reduced 2244 texinfos to 1386
Reduced 102 texdatas to 89 (3593 bytes to 3043)
Writing C:\Program Files (x86)\Steam\steamapps\common\Portal 2\sdk_content\maps\WIP\Chapter 2\mp_coop_a2_laser_stairs.bsp

nummapplanes:     (  6244 / 65536 )
nummapbrushes:    (  1437 /  8192 )
nummapbrushsides: ( 10640 / 65536 )
num_map_overlays: (    35 /   512 )
nummodels:        (   127 /  1024 )
num_entities:     (   506 / 16384 )

1 second elapsed



24 threads
reading c:\program files (x86)\steam\steamapps\common\portal 2\sdk_content\maps\wip\chapter 2\mp_coop_a2_laser_stairs.bsp
reading c:\program files (x86)\steam\steamapps\common\portal 2\sdk_content\maps\wip\chapter 2\mp_coop_a2_laser_stairs.prt
LoadPortals: couldn't read c:\program files (x86)\steam\steamapps\common\portal 2\sdk_content\maps\wip\chapter 2\mp_coop_a2_laser_stairs.prt



materialPath: C:\Program Files (x86)\Steam\steamapps\common\Portal 2\portal2\materials
Loading C:\Program Files (x86)\Steam\steamapps\common\Portal 2\sdk_content\maps\WIP\Chapter 2\mp_coop_a2_laser_stairs.vmf
ConVarRef gpu_level doesn't point to an existing ConVar
Patching WVT material: maps/mp_coop_a2_laser_stairs/metal/blendblackfloormetal_dirt02_wvt_patch
fixing up env_cubemap materials on brush sides...
0...1...2...3...4...5...6...7...8...9...10**** leaked ****
Entity trigger_once (-808.00 -326.00 108.00) leaked!

FindPortalSide: Couldn't find a good match for which brush to assign to a portal near (1040.0 1024.0 -608.0)
Leaf 0 contents: CONTENTS_SOLID 
Leaf 1 contents: 
viscontents (node 0 contents ^ node 1 contents): CONTENTS_SOLID 
This means that none of the brushes in leaf 0 or 1 that touches the portal has CONTENTS_SOLID 
Check for a huge brush enclosing the coordinates above that has contents CONTENTS_SOLID 
Candidate brush IDs: 


FindPortalSide: Couldn't find a good match for which brush to assign to a portal near (1552.0 1024.0 -608.0)
Leaf 0 contents: CONTENTS_SOLID 
Leaf 1 contents: 
viscontents (node 0 contents ^ node 1 contents): CONTENTS_SOLID 
This means that none of the brushes in leaf 0 or 1 that touches the portal has CONTENTS_SOLID 
Check for a huge brush enclosing the coordinates above that has contents CONTENTS_SOLID 
Candidate brush IDs: 


FindPortalSide: Couldn't find a good match for which brush to assign to a portal near (1040.0 1024.0 532.0)
Leaf 0 contents: CONTENTS_SOLID 
Leaf 1 contents: 
viscontents (node 0 contents ^ node 1 contents): CONTENTS_SOLID 
This means that none of the brushes in leaf 0 or 1 that touches the portal has CONTENTS_SOLID 
Check for a huge brush enclosing the coordinates above that has contents CONTENTS_SOLID 
Candidate brush IDs: 


FindPortalSide: Couldn't find a good match for which brush to assign to a portal near (1552.0 1024.0 532.0)
Leaf 0 contents: CONTENTS_SOLID 
Leaf 1 contents: 
viscontents (node 0 contents ^ node 1 contents): CONTENTS_SOLID 
This means that none of the brushes in leaf 0 or 1 that touches the portal has CONTENTS_SOLID 
Check for a huge brush enclosing the coordinates above that has contents CONTENTS_SOLID 
Candidate brush IDs: 


FindPortalSide: Couldn't find a good match for which brush to assign to a portal near (1024.0 1288.0 -140.0)
Leaf 0 contents: CONTENTS_SOLID 
Leaf 1 contents: 
viscontents (node 0 contents ^ node 1 contents): CONTENTS_SOLID 
This means that none of the brushes in leaf 0 or 1 that touches the portal has CONTENTS_SOLID 
Check for a huge brush enclosing the coordinates above that has contents CONTENTS_SOLID 
Candidate brush IDs: 


FindPortalSide: Couldn't find a good match for which brush to assign to a portal near (1024.0 1800.0 -614.2)
Leaf 0 contents: CONTENTS_SOLID 
Leaf 1 contents: 
viscontents (node 0 contents ^ node 1 contents): CONTENTS_SOLID 
This means that none of the brushes in leaf 0 or 1 that touches the portal has CONTENTS_SOLID 
Check for a huge brush enclosing the coordinates above that has contents CONTENTS_SOLID 
Candidate brush IDs: 


FindPortalSide: Couldn't find a good match for which brush to assign to a portal near (1024.0 1800.0 99.6)
Leaf 0 contents: CONTENTS_SOLID 
Leaf 1 contents: 
viscontents (node 0 contents ^ node 1 contents): CONTENTS_SOLID 
This means that none of the brushes in leaf 0 or 1 that touches the portal has CONTENTS_SOLID 
Check for a huge brush enclosing the coordinates above that has contents CONTENTS_SOLID 
Candidate brush IDs: 


FindPortalSide: Couldn't find a good match for which brush to assign to a portal near (1024.0 1800.0 573.8)
Leaf 0 contents: CONTENTS_SOLID 
Leaf 1 contents: 
viscontents (node 0 contents ^ node 1 contents): CONTENTS_SOLID 
This means that none of the brushes in leaf 0 or 1 that touches the portal has CONTENTS_SOLID 
Check for a huge brush enclosing the coordinates above that has contents CONTENTS_SOLID 
Candidate brush IDs: 

*** Suppressing further FindPortalSide errors.... ***
Processing areas...done (0)
Building Faces...done (0)
Chop Details...done (0)
Find Visible Detail Sides...
Merged 610 detail faces...done (0)
Merging details...done (0)
FixTjuncs...
PruneNodes...
WriteBSP...
done (0)
Finding displacement neighbors...
Finding lightmap sample positions...
Displacement Alpha : 0...1...2...3...4...5...6...7...8...9...10
Building Physics collision data...
done (1) (543193 bytes)
Encountered obsolete static prop option to do its fade in screen space @ -352.00 -288.00 160.00
Encountered obsolete static prop option to do its fade in screen space @ -1056.00 -352.00 64.00
Encountered obsolete static prop option to do its fade in screen space @ -1024.00 -352.00 64.00
Encountered obsolete static prop option to do its fade in screen space @ 144.00 592.00 224.00
Encountered obsolete static prop option to do its fade in screen space @ 144.00 560.00 224.00
Placing detail props : 0...1...2...3...4...5...6...7...8...9...10
Compacting texture/material tables...
Reduced 2287 texinfos to 1411
Reduced 102 texdatas to 89 (3593 bytes to 3043)
Writing C:\Program Files (x86)\Steam\steamapps\common\Portal 2\sdk_content\maps\WIP\Chapter 2\mp_coop_a2_laser_stairs.bsp

nummapplanes:     (  6294 / 65536 )
nummapbrushes:    (  1445 /  8192 )
nummapbrushsides: ( 10692 / 65536 )
num_map_overlays: (    35 /   512 )
nummodels:        (   134 /  1024 )
num_entities:     (   513 / 16384 )

1 second elapsed



24 threads
reading c:\program files (x86)\steam\steamapps\common\portal 2\sdk_content\maps\wip\chapter 2\mp_coop_a2_laser_stairs.bsp
reading c:\program files (x86)\steam\steamapps\common\portal 2\sdk_content\maps\wip\chapter 2\mp_coop_a2_laser_stairs.prt
LoadPortals: couldn't read c:\program files (x86)\steam\steamapps\common\portal 2\sdk_content\maps\wip\chapter 2\mp_coop_a2_laser_stairs.prt



materialPath: C:\Program Files (x86)\Steam\steamapps\common\Portal 2\portal2\materials
Loading C:\Program Files (x86)\Steam\steamapps\common\Portal 2\sdk_content\maps\WIP\Chapter 2\mp_coop_a2_laser_stairs.vmf
ConVarRef gpu_level doesn't point to an existing ConVar
Patching WVT material: maps/mp_coop_a2_laser_stairs/metal/blendblackfloormetal_dirt02_wvt_patch
fixing up env_cubemap materials on brush sides...
0...1...2...3...4...5...6...7...8...9...100...1...2...3...4...5...6...7...8...9...10Processing areas...done (0)
Building Faces...done (0)
Chop Details...done (0)
Find Visible Detail Sides...
Merged 610 detail faces...done (0)
Merging details...done (0)
FixTjuncs...
PruneNodes...
WriteBSP...
done (0)
writing C:\Program Files (x86)\Steam\steamapps\common\Portal 2\sdk_content\maps\WIP\Chapter 2\mp_coop_a2_laser_stairs.prt...Building visibility clusters...
done (0)
Finding displacement neighbors...
Finding lightmap sample positions...
Displacement Alpha : 0...1...2...3...4...5...6...7...8...9...10
Building Physics collision data...
done (1) (543194 bytes)
Encountered obsolete static prop option to do its fade in screen space @ -352.00 -288.00 160.00
Encountered obsolete static prop option to do its fade in screen space @ -1056.00 -352.00 64.00
Encountered obsolete static prop option to do its fade in screen space @ -1024.00 -352.00 64.00
Encountered obsolete static prop option to do its fade in screen space @ 144.00 592.00 224.00
Encountered obsolete static prop option to do its fade in screen space @ 144.00 560.00 224.00
Placing detail props : 0...1...2...3...4...5...6...7...8...9...10
Compacting texture/material tables...
Reduced 2287 texinfos to 1339
Reduced 102 texdatas to 89 (3593 bytes to 3053)
Writing C:\Program Files (x86)\Steam\steamapps\common\Portal 2\sdk_content\maps\WIP\Chapter 2\mp_coop_a2_laser_stairs.bsp

nummapplanes:     (  6290 / 65536 )
nummapbrushes:    (  1445 /  8192 )
nummapbrushsides: ( 10692 / 65536 )
num_map_overlays: (    35 /   512 )
nummodels:        (   134 /  1024 )
num_entities:     (   513 / 16384 )

1 second elapsed



24 threads
reading c:\program files (x86)\steam\steamapps\common\portal 2\sdk_content\maps\wip\chapter 2\mp_coop_a2_laser_stairs.bsp
reading c:\program files (x86)\steam\steamapps\common\portal 2\sdk_content\maps\wip\chapter 2\mp_coop_a2_laser_stairs.prt
 526 portalclusters
1658 numportals
0...1...2...3...4...5...6...7...8...9...10Optimized: 5283 visible clusters (0.00%)
Total clusters visible: 211134
Average clusters visible: 401
Building PAS...
Average clusters audible: 507
visdatasize:70324  compressed from 75744
writing c:\program files (x86)\steam\steamapps\common\portal 2\sdk_content\maps\wip\chapter 2\mp_coop_a2_laser_stairs.bsp
0 seconds elapsed



Could not find lights.rad in lights.rad.
Trying VRAD BIN directory instead...
Warning: Couldn't open texlight file C:\Program Files (x86)\Steam\steamapps\common\Portal 2\bin\lights.rad.
Loading c:\program files (x86)\steam\steamapps\common\portal 2\sdk_content\maps\wip\chapter 2\mp_coop_a2_laser_stairs.bsp
3128 faces
221730 square feet [31929216.00 square inches]
1 Displacements
455 Square Feet [65528.18 Square Inches]
3128 patches before subdivision
34778 patches after subdivision
47 direct lights
0...1...2...3...4...5...6...7...8...9...100...1...2...3...4...5...6...7...8...9...10transfers 3347730, max 543
transfer lists:  25.5 megs
0...1...2...3...4...5...6...7...8...9...10	Bounce #1 added RGB(30375, 31127, 31268)
0...1...2...3...4...5...6...7...8...9...10	Bounce #2 added RGB(10322, 10421, 10321)
0...1...2...3...4...5...6...7...8...9...10	Bounce #3 added RGB(3862, 3834, 3756)
0...1...2...3...4...5...6...7...8...9...10	Bounce #4 added RGB(1540, 1507, 1459)
0...1...2...3...4...5...6...7...8...9...10	Bounce #5 added RGB(639, 617, 590)
0...1...2...3...4...5...6...7...8...9...10	Bounce #6 added RGB(274, 261, 248)
0...1...2...3...4...5...6...7...8...9...10	Bounce #7 added RGB(120, 114, 106)
0...1...2...3...4...5...6...7...8...9...10	Bounce #8 added RGB(54, 51, 47)
0...1...2...3...4...5...6...7...8...9...10	Bounce #9 added RGB(24, 23, 21)
0...1...2...3...4...5...6...7...8...9...10	Bounce #10 added RGB(11, 11, 10)
0...1...2...3...4...5...6...7...8...9...10	Bounce #11 added RGB(5, 5, 4)
0...1...2...3...4...5...6...7...8...9...10	Bounce #12 added RGB(3, 2, 2)
0...1...2...3...4...5...6...7...8...9...10	Bounce #13 added RGB(1, 1, 1)
0...1...2...3...4...5...6...7...8...9...10	Bounce #14 added RGB(1, 1, 0)
Build Patch/Sample Hash Table(s).....Done<0.0055 sec>
0...1...2...3...4...5...6...7...8...9...10FinalLightFace Done
0 of 0 (0% of) surface lights went in leaf ambient cubes.
0...1...2...3...4...5...6...7...8...9...10Writing leaf ambient...done
Ready to Finish

Object names       Objects/Maxobjs  Memory / Maxmem  Fullness 
------------       ---------------  ---------------  -------- 
models                 134/1024         6432/49152    (13.1%) 
brushes               1445/8192        17340/98304    (17.6%) 
brushsides           10693/65536       85544/524288   (16.3%) 
planes                6290/65536      125800/1310720  ( 9.6%) 
vertexes              6799/65536       81588/786432   (10.4%) 
nodes                 2005/65536       64160/2097152  ( 3.1%) 
texinfos              1339/12288       96408/884736   (10.9%) 
texdata                 89/2048         2848/65536    ( 4.3%) 
dispinfos                1/0             176/0        ( 0.0%) 
disp_verts              81/0            1620/0        ( 0.0%) 
disp_tris              128/0             256/0        ( 0.0%) 
disp_multiblend          0/0               0/0        ( 0.0%) 
disp_lmsamples        1296/0            1296/0        ( 0.0%) 
faces                 3128/65536      175168/3670016  ( 4.8%) 
hdr faces                0/65536           0/3670016  ( 0.0%) 
origfaces             2596/65536      145376/3670016  ( 4.0%) 
facebrushes            444/0             888/0        ( 0.0%) 
facebrushlists        3128/0           12512/0        ( 0.0%) 
leaves                2140/65536       68480/2097152  ( 3.3%) 
leaffaces             4177/65536        8354/131072   ( 6.4%) 
leafbrushes           3094/65536        6188/131072   ( 4.7%) 
areas                   12/256            96/2048     ( 4.7%) 
surfedges            25066/512000     100264/2048000  ( 4.9%) 
edges                15536/256000      62144/1024000  ( 6.1%) 
LDR worldlights         47/8192         4700/819200   ( 0.6%) 
HDR worldlights          0/8192            0/819200   ( 0.0%) 
leafwaterdata            0/32768           0/393216   ( 0.0%) 
waterstrips            317/32768        3170/327680   ( 1.0%) 
waterverts               0/65536           0/786432   ( 0.0%) 
waterindices          5745/65536       11490/131072   ( 8.8%) 
cubemapsamples          13/1024          208/16384    ( 1.3%) 
overlays                35/512         12320/180224   ( 6.8%) 
LDR lightdata         [variable]     1669872/0        ( 0.0%) 
HDR lightdata         [variable]           0/0        ( 0.0%) 
visdata               [variable]       70324/16777216 ( 0.4%) 
entdata               [variable]      209046/393216   (53.2%) 
LDR ambient table     2140/65536        8560/262144   ( 3.3%) 
HDR ambient table     2140/65536        8560/262144   ( 3.3%) 
LDR leaf ambient      7285/65536      203980/1835008  (11.1%) 
HDR leaf ambient      2140/65536       59920/1835008  ( 3.3%) 
occluders                0/0               0/0        ( 0.0%) 
occluder polygons        0/0               0/0        ( 0.0%) 
occluder vert ind        0/0               0/0        ( 0.0%) 
detail props          [variable]           1/12       ( 8.3%) 
static props          [variable]           1/26212    ( 0.0%) 
pakfile               [variable]     1050406/0        ( 0.0%) 
physics               [variable]      543194/4194304  (13.0%) 
physics terrain       [variable]         209/1048576  ( 0.0%) 

Level flags = 0

Total triangle count: 8468
Writing c:\program files (x86)\steam\steamapps\common\portal 2\sdk_content\maps\wip\chapter 2\mp_coop_a2_laser_stairs.bsp
11 seconds elapsed



materialPath: C:\Program Files (x86)\Steam\steamapps\common\Portal 2\portal2\materials
Loading C:\Program Files (x86)\Steam\steamapps\common\Portal 2\sdk_content\maps\WIP\Chapter 2\mp_coop_a2_laser_stairs.vmf
ConVarRef gpu_level doesn't point to an existing ConVar
Patching WVT material: maps/mp_coop_a2_laser_stairs/metal/blendblackfloormetal_dirt02_wvt_patch
fixing up env_cubemap materials on brush sides...
0...1...2...3...4...5...6...7...8...9...100...1...2...3...4...5...6...7...8...9...10Processing areas...done (0)
Building Faces...done (0)
Chop Details...done (0)
Find Visible Detail Sides...
Merged 610 detail faces...done (0)
Merging details...done (0)
FixTjuncs...
PruneNodes...
WriteBSP...
done (0)
writing C:\Program Files (x86)\Steam\steamapps\common\Portal 2\sdk_content\maps\WIP\Chapter 2\mp_coop_a2_laser_stairs.prt...Building visibility clusters...
done (0)
Finding displacement neighbors...
Finding lightmap sample positions...
Displacement Alpha : 0...1...2...3...4...5...6...7...8...9...10
Building Physics collision data...
done (1) (543194 bytes)
Encountered obsolete static prop option to do its fade in screen space @ -352.00 -288.00 160.00
Encountered obsolete static prop option to do its fade in screen space @ -1056.00 -352.00 64.00
Encountered obsolete static prop option to do its fade in screen space @ -1024.00 -352.00 64.00
Encountered obsolete static prop option to do its fade in screen space @ 144.00 592.00 224.00
Encountered obsolete static prop option to do its fade in screen space @ 144.00 560.00 224.00
Placing detail props : 0...1...2...3...4...5...6...7...8...9...10
Compacting texture/material tables...
Reduced 2287 texinfos to 1339
Reduced 102 texdatas to 89 (3593 bytes to 3053)
Writing C:\Program Files (x86)\Steam\steamapps\common\Portal 2\sdk_content\maps\WIP\Chapter 2\mp_coop_a2_laser_stairs.bsp

nummapplanes:     (  6290 / 65536 )
nummapbrushes:    (  1445 /  8192 )
nummapbrushsides: ( 10692 / 65536 )
num_map_overlays: (    35 /   512 )
nummodels:        (   134 /  1024 )
num_entities:     (   513 / 16384 )

1 second elapsed



24 threads
reading c:\program files (x86)\steam\steamapps\common\portal 2\sdk_content\maps\wip\chapter 2\mp_coop_a2_laser_stairs.bsp
reading c:\program files (x86)\steam\steamapps\common\portal 2\sdk_content\maps\wip\chapter 2\mp_coop_a2_laser_stairs.prt
 526 portalclusters
1658 numportals
0...1...2...3...4...5...6...7...8...9...10Optimized: 5283 visible clusters (0.00%)
Total clusters visible: 211134
Average clusters visible: 401
Building PAS...
Average clusters audible: 507
visdatasize:70324  compressed from 75744
writing c:\program files (x86)\steam\steamapps\common\portal 2\sdk_content\maps\wip\chapter 2\mp_coop_a2_laser_stairs.bsp
0 seconds elapsed



Could not find lights.rad in lights.rad.
Trying VRAD BIN directory instead...
Warning: Couldn't open texlight file C:\Program Files (x86)\Steam\steamapps\common\Portal 2\bin\lights.rad.
Loading c:\program files (x86)\steam\steamapps\common\portal 2\sdk_content\maps\wip\chapter 2\mp_coop_a2_laser_stairs.bsp
3128 faces
221730 square feet [31929216.00 square inches]
1 Displacements
455 Square Feet [65528.18 Square Inches]
3128 patches before subdivision
34778 patches after subdivision
47 direct lights
0...1...2...3...4...5...6...7...8...9...100...1...2...3...4...5...6...7...8...9...10transfers 3347730, max 543
transfer lists:  25.5 megs
0...1...2...3...4...5...6...7...8...9...10	Bounce #1 added RGB(30375, 31127, 31268)
0...1...2...3...4...5...6...7...8...9...10	Bounce #2 added RGB(10322, 10421, 10321)
0...1...2...3...4...5...6...7...8...9...10	Bounce #3 added RGB(3862, 3834, 3756)
0...1...2...3...4...5...6...7...8...9...10	Bounce #4 added RGB(1540, 1507, 1459)
0...1...2...3...4...5...6...7...8...9...10	Bounce #5 added RGB(639, 617, 590)
0...1...2...3...4...5...6...7...8...9...10	Bounce #6 added RGB(274, 261, 248)
0...1...2...3...4...5...6...7...8...9...10	Bounce #7 added RGB(120, 114, 106)
0...1...2...3...4...5...6...7...8...9...10	Bounce #8 added RGB(54, 51, 47)
0...1...2...3...4...5...6...7...8...9...10	Bounce #9 added RGB(24, 23, 21)
0...1...2...3...4...5...6...7...8...9...10	Bounce #10 added RGB(11, 11, 10)
0...1...2...3...4...5...6...7...8...9...10	Bounce #11 added RGB(5, 5, 4)
0...1...2...3...4...5...6...7...8...9...10	Bounce #12 added RGB(3, 2, 2)
0...1...2...3...4...5...6...7...8...9...10	Bounce #13 added RGB(1, 1, 1)
0...1...2...3...4...5...6...7...8...9...10	Bounce #14 added RGB(1, 1, 0)
Build Patch/Sample Hash Table(s).....Done<0.0053 sec>
0...1...2...3...4...5...6...7...8...9...10FinalLightFace Done
0 of 0 (0% of) surface lights went in leaf ambient cubes.
0...1...2...3...4...5...6...7...8...9...10Writing leaf ambient...done
Ready to Finish

Object names       Objects/Maxobjs  Memory / Maxmem  Fullness 
------------       ---------------  ---------------  -------- 
models                 134/1024         6432/49152    (13.1%) 
brushes               1445/8192        17340/98304    (17.6%) 
brushsides           10693/65536       85544/524288   (16.3%) 
planes                6290/65536      125800/1310720  ( 9.6%) 
vertexes              6799/65536       81588/786432   (10.4%) 
nodes                 2005/65536       64160/2097152  ( 3.1%) 
texinfos              1339/12288       96408/884736   (10.9%) 
texdata                 89/2048         2848/65536    ( 4.3%) 
dispinfos                1/0             176/0        ( 0.0%) 
disp_verts              81/0            1620/0        ( 0.0%) 
disp_tris              128/0             256/0        ( 0.0%) 
disp_multiblend          0/0               0/0        ( 0.0%) 
disp_lmsamples        1296/0            1296/0        ( 0.0%) 
faces                 3128/65536      175168/3670016  ( 4.8%) 
hdr faces                0/65536           0/3670016  ( 0.0%) 
origfaces             2596/65536      145376/3670016  ( 4.0%) 
facebrushes            444/0             888/0        ( 0.0%) 
facebrushlists        3128/0           12512/0        ( 0.0%) 
leaves                2140/65536       68480/2097152  ( 3.3%) 
leaffaces             4177/65536        8354/131072   ( 6.4%) 
leafbrushes           3094/65536        6188/131072   ( 4.7%) 
areas                   12/256            96/2048     ( 4.7%) 
surfedges            25066/512000     100264/2048000  ( 4.9%) 
edges                15536/256000      62144/1024000  ( 6.1%) 
LDR worldlights         47/8192         4700/819200   ( 0.6%) 
HDR worldlights          0/8192            0/819200   ( 0.0%) 
leafwaterdata            0/32768           0/393216   ( 0.0%) 
waterstrips            317/32768        3170/327680   ( 1.0%) 
waterverts               0/65536           0/786432   ( 0.0%) 
waterindices          5745/65536       11490/131072   ( 8.8%) 
cubemapsamples          13/1024          208/16384    ( 1.3%) 
overlays                35/512         12320/180224   ( 6.8%) 
LDR lightdata         [variable]     1669872/0        ( 0.0%) 
HDR lightdata         [variable]           0/0        ( 0.0%) 
visdata               [variable]       70324/16777216 ( 0.4%) 
entdata               [variable]      209039/393216   (53.2%) 
LDR ambient table     2140/65536        8560/262144   ( 3.3%) 
HDR ambient table     2140/65536        8560/262144   ( 3.3%) 
LDR leaf ambient      7285/65536      203980/1835008  (11.1%) 
HDR leaf ambient      2140/65536       59920/1835008  ( 3.3%) 
occluders                0/0               0/0        ( 0.0%) 
occluder polygons        0/0               0/0        ( 0.0%) 
occluder vert ind        0/0               0/0        ( 0.0%) 
detail props          [variable]           1/12       ( 8.3%) 
static props          [variable]           1/26212    ( 0.0%) 
pakfile               [variable]     1050406/0        ( 0.0%) 
physics               [variable]      543194/4194304  (13.0%) 
physics terrain       [variable]         209/1048576  ( 0.0%) 

Level flags = 0

Total triangle count: 8468
Writing c:\program files (x86)\steam\steamapps\common\portal 2\sdk_content\maps\wip\chapter 2\mp_coop_a2_laser_stairs.bsp
11 seconds elapsed



materialPath: C:\Program Files (x86)\Steam\steamapps\common\Portal 2\portal2\materials
Loading C:\Program Files (x86)\Steam\steamapps\common\Portal 2\sdk_content\maps\WIP\Chapter 2\mp_coop_a2_laser_stairs.vmf
ConVarRef gpu_level doesn't point to an existing ConVar
Patching WVT material: maps/mp_coop_a2_laser_stairs/metal/blendblackfloormetal_dirt02_wvt_patch
fixing up env_cubemap materials on brush sides...
0...1...2...3...4...5...6...7...8...9...100...1...2...3...4...5...6...7...8...9...10Processing areas...done (0)
Building Faces...done (0)
Chop Details...done (0)
Find Visible Detail Sides...
Merged 610 detail faces...done (0)
Merging details...done (0)
FixTjuncs...
PruneNodes...
WriteBSP...
done (0)
writing C:\Program Files (x86)\Steam\steamapps\common\Portal 2\sdk_content\maps\WIP\Chapter 2\mp_coop_a2_laser_stairs.prt...Building visibility clusters...
done (0)
Finding displacement neighbors...
Finding lightmap sample positions...
Displacement Alpha : 0...1...2...3...4...5...6...7...8...9...10
Building Physics collision data...
done (1) (543194 bytes)
Encountered obsolete static prop option to do its fade in screen space @ -352.00 -288.00 160.00
Encountered obsolete static prop option to do its fade in screen space @ -1056.00 -352.00 64.00
Encountered obsolete static prop option to do its fade in screen space @ -1024.00 -352.00 64.00
Encountered obsolete static prop option to do its fade in screen space @ 144.00 592.00 224.00
Encountered obsolete static prop option to do its fade in screen space @ 144.00 560.00 224.00
Placing detail props : 0...1...2...3...4...5...6...7...8...9...10
Compacting texture/material tables...
Reduced 2287 texinfos to 1339
Reduced 102 texdatas to 89 (3593 bytes to 3053)
Writing C:\Program Files (x86)\Steam\steamapps\common\Portal 2\sdk_content\maps\WIP\Chapter 2\mp_coop_a2_laser_stairs.bsp

nummapplanes:     (  6290 / 65536 )
nummapbrushes:    (  1445 /  8192 )
nummapbrushsides: ( 10692 / 65536 )
num_map_overlays: (    35 /   512 )
nummodels:        (   134 /  1024 )
num_entities:     (   513 / 16384 )

1 second elapsed



24 threads
reading c:\program files (x86)\steam\steamapps\common\portal 2\sdk_content\maps\wip\chapter 2\mp_coop_a2_laser_stairs.bsp
reading c:\program files (x86)\steam\steamapps\common\portal 2\sdk_content\maps\wip\chapter 2\mp_coop_a2_laser_stairs.prt
 526 portalclusters
1658 numportals
0...1...2...3...4...5...6...7...8...9...10Optimized: 5283 visible clusters (0.00%)
Total clusters visible: 211134
Average clusters visible: 401
Building PAS...
Average clusters audible: 507
visdatasize:70324  compressed from 75744
writing c:\program files (x86)\steam\steamapps\common\portal 2\sdk_content\maps\wip\chapter 2\mp_coop_a2_laser_stairs.bsp
0 seconds elapsed



[Reading texlights from 'lights.rad']
[59 texlights parsed from 'lights.rad']

Loading c:\program files (x86)\steam\steamapps\common\portal 2\sdk_content\maps\wip\chapter 2\mp_coop_a2_laser_stairs.bsp
3128 faces
221730 square feet [31929216.00 square inches]
1 Displacements
455 Square Feet [65528.18 Square Inches]
3128 patches before subdivision
34798 patches after subdivision
65 direct lights
0...1...2...3...4...5...6...7...8...9...100...1...2...3...4...5...6...7...8...9...10transfers 3349686, max 543
transfer lists:  25.6 megs
0...1...2...3...4...5...6...7...8...9...10	Bounce #1 added RGB(31535, 33082, 33468)
0...1...2...3...4...5...6...7...8...9...10	Bounce #2 added RGB(10787, 11191, 11175)
0...1...2...3...4...5...6...7...8...9...10	Bounce #3 added RGB(4088, 4200, 4158)
0...1...2...3...4...5...6...7...8...9...10	Bounce #4 added RGB(1643, 1669, 1635)
0...1...2...3...4...5...6...7...8...9...10	Bounce #5 added RGB(686, 690, 670)
0...1...2...3...4...5...6...7...8...9...10	Bounce #6 added RGB(296, 295, 283)
0...1...2...3...4...5...6...7...8...9...10	Bounce #7 added RGB(130, 129, 123)
0...1...2...3...4...5...6...7...8...9...10	Bounce #8 added RGB(58, 57, 54)
0...1...2...3...4...5...6...7...8...9...10	Bounce #9 added RGB(27, 26, 24)
0...1...2...3...4...5...6...7...8...9...10	Bounce #10 added RGB(12, 12, 11)
0...1...2...3...4...5...6...7...8...9...10	Bounce #11 added RGB(6, 6, 5)
0...1...2...3...4...5...6...7...8...9...10	Bounce #12 added RGB(3, 3, 2)
0...1...2...3...4...5...6...7...8...9...10	Bounce #13 added RGB(1, 1, 1)
0...1...2...3...4...5...6...7...8...9...10	Bounce #14 added RGB(1, 1, 1)
Build Patch/Sample Hash Table(s).....Done<0.0054 sec>
0...1...2...3...4...5...6...7...8...9...10FinalLightFace Done
18 of 18 (100% of) surface lights went in leaf ambient cubes.
0...1...2...3...4...5...6...7...8...9...10Writing leaf ambient...done
Ready to Finish

Object names       Objects/Maxobjs  Memory / Maxmem  Fullness 
------------       ---------------  ---------------  -------- 
models                 134/1024         6432/49152    (13.1%) 
brushes               1445/8192        17340/98304    (17.6%) 
brushsides           10693/65536       85544/524288   (16.3%) 
planes                6290/65536      125800/1310720  ( 9.6%) 
vertexes              6799/65536       81588/786432   (10.4%) 
nodes                 2005/65536       64160/2097152  ( 3.1%) 
texinfos              1339/12288       96408/884736   (10.9%) 
texdata                 89/2048         2848/65536    ( 4.3%) 
dispinfos                1/0             176/0        ( 0.0%) 
disp_verts              81/0            1620/0        ( 0.0%) 
disp_tris              128/0             256/0        ( 0.0%) 
disp_multiblend          0/0               0/0        ( 0.0%) 
disp_lmsamples        1296/0            1296/0        ( 0.0%) 
faces                 3128/65536      175168/3670016  ( 4.8%) 
hdr faces                0/65536           0/3670016  ( 0.0%) 
origfaces             2596/65536      145376/3670016  ( 4.0%) 
facebrushes            444/0             888/0        ( 0.0%) 
facebrushlists        3128/0           12512/0        ( 0.0%) 
leaves                2140/65536       68480/2097152  ( 3.3%) 
leaffaces             4177/65536        8354/131072   ( 6.4%) 
leafbrushes           3094/65536        6188/131072   ( 4.7%) 
areas                   12/256            96/2048     ( 4.7%) 
surfedges            25066/512000     100264/2048000  ( 4.9%) 
edges                15536/256000      62144/1024000  ( 6.1%) 
LDR worldlights         65/8192         6500/819200   ( 0.8%) 
HDR worldlights          0/8192            0/819200   ( 0.0%) 
leafwaterdata            0/32768           0/393216   ( 0.0%) 
waterstrips            317/32768        3170/327680   ( 1.0%) 
waterverts               0/65536           0/786432   ( 0.0%) 
waterindices          5745/65536       11490/131072   ( 8.8%) 
cubemapsamples          13/1024          208/16384    ( 1.3%) 
overlays                35/512         12320/180224   ( 6.8%) 
LDR lightdata         [variable]     1669872/0        ( 0.0%) 
HDR lightdata         [variable]           0/0        ( 0.0%) 
visdata               [variable]       70324/16777216 ( 0.4%) 
entdata               [variable]      209043/393216   (53.2%) 
LDR ambient table     2140/65536        8560/262144   ( 3.3%) 
HDR ambient table     2140/65536        8560/262144   ( 3.3%) 
LDR leaf ambient      7275/65536      203700/1835008  (11.1%) 
HDR leaf ambient      2140/65536       59920/1835008  ( 3.3%) 
occluders                0/0               0/0        ( 0.0%) 
occluder polygons        0/0               0/0        ( 0.0%) 
occluder vert ind        0/0               0/0        ( 0.0%) 
detail props          [variable]           1/12       ( 8.3%) 
static props          [variable]           1/26212    ( 0.0%) 
pakfile               [variable]     1050406/0        ( 0.0%) 
physics               [variable]      543194/4194304  (13.0%) 
physics terrain       [variable]         209/1048576  ( 0.0%) 

Level flags = 0

Total triangle count: 8468
Writing c:\program files (x86)\steam\steamapps\common\portal 2\sdk_content\maps\wip\chapter 2\mp_coop_a2_laser_stairs.bsp
11 seconds elapsed



[Reading texlights from 'lights.rad']
[59 texlights parsed from 'lights.rad']

Loading c:\program files (x86)\steam\steamapps\common\portal 2\sdk_content\maps\wip\chapter 2\mp_coop_a2_laser_stairs.bsp
Loaded alpha texture materials\Metal\backstage_grate_002b.vtf
Loaded alpha texture materials\Tools\toolsinvisible.vtf
3128 faces
221730 square feet [31929216.00 square inches]
1 Displacements
455 Square Feet [65528.18 Square Inches]
3128 patches before subdivision
34798 patches after subdivision
65 direct lights
0...1...2...3...4...5...6...7...8...9...100...1...2...3...4...5...6...7...8...9...10transfers 3123153, max 572
transfer lists:  23.8 megs
0...1...2...3...4...5...6...7...8...9...10	Bounce #1 added RGB(25776, 27328, 27425)
0...1...2...3...4...5...6...7...8...9...10	Bounce #2 added RGB(8270, 8823, 8776)
0...1...2...3...4...5...6...7...8...9...10	Bounce #3 added RGB(3196, 3396, 3346)
0...1...2...3...4...5...6...7...8...9...10	Bounce #4 added RGB(1373, 1442, 1402)
0...1...2...3...4...5...6...7...8...9...10	Bounce #5 added RGB(610, 635, 610)
0...1...2...3...4...5...6...7...8...9...10	Bounce #6 added RGB(280, 288, 273)
0...1...2...3...4...5...6...7...8...9...10	Bounce #7 added RGB(129, 132, 123)
0...1...2...3...4...5...6...7...8...9...10	Bounce #8 added RGB(61, 61, 57)
0...1...2...3...4...5...6...7...8...9...10	Bounce #9 added RGB(29, 29, 26)
0...1...2...3...4...5...6...7...8...9...10	Bounce #10 added RGB(14, 14, 12)
0...1...2...3...4...5...6...7...8...9...10	Bounce #11 added RGB(7, 7, 6)
0...1...2...3...4...5...6...7...8...9...10	Bounce #12 added RGB(3, 3, 3)
0...1...2...3...4...5...6...7...8...9...10	Bounce #13 added RGB(2, 2, 1)
0...1...2...3...4...5...6...7...8...9...10	Bounce #14 added RGB(1, 1, 1)
Build Patch/Sample Hash Table(s).....Done<0.0054 sec>
0...1...2...3...4...5...6...7...8...9...10FinalLightFace Done
18 of 18 (100% of) surface lights went in leaf ambient cubes.
0...1...2...3...4...5...6...7...8...9...10Writing leaf ambient...done
Computing static prop lighting : 00...1...2...3...4...5...6...7...8...9...10
Ready to Finish

Object names       Objects/Maxobjs  Memory / Maxmem  Fullness 
------------       ---------------  ---------------  -------- 
models                 134/1024         6432/49152    (13.1%) 
brushes               1445/8192        17340/98304    (17.6%) 
brushsides           10693/65536       85544/524288   (16.3%) 
planes                6290/65536      125800/1310720  ( 9.6%) 
vertexes              6799/65536       81588/786432   (10.4%) 
nodes                 2005/65536       64160/2097152  ( 3.1%) 
texinfos              1339/12288       96408/884736   (10.9%) 
texdata                 89/2048         2848/65536    ( 4.3%) 
dispinfos                1/0             176/0        ( 0.0%) 
disp_verts              81/0            1620/0        ( 0.0%) 
disp_tris              128/0             256/0        ( 0.0%) 
disp_multiblend          0/0               0/0        ( 0.0%) 
disp_lmsamples        1296/0            1296/0        ( 0.0%) 
faces                 3128/65536      175168/3670016  ( 4.8%) 
hdr faces                0/65536           0/3670016  ( 0.0%) 
origfaces             2596/65536      145376/3670016  ( 4.0%) 
facebrushes            444/0             888/0        ( 0.0%) 
facebrushlists        3128/0           12512/0        ( 0.0%) 
leaves                2140/65536       68480/2097152  ( 3.3%) 
leaffaces             4177/65536        8354/131072   ( 6.4%) 
leafbrushes           3094/65536        6188/131072   ( 4.7%) 
areas                   12/256            96/2048     ( 4.7%) 
surfedges            25066/512000     100264/2048000  ( 4.9%) 
edges                15536/256000      62144/1024000  ( 6.1%) 
LDR worldlights         65/8192         6500/819200   ( 0.8%) 
HDR worldlights          0/8192            0/819200   ( 0.0%) 
leafwaterdata            0/32768           0/393216   ( 0.0%) 
waterstrips            317/32768        3170/327680   ( 1.0%) 
waterverts               0/65536           0/786432   ( 0.0%) 
waterindices          5745/65536       11490/131072   ( 8.8%) 
cubemapsamples          13/1024          208/16384    ( 1.3%) 
overlays                35/512         12320/180224   ( 6.8%) 
LDR lightdata         [variable]     1669872/0        ( 0.0%) 
HDR lightdata         [variable]           0/0        ( 0.0%) 
visdata               [variable]       70324/16777216 ( 0.4%) 
entdata               [variable]      209043/393216   (53.2%) 
LDR ambient table     2140/65536        8560/262144   ( 3.3%) 
HDR ambient table     2140/65536        8560/262144   ( 3.3%) 
LDR leaf ambient      7039/65536      197092/1835008  (10.7%) 
HDR leaf ambient      2140/65536       59920/1835008  ( 3.3%) 
occluders                0/0               0/0        ( 0.0%) 
occluder polygons        0/0               0/0        ( 0.0%) 
occluder vert ind        0/0               0/0        ( 0.0%) 
detail props          [variable]           1/12       ( 8.3%) 
static props          [variable]           1/26212    ( 0.0%) 
pakfile               [variable]     2622090/0        ( 0.0%) 
physics               [variable]      543194/4194304  (13.0%) 
physics terrain       [variable]         209/1048576  ( 0.0%) 

Level flags = 1

Total triangle count: 8468
Writing c:\program files (x86)\steam\steamapps\common\portal 2\sdk_content\maps\wip\chapter 2\mp_coop_a2_laser_stairs.bsp
30 seconds elapsed



[Reading texlights from 'lights.rad']
[59 texlights parsed from 'lights.rad']

Loading c:\program files (x86)\steam\steamapps\common\portal 2\sdk_content\maps\wip\chapter 2\mp_coop_a2_laser_stairs.bsp
Loaded alpha texture materials\Metal\backstage_grate_002b.vtf
Loaded alpha texture materials\Tools\toolsinvisible.vtf
3128 faces
221730 square feet [31929216.00 square inches]
1 Displacements
455 Square Feet [65528.18 Square Inches]
3128 patches before subdivision
34798 patches after subdivision
65 direct lights
0...1...2...3...4...5...6...7...8...9...100...1...2...3...4...5...6...7...8...9...10transfers 3123153, max 572
transfer lists:  23.8 megs
0...1...2...3...4...5...6...7...8...9...10	Bounce #1 added RGB(25778, 27330, 27427)
0...1...2...3...4...5...6...7...8...9...10	Bounce #2 added RGB(8271, 8824, 8776)
0...1...2...3...4...5...6...7...8...9...10	Bounce #3 added RGB(3196, 3396, 3347)
0...1...2...3...4...5...6...7...8...9...10	Bounce #4 added RGB(1373, 1443, 1402)
0...1...2...3...4...5...6...7...8...9...10	Bounce #5 added RGB(611, 635, 610)
0...1...2...3...4...5...6...7...8...9...10	Bounce #6 added RGB(280, 288, 273)
0...1...2...3...4...5...6...7...8...9...10	Bounce #7 added RGB(129, 132, 123)
0...1...2...3...4...5...6...7...8...9...10	Bounce #8 added RGB(61, 61, 57)
0...1...2...3...4...5...6...7...8...9...10	Bounce #9 added RGB(29, 29, 26)
0...1...2...3...4...5...6...7...8...9...10	Bounce #10 added RGB(14, 14, 12)
0...1...2...3...4...5...6...7...8...9...10	Bounce #11 added RGB(7, 7, 6)
0...1...2...3...4...5...6...7...8...9...10	Bounce #12 added RGB(3, 3, 3)
0...1...2...3...4...5...6...7...8...9...10	Bounce #13 added RGB(2, 2, 1)
0...1...2...3...4...5...6...7...8...9...10	Bounce #14 added RGB(1, 1, 1)
Build Patch/Sample Hash Table(s).....Done<0.0054 sec>
0...1...2...3...4...5...6...7...8...9...10FinalLightFace Done
18 of 18 (100% of) surface lights went in leaf ambient cubes.
0...1...2...3...4...5...6...7...8...9...10Writing leaf ambient...done
Computing static prop lighting : 00...1...2...3...4...5...6...7...8...9...10
Ready to Finish

Object names       Objects/Maxobjs  Memory / Maxmem  Fullness 
------------       ---------------  ---------------  -------- 
models                 134/1024         6432/49152    (13.1%) 
brushes               1445/8192        17340/98304    (17.6%) 
brushsides           10693/65536       85544/524288   (16.3%) 
planes                6290/65536      125800/1310720  ( 9.6%) 
vertexes              6799/65536       81588/786432   (10.4%) 
nodes                 2005/65536       64160/2097152  ( 3.1%) 
texinfos              1339/12288       96408/884736   (10.9%) 
texdata                 89/2048         2848/65536    ( 4.3%) 
dispinfos                1/0             176/0        ( 0.0%) 
disp_verts              81/0            1620/0        ( 0.0%) 
disp_tris              128/0             256/0        ( 0.0%) 
disp_multiblend          0/0               0/0        ( 0.0%) 
disp_lmsamples        1296/0            1296/0        ( 0.0%) 
faces                 3128/65536      175168/3670016  ( 4.8%) 
hdr faces             3128/65536      175168/3670016  ( 4.8%) 
origfaces             2596/65536      145376/3670016  ( 4.0%) 
facebrushes            444/0             888/0        ( 0.0%) 
facebrushlists        3128/0           12512/0        ( 0.0%) 
leaves                2140/65536       68480/2097152  ( 3.3%) 
leaffaces             4177/65536        8354/131072   ( 6.4%) 
leafbrushes           3094/65536        6188/131072   ( 4.7%) 
areas                   12/256            96/2048     ( 4.7%) 
surfedges            25066/512000     100264/2048000  ( 4.9%) 
edges                15536/256000      62144/1024000  ( 6.1%) 
LDR worldlights         65/8192         6500/819200   ( 0.8%) 
HDR worldlights         65/8192         6500/819200   ( 0.8%) 
leafwaterdata            0/32768           0/393216   ( 0.0%) 
waterstrips            317/32768        3170/327680   ( 1.0%) 
waterverts               0/65536           0/786432   ( 0.0%) 
waterindices          5745/65536       11490/131072   ( 8.8%) 
cubemapsamples          13/1024          208/16384    ( 1.3%) 
overlays                35/512         12320/180224   ( 6.8%) 
LDR lightdata         [variable]     1669872/0        ( 0.0%) 
HDR lightdata         [variable]     1669872/0        ( 0.0%) 
visdata               [variable]       70324/16777216 ( 0.4%) 
entdata               [variable]      209043/393216   (53.2%) 
LDR ambient table     2140/65536        8560/262144   ( 3.3%) 
HDR ambient table     2140/65536        8560/262144   ( 3.3%) 
LDR leaf ambient      7039/65536      197092/1835008  (10.7%) 
HDR leaf ambient      7037/65536      197036/1835008  (10.7%) 
occluders                0/0               0/0        ( 0.0%) 
occluder polygons        0/0               0/0        ( 0.0%) 
occluder vert ind        0/0               0/0        ( 0.0%) 
detail props          [variable]           1/12       ( 8.3%) 
static props          [variable]           1/26212    ( 0.0%) 
pakfile               [variable]     4195870/0        ( 0.0%) 
physics               [variable]      543194/4194304  (13.0%) 
physics terrain       [variable]         209/1048576  ( 0.0%) 

Level flags = 3

Total triangle count: 8468
Writing c:\program files (x86)\steam\steamapps\common\portal 2\sdk_content\maps\wip\chapter 2\mp_coop_a2_laser_stairs.bsp
29 seconds elapsed
