


materialPath: C:\Program Files (x86)\Steam\steamapps\common\Portal 2\portal2\materials
Loading C:\Program Files (x86)\Steam\steamapps\common\Portal 2\sdk_content\maps\WIP\Chapter 2\mp_coop_a2_dual_lasers.vmf
ConVarRef gpu_level doesn't point to an existing ConVar
Patching WVT material: maps/mp_coop_a2_dual_lasers/metal/blendblackfloormetal_dirt02_wvt_patch
fixing up env_cubemap materials on brush sides...
0...1...2...3...4...5...6...7...8...9...100...1...2...3...4...5...6...7...8...9...10Processing areas...done (0)
Building Faces...done (0)
Chop Details...done (0)
Find Visible Detail Sides...
Merged 512 detail faces...done (0)
Merging details...done (0)
FixTjuncs...
PruneNodes...
WriteBSP...
done (0)
writing C:\Program Files (x86)\Steam\steamapps\common\Portal 2\sdk_content\maps\WIP\Chapter 2\mp_coop_a2_dual_lasers.prt...Building visibility clusters...
done (0)
Finding displacement neighbors...
Finding lightmap sample positions...
Displacement Alpha : 0...1...2...3...4...5...6...7...8...9...10
Building Physics collision data...
done (0) (421445 bytes)
Encountered obsolete static prop option to do its fade in screen space @ 528.00 224.00 1088.00
Encountered obsolete static prop option to do its fade in screen space @ 496.00 224.00 1088.00
Placing detail props : 0...1...2...3...4...5...6...7...8...9...10
Compacting texture/material tables...
Reduced 1805 texinfos to 963
Reduced 103 texdatas to 92 (3835 bytes to 3369)
Writing C:\Program Files (x86)\Steam\steamapps\common\Portal 2\sdk_content\maps\WIP\Chapter 2\mp_coop_a2_dual_lasers.bsp

nummapplanes:     (  6292 / 65536 )
nummapbrushes:    (  1089 /  8192 )
nummapbrushsides: (  8724 / 65536 )
num_map_overlays: (    21 /   512 )
nummodels:        (    96 /  1024 )
num_entities:     (   474 / 16384 )

1 second elapsed



24 threads
reading c:\program files (x86)\steam\steamapps\common\portal 2\sdk_content\maps\wip\chapter 2\mp_coop_a2_dual_lasers.bsp
reading c:\program files (x86)\steam\steamapps\common\portal 2\sdk_content\maps\wip\chapter 2\mp_coop_a2_dual_lasers.prt
 329 portalclusters
 827 numportals
0...1...2...3...4...5...6...7...8...9...10Optimized: 3249 visible clusters (0.00%)
Total clusters visible: 70940
Average clusters visible: 215
Building PAS...
Average clusters audible: 299
visdatasize:28251  compressed from 31584
writing c:\program files (x86)\steam\steamapps\common\portal 2\sdk_content\maps\wip\chapter 2\mp_coop_a2_dual_lasers.bsp
0 seconds elapsed



Could not find lights.rad in lights.rad.
Trying VRAD BIN directory instead...
Warning: Couldn't open texlight file C:\Program Files (x86)\Steam\steamapps\common\Portal 2\bin\lights.rad.
Loading c:\program files (x86)\steam\steamapps\common\portal 2\sdk_content\maps\wip\chapter 2\mp_coop_a2_dual_lasers.bsp
2364 faces
1 degenerate faces
212921 square feet [30660742.00 square inches]
8 Displacements
3053 Square Feet [439732.06 Square Inches]
2363 patches before subdivision
zero area child patch
24599 patches after subdivision
33 direct lights
0...1...2...3...4...5...6...7...8...9...100...1...2...3...4...5...6...7...8...9...10transfers 1912644, max 422
transfer lists:  14.6 megs
0...1...2...3...4...5...6...7...8...9...10	Bounce #1 added RGB(8933, 9603, 9208)
0...1...2...3...4...5...6...7...8...9...10	Bounce #2 added RGB(3007, 3239, 3034)
0...1...2...3...4...5...6...7...8...9...10	Bounce #3 added RGB(1115, 1206, 1117)
0...1...2...3...4...5...6...7...8...9...10	Bounce #4 added RGB(433, 469, 431)
0...1...2...3...4...5...6...7...8...9...10	Bounce #5 added RGB(174, 189, 173)
0...1...2...3...4...5...6...7...8...9...10	Bounce #6 added RGB(71, 78, 71)
0...1...2...3...4...5...6...7...8...9...10	Bounce #7 added RGB(30, 33, 30)
0...1...2...3...4...5...6...7...8...9...10	Bounce #8 added RGB(13, 14, 13)
0...1...2...3...4...5...6...7...8...9...10	Bounce #9 added RGB(6, 6, 6)
0...1...2...3...4...5...6...7...8...9...10	Bounce #10 added RGB(2, 3, 2)
0...1...2...3...4...5...6...7...8...9...10	Bounce #11 added RGB(1, 1, 1)
0...1...2...3...4...5...6...7...8...9...10	Bounce #12 added RGB(0, 1, 0)
Build Patch/Sample Hash Table(s).....Done<0.0037 sec>
0...1...2...3...4...5...6...7...8...9...10FinalLightFace Done
0 of 0 (0% of) surface lights went in leaf ambient cubes.
0...1...2...3...4...5...6...7...8...9...10Writing leaf ambient...done
Ready to Finish

Object names       Objects/Maxobjs  Memory / Maxmem  Fullness 
------------       ---------------  ---------------  -------- 
models                  96/1024         4608/49152    ( 9.4%) 
brushes               1089/8192        13068/98304    (13.3%) 
brushsides            8692/65536       69536/524288   (13.3%) 
planes                6292/65536      125840/1310720  ( 9.6%) 
vertexes              5073/65536       60876/786432   ( 7.7%) 
nodes                 1493/65536       47776/2097152  ( 2.3%) 
texinfos               963/12288       69336/884736   ( 7.8%) 
texdata                 92/2048         2944/65536    ( 4.5%) 
dispinfos                8/0            1408/0        ( 0.0%) 
disp_verts             648/0           12960/0        ( 0.0%) 
disp_tris             1024/0            2048/0        ( 0.0%) 
disp_multiblend          0/0               0/0        ( 0.0%) 
disp_lmsamples       21792/0           21792/0        ( 0.0%) 
faces                 2364/65536      132384/3670016  ( 3.6%) 
hdr faces                0/65536           0/3670016  ( 0.0%) 
origfaces             1913/65536      107128/3670016  ( 2.9%) 
facebrushes            344/0             688/0        ( 0.0%) 
facebrushlists        2364/0            9456/0        ( 0.0%) 
leaves                1590/65536       50880/2097152  ( 2.4%) 
leaffaces             3162/65536        6324/131072   ( 4.8%) 
leafbrushes           2245/65536        4490/131072   ( 3.4%) 
areas                   14/256           112/2048     ( 5.5%) 
surfedges            18620/512000      74480/2048000  ( 3.6%) 
edges                11497/256000      45988/1024000  ( 4.5%) 
LDR worldlights         33/8192         3300/819200   ( 0.4%) 
HDR worldlights          0/8192            0/819200   ( 0.0%) 
leafwaterdata            0/32768           0/393216   ( 0.0%) 
waterstrips            217/32768        2170/327680   ( 0.7%) 
waterverts               0/65536           0/786432   ( 0.0%) 
waterindices          3408/65536        6816/131072   ( 5.2%) 
cubemapsamples          11/1024          176/16384    ( 1.1%) 
overlays                21/512          7392/180224   ( 4.1%) 
LDR lightdata         [variable]     2891284/0        ( 0.0%) 
HDR lightdata         [variable]           0/0        ( 0.0%) 
visdata               [variable]       28251/16777216 ( 0.2%) 
entdata               [variable]      201382/393216   (51.2%) 
LDR ambient table     1590/65536        6360/262144   ( 2.4%) 
HDR ambient table     1590/65536        6360/262144   ( 2.4%) 
LDR leaf ambient      4231/65536      118468/1835008  ( 6.5%) 
HDR leaf ambient      1590/65536       44520/1835008  ( 2.4%) 
occluders                0/0               0/0        ( 0.0%) 
occluder polygons        0/0               0/0        ( 0.0%) 
occluder vert ind        0/0               0/0        ( 0.0%) 
detail props          [variable]           1/12       ( 8.3%) 
static props          [variable]           1/31120    ( 0.0%) 
pakfile               [variable]      903104/0        ( 0.0%) 
physics               [variable]      421445/4194304  (10.0%) 
physics terrain       [variable]        1686/1048576  ( 0.2%) 

Level flags = 0

Total triangle count: 6250
Writing c:\program files (x86)\steam\steamapps\common\portal 2\sdk_content\maps\wip\chapter 2\mp_coop_a2_dual_lasers.bsp
7 seconds elapsed



materialPath: C:\Program Files (x86)\Steam\steamapps\common\Portal 2\portal2\materials
Loading C:\Program Files (x86)\Steam\steamapps\common\Portal 2\sdk_content\maps\WIP\Chapter 2\mp_coop_a2_dual_lasers.vmf
ConVarRef gpu_level doesn't point to an existing ConVar
Patching WVT material: maps/mp_coop_a2_dual_lasers/metal/blendblackfloormetal_dirt02_wvt_patch
fixing up env_cubemap materials on brush sides...
0...1...2...3...4...5...6...7...8...9...100...1...2...3...4...5...6...7...8...9...10Processing areas...done (0)
Building Faces...done (0)
Chop Details...done (0)
Find Visible Detail Sides...
Merged 512 detail faces...done (0)
Merging details...done (0)
FixTjuncs...
PruneNodes...
WriteBSP...
done (0)
writing C:\Program Files (x86)\Steam\steamapps\common\Portal 2\sdk_content\maps\WIP\Chapter 2\mp_coop_a2_dual_lasers.prt...Building visibility clusters...
done (0)
Finding displacement neighbors...
Finding lightmap sample positions...
Displacement Alpha : 0...1...2...3...4...5...6...7...8...9...10
Building Physics collision data...
done (0) (421445 bytes)
Encountered obsolete static prop option to do its fade in screen space @ 528.00 224.00 1088.00
Encountered obsolete static prop option to do its fade in screen space @ 496.00 224.00 1088.00
Placing detail props : 0...1...2...3...4...5...6...7...8...9...10
Compacting texture/material tables...
Reduced 1805 texinfos to 963
Reduced 103 texdatas to 92 (3835 bytes to 3369)
Writing C:\Program Files (x86)\Steam\steamapps\common\Portal 2\sdk_content\maps\WIP\Chapter 2\mp_coop_a2_dual_lasers.bsp

nummapplanes:     (  6292 / 65536 )
nummapbrushes:    (  1089 /  8192 )
nummapbrushsides: (  8724 / 65536 )
num_map_overlays: (    21 /   512 )
nummodels:        (    96 /  1024 )
num_entities:     (   474 / 16384 )

1 second elapsed



24 threads
reading c:\program files (x86)\steam\steamapps\common\portal 2\sdk_content\maps\wip\chapter 2\mp_coop_a2_dual_lasers.bsp
reading c:\program files (x86)\steam\steamapps\common\portal 2\sdk_content\maps\wip\chapter 2\mp_coop_a2_dual_lasers.prt
 329 portalclusters
 827 numportals
0...1...2...3...4...5...6...7...8...9...10Optimized: 3249 visible clusters (0.00%)
Total clusters visible: 70940
Average clusters visible: 215
Building PAS...
Average clusters audible: 299
visdatasize:28251  compressed from 31584
writing c:\program files (x86)\steam\steamapps\common\portal 2\sdk_content\maps\wip\chapter 2\mp_coop_a2_dual_lasers.bsp
0 seconds elapsed



Could not find lights.rad in lights.rad.
Trying VRAD BIN directory instead...
Warning: Couldn't open texlight file C:\Program Files (x86)\Steam\steamapps\common\Portal 2\bin\lights.rad.
Loading c:\program files (x86)\steam\steamapps\common\portal 2\sdk_content\maps\wip\chapter 2\mp_coop_a2_dual_lasers.bsp
2364 faces
1 degenerate faces
212921 square feet [30660742.00 square inches]
8 Displacements
3053 Square Feet [439732.06 Square Inches]
2363 patches before subdivision
zero area child patch
24599 patches after subdivision
33 direct lights
0...1...2...3...4...5...6...7...8...9...100...1...2...3...4...5...6...7...8...9...10transfers 1912644, max 422
transfer lists:  14.6 megs
0...1...2...3...4...5...6...7...8...9...10	Bounce #1 added RGB(8933, 9603, 9208)
0...1...2...3...4...5...6...7...8...9...10	Bounce #2 added RGB(3007, 3239, 3034)
0...1...2...3...4...5...6...7...8...9...10	Bounce #3 added RGB(1115, 1206, 1117)
0...1...2...3...4...5...6...7...8...9...10	Bounce #4 added RGB(433, 469, 431)
0...1...2...3...4...5...6...7...8...9...10	Bounce #5 added RGB(174, 189, 173)
0...1...2...3...4...5...6...7...8...9...10	Bounce #6 added RGB(71, 78, 71)
0...1...2...3...4...5...6...7...8...9...10	Bounce #7 added RGB(30, 33, 30)
0...1...2...3...4...5...6...7...8...9...10	Bounce #8 added RGB(13, 14, 13)
0...1...2...3...4...5...6...7...8...9...10	Bounce #9 added RGB(6, 6, 6)
0...1...2...3...4...5...6...7...8...9...10	Bounce #10 added RGB(2, 3, 2)
0...1...2...3...4...5...6...7...8...9...10	Bounce #11 added RGB(1, 1, 1)
0...1...2...3...4...5...6...7...8...9...10	Bounce #12 added RGB(0, 1, 0)
Build Patch/Sample Hash Table(s).....Done<0.0038 sec>
0...1...2...3...4...5...6...7...8...9...10FinalLightFace Done
0 of 0 (0% of) surface lights went in leaf ambient cubes.
0...1...2...3...4...5...6...7...8...9...10Writing leaf ambient...done
Ready to Finish

Object names       Objects/Maxobjs  Memory / Maxmem  Fullness 
------------       ---------------  ---------------  -------- 
models                  96/1024         4608/49152    ( 9.4%) 
brushes               1089/8192        13068/98304    (13.3%) 
brushsides            8692/65536       69536/524288   (13.3%) 
planes                6292/65536      125840/1310720  ( 9.6%) 
vertexes              5073/65536       60876/786432   ( 7.7%) 
nodes                 1493/65536       47776/2097152  ( 2.3%) 
texinfos               963/12288       69336/884736   ( 7.8%) 
texdata                 92/2048         2944/65536    ( 4.5%) 
dispinfos                8/0            1408/0        ( 0.0%) 
disp_verts             648/0           12960/0        ( 0.0%) 
disp_tris             1024/0            2048/0        ( 0.0%) 
disp_multiblend          0/0               0/0        ( 0.0%) 
disp_lmsamples       21792/0           21792/0        ( 0.0%) 
faces                 2364/65536      132384/3670016  ( 3.6%) 
hdr faces                0/65536           0/3670016  ( 0.0%) 
origfaces             1913/65536      107128/3670016  ( 2.9%) 
facebrushes            344/0             688/0        ( 0.0%) 
facebrushlists        2364/0            9456/0        ( 0.0%) 
leaves                1590/65536       50880/2097152  ( 2.4%) 
leaffaces             3162/65536        6324/131072   ( 4.8%) 
leafbrushes           2245/65536        4490/131072   ( 3.4%) 
areas                   14/256           112/2048     ( 5.5%) 
surfedges            18620/512000      74480/2048000  ( 3.6%) 
edges                11497/256000      45988/1024000  ( 4.5%) 
LDR worldlights         33/8192         3300/819200   ( 0.4%) 
HDR worldlights          0/8192            0/819200   ( 0.0%) 
leafwaterdata            0/32768           0/393216   ( 0.0%) 
waterstrips            217/32768        2170/327680   ( 0.7%) 
waterverts               0/65536           0/786432   ( 0.0%) 
waterindices          3408/65536        6816/131072   ( 5.2%) 
cubemapsamples          11/1024          176/16384    ( 1.1%) 
overlays                21/512          7392/180224   ( 4.1%) 
LDR lightdata         [variable]     2891284/0        ( 0.0%) 
HDR lightdata         [variable]           0/0        ( 0.0%) 
visdata               [variable]       28251/16777216 ( 0.2%) 
entdata               [variable]      201382/393216   (51.2%) 
LDR ambient table     1590/65536        6360/262144   ( 2.4%) 
HDR ambient table     1590/65536        6360/262144   ( 2.4%) 
LDR leaf ambient      4231/65536      118468/1835008  ( 6.5%) 
HDR leaf ambient      1590/65536       44520/1835008  ( 2.4%) 
occluders                0/0               0/0        ( 0.0%) 
occluder polygons        0/0               0/0        ( 0.0%) 
occluder vert ind        0/0               0/0        ( 0.0%) 
detail props          [variable]           1/12       ( 8.3%) 
static props          [variable]           1/31120    ( 0.0%) 
pakfile               [variable]      903104/0        ( 0.0%) 
physics               [variable]      421445/4194304  (10.0%) 
physics terrain       [variable]        1686/1048576  ( 0.2%) 

Level flags = 0

Total triangle count: 6250
Writing c:\program files (x86)\steam\steamapps\common\portal 2\sdk_content\maps\wip\chapter 2\mp_coop_a2_dual_lasers.bsp
7 seconds elapsed



materialPath: C:\Program Files (x86)\Steam\steamapps\common\Portal 2\portal2\materials
Loading C:\Program Files (x86)\Steam\steamapps\common\Portal 2\sdk_content\maps\WIP\Chapter 2\mp_coop_a2_dual_lasers.vmf
ConVarRef gpu_level doesn't point to an existing ConVar
Patching WVT material: maps/mp_coop_a2_dual_lasers/metal/blendblackfloormetal_dirt02_wvt_patch
fixing up env_cubemap materials on brush sides...
0...1...2...3...4...5...6...7...8...9...100...1...2...3...4...5...6...7...8...9...10Processing areas...done (0)
Building Faces...done (0)
Chop Details...done (0)
Find Visible Detail Sides...
Merged 512 detail faces...done (0)
Merging details...done (0)
FixTjuncs...
PruneNodes...
WriteBSP...
done (0)
writing C:\Program Files (x86)\Steam\steamapps\common\Portal 2\sdk_content\maps\WIP\Chapter 2\mp_coop_a2_dual_lasers.prt...Building visibility clusters...
done (0)
Finding displacement neighbors...
Finding lightmap sample positions...
Displacement Alpha : 0...1...2...3...4...5...6...7...8...9...10
Building Physics collision data...
done (0) (421445 bytes)
Encountered obsolete static prop option to do its fade in screen space @ 528.00 224.00 1088.00
Encountered obsolete static prop option to do its fade in screen space @ 496.00 224.00 1088.00
Placing detail props : 0...1...2...3...4...5...6...7...8...9...10
Compacting texture/material tables...
Reduced 1805 texinfos to 963
Reduced 103 texdatas to 92 (3835 bytes to 3369)
Writing C:\Program Files (x86)\Steam\steamapps\common\Portal 2\sdk_content\maps\WIP\Chapter 2\mp_coop_a2_dual_lasers.bsp

nummapplanes:     (  6292 / 65536 )
nummapbrushes:    (  1089 /  8192 )
nummapbrushsides: (  8724 / 65536 )
num_map_overlays: (    21 /   512 )
nummodels:        (    96 /  1024 )
num_entities:     (   474 / 16384 )

1 second elapsed



24 threads
reading c:\program files (x86)\steam\steamapps\common\portal 2\sdk_content\maps\wip\chapter 2\mp_coop_a2_dual_lasers.bsp
reading c:\program files (x86)\steam\steamapps\common\portal 2\sdk_content\maps\wip\chapter 2\mp_coop_a2_dual_lasers.prt
 329 portalclusters
 827 numportals
0...1...2...3...4...5...6...7...8...9...10Optimized: 3249 visible clusters (0.00%)
Total clusters visible: 70940
Average clusters visible: 215
Building PAS...
Average clusters audible: 299
visdatasize:28251  compressed from 31584
writing c:\program files (x86)\steam\steamapps\common\portal 2\sdk_content\maps\wip\chapter 2\mp_coop_a2_dual_lasers.bsp
0 seconds elapsed



[Reading texlights from 'lights.rad']
[59 texlights parsed from 'lights.rad']

Loading c:\program files (x86)\steam\steamapps\common\portal 2\sdk_content\maps\wip\chapter 2\mp_coop_a2_dual_lasers.bsp
2364 faces
1 degenerate faces
212921 square feet [30660742.00 square inches]
8 Displacements
3053 Square Feet [439732.06 Square Inches]
2363 patches before subdivision
zero area child patch
24613 patches after subdivision
45 direct lights
0...1...2...3...4...5...6...7...8...9...100...1...2...3...4...5...6...7...8...9...10transfers 1913920, max 422
transfer lists:  14.6 megs
0...1...2...3...4...5...6...7...8...9...10	Bounce #1 added RGB(9818, 11094, 10888)
0...1...2...3...4...5...6...7...8...9...10	Bounce #2 added RGB(3332, 3783, 3643)
0...1...2...3...4...5...6...7...8...9...10	Bounce #3 added RGB(1272, 1469, 1413)
0...1...2...3...4...5...6...7...8...9...10	Bounce #4 added RGB(501, 584, 559)
0...1...2...3...4...5...6...7...8...9...10	Bounce #5 added RGB(205, 241, 231)
0...1...2...3...4...5...6...7...8...9...10	Bounce #6 added RGB(86, 101, 97)
0...1...2...3...4...5...6...7...8...9...10	Bounce #7 added RGB(36, 43, 42)
0...1...2...3...4...5...6...7...8...9...10	Bounce #8 added RGB(16, 19, 18)
0...1...2...3...4...5...6...7...8...9...10	Bounce #9 added RGB(7, 8, 8)
0...1...2...3...4...5...6...7...8...9...10	Bounce #10 added RGB(3, 4, 4)
0...1...2...3...4...5...6...7...8...9...10	Bounce #11 added RGB(1, 2, 2)
0...1...2...3...4...5...6...7...8...9...10	Bounce #12 added RGB(1, 1, 1)
Build Patch/Sample Hash Table(s).....Done<0.0037 sec>
0...1...2...3...4...5...6...7...8...9...10FinalLightFace Done
12 of 12 (100% of) surface lights went in leaf ambient cubes.
0...1...2...3...4...5...6...7...8...9...10Writing leaf ambient...done
Ready to Finish

Object names       Objects/Maxobjs  Memory / Maxmem  Fullness 
------------       ---------------  ---------------  -------- 
models                  96/1024         4608/49152    ( 9.4%) 
brushes               1089/8192        13068/98304    (13.3%) 
brushsides            8692/65536       69536/524288   (13.3%) 
planes                6292/65536      125840/1310720  ( 9.6%) 
vertexes              5073/65536       60876/786432   ( 7.7%) 
nodes                 1493/65536       47776/2097152  ( 2.3%) 
texinfos               963/12288       69336/884736   ( 7.8%) 
texdata                 92/2048         2944/65536    ( 4.5%) 
dispinfos                8/0            1408/0        ( 0.0%) 
disp_verts             648/0           12960/0        ( 0.0%) 
disp_tris             1024/0            2048/0        ( 0.0%) 
disp_multiblend          0/0               0/0        ( 0.0%) 
disp_lmsamples       21792/0           21792/0        ( 0.0%) 
faces                 2364/65536      132384/3670016  ( 3.6%) 
hdr faces                0/65536           0/3670016  ( 0.0%) 
origfaces             1913/65536      107128/3670016  ( 2.9%) 
facebrushes            344/0             688/0        ( 0.0%) 
facebrushlists        2364/0            9456/0        ( 0.0%) 
leaves                1590/65536       50880/2097152  ( 2.4%) 
leaffaces             3162/65536        6324/131072   ( 4.8%) 
leafbrushes           2245/65536        4490/131072   ( 3.4%) 
areas                   14/256           112/2048     ( 5.5%) 
surfedges            18620/512000      74480/2048000  ( 3.6%) 
edges                11497/256000      45988/1024000  ( 4.5%) 
LDR worldlights         45/8192         4500/819200   ( 0.5%) 
HDR worldlights          0/8192            0/819200   ( 0.0%) 
leafwaterdata            0/32768           0/393216   ( 0.0%) 
waterstrips            217/32768        2170/327680   ( 0.7%) 
waterverts               0/65536           0/786432   ( 0.0%) 
waterindices          3408/65536        6816/131072   ( 5.2%) 
cubemapsamples          11/1024          176/16384    ( 1.1%) 
overlays                21/512          7392/180224   ( 4.1%) 
LDR lightdata         [variable]     2891284/0        ( 0.0%) 
HDR lightdata         [variable]           0/0        ( 0.0%) 
visdata               [variable]       28251/16777216 ( 0.2%) 
entdata               [variable]      201385/393216   (51.2%) 
LDR ambient table     1590/65536        6360/262144   ( 2.4%) 
HDR ambient table     1590/65536        6360/262144   ( 2.4%) 
LDR leaf ambient      4329/65536      121212/1835008  ( 6.6%) 
HDR leaf ambient      1590/65536       44520/1835008  ( 2.4%) 
occluders                0/0               0/0        ( 0.0%) 
occluder polygons        0/0               0/0        ( 0.0%) 
occluder vert ind        0/0               0/0        ( 0.0%) 
detail props          [variable]           1/12       ( 8.3%) 
static props          [variable]           1/31120    ( 0.0%) 
pakfile               [variable]      903104/0        ( 0.0%) 
physics               [variable]      421445/4194304  (10.0%) 
physics terrain       [variable]        1686/1048576  ( 0.2%) 

Level flags = 0

Total triangle count: 6250
Writing c:\program files (x86)\steam\steamapps\common\portal 2\sdk_content\maps\wip\chapter 2\mp_coop_a2_dual_lasers.bsp
7 seconds elapsed



materialPath: C:\Program Files (x86)\Steam\steamapps\common\Portal 2\portal2\materials
Loading C:\Program Files (x86)\Steam\steamapps\common\Portal 2\sdk_content\maps\WIP\Chapter 2\mp_coop_a2_dual_lasers.vmf
ConVarRef gpu_level doesn't point to an existing ConVar
Patching WVT material: maps/mp_coop_a2_dual_lasers/metal/blendblackfloormetal_dirt02_wvt_patch
fixing up env_cubemap materials on brush sides...
0...1...2...3...4...5...6...7...8...9...100...1...2...3...4...5...6...7...8...9...10Processing areas...done (0)
Building Faces...done (0)
Chop Details...done (0)
Find Visible Detail Sides...
Merged 512 detail faces...done (0)
Merging details...done (0)
FixTjuncs...
PruneNodes...
WriteBSP...
done (0)
writing C:\Program Files (x86)\Steam\steamapps\common\Portal 2\sdk_content\maps\WIP\Chapter 2\mp_coop_a2_dual_lasers.prt...Building visibility clusters...
done (0)
Finding displacement neighbors...
Finding lightmap sample positions...
Displacement Alpha : 0...1...2...3...4...5...6...7...8...9...10
Building Physics collision data...
done (0) (418239 bytes)
Encountered obsolete static prop option to do its fade in screen space @ 528.00 224.00 1088.00
Encountered obsolete static prop option to do its fade in screen space @ 496.00 224.00 1088.00
Placing detail props : 0...1...2...3...4...5...6...7...8...9...10
Compacting texture/material tables...
Reduced 1797 texinfos to 957
Reduced 103 texdatas to 92 (3835 bytes to 3369)
Writing C:\Program Files (x86)\Steam\steamapps\common\Portal 2\sdk_content\maps\WIP\Chapter 2\mp_coop_a2_dual_lasers.bsp

nummapplanes:     (  6282 / 65536 )
nummapbrushes:    (  1081 /  8192 )
nummapbrushsides: (  8676 / 65536 )
num_map_overlays: (    21 /   512 )
nummodels:        (    94 /  1024 )
num_entities:     (   470 / 16384 )

1 second elapsed



24 threads
reading c:\program files (x86)\steam\steamapps\common\portal 2\sdk_content\maps\wip\chapter 2\mp_coop_a2_dual_lasers.bsp
reading c:\program files (x86)\steam\steamapps\common\portal 2\sdk_content\maps\wip\chapter 2\mp_coop_a2_dual_lasers.prt
 327 portalclusters
 823 numportals
0...1...2...3...4...5...6...7...8...9...10Optimized: 3232 visible clusters (0.00%)
Total clusters visible: 70889
Average clusters visible: 216
Building PAS...
Average clusters audible: 301
visdatasize:27575  compressed from 31392
writing c:\program files (x86)\steam\steamapps\common\portal 2\sdk_content\maps\wip\chapter 2\mp_coop_a2_dual_lasers.bsp
0 seconds elapsed



[Reading texlights from 'lights.rad']
[59 texlights parsed from 'lights.rad']

Loading c:\program files (x86)\steam\steamapps\common\portal 2\sdk_content\maps\wip\chapter 2\mp_coop_a2_dual_lasers.bsp



materialPath: C:\Program Files (x86)\Steam\steamapps\common\Portal 2\portal2\materials
Loading C:\Program Files (x86)\Steam\steamapps\common\Portal 2\sdk_content\maps\WIP\Chapter 2\mp_coop_a2_dual_lasers.vmf
ConVarRef gpu_level doesn't point to an existing ConVar
Patching WVT material: maps/mp_coop_a2_dual_lasers/metal/blendblackfloormetal_dirt02_wvt_patch
fixing up env_cubemap materials on brush sides...
0...1...2...3...4...5...6...7...8...9...100...1...2...3...4...5...6...7...8...9...10Processing areas...done (0)
Building Faces...done (0)
Chop Details...done (0)
Find Visible Detail Sides...
Merged 512 detail faces...done (0)
Merging details...done (0)
FixTjuncs...
PruneNodes...
WriteBSP...
done (0)
writing C:\Program Files (x86)\Steam\steamapps\common\Portal 2\sdk_content\maps\WIP\Chapter 2\mp_coop_a2_dual_lasers.prt...Building visibility clusters...
done (0)
Finding displacement neighbors...
Finding lightmap sample positions...
Displacement Alpha : 0...1...2...3...4...5...6...7...8...9...10
Building Physics collision data...
done (0) (418794 bytes)
Encountered obsolete static prop option to do its fade in screen space @ 528.00 224.00 1088.00
Encountered obsolete static prop option to do its fade in screen space @ 496.00 224.00 1088.00
Placing detail props : 0...1...2...3...4...5...6...7...8...9...10
Compacting texture/material tables...
Reduced 1802 texinfos to 960
Reduced 103 texdatas to 92 (3835 bytes to 3369)
Writing C:\Program Files (x86)\Steam\steamapps\common\Portal 2\sdk_content\maps\WIP\Chapter 2\mp_coop_a2_dual_lasers.bsp

nummapplanes:     (  6290 / 65536 )
nummapbrushes:    (  1082 /  8192 )
nummapbrushsides: (  8682 / 65536 )
num_map_overlays: (    21 /   512 )
nummodels:        (    95 /  1024 )
num_entities:     (   471 / 16384 )

1 second elapsed



24 threads
reading c:\program files (x86)\steam\steamapps\common\portal 2\sdk_content\maps\wip\chapter 2\mp_coop_a2_dual_lasers.bsp
reading c:\program files (x86)\steam\steamapps\common\portal 2\sdk_content\maps\wip\chapter 2\mp_coop_a2_dual_lasers.prt
 327 portalclusters
 823 numportals
0...1...2...3...4...5...6...7...8...9...10Optimized: 3232 visible clusters (0.00%)
Total clusters visible: 70889
Average clusters visible: 216
Building PAS...
Average clusters audible: 301
visdatasize:27575  compressed from 31392
writing c:\program files (x86)\steam\steamapps\common\portal 2\sdk_content\maps\wip\chapter 2\mp_coop_a2_dual_lasers.bsp
0 seconds elapsed



[Reading texlights from 'lights.rad']
[59 texlights parsed from 'lights.rad']

Loading c:\program files (x86)\steam\steamapps\common\portal 2\sdk_content\maps\wip\chapter 2\mp_coop_a2_dual_lasers.bsp
2351 faces
1 degenerate faces
211613 square feet [30472326.00 square inches]
8 Displacements
3053 Square Feet [439732.06 Square Inches]
2350 patches before subdivision
zero area child patch
24454 patches after subdivision
45 direct lights
0...1...2...3...4...5...6...7...8...9...100...1...2...3...4...5...6...7...8...9...10transfers 1909519, max 424
transfer lists:  14.6 megs
0...1...2...3...4...5...6...7...8...9...10	Bounce #1 added RGB(9822, 11098, 10891)
0...1...2...3...4...5...6...7...8...9...10	Bounce #2 added RGB(3334, 3784, 3644)
0...1...2...3...4...5...6...7...8...9...10	Bounce #3 added RGB(1272, 1470, 1413)
0...1...2...3...4...5...6...7...8...9...10	Bounce #4 added RGB(502, 584, 559)
0...1...2...3...4...5...6...7...8...9...10	Bounce #5 added RGB(205, 241, 231)
0...1...2...3...4...5...6...7...8...9...10	Bounce #6 added RGB(86, 101, 97)
0...1...2...3...4...5...6...7...8...9...10	Bounce #7 added RGB(36, 43, 42)
0...1...2...3...4...5...6...7...8...9...10	Bounce #8 added RGB(16, 19, 18)
0...1...2...3...4...5...6...7...8...9...10	Bounce #9 added RGB(7, 8, 8)
0...1...2...3...4...5...6...7...8...9...10	Bounce #10 added RGB(3, 4, 4)
0...1...2...3...4...5...6...7...8...9...10	Bounce #11 added RGB(1, 2, 2)
0...1...2...3...4...5...6...7...8...9...10	Bounce #12 added RGB(1, 1, 1)
Build Patch/Sample Hash Table(s).....Done<0.0034 sec>
0...1...2...3...4...5...6...7...8...9...10FinalLightFace Done
12 of 12 (100% of) surface lights went in leaf ambient cubes.
0...1...2...3...4...5...6...7...8...9...10Writing leaf ambient...done
Ready to Finish

Object names       Objects/Maxobjs  Memory / Maxmem  Fullness 
------------       ---------------  ---------------  -------- 
models                  95/1024         4560/49152    ( 9.3%) 
brushes               1082/8192        12984/98304    (13.2%) 
brushsides            8650/65536       69200/524288   (13.2%) 
planes                6290/65536      125800/1310720  ( 9.6%) 
vertexes              5042/65536       60504/786432   ( 7.7%) 
nodes                 1483/65536       47456/2097152  ( 2.3%) 
texinfos               960/12288       69120/884736   ( 7.8%) 
texdata                 92/2048         2944/65536    ( 4.5%) 
dispinfos                8/0            1408/0        ( 0.0%) 
disp_verts             648/0           12960/0        ( 0.0%) 
disp_tris             1024/0            2048/0        ( 0.0%) 
disp_multiblend          0/0               0/0        ( 0.0%) 
disp_lmsamples       21792/0           21792/0        ( 0.0%) 
faces                 2351/65536      131656/3670016  ( 3.6%) 
hdr faces                0/65536           0/3670016  ( 0.0%) 
origfaces             1900/65536      106400/3670016  ( 2.9%) 
facebrushes            347/0             694/0        ( 0.0%) 
facebrushlists        2351/0            9404/0        ( 0.0%) 
leaves                1579/65536       50528/2097152  ( 2.4%) 
leaffaces             3133/65536        6266/131072   ( 4.8%) 
leafbrushes           2236/65536        4472/131072   ( 3.4%) 
areas                   13/256           104/2048     ( 5.1%) 
surfedges            18516/512000      74064/2048000  ( 3.6%) 
edges                11431/256000      45724/1024000  ( 4.5%) 
LDR worldlights         45/8192         4500/819200   ( 0.5%) 
HDR worldlights          0/8192            0/819200   ( 0.0%) 
leafwaterdata            0/32768           0/393216   ( 0.0%) 
waterstrips            215/32768        2150/327680   ( 0.7%) 
waterverts               0/65536           0/786432   ( 0.0%) 
waterindices          3390/65536        6780/131072   ( 5.2%) 
cubemapsamples          11/1024          176/16384    ( 1.1%) 
overlays                21/512          7392/180224   ( 4.1%) 
LDR lightdata         [variable]     2882132/0        ( 0.0%) 
HDR lightdata         [variable]           0/0        ( 0.0%) 
visdata               [variable]       27575/16777216 ( 0.2%) 
entdata               [variable]      201000/393216   (51.1%) 
LDR ambient table     1579/65536        6316/262144   ( 2.4%) 
HDR ambient table     1579/65536        6316/262144   ( 2.4%) 
LDR leaf ambient      4329/65536      121212/1835008  ( 6.6%) 
HDR leaf ambient      1579/65536       44212/1835008  ( 2.4%) 
occluders                0/0               0/0        ( 0.0%) 
occluder polygons        0/0               0/0        ( 0.0%) 
occluder vert ind        0/0               0/0        ( 0.0%) 
detail props          [variable]           1/12       ( 8.3%) 
static props          [variable]           1/31118    ( 0.0%) 
pakfile               [variable]      903104/0        ( 0.0%) 
physics               [variable]      418794/4194304  (10.0%) 
physics terrain       [variable]        1686/1048576  ( 0.2%) 

Level flags = 0

Total triangle count: 6224
Writing c:\program files (x86)\steam\steamapps\common\portal 2\sdk_content\maps\wip\chapter 2\mp_coop_a2_dual_lasers.bsp
7 seconds elapsed



materialPath: C:\Program Files (x86)\Steam\steamapps\common\Portal 2\portal2\materials
Loading C:\Program Files (x86)\Steam\steamapps\common\Portal 2\sdk_content\maps\WIP\Chapter 2\mp_coop_a2_dual_lasers.vmf
ConVarRef gpu_level doesn't point to an existing ConVar
Patching WVT material: maps/mp_coop_a2_dual_lasers/metal/blendblackfloormetal_dirt02_wvt_patch
fixing up env_cubemap materials on brush sides...
0...1...2...3...4...5...6...7...8...9...100...1...2...3...4...5...6...7...8...9...10Processing areas...done (0)
Building Faces...done (0)
Chop Details...done (0)
Find Visible Detail Sides...
Merged 512 detail faces...done (0)
Merging details...done (0)
FixTjuncs...
PruneNodes...
WriteBSP...
done (0)
writing C:\Program Files (x86)\Steam\steamapps\common\Portal 2\sdk_content\maps\WIP\Chapter 2\mp_coop_a2_dual_lasers.prt...Building visibility clusters...
done (0)
Finding displacement neighbors...
Finding lightmap sample positions...
Displacement Alpha : 0...1...2...3...4...5...6...7...8...9...10
Building Physics collision data...
done (0) (418794 bytes)
Encountered obsolete static prop option to do its fade in screen space @ 528.00 224.00 1088.00
Encountered obsolete static prop option to do its fade in screen space @ 496.00 224.00 1088.00
Placing detail props : 0...1...2...3...4...5...6...7...8...9...10
Compacting texture/material tables...
Reduced 1802 texinfos to 960
Reduced 103 texdatas to 92 (3835 bytes to 3369)
Writing C:\Program Files (x86)\Steam\steamapps\common\Portal 2\sdk_content\maps\WIP\Chapter 2\mp_coop_a2_dual_lasers.bsp

nummapplanes:     (  6290 / 65536 )
nummapbrushes:    (  1082 /  8192 )
nummapbrushsides: (  8682 / 65536 )
num_map_overlays: (    21 /   512 )
nummodels:        (    95 /  1024 )
num_entities:     (   471 / 16384 )

1 second elapsed



24 threads
reading c:\program files (x86)\steam\steamapps\common\portal 2\sdk_content\maps\wip\chapter 2\mp_coop_a2_dual_lasers.bsp
reading c:\program files (x86)\steam\steamapps\common\portal 2\sdk_content\maps\wip\chapter 2\mp_coop_a2_dual_lasers.prt
 327 portalclusters
 823 numportals
0...1...2...3...4...5...6...7...8...9...10Optimized: 3232 visible clusters (0.00%)
Total clusters visible: 70889
Average clusters visible: 216
Building PAS...
Average clusters audible: 301
visdatasize:27575  compressed from 31392
writing c:\program files (x86)\steam\steamapps\common\portal 2\sdk_content\maps\wip\chapter 2\mp_coop_a2_dual_lasers.bsp
0 seconds elapsed



[Reading texlights from 'lights.rad']
[59 texlights parsed from 'lights.rad']

Loading c:\program files (x86)\steam\steamapps\common\portal 2\sdk_content\maps\wip\chapter 2\mp_coop_a2_dual_lasers.bsp
2351 faces
1 degenerate faces
211613 square feet [30472326.00 square inches]
8 Displacements
3053 Square Feet [439732.06 Square Inches]
2350 patches before subdivision
zero area child patch
24454 patches after subdivision
45 direct lights
0...1...2...3...4...5...6...7...8...9...100...1...2...3...4...5...6...7...8...9...10transfers 1909519, max 424
transfer lists:  14.6 megs
0...1...2...3...4...5...6...7...8...9...10	Bounce #1 added RGB(9822, 11098, 10891)
0...1...2...3...4...5...6...7...8...9...10	Bounce #2 added RGB(3334, 3784, 3644)
0...1...2...3...4...5...6...7...8...9...10	Bounce #3 added RGB(1272, 1470, 1413)
0...1...2...3...4...5...6...7...8...9...10	Bounce #4 added RGB(502, 584, 559)
0...1...2...3...4...5...6...7...8...9...10	Bounce #5 added RGB(205, 241, 231)
0...1...2...3...4...5...6...7...8...9...10	Bounce #6 added RGB(86, 101, 97)
0...1...2...3...4...5...6...7...8...9...10	Bounce #7 added RGB(36, 43, 42)
0...1...2...3...4...5...6...7...8...9...10	Bounce #8 added RGB(16, 19, 18)
0...1...2...3...4...5...6...7...8...9...10	Bounce #9 added RGB(7, 8, 8)
0...1...2...3...4...5...6...7...8...9...10	Bounce #10 added RGB(3, 4, 4)
0...1...2...3...4...5...6...7...8...9...10	Bounce #11 added RGB(1, 2, 2)
0...1...2...3...4...5...6...7...8...9...10	Bounce #12 added RGB(1, 1, 1)
Build Patch/Sample Hash Table(s).....Done<0.0038 sec>
0...1...2...3...4...5...6...7...8...9...10FinalLightFace Done
12 of 12 (100% of) surface lights went in leaf ambient cubes.
0...1...2...3...4...5...6...7...8...9...10Writing leaf ambient...done
Ready to Finish

Object names       Objects/Maxobjs  Memory / Maxmem  Fullness 
------------       ---------------  ---------------  -------- 
models                  95/1024         4560/49152    ( 9.3%) 
brushes               1082/8192        12984/98304    (13.2%) 
brushsides            8650/65536       69200/524288   (13.2%) 
planes                6290/65536      125800/1310720  ( 9.6%) 
vertexes              5042/65536       60504/786432   ( 7.7%) 
nodes                 1483/65536       47456/2097152  ( 2.3%) 
texinfos               960/12288       69120/884736   ( 7.8%) 
texdata                 92/2048         2944/65536    ( 4.5%) 
dispinfos                8/0            1408/0        ( 0.0%) 
disp_verts             648/0           12960/0        ( 0.0%) 
disp_tris             1024/0            2048/0        ( 0.0%) 
disp_multiblend          0/0               0/0        ( 0.0%) 
disp_lmsamples       21792/0           21792/0        ( 0.0%) 
faces                 2351/65536      131656/3670016  ( 3.6%) 
hdr faces                0/65536           0/3670016  ( 0.0%) 
origfaces             1900/65536      106400/3670016  ( 2.9%) 
facebrushes            347/0             694/0        ( 0.0%) 
facebrushlists        2351/0            9404/0        ( 0.0%) 
leaves                1579/65536       50528/2097152  ( 2.4%) 
leaffaces             3133/65536        6266/131072   ( 4.8%) 
leafbrushes           2236/65536        4472/131072   ( 3.4%) 
areas                   13/256           104/2048     ( 5.1%) 
surfedges            18516/512000      74064/2048000  ( 3.6%) 
edges                11431/256000      45724/1024000  ( 4.5%) 
LDR worldlights         45/8192         4500/819200   ( 0.5%) 
HDR worldlights          0/8192            0/819200   ( 0.0%) 
leafwaterdata            0/32768           0/393216   ( 0.0%) 
waterstrips            215/32768        2150/327680   ( 0.7%) 
waterverts               0/65536           0/786432   ( 0.0%) 
waterindices          3390/65536        6780/131072   ( 5.2%) 
cubemapsamples          11/1024          176/16384    ( 1.1%) 
overlays                21/512          7392/180224   ( 4.1%) 
LDR lightdata         [variable]     2882132/0        ( 0.0%) 
HDR lightdata         [variable]           0/0        ( 0.0%) 
visdata               [variable]       27575/16777216 ( 0.2%) 
entdata               [variable]      201002/393216   (51.1%) 
LDR ambient table     1579/65536        6316/262144   ( 2.4%) 
HDR ambient table     1579/65536        6316/262144   ( 2.4%) 
LDR leaf ambient      4329/65536      121212/1835008  ( 6.6%) 
HDR leaf ambient      1579/65536       44212/1835008  ( 2.4%) 
occluders                0/0               0/0        ( 0.0%) 
occluder polygons        0/0               0/0        ( 0.0%) 
occluder vert ind        0/0               0/0        ( 0.0%) 
detail props          [variable]           1/12       ( 8.3%) 
static props          [variable]           1/31118    ( 0.0%) 
pakfile               [variable]      903104/0        ( 0.0%) 
physics               [variable]      418794/4194304  (10.0%) 
physics terrain       [variable]        1686/1048576  ( 0.2%) 

Level flags = 0

Total triangle count: 6224
Writing c:\program files (x86)\steam\steamapps\common\portal 2\sdk_content\maps\wip\chapter 2\mp_coop_a2_dual_lasers.bsp
7 seconds elapsed



materialPath: C:\Program Files (x86)\Steam\steamapps\common\Portal 2\portal2\materials
Loading C:\Program Files (x86)\Steam\steamapps\common\Portal 2\sdk_content\maps\WIP\Chapter 2\mp_coop_a2_dual_lasers.vmf
ConVarRef gpu_level doesn't point to an existing ConVar
Patching WVT material: maps/mp_coop_a2_dual_lasers/metal/blendblackfloormetal_dirt02_wvt_patch
fixing up env_cubemap materials on brush sides...
0...1...2...3...4...5...6...7...8...9...100...1...2...3...4...5...6...7...8...9...10Processing areas...done (0)
Building Faces...done (0)
Chop Details...done (0)
Find Visible Detail Sides...
Merged 512 detail faces...done (0)
Merging details...done (0)
FixTjuncs...
PruneNodes...
WriteBSP...
done (0)
writing C:\Program Files (x86)\Steam\steamapps\common\Portal 2\sdk_content\maps\WIP\Chapter 2\mp_coop_a2_dual_lasers.prt...Building visibility clusters...
done (0)
Finding displacement neighbors...
Finding lightmap sample positions...
Displacement Alpha : 0...1...2...3...4...5...6...7...8...9...10
Building Physics collision data...
done (0) (418794 bytes)
Encountered obsolete static prop option to do its fade in screen space @ 528.00 224.00 1088.00
Encountered obsolete static prop option to do its fade in screen space @ 496.00 224.00 1088.00
Placing detail props : 0...1...2...3...4...5...6...7...8...9...10
Compacting texture/material tables...
Reduced 1802 texinfos to 960
Reduced 103 texdatas to 92 (3835 bytes to 3369)
Writing C:\Program Files (x86)\Steam\steamapps\common\Portal 2\sdk_content\maps\WIP\Chapter 2\mp_coop_a2_dual_lasers.bsp

nummapplanes:     (  6290 / 65536 )
nummapbrushes:    (  1082 /  8192 )
nummapbrushsides: (  8682 / 65536 )
num_map_overlays: (    21 /   512 )
nummodels:        (    95 /  1024 )
num_entities:     (   471 / 16384 )

1 second elapsed



24 threads
reading c:\program files (x86)\steam\steamapps\common\portal 2\sdk_content\maps\wip\chapter 2\mp_coop_a2_dual_lasers.bsp
reading c:\program files (x86)\steam\steamapps\common\portal 2\sdk_content\maps\wip\chapter 2\mp_coop_a2_dual_lasers.prt
 327 portalclusters
 823 numportals
0...1...2...3...4...5...6...7...8...9...10Optimized: 3232 visible clusters (0.00%)
Total clusters visible: 70889
Average clusters visible: 216
Building PAS...
Average clusters audible: 301
visdatasize:27575  compressed from 31392
writing c:\program files (x86)\steam\steamapps\common\portal 2\sdk_content\maps\wip\chapter 2\mp_coop_a2_dual_lasers.bsp
0 seconds elapsed



[Reading texlights from 'lights.rad']
[59 texlights parsed from 'lights.rad']

Loading c:\program files (x86)\steam\steamapps\common\portal 2\sdk_content\maps\wip\chapter 2\mp_coop_a2_dual_lasers.bsp
2351 faces
1 degenerate faces
211613 square feet [30472326.00 square inches]
8 Displacements
3053 Square Feet [439732.06 Square Inches]
2350 patches before subdivision
zero area child patch
24454 patches after subdivision
45 direct lights
0...1...2...3...4...5...6...7...8...9...100...1...2...3...4...5...6...7...8...9...10transfers 1909519, max 424
transfer lists:  14.6 megs
0...1...2...3...4...5...6...7...8...9...10	Bounce #1 added RGB(9822, 11098, 10891)
0...1...2...3...4...5...6...7...8...9...10	Bounce #2 added RGB(3334, 3784, 3644)
0...1...2...3...4...5...6...7...8...9...10	Bounce #3 added RGB(1272, 1470, 1413)
0...1...2...3...4...5...6...7...8...9...10	Bounce #4 added RGB(502, 584, 559)
0...1...2...3...4...5...6...7...8...9...10	Bounce #5 added RGB(205, 241, 231)
0...1...2...3...4...5...6...7...8...9...10	Bounce #6 added RGB(86, 101, 97)
0...1...2...3...4...5...6...7...8...9...10	Bounce #7 added RGB(36, 43, 42)
0...1...2...3...4...5...6...7...8...9...10	Bounce #8 added RGB(16, 19, 18)
0...1...2...3...4...5...6...7...8...9...10	Bounce #9 added RGB(7, 8, 8)
0...1...2...3...4...5...6...7...8...9...10	Bounce #10 added RGB(3, 4, 4)
0...1...2...3...4...5...6...7...8...9...10	Bounce #11 added RGB(1, 2, 2)
0...1...2...3...4...5...6...7...8...9...10	Bounce #12 added RGB(1, 1, 1)
Build Patch/Sample Hash Table(s).....Done<0.0035 sec>
0...1...2...3...4...5...6...7...8...9...10FinalLightFace Done
12 of 12 (100% of) surface lights went in leaf ambient cubes.
0...1...2...3...4...5...6...7...8...9...10Writing leaf ambient...done
Ready to Finish

Object names       Objects/Maxobjs  Memory / Maxmem  Fullness 
------------       ---------------  ---------------  -------- 
models                  95/1024         4560/49152    ( 9.3%) 
brushes               1082/8192        12984/98304    (13.2%) 
brushsides            8650/65536       69200/524288   (13.2%) 
planes                6290/65536      125800/1310720  ( 9.6%) 
vertexes              5042/65536       60504/786432   ( 7.7%) 
nodes                 1483/65536       47456/2097152  ( 2.3%) 
texinfos               960/12288       69120/884736   ( 7.8%) 
texdata                 92/2048         2944/65536    ( 4.5%) 
dispinfos                8/0            1408/0        ( 0.0%) 
disp_verts             648/0           12960/0        ( 0.0%) 
disp_tris             1024/0            2048/0        ( 0.0%) 
disp_multiblend          0/0               0/0        ( 0.0%) 
disp_lmsamples       21792/0           21792/0        ( 0.0%) 
faces                 2351/65536      131656/3670016  ( 3.6%) 
hdr faces                0/65536           0/3670016  ( 0.0%) 
origfaces             1900/65536      106400/3670016  ( 2.9%) 
facebrushes            347/0             694/0        ( 0.0%) 
facebrushlists        2351/0            9404/0        ( 0.0%) 
leaves                1579/65536       50528/2097152  ( 2.4%) 
leaffaces             3133/65536        6266/131072   ( 4.8%) 
leafbrushes           2236/65536        4472/131072   ( 3.4%) 
areas                   13/256           104/2048     ( 5.1%) 
surfedges            18516/512000      74064/2048000  ( 3.6%) 
edges                11431/256000      45724/1024000  ( 4.5%) 
LDR worldlights         45/8192         4500/819200   ( 0.5%) 
HDR worldlights          0/8192            0/819200   ( 0.0%) 
leafwaterdata            0/32768           0/393216   ( 0.0%) 
waterstrips            215/32768        2150/327680   ( 0.7%) 
waterverts               0/65536           0/786432   ( 0.0%) 
waterindices          3390/65536        6780/131072   ( 5.2%) 
cubemapsamples          11/1024          176/16384    ( 1.1%) 
overlays                21/512          7392/180224   ( 4.1%) 
LDR lightdata         [variable]     2882132/0        ( 0.0%) 
HDR lightdata         [variable]           0/0        ( 0.0%) 
visdata               [variable]       27575/16777216 ( 0.2%) 
entdata               [variable]      200998/393216   (51.1%) 
LDR ambient table     1579/65536        6316/262144   ( 2.4%) 
HDR ambient table     1579/65536        6316/262144   ( 2.4%) 
LDR leaf ambient      4329/65536      121212/1835008  ( 6.6%) 
HDR leaf ambient      1579/65536       44212/1835008  ( 2.4%) 
occluders                0/0               0/0        ( 0.0%) 
occluder polygons        0/0               0/0        ( 0.0%) 
occluder vert ind        0/0               0/0        ( 0.0%) 
detail props          [variable]           1/12       ( 8.3%) 
static props          [variable]           1/31118    ( 0.0%) 
pakfile               [variable]      903104/0        ( 0.0%) 
physics               [variable]      418794/4194304  (10.0%) 
physics terrain       [variable]        1686/1048576  ( 0.2%) 

Level flags = 0

Total triangle count: 6224
Writing c:\program files (x86)\steam\steamapps\common\portal 2\sdk_content\maps\wip\chapter 2\mp_coop_a2_dual_lasers.bsp
7 seconds elapsed



[Reading texlights from 'lights.rad']
[59 texlights parsed from 'lights.rad']

Loading c:\program files (x86)\steam\steamapps\common\portal 2\sdk_content\maps\wip\chapter 2\mp_coop_a2_dual_lasers.bsp
Loaded alpha texture materials\models\props_foliage\leaves_dead.vtf
Loaded alpha texture materials\Tools\toolsinvisible.vtf
2351 faces
1 degenerate faces
211613 square feet [30472326.00 square inches]
8 Displacements
3053 Square Feet [439732.06 Square Inches]
2350 patches before subdivision
zero area child patch
24454 patches after subdivision
45 direct lights
0...1...2...3...4...5...6...7...8...9...100...1...2...3...4...5...6...7...8...9...10transfers 2052915, max 437
transfer lists:  15.7 megs
0...1...2...3...4...5...6...7...8...9...10	Bounce #1 added RGB(13868, 14362, 13220)
0...1...2...3...4...5...6...7...8...9...10	Bounce #2 added RGB(4397, 4653, 4260)
0...1...2...3...4...5...6...7...8...9...10	Bounce #3 added RGB(1611, 1751, 1614)
0...1...2...3...4...5...6...7...8...9...10	Bounce #4 added RGB(620, 683, 630)
0...1...2...3...4...5...6...7...8...9...10	Bounce #5 added RGB(248, 277, 256)
0...1...2...3...4...5...6...7...8...9...10	Bounce #6 added RGB(101, 115, 107)
0...1...2...3...4...5...6...7...8...9...10	Bounce #7 added RGB(42, 48, 45)
0...1...2...3...4...5...6...7...8...9...10	Bounce #8 added RGB(18, 21, 20)
0...1...2...3...4...5...6...7...8...9...10	Bounce #9 added RGB(8, 9, 9)
0...1...2...3...4...5...6...7...8...9...10	Bounce #10 added RGB(3, 4, 4)
0...1...2...3...4...5...6...7...8...9...10	Bounce #11 added RGB(2, 2, 2)
0...1...2...3...4...5...6...7...8...9...10	Bounce #12 added RGB(1, 1, 1)
Build Patch/Sample Hash Table(s).....Done<0.0037 sec>
0...1...2...3...4...5...6...7...8...9...10FinalLightFace Done
12 of 12 (100% of) surface lights went in leaf ambient cubes.
0...1...2...3...4...5...6...7...8...9...10Writing leaf ambient...done
Computing static prop lighting : 00...1...2...3...4...5...6...7...8...9...10
Ready to Finish

Object names       Objects/Maxobjs  Memory / Maxmem  Fullness 
------------       ---------------  ---------------  -------- 
models                  95/1024         4560/49152    ( 9.3%) 
brushes               1082/8192        12984/98304    (13.2%) 
brushsides            8650/65536       69200/524288   (13.2%) 
planes                6290/65536      125800/1310720  ( 9.6%) 
vertexes              5042/65536       60504/786432   ( 7.7%) 
nodes                 1483/65536       47456/2097152  ( 2.3%) 
texinfos               960/12288       69120/884736   ( 7.8%) 
texdata                 92/2048         2944/65536    ( 4.5%) 
dispinfos                8/0            1408/0        ( 0.0%) 
disp_verts             648/0           12960/0        ( 0.0%) 
disp_tris             1024/0            2048/0        ( 0.0%) 
disp_multiblend          0/0               0/0        ( 0.0%) 
disp_lmsamples       21792/0           21792/0        ( 0.0%) 
faces                 2351/65536      131656/3670016  ( 3.6%) 
hdr faces                0/65536           0/3670016  ( 0.0%) 
origfaces             1900/65536      106400/3670016  ( 2.9%) 
facebrushes            347/0             694/0        ( 0.0%) 
facebrushlists        2351/0            9404/0        ( 0.0%) 
leaves                1579/65536       50528/2097152  ( 2.4%) 
leaffaces             3133/65536        6266/131072   ( 4.8%) 
leafbrushes           2236/65536        4472/131072   ( 3.4%) 
areas                   13/256           104/2048     ( 5.1%) 
surfedges            18516/512000      74064/2048000  ( 3.6%) 
edges                11431/256000      45724/1024000  ( 4.5%) 
LDR worldlights         45/8192         4500/819200   ( 0.5%) 
HDR worldlights          0/8192            0/819200   ( 0.0%) 
leafwaterdata            0/32768           0/393216   ( 0.0%) 
waterstrips            215/32768        2150/327680   ( 0.7%) 
waterverts               0/65536           0/786432   ( 0.0%) 
waterindices          3390/65536        6780/131072   ( 5.2%) 
cubemapsamples          11/1024          176/16384    ( 1.1%) 
overlays                21/512          7392/180224   ( 4.1%) 
LDR lightdata         [variable]     2905920/0        ( 0.0%) 
HDR lightdata         [variable]           0/0        ( 0.0%) 
visdata               [variable]       27575/16777216 ( 0.2%) 
entdata               [variable]      200998/393216   (51.1%) 
LDR ambient table     1579/65536        6316/262144   ( 2.4%) 
HDR ambient table     1579/65536        6316/262144   ( 2.4%) 
LDR leaf ambient      4893/65536      137004/1835008  ( 7.5%) 
HDR leaf ambient      1579/65536       44212/1835008  ( 2.4%) 
occluders                0/0               0/0        ( 0.0%) 
occluder polygons        0/0               0/0        ( 0.0%) 
occluder vert ind        0/0               0/0        ( 0.0%) 
detail props          [variable]           1/12       ( 8.3%) 
static props          [variable]           1/31118    ( 0.0%) 
pakfile               [variable]     3372868/0        ( 0.0%) 
physics               [variable]      418794/4194304  (10.0%) 
physics terrain       [variable]        1686/1048576  ( 0.2%) 

Level flags = 1

Total triangle count: 6224
Writing c:\program files (x86)\steam\steamapps\common\portal 2\sdk_content\maps\wip\chapter 2\mp_coop_a2_dual_lasers.bsp
1 minute, 18 seconds elapsed



[Reading texlights from 'lights.rad']
[59 texlights parsed from 'lights.rad']

Loading c:\program files (x86)\steam\steamapps\common\portal 2\sdk_content\maps\wip\chapter 2\mp_coop_a2_dual_lasers.bsp
Loaded alpha texture materials\models\props_foliage\leaves_dead.vtf
Loaded alpha texture materials\Tools\toolsinvisible.vtf
2351 faces
1 degenerate faces
211613 square feet [30472326.00 square inches]
8 Displacements
3053 Square Feet [439732.06 Square Inches]
2350 patches before subdivision
zero area child patch
24454 patches after subdivision
45 direct lights
0...1...2...3...4...5...6...7...8...9...100...1...2...3...4...5...6...7...8...9...10transfers 2052915, max 437
transfer lists:  15.7 megs
0...1...2...3...4...5...6...7...8...9...10	Bounce #1 added RGB(13868, 14362, 13220)
0...1...2...3...4...5...6...7...8...9...10	Bounce #2 added RGB(4397, 4653, 4260)
0...1...2...3...4...5...6...7...8...9...10	Bounce #3 added RGB(1611, 1751, 1614)
0...1...2...3...4...5...6...7...8...9...10	Bounce #4 added RGB(620, 683, 630)
0...1...2...3...4...5...6...7...8...9...10	Bounce #5 added RGB(248, 277, 256)
0...1...2...3...4...5...6...7...8...9...10	Bounce #6 added RGB(101, 115, 107)
0...1...2...3...4...5...6...7...8...9...10	Bounce #7 added RGB(42, 48, 45)
0...1...2...3...4...5...6...7...8...9...10	Bounce #8 added RGB(18, 21, 20)
0...1...2...3...4...5...6...7...8...9...10	Bounce #9 added RGB(8, 9, 9)
0...1...2...3...4...5...6...7...8...9...10	Bounce #10 added RGB(3, 4, 4)
0...1...2...3...4...5...6...7...8...9...10	Bounce #11 added RGB(2, 2, 2)
0...1...2...3...4...5...6...7...8...9...10	Bounce #12 added RGB(1, 1, 1)
Build Patch/Sample Hash Table(s).....Done<0.0038 sec>
0...1...2...3...4...5...6...7...8...9...10FinalLightFace Done
12 of 12 (100% of) surface lights went in leaf ambient cubes.
0...1...2...3...4...5...6...7...8...9...10Writing leaf ambient...done
Computing static prop lighting : 00...1...2...3...4...5...6...7...8...9...10
Ready to Finish

Object names       Objects/Maxobjs  Memory / Maxmem  Fullness 
------------       ---------------  ---------------  -------- 
models                  95/1024         4560/49152    ( 9.3%) 
brushes               1082/8192        12984/98304    (13.2%) 
brushsides            8650/65536       69200/524288   (13.2%) 
planes                6290/65536      125800/1310720  ( 9.6%) 
vertexes              5042/65536       60504/786432   ( 7.7%) 
nodes                 1483/65536       47456/2097152  ( 2.3%) 
texinfos               960/12288       69120/884736   ( 7.8%) 
texdata                 92/2048         2944/65536    ( 4.5%) 
dispinfos                8/0            1408/0        ( 0.0%) 
disp_verts             648/0           12960/0        ( 0.0%) 
disp_tris             1024/0            2048/0        ( 0.0%) 
disp_multiblend          0/0               0/0        ( 0.0%) 
disp_lmsamples       21792/0           21792/0        ( 0.0%) 
faces                 2351/65536      131656/3670016  ( 3.6%) 
hdr faces             2351/65536      131656/3670016  ( 3.6%) 
origfaces             1900/65536      106400/3670016  ( 2.9%) 
facebrushes            347/0             694/0        ( 0.0%) 
facebrushlists        2351/0            9404/0        ( 0.0%) 
leaves                1579/65536       50528/2097152  ( 2.4%) 
leaffaces             3133/65536        6266/131072   ( 4.8%) 
leafbrushes           2236/65536        4472/131072   ( 3.4%) 
areas                   13/256           104/2048     ( 5.1%) 
surfedges            18516/512000      74064/2048000  ( 3.6%) 
edges                11431/256000      45724/1024000  ( 4.5%) 
LDR worldlights         45/8192         4500/819200   ( 0.5%) 
HDR worldlights         45/8192         4500/819200   ( 0.5%) 
leafwaterdata            0/32768           0/393216   ( 0.0%) 
waterstrips            215/32768        2150/327680   ( 0.7%) 
waterverts               0/65536           0/786432   ( 0.0%) 
waterindices          3390/65536        6780/131072   ( 5.2%) 
cubemapsamples          11/1024          176/16384    ( 1.1%) 
overlays                21/512          7392/180224   ( 4.1%) 
LDR lightdata         [variable]     2905920/0        ( 0.0%) 
HDR lightdata         [variable]     2905920/0        ( 0.0%) 
visdata               [variable]       27575/16777216 ( 0.2%) 
entdata               [variable]      200998/393216   (51.1%) 
LDR ambient table     1579/65536        6316/262144   ( 2.4%) 
HDR ambient table     1579/65536        6316/262144   ( 2.4%) 
LDR leaf ambient      4893/65536      137004/1835008  ( 7.5%) 
HDR leaf ambient      4893/65536      137004/1835008  ( 7.5%) 
occluders                0/0               0/0        ( 0.0%) 
occluder polygons        0/0               0/0        ( 0.0%) 
occluder vert ind        0/0               0/0        ( 0.0%) 
detail props          [variable]           1/12       ( 8.3%) 
static props          [variable]           1/31118    ( 0.0%) 
pakfile               [variable]     5845200/0        ( 0.0%) 
physics               [variable]      418794/4194304  (10.0%) 
physics terrain       [variable]        1686/1048576  ( 0.2%) 

Level flags = 3

Total triangle count: 6224
Writing c:\program files (x86)\steam\steamapps\common\portal 2\sdk_content\maps\wip\chapter 2\mp_coop_a2_dual_lasers.bsp
1 minute, 19 seconds elapsed



materialPath: C:\Program Files (x86)\Steam\steamapps\common\Portal 2\portal2\materials
Loading C:\Program Files (x86)\Steam\steamapps\common\Portal 2\sdk_content\maps\WIP\Chapter 2\mp_coop_a2_dual_lasers.vmf
ConVarRef gpu_level doesn't point to an existing ConVar
Patching WVT material: maps/mp_coop_a2_dual_lasers/metal/blendblackfloormetal_dirt02_wvt_patch
fixing up env_cubemap materials on brush sides...
0...1...2...3...4...5...6...7...8...9...100...1...2...3...4...5...6...7...8...9...10Processing areas...done (0)
Building Faces...done (0)
Chop Details...done (0)
Find Visible Detail Sides...
Merged 512 detail faces...done (0)
Merging details...done (0)
FixTjuncs...
PruneNodes...
WriteBSP...
done (0)
writing C:\Program Files (x86)\Steam\steamapps\common\Portal 2\sdk_content\maps\WIP\Chapter 2\mp_coop_a2_dual_lasers.prt...Building visibility clusters...
done (0)
Finding displacement neighbors...
Finding lightmap sample positions...
Displacement Alpha : 0...1...2...3...4...5...6...7...8...9...10
Building Physics collision data...
done (0) (412942 bytes)
Encountered obsolete static prop option to do its fade in screen space @ 528.00 224.00 1088.00
Encountered obsolete static prop option to do its fade in screen space @ 496.00 224.00 1088.00
Placing detail props : 0...1...2...3...4...5...6...7...8...9...10
Compacting texture/material tables...
Reduced 1777 texinfos to 941
Reduced 102 texdatas to 91 (3807 bytes to 3341)
Writing C:\Program Files (x86)\Steam\steamapps\common\Portal 2\sdk_content\maps\WIP\Chapter 2\mp_coop_a2_dual_lasers.bsp

nummapplanes:     (  6250 / 65536 )
nummapbrushes:    (  1067 /  8192 )
nummapbrushsides: (  8592 / 65536 )
num_map_overlays: (    21 /   512 )
nummodels:        (    92 /  1024 )
num_entities:     (   453 / 16384 )

1 second elapsed



24 threads
reading c:\program files (x86)\steam\steamapps\common\portal 2\sdk_content\maps\wip\chapter 2\mp_coop_a2_dual_lasers.bsp
reading c:\program files (x86)\steam\steamapps\common\portal 2\sdk_content\maps\wip\chapter 2\mp_coop_a2_dual_lasers.prt
 324 portalclusters
 822 numportals
0...1...2...3...4...5...6...7...8...9...10Optimized: 3232 visible clusters (0.00%)
Total clusters visible: 70884
Average clusters visible: 218
Building PAS...
Average clusters audible: 303
visdatasize:27300  compressed from 31104
writing c:\program files (x86)\steam\steamapps\common\portal 2\sdk_content\maps\wip\chapter 2\mp_coop_a2_dual_lasers.bsp
0 seconds elapsed



[Reading texlights from 'lights.rad']
[59 texlights parsed from 'lights.rad']

Loading c:\program files (x86)\steam\steamapps\common\portal 2\sdk_content\maps\wip\chapter 2\mp_coop_a2_dual_lasers.bsp
2316 faces
1 degenerate faces
209207 square feet [30125830.00 square inches]
8 Displacements
3053 Square Feet [439732.06 Square Inches]
2315 patches before subdivision
zero area child patch
24225 patches after subdivision
45 direct lights
0...1...2...3...4...5...6...7...8...9...100...1...2...3...4...5...6...7...8...9...10transfers 1901028, max 423
transfer lists:  14.5 megs
0...1...2...3...4...5...6...7...8...9...10	Bounce #1 added RGB(9811, 11087, 10881)
0...1...2...3...4...5...6...7...8...9...10	Bounce #2 added RGB(3330, 3780, 3640)
0...1...2...3...4...5...6...7...8...9...10	Bounce #3 added RGB(1271, 1468, 1411)
0...1...2...3...4...5...6...7...8...9...10	Bounce #4 added RGB(501, 583, 558)
0...1...2...3...4...5...6...7...8...9...10	Bounce #5 added RGB(205, 241, 230)
0...1...2...3...4...5...6...7...8...9...10	Bounce #6 added RGB(86, 101, 97)
0...1...2...3...4...5...6...7...8...9...10	Bounce #7 added RGB(36, 43, 41)
0...1...2...3...4...5...6...7...8...9...10	Bounce #8 added RGB(16, 19, 18)
0...1...2...3...4...5...6...7...8...9...10	Bounce #9 added RGB(7, 8, 8)
0...1...2...3...4...5...6...7...8...9...10	Bounce #10 added RGB(3, 4, 4)
0...1...2...3...4...5...6...7...8...9...10	Bounce #11 added RGB(1, 2, 2)
0...1...2...3...4...5...6...7...8...9...10	Bounce #12 added RGB(1, 1, 1)
Build Patch/Sample Hash Table(s).....Done<0.0034 sec>
0...1...2...3...4...5...6...7...8...9...10FinalLightFace Done
12 of 12 (100% of) surface lights went in leaf ambient cubes.
0...1...2...3...4...5...6...7...8...9...10Writing leaf ambient...done
Ready to Finish

Object names       Objects/Maxobjs  Memory / Maxmem  Fullness 
------------       ---------------  ---------------  -------- 
models                  92/1024         4416/49152    ( 9.0%) 
brushes               1067/8192        12804/98304    (13.0%) 
brushsides            8560/65536       68480/524288   (13.1%) 
planes                6250/65536      125000/1310720  ( 9.5%) 
vertexes              4978/65536       59736/786432   ( 7.6%) 
nodes                 1451/65536       46432/2097152  ( 2.2%) 
texinfos               941/12288       67752/884736   ( 7.7%) 
texdata                 91/2048         2912/65536    ( 4.4%) 
dispinfos                8/0            1408/0        ( 0.0%) 
disp_verts             648/0           12960/0        ( 0.0%) 
disp_tris             1024/0            2048/0        ( 0.0%) 
disp_multiblend          0/0               0/0        ( 0.0%) 
disp_lmsamples       21792/0           21792/0        ( 0.0%) 
faces                 2316/65536      129696/3670016  ( 3.5%) 
hdr faces                0/65536           0/3670016  ( 0.0%) 
origfaces             1871/65536      104776/3670016  ( 2.9%) 
facebrushes            347/0             694/0        ( 0.0%) 
facebrushlists        2316/0            9264/0        ( 0.0%) 
leaves                1544/65536       49408/2097152  ( 2.4%) 
leaffaces             3100/65536        6200/131072   ( 4.7%) 
leafbrushes           2217/65536        4434/131072   ( 3.4%) 
areas                   11/256            88/2048     ( 4.3%) 
surfedges            18264/512000      73056/2048000  ( 3.6%) 
edges                11285/256000      45140/1024000  ( 4.4%) 
LDR worldlights         45/8192         4500/819200   ( 0.5%) 
HDR worldlights          0/8192            0/819200   ( 0.0%) 
leafwaterdata            0/32768           0/393216   ( 0.0%) 
waterstrips            217/32768        2170/327680   ( 0.7%) 
waterverts               0/65536           0/786432   ( 0.0%) 
waterindices          3414/65536        6828/131072   ( 5.2%) 
cubemapsamples          11/1024          176/16384    ( 1.1%) 
overlays                21/512          7392/180224   ( 4.1%) 
LDR lightdata         [variable]     2870072/0        ( 0.0%) 
HDR lightdata         [variable]           0/0        ( 0.0%) 
visdata               [variable]       27300/16777216 ( 0.2%) 
entdata               [variable]      197195/393216   (50.1%) 
LDR ambient table     1544/65536        6176/262144   ( 2.4%) 
HDR ambient table     1544/65536        6176/262144   ( 2.4%) 
LDR leaf ambient      4393/65536      123004/1835008  ( 6.7%) 
HDR leaf ambient      1544/65536       43232/1835008  ( 2.4%) 
occluders                0/0               0/0        ( 0.0%) 
occluder polygons        0/0               0/0        ( 0.0%) 
occluder vert ind        0/0               0/0        ( 0.0%) 
detail props          [variable]           1/12       ( 8.3%) 
static props          [variable]           1/31118    ( 0.0%) 
pakfile               [variable]      903104/0        ( 0.0%) 
physics               [variable]      412942/4194304  ( 9.8%) 
physics terrain       [variable]        1686/1048576  ( 0.2%) 

Level flags = 0

Total triangle count: 6158
Writing c:\program files (x86)\steam\steamapps\common\portal 2\sdk_content\maps\wip\chapter 2\mp_coop_a2_dual_lasers.bsp
7 seconds elapsed



materialPath: C:\Program Files (x86)\Steam\steamapps\common\Portal 2\portal2\materials
Loading C:\Program Files (x86)\Steam\steamapps\common\Portal 2\sdk_content\maps\WIP\Chapter 2\mp_coop_a2_dual_lasers.vmf
ConVarRef gpu_level doesn't point to an existing ConVar
Patching WVT material: maps/mp_coop_a2_dual_lasers/metal/blendblackfloormetal_dirt02_wvt_patch
fixing up env_cubemap materials on brush sides...
0...1...2...3...4...5...6...7...8...9...100...1...2...3...4...5...6...7...8...9...10Processing areas...done (0)
Building Faces...done (0)
Chop Details...done (0)
Find Visible Detail Sides...
Merged 512 detail faces...done (0)
Merging details...done (0)
FixTjuncs...
PruneNodes...
WriteBSP...
done (0)
writing C:\Program Files (x86)\Steam\steamapps\common\Portal 2\sdk_content\maps\WIP\Chapter 2\mp_coop_a2_dual_lasers.prt...Building visibility clusters...
done (0)
Finding displacement neighbors...
Finding lightmap sample positions...
Displacement Alpha : 0...1...2...3...4...5...6...7...8...9...10
Building Physics collision data...
done (0) (410363 bytes)
Encountered obsolete static prop option to do its fade in screen space @ 528.00 224.00 1088.00
Encountered obsolete static prop option to do its fade in screen space @ 496.00 224.00 1088.00
Placing detail props : 0...1...2...3...4...5...6...7...8...9...10
Compacting texture/material tables...
Reduced 1766 texinfos to 933
Reduced 100 texdatas to 89 (3763 bytes to 3297)
Writing C:\Program Files (x86)\Steam\steamapps\common\Portal 2\sdk_content\maps\WIP\Chapter 2\mp_coop_a2_dual_lasers.bsp

nummapplanes:     (  6244 / 65536 )
nummapbrushes:    (  1059 /  8192 )
nummapbrushsides: (  8544 / 65536 )
num_map_overlays: (    21 /   512 )
nummodels:        (    91 /  1024 )
num_entities:     (   450 / 16384 )

1 second elapsed



24 threads
reading c:\program files (x86)\steam\steamapps\common\portal 2\sdk_content\maps\wip\chapter 2\mp_coop_a2_dual_lasers.bsp
reading c:\program files (x86)\steam\steamapps\common\portal 2\sdk_content\maps\wip\chapter 2\mp_coop_a2_dual_lasers.prt
 321 portalclusters
 812 numportals
0...1...2...3...4...5...6...7...8...9...100...1...2...3...4...5...6...7...8...9...10Optimized: 302 visible clusters (0.00%)
Total clusters visible: 34515
Average clusters visible: 107
Building PAS...
Average clusters audible: 258
visdatasize:23975  compressed from 30816
writing c:\program files (x86)\steam\steamapps\common\portal 2\sdk_content\maps\wip\chapter 2\mp_coop_a2_dual_lasers.bsp
0 seconds elapsed



[Reading texlights from 'lights.rad']
[59 texlights parsed from 'lights.rad']

Loading c:\program files (x86)\steam\steamapps\common\portal 2\sdk_content\maps\wip\chapter 2\mp_coop_a2_dual_lasers.bsp
2302 faces
1 degenerate faces
209751 square feet [30204230.00 square inches]
8 Displacements
3053 Square Feet [439732.06 Square Inches]
2301 patches before subdivision
zero area child patch
24211 patches after subdivision
45 direct lights
0...1...2...3...4...5...6...7...8...9...100...1...2...3...4...5...6...7...8...9...10transfers 1897158, max 423
transfer lists:  14.5 megs
0...1...2...3...4...5...6...7...8...9...10	Bounce #1 added RGB(9795, 11072, 10856)
0...1...2...3...4...5...6...7...8...9...10	Bounce #2 added RGB(3378, 3821, 3664)
0...1...2...3...4...5...6...7...8...9...10	Bounce #3 added RGB(1305, 1498, 1431)
0...1...2...3...4...5...6...7...8...9...10	Bounce #4 added RGB(520, 600, 569)
0...1...2...3...4...5...6...7...8...9...10	Bounce #5 added RGB(214, 249, 236)
0...1...2...3...4...5...6...7...8...9...10	Bounce #6 added RGB(90, 105, 99)
0...1...2...3...4...5...6...7...8...9...10	Bounce #7 added RGB(38, 45, 43)
0...1...2...3...4...5...6...7...8...9...10	Bounce #8 added RGB(17, 20, 19)
0...1...2...3...4...5...6...7...8...9...10	Bounce #9 added RGB(7, 9, 8)
0...1...2...3...4...5...6...7...8...9...10	Bounce #10 added RGB(3, 4, 4)
0...1...2...3...4...5...6...7...8...9...10	Bounce #11 added RGB(1, 2, 2)
0...1...2...3...4...5...6...7...8...9...10	Bounce #12 added RGB(1, 1, 1)
Build Patch/Sample Hash Table(s).....Done<0.0041 sec>
0...1...2...3...4...5...6...7...8...9...10FinalLightFace Done
12 of 12 (100% of) surface lights went in leaf ambient cubes.
0...1...2...3...4...5...6...7...8...9...10Writing leaf ambient...done
Ready to Finish

Object names       Objects/Maxobjs  Memory / Maxmem  Fullness 
------------       ---------------  ---------------  -------- 
models                  91/1024         4368/49152    ( 8.9%) 
brushes               1059/8192        12708/98304    (12.9%) 
brushsides            8512/65536       68096/524288   (13.0%) 
planes                6244/65536      124880/1310720  ( 9.5%) 
vertexes              4944/65536       59328/786432   ( 7.5%) 
nodes                 1435/65536       45920/2097152  ( 2.2%) 
texinfos               933/12288       67176/884736   ( 7.6%) 
texdata                 89/2048         2848/65536    ( 4.3%) 
dispinfos                8/0            1408/0        ( 0.0%) 
disp_verts             648/0           12960/0        ( 0.0%) 
disp_tris             1024/0            2048/0        ( 0.0%) 
disp_multiblend          0/0               0/0        ( 0.0%) 
disp_lmsamples       21792/0           21792/0        ( 0.0%) 
faces                 2302/65536      128912/3670016  ( 3.5%) 
hdr faces                0/65536           0/3670016  ( 0.0%) 
origfaces             1861/65536      104216/3670016  ( 2.8%) 
facebrushes            347/0             694/0        ( 0.0%) 
facebrushlists        2302/0            9208/0        ( 0.0%) 
leaves                1527/65536       48864/2097152  ( 2.3%) 
leaffaces             3088/65536        6176/131072   ( 4.7%) 
leafbrushes           2209/65536        4418/131072   ( 3.4%) 
areas                   11/256            88/2048     ( 4.3%) 
surfedges            18158/512000      72632/2048000  ( 3.5%) 
edges                11210/256000      44840/1024000  ( 4.4%) 
LDR worldlights         45/8192         4500/819200   ( 0.5%) 
HDR worldlights          0/8192            0/819200   ( 0.0%) 
leafwaterdata            0/32768           0/393216   ( 0.0%) 
waterstrips            213/32768        2130/327680   ( 0.7%) 
waterverts               0/65536           0/786432   ( 0.0%) 
waterindices          3342/65536        6684/131072   ( 5.1%) 
cubemapsamples          11/1024          176/16384    ( 1.1%) 
overlays                21/512          7392/180224   ( 4.1%) 
LDR lightdata         [variable]     2867604/0        ( 0.0%) 
HDR lightdata         [variable]           0/0        ( 0.0%) 
visdata               [variable]       23975/16777216 ( 0.1%) 
entdata               [variable]      196116/393216   (49.9%) 
LDR ambient table     1527/65536        6108/262144   ( 2.3%) 
HDR ambient table     1527/65536        6108/262144   ( 2.3%) 
LDR leaf ambient      4691/65536      131348/1835008  ( 7.2%) 
HDR leaf ambient      1527/65536       42756/1835008  ( 2.3%) 
occluders                0/0               0/0        ( 0.0%) 
occluder polygons        0/0               0/0        ( 0.0%) 
occluder vert ind        0/0               0/0        ( 0.0%) 
detail props          [variable]           1/12       ( 8.3%) 
static props          [variable]           1/31122    ( 0.0%) 
pakfile               [variable]      903104/0        ( 0.0%) 
physics               [variable]      410363/4194304  ( 9.8%) 
physics terrain       [variable]        1686/1048576  ( 0.2%) 

Level flags = 0

Total triangle count: 6120
Writing c:\program files (x86)\steam\steamapps\common\portal 2\sdk_content\maps\wip\chapter 2\mp_coop_a2_dual_lasers.bsp
9 seconds elapsed



[Reading texlights from 'lights.rad']
[59 texlights parsed from 'lights.rad']

Loading c:\program files (x86)\steam\steamapps\common\portal 2\sdk_content\maps\wip\chapter 2\mp_coop_a2_dual_lasers.bsp
2302 faces
1 degenerate faces
209751 square feet [30204230.00 square inches]
8 Displacements
3053 Square Feet [439732.06 Square Inches]
2301 patches before subdivision
zero area child patch
24211 patches after subdivision
45 direct lights
0...1...2...3...4...5...6...7...8...9...100...1...2...3...4...5...6...7...8...9...10transfers 1897158, max 423
transfer lists:  14.5 megs
0...1...2...3...4...5...6...7...8...9...10	Bounce #1 added RGB(9795, 11072, 10856)
0...1...2...3...4...5...6...7...8...9...10	Bounce #2 added RGB(3378, 3821, 3664)
0...1...2...3...4...5...6...7...8...9...10	Bounce #3 added RGB(1305, 1498, 1431)
0...1...2...3...4...5...6...7...8...9...10	Bounce #4 added RGB(520, 600, 569)
0...1...2...3...4...5...6...7...8...9...10	Bounce #5 added RGB(214, 249, 236)
0...1...2...3...4...5...6...7...8...9...10	Bounce #6 added RGB(90, 105, 99)
0...1...2...3...4...5...6...7...8...9...10	Bounce #7 added RGB(38, 45, 43)
0...1...2...3...4...5...6...7...8...9...10	Bounce #8 added RGB(17, 20, 19)
0...1...2...3...4...5...6...7...8...9...10	Bounce #9 added RGB(7, 9, 8)
0...1...2...3...4...5...6...7...8...9...10	Bounce #10 added RGB(3, 4, 4)
0...1...2...3...4...5...6...7...8...9...10	Bounce #11 added RGB(1, 2, 2)
0...1...2...3...4...5...6...7...8...9...10	Bounce #12 added RGB(1, 1, 1)
Build Patch/Sample Hash Table(s).....Done<0.0041 sec>
0...1...2...3...4...5...6...7...8...9...10FinalLightFace Done
12 of 12 (100% of) surface lights went in leaf ambient cubes.
0...1...2...3...4...5...6...7...8...9...10Writing leaf ambient...done
Ready to Finish

Object names       Objects/Maxobjs  Memory / Maxmem  Fullness 
------------       ---------------  ---------------  -------- 
models                  91/1024         4368/49152    ( 8.9%) 
brushes               1059/8192        12708/98304    (12.9%) 
brushsides            8512/65536       68096/524288   (13.0%) 
planes                6244/65536      124880/1310720  ( 9.5%) 
vertexes              4944/65536       59328/786432   ( 7.5%) 
nodes                 1435/65536       45920/2097152  ( 2.2%) 
texinfos               933/12288       67176/884736   ( 7.6%) 
texdata                 89/2048         2848/65536    ( 4.3%) 
dispinfos                8/0            1408/0        ( 0.0%) 
disp_verts             648/0           12960/0        ( 0.0%) 
disp_tris             1024/0            2048/0        ( 0.0%) 
disp_multiblend          0/0               0/0        ( 0.0%) 
disp_lmsamples       21792/0           21792/0        ( 0.0%) 
faces                 2302/65536      128912/3670016  ( 3.5%) 
hdr faces             2302/65536      128912/3670016  ( 3.5%) 
origfaces             1861/65536      104216/3670016  ( 2.8%) 
facebrushes            347/0             694/0        ( 0.0%) 
facebrushlists        2302/0            9208/0        ( 0.0%) 
leaves                1527/65536       48864/2097152  ( 2.3%) 
leaffaces             3088/65536        6176/131072   ( 4.7%) 
leafbrushes           2209/65536        4418/131072   ( 3.4%) 
areas                   11/256            88/2048     ( 4.3%) 
surfedges            18158/512000      72632/2048000  ( 3.5%) 
edges                11210/256000      44840/1024000  ( 4.4%) 
LDR worldlights         45/8192         4500/819200   ( 0.5%) 
HDR worldlights         45/8192         4500/819200   ( 0.5%) 
leafwaterdata            0/32768           0/393216   ( 0.0%) 
waterstrips            213/32768        2130/327680   ( 0.7%) 
waterverts               0/65536           0/786432   ( 0.0%) 
waterindices          3342/65536        6684/131072   ( 5.1%) 
cubemapsamples          11/1024          176/16384    ( 1.1%) 
overlays                21/512          7392/180224   ( 4.1%) 
LDR lightdata         [variable]     2867604/0        ( 0.0%) 
HDR lightdata         [variable]     2867604/0        ( 0.0%) 
visdata               [variable]       23975/16777216 ( 0.1%) 
entdata               [variable]      196116/393216   (49.9%) 
LDR ambient table     1527/65536        6108/262144   ( 2.3%) 
HDR ambient table     1527/65536        6108/262144   ( 2.3%) 
LDR leaf ambient      4691/65536      131348/1835008  ( 7.2%) 
HDR leaf ambient      4691/65536      131348/1835008  ( 7.2%) 
occluders                0/0               0/0        ( 0.0%) 
occluder polygons        0/0               0/0        ( 0.0%) 
occluder vert ind        0/0               0/0        ( 0.0%) 
detail props          [variable]           1/12       ( 8.3%) 
static props          [variable]           1/31122    ( 0.0%) 
pakfile               [variable]      903104/0        ( 0.0%) 
physics               [variable]      410363/4194304  ( 9.8%) 
physics terrain       [variable]        1686/1048576  ( 0.2%) 

Level flags = 0

Total triangle count: 6120
Writing c:\program files (x86)\steam\steamapps\common\portal 2\sdk_content\maps\wip\chapter 2\mp_coop_a2_dual_lasers.bsp
9 seconds elapsed



materialPath: C:\Program Files (x86)\Steam\steamapps\common\Portal 2\portal2\materials
Loading c:\program files (x86)\steam\steamapps\common\portal 2\sdk_content\maps\wip\chapter 2\mp_coop_a2_dual_lasers.vmf
ConVarRef gpu_level doesn't point to an existing ConVar
Patching WVT material: maps/mp_coop_a2_dual_lasers/metal/blendblackfloormetal_dirt02_wvt_patch
fixing up env_cubemap materials on brush sides...
0...1...2...3...4...5...6...7...8...9...100...1...2...3...4...5...6...7...8...9...10Processing areas...done (0)
Building Faces...done (0)
Chop Details...done (0)
Find Visible Detail Sides...
Merged 512 detail faces...done (0)
Merging details...done (0)
FixTjuncs...
PruneNodes...
WriteBSP...
done (0)
writing c:\program files (x86)\steam\steamapps\common\portal 2\sdk_content\maps\wip\chapter 2\mp_coop_a2_dual_lasers.prt...Building visibility clusters...
done (0)
Finding displacement neighbors...
Finding lightmap sample positions...
Displacement Alpha : 0...1...2...3...4...5...6...7...8...9...10
Building Physics collision data...
done (0) (410363 bytes)
Encountered obsolete static prop option to do its fade in screen space @ 528.00 224.00 1088.00
Encountered obsolete static prop option to do its fade in screen space @ 496.00 224.00 1088.00
Placing detail props : 0...1...2...3...4...5...6...7...8...9...10
Compacting texture/material tables...
Reduced 1766 texinfos to 933
Reduced 100 texdatas to 89 (3763 bytes to 3297)
Writing c:\program files (x86)\steam\steamapps\common\portal 2\sdk_content\maps\wip\chapter 2\mp_coop_a2_dual_lasers.bsp

nummapplanes:     (  6244 / 65536 )
nummapbrushes:    (  1059 /  8192 )
nummapbrushsides: (  8544 / 65536 )
num_map_overlays: (    21 /   512 )
nummodels:        (    91 /  1024 )
num_entities:     (   450 / 16384 )

1 second elapsed



24 threads
reading c:\program files (x86)\steam\steamapps\common\portal 2\sdk_content\maps\wip\chapter 2\mp_coop_a2_dual_lasers.bsp
reading c:\program files (x86)\steam\steamapps\common\portal 2\sdk_content\maps\wip\chapter 2\mp_coop_a2_dual_lasers.prt
 321 portalclusters
 812 numportals
0...1...2...3...4...5...6...7...8...9...100...1...2...3...4...5...6...7...8...9...10Optimized: 302 visible clusters (0.00%)
Total clusters visible: 34515
Average clusters visible: 107
Building PAS...
Average clusters audible: 258
visdatasize:23975  compressed from 30816
writing c:\program files (x86)\steam\steamapps\common\portal 2\sdk_content\maps\wip\chapter 2\mp_coop_a2_dual_lasers.bsp
0 seconds elapsed



[Reading texlights from 'lights.rad']
[59 texlights parsed from 'lights.rad']

Loading c:\program files (x86)\steam\steamapps\common\portal 2\sdk_content\maps\wip\chapter 2\mp_coop_a2_dual_lasers.bsp
Loaded alpha texture materials\models\props_foliage\leaves_dead.vtf
Loaded alpha texture materials\Tools\toolsinvisible.vtf
2302 faces
1 degenerate faces
209751 square feet [30204230.00 square inches]
8 Displacements
3053 Square Feet [439732.06 Square Inches]
2301 patches before subdivision
zero area child patch
24211 patches after subdivision
45 direct lights
0...1...2...3...4...5...6...7...8...9...100...1...2...3...4...5...6...7...8...9...10transfers 2040732, max 436
transfer lists:  15.6 megs
0...1...2...3...4...5...6...7...8...9...10	Bounce #1 added RGB(14001, 14479, 13297)
0...1...2...3...4...5...6...7...8...9...10	Bounce #2 added RGB(4485, 4728, 4310)
0...1...2...3...4...5...6...7...8...9...10	Bounce #3 added RGB(1658, 1792, 1641)
0...1...2...3...4...5...6...7...8...9...10	Bounce #4 added RGB(643, 703, 644)
0...1...2...3...4...5...6...7...8...9...10	Bounce #5 added RGB(259, 287, 263)
0...1...2...3...4...5...6...7...8...9...10	Bounce #6 added RGB(106, 119, 110)
0...1...2...3...4...5...6...7...8...9...10	Bounce #7 added RGB(45, 50, 47)
0...1...2...3...4...5...6...7...8...9...10	Bounce #8 added RGB(19, 22, 20)
0...1...2...3...4...5...6...7...8...9...10	Bounce #9 added RGB(8, 9, 9)
0...1...2...3...4...5...6...7...8...9...10	Bounce #10 added RGB(4, 4, 4)
0...1...2...3...4...5...6...7...8...9...10	Bounce #11 added RGB(2, 2, 2)
0...1...2...3...4...5...6...7...8...9...10	Bounce #12 added RGB(1, 1, 1)
Build Patch/Sample Hash Table(s).....Done<0.0040 sec>
0...1...2...3...4...5...6...7...8...9...10FinalLightFace Done
12 of 12 (100% of) surface lights went in leaf ambient cubes.
0...1...2...3...4...5...6...7...8...9...10Writing leaf ambient...done
Computing static prop lighting : 00...1...2...3...4...5...6...7...8...9...10
Ready to Finish

Object names       Objects/Maxobjs  Memory / Maxmem  Fullness 
------------       ---------------  ---------------  -------- 
models                  91/1024         4368/49152    ( 8.9%) 
brushes               1059/8192        12708/98304    (12.9%) 
brushsides            8512/65536       68096/524288   (13.0%) 
planes                6244/65536      124880/1310720  ( 9.5%) 
vertexes              4944/65536       59328/786432   ( 7.5%) 
nodes                 1435/65536       45920/2097152  ( 2.2%) 
texinfos               933/12288       67176/884736   ( 7.6%) 
texdata                 89/2048         2848/65536    ( 4.3%) 
dispinfos                8/0            1408/0        ( 0.0%) 
disp_verts             648/0           12960/0        ( 0.0%) 
disp_tris             1024/0            2048/0        ( 0.0%) 
disp_multiblend          0/0               0/0        ( 0.0%) 
disp_lmsamples       21792/0           21792/0        ( 0.0%) 
faces                 2302/65536      128912/3670016  ( 3.5%) 
hdr faces                0/65536           0/3670016  ( 0.0%) 
origfaces             1861/65536      104216/3670016  ( 2.8%) 
facebrushes            347/0             694/0        ( 0.0%) 
facebrushlists        2302/0            9208/0        ( 0.0%) 
leaves                1527/65536       48864/2097152  ( 2.3%) 
leaffaces             3088/65536        6176/131072   ( 4.7%) 
leafbrushes           2209/65536        4418/131072   ( 3.4%) 
areas                   11/256            88/2048     ( 4.3%) 
surfedges            18158/512000      72632/2048000  ( 3.5%) 
edges                11210/256000      44840/1024000  ( 4.4%) 
LDR worldlights         45/8192         4500/819200   ( 0.5%) 
HDR worldlights          0/8192            0/819200   ( 0.0%) 
leafwaterdata            0/32768           0/393216   ( 0.0%) 
waterstrips            213/32768        2130/327680   ( 0.7%) 
waterverts               0/65536           0/786432   ( 0.0%) 
waterindices          3342/65536        6684/131072   ( 5.1%) 
cubemapsamples          11/1024          176/16384    ( 1.1%) 
overlays                21/512          7392/180224   ( 4.1%) 
LDR lightdata         [variable]     2891392/0        ( 0.0%) 
HDR lightdata         [variable]           0/0        ( 0.0%) 
visdata               [variable]       23975/16777216 ( 0.1%) 
entdata               [variable]      196116/393216   (49.9%) 
LDR ambient table     1527/65536        6108/262144   ( 2.3%) 
HDR ambient table     1527/65536        6108/262144   ( 2.3%) 
LDR leaf ambient      4973/65536      139244/1835008  ( 7.6%) 
HDR leaf ambient      1527/65536       42756/1835008  ( 2.3%) 
occluders                0/0               0/0        ( 0.0%) 
occluder polygons        0/0               0/0        ( 0.0%) 
occluder vert ind        0/0               0/0        ( 0.0%) 
detail props          [variable]           1/12       ( 8.3%) 
static props          [variable]           1/31122    ( 0.0%) 
pakfile               [variable]     3372868/0        ( 0.0%) 
physics               [variable]      410363/4194304  ( 9.8%) 
physics terrain       [variable]        1686/1048576  ( 0.2%) 

Level flags = 1

Total triangle count: 6120
Writing c:\program files (x86)\steam\steamapps\common\portal 2\sdk_content\maps\wip\chapter 2\mp_coop_a2_dual_lasers.bsp
1 minute, 6 seconds elapsed



[Reading texlights from 'lights.rad']
[59 texlights parsed from 'lights.rad']

Loading c:\program files (x86)\steam\steamapps\common\portal 2\sdk_content\maps\wip\chapter 2\mp_coop_a2_dual_lasers.bsp
Loaded alpha texture materials\models\props_foliage\leaves_dead.vtf
Loaded alpha texture materials\Tools\toolsinvisible.vtf
2302 faces
1 degenerate faces
209751 square feet [30204230.00 square inches]
8 Displacements
3053 Square Feet [439732.06 Square Inches]
2301 patches before subdivision
zero area child patch
24211 patches after subdivision
45 direct lights
0...1...2...3...4...5...6...7...8...9...100...1...2...3...4...5...6...7...8...9...10transfers 2040732, max 436
transfer lists:  15.6 megs
0...1...2...3...4...5...6...7...8...9...10	Bounce #1 added RGB(14001, 14479, 13297)
0...1...2...3...4...5...6...7...8...9...10	Bounce #2 added RGB(4485, 4728, 4310)
0...1...2...3...4...5...6...7...8...9...10	Bounce #3 added RGB(1658, 1792, 1641)
0...1...2...3...4...5...6...7...8...9...10	Bounce #4 added RGB(643, 703, 644)
0...1...2...3...4...5...6...7...8...9...10	Bounce #5 added RGB(259, 287, 263)
0...1...2...3...4...5...6...7...8...9...10	Bounce #6 added RGB(106, 119, 110)
0...1...2...3...4...5...6...7...8...9...10	Bounce #7 added RGB(45, 50, 47)
0...1...2...3...4...5...6...7...8...9...10	Bounce #8 added RGB(19, 22, 20)
0...1...2...3...4...5...6...7...8...9...10	Bounce #9 added RGB(8, 9, 9)
0...1...2...3...4...5...6...7...8...9...10	Bounce #10 added RGB(4, 4, 4)
0...1...2...3...4...5...6...7...8...9...10	Bounce #11 added RGB(2, 2, 2)
0...1...2...3...4...5...6...7...8...9...10	Bounce #12 added RGB(1, 1, 1)
Build Patch/Sample Hash Table(s).....Done<0.0041 sec>
0...1...2...3...4...5...6...7...8...9...10FinalLightFace Done
12 of 12 (100% of) surface lights went in leaf ambient cubes.
0...1...2...3...4...5...6...7...8...9...10Writing leaf ambient...done
Computing static prop lighting : 00...1...2...3...4...5...6...7...8...9...10
Ready to Finish

Object names       Objects/Maxobjs  Memory / Maxmem  Fullness 
------------       ---------------  ---------------  -------- 
models                  91/1024         4368/49152    ( 8.9%) 
brushes               1059/8192        12708/98304    (12.9%) 
brushsides            8512/65536       68096/524288   (13.0%) 
planes                6244/65536      124880/1310720  ( 9.5%) 
vertexes              4944/65536       59328/786432   ( 7.5%) 
nodes                 1435/65536       45920/2097152  ( 2.2%) 
texinfos               933/12288       67176/884736   ( 7.6%) 
texdata                 89/2048         2848/65536    ( 4.3%) 
dispinfos                8/0            1408/0        ( 0.0%) 
disp_verts             648/0           12960/0        ( 0.0%) 
disp_tris             1024/0            2048/0        ( 0.0%) 
disp_multiblend          0/0               0/0        ( 0.0%) 
disp_lmsamples       21792/0           21792/0        ( 0.0%) 
faces                 2302/65536      128912/3670016  ( 3.5%) 
hdr faces             2302/65536      128912/3670016  ( 3.5%) 
origfaces             1861/65536      104216/3670016  ( 2.8%) 
facebrushes            347/0             694/0        ( 0.0%) 
facebrushlists        2302/0            9208/0        ( 0.0%) 
leaves                1527/65536       48864/2097152  ( 2.3%) 
leaffaces             3088/65536        6176/131072   ( 4.7%) 
leafbrushes           2209/65536        4418/131072   ( 3.4%) 
areas                   11/256            88/2048     ( 4.3%) 
surfedges            18158/512000      72632/2048000  ( 3.5%) 
edges                11210/256000      44840/1024000  ( 4.4%) 
LDR worldlights         45/8192         4500/819200   ( 0.5%) 
HDR worldlights         45/8192         4500/819200   ( 0.5%) 
leafwaterdata            0/32768           0/393216   ( 0.0%) 
waterstrips            213/32768        2130/327680   ( 0.7%) 
waterverts               0/65536           0/786432   ( 0.0%) 
waterindices          3342/65536        6684/131072   ( 5.1%) 
cubemapsamples          11/1024          176/16384    ( 1.1%) 
overlays                21/512          7392/180224   ( 4.1%) 
LDR lightdata         [variable]     2891392/0        ( 0.0%) 
HDR lightdata         [variable]     2891392/0        ( 0.0%) 
visdata               [variable]       23975/16777216 ( 0.1%) 
entdata               [variable]      196116/393216   (49.9%) 
LDR ambient table     1527/65536        6108/262144   ( 2.3%) 
HDR ambient table     1527/65536        6108/262144   ( 2.3%) 
LDR leaf ambient      4973/65536      139244/1835008  ( 7.6%) 
HDR leaf ambient      4973/65536      139244/1835008  ( 7.6%) 
occluders                0/0               0/0        ( 0.0%) 
occluder polygons        0/0               0/0        ( 0.0%) 
occluder vert ind        0/0               0/0        ( 0.0%) 
detail props          [variable]           1/12       ( 8.3%) 
static props          [variable]           1/31122    ( 0.0%) 
pakfile               [variable]     5845200/0        ( 0.0%) 
physics               [variable]      410363/4194304  ( 9.8%) 
physics terrain       [variable]        1686/1048576  ( 0.2%) 

Level flags = 3

Total triangle count: 6120
Writing c:\program files (x86)\steam\steamapps\common\portal 2\sdk_content\maps\wip\chapter 2\mp_coop_a2_dual_lasers.bsp
1 minute, 8 seconds elapsed
