PRT1
297
723
4 1 133 (3072 -320 70.313004 ) (3072 -352 70.313004 ) (3072 -352 198.313019 ) (3072 -320 198.313019 ) 
4 2 134 (3072 -432 70.313004 ) (3072 -560 70.313004 ) (3072 -560 198.313019 ) (3072 -432 198.313019 ) 
4 3 5 (3136 -624 288 ) (3392 -624 288 ) (3392 -752 288 ) (3136 -752 288 ) 
4 4 11 (3520 -768 288 ) (3392 -768 288 ) (3392 -768 276 ) (3520 -768 284 ) 
4 4 10 (3392 -768 276 ) (3392 -768 160 ) (3520 -768 160 ) (3520 -768 284 ) 
4 5 11 (3392 -768 288 ) (3136 -768 288 ) (3136 -768 260 ) (3392 -768 276 ) 
4 5 10 (3136 -768 260 ) (3136 -768 160 ) (3392 -768 160 ) (3392 -768 276 ) 
4 6 135 (3072 -752 160 ) (3072 -768 160 ) (3072 -768 198.313019 ) (3072 -752 198.313019 ) 
4 6 132 (3072 -768 198.313019 ) (3072 -768 288 ) (3072 -752 288 ) (3072 -752 198.313019 ) 
4 6 11 (3136 -768 288 ) (3072 -768 288 ) (3072 -768 256 ) (3136 -768 260 ) 
4 6 10 (3072 -768 256 ) (3072 -768 160 ) (3136 -768 160 ) (3136 -768 260 ) 
4 7 10 (3456 -768 96 ) (3456 -768 32 ) (3520 -768 32 ) (3520 -768 96 ) 
4 8 137 (3072 -768 768 ) (3072 -768 288 ) (3072 -864 288 ) (3072 -864 768 ) 
4 8 9 (3072 -864 288 ) (3072 -768 288 ) (3584 -768 320 ) (3584 -864 320 ) 
4 9 11 (3584 -864 288 ) (3072 -864 288 ) (3072 -768 288 ) (3584 -768 288 ) 
4 10 144 (3072 -768 256 ) (3072 -768 32 ) (3072 -864 32 ) (3072 -864 256 ) 
4 10 14 (3584 -864 32 ) (3584 -864 256 ) (3072 -864 256 ) (3072 -864 32 ) 
3 10 13 (3584 -864 256 ) (3584 -864 288 ) (3072 -864 256 ) 
4 10 12 (3584 -864 32 ) (3072 -864 32 ) (3072 -768 32 ) (3584 -768 32 ) 
4 10 11 (3072 -864 256 ) (3583.998047 -864 288 ) (3583.998047 -768 288 ) (3072 -768 256 ) 
4 11 145 (3072 -768 288 ) (3072 -768 256 ) (3072 -864 256 ) (3072 -864 288 ) 
4 12 146 (3072 -768 32 ) (3072 -768 -96 ) (3072 -864 -96 ) (3072 -864 32 ) 
4 12 16 (3072 -864 -96 ) (3072 -768 -96 ) (3584 -768 -96 ) (3584 -864 -96 ) 
4 12 15 (3072 -864 -96 ) (3584 -864 -96 ) (3584 -864 32 ) (3072 -864 32 ) 
3 13 40 (3072 -1024 256 ) (3584 -1024 256 ) (3584 -1024 288 ) 
4 13 14 (3072 -1024 256 ) (3072 -864 256 ) (3584 -864 256 ) (3584 -1024 256 ) 
4 14 144 (3072 -1024 32 ) (3072 -1024 256 ) (3072 -864 256 ) (3072 -864 32 ) 
4 14 47 (3072 -1024 160 ) (3072 -1024 32 ) (3584 -1024 32 ) (3584 -1024 160 ) 
4 14 41 (3072 -1024 256 ) (3072 -1024 160 ) (3584 -1024 160 ) (3584 -1024 256 ) 
4 14 15 (3072 -1024 32 ) (3072 -864 32 ) (3584 -864 32 ) (3584 -1024 32 ) 
4 15 146 (3072 -1024 -96 ) (3072 -1024 32 ) (3072 -864 32 ) (3072 -864 -96 ) 
4 15 65 (3072 -1024 32 ) (3072 -1024 -96 ) (3584 -1024 -96 ) (3584 -1024 32 ) 
4 15 16 (3584 -1024 -96 ) (3072 -1024 -96 ) (3072 -864 -96 ) (3584 -864 -96 ) 
4 16 181 (3072 -1024 -224 ) (3072 -1024 -96 ) (3072 -768 -96 ) (3072 -768 -224 ) 
4 16 68 (3072 -1024 -96 ) (3072 -1024 -224 ) (3584 -1024 -224 ) (3584 -1024 -96 ) 
4 17 69 (4096 -2048 1160.487427 ) (4096 -2048 974 ) (4229.053223 -2048 974 ) (4254.609863 -2048 1135.369751 ) 
4 17 29 (4096 -2048 974 ) (4096 -2048 1160.487427 ) (4096 -1856 1160.487427 ) (4096 -1856 974 ) 
4 18 70 (4157.339355 -2048 114.012115 ) (4193.815430 -2048 367.426514 ) (4096 -2048 382.918396 ) (4096 -2048 123.727234 ) 
4 18 59 (4096 -2048 123.727356 ) (4096 -2048 160 ) (4096 -1856 160 ) (4096 -1856 123.727783 ) 
4 18 39 (4096 -2048 160 ) (4096 -2048 288 ) (4096 -1856 288 ) (4096 -1856 160 ) 
4 18 30 (4096 -2048 288 ) (4096 -2048 382.918365 ) (4096 -1856 382.918396 ) (4096 -1856 288 ) 
4 18 19 (4134.476563 -1856 376.824921 ) (4096 -1856 382.918762 ) (4096 -2048 382.918762 ) (4134.476563 -2048 376.824921 ) 
4 19 71 (4217.203613 -2048 899.180054 ) (4096 -2048 899.180054 ) (4096 -2048 382.918396 ) (4134.476563 -2048 376.824524 ) 
4 19 31 (4096 -2048 382.918365 ) (4096 -2048 899.180054 ) (4096 -1856 899.180054 ) (4096 -1856 382.918396 ) 
4 20 232 (3072 -1216 288 ) (3072 -1344 288 ) (3072 -1344 352 ) (3072 -1216 352 ) 
4 20 42 (3072 -1344 288 ) (3072 -1216 288 ) (3584 -1216 288 ) (3584 -1344 288 ) 
4 20 36 (3600 -1232 288 ) (3600 -1328 288 ) (3584 -1328 288 ) (3584 -1232 288 ) 
4 20 35 (3600 -1216 288 ) (3808 -1216 288 ) (3808 -1344 288 ) (3600 -1344 288 ) 
4 21 37 (3872 -1600 288 ) (3872 -1728 288 ) (3744 -1728 288 ) (3744 -1600 288 ) 
4 22 25 (3704 -1728 1024 ) (3072 -1728 1024 ) (3072 -1728 448 ) (3704 -1728 448 ) 
4 22 23 (3072 -1472 448 ) (3584 -1472 448 ) (3584 -1728 448 ) (3072 -1728 448 ) 
4 23 27 (3584 -1728 304 ) (3584 -1728 416 ) (3072 -1728 416 ) (3072 -1728 304 ) 
4 23 26 (3584 -1728 416 ) (3584 -1728 448 ) (3072 -1728 448 ) (3072 -1728 416 ) 
4 23 24 (3584 -1536 304 ) (3584 -1728 304 ) (3072 -1728 304 ) (3072 -1536 304 ) 
4 24 42 (3072 -1728 288 ) (3072 -1536 288 ) (3584 -1536 288 ) (3584 -1728 288 ) 
4 24 27 (3072 -1728 288 ) (3584 -1728 288 ) (3584 -1728 304 ) (3072 -1728 304 ) 
4 25 26 (3584 -1792 448 ) (3072 -1792 448 ) (3072 -1728 448 ) (3584 -1728 448 ) 
4 26 27 (3584 -1792 416 ) (3072 -1792 416 ) (3072 -1728 416 ) (3584 -1728 416 ) 
4 27 42 (3072 -1792 288 ) (3072 -1728 288 ) (3584 -1728 288 ) (3584 -1792 288 ) 
4 28 38 (3936 -1792 288 ) (4064 -1792 288 ) (4064 -1856 288 ) (3936 -1856 288 ) 
4 28 31 (4064 -1856 387.984528 ) (4064 -1856 416 ) (3936 -1856 416 ) (3936 -1856 408.258698 ) 
4 28 30 (3936 -1856 288 ) (4064 -1856 288 ) (4064 -1856 387.984528 ) (3936 -1856 408.258698 ) 
4 29 96 (4096 -2048 974 ) (4096 -2048 1160.497803 ) (4001.770264 -2048 1175.423218 ) (3969.867432 -2048 974 ) 
5 30 103 (4096 -2048 288 ) (4096 -2048 382.916016 ) (3962.887207 -2048 404 ) (3911.925781 -2048 404 ) (3893.578857 -2048 288 ) 
4 30 102 (3911.925781 -2048 404 ) (3841 -2048 404 ) (3841 -2048 288 ) (3893.578857 -2048 288 ) 
3 30 97 (3962.887207 -2048 404 ) (3841 -2048 423.305908 ) (3841 -2048 404 ) 
4 30 39 (3841 -1856 288 ) (4096 -1856 288 ) (4096 -2048 288 ) (3841 -2048 288 ) 
4 30 34 (3841 -1856 405 ) (3841 -1856 288 ) (3841 -2048 288 ) (3841 -2048 405 ) 
4 30 33 (3841 -1981 405 ) (3841 -2048 405 ) (3841 -2048 423.305908 ) (3841 -1981 423.305908 ) 
4 30 32 (3841 -1856 423.305908 ) (3841 -1856 405 ) (3841 -1931 405 ) (3841 -1931 423.305908 ) 
4 30 31 (4096 -1856 382.916779 ) (3881.626709 -1856 416.871735 ) (3881.626221 -2048 416.871796 ) (4096 -2048 382.916779 ) 
3 31 103 (4096 -2048 382.916016 ) (4096 -2048 404 ) (3962.887207 -2048 404 ) 
3 31 99 (3958.227783 -2048 899.180054 ) (3958.017090 -2048 899.180054 ) (3883.972656 -2048 431.686005 ) 
6 31 98 (4096 -2048 404 ) (4096 -2048 899.180054 ) (3958.227783 -2048 899.180054 ) (3883.972656 -2048 431.686005 ) (3881.626221 -2048 416.871063 ) (3962.887207 -2048 404 ) 
4 32 34 (3816.926270 -1856 405 ) (3841 -1856 405 ) (3841 -1931 405 ) (3816.926270 -1931 405 ) 
4 33 101 (3816.926270 -2048 405 ) (3832 -2048 405 ) (3832 -2048 424.731476 ) (3820.014160 -2048 426.629944 ) 
4 33 97 (3832 -2048 405 ) (3841 -2048 405 ) (3841 -2048 423.305969 ) (3832 -2048 424.731476 ) 
4 33 34 (3841 -1981 405 ) (3841 -2048 405 ) (3816.926270 -2048 405 ) (3816.926270 -1981 405 ) 
4 34 102 (3800.223633 -2048 288 ) (3841 -2048 288 ) (3841 -2048 404 ) (3816.783447 -2048 404 ) 
4 34 101 (3832 -2048 405 ) (3816.926270 -2048 405 ) (3816.783447 -2048 404 ) (3832 -2048 404 ) 
4 34 97 (3841 -2048 404 ) (3841 -2048 405 ) (3832 -2048 405 ) (3832 -2048 404 ) 
4 34 39 (3800.223633 -1856 288 ) (3841 -1856 288 ) (3841 -2048 288 ) (3800.223633 -2048 288 ) 
4 35 36 (3600 -1328 288 ) (3600 -1232 288 ) (3600 -1232 224 ) (3600 -1328 224 ) 
4 36 42 (3584 -1328 208 ) (3584 -1328 288 ) (3584 -1232 288 ) (3584 -1232 208 ) 
4 37 48 (3744 -1600 160 ) (3872 -1600 160 ) (3872 -1728 160 ) (3744 -1728 160 ) 
4 37 38 (3936 -1728 160 ) (4064 -1728 160 ) (4064 -1728 288 ) (3936 -1728 288 ) 
4 38 39 (3936 -1856 160 ) (4064 -1856 160 ) (4064 -1856 288 ) (3936 -1856 288 ) 
4 39 103 (4096 -2048 160 ) (4096 -2048 288 ) (3893.578857 -2048 288 ) (3873.334229 -2048 160 ) 
5 39 102 (3893.578857 -2048 288 ) (3800.223389 -2048 288 ) (3783.830322 -2048 173.168640 ) (3866.979492 -2048 160 ) (3873.334229 -2048 160 ) 
4 39 59 (4096 -2048 160 ) (4067.725830 -2048 160 ) (4067.725830 -1856 160 ) (4096 -1856 160 ) 
4 39 58 (4067.725830 -2048 160 ) (3873.334229 -2048 160 ) (3873.334229 -1856 160 ) (4067.725830 -1856 160 ) 
4 39 57 (3873.334229 -2048 160 ) (3866.979492 -2048 160 ) (3866.979492 -1856 160 ) (3873.334229 -1856 160 ) 
3 40 42 (3584 -1216 256 ) (3584 -1216 288 ) (3072 -1216 256 ) 
4 40 41 (3584 -1216 256 ) (3072 -1216 256 ) (3072 -1024 256 ) (3584 -1024 256 ) 
4 41 237 (3072 -1152 160 ) (3072 -1216 160 ) (3072 -1216 256 ) (3072 -1152 256 ) 
4 41 209 (3072 -1024 256 ) (3072 -1024 160 ) (3072 -1152 160 ) (3072 -1152 256 ) 
4 41 47 (3072 -1216 160 ) (3072 -1024 160 ) (3584 -1024 160 ) (3584 -1216 160 ) 
4 41 42 (3072 -1216 160 ) (3584 -1216 160 ) (3584 -1216 256 ) (3072 -1216 256 ) 
4 42 237 (3072 -1792 288 ) (3072 -1216 288 ) (3072 -1216 160 ) (3072 -1792 160 ) 
4 42 52 (3072 -1792 160 ) (3072 -1728 160 ) (3584 -1728 160 ) (3584 -1792 160 ) 
4 42 51 (3072 -1728 160 ) (3072 -1600 160 ) (3584 -1600 160 ) (3584 -1728 160 ) 
4 42 47 (3072 -1600 160 ) (3072 -1216 160 ) (3584 -1216 160 ) (3584 -1600 160 ) 
4 42 44 (3072 -1792 160 ) (3264 -1792 160 ) (3264 -1792 288 ) (3072 -1792 288 ) 
4 42 43 (3392 -1792 160 ) (3584 -1792 160 ) (3584 -1792 288 ) (3392 -1792 288 ) 
4 43 60 (3392 -1984 160 ) (3392 -1856 160 ) (3584 -1856 160 ) (3584 -1984 160 ) 
4 43 53 (3392 -1856 160 ) (3392 -1792 160 ) (3584 -1792 160 ) (3584 -1856 160 ) 
4 44 237 (3072 -1808 288 ) (3072 -1792 288 ) (3072 -1792 160 ) (3072 -1808 160 ) 
4 44 55 (3072 -1808 160 ) (3072 -1792 160 ) (3136 -1792 160 ) (3136 -1808 160 ) 
4 44 54 (3136 -1792 160 ) (3264 -1792 160 ) (3264 -1808 160 ) (3136 -1808 160 ) 
4 45 62 (3648 -1408 32 ) (3696 -1408 32 ) (3696 -1584 32 ) (3648 -1584 32 ) 
4 45 46 (3616 -1584 64 ) (3616 -1584 32 ) (3632 -1584 32 ) (3632 -1584 64 ) 
4 47 240 (3072 -1152 96 ) (3072 -1152 32 ) (3072 -1600 32 ) (3072 -1600 96 ) 
4 47 239 (3072 -1600 160 ) (3072 -1152 160 ) (3072 -1152 96 ) (3072 -1600 96 ) 
4 47 209 (3072 -1152 160 ) (3072 -1024 160 ) (3072 -1024 32 ) (3072 -1152 32 ) 
4 47 65 (3072 -1600 32 ) (3072 -1024 32 ) (3584 -1024 32 ) (3584 -1600 32 ) 
4 47 51 (3072 -1600 32 ) (3584 -1600 32 ) (3584 -1600 160 ) (3072 -1600 160 ) 
4 48 49 (3603 -1600 160 ) (3603 -1600 32 ) (3603 -1728 32 ) (3603 -1728 160 ) 
4 49 50 (3602 -1600 160 ) (3602 -1600 32 ) (3602 -1728 32 ) (3602 -1728 160 ) 
4 50 51 (3584 -1600 160 ) (3584 -1600 32 ) (3584 -1728 32 ) (3584 -1728 160 ) 
4 51 240 (3072 -1600 96 ) (3072 -1600 32 ) (3072 -1728 32 ) (3072 -1728 96 ) 
4 51 239 (3072 -1728 160 ) (3072 -1600 160 ) (3072 -1600 96 ) (3072 -1728 96 ) 
4 51 65 (3072 -1728 32 ) (3072 -1600 32 ) (3584 -1600 32 ) (3584 -1728 32 ) 
4 51 52 (3072 -1728 32 ) (3584 -1728 32 ) (3584 -1728 160 ) (3072 -1728 160 ) 
4 52 240 (3072 -1728 96 ) (3072 -1728 32 ) (3072 -1792 32 ) (3072 -1792 96 ) 
4 52 239 (3072 -1792 160 ) (3072 -1728 160 ) (3072 -1728 96 ) (3072 -1792 96 ) 
4 52 65 (3072 -1792 32 ) (3072 -1728 32 ) (3584 -1728 32 ) (3584 -1792 32 ) 
4 52 55 (3072 -1792 32 ) (3136 -1792 32 ) (3136 -1792 160 ) (3072 -1792 160 ) 
4 52 54 (3136 -1792 32 ) (3264 -1792 32 ) (3264 -1792 160 ) (3136 -1792 160 ) 
4 52 53 (3328 -1792 32 ) (3584 -1792 32 ) (3584 -1792 160 ) (3328 -1792 160 ) 
4 53 61 (3328 -1856 32 ) (3384 -1856 32 ) (3384 -1856 160 ) (3328 -1856 160 ) 
4 53 60 (3392 -1856 32 ) (3584 -1856 32 ) (3584 -1856 160 ) (3392 -1856 160 ) 
4 54 55 (3136 -1792 160 ) (3136 -1792 32 ) (3136 -1808 32 ) (3136 -1808 160 ) 
4 54 56 (3136 -1824 32 ) (3136 -1856 32 ) (3136 -1856 160 ) (3136 -1824 160 ) 
4 55 242 (3072 -1808 160 ) (3072 -1792 160 ) (3072 -1792 32 ) (3072 -1808 32 ) 
4 56 243 (3072 -1856 160 ) (3072 -1824 160 ) (3072 -1824 32 ) (3072 -1856 32 ) 
3 57 102 (3873.334229 -2048 160 ) (3866.979492 -2048 160 ) (3873.178955 -2048 159.018188 ) 
4 57 58 (3873.178223 -1856 159.018311 ) (3873.333496 -1856 160 ) (3873.333496 -2048 160 ) (3873.178223 -2048 159.018311 ) 
4 58 104 (3873.178955 -2048 159.018616 ) (3870.679443 -2048 143.215088 ) (4060.320801 -2048 113.178909 ) (4062.820313 -2048 128.982437 ) 
4 58 103 (4067.725830 -2048 160 ) (3873.334229 -2048 160 ) (3873.178955 -2048 159.018616 ) (4062.820313 -2048 128.982437 ) 
4 58 59 (4062.819824 -1856 128.983032 ) (4067.725586 -1856 160 ) (4067.725586 -2048 160 ) (4062.819824 -2048 128.982544 ) 
4 59 103 (4096 -2048 123.727318 ) (4096 -2048 160 ) (4067.725830 -2048 160 ) (4062.820313 -2048 128.982422 ) 
4 62 63 (3648 -1408 30 ) (3696 -1408 30 ) (3696 -1592 30 ) (3648 -1592 30 ) 
4 63 66 (3696 -1592 -96 ) (3600 -1592 -96 ) (3600 -1408 -96 ) (3696 -1408 -96 ) 
4 63 64 (3600 -1408 -96 ) (3600 -1592 -96 ) (3600 -1592 30 ) (3600 -1408 30 ) 
4 64 67 (3600 -1408 -96 ) (3600 -1600 -96 ) (3584 -1600 -96 ) (3584 -1408 -96 ) 
4 64 65 (3584 -1408 -96 ) (3584 -1600 -96 ) (3584 -1600 30 ) (3584 -1408 30 ) 
4 65 261 (3072 -1792 32 ) (3072 -1024 32 ) (3072 -1024 -96 ) (3072 -1792 -96 ) 
4 65 68 (3072 -1792 -96 ) (3072 -1024 -96 ) (3584 -1024 -96 ) (3584 -1792 -96 ) 
4 66 67 (3600 -1592 -96 ) (3600 -1408 -96 ) (3600 -1408 -160 ) (3600 -1592 -160 ) 
4 67 68 (3584 -1600 -96 ) (3584 -1408 -96 ) (3584 -1408 -160 ) (3584 -1600 -160 ) 
4 68 272 (3072 -1792 -96 ) (3072 -1024 -96 ) (3072 -1024 -224 ) (3072 -1792 -224 ) 
4 69 96 (4096 -2048 1160.487427 ) (4096 -2048 974 ) (4096 -2238 974 ) (4096 -2238 1160.487427 ) 
4 70 103 (4096 -2048 382.918396 ) (4096 -2048 123.727234 ) (4096 -2112 123.727089 ) (4096 -2112 382.918335 ) 
5 70 80 (4096 -2112 123.727539 ) (4157.339355 -2112 114.012329 ) (4189.111816 -2112 334.749634 ) (4105.609863 -2112 347.983521 ) (4096 -2112 287.325317 ) 
4 70 79 (4189.111816 -2112 334.749634 ) (4193.815430 -2112 367.426514 ) (4110.770508 -2112 380.579041 ) (4105.603027 -2112 347.984558 ) 
3 70 74 (4096 -2112 349.506561 ) (4096 -2112 338.501740 ) (4097.700195 -2112 349.237091 ) 
4 70 73 (4102.869629 -2112 381.830292 ) (4096 -2112 382.918335 ) (4096 -2112 349.506561 ) (4097.702637 -2112 349.236694 ) 
4 70 71 (4096 -2112 382.918762 ) (4134.463379 -2112 376.826996 ) (4134.464844 -2048 376.826752 ) (4096 -2048 382.918793 ) 
4 71 103 (4096 -2048 404 ) (4096 -2048 382.918396 ) (4096 -2112 382.918335 ) (4096 -2112 404 ) 
4 71 98 (4096 -2048 899.180054 ) (4096 -2048 404 ) (4096 -2112 404 ) (4096 -2112 899.180054 ) 
5 71 81 (4217.203613 -2112 899.180054 ) (4186.825684 -2112 899.180054 ) (4104.841797 -2112 381.517975 ) (4134.463379 -2112 376.826569 ) (4138.953125 -2112 405.090179 ) 
4 71 72 (4186.825684 -2112 899.180054 ) (4096 -2112 899.180054 ) (4096 -2112 382.918335 ) (4104.841797 -2112 381.517975 ) 
4 72 110 (4096 -2208 382.914948 ) (4096 -2208 404 ) (4096 -2207 404 ) (4096 -2207 382.914948 ) 
4 72 108 (4096 -2207 404 ) (4096 -2113 404 ) (4096 -2113 382.914856 ) (4096 -2207 382.914948 ) 
4 72 106 (4096 -2113 404 ) (4096 -2112 404 ) (4096 -2112 382.914856 ) (4096 -2113 382.914856 ) 
4 72 98 (4096 -2208 404 ) (4096 -2208 899.180054 ) (4096 -2112 899.180054 ) (4096 -2112 404 ) 
4 72 91 (4186.826172 -2208 899.180054 ) (4184.828613 -2208 899.180054 ) (4102.869141 -2208 381.828552 ) (4104.842285 -2208 381.516479 ) 
4 72 90 (4184.828613 -2208 899.180054 ) (4096 -2208 899.180054 ) (4096 -2208 382.914856 ) (4102.869141 -2208 381.828552 ) 
4 72 87 (4186.825195 -2208 899.180054 ) (4104.841797 -2208 381.516663 ) (4104.841797 -2207 381.516663 ) (4186.825195 -2207 899.180054 ) 
4 72 84 (4104.841797 -2207 381.516663 ) (4104.840820 -2113 381.516724 ) (4186.824707 -2113 899.180054 ) (4186.825195 -2207 899.180054 ) 
4 72 81 (4104.840820 -2113 381.516724 ) (4104.840820 -2112 381.516724 ) (4186.824707 -2112 899.180054 ) (4186.824707 -2113 899.180054 ) 
4 72 77 (4102.939453 -2208 381.817871 ) (4096 -2208 382.915314 ) (4096 -2207 382.915314 ) (4102.939453 -2207 381.817871 ) 
4 72 75 (4102.939453 -2207 381.817871 ) (4096 -2207 382.915314 ) (4096 -2113 382.915344 ) (4102.938477 -2113 381.817993 ) 
4 72 73 (4096 -2112 382.915344 ) (4102.869629 -2112 381.828949 ) (4102.869629 -2113 381.828949 ) (4096 -2113 382.915344 ) 
4 73 106 (4096 -2113 382.914856 ) (4096 -2112 382.914856 ) (4096 -2112 349.506561 ) (4096 -2113 349.506592 ) 
4 73 75 (4102.869629 -2113 381.830139 ) (4096 -2113 382.916565 ) (4096 -2113 349.506561 ) (4097.702637 -2113 349.236725 ) 
4 73 74 (4097.702637 -2113 349.236816 ) (4096 -2113 349.506653 ) (4096 -2112 349.506653 ) (4097.702637 -2112 349.236816 ) 
4 74 106 (4096 -2112 349.506561 ) (4096 -2112 338.501556 ) (4096 -2113 338.498444 ) (4096 -2113 349.506592 ) 
3 74 76 (4097.700684 -2113 349.237030 ) (4096 -2113 349.506561 ) (4096 -2113 338.498291 ) 
4 75 108 (4096 -2207 382.914948 ) (4096 -2113 382.914856 ) (4096 -2113 349.506592 ) (4096 -2207 349.506561 ) 
4 75 77 (4102.939453 -2207 381.819061 ) (4096 -2207 382.916565 ) (4096 -2207 349.506561 ) (4097.700684 -2207 349.237030 ) 
4 75 76 (4097.700684 -2207 349.237122 ) (4096 -2207 349.506653 ) (4096 -2113 349.507629 ) (4097.700195 -2113 349.238190 ) 
4 76 108 (4096 -2113 349.506592 ) (4096 -2113 325.687592 ) (4096 -2207 325.684357 ) (4096 -2207 349.506561 ) 
3 76 78 (4097.700195 -2207 349.237091 ) (4096 -2207 349.506561 ) (4096 -2207 338.501434 ) 
4 77 110 (4096 -2208 349.506531 ) (4096 -2208 382.914948 ) (4096 -2207 382.914948 ) (4096 -2207 349.506561 ) 
4 77 90 (4096 -2208 382.914856 ) (4096 -2208 349.506592 ) (4097.700684 -2208 349.237091 ) (4102.939453 -2208 381.817413 ) 
4 77 78 (4096 -2207 349.507629 ) (4097.700684 -2207 349.238098 ) (4097.700684 -2208 349.238098 ) (4096 -2208 349.507629 ) 
4 78 110 (4096 -2208 338.720215 ) (4096 -2208 349.506531 ) (4096 -2207 349.506561 ) (4096 -2207 338.720215 ) 
3 78 90 (4096 -2208 349.506592 ) (4096 -2208 338.498352 ) (4097.700684 -2208 349.237091 ) 
4 79 82 (4105.603027 -2113 347.984589 ) (4189.111328 -2113 334.749725 ) (4193.814453 -2113 367.426758 ) (4110.770020 -2113 380.579041 ) 
4 79 81 (4134.476563 -2112 376.824341 ) (4110.770020 -2112 380.578949 ) (4110.770020 -2113 380.578979 ) (4134.476563 -2113 376.824371 ) 
4 79 80 (4189.113281 -2113 334.750000 ) (4105.603027 -2113 347.984711 ) (4105.603027 -2112 347.984680 ) (4189.112305 -2112 334.749664 ) 
4 80 105 (4096 -2112 123.727089 ) (4096 -2113 123.727089 ) (4096 -2113 287.387299 ) (4096 -2112 287.324890 ) 
5 80 82 (4096 -2113 287.388000 ) (4096 -2113 123.726669 ) (4157.339355 -2113 114.011497 ) (4189.111328 -2113 334.749725 ) (4105.600098 -2113 347.985046 ) 
4 81 84 (4186.830078 -2113 899.180054 ) (4104.846191 -2113 381.517273 ) (4110.773438 -2113 380.578522 ) (4192.932617 -2113 899.180054 ) 
4 81 83 (4110.773438 -2113 380.578522 ) (4134.476074 -2113 376.824554 ) (4217.203613 -2113 899.180054 ) (4192.932617 -2113 899.180054 ) 
4 82 105 (4096 -2113 123.727089 ) (4096 -2207 123.726868 ) (4096 -2207 287.333069 ) (4096 -2113 287.325378 ) 
5 82 86 (4096 -2207 287.333588 ) (4096 -2207 123.726669 ) (4157.339355 -2207 114.011497 ) (4189.111328 -2207 334.749725 ) (4105.608398 -2207 347.983734 ) 
4 82 85 (4189.111328 -2207 334.749725 ) (4193.814453 -2207 367.426758 ) (4110.772461 -2207 380.578796 ) (4105.608398 -2207 347.983734 ) 
4 82 83 (4134.463379 -2113 376.826843 ) (4110.772949 -2113 380.578613 ) (4110.771484 -2207 380.578796 ) (4134.460938 -2207 376.826904 ) 
5 83 87 (4217.203613 -2207 899.180054 ) (4192.931641 -2207 899.180054 ) (4110.772461 -2207 380.578796 ) (4134.460938 -2207 376.827057 ) (4139.781738 -2207 410.324646 ) 
4 83 84 (4192.932617 -2113 899.180054 ) (4110.773438 -2113 380.578552 ) (4110.771973 -2207 380.578827 ) (4192.931152 -2207 899.180054 ) 
4 84 87 (4186.830078 -2207 899.180054 ) (4104.846191 -2207 381.515930 ) (4110.772461 -2207 380.578674 ) (4192.931641 -2207 899.180054 ) 
4 85 88 (4189.111816 -2208 334.749634 ) (4193.815430 -2208 367.426514 ) (4110.769043 -2208 380.579315 ) (4105.602051 -2208 347.984863 ) 
4 85 87 (4134.460938 -2207 376.826813 ) (4110.769043 -2207 380.579102 ) (4110.769043 -2208 380.579163 ) (4134.460938 -2208 376.826874 ) 
4 85 86 (4189.113281 -2208 334.750977 ) (4105.602051 -2208 347.985901 ) (4105.602051 -2207 347.985809 ) (4189.112305 -2207 334.750641 ) 
4 86 105 (4096 -2207 123.726868 ) (4096 -2208 123.726868 ) (4096 -2208 287.387146 ) (4096 -2207 287.324738 ) 
5 86 88 (4157.339355 -2208 114.011627 ) (4189.111816 -2208 334.749634 ) (4105.600098 -2208 347.985168 ) (4096 -2208 287.387085 ) (4096 -2208 123.726807 ) 
4 87 91 (4192.904785 -2208 899.180054 ) (4186.826172 -2208 899.180054 ) (4104.842773 -2208 381.517944 ) (4110.770020 -2208 380.579163 ) 
5 87 89 (4217.203613 -2208 899.180054 ) (4192.904785 -2208 899.180054 ) (4110.770020 -2208 380.579163 ) (4134.460938 -2208 376.827026 ) (4139.781738 -2208 410.324615 ) 
4 88 113 (4096 -2240 123.726837 ) (4096 -2240 287.330261 ) (4096 -2208 287.320862 ) (4096 -2208 123.726807 ) 
4 88 89 (4134.476074 -2208 376.822083 ) (4110.771484 -2208 380.576385 ) (4110.770508 -2238 380.578217 ) (4134.476074 -2238 376.823730 ) 
4 89 91 (4192.906250 -2208 899.180054 ) (4110.770020 -2208 380.576599 ) (4110.769043 -2238 380.578308 ) (4192.904785 -2238 899.180054 ) 
4 90 111 (4096 -2208 404 ) (4096 -2208 338.469177 ) (4096 -2238 338.465576 ) (4096 -2238 404 ) 
4 90 98 (4096 -2238 899.180054 ) (4096 -2208 899.180054 ) (4096 -2208 404 ) (4096 -2238 404 ) 
3 90 92 (4096 -2238 382.917480 ) (4096 -2238 338.466187 ) (4102.869629 -2238 381.829468 ) 
4 90 91 (4184.827148 -2238 899.180054 ) (4102.868164 -2238 381.828735 ) (4102.867676 -2208 381.828796 ) (4184.826660 -2208 899.180054 ) 
4 92 112 (4096 -2240 338.466095 ) (4096 -2240 382.917572 ) (4096 -2238 382.917480 ) (4096 -2238 338.465576 ) 
4 93 95 (4128 -2784 192 ) (4128 -2784 384 ) (4128 -2688 384 ) (4128 -2688 192 ) 
4 94 116 (4096 -2256 288 ) (4096 -2256 160 ) (4096 -2368 160 ) (4096 -2368 288 ) 
4 95 125 (4096 -2944 416 ) (4096 -2592 416 ) (4096 -2592 160 ) (4096 -2944 160 ) 
4 95 122 (4096 -2592 416 ) (4096 -2528 416 ) (4096 -2528 160 ) (4096 -2592 160 ) 
4 97 111 (3962.886963 -2208 404 ) (3962.886963 -2238 404 ) (3911.925781 -2238 404 ) (3911.925781 -2208 404 ) 
4 97 110 (3962.886963 -2207 404 ) (3962.886963 -2208 404 ) (3911.925781 -2208 404 ) (3911.925781 -2207 404 ) 
4 97 108 (3962.886963 -2113 404 ) (3962.886963 -2207 404 ) (3911.925781 -2207 404 ) (3911.925781 -2113 404 ) 
4 97 106 (3962.886963 -2112 404 ) (3962.886963 -2113 404 ) (3911.925781 -2113 404 ) (3911.925781 -2112 404 ) 
4 97 103 (3911.925781 -2048 404 ) (3962.886963 -2048 404 ) (3962.886963 -2112 404 ) (3911.925781 -2112 404 ) 
4 97 102 (3832 -2238 404 ) (3832 -2048 404 ) (3911.925781 -2048 404 ) (3911.925781 -2238 404 ) 
4 97 101 (3832 -2048 404 ) (3832 -2217 404 ) (3832 -2217 424.731476 ) (3832 -2048 424.731476 ) 
3 97 100 (3832 -2238 424.731476 ) (3832 -2238 404 ) (3962.886963 -2238 404 ) 
4 97 98 (3881.619385 -2238 416.872314 ) (3962.888184 -2238 404 ) (3962.888184 -2048 404 ) (3881.619629 -2048 416.872253 ) 
4 98 111 (4096 -2208 404 ) (4096 -2238 404 ) (3962.886963 -2238 404 ) (3962.886963 -2208 404 ) 
4 98 110 (4096 -2207 404 ) (4096 -2208 404 ) (3962.886963 -2208 404 ) (3962.886963 -2207 404 ) 
4 98 108 (4096 -2113 404 ) (4096 -2207 404 ) (3962.886963 -2207 404 ) (3962.886963 -2113 404 ) 
4 98 106 (4096 -2112 404 ) (4096 -2113 404 ) (3962.886963 -2113 404 ) (3962.886963 -2112 404 ) 
4 98 103 (3962.886963 -2048 404 ) (4096 -2048 404 ) (4096 -2112 404 ) (3962.886963 -2112 404 ) 
4 98 99 (3883.887939 -2238 431.152283 ) (3958.227539 -2238 899.180054 ) (3958.227783 -2048 899.180054 ) (3883.888184 -2048 431.152252 ) 
4 100 112 (3962.887695 -2240 404 ) (3911.925781 -2240 404 ) (3911.925781 -2238 404 ) (3962.886719 -2238 404 ) 
4 100 102 (3911.925781 -2240 404 ) (3832 -2240 404 ) (3832 -2238 404 ) (3911.925781 -2238 404 ) 
4 101 102 (3816.783691 -2048 404 ) (3832 -2048 404 ) (3832 -2217 404 ) (3816.783447 -2217 404 ) 
4 102 112 (3911.925293 -2238 404 ) (3911.925293 -2240 404 ) (3873.178467 -2240 159.018219 ) (3873.178467 -2238 159.018219 ) 
4 102 111 (3911.925293 -2208 404 ) (3911.925293 -2238 404 ) (3873.178467 -2238 159.018219 ) (3873.178467 -2208 159.018219 ) 
4 102 110 (3911.925293 -2207 404 ) (3911.925293 -2208 404 ) (3873.178467 -2208 159.018219 ) (3873.178467 -2207 159.018219 ) 
4 102 109 (3878.336670 -2207 191.631256 ) (3873.178467 -2207 159.018219 ) (3873.178467 -2113 159.018234 ) (3878.336670 -2113 191.632233 ) 
4 102 108 (3911.925293 -2113 404 ) (3911.925293 -2207 404 ) (3878.336670 -2207 191.631256 ) (3878.336670 -2113 191.632233 ) 
4 102 107 (3878.336670 -2113 191.632233 ) (3873.178467 -2113 159.018234 ) (3873.178467 -2112 159.018234 ) (3878.336670 -2112 191.632233 ) 
4 102 106 (3911.925293 -2112 404 ) (3911.925293 -2113 404 ) (3878.336670 -2113 191.632233 ) (3878.336670 -2112 191.632233 ) 
4 102 103 (3873.178467 -2048 159.018234 ) (3911.925293 -2048 404 ) (3911.925293 -2112 404 ) (3873.178467 -2112 159.018234 ) 
4 103 107 (3878.336182 -2112 191.632294 ) (3873.177979 -2112 159.018585 ) (4062.819092 -2112 128.982468 ) (4067.975586 -2112 161.577713 ) 
5 103 106 (3911.924805 -2112 404 ) (3878.336182 -2112 191.632294 ) (4067.979980 -2112 161.577011 ) (4096 -2112 338.501984 ) (4096 -2112 404 ) 
3 103 105 (4070.720215 -2112 127.731071 ) (4096 -2112 123.727150 ) (4096 -2112 287.210144 ) 
4 103 104 (4062.820068 -2112 128.981766 ) (3873.175781 -2112 159.018555 ) (3873.175781 -2048 159.018723 ) (4062.820068 -2048 128.982056 ) 
4 104 114 (3873.177979 -2112 159.018585 ) (3870.678467 -2112 143.215271 ) (4060.320801 -2112 113.178932 ) (4062.820068 -2112 128.982315 ) 
3 105 113 (4070.719971 -2208 127.731316 ) (4096 -2208 123.727348 ) (4096 -2208 287.212708 ) 
5 106 108 (3911.927734 -2113 404 ) (3878.338623 -2113 191.631882 ) (4067.980469 -2113 161.576950 ) (4096 -2113 338.498718 ) (4096 -2113 404 ) 
4 106 107 (4067.980469 -2113 161.577225 ) (3878.337158 -2113 191.632446 ) (3878.339844 -2112 191.632813 ) (4067.979980 -2112 161.577332 ) 
4 107 114 (3873.183594 -2113 159.017578 ) (3873.183594 -2112 159.017578 ) (4062.819092 -2112 128.982300 ) (4062.819092 -2113 128.982315 ) 
4 107 109 (3878.338623 -2113 191.631882 ) (3873.179688 -2113 159.013672 ) (4062.818359 -2113 128.977554 ) (4067.975830 -2113 161.577667 ) 
5 108 110 (3911.927734 -2207 404 ) (3878.338623 -2207 191.630920 ) (4067.976318 -2207 161.576599 ) (4096 -2207 338.720062 ) (4096 -2207 404 ) 
4 108 109 (3878.332031 -2113 191.632813 ) (4067.975830 -2113 161.578003 ) (4067.976318 -2207 161.576965 ) (3878.337158 -2207 191.631546 ) 
4 109 114 (3873.183594 -2207 159.017334 ) (3873.183594 -2113 159.017578 ) (4062.819336 -2113 128.982285 ) (4062.820068 -2207 128.982468 ) 
4 109 110 (3878.338623 -2207 191.630920 ) (3873.179688 -2207 159.013672 ) (4062.819092 -2207 128.977432 ) (4067.976318 -2207 161.576599 ) 
4 110 114 (3873.183594 -2208 159.017334 ) (3873.183594 -2207 159.017334 ) (4062.819824 -2207 128.982513 ) (4062.819824 -2208 128.982513 ) 
5 110 111 (3911.926758 -2208 404 ) (3873.179688 -2208 159.018555 ) (4062.819824 -2208 128.982559 ) (4096 -2208 338.719055 ) (4096 -2208 404 ) 
4 111 114 (3873.183594 -2238 159.017258 ) (3873.183594 -2208 159.017334 ) (4062.812988 -2208 128.983597 ) (4062.813477 -2238 128.983627 ) 
6 111 112 (3911.927734 -2238 404 ) (3873.179688 -2238 159.011719 ) (4062.813477 -2238 128.976563 ) (4096 -2238 338.460388 ) (4096 -2238 382.917511 ) (3962.886719 -2238 404 ) 
4 112 115 (3893.175049 -2240 285.446045 ) (3873.334229 -2240 160 ) (4067.727295 -2240 160 ) (4082.841553 -2240 255.406250 ) 
4 112 114 (4062.813477 -2240 128.983627 ) (3873.183594 -2240 159.017258 ) (3873.183594 -2238 159.017258 ) (4062.813477 -2238 128.983627 ) 
4 115 116 (3904 -2256 160 ) (4067.731934 -2256 160 ) (4082.840088 -2256 255.406509 ) (3904 -2256 283.731598 ) 
4 116 117 (3936 -2368 160 ) (4064 -2368 160 ) (4064 -2368 288 ) (3936 -2368 288 ) 
4 117 119 (4064 -2432 288 ) (3936 -2432 288 ) (3936 -2432 160 ) (4064 -2432 160 ) 
4 118 121 (4096 -2496 160 ) (4096 -2496 320 ) (4064 -2496 320 ) (4064 -2496 160 ) 
4 118 119 (4064 -2432 320 ) (4064 -2432 160 ) (4064 -2496 160 ) (4064 -2496 320 ) 
4 119 121 (4064 -2496 160 ) (4064 -2496 320 ) (3936 -2496 320 ) (3936 -2496 160 ) 
4 119 120 (3936 -2432 320 ) (3936 -2432 160 ) (3936 -2496 160 ) (3936 -2496 320 ) 
4 120 121 (3936 -2496 160 ) (3936 -2496 320 ) (3904 -2496 320 ) (3904 -2496 160 ) 
4 121 122 (3904 -2497 320 ) (3904 -2497 160 ) (4096 -2497 160 ) (4096 -2497 320 ) 
4 122 125 (4096 -2592 160 ) (4096 -2592 416 ) (4064 -2592 416 ) (4064 -2592 160 ) 
4 122 126 (4064 -2592 416 ) (3904 -2592 416 ) (3904 -2592 160 ) (4064 -2592 160 ) 
4 123 126 (3936 -2656 416 ) (3936 -2720 416 ) (3872 -2720 416 ) (3872 -2656 416 ) 
4 124 126 (3936 -2848 416 ) (3936 -2912 416 ) (3872 -2912 416 ) (3872 -2848 416 ) 
4 125 126 (4064 -2592 160 ) (4064 -2944 160 ) (4064 -2944 416 ) (4064 -2592 416 ) 
4 126 131 (4064 -2944 160 ) (4064 -2976 160 ) (3840 -2976 160 ) (3840 -2944 160 ) 
4 126 127 (3840 -2624 160 ) (3840 -2752 160 ) (3840 -2752 416 ) (3840 -2624 416 ) 
4 126 128 (3840 -2816 160 ) (3840 -2976 160 ) (3840 -2976 416 ) (3840 -2816 416 ) 
4 127 129 (3840 -2624 160 ) (3840 -2752 160 ) (3808 -2752 160 ) (3808 -2624 160 ) 
4 128 131 (3840 -2944 160 ) (3840 -2976 160 ) (3808 -2976 160 ) (3808 -2944 160 ) 
4 128 130 (3840 -2816 160 ) (3840 -2944 160 ) (3808 -2944 160 ) (3808 -2816 160 ) 
4 130 131 (3808 -2944 160 ) (3808 -2944 152 ) (3840 -2944 152 ) (3840 -2944 160 ) 
3 132 145 (3072 -768 256 ) (3072 -768 288 ) (2880 -768 288 ) 
4 132 144 (3072 -768 198.313019 ) (3072 -768 256 ) (2880 -768 288 ) (2880 -768 198.313019 ) 
4 132 136 (3024 -768 198.313019 ) (2880 -768 198.313019 ) (2880 -752 198.313019 ) (3024 -752 198.313019 ) 
4 132 135 (3072 -768 198.313019 ) (3024 -768 198.313019 ) (3024 -752 198.313019 ) (3072 -752 198.313019 ) 
4 135 144 (3072 -768 160 ) (3072 -768 198.313019 ) (3024 -768 198.313019 ) (3024 -768 160 ) 
4 135 136 (3024 -768 160 ) (3024 -768 198.313019 ) (3024 -752 198.313019 ) (3024 -752 160 ) 
4 136 144 (3024 -768 198.313019 ) (2880 -768 198.313019 ) (2880 -768 160 ) (3024 -768 160 ) 
3 137 206 (3072 -1024 288 ) (3072 -1024 304 ) (2976 -1024 304 ) 
5 137 201 (3072 -1024 304 ) (3072 -1024 1024 ) (2880 -1024 1024 ) (2880 -1024 320 ) (2976 -1024 304 ) 
4 137 140 (2880 -1024 320 ) (2880 -1024 1024 ) (2880 -896 1024 ) (2880 -896 320 ) 
4 137 139 (2880 -896 1024 ) (2880 -864 1024 ) (2880 -864 320 ) (2880 -896 320 ) 
4 137 138 (2880 -1024 320 ) (2880 -768 320 ) (3072.006836 -768 288 ) (3072.006836 -1024 288 ) 
4 138 207 (3072 -1024 288 ) (2976 -1024 304 ) (2880 -1024 304 ) (2880 -1024 288 ) 
3 138 202 (2976 -1024 304 ) (2880 -1024 320 ) (2880 -1024 304 ) 
4 138 145 (3072 -1024 288 ) (2880 -1024 288 ) (2880 -768 288 ) (3072 -768 288 ) 
4 138 143 (2880 -896 288 ) (2880 -1024 288 ) (2880 -1024 304 ) (2880 -896 304 ) 
4 138 141 (2880 -1024 304 ) (2880 -1024 320 ) (2880 -896 320 ) (2880 -896 304 ) 
4 138 139 (2880 -896 304 ) (2880 -896 320 ) (2880 -864 320 ) (2880 -864 304 ) 
4 139 142 (2816 -896 320 ) (2688 -896 320 ) (2688 -896 304 ) (2816 -896 304 ) 
4 139 141 (2880 -896 304 ) (2880 -896 320 ) (2816 -896 320 ) (2816 -896 304 ) 
4 139 140 (2880 -896 320 ) (2880 -896 1024 ) (2688 -896 1024 ) (2688 -896 320 ) 
4 140 203 (2880 -1024 1024 ) (2688 -1024 1024 ) (2688 -1024 320 ) (2880 -1024 320 ) 
4 140 142 (2688 -1024 320 ) (2688 -896 320 ) (2816 -896 320 ) (2816 -1024 320 ) 
4 140 141 (2816 -896 320 ) (2880 -896 320 ) (2880 -1024 320 ) (2816 -1024 320 ) 
4 141 204 (2816 -1024 304 ) (2880 -1024 304 ) (2880 -1024 320 ) (2816 -1024 320 ) 
4 141 143 (2816 -896 304 ) (2880 -896 304 ) (2880 -1024 304 ) (2816 -1024 304 ) 
4 141 142 (2816 -896 304 ) (2816 -1024 304 ) (2816 -1024 320 ) (2816 -896 320 ) 
4 142 205 (2688 -1024 320 ) (2688 -1024 304 ) (2816 -1024 304 ) (2816 -1024 320 ) 
4 143 208 (2816 -1024 288 ) (2880 -1024 288 ) (2880 -1024 304 ) (2816 -1024 304 ) 
4 143 153 (2864 -1024 288 ) (2816 -1024 288 ) (2816 -896 288 ) (2864 -896 288 ) 
4 143 147 (2880 -1024 288 ) (2864 -1024 288 ) (2864 -896 288 ) (2880 -896 288 ) 
4 144 209 (3072 -1024 32 ) (3072 -1024 256 ) (2880 -1024 288 ) (2880 -1024 32 ) 
4 144 147 (2880 -1024 32 ) (2880 -1024 288 ) (2880 -864 288 ) (2880 -864 32 ) 
4 144 146 (2880 -1024 32 ) (2880 -768 32 ) (3072 -768 32 ) (3072 -1024 32 ) 
4 144 145 (2880 -768 288 ) (2880 -1024 288 ) (3072 -1024 256 ) (3072 -768 256 ) 
3 145 210 (3072 -1024 256 ) (3072 -1024 288 ) (2880 -1024 288 ) 
4 146 261 (3072 -1024 -96 ) (3072 -1024 32 ) (2880 -1024 32 ) (2880 -1024 -96 ) 
4 146 181 (2880 -768 -96 ) (3072 -768 -96 ) (3072 -1024 -96 ) (2880 -1024 -96 ) 
4 146 148 (2880 -768 -96 ) (2880 -1024 -96 ) (2880 -1024 -32 ) (2880 -768 -32 ) 
4 147 211 (2880 -1024 288 ) (2864 -1024 288 ) (2864 -1024 32 ) (2880 -1024 32 ) 
4 147 153 (2864 -1024 32 ) (2864 -1024 288 ) (2864 -864 288 ) (2864 -864 32 ) 
4 148 262 (2864 -1024 -32 ) (2864 -1024 -96 ) (2880 -1024 -96 ) (2880 -1024 -32 ) 
4 148 154 (2864 -864 -96 ) (2864 -1024 -96 ) (2864 -1024 -32 ) (2864 -864 -32 ) 
4 148 150 (2864 -768 -96 ) (2864 -864 -96 ) (2864 -864 -32 ) (2864 -768 -32 ) 
4 149 151 (2816 -784 272 ) (2816 -784 48 ) (2816 -832 48 ) (2816 -832 272 ) 
4 150 154 (2864 -864 -96 ) (2864 -864 -32 ) (2856 -864 -32 ) (2856 -864 -96 ) 
4 151 152 (2816 -832 128 ) (2816 -832 256 ) (2752 -832 256 ) (2752 -832 128 ) 
4 152 155 (2752 -864 256 ) (2752 -864 128 ) (2816 -864 128 ) (2816 -864 256 ) 
4 153 211 (2864 -1024 288 ) (2816 -1024 288 ) (2816 -1024 32 ) (2864 -1024 32 ) 
4 153 156 (2816 -992 32 ) (2816 -1024 32 ) (2816 -1024 288 ) (2816 -992 288 ) 
4 153 155 (2816 -864 288 ) (2816 -864 32 ) (2816 -992 32 ) (2816 -992 288 ) 
4 154 262 (2856 -1024 -96 ) (2864 -1024 -96 ) (2864 -1024 -32 ) (2856 -1024 -32 ) 
4 155 162 (2688 -992 32 ) (2688 -992 128 ) (2688 -960 128 ) (2688 -960 32 ) 
4 155 159 (2688 -992 128 ) (2688 -992 160 ) (2688 -960 160 ) (2688 -960 128 ) 
4 155 158 (2688 -960 160 ) (2688 -928 160 ) (2688 -928 128 ) (2688 -960 128 ) 
4 155 157 (2688 -992 160 ) (2688 -992 192 ) (2688 -960 192 ) (2688 -960 160 ) 
4 155 156 (2816 -992 32 ) (2816 -992 288 ) (2688 -992 288 ) (2688 -992 32 ) 
4 156 211 (2816 -1024 288 ) (2688 -1024 288 ) (2688 -1024 32 ) (2816 -1024 32 ) 
4 156 162 (2688 -1024 32 ) (2688 -1024 128 ) (2688 -992 128 ) (2688 -992 32 ) 
4 156 159 (2688 -1024 128 ) (2688 -1024 160 ) (2688 -992 160 ) (2688 -992 128 ) 
4 156 157 (2688 -1024 160 ) (2688 -1024 192 ) (2688 -992 192 ) (2688 -992 160 ) 
4 157 159 (2684 -960 160 ) (2688 -960 160 ) (2688 -1024 160 ) (2684 -1024 160 ) 
4 158 159 (2684 -960 128 ) (2688 -960 128 ) (2688 -960 160 ) (2684 -960 160 ) 
4 159 212 (2674 -1024 128 ) (2688 -1024 128 ) (2688 -1024 160 ) (2674 -1024 160 ) 
4 159 162 (2674 -960 128 ) (2688 -960 128 ) (2688 -1024 128 ) (2674 -1024 128 ) 
4 159 160 (2674 -960 160 ) (2674 -960 128 ) (2674 -1024 128 ) (2674 -1024 160 ) 
4 160 213 (2673 -1024 128 ) (2674 -1024 128 ) (2674 -1024 160 ) (2673 -1024 160 ) 
4 160 163 (2673 -960 128 ) (2674 -960 128 ) (2674 -1024 128 ) (2673 -1024 128 ) 
4 160 161 (2673 -960 160 ) (2673 -960 128 ) (2673 -1024 128 ) (2673 -1024 160 ) 
4 161 214 (2656 -1024 160 ) (2656 -1024 128 ) (2673 -1024 128 ) (2673 -1024 160 ) 
4 161 166 (2656 -1024 128 ) (2656 -1024 160 ) (2656 -992 160 ) (2656 -992 128 ) 
4 161 164 (2656 -1024 128 ) (2656 -960 128 ) (2673 -960 128 ) (2673 -1024 128 ) 
4 162 212 (2674 -1024 32 ) (2688 -1024 32 ) (2688 -1024 128 ) (2674 -1024 128 ) 
4 162 163 (2674 -960 128 ) (2674 -960 32 ) (2674 -1024 32 ) (2674 -1024 128 ) 
4 163 213 (2673 -1024 32 ) (2674 -1024 32 ) (2674 -1024 128 ) (2673 -1024 128 ) 
4 163 164 (2673 -960 128 ) (2673 -960 32 ) (2673 -1024 32 ) (2673 -1024 128 ) 
4 164 214 (2656 -1024 128 ) (2656 -1024 32 ) (2673 -1024 32 ) (2673 -1024 128 ) 
4 164 166 (2656 -1024 32 ) (2656 -1024 128 ) (2656 -992 128 ) (2656 -992 32 ) 
4 165 166 (2600 -992 32 ) (2616 -992 32 ) (2616 -992 160 ) (2600 -992 160 ) 
4 166 214 (2592 -1024 160 ) (2592 -1024 32 ) (2656 -1024 32 ) (2656 -1024 160 ) 
4 166 169 (2592 -992 32 ) (2592 -1024 32 ) (2592 -1024 160 ) (2592 -992 160 ) 
4 167 171 (2496 -992 32 ) (2496 -992 160 ) (2496 -960 160 ) (2496 -960 32 ) 
4 167 170 (2496 -992 224 ) (2496 -992 32 ) (2528 -992 32 ) (2528 -992 224 ) 
4 167 169 (2528 -992 32 ) (2592 -992 32 ) (2592 -992 222 ) (2528 -992 222 ) 
4 167 168 (2592 -992 222 ) (2592 -992 224 ) (2528 -992 224 ) (2528 -992 222 ) 
4 168 219 (2528 -1024 232 ) (2528 -1024 222 ) (2592 -1024 222 ) (2592 -1024 232 ) 
4 168 170 (2528 -992 224 ) (2528 -992 222 ) (2528 -1024 222 ) (2528 -1024 224 ) 
4 168 169 (2528 -1024 222 ) (2528 -992 222 ) (2592 -992 222 ) (2592 -1024 222 ) 
4 169 220 (2528 -1024 222 ) (2528 -1024 32 ) (2592 -1024 32 ) (2592 -1024 222 ) 
4 169 170 (2528 -992 222 ) (2528 -992 32 ) (2528 -1024 32 ) (2528 -1024 222 ) 
4 170 221 (2496 -1024 224 ) (2496 -1024 32 ) (2528 -1024 32 ) (2528 -1024 224 ) 
4 170 171 (2496 -1024 32 ) (2496 -1024 160 ) (2496 -992 160 ) (2496 -992 32 ) 
4 171 223 (2496 -1024 32 ) (2496 -1024 160 ) (2480 -1024 160 ) (2480 -1024 32 ) 
4 171 172 (2480 -1008 160 ) (2480 -960 160 ) (2480 -960 32 ) (2480 -1008 32 ) 
4 171 180 (2480 -1024 32 ) (2480 -1024 160 ) (2480 -1008 160 ) (2480 -1008 32 ) 
4 172 173 (2280 -901.335876 544 ) (2280 -901.335938 -36 ) (2299.998535 -967.997437 -36 ) (2299.998535 -967.997559 544 ) 
5 172 174 (2480 -1008 -36 ) (2312 -1008 -36 ) (2280 -901.332275 -36 ) (2280 -784 -36 ) (2480 -784 -36 ) 
4 172 180 (2480 -1008 -36 ) (2480 -1008 544 ) (2312 -1008 544 ) (2312 -1008 -36 ) 
4 172 175 (2280 -784 544 ) (2280 -784 -36 ) (2280 -901.332275 -36 ) (2280 -901.332275 544 ) 
4 173 175 (2280 -901.332275 -36 ) (2280 -936 -36 ) (2280 -936 544 ) (2280 -901.332275 544 ) 
3 173 174 (2280 -936 -36 ) (2280 -901.332275 -36 ) (2300 -968 -36 ) 
4 174 182 (2480 -784 -96 ) (2480 -1008 -96 ) (2280 -1008 -96 ) (2280 -784 -96 ) 
4 174 175 (2280 -784 -36 ) (2280 -784 -96 ) (2280 -1008 -96 ) (2280 -1008 -36 ) 
4 174 180 (2280 -1008 -96 ) (2480 -1008 -96 ) (2480 -1008 -36 ) (2280 -1008 -36 ) 
4 175 182 (2280 -1008 -96 ) (2072 -1008 -96 ) (2072 -784 -96 ) (2280 -784 -96 ) 
4 175 177 (2072 -824 218 ) (2072 -784 218 ) (2072 -784 186 ) (2072 -824 186 ) 
4 175 176 (2072 -944 218 ) (2072 -944 544 ) (2072 -784 544 ) (2072 -784 218 ) 
4 175 178 (2072 -784 -96 ) (2072 -944 -96 ) (2072 -944 186 ) (2072 -784 186 ) 
4 175 179 (2072 -944 -96 ) (2072 -1008 -96 ) (2072 -1008 544 ) (2072 -944 544 ) 
4 175 180 (2072 -1008 -96 ) (2280 -1008 -96 ) (2280 -1008 544 ) (2072 -1008 544 ) 
4 176 183 (2048 -944 544 ) (2048 -784 544 ) (2048 -784 218 ) (2048 -944 218 ) 
4 176 177 (2048 -824 218 ) (2048 -784 218 ) (2072 -784 218 ) (2072 -824 218 ) 
4 176 179 (2072 -944 218 ) (2072 -944 544 ) (2048 -944 544 ) (2048 -944 218 ) 
4 177 184 (2048 -784 218 ) (2048 -784 186 ) (2048 -824 186 ) (2048 -824 218 ) 
4 177 178 (2048 -824 186 ) (2048 -784 186 ) (2072 -784 186 ) (2072 -824 186 ) 
4 178 197 (2048 -784 -18 ) (2048 -784 -96 ) (2048 -856 -96 ) (2048 -856 -18 ) 
4 178 200 (2048 -856 -96 ) (2048 -944 -96 ) (2048 -944 -18 ) (2048 -856 -18 ) 
4 178 194 (2048 -852 -18 ) (2048 -856 -18 ) (2048 -856 90 ) (2048 -852 90 ) 
4 178 196 (2048 -856 -18 ) (2048 -944 -18 ) (2048 -944 90 ) (2048 -856 90 ) 
4 178 191 (2048 -784 90 ) (2048 -784 -18 ) (2048 -852 -18 ) (2048 -852 90 ) 
4 178 186 (2048 -784 186 ) (2048 -784 90 ) (2048 -856 90 ) (2048 -856 186 ) 
4 178 189 (2048 -856 90 ) (2048 -944 90 ) (2048 -944 186 ) (2048 -856 186 ) 
4 178 182 (2048 -944 -96 ) (2048 -784 -96 ) (2072 -784 -96 ) (2072 -944 -96 ) 
4 178 179 (2048 -944 -96 ) (2072 -944 -96 ) (2072 -944 186 ) (2048 -944 186 ) 
4 179 200 (2048 -944 -18 ) (2048 -944 -96 ) (2048 -1008 -96 ) (2048 -1008 -18 ) 
4 179 196 (2048 -944 90 ) (2048 -944 -18 ) (2048 -1008 -18 ) (2048 -1008 90 ) 
4 179 189 (2048 -944 186 ) (2048 -944 90 ) (2048 -1008 90 ) (2048 -1008 186 ) 
4 179 185 (2048 -1008 544 ) (2048 -944 544 ) (2048 -944 186 ) (2048 -1008 186 ) 
4 179 182 (2048 -1008 -96 ) (2048 -944 -96 ) (2072 -944 -96 ) (2072 -1008 -96 ) 
4 179 180 (2048 -1008 -96 ) (2072 -1008 -96 ) (2072 -1008 544 ) (2048 -1008 544 ) 
4 180 263 (2048 -1024 32 ) (2048 -1024 -96 ) (2480 -1024 -96 ) (2480 -1024 32 ) 
4 180 224 (2048 -1024 544 ) (2048 -1024 32 ) (2480 -1024 32 ) (2480 -1024 544 ) 
4 180 200 (2048 -1024 -96 ) (2048 -1024 -18 ) (2048 -1008 -18 ) (2048 -1008 -96 ) 
4 180 196 (2048 -1024 -18 ) (2048 -1024 90 ) (2048 -1008 90 ) (2048 -1008 -18 ) 
4 180 189 (2048 -1024 90 ) (2048 -1024 186 ) (2048 -1008 186 ) (2048 -1008 90 ) 
4 180 185 (2048 -1024 186 ) (2048 -1024 544 ) (2048 -1008 544 ) (2048 -1008 186 ) 
4 180 182 (2048 -1024 -96 ) (2048 -1008 -96 ) (2480 -1008 -96 ) (2480 -1024 -96 ) 
4 181 272 (3072 -1024 -224 ) (3072 -1024 -96 ) (2880 -1024 -96 ) (2880 -1024 -224 ) 
4 182 273 (2480 -1024 -96 ) (2048 -1024 -96 ) (2048 -1024 -224 ) (2480 -1024 -224 ) 
4 182 197 (2048 -856 -96 ) (2048 -784 -96 ) (2048 -784 -224 ) (2048 -856 -224 ) 
4 182 200 (2048 -1024 -224 ) (2048 -1024 -96 ) (2048 -856 -96 ) (2048 -856 -224 ) 
4 183 184 (1880 -824 218 ) (1880 -784 218 ) (2048 -784 218 ) (2048 -824 218 ) 
4 183 185 (1880 -944 544 ) (1880 -944 218 ) (2048 -944 218 ) (2048 -944 544 ) 
4 183 190 (1880 -784 544 ) (1880 -784 218 ) (1880 -944 218 ) (1880 -944 544 ) 
4 184 187 (1940 -784 186 ) (2012 -784 186 ) (2012 -824 186 ) (1940 -824 186 ) 
4 184 186 (2012 -784 186 ) (2048 -784 186 ) (2048 -824 186 ) (2012 -824 186 ) 
4 184 188 (1880 -824 186 ) (1880 -784 186 ) (1940 -784 186 ) (1940 -824 186 ) 
4 184 190 (1880 -784 218 ) (1880 -784 186 ) (1880 -824 186 ) (1880 -824 218 ) 
4 185 274 (2048 -1024 186 ) (2048 -1024 544 ) (1880 -1024 544 ) (1880 -1024 186 ) 
4 185 189 (2048 -1024 186 ) (1880 -1024 186 ) (1880 -944 186 ) (2048 -944 186 ) 
4 185 190 (1880 -944 186 ) (1880 -1024 186 ) (1880 -1024 544 ) (1880 -944 544 ) 
4 186 194 (2048 -852 90 ) (2048 -856 90 ) (2012 -856 90 ) (2012 -852 90 ) 
4 186 191 (2048 -784 90 ) (2048 -852 90 ) (2012 -852 90 ) (2012 -784 90 ) 
4 186 187 (2012 -856 94 ) (2012 -856 186 ) (2012 -784 186 ) (2012 -784 94 ) 
4 186 189 (2048 -856 186 ) (2012 -856 186 ) (2012 -856 90 ) (2048 -856 90 ) 
4 187 189 (2012 -856 186 ) (1940 -856 186 ) (1940 -856 94 ) (2012 -856 94 ) 
4 187 188 (1940 -856 94 ) (1940 -856 186 ) (1940 -784 186 ) (1940 -784 94 ) 
4 188 195 (1940 -856 90 ) (1880 -856 90 ) (1880 -852 90 ) (1940 -852 90 ) 
4 188 193 (1880 -852 90 ) (1880 -784 90 ) (1940 -784 90 ) (1940 -852 90 ) 
4 188 189 (1940 -856 186 ) (1880 -856 186 ) (1880 -856 90 ) (1940 -856 90 ) 
4 188 190 (1880 -784 186 ) (1880 -784 90 ) (1880 -856 90 ) (1880 -856 186 ) 
4 189 289 (1880 -1024 90 ) (1940 -1024 90 ) (1940 -1024 148 ) (1880 -1024 148 ) 
4 189 279 (1940 -1024 90 ) (2048 -1024 90 ) (2048 -1024 148 ) (1940 -1024 148 ) 
4 189 274 (2048 -1024 148 ) (2048 -1024 186 ) (1880 -1024 186 ) (1880 -1024 148 ) 
4 189 196 (2048 -856 90 ) (2048 -1024 90 ) (1880 -1024 90 ) (1880 -856 90 ) 
4 189 190 (1880 -856 90 ) (1880 -1024 90 ) (1880 -1024 186 ) (1880 -856 186 ) 
4 190 289 (1616 -1024 90 ) (1880 -1024 90 ) (1880 -1024 148 ) (1616 -1024 148 ) 
4 190 278 (1880 -1024 148 ) (1880 -1024 544 ) (1616 -1024 544 ) (1616 -1024 148 ) 
4 190 195 (1616 -856 90 ) (1616 -852 90 ) (1880 -852 90 ) (1880 -856 90 ) 
4 190 196 (1880 -1024 90 ) (1616 -1024 90 ) (1616 -856 90 ) (1880 -856 90 ) 
4 190 193 (1616 -852 90 ) (1616 -784 90 ) (1880 -784 90 ) (1880 -852 90 ) 
4 191 197 (2012 -784 -18 ) (2048 -784 -18 ) (2048 -852 -18 ) (2012 -852 -18 ) 
4 191 194 (2012 -852 -18 ) (2048 -852 -18 ) (2048 -852 90 ) (2012 -852 90 ) 
4 193 199 (1616 -852 -18 ) (1616 -784 -18 ) (1940 -784 -18 ) (1940 -852 -18 ) 
4 193 195 (1616 -852 90 ) (1616 -852 -18 ) (1940 -852 -18 ) (1940 -852 90 ) 
4 194 197 (2012 -852 -18 ) (2048 -852 -18 ) (2048 -856 -18 ) (2012 -856 -18 ) 
4 194 196 (2012 -856 -18 ) (2048 -856 -18 ) (2048 -856 90 ) (2012 -856 90 ) 
4 195 199 (1616 -856 -18 ) (1616 -852 -18 ) (1940 -852 -18 ) (1940 -856 -18 ) 
4 195 196 (1616 -856 90 ) (1616 -856 -18 ) (1940 -856 -18 ) (1940 -856 90 ) 
4 196 293 (1616 -1024 52 ) (1616 -1024 -18 ) (1940 -1024 -18 ) (1940 -1024 52 ) 
4 196 289 (1940 -1024 90 ) (1616 -1024 90 ) (1616 -1024 52 ) (1940 -1024 52 ) 
4 196 282 (2048 -1024 -18 ) (2048 -1024 90 ) (1940 -1024 90 ) (1940 -1024 -18 ) 
4 196 200 (1616 -1024 -18 ) (1616 -856 -18 ) (2048 -856 -18 ) (2048 -1024 -18 ) 
4 197 198 (2012 -784 -22 ) (2012 -784 -224 ) (2012 -856 -224 ) (2012 -856 -22 ) 
4 197 200 (2012 -856 -224 ) (2048 -856 -224 ) (2048 -856 -18 ) (2012 -856 -18 ) 
4 198 200 (1940 -856 -224 ) (2012 -856 -224 ) (2012 -856 -22 ) (1940 -856 -22 ) 
4 198 199 (1940 -784 -22 ) (1940 -784 -224 ) (1940 -856 -224 ) (1940 -856 -22 ) 
4 199 200 (1616 -856 -224 ) (1940 -856 -224 ) (1940 -856 -18 ) (1616 -856 -18 ) 
4 200 293 (1940 -1024 -18 ) (1616 -1024 -18 ) (1616 -1024 -224 ) (1940 -1024 -224 ) 
4 200 288 (2048 -1024 -224 ) (2048 -1024 -22 ) (1940 -1024 -22 ) (1940 -1024 -224 ) 
4 200 286 (2048 -1024 -22 ) (2048 -1024 -18 ) (1940 -1024 -18 ) (1940 -1024 -22 ) 
4 201 206 (3072 -1152 304 ) (2976 -1152 304 ) (2976 -1024 304 ) (3072 -1024 304 ) 
4 201 203 (2880 -1152 320 ) (2880 -1152 1024 ) (2880 -1024 1024 ) (2880 -1024 320 ) 
4 201 202 (2880 -1152 320 ) (2880 -1024 320 ) (2976.006836 -1024 304 ) (2976.006836 -1152 304 ) 
4 202 207 (2976 -1152 304 ) (2880 -1152 304 ) (2880 -1024 304 ) (2976 -1024 304 ) 
4 202 204 (2880 -1024 304 ) (2880 -1152 304 ) (2880 -1152 320 ) (2880 -1024 320 ) 
4 203 205 (2688 -1152 320 ) (2688 -1024 320 ) (2816 -1024 320 ) (2816 -1152 320 ) 
4 203 204 (2816 -1024 320 ) (2880 -1024 320 ) (2880 -1152 320 ) (2816 -1152 320 ) 
4 204 208 (2880 -1152 304 ) (2816 -1152 304 ) (2816 -1024 304 ) (2880 -1024 304 ) 
4 204 205 (2816 -1024 304 ) (2816 -1152 304 ) (2816 -1152 320 ) (2816 -1024 320 ) 
4 206 207 (2976.006836 -1152 304 ) (2976.006836 -1024 304 ) (3072.006836 -1024 288 ) (3072.006836 -1152 288 ) 
4 207 210 (3072 -1152 288 ) (2880 -1152 288 ) (2880 -1024 288 ) (3072 -1024 288 ) 
4 207 208 (2880 -1024 288 ) (2880 -1152 288 ) (2880 -1152 304 ) (2880 -1024 304 ) 
4 208 211 (2880 -1152 288 ) (2816 -1152 288 ) (2816 -1024 288 ) (2880 -1024 288 ) 
4 209 261 (2880 -1024 32 ) (3072 -1024 32 ) (3072 -1152 32 ) (2880 -1152 32 ) 
4 209 241 (2880 -1152 32 ) (2888 -1152 32 ) (2888 -1152 96 ) (2880 -1152 96 ) 
4 209 240 (2888 -1152 32 ) (3072 -1152 32 ) (3072 -1152 96 ) (2888 -1152 96 ) 
4 209 239 (3072 -1152 96 ) (3072 -1152 160 ) (2880 -1152 160 ) (2880 -1152 96 ) 
4 209 238 (3008 -1152 266.666656 ) (2880 -1152 288 ) (2880 -1152 160 ) (3008 -1152 160 ) 
4 209 237 (3072 -1152 160 ) (3072 -1152 256 ) (3008 -1152 266.666656 ) (3008 -1152 160 ) 
4 209 211 (2880 -1024 32 ) (2880 -1152 32 ) (2880 -1152 288 ) (2880 -1024 288 ) 
4 209 210 (2880 -1024 288 ) (2880 -1152 288 ) (3072 -1152 256 ) (3072 -1024 256 ) 
3 210 238 (3008 -1152 288 ) (2880 -1152 288 ) (3008 -1152 266.666656 ) 
4 210 237 (3072 -1152 256 ) (3072 -1152 288 ) (3008 -1152 288 ) (3008 -1152 266.666656 ) 
4 211 244 (2752 -1152 32 ) (2880 -1152 32 ) (2880 -1152 96 ) (2752 -1152 96 ) 
4 211 215 (2688 -1120 32 ) (2688 -1152 32 ) (2688 -1152 160 ) (2688 -1120 160 ) 
4 211 212 (2688 -1024 32 ) (2688 -1120 32 ) (2688 -1120 160 ) (2688 -1024 160 ) 
4 212 215 (2688 -1120 32 ) (2688 -1120 160 ) (2674 -1120 160 ) (2674 -1120 32 ) 
4 212 213 (2674 -1024 32 ) (2674 -1120 32 ) (2674 -1120 160 ) (2674 -1024 160 ) 
4 213 216 (2674 -1120 160 ) (2673 -1120 160 ) (2673 -1120 32 ) (2674 -1120 32 ) 
4 213 214 (2673 -1024 32 ) (2673 -1120 32 ) (2673 -1120 160 ) (2673 -1024 160 ) 
4 214 220 (2592 -1024 160 ) (2592 -1024 32 ) (2592 -1120 32 ) (2592 -1120 160 ) 
4 214 218 (2616 -1120 160 ) (2600 -1120 160 ) (2600 -1120 32 ) (2616 -1120 32 ) 
4 214 217 (2673 -1120 160 ) (2656 -1120 160 ) (2656 -1120 32 ) (2673 -1120 32 ) 
4 215 216 (2674 -1120 160 ) (2674 -1120 32 ) (2674 -1152 32 ) (2674 -1152 160 ) 
4 216 217 (2673 -1120 160 ) (2673 -1120 32 ) (2673 -1152 32 ) (2673 -1152 160 ) 
4 219 222 (2592 -1120 222 ) (2592 -1120 224 ) (2528 -1120 224 ) (2528 -1120 222 ) 
4 219 221 (2528 -1120 222 ) (2528 -1120 224 ) (2528 -1024 224 ) (2528 -1024 222 ) 
4 219 220 (2592 -1120 222 ) (2528 -1120 222 ) (2528 -1024 222 ) (2592 -1024 222 ) 
4 220 222 (2528 -1120 32 ) (2592 -1120 32 ) (2592 -1120 222 ) (2528 -1120 222 ) 
4 220 221 (2528 -1024 32 ) (2528 -1120 32 ) (2528 -1120 222 ) (2528 -1024 222 ) 
4 221 223 (2496 -1024 32 ) (2496 -1120 32 ) (2496 -1120 160 ) (2496 -1024 160 ) 
4 221 222 (2496 -1120 224 ) (2496 -1120 32 ) (2528 -1120 32 ) (2528 -1120 224 ) 
4 222 223 (2496 -1120 32 ) (2496 -1152 32 ) (2496 -1152 160 ) (2496 -1120 160 ) 
4 223 225 (2480 -1104 32 ) (2480 -1152 32 ) (2480 -1152 160 ) (2480 -1104 160 ) 
4 223 224 (2480 -1024 32 ) (2480 -1104 32 ) (2480 -1104 160 ) (2480 -1024 160 ) 
4 224 282 (2048 -1024 90 ) (2048 -1024 32 ) (2048 -1104 32 ) (2048 -1104 90 ) 
4 224 279 (2048 -1024 148 ) (2048 -1024 90 ) (2048 -1104 90 ) (2048 -1104 148 ) 
4 224 274 (2048 -1024 544 ) (2048 -1024 148 ) (2048 -1104 148 ) (2048 -1104 544 ) 
4 224 263 (2048 -1104 32 ) (2048 -1024 32 ) (2480 -1024 32 ) (2480 -1104 32 ) 
4 224 226 (2312 -1104 32 ) (2325 -1104 32 ) (2325 -1104 544 ) (2312 -1104 544 ) 
4 224 225 (2325 -1104 32 ) (2480 -1104 32 ) (2480 -1104 544 ) (2325 -1104 544 ) 
4 224 227 (2048 -1104 32 ) (2280 -1104 32 ) (2280 -1104 544 ) (2048 -1104 544 ) 
4 225 264 (2325 -1104 32 ) (2480 -1104 32 ) (2480 -1152 32 ) (2295 -1152 32 ) 
4 225 245 (2295 -1152 32 ) (2480 -1152 32 ) (2480 -1152 288 ) (2295 -1152 288 ) 
4 225 234 (2480 -1152 288 ) (2480 -1152 352 ) (2295 -1152 352 ) (2295 -1152 288 ) 
4 225 228 (2480 -1152 352 ) (2480 -1152 544 ) (2295 -1152 544 ) (2295 -1152 352 ) 
4 225 226 (2324.998047 -1104 544 ) (2324.998047 -1104 32 ) (2300.001709 -1143.994629 32 ) (2300.001709 -1143.994629 544 ) 
3 226 265 (2312 -1104 32 ) (2325 -1104 32 ) (2300 -1143.998901 32 ) 
4 227 282 (2048 -1104 32 ) (2048 -1152 32 ) (2048 -1152 90 ) (2048 -1104 90 ) 
4 227 279 (2048 -1152 90 ) (2048 -1152 148 ) (2048 -1104 148 ) (2048 -1104 90 ) 
4 227 274 (2048 -1152 148 ) (2048 -1152 544 ) (2048 -1104 544 ) (2048 -1104 148 ) 
4 227 267 (2048 -1152 32 ) (2048 -1104 32 ) (2280 -1104 32 ) (2280 -1152 32 ) 
4 227 247 (2048 -1152 32 ) (2072 -1152 32 ) (2072 -1152 288 ) (2048 -1152 288 ) 
4 227 246 (2072 -1152 32 ) (2280 -1152 32 ) (2280 -1152 288 ) (2072 -1152 288 ) 
4 227 235 (2280 -1152 288 ) (2280 -1152 352 ) (2048 -1152 352 ) (2048 -1152 288 ) 
4 227 229 (2280 -1152 352 ) (2280 -1152 544 ) (2048 -1152 544 ) (2048 -1152 352 ) 
5 228 234 (2295 -1152 352 ) (2480 -1152 352 ) (2480 -1328 352 ) (2280 -1328 352 ) (2280 -1176 352 ) 
4 228 229 (2280 -1176 352 ) (2280 -1328 352 ) (2280 -1328 544 ) (2280 -1176 544 ) 
4 229 275 (2048 -1168 352 ) (2048 -1328 352 ) (2048 -1328 544 ) (2048 -1168 544 ) 
4 229 274 (2048 -1152 544 ) (2048 -1152 352 ) (2048 -1168 352 ) (2048 -1168 544 ) 
4 229 235 (2048 -1152 352 ) (2280 -1152 352 ) (2280 -1328 352 ) (2048 -1328 352 ) 
4 230 231 (2832 -1744 368 ) (2736 -1744 368 ) (2736 -1648 368 ) (2832 -1648 368 ) 
4 231 236 (2848 -1760 352 ) (2720 -1760 352 ) (2720 -1632 352 ) (2848 -1632 352 ) 
4 232 238 (3008 -1344 288 ) (2880 -1344 288 ) (2880 -1216 288 ) (3008 -1216 288 ) 
4 232 237 (3072 -1216 288 ) (3072 -1344 288 ) (3008 -1344 288 ) (3008 -1216 288 ) 
4 232 233 (2880 -1216 288 ) (2880 -1344 288 ) (2880 -1344 352 ) (2880 -1216 352 ) 
4 233 253 (2848 -1344 288 ) (2608 -1344 288 ) (2608 -1216 288 ) (2848 -1216 288 ) 
4 233 251 (2880 -1280 288 ) (2880 -1344 288 ) (2848 -1344 288 ) (2848 -1280 288 ) 
4 233 250 (2880 -1216 288 ) (2880 -1280 288 ) (2848 -1280 288 ) (2848 -1216 288 ) 
4 234 254 (2480 -1216 288 ) (2480 -1328 288 ) (2280 -1328 288 ) (2280 -1216 288 ) 
5 234 245 (2295 -1152 288 ) (2480 -1152 288 ) (2480 -1216 288 ) (2280 -1216 288 ) (2280 -1176 288 ) 
4 234 235 (2280 -1176 288 ) (2280 -1328 288 ) (2280 -1328 352 ) (2280 -1176 352 ) 
4 235 275 (2048 -1328 352 ) (2048 -1168 352 ) (2048 -1168 288 ) (2048 -1328 288 ) 
4 235 274 (2048 -1168 352 ) (2048 -1152 352 ) (2048 -1152 288 ) (2048 -1168 288 ) 
4 235 255 (2048 -1288 288 ) (2048 -1216 288 ) (2072 -1216 288 ) (2072 -1288 288 ) 
4 235 257 (2048 -1328 288 ) (2048 -1288 288 ) (2072 -1288 288 ) (2072 -1328 288 ) 
4 235 254 (2072 -1216 288 ) (2280 -1216 288 ) (2280 -1328 288 ) (2072 -1328 288 ) 
4 235 248 (2048 -1216 288 ) (2048 -1168 288 ) (2072 -1168 288 ) (2072 -1216 288 ) 
4 235 247 (2048 -1168 288 ) (2048 -1152 288 ) (2072 -1152 288 ) (2072 -1168 288 ) 
4 235 246 (2072 -1152 288 ) (2280 -1152 288 ) (2280 -1216 288 ) (2072 -1216 288 ) 
4 236 258 (2688 -1600 288 ) (2880 -1600 288 ) (2880 -1792 288 ) (2688 -1792 288 ) 
4 237 242 (3072 -1792 160 ) (3072 -1808 160 ) (3008 -1808 160 ) (3008 -1792 160 ) 
4 237 239 (3008 -1152 160 ) (3072 -1152 160 ) (3072 -1792 160 ) (3008 -1792 160 ) 
4 237 238 (3008 -1152 160 ) (3008 -1792 160 ) (3008 -1792 288 ) (3008 -1152 288 ) 
4 238 260 (2880 -1600 160 ) (2880 -1792 160 ) (2880 -1792 224 ) (2880 -1600 224 ) 
4 238 259 (2880 -1408 160 ) (2880 -1536 160 ) (2880 -1536 224 ) (2880 -1408 224 ) 
4 238 258 (2880 -1792 288 ) (2880 -1600 288 ) (2880 -1600 224 ) (2880 -1792 224 ) 
4 238 251 (2880 -1344 288 ) (2880 -1280 288 ) (2880 -1280 224 ) (2880 -1344 224 ) 
4 238 250 (2880 -1280 288 ) (2880 -1216 288 ) (2880 -1216 224 ) (2880 -1280 224 ) 
4 238 239 (2880 -1792 160 ) (2880 -1152 160 ) (3008 -1152 160 ) (3008 -1792 160 ) 
4 239 260 (2880 -1600 96 ) (2880 -1792 96 ) (2880 -1792 160 ) (2880 -1600 160 ) 
4 239 259 (2880 -1408 96 ) (2880 -1536 96 ) (2880 -1536 160 ) (2880 -1408 160 ) 
4 239 242 (3072 -1792 160 ) (3008 -1792 160 ) (3008 -1792 96 ) (3072 -1792 96 ) 
3 239 241 (2880 -1216 96 ) (2880 -1152 96 ) (2888 -1152 96 ) 
5 239 240 (3072 -1792 96 ) (2880 -1792 96 ) (2880 -1216 96 ) (2888 -1152 96 ) (3072 -1152 96 ) 
5 240 261 (2880 -1792 32 ) (2880 -1216 32 ) (2888 -1152 32 ) (3072 -1152 32 ) (3072 -1792 32 ) 
4 240 260 (2880 -1600 32 ) (2880 -1792 32 ) (2880 -1792 96 ) (2880 -1600 96 ) 
4 240 252 (2880 -1280 32 ) (2880 -1344 32 ) (2880 -1344 96 ) (2880 -1280 96 ) 
4 240 242 (3008 -1792 32 ) (3072 -1792 32 ) (3072 -1792 96 ) (3008 -1792 96 ) 
4 240 241 (2880 -1215.996094 32 ) (2880 -1215.996094 96 ) (2888 -1152 96 ) (2888 -1152 32 ) 
3 241 261 (2880 -1216 32 ) (2880 -1152 32 ) (2888 -1152 32 ) 
4 241 244 (2880 -1152 96 ) (2880 -1152 32 ) (2880 -1216 32 ) (2880 -1216 96 ) 
5 245 264 (2295 -1152 32 ) (2480 -1152 32 ) (2480 -1216 32 ) (2280 -1216 32 ) (2280 -1176 32 ) 
4 245 254 (2280 -1216 32 ) (2480 -1216 32 ) (2480 -1216 288 ) (2280 -1216 288 ) 
4 245 246 (2280 -1216 32 ) (2280 -1216 288 ) (2280 -1176 288 ) (2280 -1176 32 ) 
4 246 267 (2072 -1152 32 ) (2280 -1152 32 ) (2280 -1216 32 ) (2072 -1216 32 ) 
4 246 254 (2072 -1216 32 ) (2280 -1216 32 ) (2280 -1216 288 ) (2072 -1216 288 ) 
4 246 248 (2072 -1216 218 ) (2072 -1216 288 ) (2072 -1168 288 ) (2072 -1168 218 ) 
4 246 249 (2072 -1216 32 ) (2072 -1216 186 ) (2072 -1168 186 ) (2072 -1168 32 ) 
4 246 247 (2072 -1168 288 ) (2072 -1152 288 ) (2072 -1152 32 ) (2072 -1168 32 ) 
4 247 282 (2048 -1152 32 ) (2048 -1168 32 ) (2048 -1168 90 ) (2048 -1152 90 ) 
4 247 279 (2048 -1168 90 ) (2048 -1168 148 ) (2048 -1152 148 ) (2048 -1152 90 ) 
4 247 274 (2048 -1168 148 ) (2048 -1168 288 ) (2048 -1152 288 ) (2048 -1152 148 ) 
4 247 267 (2048 -1168 32 ) (2048 -1152 32 ) (2072 -1152 32 ) (2072 -1168 32 ) 
4 247 248 (2072 -1168 218 ) (2072 -1168 288 ) (2048 -1168 288 ) (2048 -1168 218 ) 
4 247 249 (2048 -1168 32 ) (2072 -1168 32 ) (2072 -1168 186 ) (2048 -1168 186 ) 
4 248 275 (2048 -1216 218 ) (2048 -1216 288 ) (2048 -1168 288 ) (2048 -1168 218 ) 
4 248 255 (2072 -1216 218 ) (2072 -1216 288 ) (2048 -1216 288 ) (2048 -1216 218 ) 
4 249 282 (2048 -1168 32 ) (2048 -1216 32 ) (2048 -1216 90 ) (2048 -1168 90 ) 
4 249 279 (2048 -1216 90 ) (2048 -1216 148 ) (2048 -1168 148 ) (2048 -1168 90 ) 
4 249 277 (2048 -1216 148 ) (2048 -1216 186 ) (2048 -1168 186 ) (2048 -1168 148 ) 
4 249 267 (2048 -1216 32 ) (2048 -1168 32 ) (2072 -1168 32 ) (2072 -1216 32 ) 
4 249 256 (2048 -1216 32 ) (2072 -1216 32 ) (2072 -1216 186 ) (2048 -1216 186 ) 
4 250 253 (2848 -1216 288 ) (2848 -1216 224 ) (2848 -1280 224 ) (2848 -1280 288 ) 
4 250 251 (2848 -1280 288 ) (2848 -1280 224 ) (2880 -1280 224 ) (2880 -1280 288 ) 
4 251 253 (2848 -1344 224 ) (2848 -1344 288 ) (2848 -1280 288 ) (2848 -1280 224 ) 
4 254 268 (2072 -1216 32 ) (2480 -1216 32 ) (2480 -1328 32 ) (2072 -1328 32 ) 
4 254 255 (2072 -1216 288 ) (2072 -1216 218 ) (2072 -1288 218 ) (2072 -1288 288 ) 
4 254 256 (2072 -1216 186 ) (2072 -1216 32 ) (2072 -1288 32 ) (2072 -1288 186 ) 
4 254 257 (2072 -1288 32 ) (2072 -1328 32 ) (2072 -1328 288 ) (2072 -1288 288 ) 
4 255 275 (2048 -1288 218 ) (2048 -1288 288 ) (2048 -1216 288 ) (2048 -1216 218 ) 
4 255 257 (2072 -1288 218 ) (2072 -1288 288 ) (2048 -1288 288 ) (2048 -1288 218 ) 
4 256 284 (2048 -1260 32 ) (2048 -1288 32 ) (2048 -1288 90 ) (2048 -1260 90 ) 
4 256 283 (2048 -1256 32 ) (2048 -1260 32 ) (2048 -1260 90 ) (2048 -1256 90 ) 
4 256 282 (2048 -1216 32 ) (2048 -1256 32 ) (2048 -1256 90 ) (2048 -1216 90 ) 
4 256 280 (2048 -1288 90 ) (2048 -1288 148 ) (2048 -1256 148 ) (2048 -1256 90 ) 
4 256 279 (2048 -1256 148 ) (2048 -1216 148 ) (2048 -1216 90 ) (2048 -1256 90 ) 
4 256 277 (2048 -1288 148 ) (2048 -1288 186 ) (2048 -1216 186 ) (2048 -1216 148 ) 
4 256 268 (2048 -1288 32 ) (2048 -1216 32 ) (2072 -1216 32 ) (2072 -1288 32 ) 
4 256 257 (2048 -1288 32 ) (2072 -1288 32 ) (2072 -1288 186 ) (2048 -1288 186 ) 
4 257 284 (2048 -1288 32 ) (2048 -1328 32 ) (2048 -1328 90 ) (2048 -1288 90 ) 
4 257 280 (2048 -1328 90 ) (2048 -1328 148 ) (2048 -1288 148 ) (2048 -1288 90 ) 
4 257 276 (2048 -1328 186 ) (2048 -1328 218 ) (2048 -1288 218 ) (2048 -1288 186 ) 
4 257 275 (2048 -1328 218 ) (2048 -1328 288 ) (2048 -1288 288 ) (2048 -1288 218 ) 
4 257 277 (2048 -1328 148 ) (2048 -1328 186 ) (2048 -1288 186 ) (2048 -1288 148 ) 
4 257 268 (2048 -1328 32 ) (2048 -1288 32 ) (2072 -1288 32 ) (2072 -1328 32 ) 
4 258 260 (2880 -1792 224 ) (2688 -1792 224 ) (2688 -1600 224 ) (2880 -1600 224 ) 
4 261 272 (2880 -1024 -96 ) (3072 -1024 -96 ) (3072 -1792 -96 ) (2880 -1792 -96 ) 
4 261 269 (2880 -1216 -96 ) (2880 -1792 -96 ) (2880 -1792 -32 ) (2880 -1216 -32 ) 
4 261 262 (2880 -1024 -96 ) (2880 -1216 -96 ) (2880 -1216 -32 ) (2880 -1024 -32 ) 
4 262 269 (2856 -1216 -96 ) (2880 -1216 -96 ) (2880 -1216 -32 ) (2856 -1216 -32 ) 
4 263 288 (2048 -1024 -22 ) (2048 -1024 -96 ) (2048 -1104 -96 ) (2048 -1104 -22 ) 
4 263 286 (2048 -1024 -18 ) (2048 -1024 -22 ) (2048 -1104 -22 ) (2048 -1104 -18 ) 
4 263 282 (2048 -1024 32 ) (2048 -1024 -18 ) (2048 -1104 -18 ) (2048 -1104 32 ) 
4 263 273 (2048 -1024 -96 ) (2480 -1024 -96 ) (2480 -1104 -96 ) (2048 -1104 -96 ) 
4 263 265 (2325 -1104 32 ) (2312 -1104 32 ) (2312 -1104 -36 ) (2325 -1104 -36 ) 
4 263 264 (2480 -1104 -36 ) (2480 -1104 32 ) (2325 -1104 32 ) (2325 -1104 -36 ) 
4 263 266 (2280 -1104 -96 ) (2480 -1104 -96 ) (2480 -1104 -36 ) (2280 -1104 -36 ) 
4 263 267 (2048 -1104 -96 ) (2280 -1104 -96 ) (2280 -1104 32 ) (2048 -1104 32 ) 
4 264 271 (2480 -1216 -36 ) (2480 -1216 -32 ) (2280 -1216 -32 ) (2280 -1216 -36 ) 
4 264 268 (2480 -1216 -32 ) (2480 -1216 32 ) (2280 -1216 32 ) (2280 -1216 -32 ) 
4 264 265 (2324.997559 -1104 32 ) (2324.997559 -1104 -36 ) (2300.002930 -1143.991577 -36 ) (2300.002930 -1143.991577 32 ) 
5 264 266 (2280 -1216 -36 ) (2280 -1176 -36 ) (2325 -1104 -36 ) (2480 -1104 -36 ) (2480 -1216 -36 ) 
4 264 267 (2280 -1176 -36 ) (2280 -1216 -36 ) (2280 -1216 32 ) (2280 -1176 32 ) 
3 265 266 (2312 -1104 -36 ) (2325 -1104 -36 ) (2300 -1144 -36 ) 
4 266 273 (2480 -1216 -96 ) (2280 -1216 -96 ) (2280 -1104 -96 ) (2480 -1104 -96 ) 
4 266 271 (2280 -1216 -96 ) (2480 -1216 -96 ) (2480 -1216 -36 ) (2280 -1216 -36 ) 
4 266 267 (2280 -1104 -36 ) (2280 -1104 -96 ) (2280 -1216 -96 ) (2280 -1216 -36 ) 
4 267 288 (2048 -1104 -96 ) (2048 -1216 -96 ) (2048 -1216 -22 ) (2048 -1104 -22 ) 
4 267 286 (2048 -1216 -22 ) (2048 -1216 -18 ) (2048 -1104 -18 ) (2048 -1104 -22 ) 
4 267 282 (2048 -1216 -18 ) (2048 -1216 32 ) (2048 -1104 32 ) (2048 -1104 -18 ) 
4 267 273 (2280 -1216 -96 ) (2048 -1216 -96 ) (2048 -1104 -96 ) (2280 -1104 -96 ) 
4 267 271 (2048 -1216 -96 ) (2280 -1216 -96 ) (2280 -1216 -32 ) (2048 -1216 -32 ) 
4 267 268 (2280 -1216 -32 ) (2280 -1216 32 ) (2048 -1216 32 ) (2048 -1216 -32 ) 
4 268 288 (2048 -1216 -22 ) (2048 -1216 -32 ) (2048 -1328 -32 ) (2048 -1328 -22 ) 
4 268 287 (2048 -1256 -22 ) (2048 -1328 -22 ) (2048 -1328 -18 ) (2048 -1256 -18 ) 
4 268 286 (2048 -1216 -18 ) (2048 -1216 -22 ) (2048 -1256 -22 ) (2048 -1256 -18 ) 
4 268 284 (2048 -1328 32 ) (2048 -1260 32 ) (2048 -1260 -18 ) (2048 -1328 -18 ) 
4 268 283 (2048 -1260 32 ) (2048 -1256 32 ) (2048 -1256 -18 ) (2048 -1260 -18 ) 
4 268 282 (2048 -1256 32 ) (2048 -1216 32 ) (2048 -1216 -18 ) (2048 -1256 -18 ) 
4 268 271 (2048 -1216 -32 ) (2480 -1216 -32 ) (2480 -1328 -32 ) (2048 -1328 -32 ) 
4 269 270 (2856 -1792 -32 ) (2856 -1792 -96 ) (2880 -1792 -96 ) (2880 -1792 -32 ) 
4 271 288 (2048 -1216 -96 ) (2048 -1328 -96 ) (2048 -1328 -32 ) (2048 -1216 -32 ) 
4 271 273 (2048 -1328 -96 ) (2048 -1216 -96 ) (2480 -1216 -96 ) (2480 -1328 -96 ) 
4 273 288 (2048 -1024 -96 ) (2048 -1024 -224 ) (2048 -1328 -224 ) (2048 -1328 -96 ) 
4 274 290 (1880 -1168 148 ) (1880 -1136 148 ) (1940 -1136 148 ) (1940 -1168 148 ) 
4 274 289 (1880 -1136 148 ) (1880 -1024 148 ) (1940 -1024 148 ) (1940 -1136 148 ) 
4 274 279 (1940 -1024 148 ) (2048 -1024 148 ) (2048 -1168 148 ) (1940 -1168 148 ) 
4 274 278 (1880 -1024 148 ) (1880 -1168 148 ) (1880 -1168 544 ) (1880 -1024 544 ) 
4 274 275 (1880 -1168 544 ) (1880 -1168 218 ) (2048 -1168 218 ) (2048 -1168 544 ) 
4 274 277 (1880 -1168 186 ) (1880 -1168 148 ) (2048 -1168 148 ) (2048 -1168 186 ) 
4 275 278 (1880 -1328 218 ) (1880 -1328 544 ) (1880 -1168 544 ) (1880 -1168 218 ) 
4 275 276 (2048 -1328 218 ) (1880 -1328 218 ) (1880 -1288 218 ) (2048 -1288 218 ) 
4 276 278 (1880 -1328 186 ) (1880 -1328 218 ) (1880 -1288 218 ) (1880 -1288 186 ) 
4 276 277 (2048 -1328 186 ) (1880 -1328 186 ) (1880 -1288 186 ) (2048 -1288 186 ) 
4 277 292 (1940 -1328 148 ) (1880 -1328 148 ) (1880 -1312 148 ) (1940 -1312 148 ) 
4 277 290 (1880 -1312 148 ) (1880 -1168 148 ) (1940 -1168 148 ) (1940 -1312 148 ) 
4 277 281 (2012 -1328 148 ) (1940 -1328 148 ) (1940 -1256 148 ) (2012 -1256 148 ) 
4 277 280 (2048 -1328 148 ) (2012 -1328 148 ) (2012 -1256 148 ) (2048 -1256 148 ) 
4 277 279 (1940 -1256 148 ) (1940 -1168 148 ) (2048 -1168 148 ) (2048 -1256 148 ) 
4 277 278 (1880 -1168 148 ) (1880 -1328 148 ) (1880 -1328 186 ) (1880 -1168 186 ) 
4 278 292 (1880 -1328 148 ) (1616 -1328 148 ) (1616 -1312 148 ) (1880 -1312 148 ) 
4 278 290 (1616 -1312 148 ) (1616 -1136 148 ) (1880 -1136 148 ) (1880 -1312 148 ) 
4 278 289 (1616 -1136 148 ) (1616 -1024 148 ) (1880 -1024 148 ) (1880 -1136 148 ) 
4 279 290 (1940 -1256 148 ) (1940 -1136 148 ) (1940 -1136 90 ) (1940 -1256 90 ) 
4 279 289 (1940 -1136 148 ) (1940 -1024 148 ) (1940 -1024 90 ) (1940 -1136 90 ) 
4 279 282 (1940 -1256 90 ) (1940 -1024 90 ) (2048 -1024 90 ) (2048 -1256 90 ) 
4 279 281 (1940 -1256 148 ) (1940 -1256 94 ) (2012 -1256 94 ) (2012 -1256 148 ) 
4 279 280 (2012 -1256 90 ) (2048 -1256 90 ) (2048 -1256 148 ) (2012 -1256 148 ) 
4 280 284 (2048 -1328 90 ) (2012 -1328 90 ) (2012 -1260 90 ) (2048 -1260 90 ) 
4 280 283 (2012 -1260 90 ) (2012 -1256 90 ) (2048 -1256 90 ) (2048 -1260 90 ) 
4 280 281 (2012 -1256 148 ) (2012 -1256 94 ) (2012 -1328 94 ) (2012 -1328 148 ) 
4 281 292 (1940 -1328 94 ) (1940 -1328 148 ) (1940 -1312 148 ) (1940 -1312 94 ) 
4 281 290 (1940 -1312 148 ) (1940 -1256 148 ) (1940 -1256 94 ) (1940 -1312 94 ) 
4 282 293 (1940 -1024 52 ) (1940 -1024 -18 ) (1940 -1256 -18 ) (1940 -1256 52 ) 
4 282 290 (1940 -1256 90 ) (1940 -1136 90 ) (1940 -1136 52 ) (1940 -1256 52 ) 
4 282 289 (1940 -1136 90 ) (1940 -1024 90 ) (1940 -1024 52 ) (1940 -1136 52 ) 
4 282 286 (1940 -1256 -18 ) (1940 -1024 -18 ) (2048 -1024 -18 ) (2048 -1256 -18 ) 
4 282 283 (2012 -1256 -18 ) (2048 -1256 -18 ) (2048 -1256 90 ) (2012 -1256 90 ) 
4 283 287 (2012 -1256 -18 ) (2048 -1256 -18 ) (2048 -1260 -18 ) (2012 -1260 -18 ) 
4 283 284 (2012 -1260 -18 ) (2048 -1260 -18 ) (2048 -1260 90 ) (2012 -1260 90 ) 
4 284 287 (2048 -1328 -18 ) (2012 -1328 -18 ) (2012 -1260 -18 ) (2048 -1260 -18 ) 
4 286 293 (1940 -1256 -18 ) (1940 -1024 -18 ) (1940 -1024 -22 ) (1940 -1256 -22 ) 
4 286 288 (1940 -1256 -22 ) (1940 -1024 -22 ) (2048 -1024 -22 ) (2048 -1256 -22 ) 
4 286 287 (2012 -1256 -22 ) (2048 -1256 -22 ) (2048 -1256 -18 ) (2012 -1256 -18 ) 
4 287 288 (2048 -1328 -22 ) (2012 -1328 -22 ) (2012 -1256 -22 ) (2048 -1256 -22 ) 
4 288 293 (1940 -1328 -224 ) (1940 -1328 -22 ) (1940 -1024 -22 ) (1940 -1024 -224 ) 
4 289 293 (1616 -1024 52 ) (1940 -1024 52 ) (1940 -1136 52 ) (1616 -1136 52 ) 
4 289 290 (1616 -1136 52 ) (1940 -1136 52 ) (1940 -1136 148 ) (1616 -1136 148 ) 
4 290 293 (1940 -1136 52 ) (1940 -1312 52 ) (1616 -1312 52 ) (1616 -1136 52 ) 
4 290 292 (1616 -1312 52 ) (1940 -1312 52 ) (1940 -1312 148 ) (1616 -1312 148 ) 
4 292 293 (1940 -1312 52 ) (1940 -1328 52 ) (1616 -1328 52 ) (1616 -1312 52 ) 
4 295 296 (800 -3072 112 ) (384 -3072 112 ) (384 -3072 -16 ) (800 -3072 -16 ) 
