


materialPath: C:\Program Files (x86)\Steam\steamapps\common\Portal 2\portal2\materials
Loading C:\Program Files (x86)\Steam\steamapps\common\Portal 2\sdk_content\maps\WIP\Chapter 2\mp_coop_a2_laser_intro.vmf
ConVarRef gpu_level doesn't point to an existing ConVar
Material not found!: PLASTER/PLASTERWALL044C
Patching WVT material: maps/mp_coop_a2_laser_intro/nature/blendwhitefloor_dirt02_wvt_patch
fixing up env_cubemap materials on brush sides...
0...1...2...3...4...5...6...7...8...9...10**** leaked ****
Entity trigger_once (-944.00 768.00 -192.00) leaked!

FindPortalSide: Couldn't find a good match for which brush to assign to a portal near (2048.0 2560.0 160.0)
Leaf 0 contents: 
Leaf 1 contents: CONTENTS_SOLID 
viscontents (node 0 contents ^ node 1 contents): CONTENTS_SOLID 
This means that none of the brushes in leaf 0 or 1 that touches the portal has CONTENTS_SOLID 
Check for a huge brush enclosing the coordinates above that has contents CONTENTS_SOLID 
Candidate brush IDs: 


FindPortalSide: Couldn't find a good match for which brush to assign to a portal near (1536.0 3072.0 160.0)
Leaf 0 contents: 
Leaf 1 contents: CONTENTS_SOLID 
viscontents (node 0 contents ^ node 1 contents): CONTENTS_SOLID 
This means that none of the brushes in leaf 0 or 1 that touches the portal has CONTENTS_SOLID 
Check for a huge brush enclosing the coordinates above that has contents CONTENTS_SOLID 
Candidate brush IDs: 


FindPortalSide: Couldn't find a good match for which brush to assign to a portal near (208.0 2048.0 48.0)
Leaf 0 contents: CONTENTS_SOLID 
Leaf 1 contents: 
viscontents (node 0 contents ^ node 1 contents): CONTENTS_SOLID 
This means that none of the brushes in leaf 0 or 1 that touches the portal has CONTENTS_SOLID 
Check for a huge brush enclosing the coordinates above that has contents CONTENTS_SOLID 
Candidate brush IDs: 


FindPortalSide: Couldn't find a good match for which brush to assign to a portal near (64.0 2048.0 48.0)
Leaf 0 contents: CONTENTS_SOLID 
Leaf 1 contents: 
viscontents (node 0 contents ^ node 1 contents): CONTENTS_SOLID 
This means that none of the brushes in leaf 0 or 1 that touches the portal has CONTENTS_SOLID 
Check for a huge brush enclosing the coordinates above that has contents CONTENTS_SOLID 
Candidate brush IDs: 


FindPortalSide: Couldn't find a good match for which brush to assign to a portal near (464.0 2048.0 48.0)
Leaf 0 contents: CONTENTS_SOLID 
Leaf 1 contents: 
viscontents (node 0 contents ^ node 1 contents): CONTENTS_SOLID 
This means that none of the brushes in leaf 0 or 1 that touches the portal has CONTENTS_SOLID 
Check for a huge brush enclosing the coordinates above that has contents CONTENTS_SOLID 
Candidate brush IDs: 


FindPortalSide: Couldn't find a good match for which brush to assign to a portal near (784.0 2048.0 48.0)
Leaf 0 contents: CONTENTS_SOLID 
Leaf 1 contents: 
viscontents (node 0 contents ^ node 1 contents): CONTENTS_SOLID 
This means that none of the brushes in leaf 0 or 1 that touches the portal has CONTENTS_SOLID 
Check for a huge brush enclosing the coordinates above that has contents CONTENTS_SOLID 
Candidate brush IDs: 


FindPortalSide: Couldn't find a good match for which brush to assign to a portal near (336.0 2048.0 48.0)
Leaf 0 contents: CONTENTS_SOLID 
Leaf 1 contents: 
viscontents (node 0 contents ^ node 1 contents): CONTENTS_SOLID 
This means that none of the brushes in leaf 0 or 1 that touches the portal has CONTENTS_SOLID 
Check for a huge brush enclosing the coordinates above that has contents CONTENTS_SOLID 
Candidate brush IDs: 


FindPortalSide: Couldn't find a good match for which brush to assign to a portal near (512.0 2048.0 -244.0)
Leaf 0 contents: CONTENTS_SOLID 
Leaf 1 contents: 
viscontents (node 0 contents ^ node 1 contents): CONTENTS_SOLID 
This means that none of the brushes in leaf 0 or 1 that touches the portal has CONTENTS_SOLID 
Check for a huge brush enclosing the coordinates above that has contents CONTENTS_SOLID 
Candidate brush IDs: 

*** Suppressing further FindPortalSide errors.... ***
Processing areas...done (0)
Building Faces...done (0)
Chop Details...done (0)
Find Visible Detail Sides...
Merged 512 detail faces...done (0)
Merging details...done (0)
FixTjuncs...
PruneNodes...
WriteBSP...
done (0)
Finding displacement neighbors...
Finding lightmap sample positions...
Displacement Alpha : 0...1...2...3...4...5...6...7...8...9...10
Building Physics collision data...
done (0) (397499 bytes)
Encountered obsolete static prop option to do its fade in screen space @ -784.00 0.00 64.00
Encountered obsolete static prop option to do its fade in screen space @ -752.00 0.00 64.00
Encountered obsolete static prop option to do its fade in screen space @ 672.00 0.00 144.00
Encountered obsolete static prop option to do its fade in screen space @ 704.00 0.00 144.00
Placing detail props : 0...1...2...3...4...5...6...7...8...9...10
Compacting texture/material tables...
Reduced 1787 texinfos to 920
Reduced 106 texdatas to 91 (3718 bytes to 3069)
Writing C:\Program Files (x86)\Steam\steamapps\common\Portal 2\sdk_content\maps\WIP\Chapter 2\mp_coop_a2_laser_intro.bsp

nummapplanes:     (  5940 / 65536 )
nummapbrushes:    (  1025 /  8192 )
nummapbrushsides: (  8174 / 65536 )
num_map_overlays: (    29 /   512 )
nummodels:        (    64 /  1024 )
num_entities:     (   341 / 16384 )

1 second elapsed



24 threads
reading c:\program files (x86)\steam\steamapps\common\portal 2\sdk_content\maps\wip\chapter 2\mp_coop_a2_laser_intro.bsp
reading c:\program files (x86)\steam\steamapps\common\portal 2\sdk_content\maps\wip\chapter 2\mp_coop_a2_laser_intro.prt
LoadPortals: couldn't read c:\program files (x86)\steam\steamapps\common\portal 2\sdk_content\maps\wip\chapter 2\mp_coop_a2_laser_intro.prt



materialPath: C:\Program Files (x86)\Steam\steamapps\common\Portal 2\portal2\materials
Loading C:\Program Files (x86)\Steam\steamapps\common\Portal 2\sdk_content\maps\WIP\Chapter 2\mp_coop_a2_laser_intro.vmf
ConVarRef gpu_level doesn't point to an existing ConVar
Material not found!: PLASTER/PLASTERWALL044C
Patching WVT material: maps/mp_coop_a2_laser_intro/nature/blendwhitefloor_dirt02_wvt_patch
fixing up env_cubemap materials on brush sides...
0...1...2...3...4...5...6...7...8...9...100...1...2...3...4...5...6...7...8...9...10Processing areas...done (0)
Building Faces...done (0)
Chop Details...done (0)
Find Visible Detail Sides...
Merged 512 detail faces...done (0)
Merging details...done (0)
FixTjuncs...
PruneNodes...
WriteBSP...
done (0)
writing C:\Program Files (x86)\Steam\steamapps\common\Portal 2\sdk_content\maps\WIP\Chapter 2\mp_coop_a2_laser_intro.prt...Building visibility clusters...
done (0)
Finding displacement neighbors...
Finding lightmap sample positions...
Displacement Alpha : 0...1...2...3...4...5...6...7...8...9...10
Building Physics collision data...
done (0) (397500 bytes)
Encountered obsolete static prop option to do its fade in screen space @ -784.00 0.00 64.00
Encountered obsolete static prop option to do its fade in screen space @ -752.00 0.00 64.00
Encountered obsolete static prop option to do its fade in screen space @ 672.00 0.00 144.00
Encountered obsolete static prop option to do its fade in screen space @ 704.00 0.00 144.00
Placing detail props : 0...1...2...3...4...5...6...7...8...9...10
Compacting texture/material tables...
Reduced 1790 texinfos to 861
Reduced 106 texdatas to 91 (3718 bytes to 3069)
Writing C:\Program Files (x86)\Steam\steamapps\common\Portal 2\sdk_content\maps\WIP\Chapter 2\mp_coop_a2_laser_intro.bsp

nummapplanes:     (  5956 / 65536 )
nummapbrushes:    (  1025 /  8192 )
nummapbrushsides: (  8174 / 65536 )
num_map_overlays: (    29 /   512 )
nummodels:        (    64 /  1024 )
num_entities:     (   341 / 16384 )

1 second elapsed



24 threads
reading c:\program files (x86)\steam\steamapps\common\portal 2\sdk_content\maps\wip\chapter 2\mp_coop_a2_laser_intro.bsp
reading c:\program files (x86)\steam\steamapps\common\portal 2\sdk_content\maps\wip\chapter 2\mp_coop_a2_laser_intro.prt
 478 portalclusters
1590 numportals
0...1...2...3...4...5...6...7...8...9...10Optimized: 11085 visible clusters (0.00%)
Total clusters visible: 187636
Average clusters visible: 392
Building PAS...
Average clusters audible: 462
visdatasize:58976  compressed from 61184
writing c:\program files (x86)\steam\steamapps\common\portal 2\sdk_content\maps\wip\chapter 2\mp_coop_a2_laser_intro.bsp
0 seconds elapsed



Could not find lights.rad in lights.rad.
Trying VRAD BIN directory instead...
Warning: Couldn't open texlight file C:\Program Files (x86)\Steam\steamapps\common\Portal 2\bin\lights.rad.
Loading c:\program files (x86)\steam\steamapps\common\portal 2\sdk_content\maps\wip\chapter 2\mp_coop_a2_laser_intro.bsp
2318 faces
158749 square feet [22859856.00 square inches]
5 Displacements
1540 Square Feet [221879.42 Square Inches]
2318 patches before subdivision
17522 patches after subdivision
19 direct lights
0...1...2...3...4...5...6...7...8...9...100...1...2...3...4...5...6...7...8...9...10transfers 1359061, max 450
transfer lists:  10.4 megs
0...1...2...3...4...5...6...7...8...9...10	Bounce #1 added RGB(8096, 7895, 6788)
0...1...2...3...4...5...6...7...8...9...10	Bounce #2 added RGB(2564, 2618, 2321)
0...1...2...3...4...5...6...7...8...9...10	Bounce #3 added RGB(973, 1024, 926)
0...1...2...3...4...5...6...7...8...9...10	Bounce #4 added RGB(392, 419, 383)
0...1...2...3...4...5...6...7...8...9...10	Bounce #5 added RGB(166, 178, 163)
0...1...2...3...4...5...6...7...8...9...10	Bounce #6 added RGB(71, 76, 70)
0...1...2...3...4...5...6...7...8...9...10	Bounce #7 added RGB(31, 33, 30)
0...1...2...3...4...5...6...7...8...9...10	Bounce #8 added RGB(13, 15, 13)
0...1...2...3...4...5...6...7...8...9...10	Bounce #9 added RGB(6, 6, 6)
0...1...2...3...4...5...6...7...8...9...10	Bounce #10 added RGB(3, 3, 3)
0...1...2...3...4...5...6...7...8...9...10	Bounce #11 added RGB(1, 1, 1)
0...1...2...3...4...5...6...7...8...9...10	Bounce #12 added RGB(1, 1, 1)
Build Patch/Sample Hash Table(s).....Done<0.0024 sec>
0...1...2...3...4...5...6...7...8...9...10FinalLightFace Done
0 of 0 (0% of) surface lights went in leaf ambient cubes.
0...1...2...3...4...5...6...7...8...9...10Writing leaf ambient...done
Ready to Finish

Object names       Objects/Maxobjs  Memory / Maxmem  Fullness 
------------       ---------------  ---------------  -------- 
models                  64/1024         3072/49152    ( 6.3%) 
brushes               1025/8192        12300/98304    (12.5%) 
brushsides            8158/65536       65264/524288   (12.4%) 
planes                5956/65536      119120/1310720  ( 9.1%) 
vertexes              4864/65536       58368/786432   ( 7.4%) 
nodes                 1625/65536       52000/2097152  ( 2.5%) 
texinfos               861/12288       61992/884736   ( 7.0%) 
texdata                 91/2048         2912/65536    ( 4.4%) 
dispinfos                5/0             880/0        ( 0.0%) 
disp_verts             405/0            8100/0        ( 0.0%) 
disp_tris              640/0            1280/0        ( 0.0%) 
disp_multiblend          0/0               0/0        ( 0.0%) 
disp_lmsamples       15420/0           15420/0        ( 0.0%) 
faces                 2318/65536      129808/3670016  ( 3.5%) 
hdr faces                0/65536           0/3670016  ( 0.0%) 
origfaces             1799/65536      100744/3670016  ( 2.7%) 
facebrushes            272/0             544/0        ( 0.0%) 
facebrushlists        2318/0            9272/0        ( 0.0%) 
leaves                1690/65536       54080/2097152  ( 2.6%) 
leaffaces             3318/65536        6636/131072   ( 5.1%) 
leafbrushes           2662/65536        5324/131072   ( 4.1%) 
areas                   12/256            96/2048     ( 4.7%) 
surfedges            18186/512000      72744/2048000  ( 3.6%) 
edges                11253/256000      45012/1024000  ( 4.4%) 
LDR worldlights         19/8192         1900/819200   ( 0.2%) 
HDR worldlights          0/8192            0/819200   ( 0.0%) 
leafwaterdata            1/32768          12/393216   ( 0.0%) 
waterstrips            243/32768        2430/327680   ( 0.7%) 
waterverts               0/65536           0/786432   ( 0.0%) 
waterindices          4152/65536        8304/131072   ( 6.3%) 
cubemapsamples          15/1024          240/16384    ( 1.5%) 
overlays                29/512         10208/180224   ( 5.7%) 
LDR lightdata         [variable]     1547656/0        ( 0.0%) 
HDR lightdata         [variable]           0/0        ( 0.0%) 
visdata               [variable]       58976/16777216 ( 0.4%) 
entdata               [variable]      127612/393216   (32.5%) 
LDR ambient table     1690/65536        6760/262144   ( 2.6%) 
HDR ambient table     1690/65536        6760/262144   ( 2.6%) 
LDR leaf ambient      6485/65536      181580/1835008  ( 9.9%) 
HDR leaf ambient      1690/65536       47320/1835008  ( 2.6%) 
occluders                0/0               0/0        ( 0.0%) 
occluder polygons        0/0               0/0        ( 0.0%) 
occluder vert ind        0/0               0/0        ( 0.0%) 
detail props          [variable]           1/12       ( 8.3%) 
static props          [variable]           1/20912    ( 0.0%) 
pakfile               [variable]     1199702/0        ( 0.0%) 
physics               [variable]      397500/4194304  ( 9.5%) 
physics terrain       [variable]        1401/1048576  ( 0.1%) 

Level flags = 0

Total triangle count: 6368
Writing c:\program files (x86)\steam\steamapps\common\portal 2\sdk_content\maps\wip\chapter 2\mp_coop_a2_laser_intro.bsp
4 seconds elapsed



materialPath: C:\Program Files (x86)\Steam\steamapps\common\Portal 2\portal2\materials
Loading C:\Program Files (x86)\Steam\steamapps\common\Portal 2\sdk_content\maps\WIP\Chapter 2\mp_coop_a2_laser_intro.vmf
ConVarRef gpu_level doesn't point to an existing ConVar
Material not found!: PLASTER/PLASTERWALL044C
Patching WVT material: maps/mp_coop_a2_laser_intro/nature/blendwhitefloor_dirt02_wvt_patch
fixing up env_cubemap materials on brush sides...
0...1...2...3...4...5...6...7...8...9...100...1...2...3...4...5...6...7...8...9...10Processing areas...done (0)
Building Faces...done (0)
Chop Details...done (0)
Find Visible Detail Sides...
Merged 512 detail faces...done (0)
Merging details...done (0)
FixTjuncs...
PruneNodes...
WriteBSP...
done (0)
writing C:\Program Files (x86)\Steam\steamapps\common\Portal 2\sdk_content\maps\WIP\Chapter 2\mp_coop_a2_laser_intro.prt...Building visibility clusters...
done (0)
Finding displacement neighbors...
Finding lightmap sample positions...
Displacement Alpha : 0...1...2...3...4...5...6...7...8...9...10
Building Physics collision data...
done (0) (397500 bytes)
Encountered obsolete static prop option to do its fade in screen space @ -784.00 0.00 64.00
Encountered obsolete static prop option to do its fade in screen space @ -752.00 0.00 64.00
Encountered obsolete static prop option to do its fade in screen space @ 672.00 0.00 144.00
Encountered obsolete static prop option to do its fade in screen space @ 704.00 0.00 144.00
Placing detail props : 0...1...2...3...4...5...6...7...8...9...10
Compacting texture/material tables...
Reduced 1790 texinfos to 861
Reduced 106 texdatas to 91 (3718 bytes to 3069)
Writing C:\Program Files (x86)\Steam\steamapps\common\Portal 2\sdk_content\maps\WIP\Chapter 2\mp_coop_a2_laser_intro.bsp

nummapplanes:     (  5956 / 65536 )
nummapbrushes:    (  1025 /  8192 )
nummapbrushsides: (  8174 / 65536 )
num_map_overlays: (    29 /   512 )
nummodels:        (    64 /  1024 )
num_entities:     (   341 / 16384 )

1 second elapsed



24 threads
reading c:\program files (x86)\steam\steamapps\common\portal 2\sdk_content\maps\wip\chapter 2\mp_coop_a2_laser_intro.bsp
reading c:\program files (x86)\steam\steamapps\common\portal 2\sdk_content\maps\wip\chapter 2\mp_coop_a2_laser_intro.prt
 478 portalclusters
1590 numportals
0...1...2...3...4...5...6...7...8...9...10Optimized: 11085 visible clusters (0.00%)
Total clusters visible: 187636
Average clusters visible: 392
Building PAS...
Average clusters audible: 462
visdatasize:58976  compressed from 61184
writing c:\program files (x86)\steam\steamapps\common\portal 2\sdk_content\maps\wip\chapter 2\mp_coop_a2_laser_intro.bsp
0 seconds elapsed



Could not find lights.rad in lights.rad.
Trying VRAD BIN directory instead...
Warning: Couldn't open texlight file C:\Program Files (x86)\Steam\steamapps\common\Portal 2\bin\lights.rad.
Loading c:\program files (x86)\steam\steamapps\common\portal 2\sdk_content\maps\wip\chapter 2\mp_coop_a2_laser_intro.bsp
2318 faces
158749 square feet [22859856.00 square inches]
5 Displacements
1540 Square Feet [221879.42 Square Inches]
2318 patches before subdivision
17522 patches after subdivision
19 direct lights
0...1...2...3...4...5...6...7...8...9...100...1...2...3...4...5...6...7...8...9...10transfers 1359061, max 450
transfer lists:  10.4 megs
0...1...2...3...4...5...6...7...8...9...10	Bounce #1 added RGB(8096, 7895, 6788)
0...1...2...3...4...5...6...7...8...9...10	Bounce #2 added RGB(2564, 2618, 2321)
0...1...2...3...4...5...6...7...8...9...10	Bounce #3 added RGB(973, 1024, 926)
0...1...2...3...4...5...6...7...8...9...10	Bounce #4 added RGB(392, 419, 383)
0...1...2...3...4...5...6...7...8...9...10	Bounce #5 added RGB(166, 178, 163)
0...1...2...3...4...5...6...7...8...9...10	Bounce #6 added RGB(71, 76, 70)
0...1...2...3...4...5...6...7...8...9...10	Bounce #7 added RGB(31, 33, 30)
0...1...2...3...4...5...6...7...8...9...10	Bounce #8 added RGB(13, 15, 13)
0...1...2...3...4...5...6...7...8...9...10	Bounce #9 added RGB(6, 6, 6)
0...1...2...3...4...5...6...7...8...9...10	Bounce #10 added RGB(3, 3, 3)
0...1...2...3...4...5...6...7...8...9...10	Bounce #11 added RGB(1, 1, 1)
0...1...2...3...4...5...6...7...8...9...10	Bounce #12 added RGB(1, 1, 1)
Build Patch/Sample Hash Table(s).....Done<0.0027 sec>
0...1...2...3...4...5...6...7...8...9...10FinalLightFace Done
0 of 0 (0% of) surface lights went in leaf ambient cubes.
0...1...2...3...4...5...6...7...8...9...10Writing leaf ambient...done
Ready to Finish

Object names       Objects/Maxobjs  Memory / Maxmem  Fullness 
------------       ---------------  ---------------  -------- 
models                  64/1024         3072/49152    ( 6.3%) 
brushes               1025/8192        12300/98304    (12.5%) 
brushsides            8158/65536       65264/524288   (12.4%) 
planes                5956/65536      119120/1310720  ( 9.1%) 
vertexes              4864/65536       58368/786432   ( 7.4%) 
nodes                 1625/65536       52000/2097152  ( 2.5%) 
texinfos               861/12288       61992/884736   ( 7.0%) 
texdata                 91/2048         2912/65536    ( 4.4%) 
dispinfos                5/0             880/0        ( 0.0%) 
disp_verts             405/0            8100/0        ( 0.0%) 
disp_tris              640/0            1280/0        ( 0.0%) 
disp_multiblend          0/0               0/0        ( 0.0%) 
disp_lmsamples       15420/0           15420/0        ( 0.0%) 
faces                 2318/65536      129808/3670016  ( 3.5%) 
hdr faces                0/65536           0/3670016  ( 0.0%) 
origfaces             1799/65536      100744/3670016  ( 2.7%) 
facebrushes            272/0             544/0        ( 0.0%) 
facebrushlists        2318/0            9272/0        ( 0.0%) 
leaves                1690/65536       54080/2097152  ( 2.6%) 
leaffaces             3318/65536        6636/131072   ( 5.1%) 
leafbrushes           2662/65536        5324/131072   ( 4.1%) 
areas                   12/256            96/2048     ( 4.7%) 
surfedges            18186/512000      72744/2048000  ( 3.6%) 
edges                11253/256000      45012/1024000  ( 4.4%) 
LDR worldlights         19/8192         1900/819200   ( 0.2%) 
HDR worldlights          0/8192            0/819200   ( 0.0%) 
leafwaterdata            1/32768          12/393216   ( 0.0%) 
waterstrips            243/32768        2430/327680   ( 0.7%) 
waterverts               0/65536           0/786432   ( 0.0%) 
waterindices          4152/65536        8304/131072   ( 6.3%) 
cubemapsamples          15/1024          240/16384    ( 1.5%) 
overlays                29/512         10208/180224   ( 5.7%) 
LDR lightdata         [variable]     1547656/0        ( 0.0%) 
HDR lightdata         [variable]           0/0        ( 0.0%) 
visdata               [variable]       58976/16777216 ( 0.4%) 
entdata               [variable]      127615/393216   (32.5%) 
LDR ambient table     1690/65536        6760/262144   ( 2.6%) 
HDR ambient table     1690/65536        6760/262144   ( 2.6%) 
LDR leaf ambient      6485/65536      181580/1835008  ( 9.9%) 
HDR leaf ambient      1690/65536       47320/1835008  ( 2.6%) 
occluders                0/0               0/0        ( 0.0%) 
occluder polygons        0/0               0/0        ( 0.0%) 
occluder vert ind        0/0               0/0        ( 0.0%) 
detail props          [variable]           1/12       ( 8.3%) 
static props          [variable]           1/20912    ( 0.0%) 
pakfile               [variable]     1199702/0        ( 0.0%) 
physics               [variable]      397500/4194304  ( 9.5%) 
physics terrain       [variable]        1401/1048576  ( 0.1%) 

Level flags = 0

Total triangle count: 6368
Writing c:\program files (x86)\steam\steamapps\common\portal 2\sdk_content\maps\wip\chapter 2\mp_coop_a2_laser_intro.bsp
5 seconds elapsed



materialPath: C:\Program Files (x86)\Steam\steamapps\common\Portal 2\portal2\materials
Loading C:\Program Files (x86)\Steam\steamapps\common\Portal 2\sdk_content\maps\WIP\Chapter 2\mp_coop_a2_laser_intro.vmf
ConVarRef gpu_level doesn't point to an existing ConVar
Material not found!: PLASTER/PLASTERWALL044C
Patching WVT material: maps/mp_coop_a2_laser_intro/nature/blendwhitefloor_dirt02_wvt_patch
fixing up env_cubemap materials on brush sides...
0...1...2...3...4...5...6...7...8...9...100...1...2...3...4...5...6...7...8...9...10Processing areas...done (0)
Building Faces...done (0)
Chop Details...done (0)
Find Visible Detail Sides...
Merged 512 detail faces...done (0)
Merging details...done (0)
FixTjuncs...
PruneNodes...
WriteBSP...
done (0)
writing C:\Program Files (x86)\Steam\steamapps\common\Portal 2\sdk_content\maps\WIP\Chapter 2\mp_coop_a2_laser_intro.prt...Building visibility clusters...
done (0)
Finding displacement neighbors...
Finding lightmap sample positions...
Displacement Alpha : 0...1...2...3...4...5...6...7...8...9...10
Building Physics collision data...
done (0) (398609 bytes)
Encountered obsolete static prop option to do its fade in screen space @ -784.00 0.00 64.00
Encountered obsolete static prop option to do its fade in screen space @ -752.00 0.00 64.00
Encountered obsolete static prop option to do its fade in screen space @ 672.00 0.00 144.00
Encountered obsolete static prop option to do its fade in screen space @ 704.00 0.00 144.00
Placing detail props : 0...1...2...3...4...5...6...7...8...9...10
Compacting texture/material tables...
Reduced 1795 texinfos to 867
Reduced 106 texdatas to 91 (3718 bytes to 3069)
Writing C:\Program Files (x86)\Steam\steamapps\common\Portal 2\sdk_content\maps\WIP\Chapter 2\mp_coop_a2_laser_intro.bsp

nummapplanes:     (  5956 / 65536 )
nummapbrushes:    (  1027 /  8192 )
nummapbrushsides: (  8186 / 65536 )
num_map_overlays: (    29 /   512 )
nummodels:        (    66 /  1024 )
num_entities:     (   343 / 16384 )

1 second elapsed



24 threads
reading c:\program files (x86)\steam\steamapps\common\portal 2\sdk_content\maps\wip\chapter 2\mp_coop_a2_laser_intro.bsp
reading c:\program files (x86)\steam\steamapps\common\portal 2\sdk_content\maps\wip\chapter 2\mp_coop_a2_laser_intro.prt
 478 portalclusters
1590 numportals
0...1...2...3...4...5...6...7...8...9...10Optimized: 11085 visible clusters (0.00%)
Total clusters visible: 187636
Average clusters visible: 392
Building PAS...
Average clusters audible: 462
visdatasize:58976  compressed from 61184
writing c:\program files (x86)\steam\steamapps\common\portal 2\sdk_content\maps\wip\chapter 2\mp_coop_a2_laser_intro.bsp
0 seconds elapsed



Could not find lights.rad in lights.rad.
Trying VRAD BIN directory instead...
Warning: Couldn't open texlight file C:\Program Files (x86)\Steam\steamapps\common\Portal 2\bin\lights.rad.
Loading c:\program files (x86)\steam\steamapps\common\portal 2\sdk_content\maps\wip\chapter 2\mp_coop_a2_laser_intro.bsp
2330 faces
159972 square feet [23035984.00 square inches]
5 Displacements
1540 Square Feet [221879.42 Square Inches]
2330 patches before subdivision
17534 patches after subdivision
19 direct lights
0...1...2...3...4...5...6...7...8...9...100...1...2...3...4...5...6...7...8...9...10transfers 1359963, max 450
transfer lists:  10.4 megs
0...1...2...3...4...5...6...7...8...9...10	Bounce #1 added RGB(8107, 7905, 6798)
0...1...2...3...4...5...6...7...8...9...10	Bounce #2 added RGB(2568, 2622, 2325)
0...1...2...3...4...5...6...7...8...9...10	Bounce #3 added RGB(975, 1026, 927)
0...1...2...3...4...5...6...7...8...9...10	Bounce #4 added RGB(393, 420, 383)
0...1...2...3...4...5...6...7...8...9...10	Bounce #5 added RGB(166, 178, 163)
0...1...2...3...4...5...6...7...8...9...10	Bounce #6 added RGB(71, 76, 70)
0...1...2...3...4...5...6...7...8...9...10	Bounce #7 added RGB(31, 33, 30)
0...1...2...3...4...5...6...7...8...9...10	Bounce #8 added RGB(13, 15, 13)
0...1...2...3...4...5...6...7...8...9...10	Bounce #9 added RGB(6, 6, 6)
0...1...2...3...4...5...6...7...8...9...10	Bounce #10 added RGB(3, 3, 3)
0...1...2...3...4...5...6...7...8...9...10	Bounce #11 added RGB(1, 1, 1)
0...1...2...3...4...5...6...7...8...9...10	Bounce #12 added RGB(1, 1, 1)
Build Patch/Sample Hash Table(s).....Done<0.0027 sec>
0...1...2...3...4...5...6...7...8...9...10FinalLightFace Done
0 of 0 (0% of) surface lights went in leaf ambient cubes.
0...1...2...3...4...5...6...7...8...9...10Writing leaf ambient...done
Ready to Finish

Object names       Objects/Maxobjs  Memory / Maxmem  Fullness 
------------       ---------------  ---------------  -------- 
models                  66/1024         3168/49152    ( 6.4%) 
brushes               1027/8192        12324/98304    (12.5%) 
brushsides            8170/65536       65360/524288   (12.5%) 
planes                5956/65536      119120/1310720  ( 9.1%) 
vertexes              4880/65536       58560/786432   ( 7.4%) 
nodes                 1637/65536       52384/2097152  ( 2.5%) 
texinfos               867/12288       62424/884736   ( 7.1%) 
texdata                 91/2048         2912/65536    ( 4.4%) 
dispinfos                5/0             880/0        ( 0.0%) 
disp_verts             405/0            8100/0        ( 0.0%) 
disp_tris              640/0            1280/0        ( 0.0%) 
disp_multiblend          0/0               0/0        ( 0.0%) 
disp_lmsamples       15420/0           15420/0        ( 0.0%) 
faces                 2330/65536      130480/3670016  ( 3.6%) 
hdr faces                0/65536           0/3670016  ( 0.0%) 
origfaces             1811/65536      101416/3670016  ( 2.8%) 
facebrushes            272/0             544/0        ( 0.0%) 
facebrushlists        2330/0            9320/0        ( 0.0%) 
leaves                1704/65536       54528/2097152  ( 2.6%) 
leaffaces             3330/65536        6660/131072   ( 5.1%) 
leafbrushes           2664/65536        5328/131072   ( 4.1%) 
areas                   12/256            96/2048     ( 4.7%) 
surfedges            18282/512000      73128/2048000  ( 3.6%) 
edges                11301/256000      45204/1024000  ( 4.4%) 
LDR worldlights         19/8192         1900/819200   ( 0.2%) 
HDR worldlights          0/8192            0/819200   ( 0.0%) 
leafwaterdata            1/32768          12/393216   ( 0.0%) 
waterstrips            243/32768        2430/327680   ( 0.7%) 
waterverts               0/65536           0/786432   ( 0.0%) 
waterindices          4152/65536        8304/131072   ( 6.3%) 
cubemapsamples          15/1024          240/16384    ( 1.5%) 
overlays                29/512         10208/180224   ( 5.7%) 
LDR lightdata         [variable]     1547656/0        ( 0.0%) 
HDR lightdata         [variable]           0/0        ( 0.0%) 
visdata               [variable]       58976/16777216 ( 0.4%) 
entdata               [variable]      128081/393216   (32.6%) 
LDR ambient table     1704/65536        6816/262144   ( 2.6%) 
HDR ambient table     1704/65536        6816/262144   ( 2.6%) 
LDR leaf ambient      6525/65536      182700/1835008  (10.0%) 
HDR leaf ambient      1704/65536       47712/1835008  ( 2.6%) 
occluders                0/0               0/0        ( 0.0%) 
occluder polygons        0/0               0/0        ( 0.0%) 
occluder vert ind        0/0               0/0        ( 0.0%) 
detail props          [variable]           1/12       ( 8.3%) 
static props          [variable]           1/20912    ( 0.0%) 
pakfile               [variable]     1199702/0        ( 0.0%) 
physics               [variable]      398609/4194304  ( 9.5%) 
physics terrain       [variable]        1401/1048576  ( 0.1%) 

Level flags = 0

Total triangle count: 6392
Writing c:\program files (x86)\steam\steamapps\common\portal 2\sdk_content\maps\wip\chapter 2\mp_coop_a2_laser_intro.bsp
5 seconds elapsed



materialPath: C:\Program Files (x86)\Steam\steamapps\common\Portal 2\portal2\materials
Loading C:\Program Files (x86)\Steam\steamapps\common\Portal 2\sdk_content\maps\WIP\Chapter 2\mp_coop_a2_laser_intro.vmf
ConVarRef gpu_level doesn't point to an existing ConVar
Material not found!: PLASTER/PLASTERWALL044C
Patching WVT material: maps/mp_coop_a2_laser_intro/nature/blendwhitefloor_dirt02_wvt_patch
fixing up env_cubemap materials on brush sides...
0...1...2...3...4...5...6...7...8...9...100...1...2...3...4...5...6...7...8...9...10Processing areas...done (0)
Building Faces...done (0)
Chop Details...done (0)
Find Visible Detail Sides...
Merged 512 detail faces...done (0)
Merging details...done (0)
FixTjuncs...
PruneNodes...
WriteBSP...
done (0)
writing C:\Program Files (x86)\Steam\steamapps\common\Portal 2\sdk_content\maps\WIP\Chapter 2\mp_coop_a2_laser_intro.prt...Building visibility clusters...
done (0)
Finding displacement neighbors...
Finding lightmap sample positions...
Displacement Alpha : 0...1...2...3...4...5...6...7...8...9...10
Building Physics collision data...
done (0) (398609 bytes)
Encountered obsolete static prop option to do its fade in screen space @ -784.00 0.00 64.00
Encountered obsolete static prop option to do its fade in screen space @ -752.00 0.00 64.00
Encountered obsolete static prop option to do its fade in screen space @ 672.00 0.00 144.00
Encountered obsolete static prop option to do its fade in screen space @ 704.00 0.00 144.00
Placing detail props : 0...1...2...3...4...5...6...7...8...9...10
Compacting texture/material tables...
Reduced 1795 texinfos to 867
Reduced 106 texdatas to 91 (3718 bytes to 3069)
Writing C:\Program Files (x86)\Steam\steamapps\common\Portal 2\sdk_content\maps\WIP\Chapter 2\mp_coop_a2_laser_intro.bsp

nummapplanes:     (  5956 / 65536 )
nummapbrushes:    (  1027 /  8192 )
nummapbrushsides: (  8186 / 65536 )
num_map_overlays: (    29 /   512 )
nummodels:        (    66 /  1024 )
num_entities:     (   343 / 16384 )

1 second elapsed



24 threads
reading c:\program files (x86)\steam\steamapps\common\portal 2\sdk_content\maps\wip\chapter 2\mp_coop_a2_laser_intro.bsp
reading c:\program files (x86)\steam\steamapps\common\portal 2\sdk_content\maps\wip\chapter 2\mp_coop_a2_laser_intro.prt
 478 portalclusters
1590 numportals
0...1...2...3...4...5...6...7...8...9...10Optimized: 11085 visible clusters (0.00%)
Total clusters visible: 187636
Average clusters visible: 392
Building PAS...
Average clusters audible: 462
visdatasize:58976  compressed from 61184
writing c:\program files (x86)\steam\steamapps\common\portal 2\sdk_content\maps\wip\chapter 2\mp_coop_a2_laser_intro.bsp
0 seconds elapsed



[Reading texlights from 'lights.rad']
[59 texlights parsed from 'lights.rad']

Loading c:\program files (x86)\steam\steamapps\common\portal 2\sdk_content\maps\wip\chapter 2\mp_coop_a2_laser_intro.bsp
2330 faces
159972 square feet [23035984.00 square inches]
5 Displacements
1540 Square Feet [221879.42 Square Inches]
2330 patches before subdivision
17552 patches after subdivision
35 direct lights
0...1...2...3...4...5...6...7...8...9...100...1...2...3...4...5...6...7...8...9...10transfers 1361716, max 450
transfer lists:  10.4 megs
0...1...2...3...4...5...6...7...8...9...10	Bounce #1 added RGB(9257, 9817, 8929)
0...1...2...3...4...5...6...7...8...9...10	Bounce #2 added RGB(3038, 3385, 3163)
0...1...2...3...4...5...6...7...8...9...10	Bounce #3 added RGB(1201, 1389, 1325)
0...1...2...3...4...5...6...7...8...9...10	Bounce #4 added RGB(493, 579, 556)
0...1...2...3...4...5...6...7...8...9...10	Bounce #5 added RGB(212, 250, 241)
0...1...2...3...4...5...6...7...8...9...10	Bounce #6 added RGB(92, 109, 104)
0...1...2...3...4...5...6...7...8...9...10	Bounce #7 added RGB(40, 48, 46)
0...1...2...3...4...5...6...7...8...9...10	Bounce #8 added RGB(18, 21, 20)
0...1...2...3...4...5...6...7...8...9...10	Bounce #9 added RGB(8, 9, 9)
0...1...2...3...4...5...6...7...8...9...10	Bounce #10 added RGB(4, 4, 4)
0...1...2...3...4...5...6...7...8...9...10	Bounce #11 added RGB(2, 2, 2)
0...1...2...3...4...5...6...7...8...9...10	Bounce #12 added RGB(1, 1, 1)
Build Patch/Sample Hash Table(s).....Done<0.0025 sec>
0...1...2...3...4...5...6...7...8...9...10FinalLightFace Done
16 of 16 (100% of) surface lights went in leaf ambient cubes.
0...1...2...3...4...5...6...7...8...9...10Writing leaf ambient...done
Ready to Finish

Object names       Objects/Maxobjs  Memory / Maxmem  Fullness 
------------       ---------------  ---------------  -------- 
models                  66/1024         3168/49152    ( 6.4%) 
brushes               1027/8192        12324/98304    (12.5%) 
brushsides            8170/65536       65360/524288   (12.5%) 
planes                5956/65536      119120/1310720  ( 9.1%) 
vertexes              4880/65536       58560/786432   ( 7.4%) 
nodes                 1637/65536       52384/2097152  ( 2.5%) 
texinfos               867/12288       62424/884736   ( 7.1%) 
texdata                 91/2048         2912/65536    ( 4.4%) 
dispinfos                5/0             880/0        ( 0.0%) 
disp_verts             405/0            8100/0        ( 0.0%) 
disp_tris              640/0            1280/0        ( 0.0%) 
disp_multiblend          0/0               0/0        ( 0.0%) 
disp_lmsamples       15420/0           15420/0        ( 0.0%) 
faces                 2330/65536      130480/3670016  ( 3.6%) 
hdr faces                0/65536           0/3670016  ( 0.0%) 
origfaces             1811/65536      101416/3670016  ( 2.8%) 
facebrushes            272/0             544/0        ( 0.0%) 
facebrushlists        2330/0            9320/0        ( 0.0%) 
leaves                1704/65536       54528/2097152  ( 2.6%) 
leaffaces             3330/65536        6660/131072   ( 5.1%) 
leafbrushes           2664/65536        5328/131072   ( 4.1%) 
areas                   12/256            96/2048     ( 4.7%) 
surfedges            18282/512000      73128/2048000  ( 3.6%) 
edges                11301/256000      45204/1024000  ( 4.4%) 
LDR worldlights         35/8192         3500/819200   ( 0.4%) 
HDR worldlights          0/8192            0/819200   ( 0.0%) 
leafwaterdata            1/32768          12/393216   ( 0.0%) 
waterstrips            243/32768        2430/327680   ( 0.7%) 
waterverts               0/65536           0/786432   ( 0.0%) 
waterindices          4152/65536        8304/131072   ( 6.3%) 
cubemapsamples          15/1024          240/16384    ( 1.5%) 
overlays                29/512         10208/180224   ( 5.7%) 
LDR lightdata         [variable]     1547656/0        ( 0.0%) 
HDR lightdata         [variable]           0/0        ( 0.0%) 
visdata               [variable]       58976/16777216 ( 0.4%) 
entdata               [variable]      128084/393216   (32.6%) 
LDR ambient table     1704/65536        6816/262144   ( 2.6%) 
HDR ambient table     1704/65536        6816/262144   ( 2.6%) 
LDR leaf ambient      6595/65536      184660/1835008  (10.1%) 
HDR leaf ambient      1704/65536       47712/1835008  ( 2.6%) 
occluders                0/0               0/0        ( 0.0%) 
occluder polygons        0/0               0/0        ( 0.0%) 
occluder vert ind        0/0               0/0        ( 0.0%) 
detail props          [variable]           1/12       ( 8.3%) 
static props          [variable]           1/20912    ( 0.0%) 
pakfile               [variable]     1199702/0        ( 0.0%) 
physics               [variable]      398609/4194304  ( 9.5%) 
physics terrain       [variable]        1401/1048576  ( 0.1%) 

Level flags = 0

Total triangle count: 6392
Writing c:\program files (x86)\steam\steamapps\common\portal 2\sdk_content\maps\wip\chapter 2\mp_coop_a2_laser_intro.bsp
5 seconds elapsed



materialPath: C:\Program Files (x86)\Steam\steamapps\common\Portal 2\portal2\materials
Loading C:\Program Files (x86)\Steam\steamapps\common\Portal 2\sdk_content\maps\WIP\Chapter 2\mp_coop_a2_laser_intro.vmf
ConVarRef gpu_level doesn't point to an existing ConVar
Material not found!: PLASTER/PLASTERWALL044C
Patching WVT material: maps/mp_coop_a2_laser_intro/nature/blendwhitefloor_dirt02_wvt_patch
fixing up env_cubemap materials on brush sides...
0...1...2...3...4...5...6...7...8...9...100...1...2...3...4...5...6...7...8...9...10Processing areas...done (0)
Building Faces...done (0)
Chop Details...done (0)
Find Visible Detail Sides...
Merged 512 detail faces...done (0)
Merging details...done (0)
FixTjuncs...
PruneNodes...
WriteBSP...
done (0)
writing C:\Program Files (x86)\Steam\steamapps\common\Portal 2\sdk_content\maps\WIP\Chapter 2\mp_coop_a2_laser_intro.prt...Building visibility clusters...
done (0)
Finding displacement neighbors...
Finding lightmap sample positions...
Displacement Alpha : 0...1...2...3...4...5...6...7...8...9...10
Building Physics collision data...
done (0) (398609 bytes)
Encountered obsolete static prop option to do its fade in screen space @ -784.00 0.00 64.00
Encountered obsolete static prop option to do its fade in screen space @ -752.00 0.00 64.00
Encountered obsolete static prop option to do its fade in screen space @ 672.00 0.00 144.00
Encountered obsolete static prop option to do its fade in screen space @ 704.00 0.00 144.00
Placing detail props : 0...1...2...3...4...5...6...7...8...9...10
Compacting texture/material tables...
Reduced 1795 texinfos to 867
Reduced 106 texdatas to 91 (3718 bytes to 3069)
Writing C:\Program Files (x86)\Steam\steamapps\common\Portal 2\sdk_content\maps\WIP\Chapter 2\mp_coop_a2_laser_intro.bsp

nummapplanes:     (  5956 / 65536 )
nummapbrushes:    (  1027 /  8192 )
nummapbrushsides: (  8186 / 65536 )
num_map_overlays: (    29 /   512 )
nummodels:        (    66 /  1024 )
num_entities:     (   343 / 16384 )

1 second elapsed



24 threads
reading c:\program files (x86)\steam\steamapps\common\portal 2\sdk_content\maps\wip\chapter 2\mp_coop_a2_laser_intro.bsp
reading c:\program files (x86)\steam\steamapps\common\portal 2\sdk_content\maps\wip\chapter 2\mp_coop_a2_laser_intro.prt
 478 portalclusters
1590 numportals
0...1...2...3...4...5...6...7...8...9...10Optimized: 11085 visible clusters (0.00%)
Total clusters visible: 187636
Average clusters visible: 392
Building PAS...
Average clusters audible: 462
visdatasize:58976  compressed from 61184
writing c:\program files (x86)\steam\steamapps\common\portal 2\sdk_content\maps\wip\chapter 2\mp_coop_a2_laser_intro.bsp
0 seconds elapsed



[Reading texlights from 'lights.rad']
[59 texlights parsed from 'lights.rad']

Loading c:\program files (x86)\steam\steamapps\common\portal 2\sdk_content\maps\wip\chapter 2\mp_coop_a2_laser_intro.bsp
2330 faces
159972 square feet [23035984.00 square inches]
5 Displacements
1540 Square Feet [221879.42 Square Inches]
2330 patches before subdivision
17552 patches after subdivision
35 direct lights
0...1...2...3...4...5...6...7...8...9...100...1...2...3...4...5...6...7...8...9...10transfers 1361716, max 450
transfer lists:  10.4 megs
0...1...2...3...4...5...6...7...8...9...10	Bounce #1 added RGB(9257, 9817, 8929)
0...1...2...3...4...5...6...7...8...9...10	Bounce #2 added RGB(3038, 3385, 3163)
0...1...2...3...4...5...6...7...8...9...10	Bounce #3 added RGB(1201, 1389, 1325)
0...1...2...3...4...5...6...7...8...9...10	Bounce #4 added RGB(493, 579, 556)
0...1...2...3...4...5...6...7...8...9...10	Bounce #5 added RGB(212, 250, 241)
0...1...2...3...4...5...6...7...8...9...10	Bounce #6 added RGB(92, 109, 104)
0...1...2...3...4...5...6...7...8...9...10	Bounce #7 added RGB(40, 48, 46)
0...1...2...3...4...5...6...7...8...9...10	Bounce #8 added RGB(18, 21, 20)
0...1...2...3...4...5...6...7...8...9...10	Bounce #9 added RGB(8, 9, 9)
0...1...2...3...4...5...6...7...8...9...10	Bounce #10 added RGB(4, 4, 4)
0...1...2...3...4...5...6...7...8...9...10	Bounce #11 added RGB(2, 2, 2)
0...1...2...3...4...5...6...7...8...9...10	Bounce #12 added RGB(1, 1, 1)
Build Patch/Sample Hash Table(s).....Done<0.0028 sec>
0...1...2...3...4...5...6...7...8...9...10FinalLightFace Done
16 of 16 (100% of) surface lights went in leaf ambient cubes.
0...1...2...3...4...5...6...7...8...9...10Writing leaf ambient...done
Ready to Finish

Object names       Objects/Maxobjs  Memory / Maxmem  Fullness 
------------       ---------------  ---------------  -------- 
models                  66/1024         3168/49152    ( 6.4%) 
brushes               1027/8192        12324/98304    (12.5%) 
brushsides            8170/65536       65360/524288   (12.5%) 
planes                5956/65536      119120/1310720  ( 9.1%) 
vertexes              4880/65536       58560/786432   ( 7.4%) 
nodes                 1637/65536       52384/2097152  ( 2.5%) 
texinfos               867/12288       62424/884736   ( 7.1%) 
texdata                 91/2048         2912/65536    ( 4.4%) 
dispinfos                5/0             880/0        ( 0.0%) 
disp_verts             405/0            8100/0        ( 0.0%) 
disp_tris              640/0            1280/0        ( 0.0%) 
disp_multiblend          0/0               0/0        ( 0.0%) 
disp_lmsamples       15420/0           15420/0        ( 0.0%) 
faces                 2330/65536      130480/3670016  ( 3.6%) 
hdr faces                0/65536           0/3670016  ( 0.0%) 
origfaces             1811/65536      101416/3670016  ( 2.8%) 
facebrushes            272/0             544/0        ( 0.0%) 
facebrushlists        2330/0            9320/0        ( 0.0%) 
leaves                1704/65536       54528/2097152  ( 2.6%) 
leaffaces             3330/65536        6660/131072   ( 5.1%) 
leafbrushes           2664/65536        5328/131072   ( 4.1%) 
areas                   12/256            96/2048     ( 4.7%) 
surfedges            18282/512000      73128/2048000  ( 3.6%) 
edges                11301/256000      45204/1024000  ( 4.4%) 
LDR worldlights         35/8192         3500/819200   ( 0.4%) 
HDR worldlights          0/8192            0/819200   ( 0.0%) 
leafwaterdata            1/32768          12/393216   ( 0.0%) 
waterstrips            243/32768        2430/327680   ( 0.7%) 
waterverts               0/65536           0/786432   ( 0.0%) 
waterindices          4152/65536        8304/131072   ( 6.3%) 
cubemapsamples          15/1024          240/16384    ( 1.5%) 
overlays                29/512         10208/180224   ( 5.7%) 
LDR lightdata         [variable]     1547656/0        ( 0.0%) 
HDR lightdata         [variable]           0/0        ( 0.0%) 
visdata               [variable]       58976/16777216 ( 0.4%) 
entdata               [variable]      128082/393216   (32.6%) 
LDR ambient table     1704/65536        6816/262144   ( 2.6%) 
HDR ambient table     1704/65536        6816/262144   ( 2.6%) 
LDR leaf ambient      6595/65536      184660/1835008  (10.1%) 
HDR leaf ambient      1704/65536       47712/1835008  ( 2.6%) 
occluders                0/0               0/0        ( 0.0%) 
occluder polygons        0/0               0/0        ( 0.0%) 
occluder vert ind        0/0               0/0        ( 0.0%) 
detail props          [variable]           1/12       ( 8.3%) 
static props          [variable]           1/20912    ( 0.0%) 
pakfile               [variable]     1199702/0        ( 0.0%) 
physics               [variable]      398609/4194304  ( 9.5%) 
physics terrain       [variable]        1401/1048576  ( 0.1%) 

Level flags = 0

Total triangle count: 6392
Writing c:\program files (x86)\steam\steamapps\common\portal 2\sdk_content\maps\wip\chapter 2\mp_coop_a2_laser_intro.bsp
5 seconds elapsed



[Reading texlights from 'lights.rad']
[59 texlights parsed from 'lights.rad']

Loading c:\program files (x86)\steam\steamapps\common\portal 2\sdk_content\maps\wip\chapter 2\mp_coop_a2_laser_intro.bsp
Loaded alpha texture materials\Metal\metalgrate018.vtf
Loaded alpha texture materials\Metal\metalgrate018b.vtf
Loaded alpha texture materials\Tools\toolsinvisible.vtf
2330 faces
159972 square feet [23035984.00 square inches]
5 Displacements
1540 Square Feet [221879.42 Square Inches]
2330 patches before subdivision
17552 patches after subdivision
35 direct lights
0...1...2...3...4...5...6...7...8...9...100...1...2...3...4...5...6...7...8...9...10transfers 1482362, max 441
transfer lists:  11.3 megs
0...1...2...3...4...5...6...7...8...9...10	Bounce #1 added RGB(13062, 12856, 10987)
0...1...2...3...4...5...6...7...8...9...10	Bounce #2 added RGB(3902, 4085, 3637)
0...1...2...3...4...5...6...7...8...9...10	Bounce #3 added RGB(1462, 1606, 1475)
0...1...2...3...4...5...6...7...8...9...10	Bounce #4 added RGB(586, 657, 611)
0...1...2...3...4...5...6...7...8...9...10	Bounce #5 added RGB(247, 281, 262)
0...1...2...3...4...5...6...7...8...9...10	Bounce #6 added RGB(106, 121, 113)
0...1...2...3...4...5...6...7...8...9...10	Bounce #7 added RGB(46, 53, 49)
0...1...2...3...4...5...6...7...8...9...10	Bounce #8 added RGB(20, 23, 22)
0...1...2...3...4...5...6...7...8...9...10	Bounce #9 added RGB(9, 10, 10)
0...1...2...3...4...5...6...7...8...9...10	Bounce #10 added RGB(4, 5, 4)
0...1...2...3...4...5...6...7...8...9...10	Bounce #11 added RGB(2, 2, 2)
0...1...2...3...4...5...6...7...8...9...10	Bounce #12 added RGB(1, 1, 1)
Build Patch/Sample Hash Table(s).....Done<0.0025 sec>
0...1...2...3...4...5...6...7...8...9...10FinalLightFace Done
16 of 16 (100% of) surface lights went in leaf ambient cubes.
0...1...2...3...4...5...6...7...8...9...10Writing leaf ambient...done
Computing static prop lighting : 00...1...2...3...4...5...6...7...8...9...10
Ready to Finish

Object names       Objects/Maxobjs  Memory / Maxmem  Fullness 
------------       ---------------  ---------------  -------- 
models                  66/1024         3168/49152    ( 6.4%) 
brushes               1027/8192        12324/98304    (12.5%) 
brushsides            8170/65536       65360/524288   (12.5%) 
planes                5956/65536      119120/1310720  ( 9.1%) 
vertexes              4880/65536       58560/786432   ( 7.4%) 
nodes                 1637/65536       52384/2097152  ( 2.5%) 
texinfos               867/12288       62424/884736   ( 7.1%) 
texdata                 91/2048         2912/65536    ( 4.4%) 
dispinfos                5/0             880/0        ( 0.0%) 
disp_verts             405/0            8100/0        ( 0.0%) 
disp_tris              640/0            1280/0        ( 0.0%) 
disp_multiblend          0/0               0/0        ( 0.0%) 
disp_lmsamples       15420/0           15420/0        ( 0.0%) 
faces                 2330/65536      130480/3670016  ( 3.6%) 
hdr faces                0/65536           0/3670016  ( 0.0%) 
origfaces             1811/65536      101416/3670016  ( 2.8%) 
facebrushes            272/0             544/0        ( 0.0%) 
facebrushlists        2330/0            9320/0        ( 0.0%) 
leaves                1704/65536       54528/2097152  ( 2.6%) 
leaffaces             3330/65536        6660/131072   ( 5.1%) 
leafbrushes           2664/65536        5328/131072   ( 4.1%) 
areas                   12/256            96/2048     ( 4.7%) 
surfedges            18282/512000      73128/2048000  ( 3.6%) 
edges                11301/256000      45204/1024000  ( 4.4%) 
LDR worldlights         35/8192         3500/819200   ( 0.4%) 
HDR worldlights          0/8192            0/819200   ( 0.0%) 
leafwaterdata            1/32768          12/393216   ( 0.0%) 
waterstrips            243/32768        2430/327680   ( 0.7%) 
waterverts               0/65536           0/786432   ( 0.0%) 
waterindices          4152/65536        8304/131072   ( 6.3%) 
cubemapsamples          15/1024          240/16384    ( 1.5%) 
overlays                29/512         10208/180224   ( 5.7%) 
LDR lightdata         [variable]     1571504/0        ( 0.0%) 
HDR lightdata         [variable]           0/0        ( 0.0%) 
visdata               [variable]       58976/16777216 ( 0.4%) 
entdata               [variable]      128082/393216   (32.6%) 
LDR ambient table     1704/65536        6816/262144   ( 2.6%) 
HDR ambient table     1704/65536        6816/262144   ( 2.6%) 
LDR leaf ambient      6862/65536      192136/1835008  (10.5%) 
HDR leaf ambient      1704/65536       47712/1835008  ( 2.6%) 
occluders                0/0               0/0        ( 0.0%) 
occluder polygons        0/0               0/0        ( 0.0%) 
occluder vert ind        0/0               0/0        ( 0.0%) 
detail props          [variable]           1/12       ( 8.3%) 
static props          [variable]           1/20912    ( 0.0%) 
pakfile               [variable]     2257594/0        ( 0.0%) 
physics               [variable]      398609/4194304  ( 9.5%) 
physics terrain       [variable]        1401/1048576  ( 0.1%) 

Level flags = 1

Total triangle count: 6392
Writing c:\program files (x86)\steam\steamapps\common\portal 2\sdk_content\maps\wip\chapter 2\mp_coop_a2_laser_intro.bsp
48 seconds elapsed



[Reading texlights from 'lights.rad']
[59 texlights parsed from 'lights.rad']

Loading c:\program files (x86)\steam\steamapps\common\portal 2\sdk_content\maps\wip\chapter 2\mp_coop_a2_laser_intro.bsp
Loaded alpha texture materials\Metal\metalgrate018.vtf
Loaded alpha texture materials\Metal\metalgrate018b.vtf
Loaded alpha texture materials\Tools\toolsinvisible.vtf
2330 faces
159972 square feet [23035984.00 square inches]
5 Displacements
1540 Square Feet [221879.42 Square Inches]
2330 patches before subdivision
17552 patches after subdivision
35 direct lights
0...1...2...3...4...5...6...7...8...9...100...1...2...3...4...5...6...7...8...9...10transfers 1482362, max 441
transfer lists:  11.3 megs
0...1...2...3...4...5...6...7...8...9...10	Bounce #1 added RGB(13062, 12856, 10987)
0...1...2...3...4...5...6...7...8...9...10	Bounce #2 added RGB(3902, 4085, 3637)
0...1...2...3...4...5...6...7...8...9...10	Bounce #3 added RGB(1462, 1606, 1475)
0...1...2...3...4...5...6...7...8...9...10	Bounce #4 added RGB(586, 657, 611)
0...1...2...3...4...5...6...7...8...9...10	Bounce #5 added RGB(247, 281, 262)
0...1...2...3...4...5...6...7...8...9...10	Bounce #6 added RGB(106, 121, 113)
0...1...2...3...4...5...6...7...8...9...10	Bounce #7 added RGB(46, 53, 49)
0...1...2...3...4...5...6...7...8...9...10	Bounce #8 added RGB(20, 23, 22)
0...1...2...3...4...5...6...7...8...9...10	Bounce #9 added RGB(9, 10, 10)
0...1...2...3...4...5...6...7...8...9...10	Bounce #10 added RGB(4, 5, 4)
0...1...2...3...4...5...6...7...8...9...10	Bounce #11 added RGB(2, 2, 2)
0...1...2...3...4...5...6...7...8...9...10	Bounce #12 added RGB(1, 1, 1)
Build Patch/Sample Hash Table(s).....Done<0.0031 sec>
0...1...2...3...4...5...6...7...8...9...10FinalLightFace Done
16 of 16 (100% of) surface lights went in leaf ambient cubes.
0...1...2...3...4...5...6...7...8...9...10Writing leaf ambient...done
Computing static prop lighting : 00...1...2...3...4...5...6...7...8...9...10
Ready to Finish

Object names       Objects/Maxobjs  Memory / Maxmem  Fullness 
------------       ---------------  ---------------  -------- 
models                  66/1024         3168/49152    ( 6.4%) 
brushes               1027/8192        12324/98304    (12.5%) 
brushsides            8170/65536       65360/524288   (12.5%) 
planes                5956/65536      119120/1310720  ( 9.1%) 
vertexes              4880/65536       58560/786432   ( 7.4%) 
nodes                 1637/65536       52384/2097152  ( 2.5%) 
texinfos               867/12288       62424/884736   ( 7.1%) 
texdata                 91/2048         2912/65536    ( 4.4%) 
dispinfos                5/0             880/0        ( 0.0%) 
disp_verts             405/0            8100/0        ( 0.0%) 
disp_tris              640/0            1280/0        ( 0.0%) 
disp_multiblend          0/0               0/0        ( 0.0%) 
disp_lmsamples       15420/0           15420/0        ( 0.0%) 
faces                 2330/65536      130480/3670016  ( 3.6%) 
hdr faces             2330/65536      130480/3670016  ( 3.6%) 
origfaces             1811/65536      101416/3670016  ( 2.8%) 
facebrushes            272/0             544/0        ( 0.0%) 
facebrushlists        2330/0            9320/0        ( 0.0%) 
leaves                1704/65536       54528/2097152  ( 2.6%) 
leaffaces             3330/65536        6660/131072   ( 5.1%) 
leafbrushes           2664/65536        5328/131072   ( 4.1%) 
areas                   12/256            96/2048     ( 4.7%) 
surfedges            18282/512000      73128/2048000  ( 3.6%) 
edges                11301/256000      45204/1024000  ( 4.4%) 
LDR worldlights         35/8192         3500/819200   ( 0.4%) 
HDR worldlights         35/8192         3500/819200   ( 0.4%) 
leafwaterdata            1/32768          12/393216   ( 0.0%) 
waterstrips            243/32768        2430/327680   ( 0.7%) 
waterverts               0/65536           0/786432   ( 0.0%) 
waterindices          4152/65536        8304/131072   ( 6.3%) 
cubemapsamples          15/1024          240/16384    ( 1.5%) 
overlays                29/512         10208/180224   ( 5.7%) 
LDR lightdata         [variable]     1571504/0        ( 0.0%) 
HDR lightdata         [variable]     1571504/0        ( 0.0%) 
visdata               [variable]       58976/16777216 ( 0.4%) 
entdata               [variable]      128082/393216   (32.6%) 
LDR ambient table     1704/65536        6816/262144   ( 2.6%) 
HDR ambient table     1704/65536        6816/262144   ( 2.6%) 
LDR leaf ambient      6862/65536      192136/1835008  (10.5%) 
HDR leaf ambient      6862/65536      192136/1835008  (10.5%) 
occluders                0/0               0/0        ( 0.0%) 
occluder polygons        0/0               0/0        ( 0.0%) 
occluder vert ind        0/0               0/0        ( 0.0%) 
detail props          [variable]           1/12       ( 8.3%) 
static props          [variable]           1/20912    ( 0.0%) 
pakfile               [variable]     3317134/0        ( 0.0%) 
physics               [variable]      398609/4194304  ( 9.5%) 
physics terrain       [variable]        1401/1048576  ( 0.1%) 

Level flags = 3

Total triangle count: 6392
Writing c:\program files (x86)\steam\steamapps\common\portal 2\sdk_content\maps\wip\chapter 2\mp_coop_a2_laser_intro.bsp
48 seconds elapsed
