


materialPath: C:\Program Files (x86)\Steam\steamapps\common\Portal 2\portal2\materials
Loading C:\Program Files (x86)\Steam\steamapps\common\Portal 2\sdk_content\maps\WIP\Chapter 2\mp_coop_a2_catapult_intro.vmf
ConVarRef gpu_level doesn't point to an existing ConVar
Patching WVT material: maps/mp_coop_a2_catapult_intro/metal/blendblackfloormetal_dirt02_wvt_patch
fixing up env_cubemap materials on brush sides...
0...1...2...3...4...5...6...7...8...9...100...1...2...3...4...5...6...7...8...9...10Processing areas...done (0)
Building Faces...done (0)
Chop Details...done (0)
Find Visible Detail Sides...
Merged 544 detail faces...done (0)
Merging details...done (0)
FixTjuncs...
PruneNodes...
WriteBSP...
done (0)
writing C:\Program Files (x86)\Steam\steamapps\common\Portal 2\sdk_content\maps\WIP\Chapter 2\mp_coop_a2_catapult_intro.prt...Building visibility clusters...
done (0)
Finding displacement neighbors...
Finding lightmap sample positions...
Displacement Alpha : 0...1...2...3...4...5...6...7...8...9...10
Error! Variable "%keywords" is multiply defined in material "signage/signage_overlay_catapult1"!
Error! Variable "%keywords" is multiply defined in material "signage/signage_overlay_catapult2"!
Building Physics collision data...
done (0) (518004 bytes)
Encountered obsolete static prop option to do its fade in screen space @ -144.00 1312.00 -288.00
Encountered obsolete static prop option to do its fade in screen space @ -80.00 1024.00 -288.00
Encountered obsolete static prop option to do its fade in screen space @ -48.00 1024.00 -288.00
Encountered obsolete static prop option to do its fade in screen space @ -64.00 1552.00 -288.00
Encountered obsolete static prop option to do its fade in screen space @ -112.00 1024.00 -288.00
Encountered obsolete static prop option to do its fade in screen space @ -64.00 -1584.00 -256.00
Encountered obsolete static prop option to do its fade in screen space @ -64.00 -1552.00 -256.00
Encountered obsolete static prop option to do its fade in screen space @ -64.00 1744.00 -224.00
Encountered obsolete static prop option to do its fade in screen space @ -64.00 1712.00 -224.00
Placing detail props : 0...1...2...3...4...5...6...7...8...9...10
Compacting texture/material tables...
Reduced 2248 texinfos to 1080
Reduced 130 texdatas to 115 (5002 bytes to 4364)
Writing C:\Program Files (x86)\Steam\steamapps\common\Portal 2\sdk_content\maps\WIP\Chapter 2\mp_coop_a2_catapult_intro.bsp

nummapplanes:     (  5716 / 65536 )
nummapbrushes:    (  1344 /  8192 )
nummapbrushsides: (  9844 / 65536 )
num_map_overlays: (    38 /   512 )
nummodels:        (   168 /  1024 )
num_entities:     (   729 / 16384 )

1 second elapsed



24 threads
reading c:\program files (x86)\steam\steamapps\common\portal 2\sdk_content\maps\wip\chapter 2\mp_coop_a2_catapult_intro.bsp
reading c:\program files (x86)\steam\steamapps\common\portal 2\sdk_content\maps\wip\chapter 2\mp_coop_a2_catapult_intro.prt
 336 portalclusters
 753 numportals
0...1...2...3...4...5...6...7...8...9...10Optimized: 2719 visible clusters (0.00%)
Total clusters visible: 79801
Average clusters visible: 237
Building PAS...
Average clusters audible: 317
visdatasize:29617  compressed from 32256
writing c:\program files (x86)\steam\steamapps\common\portal 2\sdk_content\maps\wip\chapter 2\mp_coop_a2_catapult_intro.bsp
0 seconds elapsed



Could not find lights.rad in lights.rad.
Trying VRAD BIN directory instead...
Warning: Couldn't open texlight file C:\Program Files (x86)\Steam\steamapps\common\Portal 2\bin\lights.rad.
Loading c:\program files (x86)\steam\steamapps\common\portal 2\sdk_content\maps\wip\chapter 2\mp_coop_a2_catapult_intro.bsp
2864 faces
500491 square feet [72070784.00 square inches]
2 Displacements
711 Square Feet [102412.59 Square Inches]
2864 patches before subdivision
47526 patches after subdivision
27 direct lights
0...1...2...3...4...5...6...7...8...9...100...1...2...3...4...5...6...7...8...9...10transfers 8619095, max 720
transfer lists:  65.8 megs
0...1...2...3...4...5...6...7...8...9...10	Bounce #1 added RGB(39219, 48108, 52259)
0...1...2...3...4...5...6...7...8...9...10	Bounce #2 added RGB(17804, 21657, 22980)
0...1...2...3...4...5...6...7...8...9...10	Bounce #3 added RGB(8269, 9961, 10369)
0...1...2...3...4...5...6...7...8...9...10	Bounce #4 added RGB(3860, 4608, 4717)
0...1...2...3...4...5...6...7...8...9...10	Bounce #5 added RGB(1819, 2151, 2166)
0...1...2...3...4...5...6...7...8...9...10	Bounce #6 added RGB(859, 1006, 997)
0...1...2...3...4...5...6...7...8...9...10	Bounce #7 added RGB(407, 472, 460)
0...1...2...3...4...5...6...7...8...9...10	Bounce #8 added RGB(193, 222, 213)
0...1...2...3...4...5...6...7...8...9...10	Bounce #9 added RGB(92, 104, 98)
0...1...2...3...4...5...6...7...8...9...10	Bounce #10 added RGB(44, 49, 46)
0...1...2...3...4...5...6...7...8...9...10	Bounce #11 added RGB(21, 23, 21)
0...1...2...3...4...5...6...7...8...9...10	Bounce #12 added RGB(10, 11, 10)
0...1...2...3...4...5...6...7...8...9...10	Bounce #13 added RGB(5, 5, 5)
0...1...2...3...4...5...6...7...8...9...10	Bounce #14 added RGB(2, 2, 2)
0...1...2...3...4...5...6...7...8...9...10	Bounce #15 added RGB(1, 1, 1)
0...1...2...3...4...5...6...7...8...9...10	Bounce #16 added RGB(1, 1, 0)
Build Patch/Sample Hash Table(s).....Done<0.0085 sec>
0...1...2...3...4...5...6...7...8...9...10FinalLightFace Done
0 of 0 (0% of) surface lights went in leaf ambient cubes.
0...1...2...3...4...5...6...7...8...9...10Writing leaf ambient...done
Ready to Finish

Object names       Objects/Maxobjs  Memory / Maxmem  Fullness 
------------       ---------------  ---------------  -------- 
models                 168/1024         8064/49152    (16.4%) 
brushes               1344/8192        16128/98304    (16.4%) 
brushsides            9844/65536       78752/524288   (15.0%) 
planes                5716/65536      114320/1310720  ( 8.7%) 
vertexes              6083/65536       72996/786432   ( 9.3%) 
nodes                 2110/65536       67520/2097152  ( 3.2%) 
texinfos              1080/12288       77760/884736   ( 8.8%) 
texdata                115/2048         3680/65536    ( 5.6%) 
dispinfos                2/0             352/0        ( 0.0%) 
disp_verts             106/0            2120/0        ( 0.0%) 
disp_tris              160/0             320/0        ( 0.0%) 
disp_multiblend          0/0               0/0        ( 0.0%) 
disp_lmsamples        2080/0            2080/0        ( 0.0%) 
faces                 2864/65536      160384/3670016  ( 4.4%) 
hdr faces                0/65536           0/3670016  ( 0.0%) 
origfaces             2296/65536      128576/3670016  ( 3.5%) 
facebrushes            390/0             780/0        ( 0.0%) 
facebrushlists        2864/0           11456/0        ( 0.0%) 
leaves                2279/65536       72928/2097152  ( 3.5%) 
leaffaces             3605/65536        7210/131072   ( 5.5%) 
leafbrushes           2692/65536        5384/131072   ( 4.1%) 
areas                   12/256            96/2048     ( 4.7%) 
surfedges            22269/512000      89076/2048000  ( 4.3%) 
edges                13745/256000      54980/1024000  ( 5.4%) 
LDR worldlights         27/8192         2700/819200   ( 0.3%) 
HDR worldlights          0/8192            0/819200   ( 0.0%) 
leafwaterdata            2/32768          24/393216   ( 0.0%) 
waterstrips            217/32768        2170/327680   ( 0.7%) 
waterverts               0/65536           0/786432   ( 0.0%) 
waterindices          3636/65536        7272/131072   ( 5.5%) 
cubemapsamples          14/1024          224/16384    ( 1.4%) 
overlays                38/512         13376/180224   ( 7.4%) 
LDR lightdata         [variable]     2830628/0        ( 0.0%) 
HDR lightdata         [variable]           0/0        ( 0.0%) 
visdata               [variable]       29617/16777216 ( 0.2%) 
entdata               [variable]      298750/393216   (76.0%) 
LDR ambient table     2279/65536        9116/262144   ( 3.5%) 
HDR ambient table     2279/65536        9116/262144   ( 3.5%) 
LDR leaf ambient      5858/65536      164024/1835008  ( 8.9%) 
HDR leaf ambient      2279/65536       63812/1835008  ( 3.5%) 
occluders                0/0               0/0        ( 0.0%) 
occluder polygons        0/0               0/0        ( 0.0%) 
occluder vert ind        0/0               0/0        ( 0.0%) 
detail props          [variable]           1/12       ( 8.3%) 
static props          [variable]           1/20178    ( 0.0%) 
pakfile               [variable]     1129968/0        ( 0.0%) 
physics               [variable]      518004/4194304  (12.4%) 
physics terrain       [variable]         332/1048576  ( 0.0%) 

Level flags = 0

Total triangle count: 7390
Writing c:\program files (x86)\steam\steamapps\common\portal 2\sdk_content\maps\wip\chapter 2\mp_coop_a2_catapult_intro.bsp
9 seconds elapsed



materialPath: C:\Program Files (x86)\Steam\steamapps\common\Portal 2\portal2\materials
Loading C:\Program Files (x86)\Steam\steamapps\common\Portal 2\sdk_content\maps\WIP\Chapter 2\mp_coop_a2_catapult_intro.vmf
ConVarRef gpu_level doesn't point to an existing ConVar
Patching WVT material: maps/mp_coop_a2_catapult_intro/metal/blendblackfloormetal_dirt02_wvt_patch
fixing up env_cubemap materials on brush sides...
0...1...2...3...4...5...6...7...8...9...100...1...2...3...4...5...6...7...8...9...10Processing areas...done (0)
Building Faces...done (0)
Chop Details...done (0)
Find Visible Detail Sides...
Merged 544 detail faces...done (0)
Merging details...done (0)
FixTjuncs...
PruneNodes...
WriteBSP...
done (0)
writing C:\Program Files (x86)\Steam\steamapps\common\Portal 2\sdk_content\maps\WIP\Chapter 2\mp_coop_a2_catapult_intro.prt...Building visibility clusters...
done (0)
Finding displacement neighbors...
Finding lightmap sample positions...
Displacement Alpha : 0...1...2...3...4...5...6...7...8...9...10
Error! Variable "%keywords" is multiply defined in material "signage/signage_overlay_catapult1"!
Error! Variable "%keywords" is multiply defined in material "signage/signage_overlay_catapult2"!
Building Physics collision data...
done (1) (518004 bytes)
Encountered obsolete static prop option to do its fade in screen space @ -144.00 1312.00 -288.00
Encountered obsolete static prop option to do its fade in screen space @ -80.00 1024.00 -288.00
Encountered obsolete static prop option to do its fade in screen space @ -48.00 1024.00 -288.00
Encountered obsolete static prop option to do its fade in screen space @ -64.00 1552.00 -288.00
Encountered obsolete static prop option to do its fade in screen space @ -112.00 1024.00 -288.00
Encountered obsolete static prop option to do its fade in screen space @ -64.00 -1584.00 -256.00
Encountered obsolete static prop option to do its fade in screen space @ -64.00 -1552.00 -256.00
Encountered obsolete static prop option to do its fade in screen space @ -64.00 1744.00 -224.00
Encountered obsolete static prop option to do its fade in screen space @ -64.00 1712.00 -224.00
Placing detail props : 0...1...2...3...4...5...6...7...8...9...10
Compacting texture/material tables...
Reduced 2248 texinfos to 1080
Reduced 130 texdatas to 115 (5002 bytes to 4364)
Writing C:\Program Files (x86)\Steam\steamapps\common\Portal 2\sdk_content\maps\WIP\Chapter 2\mp_coop_a2_catapult_intro.bsp

nummapplanes:     (  5716 / 65536 )
nummapbrushes:    (  1344 /  8192 )
nummapbrushsides: (  9844 / 65536 )
num_map_overlays: (    38 /   512 )
nummodels:        (   168 /  1024 )
num_entities:     (   729 / 16384 )

1 second elapsed



24 threads
reading c:\program files (x86)\steam\steamapps\common\portal 2\sdk_content\maps\wip\chapter 2\mp_coop_a2_catapult_intro.bsp
reading c:\program files (x86)\steam\steamapps\common\portal 2\sdk_content\maps\wip\chapter 2\mp_coop_a2_catapult_intro.prt
 336 portalclusters
 753 numportals
0...1...2...3...4...5...6...7...8...9...10Optimized: 2719 visible clusters (0.00%)
Total clusters visible: 79801
Average clusters visible: 237
Building PAS...
Average clusters audible: 317
visdatasize:29617  compressed from 32256
writing c:\program files (x86)\steam\steamapps\common\portal 2\sdk_content\maps\wip\chapter 2\mp_coop_a2_catapult_intro.bsp
0 seconds elapsed



Could not find lights.rad in lights.rad.
Trying VRAD BIN directory instead...
Warning: Couldn't open texlight file C:\Program Files (x86)\Steam\steamapps\common\Portal 2\bin\lights.rad.
Loading c:\program files (x86)\steam\steamapps\common\portal 2\sdk_content\maps\wip\chapter 2\mp_coop_a2_catapult_intro.bsp
2864 faces
500491 square feet [72070784.00 square inches]
2 Displacements
711 Square Feet [102412.59 Square Inches]
2864 patches before subdivision
47526 patches after subdivision
27 direct lights
0...1...2...3...4...5...6...7...8...9...100...1...2...3...4...5...6...7...8...9...10transfers 8619095, max 720
transfer lists:  65.8 megs
0...1...2...3...4...5...6...7...8...9...10	Bounce #1 added RGB(39219, 48108, 52259)
0...1...2...3...4...5...6...7...8...9...10	Bounce #2 added RGB(17804, 21657, 22980)
0...1...2...3...4...5...6...7...8...9...10	Bounce #3 added RGB(8269, 9961, 10369)
0...1...2...3...4...5...6...7...8...9...10	Bounce #4 added RGB(3860, 4608, 4717)
0...1...2...3...4...5...6...7...8...9...10	Bounce #5 added RGB(1819, 2151, 2166)
0...1...2...3...4...5...6...7...8...9...10	Bounce #6 added RGB(859, 1006, 997)
0...1...2...3...4...5...6...7...8...9...10	Bounce #7 added RGB(407, 472, 460)
0...1...2...3...4...5...6...7...8...9...10	Bounce #8 added RGB(193, 222, 213)
0...1...2...3...4...5...6...7...8...9...10	Bounce #9 added RGB(92, 104, 98)
0...1...2...3...4...5...6...7...8...9...10	Bounce #10 added RGB(44, 49, 46)
0...1...2...3...4...5...6...7...8...9...10	Bounce #11 added RGB(21, 23, 21)
0...1...2...3...4...5...6...7...8...9...10	Bounce #12 added RGB(10, 11, 10)
0...1...2...3...4...5...6...7...8...9...10	Bounce #13 added RGB(5, 5, 5)
0...1...2...3...4...5...6...7...8...9...10	Bounce #14 added RGB(2, 2, 2)
0...1...2...3...4...5...6...7...8...9...10	Bounce #15 added RGB(1, 1, 1)
0...1...2...3...4...5...6...7...8...9...10	Bounce #16 added RGB(1, 1, 0)
Build Patch/Sample Hash Table(s).....Done<0.0086 sec>
0...1...2...3...4...5...6...7...8...9...10FinalLightFace Done
0 of 0 (0% of) surface lights went in leaf ambient cubes.
0...1...2...3...4...5...6...7...8...9...10Writing leaf ambient...done
Ready to Finish

Object names       Objects/Maxobjs  Memory / Maxmem  Fullness 
------------       ---------------  ---------------  -------- 
models                 168/1024         8064/49152    (16.4%) 
brushes               1344/8192        16128/98304    (16.4%) 
brushsides            9844/65536       78752/524288   (15.0%) 
planes                5716/65536      114320/1310720  ( 8.7%) 
vertexes              6083/65536       72996/786432   ( 9.3%) 
nodes                 2110/65536       67520/2097152  ( 3.2%) 
texinfos              1080/12288       77760/884736   ( 8.8%) 
texdata                115/2048         3680/65536    ( 5.6%) 
dispinfos                2/0             352/0        ( 0.0%) 
disp_verts             106/0            2120/0        ( 0.0%) 
disp_tris              160/0             320/0        ( 0.0%) 
disp_multiblend          0/0               0/0        ( 0.0%) 
disp_lmsamples        2080/0            2080/0        ( 0.0%) 
faces                 2864/65536      160384/3670016  ( 4.4%) 
hdr faces                0/65536           0/3670016  ( 0.0%) 
origfaces             2296/65536      128576/3670016  ( 3.5%) 
facebrushes            390/0             780/0        ( 0.0%) 
facebrushlists        2864/0           11456/0        ( 0.0%) 
leaves                2279/65536       72928/2097152  ( 3.5%) 
leaffaces             3605/65536        7210/131072   ( 5.5%) 
leafbrushes           2692/65536        5384/131072   ( 4.1%) 
areas                   12/256            96/2048     ( 4.7%) 
surfedges            22269/512000      89076/2048000  ( 4.3%) 
edges                13745/256000      54980/1024000  ( 5.4%) 
LDR worldlights         27/8192         2700/819200   ( 0.3%) 
HDR worldlights          0/8192            0/819200   ( 0.0%) 
leafwaterdata            2/32768          24/393216   ( 0.0%) 
waterstrips            217/32768        2170/327680   ( 0.7%) 
waterverts               0/65536           0/786432   ( 0.0%) 
waterindices          3636/65536        7272/131072   ( 5.5%) 
cubemapsamples          14/1024          224/16384    ( 1.4%) 
overlays                38/512         13376/180224   ( 7.4%) 
LDR lightdata         [variable]     2830628/0        ( 0.0%) 
HDR lightdata         [variable]           0/0        ( 0.0%) 
visdata               [variable]       29617/16777216 ( 0.2%) 
entdata               [variable]      298753/393216   (76.0%) 
LDR ambient table     2279/65536        9116/262144   ( 3.5%) 
HDR ambient table     2279/65536        9116/262144   ( 3.5%) 
LDR leaf ambient      5858/65536      164024/1835008  ( 8.9%) 
HDR leaf ambient      2279/65536       63812/1835008  ( 3.5%) 
occluders                0/0               0/0        ( 0.0%) 
occluder polygons        0/0               0/0        ( 0.0%) 
occluder vert ind        0/0               0/0        ( 0.0%) 
detail props          [variable]           1/12       ( 8.3%) 
static props          [variable]           1/20178    ( 0.0%) 
pakfile               [variable]     1129968/0        ( 0.0%) 
physics               [variable]      518004/4194304  (12.4%) 
physics terrain       [variable]         332/1048576  ( 0.0%) 

Level flags = 0

Total triangle count: 7390
Writing c:\program files (x86)\steam\steamapps\common\portal 2\sdk_content\maps\wip\chapter 2\mp_coop_a2_catapult_intro.bsp
9 seconds elapsed



materialPath: C:\Program Files (x86)\Steam\steamapps\common\Portal 2\portal2\materials
Loading C:\Program Files (x86)\Steam\steamapps\common\Portal 2\sdk_content\maps\WIP\Chapter 2\mp_coop_a2_catapult_intro.vmf
ConVarRef gpu_level doesn't point to an existing ConVar
Patching WVT material: maps/mp_coop_a2_catapult_intro/metal/blendblackfloormetal_dirt02_wvt_patch
fixing up env_cubemap materials on brush sides...
0...1...2...3...4...5...6...7...8...9...100...1...2...3...4...5...6...7...8...9...10Processing areas...done (0)
Building Faces...done (0)
Chop Details...done (0)
Find Visible Detail Sides...
Merged 544 detail faces...done (0)
Merging details...done (0)
FixTjuncs...
PruneNodes...
WriteBSP...
done (0)
writing C:\Program Files (x86)\Steam\steamapps\common\Portal 2\sdk_content\maps\WIP\Chapter 2\mp_coop_a2_catapult_intro.prt...Building visibility clusters...
done (0)
Finding displacement neighbors...
Finding lightmap sample positions...
Displacement Alpha : 0...1...2...3...4...5...6...7...8...9...10
Error! Variable "%keywords" is multiply defined in material "signage/signage_overlay_catapult1"!
Error! Variable "%keywords" is multiply defined in material "signage/signage_overlay_catapult2"!
Building Physics collision data...
done (0) (518004 bytes)
Encountered obsolete static prop option to do its fade in screen space @ -144.00 1312.00 -288.00
Encountered obsolete static prop option to do its fade in screen space @ -80.00 1024.00 -288.00
Encountered obsolete static prop option to do its fade in screen space @ -48.00 1024.00 -288.00
Encountered obsolete static prop option to do its fade in screen space @ -64.00 1552.00 -288.00
Encountered obsolete static prop option to do its fade in screen space @ -112.00 1024.00 -288.00
Encountered obsolete static prop option to do its fade in screen space @ -64.00 -1584.00 -256.00
Encountered obsolete static prop option to do its fade in screen space @ -64.00 -1552.00 -256.00
Encountered obsolete static prop option to do its fade in screen space @ -64.00 1744.00 -224.00
Encountered obsolete static prop option to do its fade in screen space @ -64.00 1712.00 -224.00
Placing detail props : 0...1...2...3...4...5...6...7...8...9...10
Compacting texture/material tables...
Reduced 2248 texinfos to 1080
Reduced 130 texdatas to 115 (5002 bytes to 4364)
Writing C:\Program Files (x86)\Steam\steamapps\common\Portal 2\sdk_content\maps\WIP\Chapter 2\mp_coop_a2_catapult_intro.bsp

nummapplanes:     (  5716 / 65536 )
nummapbrushes:    (  1344 /  8192 )
nummapbrushsides: (  9844 / 65536 )
num_map_overlays: (    38 /   512 )
nummodels:        (   168 /  1024 )
num_entities:     (   729 / 16384 )

1 second elapsed



24 threads
reading c:\program files (x86)\steam\steamapps\common\portal 2\sdk_content\maps\wip\chapter 2\mp_coop_a2_catapult_intro.bsp
reading c:\program files (x86)\steam\steamapps\common\portal 2\sdk_content\maps\wip\chapter 2\mp_coop_a2_catapult_intro.prt
 336 portalclusters
 753 numportals
0...1...2...3...4...5...6...7...8...9...10Optimized: 2719 visible clusters (0.00%)
Total clusters visible: 79801
Average clusters visible: 237
Building PAS...
Average clusters audible: 317
visdatasize:29617  compressed from 32256
writing c:\program files (x86)\steam\steamapps\common\portal 2\sdk_content\maps\wip\chapter 2\mp_coop_a2_catapult_intro.bsp
0 seconds elapsed



Could not find lights.rad in lights.rad.
Trying VRAD BIN directory instead...
Warning: Couldn't open texlight file C:\Program Files (x86)\Steam\steamapps\common\Portal 2\bin\lights.rad.
Loading c:\program files (x86)\steam\steamapps\common\portal 2\sdk_content\maps\wip\chapter 2\mp_coop_a2_catapult_intro.bsp
2864 faces
500491 square feet [72070784.00 square inches]
2 Displacements
711 Square Feet [102412.59 Square Inches]
2864 patches before subdivision
47526 patches after subdivision
27 direct lights
0...1...2...3...4...5...6...7...8...9...100...1...2...3...4...5...6...7...8...9...10transfers 8619095, max 720
transfer lists:  65.8 megs
0...1...2...3...4...5...6...7...8...9...10	Bounce #1 added RGB(39219, 48108, 52259)
0...1...2...3...4...5...6...7...8...9...10	Bounce #2 added RGB(17804, 21657, 22980)
0...1...2...3...4...5...6...7...8...9...10	Bounce #3 added RGB(8269, 9961, 10369)
0...1...2...3...4...5...6...7...8...9...10	Bounce #4 added RGB(3860, 4608, 4717)
0...1...2...3...4...5...6...7...8...9...10	Bounce #5 added RGB(1819, 2151, 2166)
0...1...2...3...4...5...6...7...8...9...10	Bounce #6 added RGB(859, 1006, 997)
0...1...2...3...4...5...6...7...8...9...10	Bounce #7 added RGB(407, 472, 460)
0...1...2...3...4...5...6...7...8...9...10	Bounce #8 added RGB(193, 222, 213)
0...1...2...3...4...5...6...7...8...9...10	Bounce #9 added RGB(92, 104, 98)
0...1...2...3...4...5...6...7...8...9...10	Bounce #10 added RGB(44, 49, 46)
0...1...2...3...4...5...6...7...8...9...10	Bounce #11 added RGB(21, 23, 21)
0...1...2...3...4...5...6...7...8...9...10	Bounce #12 added RGB(10, 11, 10)
0...1...2...3...4...5...6...7...8...9...10	Bounce #13 added RGB(5, 5, 5)
0...1...2...3...4...5...6...7...8...9...10	Bounce #14 added RGB(2, 2, 2)
0...1...2...3...4...5...6...7...8...9...10	Bounce #15 added RGB(1, 1, 1)
0...1...2...3...4...5...6...7...8...9...10	Bounce #16 added RGB(1, 1, 0)
Build Patch/Sample Hash Table(s).....Done<0.0082 sec>
0...1...2...3...4...5...6...7...8...9...10FinalLightFace Done
0 of 0 (0% of) surface lights went in leaf ambient cubes.
0...1...2...3...4...5...6...7...8...9...10Writing leaf ambient...done
Ready to Finish

Object names       Objects/Maxobjs  Memory / Maxmem  Fullness 
------------       ---------------  ---------------  -------- 
models                 168/1024         8064/49152    (16.4%) 
brushes               1344/8192        16128/98304    (16.4%) 
brushsides            9844/65536       78752/524288   (15.0%) 
planes                5716/65536      114320/1310720  ( 8.7%) 
vertexes              6083/65536       72996/786432   ( 9.3%) 
nodes                 2110/65536       67520/2097152  ( 3.2%) 
texinfos              1080/12288       77760/884736   ( 8.8%) 
texdata                115/2048         3680/65536    ( 5.6%) 
dispinfos                2/0             352/0        ( 0.0%) 
disp_verts             106/0            2120/0        ( 0.0%) 
disp_tris              160/0             320/0        ( 0.0%) 
disp_multiblend          0/0               0/0        ( 0.0%) 
disp_lmsamples        2080/0            2080/0        ( 0.0%) 
faces                 2864/65536      160384/3670016  ( 4.4%) 
hdr faces                0/65536           0/3670016  ( 0.0%) 
origfaces             2296/65536      128576/3670016  ( 3.5%) 
facebrushes            390/0             780/0        ( 0.0%) 
facebrushlists        2864/0           11456/0        ( 0.0%) 
leaves                2279/65536       72928/2097152  ( 3.5%) 
leaffaces             3605/65536        7210/131072   ( 5.5%) 
leafbrushes           2692/65536        5384/131072   ( 4.1%) 
areas                   12/256            96/2048     ( 4.7%) 
surfedges            22269/512000      89076/2048000  ( 4.3%) 
edges                13745/256000      54980/1024000  ( 5.4%) 
LDR worldlights         27/8192         2700/819200   ( 0.3%) 
HDR worldlights          0/8192            0/819200   ( 0.0%) 
leafwaterdata            2/32768          24/393216   ( 0.0%) 
waterstrips            217/32768        2170/327680   ( 0.7%) 
waterverts               0/65536           0/786432   ( 0.0%) 
waterindices          3636/65536        7272/131072   ( 5.5%) 
cubemapsamples          14/1024          224/16384    ( 1.4%) 
overlays                38/512         13376/180224   ( 7.4%) 
LDR lightdata         [variable]     2830628/0        ( 0.0%) 
HDR lightdata         [variable]           0/0        ( 0.0%) 
visdata               [variable]       29617/16777216 ( 0.2%) 
entdata               [variable]      298753/393216   (76.0%) 
LDR ambient table     2279/65536        9116/262144   ( 3.5%) 
HDR ambient table     2279/65536        9116/262144   ( 3.5%) 
LDR leaf ambient      5858/65536      164024/1835008  ( 8.9%) 
HDR leaf ambient      2279/65536       63812/1835008  ( 3.5%) 
occluders                0/0               0/0        ( 0.0%) 
occluder polygons        0/0               0/0        ( 0.0%) 
occluder vert ind        0/0               0/0        ( 0.0%) 
detail props          [variable]           1/12       ( 8.3%) 
static props          [variable]           1/20178    ( 0.0%) 
pakfile               [variable]     1129968/0        ( 0.0%) 
physics               [variable]      518004/4194304  (12.4%) 
physics terrain       [variable]         332/1048576  ( 0.0%) 

Level flags = 0

Total triangle count: 7390
Writing c:\program files (x86)\steam\steamapps\common\portal 2\sdk_content\maps\wip\chapter 2\mp_coop_a2_catapult_intro.bsp
8 seconds elapsed



materialPath: C:\Program Files (x86)\Steam\steamapps\common\Portal 2\portal2\materials
Loading C:\Program Files (x86)\Steam\steamapps\common\Portal 2\sdk_content\maps\WIP\Chapter 2\mp_coop_a2_catapult_intro.vmf
ConVarRef gpu_level doesn't point to an existing ConVar
Patching WVT material: maps/mp_coop_a2_catapult_intro/metal/blendblackfloormetal_dirt02_wvt_patch
fixing up env_cubemap materials on brush sides...
0...1...2...3...4...5...6...7...8...9...100...1...2...3...4...5...6...7...8...9...10Processing areas...done (0)
Building Faces...done (0)
Chop Details...done (0)
Find Visible Detail Sides...
Merged 544 detail faces...done (0)
Merging details...done (0)
FixTjuncs...
PruneNodes...
WriteBSP...
done (0)
writing C:\Program Files (x86)\Steam\steamapps\common\Portal 2\sdk_content\maps\WIP\Chapter 2\mp_coop_a2_catapult_intro.prt...Building visibility clusters...
done (0)
Finding displacement neighbors...
Finding lightmap sample positions...
Displacement Alpha : 0...1...2...3...4...5...6...7...8...9...10
Error! Variable "%keywords" is multiply defined in material "signage/signage_overlay_catapult1"!
Error! Variable "%keywords" is multiply defined in material "signage/signage_overlay_catapult2"!
Building Physics collision data...
done (0) (518004 bytes)
Encountered obsolete static prop option to do its fade in screen space @ -144.00 1312.00 -288.00
Encountered obsolete static prop option to do its fade in screen space @ -80.00 1024.00 -288.00
Encountered obsolete static prop option to do its fade in screen space @ -48.00 1024.00 -288.00
Encountered obsolete static prop option to do its fade in screen space @ -64.00 1552.00 -288.00
Encountered obsolete static prop option to do its fade in screen space @ -112.00 1024.00 -288.00
Encountered obsolete static prop option to do its fade in screen space @ -64.00 -1584.00 -256.00
Encountered obsolete static prop option to do its fade in screen space @ -64.00 -1552.00 -256.00
Encountered obsolete static prop option to do its fade in screen space @ -64.00 1744.00 -224.00
Encountered obsolete static prop option to do its fade in screen space @ -64.00 1712.00 -224.00
Placing detail props : 0...1...2...3...4...5...6...7...8...9...10
Compacting texture/material tables...
Reduced 2248 texinfos to 1080
Reduced 130 texdatas to 115 (5002 bytes to 4364)
Writing C:\Program Files (x86)\Steam\steamapps\common\Portal 2\sdk_content\maps\WIP\Chapter 2\mp_coop_a2_catapult_intro.bsp

nummapplanes:     (  5716 / 65536 )
nummapbrushes:    (  1344 /  8192 )
nummapbrushsides: (  9844 / 65536 )
num_map_overlays: (    38 /   512 )
nummodels:        (   168 /  1024 )
num_entities:     (   729 / 16384 )

1 second elapsed



24 threads
reading c:\program files (x86)\steam\steamapps\common\portal 2\sdk_content\maps\wip\chapter 2\mp_coop_a2_catapult_intro.bsp
reading c:\program files (x86)\steam\steamapps\common\portal 2\sdk_content\maps\wip\chapter 2\mp_coop_a2_catapult_intro.prt
 336 portalclusters
 753 numportals
0...1...2...3...4...5...6...7...8...9...10Optimized: 2719 visible clusters (0.00%)
Total clusters visible: 79801
Average clusters visible: 237
Building PAS...
Average clusters audible: 317
visdatasize:29617  compressed from 32256
writing c:\program files (x86)\steam\steamapps\common\portal 2\sdk_content\maps\wip\chapter 2\mp_coop_a2_catapult_intro.bsp
0 seconds elapsed



[Reading texlights from 'lights.rad']
[59 texlights parsed from 'lights.rad']

Loading c:\program files (x86)\steam\steamapps\common\portal 2\sdk_content\maps\wip\chapter 2\mp_coop_a2_catapult_intro.bsp
2864 faces
500491 square feet [72070784.00 square inches]
2 Displacements
711 Square Feet [102412.59 Square Inches]
2864 patches before subdivision
47554 patches after subdivision
53 direct lights
0...1...2...3...4...5...6...7...8...9...100...1...2...3...4...5...6...7...8...9...10transfers 8622262, max 720
transfer lists:  65.8 megs
0...1...2...3...4...5...6...7...8...9...10	Bounce #1 added RGB(40681, 50572, 55021)
0...1...2...3...4...5...6...7...8...9...10	Bounce #2 added RGB(18394, 22613, 24027)
0...1...2...3...4...5...6...7...8...9...10	Bounce #3 added RGB(8551, 10406, 10849)
0...1...2...3...4...5...6...7...8...9...10	Bounce #4 added RGB(3988, 4803, 4924)
0...1...2...3...4...5...6...7...8...9...10	Bounce #5 added RGB(1879, 2239, 2258)
0...1...2...3...4...5...6...7...8...9...10	Bounce #6 added RGB(886, 1046, 1038)
0...1...2...3...4...5...6...7...8...9...10	Bounce #7 added RGB(420, 490, 478)
0...1...2...3...4...5...6...7...8...9...10	Bounce #8 added RGB(199, 230, 221)
0...1...2...3...4...5...6...7...8...9...10	Bounce #9 added RGB(94, 108, 102)
0...1...2...3...4...5...6...7...8...9...10	Bounce #10 added RGB(45, 51, 47)
0...1...2...3...4...5...6...7...8...9...10	Bounce #11 added RGB(21, 24, 22)
0...1...2...3...4...5...6...7...8...9...10	Bounce #12 added RGB(10, 11, 10)
0...1...2...3...4...5...6...7...8...9...10	Bounce #13 added RGB(5, 5, 5)
0...1...2...3...4...5...6...7...8...9...10	Bounce #14 added RGB(2, 3, 2)
0...1...2...3...4...5...6...7...8...9...10	Bounce #15 added RGB(1, 1, 1)
0...1...2...3...4...5...6...7...8...9...10	Bounce #16 added RGB(1, 1, 0)
Build Patch/Sample Hash Table(s).....Done<0.0085 sec>
0...1...2...3...4...5...6...7...8...9...10FinalLightFace Done
26 of 26 (100% of) surface lights went in leaf ambient cubes.
0...1...2...3...4...5...6...7...8...9...10Writing leaf ambient...done
Ready to Finish

Object names       Objects/Maxobjs  Memory / Maxmem  Fullness 
------------       ---------------  ---------------  -------- 
models                 168/1024         8064/49152    (16.4%) 
brushes               1344/8192        16128/98304    (16.4%) 
brushsides            9844/65536       78752/524288   (15.0%) 
planes                5716/65536      114320/1310720  ( 8.7%) 
vertexes              6083/65536       72996/786432   ( 9.3%) 
nodes                 2110/65536       67520/2097152  ( 3.2%) 
texinfos              1080/12288       77760/884736   ( 8.8%) 
texdata                115/2048         3680/65536    ( 5.6%) 
dispinfos                2/0             352/0        ( 0.0%) 
disp_verts             106/0            2120/0        ( 0.0%) 
disp_tris              160/0             320/0        ( 0.0%) 
disp_multiblend          0/0               0/0        ( 0.0%) 
disp_lmsamples        2080/0            2080/0        ( 0.0%) 
faces                 2864/65536      160384/3670016  ( 4.4%) 
hdr faces                0/65536           0/3670016  ( 0.0%) 
origfaces             2296/65536      128576/3670016  ( 3.5%) 
facebrushes            390/0             780/0        ( 0.0%) 
facebrushlists        2864/0           11456/0        ( 0.0%) 
leaves                2279/65536       72928/2097152  ( 3.5%) 
leaffaces             3605/65536        7210/131072   ( 5.5%) 
leafbrushes           2692/65536        5384/131072   ( 4.1%) 
areas                   12/256            96/2048     ( 4.7%) 
surfedges            22269/512000      89076/2048000  ( 4.3%) 
edges                13745/256000      54980/1024000  ( 5.4%) 
LDR worldlights         53/8192         5300/819200   ( 0.6%) 
HDR worldlights          0/8192            0/819200   ( 0.0%) 
leafwaterdata            2/32768          24/393216   ( 0.0%) 
waterstrips            217/32768        2170/327680   ( 0.7%) 
waterverts               0/65536           0/786432   ( 0.0%) 
waterindices          3636/65536        7272/131072   ( 5.5%) 
cubemapsamples          14/1024          224/16384    ( 1.4%) 
overlays                38/512         13376/180224   ( 7.4%) 
LDR lightdata         [variable]     2830628/0        ( 0.0%) 
HDR lightdata         [variable]           0/0        ( 0.0%) 
visdata               [variable]       29617/16777216 ( 0.2%) 
entdata               [variable]      298757/393216   (76.0%) 
LDR ambient table     2279/65536        9116/262144   ( 3.5%) 
HDR ambient table     2279/65536        9116/262144   ( 3.5%) 
LDR leaf ambient      5881/65536      164668/1835008  ( 9.0%) 
HDR leaf ambient      2279/65536       63812/1835008  ( 3.5%) 
occluders                0/0               0/0        ( 0.0%) 
occluder polygons        0/0               0/0        ( 0.0%) 
occluder vert ind        0/0               0/0        ( 0.0%) 
detail props          [variable]           1/12       ( 8.3%) 
static props          [variable]           1/20178    ( 0.0%) 
pakfile               [variable]     1129968/0        ( 0.0%) 
physics               [variable]      518004/4194304  (12.4%) 
physics terrain       [variable]         332/1048576  ( 0.0%) 

Level flags = 0

Total triangle count: 7390
Writing c:\program files (x86)\steam\steamapps\common\portal 2\sdk_content\maps\wip\chapter 2\mp_coop_a2_catapult_intro.bsp
9 seconds elapsed



[Reading texlights from 'lights.rad']
[59 texlights parsed from 'lights.rad']

Loading c:\program files (x86)\steam\steamapps\common\portal 2\sdk_content\maps\wip\chapter 2\mp_coop_a2_catapult_intro.bsp
2864 faces
500491 square feet [72070784.00 square inches]
2 Displacements
711 Square Feet [102412.59 Square Inches]
2864 patches before subdivision
47554 patches after subdivision
53 direct lights
0...1...2...3...4...5...6...7...8...9...100...1...2...3...4...5...6...7...8...9...10transfers 8783605, max 728
transfer lists:  67.0 megs
0...1...2...3...4...5...6...7...8...9...10	Bounce #1 added RGB(41329, 50914, 55041)
0...1...2...3...4...5...6...7...8...9...10	Bounce #2 added RGB(18242, 22407, 23787)
0...1...2...3...4...5...6...7...8...9...10	Bounce #3 added RGB(8433, 10269, 10709)
0...1...2...3...4...5...6...7...8...9...10	Bounce #4 added RGB(3927, 4734, 4855)
0...1...2...3...4...5...6...7...8...9...10	Bounce #5 added RGB(1847, 2204, 2224)
0...1...2...3...4...5...6...7...8...9...10	Bounce #6 added RGB(871, 1028, 1021)
0...1...2...3...4...5...6...7...8...9...10	Bounce #7 added RGB(412, 481, 470)
0...1...2...3...4...5...6...7...8...9...10	Bounce #8 added RGB(195, 226, 217)
0...1...2...3...4...5...6...7...8...9...10	Bounce #9 added RGB(93, 106, 100)
0...1...2...3...4...5...6...7...8...9...10	Bounce #10 added RGB(44, 50, 46)
0...1...2...3...4...5...6...7...8...9...10	Bounce #11 added RGB(21, 23, 21)
0...1...2...3...4...5...6...7...8...9...10	Bounce #12 added RGB(10, 11, 10)
0...1...2...3...4...5...6...7...8...9...10	Bounce #13 added RGB(5, 5, 5)
0...1...2...3...4...5...6...7...8...9...10	Bounce #14 added RGB(2, 2, 2)
0...1...2...3...4...5...6...7...8...9...10	Bounce #15 added RGB(1, 1, 1)
0...1...2...3...4...5...6...7...8...9...10	Bounce #16 added RGB(1, 1, 0)
Build Patch/Sample Hash Table(s).....Done<0.0081 sec>
0...1...2...3...4...5...6...7...8...9...10FinalLightFace Done
26 of 26 (100% of) surface lights went in leaf ambient cubes.
0...1...2...3...4...5...6...7...8...9...10Writing leaf ambient...done
Computing static prop lighting : 00...1...2...3...4...5...6...7...8...9...10
Ready to Finish

Object names       Objects/Maxobjs  Memory / Maxmem  Fullness 
------------       ---------------  ---------------  -------- 
models                 168/1024         8064/49152    (16.4%) 
brushes               1344/8192        16128/98304    (16.4%) 
brushsides            9844/65536       78752/524288   (15.0%) 
planes                5716/65536      114320/1310720  ( 8.7%) 
vertexes              6083/65536       72996/786432   ( 9.3%) 
nodes                 2110/65536       67520/2097152  ( 3.2%) 
texinfos              1080/12288       77760/884736   ( 8.8%) 
texdata                115/2048         3680/65536    ( 5.6%) 
dispinfos                2/0             352/0        ( 0.0%) 
disp_verts             106/0            2120/0        ( 0.0%) 
disp_tris              160/0             320/0        ( 0.0%) 
disp_multiblend          0/0               0/0        ( 0.0%) 
disp_lmsamples        2080/0            2080/0        ( 0.0%) 
faces                 2864/65536      160384/3670016  ( 4.4%) 
hdr faces                0/65536           0/3670016  ( 0.0%) 
origfaces             2296/65536      128576/3670016  ( 3.5%) 
facebrushes            390/0             780/0        ( 0.0%) 
facebrushlists        2864/0           11456/0        ( 0.0%) 
leaves                2279/65536       72928/2097152  ( 3.5%) 
leaffaces             3605/65536        7210/131072   ( 5.5%) 
leafbrushes           2692/65536        5384/131072   ( 4.1%) 
areas                   12/256            96/2048     ( 4.7%) 
surfedges            22269/512000      89076/2048000  ( 4.3%) 
edges                13745/256000      54980/1024000  ( 5.4%) 
LDR worldlights         53/8192         5300/819200   ( 0.6%) 
HDR worldlights          0/8192            0/819200   ( 0.0%) 
leafwaterdata            2/32768          24/393216   ( 0.0%) 
waterstrips            217/32768        2170/327680   ( 0.7%) 
waterverts               0/65536           0/786432   ( 0.0%) 
waterindices          3636/65536        7272/131072   ( 5.5%) 
cubemapsamples          14/1024          224/16384    ( 1.4%) 
overlays                38/512         13376/180224   ( 7.4%) 
LDR lightdata         [variable]     2830628/0        ( 0.0%) 
HDR lightdata         [variable]           0/0        ( 0.0%) 
visdata               [variable]       29617/16777216 ( 0.2%) 
entdata               [variable]      298757/393216   (76.0%) 
LDR ambient table     2279/65536        9116/262144   ( 3.5%) 
HDR ambient table     2279/65536        9116/262144   ( 3.5%) 
LDR leaf ambient      5873/65536      164444/1835008  ( 9.0%) 
HDR leaf ambient      2279/65536       63812/1835008  ( 3.5%) 
occluders                0/0               0/0        ( 0.0%) 
occluder polygons        0/0               0/0        ( 0.0%) 
occluder vert ind        0/0               0/0        ( 0.0%) 
detail props          [variable]           1/12       ( 8.3%) 
static props          [variable]           1/20178    ( 0.0%) 
pakfile               [variable]     2729972/0        ( 0.0%) 
physics               [variable]      518004/4194304  (12.4%) 
physics terrain       [variable]         332/1048576  ( 0.0%) 

Level flags = 1

Total triangle count: 7390
Writing c:\program files (x86)\steam\steamapps\common\portal 2\sdk_content\maps\wip\chapter 2\mp_coop_a2_catapult_intro.bsp
26 seconds elapsed



[Reading texlights from 'lights.rad']
[59 texlights parsed from 'lights.rad']

Loading c:\program files (x86)\steam\steamapps\common\portal 2\sdk_content\maps\wip\chapter 2\mp_coop_a2_catapult_intro.bsp
2864 faces
500491 square feet [72070784.00 square inches]
2 Displacements
711 Square Feet [102412.59 Square Inches]
2864 patches before subdivision
47554 patches after subdivision
53 direct lights
0...1...2...3...4...5...6...7...8...9...100...1...2...3...4...5...6...7...8...9...10transfers 8783605, max 728
transfer lists:  67.0 megs
0...1...2...3...4...5...6...7...8...9...10	Bounce #1 added RGB(41332, 50917, 55045)
0...1...2...3...4...5...6...7...8...9...10	Bounce #2 added RGB(18243, 22408, 23789)
0...1...2...3...4...5...6...7...8...9...10	Bounce #3 added RGB(8433, 10270, 10709)
0...1...2...3...4...5...6...7...8...9...10	Bounce #4 added RGB(3927, 4734, 4855)
0...1...2...3...4...5...6...7...8...9...10	Bounce #5 added RGB(1847, 2204, 2225)
0...1...2...3...4...5...6...7...8...9...10	Bounce #6 added RGB(871, 1028, 1021)
0...1...2...3...4...5...6...7...8...9...10	Bounce #7 added RGB(412, 481, 470)
0...1...2...3...4...5...6...7...8...9...10	Bounce #8 added RGB(195, 226, 217)
0...1...2...3...4...5...6...7...8...9...10	Bounce #9 added RGB(93, 106, 100)
0...1...2...3...4...5...6...7...8...9...10	Bounce #10 added RGB(44, 50, 46)
0...1...2...3...4...5...6...7...8...9...10	Bounce #11 added RGB(21, 23, 21)
0...1...2...3...4...5...6...7...8...9...10	Bounce #12 added RGB(10, 11, 10)
0...1...2...3...4...5...6...7...8...9...10	Bounce #13 added RGB(5, 5, 5)
0...1...2...3...4...5...6...7...8...9...10	Bounce #14 added RGB(2, 2, 2)
0...1...2...3...4...5...6...7...8...9...10	Bounce #15 added RGB(1, 1, 1)
0...1...2...3...4...5...6...7...8...9...10	Bounce #16 added RGB(1, 1, 0)
Build Patch/Sample Hash Table(s).....Done<0.0081 sec>
0...1...2...3...4...5...6...7...8...9...10FinalLightFace Done
26 of 26 (100% of) surface lights went in leaf ambient cubes.
0...1...2...3...4...5...6...7...8...9...10Writing leaf ambient...done
Computing static prop lighting : 00...1...2...3...4...5...6...7...8...9...10
Ready to Finish

Object names       Objects/Maxobjs  Memory / Maxmem  Fullness 
------------       ---------------  ---------------  -------- 
models                 168/1024         8064/49152    (16.4%) 
brushes               1344/8192        16128/98304    (16.4%) 
brushsides            9844/65536       78752/524288   (15.0%) 
planes                5716/65536      114320/1310720  ( 8.7%) 
vertexes              6083/65536       72996/786432   ( 9.3%) 
nodes                 2110/65536       67520/2097152  ( 3.2%) 
texinfos              1080/12288       77760/884736   ( 8.8%) 
texdata                115/2048         3680/65536    ( 5.6%) 
dispinfos                2/0             352/0        ( 0.0%) 
disp_verts             106/0            2120/0        ( 0.0%) 
disp_tris              160/0             320/0        ( 0.0%) 
disp_multiblend          0/0               0/0        ( 0.0%) 
disp_lmsamples        2080/0            2080/0        ( 0.0%) 
faces                 2864/65536      160384/3670016  ( 4.4%) 
hdr faces             2864/65536      160384/3670016  ( 4.4%) 
origfaces             2296/65536      128576/3670016  ( 3.5%) 
facebrushes            390/0             780/0        ( 0.0%) 
facebrushlists        2864/0           11456/0        ( 0.0%) 
leaves                2279/65536       72928/2097152  ( 3.5%) 
leaffaces             3605/65536        7210/131072   ( 5.5%) 
leafbrushes           2692/65536        5384/131072   ( 4.1%) 
areas                   12/256            96/2048     ( 4.7%) 
surfedges            22269/512000      89076/2048000  ( 4.3%) 
edges                13745/256000      54980/1024000  ( 5.4%) 
LDR worldlights         53/8192         5300/819200   ( 0.6%) 
HDR worldlights         53/8192         5300/819200   ( 0.6%) 
leafwaterdata            2/32768          24/393216   ( 0.0%) 
waterstrips            217/32768        2170/327680   ( 0.7%) 
waterverts               0/65536           0/786432   ( 0.0%) 
waterindices          3636/65536        7272/131072   ( 5.5%) 
cubemapsamples          14/1024          224/16384    ( 1.4%) 
overlays                38/512         13376/180224   ( 7.4%) 
LDR lightdata         [variable]     2830628/0        ( 0.0%) 
HDR lightdata         [variable]     2830628/0        ( 0.0%) 
visdata               [variable]       29617/16777216 ( 0.2%) 
entdata               [variable]      298757/393216   (76.0%) 
LDR ambient table     2279/65536        9116/262144   ( 3.5%) 
HDR ambient table     2279/65536        9116/262144   ( 3.5%) 
LDR leaf ambient      5873/65536      164444/1835008  ( 9.0%) 
HDR leaf ambient      5873/65536      164444/1835008  ( 9.0%) 
occluders                0/0               0/0        ( 0.0%) 
occluder polygons        0/0               0/0        ( 0.0%) 
occluder vert ind        0/0               0/0        ( 0.0%) 
detail props          [variable]           1/12       ( 8.3%) 
static props          [variable]           1/20178    ( 0.0%) 
pakfile               [variable]     4331488/0        ( 0.0%) 
physics               [variable]      518004/4194304  (12.4%) 
physics terrain       [variable]         332/1048576  ( 0.0%) 

Level flags = 3

Total triangle count: 7390
Writing c:\program files (x86)\steam\steamapps\common\portal 2\sdk_content\maps\wip\chapter 2\mp_coop_a2_catapult_intro.bsp
25 seconds elapsed
