PRT1
253
592
4 1 23 (1480 0 -6.100010 ) (1744 0 -6.100010 ) (1744 0 447.899994 ) (1480 0 447.899994 ) 
4 1 14 (1744 140 -6.100010 ) (1744 136 -6.100010 ) (1480 136 -6.100010 ) (1480 140 -6.100010 ) 
4 1 15 (1744 136 -6.100010 ) (1744 0 -6.100010 ) (1480 0 -6.100010 ) (1480 136 -6.100010 ) 
4 1 12 (1480 208 -6.100010 ) (1744 208 -6.100010 ) (1744 140 -6.100010 ) (1480 140 -6.100010 ) 
4 1 6 (1480 208 -6.100010 ) (1480 136 -6.100010 ) (1480 136 -2.100006 ) (1480 208 -2.100006 ) 
4 1 8 (1480 136 -6.100010 ) (1480 0 -6.100010 ) (1480 0 -2.100006 ) (1480 136 -2.100006 ) 
4 1 3 (1480 208 121.900009 ) (1480 208 89.900009 ) (1480 168 89.900009 ) (1480 168 121.900009 ) 
4 1 2 (1480 48 447.899994 ) (1480 208 447.899994 ) (1480 208 121.900009 ) (1480 48 121.900009 ) 
4 1 4 (1480 208 89.900009 ) (1480 208 -2.100006 ) (1480 48 -2.100006 ) (1480 48 89.900009 ) 
4 1 5 (1480 0 -2.100006 ) (1480 0 447.899994 ) (1480 48 447.899994 ) (1480 48 -2.100006 ) 
4 2 9 (1288 48 447.899994 ) (1288 208 447.899994 ) (1288 208 121.900009 ) (1288 48 121.900009 ) 
4 2 3 (1288 168 121.900009 ) (1288 208 121.900009 ) (1480 208 121.900009 ) (1480 168 121.900009 ) 
4 2 5 (1288 48 447.899994 ) (1288 48 121.900009 ) (1480 48 121.900009 ) (1480 48 447.899994 ) 
4 3 9 (1288 208 121.900009 ) (1288 208 89.900009 ) (1288 168 89.900009 ) (1288 168 121.900009 ) 
4 3 4 (1288 168 89.900009 ) (1288 208 89.900009 ) (1480 208 89.900009 ) (1480 168 89.900009 ) 
4 4 9 (1288 208 89.900009 ) (1288 208 -2.100006 ) (1288 48 -2.100006 ) (1288 48 89.900009 ) 
4 4 6 (1420 208 -2.100006 ) (1480 208 -2.100006 ) (1480 136 -2.100006 ) (1420 136 -2.100006 ) 
4 4 7 (1288 136 -2.100006 ) (1288 208 -2.100006 ) (1348 208 -2.100006 ) (1348 136 -2.100006 ) 
4 4 8 (1288 48 -2.100006 ) (1288 136 -2.100006 ) (1480 136 -2.100006 ) (1480 48 -2.100006 ) 
4 4 5 (1288 48 89.900009 ) (1288 48 -2.100006 ) (1480 48 -2.100006 ) (1480 48 89.900009 ) 
4 5 27 (1480 0 -2.100006 ) (1480 0 89.900009 ) (1288 0 89.900009 ) (1288 0 -2.100006 ) 
4 5 24 (1480 0 89.900009 ) (1480 0 447.899994 ) (1288 0 447.899994 ) (1288 0 89.900009 ) 
4 5 9 (1288 0 -2.100006 ) (1288 0 447.899994 ) (1288 48 447.899994 ) (1288 48 -2.100006 ) 
4 5 8 (1288 0 -2.100006 ) (1288 48 -2.100006 ) (1480 48 -2.100006 ) (1480 0 -2.100006 ) 
4 6 14 (1480 140 -6.100010 ) (1480 136 -6.100010 ) (1420 136 -6.100010 ) (1420 140 -6.100010 ) 
4 6 12 (1420 208 -6.100010 ) (1480 208 -6.100010 ) (1480 140 -6.100010 ) (1420 140 -6.100010 ) 
4 6 8 (1480 136 -6.100010 ) (1480 136 -2.100006 ) (1420 136 -2.100006 ) (1420 136 -6.100010 ) 
4 7 19 (1288 208 -6.100010 ) (1348 208 -6.100010 ) (1348 136 -6.100010 ) (1288 136 -6.100010 ) 
4 7 9 (1288 208 -6.100010 ) (1288 136 -6.100010 ) (1288 136 -2.100006 ) (1288 208 -2.100006 ) 
4 7 8 (1348 136 -2.100006 ) (1288 136 -2.100006 ) (1288 136 -6.100010 ) (1348 136 -6.100010 ) 
4 8 27 (1288 0 -6.100010 ) (1480 0 -6.100010 ) (1480 0 -2.100006 ) (1288 0 -2.100006 ) 
4 8 19 (1348 0 -6.100010 ) (1288 0 -6.100010 ) (1288 136 -6.100010 ) (1348 136 -6.100010 ) 
4 8 15 (1480 136 -6.100010 ) (1480 0 -6.100010 ) (1348 0 -6.100010 ) (1348 136 -6.100010 ) 
4 8 9 (1288 136 -6.100010 ) (1288 0 -6.100010 ) (1288 0 -2.100006 ) (1288 136 -2.100006 ) 
4 9 41 (1080 0 -6.100010 ) (1288 0 -6.100010 ) (1288 0 447.899994 ) (1080 0 447.899994 ) 
4 9 19 (1080 208 -6.100010 ) (1288 208 -6.100010 ) (1288 0 -6.100010 ) (1080 0 -6.100010 ) 
4 9 10 (1080 208 -6.100010 ) (1080 56 -6.100010 ) (1080 56 447.899994 ) (1080 208 447.899994 ) 
4 10 55 (1024 0 -6.100010 ) (1024 0 447.899994 ) (1024 96 447.899994 ) (1024 96 -6.100010 ) 
4 10 53 (1024 128 64 ) (1024 128 -6.100010 ) (1024 96 -6.100010 ) (1024 96 64 ) 
4 10 52 (1024 128 192 ) (1024 128 64 ) (1024 96 64 ) (1024 96 192 ) 
4 10 48 (1024 96 447.899994 ) (1024 128 447.899994 ) (1024 128 192 ) (1024 96 192 ) 
4 10 47 (1024 128 447.899994 ) (1024 208 447.899994 ) (1024 208 -6.100010 ) (1024 128 -6.100010 ) 
4 10 42 (1024 0 447.899994 ) (1024 0 -6.100010 ) (1045 0 -6.100010 ) (1045 0 447.899994 ) 
5 10 20 (1024 208 -6.100010 ) (1080 208 -6.100010 ) (1080 56 -6.100010 ) (1045 0 -6.100010 ) (1024 0 -6.100010 ) 
4 10 11 (1045.003906 0 -6.100010 ) (1059.997437 23.991459 -6.100010 ) (1059.998779 23.996170 447.899994 ) (1045.001221 0 447.899994 ) 
4 11 42 (1045 0 -6.100010 ) (1052.799927 0 -6.100010 ) (1052.799927 0 447.899994 ) (1045 0 447.899994 ) 
3 11 21 (1052.799927 0 -6.100010 ) (1045 0 -6.100010 ) (1060 24 -6.100010 ) 
4 12 16 (1420 208 -114.100006 ) (1744 208 -114.100006 ) (1744 140 -114.100006 ) (1420 140 -114.100006 ) 
4 12 14 (1420 140 -114.100006 ) (1744 140 -114.100006 ) (1744 140 -6.100010 ) (1420 140 -6.100010 ) 
4 14 16 (1420 140 -114.100006 ) (1744 140 -114.100006 ) (1744 136 -114.100006 ) (1420 136 -114.100006 ) 
4 14 15 (1420 136 -114.100006 ) (1744 136 -114.100006 ) (1744 136 -6.100010 ) (1420 136 -6.100010 ) 
4 15 32 (1420 0 -6.100010 ) (1348 0 -6.100010 ) (1348 0 -114.100006 ) (1420 0 -114.100006 ) 
4 15 31 (1744 0 -114.100006 ) (1744 0 -6.100010 ) (1420 0 -6.100010 ) (1420 0 -114.100006 ) 
4 15 19 (1348 0 -6.100010 ) (1348 136 -6.100010 ) (1348 136 -114.100006 ) (1348 0 -114.100006 ) 
4 15 17 (1348 0 -114.100006 ) (1348 136 -114.100006 ) (1744 136 -114.100006 ) (1744 0 -114.100006 ) 
4 16 18 (1420 208 -118.100006 ) (1744 208 -118.100006 ) (1744 136 -118.100006 ) (1420 136 -118.100006 ) 
4 16 17 (1420 136 -118.100006 ) (1744 136 -118.100006 ) (1744 136 -114.100006 ) (1420 136 -114.100006 ) 
4 17 37 (1744 0 -118.100006 ) (1744 0 -114.100006 ) (1348 0 -114.100006 ) (1348 0 -118.100006 ) 
4 17 19 (1348 136 -118.100006 ) (1348 0 -118.100006 ) (1348 0 -114.100006 ) (1348 136 -114.100006 ) 
4 17 18 (1348 0 -118.100006 ) (1348 136 -118.100006 ) (1744 136 -118.100006 ) (1744 0 -118.100006 ) 
4 18 40 (1744 0 -320.100037 ) (1744 0 -118.100006 ) (1348 0 -118.100006 ) (1348 0 -320.100037 ) 
4 18 22 (1348 208 -132.100006 ) (1348 208 -320.100037 ) (1348 0 -320.100037 ) (1348 0 -132.100006 ) 
4 18 19 (1348 208 -118.100006 ) (1348 208 -132.100006 ) (1348 0 -132.100006 ) (1348 0 -118.100006 ) 
4 19 41 (1080 0 -132.100006 ) (1288 0 -132.100006 ) (1288 0 -6.100010 ) (1080 0 -6.100010 ) 
4 19 40 (1288 0 -132.100006 ) (1348 0 -132.100006 ) (1348 0 -118.100006 ) (1288 0 -118.100006 ) 
4 19 37 (1348 0 -118.100006 ) (1348 0 -114.100006 ) (1288 0 -114.100006 ) (1288 0 -118.100006 ) 
4 19 32 (1348 0 -114.100006 ) (1348 0 -6.100010 ) (1288 0 -6.100010 ) (1288 0 -114.100006 ) 
4 19 22 (1080 208 -132.100006 ) (1348 208 -132.100006 ) (1348 0 -132.100006 ) (1080 0 -132.100006 ) 
4 19 20 (1080 208 -132.100006 ) (1080 56 -132.100006 ) (1080 56 -6.100010 ) (1080 208 -6.100010 ) 
4 20 55 (1024 0 -132.100006 ) (1024 0 -6.100010 ) (1024 96 -6.100010 ) (1024 96 -132.100006 ) 
4 20 53 (1024 96 -6.100010 ) (1024 128 -6.100010 ) (1024 128 -132.100006 ) (1024 96 -132.100006 ) 
4 20 47 (1024 128 -6.100010 ) (1024 208 -6.100010 ) (1024 208 -132.100006 ) (1024 128 -132.100006 ) 
4 20 42 (1024 0 -6.100010 ) (1024 0 -132.100006 ) (1045 0 -132.100006 ) (1045 0 -6.100010 ) 
5 20 22 (1024 208 -132.100006 ) (1080 208 -132.100006 ) (1080 56 -132.100006 ) (1045 0 -132.100006 ) (1024 0 -132.100006 ) 
4 20 21 (1045.003906 0 -132.100006 ) (1059.997437 23.991459 -132.100006 ) (1059.998779 23.996162 -6.100010 ) (1045.001221 0 -6.100010 ) 
4 21 42 (1045 0 -132.100006 ) (1052.799927 0 -132.100006 ) (1052.799927 0 -6.100010 ) (1045 0 -6.100010 ) 
3 21 22 (1052.799927 0 -132.100006 ) (1045 0 -132.100006 ) (1060 24 -132.100006 ) 
4 22 55 (1024 0 -320.100037 ) (1024 0 -132.100006 ) (1024 96 -132.100006 ) (1024 96 -320.100037 ) 
4 22 53 (1024 96 -132.100006 ) (1024 128 -132.100006 ) (1024 128 -320.100037 ) (1024 96 -320.100037 ) 
4 22 47 (1024 128 -132.100006 ) (1024 208 -132.100006 ) (1024 208 -320.100037 ) (1024 128 -320.100037 ) 
4 22 46 (1024 0 -132.100006 ) (1024 0 -320.100037 ) (1288 0 -320.100037 ) (1288 0 -132.100006 ) 
4 22 40 (1288 0 -320.100037 ) (1348 0 -320.100037 ) (1348 0 -132.100006 ) (1288 0 -132.100006 ) 
4 23 34 (1744 -336 -6.100010 ) (1480 -336 -6.100010 ) (1480 -268 -6.100010 ) (1744 -268 -6.100010 ) 
4 23 31 (1480 -268 -6.100010 ) (1480 0 -6.100010 ) (1744 0 -6.100010 ) (1744 -268 -6.100010 ) 
4 23 28 (1480 -264 -6.100010 ) (1480 -336 -6.100010 ) (1480 -336 89.900009 ) (1480 -264 89.900009 ) 
4 23 27 (1480 0 -6.100010 ) (1480 -264 -6.100010 ) (1480 -264 89.900009 ) (1480 0 89.900009 ) 
4 23 26 (1480 -336 89.900009 ) (1480 -336 121.900009 ) (1480 -296 121.900009 ) (1480 -296 89.900009 ) 
4 23 25 (1480 -336 121.900009 ) (1480 -336 447.899994 ) (1480 -176 447.899994 ) (1480 -176 121.900009 ) 
4 23 24 (1480 -176 447.899994 ) (1480 0 447.899994 ) (1480 0 89.900009 ) (1480 -176 89.900009 ) 
4 24 41 (1288 -176 447.899994 ) (1288 0 447.899994 ) (1288 0 89.900009 ) (1288 -176 89.900009 ) 
4 24 27 (1288 -176 89.900009 ) (1288 0 89.900009 ) (1480 0 89.900009 ) (1480 -176 89.900009 ) 
4 24 25 (1288 -176 447.899994 ) (1288 -176 121.900009 ) (1480 -176 121.900009 ) (1480 -176 447.899994 ) 
4 25 41 (1288 -336 121.900009 ) (1288 -336 447.899994 ) (1288 -176 447.899994 ) (1288 -176 121.900009 ) 
4 25 26 (1288 -336 121.900009 ) (1288 -296 121.900009 ) (1480 -296 121.900009 ) (1480 -336 121.900009 ) 
4 26 41 (1288 -336 89.900009 ) (1288 -336 121.900009 ) (1288 -296 121.900009 ) (1288 -296 89.900009 ) 
4 26 29 (1348 -296 89.900009 ) (1420 -296 89.900009 ) (1420 -336 89.900009 ) (1348 -336 89.900009 ) 
4 26 30 (1288 -336 89.900009 ) (1288 -296 89.900009 ) (1348 -296 89.900009 ) (1348 -336 89.900009 ) 
4 26 28 (1420 -296 89.900009 ) (1480 -296 89.900009 ) (1480 -336 89.900009 ) (1420 -336 89.900009 ) 
4 27 41 (1288 -264 89.900009 ) (1288 0 89.900009 ) (1288 0 -6.100010 ) (1288 -264 -6.100010 ) 
4 27 32 (1288 -264 -6.100010 ) (1288 0 -6.100010 ) (1420 0 -6.100010 ) (1420 -264 -6.100010 ) 
4 27 31 (1420 0 -6.100010 ) (1480 0 -6.100010 ) (1480 -264 -6.100010 ) (1420 -264 -6.100010 ) 
4 27 29 (1420 -264 -2.100006 ) (1420 -264 89.900009 ) (1348 -264 89.900009 ) (1348 -264 -2.100006 ) 
4 27 30 (1288 -264 -6.100010 ) (1348 -264 -6.100010 ) (1348 -264 89.900009 ) (1288 -264 89.900009 ) 
4 27 28 (1420 -264 -6.100010 ) (1480 -264 -6.100010 ) (1480 -264 89.900009 ) (1420 -264 89.900009 ) 
4 28 34 (1480 -336 -6.100010 ) (1420 -336 -6.100010 ) (1420 -268 -6.100010 ) (1480 -268 -6.100010 ) 
4 28 31 (1420 -268 -6.100010 ) (1420 -264 -6.100010 ) (1480 -264 -6.100010 ) (1480 -268 -6.100010 ) 
4 28 29 (1420 -264 89.900009 ) (1420 -264 -2.100006 ) (1420 -336 -2.100006 ) (1420 -336 89.900009 ) 
4 29 30 (1348 -264 89.900009 ) (1348 -264 -2.100006 ) (1348 -336 -2.100006 ) (1348 -336 89.900009 ) 
4 30 41 (1288 -336 -6.100010 ) (1288 -336 89.900009 ) (1288 -264 89.900009 ) (1288 -264 -6.100010 ) 
4 30 36 (1348 -336 -6.100010 ) (1288 -336 -6.100010 ) (1288 -268 -6.100010 ) (1348 -268 -6.100010 ) 
4 30 33 (1288 -268 -6.100010 ) (1288 -264 -6.100010 ) (1348 -264 -6.100010 ) (1348 -268 -6.100010 ) 
4 31 38 (1744 -264 -114.100006 ) (1744 -268 -114.100006 ) (1420 -268 -114.100006 ) (1420 -264 -114.100006 ) 
4 31 37 (1420 0 -114.100006 ) (1744 0 -114.100006 ) (1744 -264 -114.100006 ) (1420 -264 -114.100006 ) 
4 31 34 (1420 -268 -114.100006 ) (1744 -268 -114.100006 ) (1744 -268 -6.100010 ) (1420 -268 -6.100010 ) 
4 31 32 (1420 0 -114.100006 ) (1420 -264 -114.100006 ) (1420 -264 -6.100010 ) (1420 0 -6.100010 ) 
4 32 41 (1288 -264 -6.100010 ) (1288 0 -6.100010 ) (1288 0 -114.100006 ) (1288 -264 -114.100006 ) 
4 32 37 (1288 -264 -114.100006 ) (1288 0 -114.100006 ) (1420 0 -114.100006 ) (1420 -264 -114.100006 ) 
4 32 33 (1288 -264 -114.100006 ) (1348 -264 -114.100006 ) (1348 -264 -6.100010 ) (1288 -264 -6.100010 ) 
4 33 41 (1288 -268 -6.100010 ) (1288 -264 -6.100010 ) (1288 -264 -114.100006 ) (1288 -268 -114.100006 ) 
4 33 39 (1288 -268 -114.100006 ) (1288 -264 -114.100006 ) (1348 -264 -114.100006 ) (1348 -268 -114.100006 ) 
4 33 36 (1288 -268 -114.100006 ) (1348 -268 -114.100006 ) (1348 -268 -6.100010 ) (1288 -268 -6.100010 ) 
4 34 38 (1744 -336 -114.100006 ) (1420 -336 -114.100006 ) (1420 -268 -114.100006 ) (1744 -268 -114.100006 ) 
4 36 41 (1288 -336 -114.100006 ) (1288 -336 -6.100010 ) (1288 -268 -6.100010 ) (1288 -268 -114.100006 ) 
4 36 39 (1348 -336 -114.100006 ) (1288 -336 -114.100006 ) (1288 -268 -114.100006 ) (1348 -268 -114.100006 ) 
4 37 41 (1288 -264 -114.100006 ) (1288 0 -114.100006 ) (1288 0 -118.100006 ) (1288 -264 -118.100006 ) 
4 37 40 (1288 -264 -118.100006 ) (1288 0 -118.100006 ) (1744 0 -118.100006 ) (1744 -264 -118.100006 ) 
4 37 39 (1288 -264 -118.100006 ) (1348 -264 -118.100006 ) (1348 -264 -114.100006 ) (1288 -264 -114.100006 ) 
4 37 38 (1420 -264 -118.100006 ) (1744 -264 -118.100006 ) (1744 -264 -114.100006 ) (1420 -264 -114.100006 ) 
4 38 40 (1420 -264 -118.100006 ) (1744 -264 -118.100006 ) (1744 -336 -118.100006 ) (1420 -336 -118.100006 ) 
4 39 41 (1288 -336 -118.100006 ) (1288 -336 -114.100006 ) (1288 -264 -114.100006 ) (1288 -264 -118.100006 ) 
4 39 40 (1288 -336 -118.100006 ) (1288 -264 -118.100006 ) (1348 -264 -118.100006 ) (1348 -336 -118.100006 ) 
4 40 46 (1288 -336 -320.100037 ) (1288 -336 -132.100006 ) (1288 0 -132.100006 ) (1288 0 -320.100037 ) 
4 40 41 (1288 -336 -132.100006 ) (1288 -336 -118.100006 ) (1288 0 -118.100006 ) (1288 0 -132.100006 ) 
4 41 46 (1080 0 -132.100006 ) (1288 0 -132.100006 ) (1288 -336 -132.100006 ) (1080 -336 -132.100006 ) 
4 41 44 (1080 -184 -132.100006 ) (1080 -336 -132.100006 ) (1080 -336 447.899994 ) (1080 -184 447.899994 ) 
4 41 43 (1080 -16 -132.100006 ) (1080 -112 -132.100006 ) (1080 -112 447.899994 ) (1080 -16 447.899994 ) 
4 42 86 (1024 0 128 ) (1024 0 -132.100006 ) (1024 -16 -132.100006 ) (1024 -16 128 ) 
4 42 82 (1024 0 192 ) (1024 0 128 ) (1024 -16 128 ) (1024 -16 192 ) 
4 42 78 (1024 -16 447.899994 ) (1024 0 447.899994 ) (1024 0 192 ) (1024 -16 192 ) 
4 42 46 (1024 0 -132.100006 ) (1052.799927 0 -132.100006 ) (1048 -16 -132.100006 ) (1024 -16 -132.100006 ) 
4 42 43 (1024 -16 -132.100006 ) (1048 -16 -132.100006 ) (1048 -16 447.899994 ) (1024 -16 447.899994 ) 
4 43 86 (1024 -16 128 ) (1024 -16 -132.100006 ) (1024 -112 -132.100006 ) (1024 -112 128 ) 
4 43 82 (1024 -16 192 ) (1024 -16 128 ) (1024 -112 128 ) (1024 -112 192 ) 
4 43 78 (1024 -112 447.899994 ) (1024 -16 447.899994 ) (1024 -16 192 ) (1024 -112 192 ) 
4 43 46 (1080 -16 -132.100006 ) (1080 -112 -132.100006 ) (1024 -112 -132.100006 ) (1024 -16 -132.100006 ) 
4 43 45 (1035 -112 -132.100006 ) (1048 -112 -132.100006 ) (1048 -112 447.899994 ) (1035 -112 447.899994 ) 
4 43 44 (1024 -112 -132.100006 ) (1035 -112 -132.100006 ) (1035 -112 447.899994 ) (1024 -112 447.899994 ) 
4 44 86 (1024 -336 -132.100006 ) (1024 -336 128 ) (1024 -112 128 ) (1024 -112 -132.100006 ) 
4 44 85 (1024 -336 128 ) (1024 -336 192 ) (1024 -160 192 ) (1024 -160 128 ) 
4 44 84 (1024 -160 192 ) (1024 -128 192 ) (1024 -128 128 ) (1024 -160 128 ) 
4 44 82 (1024 -128 192 ) (1024 -112 192 ) (1024 -112 128 ) (1024 -128 128 ) 
4 44 81 (1024 -336 192 ) (1024 -336 447.899994 ) (1024 -160 447.899994 ) (1024 -160 192 ) 
4 44 78 (1024 -160 447.899994 ) (1024 -112 447.899994 ) (1024 -112 192 ) (1024 -160 192 ) 
5 44 46 (1080 -184 -132.100006 ) (1080 -336 -132.100006 ) (1024 -336 -132.100006 ) (1024 -112 -132.100006 ) (1035 -112 -132.100006 ) 
4 44 45 (1060 -152 -132.100006 ) (1035 -112 -132.100006 ) (1035 -112 447.899994 ) (1060 -152 447.899994 ) 
3 45 46 (1060 -152 -132.100006 ) (1035 -112 -132.100006 ) (1048 -112 -132.100006 ) 
4 46 86 (1024 -336 -320.100037 ) (1024 -336 -132.100006 ) (1024 0 -132.100006 ) (1024 0 -320.100037 ) 
4 47 53 (1024 128 -320.100037 ) (1024 128 64 ) (880 128 64 ) (880 128 -320.100037 ) 
4 47 52 (1024 128 64 ) (1024 128 192 ) (880 128 192 ) (880 128 64 ) 
4 47 48 (1024 128 192 ) (1024 128 447.899994 ) (880 128 447.899994 ) (880 128 192 ) 
4 48 55 (880 96 192 ) (1024 96 192 ) (1024 96 447.899994 ) (880 96 447.899994 ) 
4 48 52 (1024 96 192 ) (880 96 192 ) (880 128 192 ) (1024 128 192 ) 
4 49 68 (256 96 480 ) (512 96 480 ) (512 96 736 ) (256 96 736 ) 
4 49 67 (512 96 480 ) (544 96 480 ) (544 96 736 ) (512 96 736 ) 
4 50 71 (256 96 192 ) (320 96 192 ) (320 96 320 ) (256 96 320 ) 
4 51 74 (0 96 448 ) (0 96 320 ) (128 96 320 ) (128 96 448 ) 
4 52 55 (880 96 64 ) (1024 96 64 ) (1024 96 192 ) (880 96 192 ) 
4 52 53 (1024 96 64 ) (880 96 64 ) (880 128 64 ) (1024 128 64 ) 
4 53 55 (1024 96 -320.100037 ) (1024 96 64 ) (880 96 64 ) (880 96 -320.100037 ) 
4 54 75 (128 96 0 ) (128 96 64 ) (64 96 64 ) (64 96 0 ) 
4 55 86 (1024 0 -320.100037 ) (1024 0 128 ) (880 0 128 ) (880 0 -320.100037 ) 
4 55 82 (1024 0 128 ) (1024 0 192 ) (880 0 192 ) (880 0 128 ) 
4 55 78 (1024 0 192 ) (1024 0 447.899994 ) (880 0 447.899994 ) (880 0 192 ) 
4 55 56 (880 32 -64.099998 ) (880 0 -64.099998 ) (880 0 63.900005 ) (880 32 63.900005 ) 
4 56 87 (880 0 -64.099998 ) (880 0 63.900005 ) (864 0 63.900005 ) (864 0 -64.099998 ) 
4 56 58 (864 32 -64.099998 ) (864 0 -64.099998 ) (864 0 63.900005 ) (864 32 63.900005 ) 
4 57 89 (864 0 64 ) (864 0 126 ) (768 0 126 ) (768 0 64 ) 
4 57 88 (864 0 126 ) (864 0 128 ) (768 0 128 ) (768 0 126 ) 
4 57 58 (768 32 64 ) (864 32 64 ) (864 0 64 ) (768 0 64 ) 
4 58 90 (864 0 -64 ) (864 0 64 ) (736 0 64 ) (736 0 -64 ) 
4 59 79 (624 0 448 ) (576 0 448 ) (576 0 192 ) (624 0 192 ) 
4 59 60 (576 96 192 ) (576 0 192 ) (576 0 448 ) (576 96 448 ) 
4 60 80 (576 0 448 ) (544 0 448 ) (544 0 192 ) (576 0 192 ) 
4 60 71 (544 96 448 ) (544 96 192 ) (544 0 192 ) (544 0 448 ) 
4 61 93 (704 0 -64 ) (704 0 64 ) (687 0 64 ) (687 0 -64 ) 
4 61 62 (687 32 64 ) (687 32 -64 ) (687 0 -64 ) (687 0 64 ) 
4 62 94 (687 0 64 ) (686 0 64 ) (686 0 -64 ) (687 0 -64 ) 
4 62 63 (686 32 64 ) (686 32 -64 ) (686 0 -64 ) (686 0 64 ) 
4 63 96 (672 0 64 ) (608 0 64 ) (608 0 -64 ) (672 0 -64 ) 
4 63 95 (686 0 64 ) (672 0 64 ) (672 0 -64 ) (686 0 -64 ) 
4 63 65 (608 30 -64 ) (608 0 -64 ) (608 0 64 ) (608 30 64 ) 
4 63 64 (608 32 -64 ) (608 30 -64 ) (608 30 64 ) (608 32 64 ) 
4 64 66 (576 32 -64 ) (576 30 -64 ) (576 30 64 ) (576 32 64 ) 
4 64 65 (576 30 64 ) (576 30 -64 ) (608 30 -64 ) (608 30 64 ) 
4 65 99 (608 0 64 ) (576 0 64 ) (576 0 -64 ) (608 0 -64 ) 
4 65 66 (576 30 -64 ) (576 0 -64 ) (576 0 64 ) (576 30 64 ) 
4 66 103 (576 0 64 ) (544 0 64 ) (544 0 -64 ) (576 0 -64 ) 
4 66 72 (544 32 -64 ) (544 0 -64 ) (544 0 0 ) (544 32 0 ) 
4 66 71 (544 0 0 ) (544 0 64 ) (544 32 64 ) (544 32 0 ) 
4 67 107 (544 0 480 ) (544 0 736 ) (512 0 736 ) (512 0 480 ) 
4 67 68 (512 96 736 ) (512 96 480 ) (512 0 480 ) (512 0 736 ) 
4 68 108 (256 0 736 ) (256 0 480 ) (512 0 480 ) (512 0 736 ) 
4 68 70 (256 0 480 ) (256 96 480 ) (384 96 480 ) (384 0 480 ) 
4 68 69 (384 96 480 ) (512 96 480 ) (512 0 480 ) (384 0 480 ) 
4 69 121 (384 0 448 ) (512 0 448 ) (512 0 480 ) (384 0 480 ) 
4 69 71 (384 96 448 ) (512 96 448 ) (512 0 448 ) (384 0 448 ) 
4 69 70 (384 96 448 ) (384 0 448 ) (384 0 480 ) (384 96 480 ) 
4 70 122 (256 0 480 ) (256 0 448 ) (384 0 448 ) (384 0 480 ) 
4 70 71 (256 0 448 ) (256 96 448 ) (384 96 448 ) (384 0 448 ) 
4 71 137 (544 0 0 ) (544 0 448 ) (256 0 448 ) (256 0 0 ) 
4 71 73 (256 96 448 ) (256 96 0 ) (256 0 0 ) (256 0 448 ) 
4 71 72 (256 0 0 ) (256 96 0 ) (544 96 0 ) (544 0 0 ) 
4 72 159 (544 0 -64 ) (544 0 0 ) (256 0 0 ) (256 0 -64 ) 
4 72 77 (256 96 0 ) (256 96 -64 ) (256 0 -64 ) (256 0 0 ) 
4 73 137 (256 0 0 ) (256 0 448 ) (128 0 448 ) (128 0 0 ) 
4 73 75 (128 96 0 ) (128 88 0 ) (128 88 320 ) (128 96 320 ) 
4 73 74 (128 88 320 ) (128 88 448 ) (128 96 448 ) (128 96 320 ) 
4 73 76 (128 88 0 ) (128 0 0 ) (128 0 448 ) (128 88 448 ) 
4 73 77 (128 96 0 ) (256 96 0 ) (256 0 0 ) (128 0 0 ) 
4 74 186 (0 88 448 ) (0 96 448 ) (0 96 320 ) (0 88 320 ) 
4 74 76 (128 88 320 ) (128 88 448 ) (0 88 448 ) (0 88 320 ) 
4 74 75 (128 88 320 ) (0 88 320 ) (0 96 320 ) (128 96 320 ) 
4 75 186 (0 96 320 ) (0 96 0 ) (0 88 0 ) (0 88 320 ) 
4 75 76 (0 88 0 ) (128 88 0 ) (128 88 320 ) (0 88 320 ) 
4 75 77 (0 96 0 ) (128 96 0 ) (128 88 0 ) (0 88 0 ) 
4 76 186 (0 0 0 ) (0 0 448 ) (0 88 448 ) (0 88 0 ) 
4 76 137 (128 0 448 ) (0 0 448 ) (0 0 0 ) (128 0 0 ) 
4 76 77 (128 88 0 ) (128 0 0 ) (0 0 0 ) (0 88 0 ) 
4 77 187 (0 0 -64 ) (0 0 0 ) (0 96 0 ) (0 96 -64 ) 
4 77 159 (256 0 -64 ) (256 0 0 ) (0 0 0 ) (0 0 -64 ) 
4 78 84 (1024 -128 192 ) (1024 -160 192 ) (880 -160 192 ) (880 -128 192 ) 
4 78 82 (880 0 192 ) (1024 0 192 ) (1024 -128 192 ) (880 -128 192 ) 
4 78 81 (880 -160 192 ) (1024 -160 192 ) (1024 -160 447.899994 ) (880 -160 447.899994 ) 
4 79 80 (576 0 192 ) (576 -160 192 ) (576 -160 448 ) (576 0 448 ) 
4 80 138 (544 -160 400 ) (544 -160 448 ) (544 -32 448 ) (544 -32 400 ) 
4 80 142 (544 -32 192 ) (544 -160 192 ) (544 -160 400 ) (544 -32 400 ) 
4 80 137 (544 0 448 ) (544 0 192 ) (544 -32 192 ) (544 -32 448 ) 
4 81 85 (880 -160 192 ) (1024 -160 192 ) (1024 -336 192 ) (880 -336 192 ) 
4 82 86 (880 0 128 ) (1024 0 128 ) (1024 -128 128 ) (880 -128 128 ) 
4 82 84 (880 -128 128 ) (1024 -128 128 ) (1024 -128 192 ) (880 -128 192 ) 
4 83 88 (768 0 128 ) (832 0 128 ) (832 -128 128 ) (768 -128 128 ) 
4 84 86 (880 -128 128 ) (1024 -128 128 ) (1024 -160 128 ) (880 -160 128 ) 
4 84 85 (880 -160 128 ) (1024 -160 128 ) (1024 -160 192 ) (880 -160 192 ) 
4 85 86 (880 -160 128 ) (1024 -160 128 ) (1024 -336 128 ) (880 -336 128 ) 
4 86 87 (880 0 63.900005 ) (880 0 -64.099998 ) (880 -160 -64.099998 ) (880 -160 63.900005 ) 
4 87 91 (864 -128 -64.099998 ) (864 -160 -64.099998 ) (864 -160 63.900005 ) (864 -128 63.900005 ) 
4 87 90 (864 0 63.900005 ) (864 0 -64.099998 ) (864 -128 -64.099998 ) (864 -128 63.900005 ) 
4 88 89 (864 -160 126 ) (768 -160 126 ) (768 0 126 ) (864 0 126 ) 
4 89 91 (864 -160 64 ) (768 -160 64 ) (768 -128 64 ) (864 -128 64 ) 
4 89 90 (768 -128 64 ) (768 0 64 ) (864 0 64 ) (864 -128 64 ) 
4 90 93 (704 -128 64 ) (704 0 64 ) (704 0 -64 ) (704 -128 -64 ) 
4 90 91 (736 -128 -64 ) (864 -128 -64 ) (864 -128 64 ) (736 -128 64 ) 
4 92 102 (576 -352 128 ) (576 -224 128 ) (576 -224 64 ) (576 -352 64 ) 
4 92 100 (576 -352 64 ) (576 -224 64 ) (608 -224 64 ) (608 -352 64 ) 
4 92 98 (608 -224 64 ) (672 -224 64 ) (672 -352 64 ) (608 -352 64 ) 
4 93 94 (687 0 -64 ) (687 -160 -64 ) (687 -160 64 ) (687 0 64 ) 
4 94 95 (686 0 -64 ) (686 -160 -64 ) (686 -160 64 ) (686 0 64 ) 
4 95 97 (672 -158 -64 ) (672 -160 -64 ) (672 -160 64 ) (672 -158 64 ) 
4 95 96 (672 0 -64 ) (672 -158 -64 ) (672 -158 64 ) (672 0 64 ) 
4 96 99 (608 0 -64 ) (608 -158 -64 ) (608 -158 64 ) (608 0 64 ) 
4 96 97 (608 -158 64 ) (608 -158 -64 ) (672 -158 -64 ) (672 -158 64 ) 
4 97 99 (608 -158 -64 ) (608 -160 -64 ) (608 -160 64 ) (608 -158 64 ) 
4 98 100 (608 -352 0 ) (608 -352 64 ) (608 -224 64 ) (608 -224 0 ) 
4 99 103 (576 0 64 ) (576 0 -64 ) (576 -160 -64 ) (576 -160 64 ) 
4 100 104 (576 -352 0 ) (576 -352 64 ) (576 -224 64 ) (576 -224 0 ) 
4 101 142 (544 -32 64 ) (544 -64 64 ) (544 -64 96 ) (544 -32 96 ) 
4 101 103 (544 -64 64 ) (544 -32 64 ) (547 -32 64 ) (547 -64 64 ) 
4 102 104 (576 -352 64 ) (552 -352 64 ) (552 -224 64 ) (576 -224 64 ) 
4 103 159 (544 0 0 ) (544 0 -64 ) (544 -160 -64 ) (544 -160 0 ) 
4 103 142 (544 -32 0 ) (544 -160 0 ) (544 -160 64 ) (544 -32 64 ) 
4 103 137 (544 0 64 ) (544 0 0 ) (544 -32 0 ) (544 -32 64 ) 
4 104 144 (544 -352 0 ) (544 -352 64 ) (544 -224 64 ) (544 -224 0 ) 
4 105 152 (544 -896 64 ) (544 -896 0 ) (544 -960 0 ) (544 -960 64 ) 
4 106 118 (16 -144 736 ) (16 -48 736 ) (112 -48 736 ) (112 -144 736 ) 
4 107 115 (512 -448 480 ) (544 -448 480 ) (544 -448 736 ) (512 -448 736 ) 
4 107 114 (512 -288 480 ) (512 -416 480 ) (512 -416 512 ) (512 -288 512 ) 
4 107 112 (512 -192 480 ) (512 -288 480 ) (512 -288 512 ) (512 -192 512 ) 
4 107 109 (512 -448 544 ) (512 -448 736 ) (512 -160 736 ) (512 -160 544 ) 
4 107 108 (512 0 480 ) (512 -160 480 ) (512 -160 736 ) (512 0 736 ) 
4 108 125 (384 -160 480 ) (256 -160 480 ) (256 -32 480 ) (384 -32 480 ) 
4 108 124 (512 -32 480 ) (512 -160 480 ) (384 -160 480 ) (384 -32 480 ) 
4 108 122 (256 0 480 ) (384 0 480 ) (384 -32 480 ) (256 -32 480 ) 
4 108 121 (384 0 480 ) (512 0 480 ) (512 -32 480 ) (384 -32 480 ) 
4 108 110 (256 -160 736 ) (256 -160 544 ) (384 -160 544 ) (384 -160 736 ) 
4 108 109 (512 -160 544 ) (512 -160 736 ) (384 -160 736 ) (384 -160 544 ) 
4 109 115 (512 -448 544 ) (512 -448 736 ) (384 -448 736 ) (384 -448 544 ) 
4 109 111 (384 -288 544 ) (384 -448 544 ) (384 -448 736 ) (384 -288 736 ) 
4 109 110 (384 -160 736 ) (384 -160 544 ) (384 -256 544 ) (384 -256 736 ) 
4 111 115 (256 -448 736 ) (256 -448 544 ) (384 -448 544 ) (384 -448 736 ) 
4 112 129 (512 -224 480 ) (512 -288 480 ) (448 -288 480 ) (448 -224 480 ) 
4 112 130 (448 -288 480 ) (384 -288 480 ) (384 -224 480 ) (448 -224 480 ) 
4 112 128 (448 -224 480 ) (384 -224 480 ) (384 -192 480 ) (448 -192 480 ) 
4 112 114 (512 -288 480 ) (512 -288 512 ) (384 -288 512 ) (384 -288 480 ) 
4 112 113 (384 -192 512 ) (384 -192 480 ) (384 -256 480 ) (384 -256 512 ) 
4 113 130 (320 -224 480 ) (384 -224 480 ) (384 -256 480 ) (320 -256 480 ) 
4 114 132 (384 -416 480 ) (256 -416 480 ) (256 -352 480 ) (384 -352 480 ) 
4 114 131 (320 -352 480 ) (256 -352 480 ) (256 -320 480 ) (320 -320 480 ) 
4 114 130 (448 -352 480 ) (320 -352 480 ) (320 -288 480 ) (448 -288 480 ) 
4 116 134 (256 -832 480 ) (256 -704 480 ) (512 -704 480 ) (512 -832 480 ) 
4 116 117 (256 -704 480 ) (256 -992 480 ) (256 -992 736 ) (256 -704 736 ) 
4 117 135 (256 -832 480 ) (256 -960 480 ) (224 -960 480 ) (224 -832 480 ) 
4 117 134 (256 -704 480 ) (256 -832 480 ) (224 -832 480 ) (224 -704 480 ) 
4 117 120 (224 -704 480 ) (224 -992 480 ) (224 -992 736 ) (224 -704 736 ) 
4 118 126 (112 -48 480 ) (112 -144 480 ) (16 -144 480 ) (16 -48 480 ) 
4 119 199 (0 -416 736 ) (0 -288 736 ) (0 -288 480 ) (0 -416 480 ) 
4 119 133 (0 -416 480 ) (0 -288 480 ) (96 -288 480 ) (96 -416 480 ) 
4 120 211 (0 -992 736 ) (0 -704 736 ) (0 -704 480 ) (0 -992 480 ) 
4 120 136 (0 -960 480 ) (0 -832 480 ) (128 -832 480 ) (128 -960 480 ) 
4 120 135 (128 -832 480 ) (224 -832 480 ) (224 -960 480 ) (128 -960 480 ) 
4 120 134 (0 -832 480 ) (0 -704 480 ) (224 -704 480 ) (224 -832 480 ) 
4 121 137 (384 0 448 ) (512 0 448 ) (512 -32 448 ) (384 -32 448 ) 
5 121 124 (384 -32 448 ) (448 -32 448 ) (512 -32 456 ) (512 -32 480 ) (384 -32 480 ) 
3 121 123 (448 -32 448 ) (512 -32 448 ) (512 -32 456 ) 
4 121 122 (384 0 448 ) (384 -32 448 ) (384 -32 480 ) (384 0 480 ) 
4 122 137 (256 -32 448 ) (256 0 448 ) (384 0 448 ) (384 -32 448 ) 
4 122 125 (256 -32 480 ) (256 -32 448 ) (384 -32 448 ) (384 -32 480 ) 
4 123 138 (512 -160 448 ) (448 -160 448 ) (448 -32 448 ) (512 -32 448 ) 
4 123 124 (512 -32 456 ) (448 -32 448 ) (448 -160 448 ) (512 -160 456 ) 
4 124 140 (448 -160 448 ) (384 -160 448 ) (384 -32 448 ) (448 -32 448 ) 
4 124 127 (384 -160 448 ) (448 -160 448 ) (448 -160 450 ) (384 -160 450 ) 
4 124 125 (384 -32 480 ) (384 -32 448 ) (384 -160 448 ) (384 -160 480 ) 
4 125 141 (384 -160 448 ) (256 -160 448 ) (256 -32 448 ) (384 -32 448 ) 
4 126 143 (16 -144 448 ) (16 -48 448 ) (112 -48 448 ) (112 -144 448 ) 
4 127 144 (384 -160 448 ) (448 -160 448 ) (448 -192 448 ) (384 -192 448 ) 
4 127 128 (384 -192 448 ) (448 -192 448 ) (448 -192 450 ) (384 -192 450 ) 
4 128 144 (384 -192 448 ) (448 -192 448 ) (448 -224 448 ) (384 -224 448 ) 
4 128 130 (384 -224 448 ) (448 -224 448 ) (448 -224 480 ) (384 -224 480 ) 
4 129 144 (512 -224 448 ) (512 -288 448 ) (448 -288 448 ) (448 -224 448 ) 
4 129 130 (448 -224 480 ) (448 -224 448 ) (448 -288 448 ) (448 -288 480 ) 
4 130 144 (448 -352 448 ) (320 -352 448 ) (320 -224 448 ) (448 -224 448 ) 
4 130 132 (320 -352 448 ) (384 -352 448 ) (384 -352 480 ) (320 -352 480 ) 
4 130 131 (320 -320 448 ) (320 -352 448 ) (320 -352 480 ) (320 -320 480 ) 
4 131 144 (320 -352 448 ) (256 -352 448 ) (256 -320 448 ) (320 -320 448 ) 
4 131 132 (256 -352 480 ) (256 -352 448 ) (320 -352 448 ) (320 -352 480 ) 
4 132 144 (384 -416 448 ) (256 -416 448 ) (256 -352 448 ) (384 -352 448 ) 
4 133 199 (0 -416 480 ) (0 -288 480 ) (0 -288 448 ) (0 -416 448 ) 
4 133 144 (0 -416 448 ) (0 -288 448 ) (96 -288 448 ) (96 -416 448 ) 
4 134 212 (0 -832 480 ) (0 -704 480 ) (0 -704 448 ) (0 -832 448 ) 
4 134 151 (0 -832 448 ) (0 -704 448 ) (512 -704 448 ) (512 -832 448 ) 
4 134 136 (0 -832 448 ) (128 -832 448 ) (128 -832 480 ) (0 -832 480 ) 
4 134 135 (128 -832 448 ) (256 -832 448 ) (256 -832 480 ) (128 -832 480 ) 
4 135 153 (128 -832 448 ) (256 -832 448 ) (256 -960 448 ) (128 -960 448 ) 
4 135 136 (128 -832 480 ) (128 -832 448 ) (128 -960 448 ) (128 -960 480 ) 
4 136 212 (0 -960 480 ) (0 -832 480 ) (0 -832 448 ) (0 -960 448 ) 
4 136 154 (0 -960 448 ) (0 -832 448 ) (128 -832 448 ) (128 -960 448 ) 
4 137 193 (0 -32 448 ) (0 0 448 ) (0 0 0 ) (0 -32 0 ) 
4 137 159 (544 0 0 ) (544 -32 0 ) (0 -32 0 ) (0 0 0 ) 
4 137 141 (384 -32 448 ) (256 -32 448 ) (256 -32 424 ) (384 -32 440 ) 
3 137 140 (448 -32 448 ) (384 -32 448 ) (384 -32 440 ) 
4 137 139 (384.003998 -32 440 ) (256 -32 424 ) (256 -32 400 ) (280.001953 -32 400 ) 
5 137 138 (544 -32 400 ) (544 -32 448 ) (448 -32 448 ) (384.003998 -32 440 ) (280.001953 -32 400 ) 
4 137 142 (256 -32 0 ) (544 -32 0 ) (544 -32 400 ) (256 -32 400 ) 
4 137 143 (0 -32 0 ) (256 -32 0 ) (256 -32 448 ) (0 -32 448 ) 
4 138 140 (448 -32 448 ) (384.004211 -32 440 ) (384.004822 -160 440 ) (447.998047 -160 448 ) 
5 138 144 (544 -160 400 ) (544 -160 448 ) (448 -160 448 ) (384.003998 -160 440 ) (280.001953 -160 400 ) 
4 138 142 (544 -160 400 ) (280.001923 -160 400 ) (280.001953 -32 400 ) (544 -32 400 ) 
4 138 139 (280.003601 -32 400 ) (280.003601 -160 400 ) (384.003906 -160 440 ) (384.003906 -32 440 ) 
4 139 141 (384.004211 -32 440 ) (256 -32 424 ) (256 -160 424 ) (384.004822 -160 440 ) 
4 139 143 (256 -32 424 ) (256 -32 400 ) (256 -160 400 ) (256 -160 424 ) 
4 139 144 (384.003998 -160 440 ) (256 -160 424 ) (256 -160 400 ) (280.001953 -160 400 ) 
4 139 142 (280.001923 -160 400 ) (256 -160 400 ) (256 -32 400 ) (280.001953 -32 400 ) 
3 140 144 (448 -160 448 ) (384 -160 448 ) (384 -160 440 ) 
4 140 141 (384 -32 448 ) (384 -32 440 ) (384 -160 440 ) (384 -160 448 ) 
4 141 143 (256 -32 448 ) (256 -32 424 ) (256 -160 424 ) (256 -160 448 ) 
4 141 144 (384 -160 448 ) (256 -160 448 ) (256 -160 424 ) (384 -160 440 ) 
4 142 159 (544 -32 0 ) (544 -160 0 ) (256 -160 0 ) (256 -32 0 ) 
4 142 143 (256 -32 400 ) (256 -32 0 ) (256 -160 0 ) (256 -160 400 ) 
4 142 144 (256 -160 0 ) (544 -160 0 ) (544 -160 400 ) (256 -160 400 ) 
4 143 193 (0 -160 448 ) (0 -32 448 ) (0 -32 0 ) (0 -160 0 ) 
4 143 159 (256 -160 0 ) (0 -160 0 ) (0 -32 0 ) (256 -32 0 ) 
4 143 144 (0 -160 0 ) (256 -160 0 ) (256 -160 448 ) (0 -160 448 ) 
4 144 200 (0 -416 448 ) (0 -288 448 ) (0 -288 0 ) (0 -416 0 ) 
4 144 193 (0 -288 448 ) (0 -160 448 ) (0 -160 0 ) (0 -288 0 ) 
4 144 162 (64 -416 0 ) (0 -416 0 ) (0 -288 0 ) (64 -288 0 ) 
4 144 161 (544 -288 0 ) (544 -416 0 ) (64 -416 0 ) (64 -288 0 ) 
4 144 159 (544 -160 0 ) (544 -288 0 ) (0 -288 0 ) (0 -160 0 ) 
4 144 148 (384 -416 128 ) (384 -416 448 ) (0 -416 448 ) (0 -416 128 ) 
4 144 150 (0 -416 0 ) (384 -416 0 ) (384 -416 128 ) (0 -416 128 ) 
4 144 145 (416 -416 0 ) (544 -416 0 ) (544 -416 448 ) (416 -416 448 ) 
4 144 147 (384 -416 0 ) (416 -416 0 ) (416 -416 448 ) (384 -416 448 ) 
4 145 147 (416 -416 448 ) (416 -416 0 ) (416 -426 0 ) (416 -426 448 ) 
4 145 146 (416 -426 448 ) (416 -426 0 ) (544 -426 0 ) (544 -426 448 ) 
4 146 151 (416 -438 0 ) (544 -438 0 ) (544 -438 448 ) (416 -438 448 ) 
4 146 147 (416 -426 0 ) (416 -438 0 ) (416 -438 448 ) (416 -426 448 ) 
4 147 151 (384 -438 0 ) (416 -438 0 ) (416 -438 448 ) (384 -438 448 ) 
4 147 149 (384 -426 128 ) (384 -438 128 ) (384 -438 448 ) (384 -426 448 ) 
4 147 148 (384 -416 448 ) (384 -416 128 ) (384 -426 128 ) (384 -426 448 ) 
4 147 150 (384 -416 128 ) (384 -416 0 ) (384 -438 0 ) (384 -438 128 ) 
4 148 203 (0 -426 448 ) (0 -416 448 ) (0 -416 128 ) (0 -426 128 ) 
4 148 150 (0 -416 128 ) (384 -416 128 ) (384 -426 128 ) (0 -426 128 ) 
4 148 149 (0 -426 128 ) (384 -426 128 ) (384 -426 448 ) (0 -426 448 ) 
4 149 204 (0 -438 448 ) (0 -426 448 ) (0 -426 128 ) (0 -438 128 ) 
4 149 151 (384 -438 128 ) (384 -438 448 ) (0 -438 448 ) (0 -438 128 ) 
4 149 150 (384 -426 128 ) (384 -438 128 ) (0 -438 128 ) (0 -426 128 ) 
4 150 206 (0 -416 128 ) (0 -416 0 ) (0 -438 0 ) (0 -438 128 ) 
4 150 151 (0 -438 0 ) (384 -438 0 ) (384 -438 128 ) (0 -438 128 ) 
4 151 220 (0 -448 128 ) (0 -448 0 ) (0 -832 0 ) (0 -832 128 ) 
4 151 217 (0 -576 128 ) (0 -832 128 ) (0 -832 256 ) (0 -576 256 ) 
4 151 216 (0 -448 256 ) (0 -448 128 ) (0 -576 128 ) (0 -576 256 ) 
4 151 214 (0 -448 384 ) (0 -448 256 ) (0 -832 256 ) (0 -832 384 ) 
4 151 213 (0 -832 448 ) (0 -448 448 ) (0 -448 384 ) (0 -832 384 ) 
4 151 205 (0 -448 448 ) (0 -438 448 ) (0 -438 128 ) (0 -448 128 ) 
4 151 206 (0 -438 128 ) (0 -438 0 ) (0 -448 0 ) (0 -448 128 ) 
4 151 181 (192 -576 0 ) (384 -576 0 ) (384 -640 0 ) (192 -640 0 ) 
4 151 174 (128 -576 0 ) (128 -512 0 ) (320 -512 0 ) (320 -576 0 ) 
4 151 173 (128 -512 0 ) (128 -448 0 ) (256 -448 0 ) (256 -512 0 ) 
4 151 156 (256 -832 376 ) (256 -832 424 ) (128 -832 424 ) (231.998932 -832 376 ) 
4 151 155 (128 -832 424 ) (0 -832 424 ) (0 -832 376 ) (231.998932 -832 376 ) 
4 151 157 (0 -832 0 ) (256 -832 0 ) (256 -832 376 ) (0 -832 376 ) 
4 151 154 (128 -832 448 ) (0 -832 448 ) (0 -832 424 ) (128 -832 424 ) 
4 151 153 (256 -832 424 ) (256 -832 448 ) (128 -832 448 ) (128 -832 424 ) 
4 151 152 (256 -832 0 ) (544 -832 0 ) (544 -832 448 ) (256 -832 448 ) 
4 152 156 (256 -832 424 ) (256 -832 376 ) (256 -960 376 ) (256 -960 424 ) 
4 152 157 (256 -832 376 ) (256 -832 0 ) (256 -960 0 ) (256 -960 376 ) 
4 152 153 (256 -832 448 ) (256 -832 424 ) (256 -960 424 ) (256 -960 448 ) 
4 152 158 (256 -960 0 ) (544 -960 0 ) (544 -960 448 ) (256 -960 448 ) 
4 153 156 (128 -832 424 ) (256 -832 424 ) (256 -960 424 ) (128 -960 424 ) 
4 153 158 (256 -960 424 ) (256 -960 448 ) (128 -960 448 ) (128 -960 424 ) 
4 153 154 (128 -832 448 ) (128 -832 424 ) (128 -960 424 ) (128 -960 448 ) 
4 154 213 (0 -960 448 ) (0 -832 448 ) (0 -832 424 ) (0 -960 424 ) 
4 154 155 (0 -832 424 ) (128 -832 424 ) (128 -960 424 ) (0 -960 424 ) 
4 154 158 (128 -960 448 ) (0 -960 448 ) (0 -960 424 ) (128 -960 424 ) 
4 155 214 (0 -832 384 ) (0 -832 376 ) (0 -960 376 ) (0 -960 384 ) 
4 155 213 (0 -832 424 ) (0 -832 384 ) (0 -960 384 ) (0 -960 424 ) 
4 155 157 (0 -832 376 ) (231.998932 -832 376 ) (231.998932 -960 376 ) (0 -960 376 ) 
4 155 158 (128 -960 424 ) (0 -960 424 ) (0 -960 376 ) (231.998932 -960 376 ) 
4 155 156 (127.996582 -832 424 ) (127.996582 -960 424 ) (231.996094 -960 376 ) (231.996094 -832 376 ) 
4 156 157 (231.998932 -832 376 ) (256 -832 376 ) (256 -960 376 ) (231.998932 -960 376 ) 
4 156 158 (256 -960 376 ) (256 -960 424 ) (128 -960 424 ) (231.998932 -960 376 ) 
4 157 220 (0 -832 128 ) (0 -832 0 ) (0 -960 0 ) (0 -960 128 ) 
4 157 218 (0 -832 256 ) (0 -832 128 ) (0 -960 128 ) (0 -960 256 ) 
4 157 214 (0 -832 376 ) (0 -832 256 ) (0 -960 256 ) (0 -960 376 ) 
4 157 158 (0 -960 0 ) (256 -960 0 ) (256 -960 376 ) (0 -960 376 ) 
4 158 242 (64 -1024 128 ) (0 -1024 128 ) (0 -1024 0 ) (64 -1024 0 ) 
4 158 241 (128 -1024 384 ) (0 -1024 384 ) (0 -1024 256 ) (128 -1024 256 ) 
4 158 220 (0 -1024 0 ) (0 -1024 128 ) (0 -960 128 ) (0 -960 0 ) 
4 158 219 (0 -1024 128 ) (0 -1024 448 ) (0 -960 448 ) (0 -960 128 ) 
4 159 194 (0 -288 -64 ) (0 -288 0 ) (0 0 0 ) (0 0 -64 ) 
4 159 162 (64 -288 0 ) (0 -288 0 ) (0 -288 -64 ) (64 -288 -64 ) 
4 159 161 (544 -288 -64 ) (544 -288 0 ) (64 -288 0 ) (64 -288 -64 ) 
4 159 160 (544 -288 -64 ) (128 -288 -64 ) (128 0 -64 ) (544 0 -64 ) 
4 161 168 (128 -416 -4 ) (128 -416 -64 ) (320 -416 -64 ) (320 -416 -4 ) 
4 161 167 (320 -416 0 ) (128 -416 0 ) (128 -416 -4 ) (320 -416 -4 ) 
4 161 162 (64 -288 0 ) (64 -288 -64 ) (64 -416 -64 ) (64 -416 0 ) 
4 162 202 (0 -416 -160 ) (0 -416 -64 ) (0 -288 -64 ) (0 -288 -160 ) 
4 162 201 (0 -416 -64 ) (0 -416 0 ) (0 -288 0 ) (0 -288 -64 ) 
4 162 171 (64 -416 -160 ) (64 -416 -64 ) (0 -416 -64 ) (0 -416 -160 ) 
4 163 164 (416 -424 -80 ) (448 -424 -80 ) (448 -424 -64 ) (416 -424 -64 ) 
4 164 172 (384 -448 -8 ) (384 -448 -80 ) (448 -448 -80 ) (448 -448 -8 ) 
4 164 166 (384 -448 -80 ) (384 -448 -64 ) (384 -424 -64 ) (384 -424 -80 ) 
4 164 165 (384 -448 -64 ) (384 -448 -8 ) (384 -424 -8 ) (384 -424 -64 ) 
4 165 175 (320 -448 -4 ) (320 -448 -64 ) (384 -448 -64 ) (384 -448 -4 ) 
4 165 169 (320 -424 -64 ) (320 -448 -64 ) (320 -448 -4 ) (320 -424 -4 ) 
4 165 168 (320 -420 -64 ) (320 -424 -64 ) (320 -424 -4 ) (320 -420 -4 ) 
4 165 166 (320 -448 -64 ) (320 -420 -64 ) (384 -420 -64 ) (384 -448 -64 ) 
4 166 175 (320 -448 -64 ) (320 -448 -80 ) (384 -448 -80 ) (384 -448 -64 ) 
4 166 170 (320 -416 -64 ) (320 -416 -80 ) (320 -448 -80 ) (320 -448 -64 ) 
4 167 168 (128 -420.004028 -4 ) (128 -416 -4 ) (320 -416 -4 ) (320 -420 -4 ) 
4 168 170 (128 -424 -64 ) (128 -416 -64 ) (320 -416 -64 ) (320 -424 -64 ) 
4 168 169 (128 -424 -64 ) (320 -424 -64 ) (320 -424 -4 ) (128 -424 -4 ) 
4 169 177 (128 -448 -8 ) (128 -448 -64 ) (256 -448 -64 ) (256 -448 -8 ) 
4 169 176 (128 -448 -4 ) (128 -448 -8 ) (256 -448 -8 ) (256 -448 -4 ) 
4 169 175 (256 -448 -64 ) (320 -448 -64 ) (320 -448 -4 ) (256 -448 -4 ) 
4 169 170 (128 -448 -64 ) (128 -424 -64 ) (320 -424 -64 ) (320 -448 -64 ) 
4 170 177 (128 -448 -64 ) (128 -448 -80 ) (256 -448 -80 ) (256 -448 -64 ) 
4 170 175 (256 -448 -80 ) (320 -448 -80 ) (320 -448 -64 ) (256 -448 -64 ) 
4 171 207 (0 -448 -160 ) (0 -448 -64 ) (0 -416 -64 ) (0 -416 -160 ) 
4 172 183 (384 -576 -80 ) (384 -640 -80 ) (384 -640 -8 ) (384 -576 -8 ) 
4 172 185 (384 -640 -80 ) (384 -704 -80 ) (384 -704 -8 ) (384 -640 -8 ) 
4 172 178 (384 -512 -80 ) (384 -576 -80 ) (384 -576 -8 ) (384 -512 -8 ) 
4 172 175 (384 -448 -8 ) (384 -448 -80 ) (384 -512 -80 ) (384 -512 -8 ) 
4 173 176 (128 -512 -4 ) (128 -448 -4 ) (256 -448 -4 ) (256 -512 -4 ) 
4 173 174 (128 -512 0 ) (128 -512 -4 ) (256 -512 -4 ) (256 -512 0 ) 
4 174 181 (192 -576 -4 ) (320 -576 -4 ) (320 -576 0 ) (192 -576 0 ) 
4 174 179 (320 -576 -4 ) (128 -576 -4 ) (128 -512 -4 ) (320 -512 -4 ) 
4 175 180 (256 -512 -80 ) (320 -512 -80 ) (320 -512 -8 ) (256 -512 -8 ) 
4 175 179 (320 -512 -8 ) (320 -512 -4 ) (256 -512 -4 ) (256 -512 -8 ) 
4 175 178 (320 -512 -80 ) (384 -512 -80 ) (384 -512 -4 ) (320 -512 -4 ) 
4 175 177 (256 -448 -80 ) (256 -512 -80 ) (256 -512 -8 ) (256 -448 -8 ) 
4 175 176 (256 -512 -8 ) (256 -512 -4 ) (256 -448 -4 ) (256 -448 -8 ) 
4 176 179 (256 -512 -8 ) (256 -512 -4 ) (128 -512 -4 ) (128 -512 -8 ) 
4 176 177 (256 -448 -8 ) (256 -512 -8 ) (128 -512 -8 ) (128 -448 -8 ) 
4 177 180 (128 -512 -80 ) (256 -512 -80 ) (256 -512 -8 ) (128 -512 -8 ) 
4 178 183 (320 -576 -80 ) (384 -576 -80 ) (384 -576 -8 ) (320 -576 -8 ) 
4 178 182 (384 -576 -8 ) (384 -576 -4 ) (320 -576 -4 ) (320 -576 -8 ) 
4 178 180 (320 -512 -8 ) (320 -512 -80 ) (320 -576 -80 ) (320 -576 -8 ) 
4 178 179 (320 -512 -4 ) (320 -512 -8 ) (320 -576 -8 ) (320 -576 -4 ) 
4 179 182 (192 -576 -8 ) (320 -576 -8 ) (320 -576 -4 ) (192 -576 -4 ) 
4 179 184 (128 -576 -4 ) (128 -576 -8 ) (192 -576 -8 ) (192 -576 -4 ) 
4 179 180 (128 -512 -8 ) (320 -512 -8 ) (320 -576 -8 ) (128 -576 -8 ) 
4 180 183 (192 -576 -80 ) (320 -576 -80 ) (320 -576 -8 ) (192 -576 -8 ) 
4 180 184 (128 -576 -8 ) (128 -576 -80 ) (192 -576 -80 ) (192 -576 -8 ) 
4 181 182 (192 -576 -4 ) (384 -576 -4 ) (384 -640 -4 ) (192 -640 -4 ) 
4 182 184 (192 -640 -8 ) (192 -640 -4 ) (192 -576 -4 ) (192 -576 -8 ) 
4 182 185 (384 -640 -8 ) (384 -640 -4 ) (192 -640 -4 ) (192 -640 -8 ) 
4 182 183 (384 -640 -8 ) (192 -640 -8 ) (192 -576 -8 ) (384 -576 -8 ) 
4 183 184 (192 -640 -80 ) (192 -640 -8 ) (192 -576 -8 ) (192 -576 -80 ) 
4 183 185 (192 -640 -80 ) (384 -640 -80 ) (384 -640 -8 ) (192 -640 -8 ) 
4 184 185 (128 -640 -80 ) (192 -640 -80 ) (192 -640 -4 ) (128 -640 -4 ) 
4 186 193 (0 0 0 ) (0 0 448 ) (-128 0 448 ) (-128 0 0 ) 
4 186 188 (-128 0 0 ) (-128 0 64 ) (-128 32 64 ) (-128 32 0 ) 
4 186 187 (-128 0 0 ) (-128 96 0 ) (0 96 0 ) (0 0 0 ) 
4 187 194 (0 0 -64 ) (0 0 0 ) (-128 0 0 ) (-128 0 -64 ) 
4 187 188 (-128 0 -64 ) (-128 0 0 ) (-128 32 0 ) (-128 32 -64 ) 
4 189 223 (-768 0 64 ) (-768 0 -63.668900 ) (-640 0 -63.668900 ) (-640 0 64 ) 
4 189 222 (-640 0 192.330994 ) (-768 0 192.330994 ) (-768 0 64 ) (-640 0 64 ) 
4 189 191 (-768 32 -63.668900 ) (-640 32 -63.668900 ) (-640 0 -63.668900 ) (-768 0 -63.668900 ) 
4 190 223 (-992 0 64 ) (-992 0 -63.668900 ) (-832 0 -63.668900 ) (-832 0 64 ) 
4 190 222 (-832 0 192.330994 ) (-992 0 192.330994 ) (-992 0 64 ) (-832 0 64 ) 
4 190 192 (-992 32 -63.668900 ) (-832 32 -63.668900 ) (-832 0 -63.668900 ) (-992 0 -63.668900 ) 
4 192 224 (-960 0 -63.668900 ) (-992 0 -63.668900 ) (-992 0 -71.668861 ) (-960 0 -71.668861 ) 
4 193 200 (0 -288 0 ) (0 -288 448 ) (-128 -288 448 ) (-128 -288 0 ) 
4 193 198 (-128 -256 0 ) (-128 -288 0 ) (-128 -288 64 ) (-128 -256 64 ) 
4 193 197 (-128 -32 0 ) (-128 -224 0 ) (-128 -224 64 ) (-128 -32 64 ) 
4 193 196 (-128 -32 64 ) (-128 -224 64 ) (-128 -224 192 ) (-128 -32 192 ) 
4 193 195 (-128 -160 192 ) (-128 -224 192 ) (-128 -224 320 ) (-128 -160 320 ) 
4 193 194 (0 -288 0 ) (-128 -288 0 ) (-128 0 0 ) (0 0 0 ) 
4 194 201 (0 -288 -64 ) (0 -288 0 ) (-128 -288 0 ) (-128 -288 -64 ) 
4 194 198 (-128 -256 -64 ) (-128 -288 -64 ) (-128 -288 0 ) (-128 -256 0 ) 
4 194 197 (-128 -32 -64 ) (-128 -224 -64 ) (-128 -224 0 ) (-128 -32 0 ) 
4 195 196 (-128 -224 192 ) (-134 -224 192 ) (-132 -160 192 ) (-128 -160 192 ) 
4 196 225 (-160 -224 64 ) (-160 -224 192 ) (-160 -32 192 ) (-160 -32 64 ) 
4 196 197 (-128 -224 64 ) (-160 -224 64 ) (-160 -32 64 ) (-128 -32 64 ) 
4 197 226 (-160 -224 -64 ) (-160 -224 64 ) (-160 -32 64 ) (-160 -32 -64 ) 
4 199 208 (-128 -288 736 ) (-128 -288 448 ) (-128 -416 448 ) (-128 -416 736 ) 
4 199 200 (0 -416 448 ) (-128 -416 448 ) (-128 -288 448 ) (0 -288 448 ) 
4 200 209 (-128 -288 448 ) (-128 -288 192 ) (-128 -416 192 ) (-128 -416 448 ) 
4 200 203 (-128 -416 448 ) (-128 -416 128 ) (0 -416 128 ) (0 -416 448 ) 
4 200 206 (-128 -416 128 ) (-128 -416 0 ) (0 -416 0 ) (0 -416 128 ) 
4 200 201 (0 -416 0 ) (-128 -416 0 ) (-128 -288 0 ) (0 -288 0 ) 
4 201 202 (0 -416 -64 ) (-64 -416 -64 ) (-64 -288 -64 ) (0 -288 -64 ) 
4 202 207 (-64 -416 -160 ) (0 -416 -160 ) (0 -416 -64 ) (-64 -416 -64 ) 
4 203 206 (-128 -426 128 ) (-128 -416 128 ) (0 -416 128 ) (0 -426 128 ) 
4 203 204 (-128 -426 128 ) (0 -426 128 ) (0 -426 448 ) (-128 -426 448 ) 
4 204 205 (-128 -438 128 ) (0 -438 128 ) (0 -438 448 ) (-128 -438 448 ) 
4 204 206 (-128 -438 128 ) (-128 -426 128 ) (0 -426 128 ) (0 -438 128 ) 
4 205 216 (0 -448 128 ) (0 -448 256 ) (-128 -448 256 ) (-128 -448 128 ) 
4 205 214 (0 -448 256 ) (0 -448 384 ) (-128 -448 384 ) (-128 -448 256 ) 
4 205 213 (0 -448 384 ) (0 -448 448 ) (-128 -448 448 ) (-128 -448 384 ) 
4 205 206 (0 -448 128 ) (-128 -448 128 ) (-128 -438 128 ) (0 -438 128 ) 
4 206 220 (0 -448 0 ) (0 -448 128 ) (-128 -448 128 ) (-128 -448 0 ) 
4 206 210 (-128 -448 0 ) (-128 -448 128 ) (-128 -416 128 ) (-128 -416 0 ) 
4 208 209 (-128 -416 448 ) (-160 -416 448 ) (-160 -288 448 ) (-128 -288 448 ) 
4 211 212 (-128 -960 480 ) (-128 -704 480 ) (0 -704 480 ) (0 -960 480 ) 
4 212 213 (0 -704 448 ) (0 -960 448 ) (-128 -960 448 ) (-128 -704 448 ) 
4 213 219 (0 -960 384 ) (0 -960 448 ) (-128 -960 448 ) (-128 -960 384 ) 
4 213 214 (0 -960 384 ) (-128 -960 384 ) (-128 -448 384 ) (0 -448 384 ) 
4 214 219 (0 -960 256 ) (0 -960 384 ) (-128 -960 384 ) (-128 -960 256 ) 
4 214 218 (0 -960 256 ) (-128 -960 256 ) (-128 -832 256 ) (0 -832 256 ) 
4 214 217 (-128 -832 256 ) (-128 -576 256 ) (0 -576 256 ) (0 -832 256 ) 
4 214 216 (-128 -576 256 ) (-128 -448 256 ) (0 -448 256 ) (0 -576 256 ) 
4 214 215 (-128 -576 256 ) (-128 -832 256 ) (-128 -832 384 ) (-128 -576 384 ) 
4 215 238 (-160 -576 256 ) (-160 -832 256 ) (-160 -832 384 ) (-160 -576 384 ) 
4 216 220 (-128 -448 128 ) (0 -448 128 ) (0 -576 128 ) (-128 -576 128 ) 
4 216 217 (-128 -576 128 ) (0 -576 128 ) (0 -576 256 ) (-128 -576 256 ) 
4 217 220 (-128 -576 128 ) (0 -576 128 ) (0 -832 128 ) (-128 -832 128 ) 
4 217 218 (-128 -832 128 ) (0 -832 128 ) (0 -832 256 ) (-128 -832 256 ) 
4 218 220 (-128 -832 128 ) (0 -832 128 ) (0 -960 128 ) (-128 -960 128 ) 
4 218 219 (-128 -960 128 ) (0 -960 128 ) (0 -960 256 ) (-128 -960 256 ) 
4 219 243 (0 -1024 256 ) (0 -1024 384 ) (-128 -1024 384 ) (-128 -1024 256 ) 
4 219 220 (0 -1024 128 ) (-128 -1024 128 ) (-128 -960 128 ) (0 -960 128 ) 
4 220 244 (0 -1024 0 ) (0 -1024 128 ) (-64 -1024 128 ) (-64 -1024 0 ) 
4 221 226 (-255 -32 64 ) (-255 -32 -55 ) (-161 -32 -55 ) (-161 -32 64 ) 
4 221 225 (-161 -32 135 ) (-255 -32 135 ) (-255 -32 64 ) (-161 -32 64 ) 
4 222 236 (-992 -32 64 ) (-608 -32 64 ) (-608 -32 192.330994 ) (-992 -32 192.330994 ) 
4 222 223 (-608 -32 64 ) (-992 -32 64 ) (-992 0 64 ) (-608 0 64 ) 
4 223 236 (-992 -32 -63.668900 ) (-608 -32 -63.668900 ) (-608 -32 64 ) (-992 -32 64 ) 
4 223 224 (-960 -32 -63.668900 ) (-992 -32 -63.668900 ) (-992 0 -63.668900 ) (-960 0 -63.668900 ) 
4 224 237 (-960 -32 -71.668861 ) (-960 -32 -63.668900 ) (-992 -32 -63.668900 ) (-992 -32 -71.668861 ) 
4 225 226 (-160 -224 64 ) (-256 -224 64 ) (-256 -32 64 ) (-160 -32 64 ) 
4 226 227 (-337 -32 -64 ) (-337 -224 -64 ) (-337 -224 64 ) (-337 -32 64 ) 
4 227 228 (-338 -32 -64 ) (-338 -224 -64 ) (-338 -224 64 ) (-338 -32 64 ) 
4 228 229 (-352 -64 -64 ) (-352 -192 -64 ) (-352 -192 64 ) (-352 -64 64 ) 
4 229 231 (-416 -64 -64 ) (-416 -192 -64 ) (-416 -192 64 ) (-416 -64 64 ) 
4 230 236 (-512 -32 128 ) (-512 -32 -63.668900 ) (-512 -64 -63.668900 ) (-512 -64 128 ) 
4 230 232 (-512 -64 128 ) (-512 -64 -64 ) (-480 -64 -64 ) (-480 -64 128 ) 
4 230 231 (-480 -64 -64 ) (-416 -64 -64 ) (-416 -64 128 ) (-480 -64 128 ) 
4 231 233 (-416 -192 -64 ) (-416 -192 128 ) (-480 -192 128 ) (-480 -192 -64 ) 
4 231 232 (-480 -64 128 ) (-480 -64 -64 ) (-480 -192 -64 ) (-480 -192 128 ) 
4 232 236 (-512 -192 -63.668900 ) (-512 -192 128 ) (-512 -64 128 ) (-512 -64 -63.668900 ) 
4 232 233 (-512 -192 128 ) (-512 -192 -64 ) (-480 -192 -64 ) (-480 -192 128 ) 
4 233 236 (-512 -224 -63.668900 ) (-512 -224 128 ) (-512 -192 128 ) (-512 -192 -63.668900 ) 
4 234 236 (-736 -32 192.330994 ) (-672 -32 192.330994 ) (-672 -96 192.330994 ) (-736 -96 192.330994 ) 
4 235 236 (-928 -32 192.330994 ) (-864 -32 192.330994 ) (-864 -96 192.330994 ) (-928 -96 192.330994 ) 
4 236 239 (-544 -224 192.330994 ) (-960 -224 192.330994 ) (-960 -224 -63.668900 ) (-544 -224 -63.668900 ) 
4 236 237 (-992 -32 -63.668900 ) (-960 -32 -63.668900 ) (-960 -224 -63.668900 ) (-992 -224 -63.668900 ) 
4 239 240 (-800 -288 160.330994 ) (-800 -288 -31.668900 ) (-704 -288 -31.668900 ) (-704 -288 160.330994 ) 
4 241 243 (0 -1024 384 ) (0 -1024 256 ) (0 -1056 256 ) (0 -1056 384 ) 
4 242 244 (0 -1024 128 ) (0 -1024 0 ) (0 -1040 0 ) (0 -1040 128 ) 
4 246 250 (-5120 2512 198.313019 ) (-5120 2544 198.313019 ) (-5120 2544 70.313004 ) (-5120 2512 70.313004 ) 
4 247 251 (-5120 2304 198.313019 ) (-5120 2432 198.313019 ) (-5120 2432 70.313004 ) (-5120 2304 70.313004 ) 
4 248 252 (-5120 1664 1152 ) (-5120 1920 1152 ) (-5120 1920 1024 ) (-5120 1664 1024 ) 
